{
    "rows_returned": 100,
    "query_name": "WITH UserActivity AS (\n    SELECT \n        u.Id AS UserId, \n        u.DisplayName, \n        u.Reputation, \n        COUNT(DISTINCT p.Id) AS TotalPosts, \n        SUM(CASE WHEN p.PostTypeId = 2 THEN 1 ELSE 0 END) AS TotalAnswers,\n        SUM(CASE WHEN p.PostTypeId = 1 THEN 1 ELSE 0 END) AS TotalQuestions,\n        SUM(v.BountyAmount) AS TotalBounty,\n        SUM(CASE WHEN c.Id IS NOT NULL THEN 1 ELSE 0 END) AS TotalComments\n    FROM \n        Users u\n    LEFT JOIN \n        Posts p ON u.Id = p.OwnerUserId\n    LEFT JOIN \n        Votes v ON p.Id = v.PostId AND v.VoteTypeId IN (2, 3, 6, 12) \n    LEFT JOIN \n        Comments c ON p.Id = c.PostId\n    WHERE \n        u.Reputation > 1000 \n    GROUP BY \n        u.Id, u.DisplayName, u.Reputation\n),\nPostStats AS (\n    SELECT \n        p.PostTypeId,\n        COUNT(*) AS PostCount,\n        AVG(p.Score) AS AvgScore,\n        AVG(p.ViewCount) AS AvgViewCount\n    FROM \n        Posts p\n    WHERE \n        p.CreationDate >= cast('2024-10-01 12:34:56' as timestamp) - INTERVAL '1 year' \n    GROUP BY \n        p.PostTypeId\n),\nBadgeStats AS (\n    SELECT \n        b.UserId,\n        COUNT(b.Id) AS TotalBadges,\n        SUM(CASE WHEN b.Class = 1 THEN 1 ELSE 0 END) AS GoldBadges,\n        SUM(CASE WHEN b.Class = 2 THEN 1 ELSE 0 END) AS SilverBadges,\n        SUM(CASE WHEN b.Class = 3 THEN 1 ELSE 0 END) AS BronzeBadges\n    FROM \n        Badges b\n    GROUP BY \n        b.UserId\n),\nFinalStats AS (\n    SELECT \n        ua.UserId,\n        ua.DisplayName,\n        ua.TotalPosts,\n        ua.TotalAnswers,\n        ua.TotalQuestions,\n        ua.TotalBounty,\n        ua.TotalComments,\n        COALESCE(bs.TotalBadges, 0) AS TotalBadges,\n        COALESCE(bs.GoldBadges, 0) AS GoldBadges,\n        COALESCE(bs.SilverBadges, 0) AS SilverBadges,\n        COALESCE(bs.BronzeBadges, 0) AS BronzeBadges,\n        ps.PostCount,\n        ps.AvgScore,\n        ps.AvgViewCount\n    FROM \n        UserActivity ua\n    LEFT JOIN \n        BadgeStats bs ON ua.UserId = bs.UserId\n    LEFT JOIN \n        (SELECT PostTypeId, SUM(PostCount) AS PostCount, AVG(AvgScore) AS AvgScore, AVG(AvgViewCount) AS AvgViewCount FROM PostStats GROUP BY PostTypeId) ps ON true\n)\nSELECT \n    * \nFROM \n    FinalStats\nORDER BY \n    TotalPosts DESC, TotalAnswers DESC, TotalBounty DESC\nLIMIT 100;",
    "blocked_thread_time": 0.0,
    "cpu_time": 4.7669608589999966,
    "extra_info": {},
    "cumulative_cardinality": 151840918,
    "cumulative_rows_scanned": 31268581,
    "result_set_size": 18000,
    "latency": 5.915430651,
    "children": [
        {
            "operator_name": "STREAMING_LIMIT",
            "cpu_time": 4.7669608589999966,
            "extra_info": {},
            "cumulative_cardinality": 151840918,
            "operator_type": "STREAMING_LIMIT",
            "operator_cardinality": 100,
            "cumulative_rows_scanned": 31268581,
            "operator_rows_scanned": 0,
            "operator_timing": 0.000003507,
            "result_set_size": 18000,
            "children": [
                {
                    "operator_name": "ORDER_BY",
                    "cpu_time": 4.766957351999997,
                    "extra_info": {
                        "Order By": [
                            "FinalStats.TotalPosts DESC",
                            "FinalStats.TotalAnswers DESC",
                            "FinalStats.TotalBounty DESC"
                        ]
                    },
                    "cumulative_cardinality": 151840818,
                    "operator_type": "ORDER_BY",
                    "operator_cardinality": 4096,
                    "cumulative_rows_scanned": 31268581,
                    "operator_rows_scanned": 0,
                    "operator_timing": 0.005150335,
                    "result_set_size": 737280,
                    "children": [
                        {
                            "operator_name": "PROJECTION",
                            "cpu_time": 4.761807016999997,
                            "extra_info": {
                                "Projections": [
                                    "UserId",
                                    "displayname",
                                    "TotalPosts",
                                    "TotalAnswers",
                                    "TotalQuestions",
                                    "TotalBounty",
                                    "TotalComments",
                                    "TotalBadges",
                                    "GoldBadges",
                                    "SilverBadges",
                                    "BronzeBadges",
                                    "PostCount",
                                    "AvgScore",
                                    "AvgViewCount"
                                ],
                                "Estimated Cardinality": "1260710"
                            },
                            "cumulative_cardinality": 151836722,
                            "operator_type": "PROJECTION",
                            "operator_cardinality": 56075,
                            "cumulative_rows_scanned": 31268581,
                            "operator_rows_scanned": 0,
                            "operator_timing": 0.0014192949999999999,
                            "result_set_size": 10093500,
                            "children": [
                                {
                                    "operator_name": "BLOCKWISE_NL_JOIN",
                                    "cpu_time": 4.760387721999997,
                                    "extra_info": {
                                        "Join Type": "LEFT",
                                        "Condition": "true"
                                    },
                                    "cumulative_cardinality": 151780647,
                                    "operator_type": "BLOCKWISE_NL_JOIN",
                                    "operator_cardinality": 56075,
                                    "cumulative_rows_scanned": 31268581,
                                    "operator_rows_scanned": 0,
                                    "operator_timing": 0.000565283,
                                    "result_set_size": 10093500,
                                    "children": [
                                        {
                                            "operator_name": "HASH_JOIN",
                                            "cpu_time": 4.734846342999997,
                                            "extra_info": {
                                                "Join Type": "LEFT",
                                                "Conditions": "UserId = userid",
                                                "Estimated Cardinality": "1260710"
                                            },
                                            "cumulative_cardinality": 151287911,
                                            "operator_type": "HASH_JOIN",
                                            "operator_cardinality": 11215,
                                            "cumulative_rows_scanned": 27418465,
                                            "operator_rows_scanned": 0,
                                            "operator_timing": 0.028710890999999995,
                                            "result_set_size": 1659820,
                                            "children": [
                                                {
                                                    "operator_name": "PROJECTION",
                                                    "cpu_time": 4.499190356999997,
                                                    "extra_info": {
                                                        "Projections": [
                                                            "UserId",
                                                            "displayname",
                                                            "TotalPosts",
                                                            "TotalAnswers",
                                                            "TotalQuestions",
                                                            "TotalBounty",
                                                            "TotalComments"
                                                        ],
                                                        "Estimated Cardinality": "1260710"
                                                    },
                                                    "cumulative_cardinality": 146084227,
                                                    "operator_type": "PROJECTION",
                                                    "operator_cardinality": 11215,
                                                    "cumulative_rows_scanned": 25096741,
                                                    "operator_rows_scanned": 0,
                                                    "operator_timing": 0.000009589999999999998,
                                                    "result_set_size": 1031780,
                                                    "children": [
                                                        {
                                                            "operator_name": "HASH_GROUP_BY",
                                                            "cpu_time": 4.499180766999997,
                                                            "extra_info": {
                                                                "Groups": [
                                                                    "#0",
                                                                    "#1",
                                                                    "#2"
                                                                ],
                                                                "Aggregates": [
                                                                    "count(DISTINCT #3)",
                                                                    "sum(#4)",
                                                                    "sum(#5)",
                                                                    "sum(#6)",
                                                                    "sum(#7)"
                                                                ],
                                                                "Estimated Cardinality": "1260710"
                                                            },
                                                            "cumulative_cardinality": 146073012,
                                                            "operator_type": "HASH_GROUP_BY",
                                                            "operator_cardinality": 11215,
                                                            "cumulative_rows_scanned": 25096741,
                                                            "operator_rows_scanned": 0,
                                                            "operator_timing": 1.7390995449999984,
                                                            "result_set_size": 1076640,
                                                            "children": [
                                                                {
                                                                    "operator_name": "PROJECTION",
                                                                    "cpu_time": 2.7600812219999984,
                                                                    "extra_info": {
                                                                        "Projections": [
                                                                            "id",
                                                                            "displayname",
                                                                            "reputation",
                                                                            "id",
                                                                            "CASE  WHEN ((posttypeid = 2)) THEN (1) ELSE 0 END",
                                                                            "CASE  WHEN ((posttypeid = 1)) THEN (1) ELSE 0 END",
                                                                            "bountyamount",
                                                                            "CASE  WHEN ((id IS NOT NULL)) THEN (1) ELSE 0 END"
                                                                        ],
                                                                        "Estimated Cardinality": "7241822"
                                                                    },
                                                                    "cumulative_cardinality": 146061797,
                                                                    "operator_type": "PROJECTION",
                                                                    "operator_cardinality": 22346982,
                                                                    "cumulative_rows_scanned": 25096741,
                                                                    "operator_rows_scanned": 0,
                                                                    "operator_timing": 0.13092517900000003,
                                                                    "result_set_size": 983267208,
                                                                    "children": [
                                                                        {
                                                                            "operator_name": "PROJECTION",
                                                                            "cpu_time": 2.6291560429999983,
                                                                            "extra_info": {
                                                                                "Projections": [
                                                                                    "#0",
                                                                                    "#1",
                                                                                    "__internal_decompress_integral_smallint(#2, 1)",
                                                                                    "#3",
                                                                                    "#4",
                                                                                    "#5",
                                                                                    "__internal_decompress_integral_integer(#6, 0)"
                                                                                ],
                                                                                "Estimated Cardinality": "7241822"
                                                                            },
                                                                            "cumulative_cardinality": 123714815,
                                                                            "operator_type": "PROJECTION",
                                                                            "operator_cardinality": 22346982,
                                                                            "cumulative_rows_scanned": 25096741,
                                                                            "operator_rows_scanned": 0,
                                                                            "operator_timing": 0.014662763000000256,
                                                                            "result_set_size": 849185316,
                                                                            "children": [
                                                                                {
                                                                                    "operator_name": "HASH_JOIN",
                                                                                    "cpu_time": 2.614493279999998,
                                                                                    "extra_info": {
                                                                                        "Join Type": "RIGHT",
                                                                                        "Conditions": "postid = id",
                                                                                        "Estimated Cardinality": "7241822"
                                                                                    },
                                                                                    "cumulative_cardinality": 101367833,
                                                                                    "operator_type": "HASH_JOIN",
                                                                                    "operator_cardinality": 22346982,
                                                                                    "cumulative_rows_scanned": 25096741,
                                                                                    "operator_rows_scanned": 0,
                                                                                    "operator_timing": 1.1860629739999995,
                                                                                    "result_set_size": 782144370,
                                                                                    "children": [
                                                                                        {
                                                                                            "operator_name": "READ_PARQUET ",
                                                                                            "cpu_time": 0.14359337700000052,
                                                                                            "extra_info": {
                                                                                                "Function": "READ_PARQUET",
                                                                                                "Projections": [
                                                                                                    "id",
                                                                                                    "postid"
                                                                                                ],
                                                                                                "Estimated Cardinality": "7241822"
                                                                                            },
                                                                                            "cumulative_cardinality": 7241822,
                                                                                            "operator_type": "TABLE_SCAN",
                                                                                            "operator_cardinality": 7241822,
                                                                                            "cumulative_rows_scanned": 7241822,
                                                                                            "operator_rows_scanned": 7241822,
                                                                                            "operator_timing": 0.14359337700000052,
                                                                                            "result_set_size": 57934576,
                                                                                            "children": []
                                                                                        },
                                                                                        {
                                                                                            "operator_name": "PROJECTION",
                                                                                            "cpu_time": 1.284836928999998,
                                                                                            "extra_info": {
                                                                                                "Projections": [
                                                                                                    "#0",
                                                                                                    "__internal_compress_integral_utinyint(#1, 1)",
                                                                                                    "#2",
                                                                                                    "#3",
                                                                                                    "#4",
                                                                                                    "__internal_compress_integral_usmallint(#5, 0)"
                                                                                                ],
                                                                                                "Estimated Cardinality": "3850116"
                                                                                            },
                                                                                            "cumulative_cardinality": 71779029,
                                                                                            "operator_type": "PROJECTION",
                                                                                            "operator_cardinality": 6999501,
                                                                                            "cumulative_rows_scanned": 17854919,
                                                                                            "operator_rows_scanned": 0,
                                                                                            "operator_timing": 0.0073913019999999885,
                                                                                            "result_set_size": 216984531,
                                                                                            "children": [
                                                                                                {
                                                                                                    "operator_name": "PROJECTION",
                                                                                                    "cpu_time": 1.2774456269999979,
                                                                                                    "extra_info": {
                                                                                                        "Projections": [
                                                                                                            "#0",
                                                                                                            "#1",
                                                                                                            "#2",
                                                                                                            "#3",
                                                                                                            "#4",
                                                                                                            "__internal_decompress_integral_integer(#5, 0)"
                                                                                                        ],
                                                                                                        "Estimated Cardinality": "3850116"
                                                                                                    },
                                                                                                    "cumulative_cardinality": 64779528,
                                                                                                    "operator_type": "PROJECTION",
                                                                                                    "operator_cardinality": 6999501,
                                                                                                    "cumulative_rows_scanned": 17854919,
                                                                                                    "operator_rows_scanned": 0,
                                                                                                    "operator_timing": 0.008023204999999946,
                                                                                                    "result_set_size": 237983034,
                                                                                                    "children": [
                                                                                                        {
                                                                                                            "operator_name": "HASH_JOIN",
                                                                                                            "cpu_time": 1.2694224219999979,
                                                                                                            "extra_info": {
                                                                                                                "Join Type": "LEFT",
                                                                                                                "Conditions": "id = postid",
                                                                                                                "Estimated Cardinality": "3850116"
                                                                                                            },
                                                                                                            "cumulative_cardinality": 57780027,
                                                                                                            "operator_type": "HASH_JOIN",
                                                                                                            "operator_cardinality": 6999501,
                                                                                                            "cumulative_rows_scanned": 17854919,
                                                                                                            "operator_rows_scanned": 0,
                                                                                                            "operator_timing": 0.6739047939999994,
                                                                                                            "result_set_size": 223984032,
                                                                                                            "children": [
                                                                                                                {
                                                                                                                    "operator_name": "HASH_JOIN",
                                                                                                                    "cpu_time": 0.2539765219999994,
                                                                                                                    "extra_info": {
                                                                                                                        "Join Type": "RIGHT",
                                                                                                                        "Conditions": "owneruserid = id",
                                                                                                                        "Estimated Cardinality": "3850116"
                                                                                                                    },
                                                                                                                    "cumulative_cardinality": 6091074,
                                                                                                                    "operator_type": "HASH_JOIN",
                                                                                                                    "operator_cardinality": 2396486,
                                                                                                                    "cumulative_rows_scanned": 5110826,
                                                                                                                    "operator_rows_scanned": 0,
                                                                                                                    "operator_timing": 0.09737622199999965,
                                                                                                                    "result_set_size": 71894580,
                                                                                                                    "children": [
                                                                                                                        {
                                                                                                                            "operator_name": "READ_PARQUET ",
                                                                                                                            "cpu_time": 0.10189199699999983,
                                                                                                                            "extra_info": {
                                                                                                                                "Function": "READ_PARQUET",
                                                                                                                                "Projections": [
                                                                                                                                    "id",
                                                                                                                                    "posttypeid",
                                                                                                                                    "owneruserid"
                                                                                                                                ],
                                                                                                                                "Estimated Cardinality": "3850116"
                                                                                                                            },
                                                                                                                            "cumulative_cardinality": 3683373,
                                                                                                                            "operator_type": "TABLE_SCAN",
                                                                                                                            "operator_cardinality": 3683373,
                                                                                                                            "cumulative_rows_scanned": 3850116,
                                                                                                                            "operator_rows_scanned": 3850116,
                                                                                                                            "operator_timing": 0.10189199699999983,
                                                                                                                            "result_set_size": 36833730,
                                                                                                                            "children": []
                                                                                                                        },
                                                                                                                        {
                                                                                                                            "operator_name": "READ_PARQUET ",
                                                                                                                            "cpu_time": 0.054708302999999986,
                                                                                                                            "extra_info": {
                                                                                                                                "Function": "READ_PARQUET",
                                                                                                                                "Projections": [
                                                                                                                                    "id",
                                                                                                                                    "reputation",
                                                                                                                                    "displayname"
                                                                                                                                ],
                                                                                                                                "Filters": "reputation>1000",
                                                                                                                                "Estimated Cardinality": "252142"
                                                                                                                            },
                                                                                                                            "cumulative_cardinality": 11215,
                                                                                                                            "operator_type": "TABLE_SCAN",
                                                                                                                            "operator_cardinality": 11215,
                                                                                                                            "cumulative_rows_scanned": 1260710,
                                                                                                                            "operator_rows_scanned": 1260710,
                                                                                                                            "operator_timing": 0.054708302999999986,
                                                                                                                            "result_set_size": 269160,
                                                                                                                            "children": []
                                                                                                                        }
                                                                                                                    ]
                                                                                                                },
                                                                                                                {
                                                                                                                    "operator_name": "PROJECTION",
                                                                                                                    "cpu_time": 0.34154110599999915,
                                                                                                                    "extra_info": {
                                                                                                                        "Projections": [
                                                                                                                            "#0",
                                                                                                                            "__internal_compress_integral_usmallint(#1, 0)"
                                                                                                                        ],
                                                                                                                        "Estimated Cardinality": "2548818"
                                                                                                                    },
                                                                                                                    "cumulative_cardinality": 44689452,
                                                                                                                    "operator_type": "PROJECTION",
                                                                                                                    "operator_cardinality": 10648453,
                                                                                                                    "cumulative_rows_scanned": 12744093,
                                                                                                                    "operator_rows_scanned": 0,
                                                                                                                    "operator_timing": 0.0037822130000000217,
                                                                                                                    "result_set_size": 63890718,
                                                                                                                    "children": [
                                                                                                                        {
                                                                                                                            "operator_name": "PROJECTION",
                                                                                                                            "cpu_time": 0.3377588929999991,
                                                                                                                            "extra_info": {
                                                                                                                                "Projections": [
                                                                                                                                    "#0",
                                                                                                                                    "#2"
                                                                                                                                ],
                                                                                                                                "Estimated Cardinality": "2548818"
                                                                                                                            },
                                                                                                                            "cumulative_cardinality": 34040999,
                                                                                                                            "operator_type": "PROJECTION",
                                                                                                                            "operator_cardinality": 10648453,
                                                                                                                            "cumulative_rows_scanned": 12744093,
                                                                                                                            "operator_rows_scanned": 0,
                                                                                                                            "operator_timing": 0.0009003870000000002,
                                                                                                                            "result_set_size": 85187624,
                                                                                                                            "children": [
                                                                                                                                {
                                                                                                                                    "operator_name": "FILTER",
                                                                                                                                    "cpu_time": 0.3368585059999991,
                                                                                                                                    "extra_info": {
                                                                                                                                        "Expression": "((votetypeid = 2) OR (votetypeid = 3) OR (votetypeid = 6) OR (votetypeid = 12))",
                                                                                                                                        "Estimated Cardinality": "2548818"
                                                                                                                                    },
                                                                                                                                    "cumulative_cardinality": 23392546,
                                                                                                                                    "operator_type": "FILTER",
                                                                                                                                    "operator_cardinality": 10648453,
                                                                                                                                    "cumulative_rows_scanned": 12744093,
                                                                                                                                    "operator_rows_scanned": 0,
                                                                                                                                    "operator_timing": 0.13570594299999963,
                                                                                                                                    "result_set_size": 106484530,
                                                                                                                                    "children": [
                                                                                                                                        {
                                                                                                                                            "operator_name": "READ_PARQUET ",
                                                                                                                                            "cpu_time": 0.20115256299999948,
                                                                                                                                            "extra_info": {
                                                                                                                                                "Function": "READ_PARQUET",
                                                                                                                                                "Projections": [
                                                                                                                                                    "postid",
                                                                                                                                                    "votetypeid",
                                                                                                                                                    "bountyamount"
                                                                                                                                                ],
                                                                                                                                                "Filters": "optional: votetypeid IN (2, 3, 6, 12)",
                                                                                                                                                "Estimated Cardinality": "12744093"
                                                                                                                                            },
                                                                                                                                            "cumulative_cardinality": 12744093,
                                                                                                                                            "operator_type": "TABLE_SCAN",
                                                                                                                                            "operator_cardinality": 12744093,
                                                                                                                                            "cumulative_rows_scanned": 12744093,
                                                                                                                                            "operator_rows_scanned": 12744093,
                                                                                                                                            "operator_timing": 0.20115256299999948,
                                                                                                                                            "result_set_size": 127440930,
                                                                                                                                            "children": []
                                                                                                                                        }
                                                                                                                                    ]
                                                                                                                                }
                                                                                                                            ]
                                                                                                                        }
                                                                                                                    ]
                                                                                                                }
                                                                                                            ]
                                                                                                        }
                                                                                                    ]
                                                                                                }
                                                                                            ]
                                                                                        }
                                                                                    ]
                                                                                }
                                                                            ]
                                                                        }
                                                                    ]
                                                                }
                                                            ]
                                                        }
                                                    ]
                                                },
                                                {
                                                    "operator_name": "HASH_GROUP_BY",
                                                    "cpu_time": 0.206945095,
                                                    "extra_info": {
                                                        "Groups": "#0",
                                                        "Aggregates": [
                                                            "count_star()",
                                                            "sum(#1)",
                                                            "sum(#2)",
                                                            "sum(#3)"
                                                        ],
                                                        "Estimated Cardinality": "1160862"
                                                    },
                                                    "cumulative_cardinality": 5192469,
                                                    "operator_type": "HASH_GROUP_BY",
                                                    "operator_cardinality": 549021,
                                                    "cumulative_rows_scanned": 2321724,
                                                    "operator_rows_scanned": 0,
                                                    "operator_timing": 0.15947776700000005,
                                                    "result_set_size": 32941260,
                                                    "children": [
                                                        {
                                                            "operator_name": "PROJECTION",
                                                            "cpu_time": 0.04746732799999995,
                                                            "extra_info": {
                                                                "Projections": [
                                                                    "userid",
                                                                    "CASE  WHEN ((class = 1)) THEN (1) ELSE 0 END",
                                                                    "CASE  WHEN ((class = 2)) THEN (1) ELSE 0 END",
                                                                    "CASE  WHEN ((class = 3)) THEN (1) ELSE 0 END"
                                                                ],
                                                                "Estimated Cardinality": "2321724"
                                                            },
                                                            "cumulative_cardinality": 4643448,
                                                            "operator_type": "PROJECTION",
                                                            "operator_cardinality": 2321724,
                                                            "cumulative_rows_scanned": 2321724,
                                                            "operator_rows_scanned": 0,
                                                            "operator_timing": 0.01447429499999999,
                                                            "result_set_size": 37147584,
                                                            "children": [
                                                                {
                                                                    "operator_name": "READ_PARQUET ",
                                                                    "cpu_time": 0.032993032999999956,
                                                                    "extra_info": {
                                                                        "Function": "READ_PARQUET",
                                                                        "Projections": [
                                                                            "id",
                                                                            "userid",
                                                                            "class"
                                                                        ],
                                                                        "Estimated Cardinality": "2321724"
                                                                    },
                                                                    "cumulative_cardinality": 2321724,
                                                                    "operator_type": "TABLE_SCAN",
                                                                    "operator_cardinality": 2321724,
                                                                    "cumulative_rows_scanned": 2321724,
                                                                    "operator_rows_scanned": 2321724,
                                                                    "operator_timing": 0.032993032999999956,
                                                                    "result_set_size": 23217240,
                                                                    "children": []
                                                                }
                                                            ]
                                                        }
                                                    ]
                                                }
                                            ]
                                        },
                                        {
                                            "operator_name": "PROJECTION",
                                            "cpu_time": 0.024976096,
                                            "extra_info": {
                                                "Projections": [
                                                    "PostCount",
                                                    "AvgScore",
                                                    "AvgViewCount"
                                                ],
                                                "Estimated Cardinality": "192505"
                                            },
                                            "cumulative_cardinality": 436661,
                                            "operator_type": "PROJECTION",
                                            "operator_cardinality": 5,
                                            "cumulative_rows_scanned": 3850116,
                                            "operator_rows_scanned": 0,
                                            "operator_timing": 5.11e-7,
                                            "result_set_size": 160,
                                            "children": [
                                                {
                                                    "operator_name": "PROJECTION",
                                                    "cpu_time": 0.024975584999999998,
                                                    "extra_info": {
                                                        "Projections": [
                                                            "__internal_decompress_integral_smallint(#0, 1)",
                                                            "#1",
                                                            "#2",
                                                            "#3"
                                                        ],
                                                        "Estimated Cardinality": "192505"
                                                    },
                                                    "cumulative_cardinality": 436656,
                                                    "operator_type": "PROJECTION",
                                                    "operator_cardinality": 5,
                                                    "cumulative_rows_scanned": 3850116,
                                                    "operator_rows_scanned": 0,
                                                    "operator_timing": 6.1e-7,
                                                    "result_set_size": 170,
                                                    "children": [
                                                        {
                                                            "operator_name": "PERFECT_HASH_GROUP_BY",
                                                            "cpu_time": 0.024974974999999996,
                                                            "extra_info": {
                                                                "Groups": "#0",
                                                                "Aggregates": [
                                                                    "sum(#1)",
                                                                    "avg(#2)",
                                                                    "avg(#3)"
                                                                ]
                                                            },
                                                            "cumulative_cardinality": 436651,
                                                            "operator_type": "PERFECT_HASH_GROUP_BY",
                                                            "operator_cardinality": 5,
                                                            "cumulative_rows_scanned": 3850116,
                                                            "operator_rows_scanned": 0,
                                                            "operator_timing": 0.000009278,
                                                            "result_set_size": 165,
                                                            "children": [
                                                                {
                                                                    "operator_name": "PROJECTION",
                                                                    "cpu_time": 0.024965696999999995,
                                                                    "extra_info": {
                                                                        "Projections": [
                                                                            "posttypeid",
                                                                            "PostCount",
                                                                            "AvgScore",
                                                                            "AvgViewCount"
                                                                        ],
                                                                        "Estimated Cardinality": "385011"
                                                                    },
                                                                    "cumulative_cardinality": 436646,
                                                                    "operator_type": "PROJECTION",
                                                                    "operator_cardinality": 5,
                                                                    "cumulative_rows_scanned": 3850116,
                                                                    "operator_rows_scanned": 0,
                                                                    "operator_timing": 1.8e-7,
                                                                    "result_set_size": 125,
                                                                    "children": [
                                                                        {
                                                                            "operator_name": "PROJECTION",
                                                                            "cpu_time": 0.024965516999999996,
                                                                            "extra_info": {
                                                                                "Projections": [
                                                                                    "__internal_compress_integral_utinyint(#0, 1)",
                                                                                    "#1",
                                                                                    "#2",
                                                                                    "#3"
                                                                                ],
                                                                                "Estimated Cardinality": "385011"
                                                                            },
                                                                            "cumulative_cardinality": 436641,
                                                                            "operator_type": "PROJECTION",
                                                                            "operator_cardinality": 5,
                                                                            "cumulative_rows_scanned": 3850116,
                                                                            "operator_rows_scanned": 0,
                                                                            "operator_timing": 0.000001362,
                                                                            "result_set_size": 125,
                                                                            "children": [
                                                                                {
                                                                                    "operator_name": "PROJECTION",
                                                                                    "cpu_time": 0.024964154999999995,
                                                                                    "extra_info": {
                                                                                        "Projections": [
                                                                                            "__internal_decompress_integral_smallint(#0, 1)",
                                                                                            "#1",
                                                                                            "#2",
                                                                                            "#3"
                                                                                        ],
                                                                                        "Estimated Cardinality": "385011"
                                                                                    },
                                                                                    "cumulative_cardinality": 436636,
                                                                                    "operator_type": "PROJECTION",
                                                                                    "operator_cardinality": 5,
                                                                                    "cumulative_rows_scanned": 3850116,
                                                                                    "operator_rows_scanned": 0,
                                                                                    "operator_timing": 0.000003086,
                                                                                    "result_set_size": 130,
                                                                                    "children": [
                                                                                        {
                                                                                            "operator_name": "PERFECT_HASH_GROUP_BY",
                                                                                            "cpu_time": 0.024961068999999995,
                                                                                            "extra_info": {
                                                                                                "Groups": "#0",
                                                                                                "Aggregates": [
                                                                                                    "count_star()",
                                                                                                    "avg(#1)",
                                                                                                    "avg(#2)"
                                                                                                ]
                                                                                            },
                                                                                            "cumulative_cardinality": 436631,
                                                                                            "operator_type": "PERFECT_HASH_GROUP_BY",
                                                                                            "operator_cardinality": 5,
                                                                                            "cumulative_rows_scanned": 3850116,
                                                                                            "operator_rows_scanned": 0,
                                                                                            "operator_timing": 0.0018881020000000002,
                                                                                            "result_set_size": 125,
                                                                                            "children": [
                                                                                                {
                                                                                                    "operator_name": "PROJECTION",
                                                                                                    "cpu_time": 0.023072966999999996,
                                                                                                    "extra_info": {
                                                                                                        "Projections": [
                                                                                                            "posttypeid",
                                                                                                            "score",
                                                                                                            "viewcount"
                                                                                                        ],
                                                                                                        "Estimated Cardinality": "770023"
                                                                                                    },
                                                                                                    "cumulative_cardinality": 436626,
                                                                                                    "operator_type": "PROJECTION",
                                                                                                    "operator_cardinality": 145542,
                                                                                                    "cumulative_rows_scanned": 3850116,
                                                                                                    "operator_rows_scanned": 0,
                                                                                                    "operator_timing": 0.00001146800000000001,
                                                                                                    "result_set_size": 1309878,
                                                                                                    "children": [
                                                                                                        {
                                                                                                            "operator_name": "PROJECTION",
                                                                                                            "cpu_time": 0.023061498999999996,
                                                                                                            "extra_info": {
                                                                                                                "Projections": [
                                                                                                                    "__internal_compress_integral_utinyint(#0, 1)",
                                                                                                                    "#1",
                                                                                                                    "#2"
                                                                                                                ],
                                                                                                                "Estimated Cardinality": "770023"
                                                                                                            },
                                                                                                            "cumulative_cardinality": 291084,
                                                                                                            "operator_type": "PROJECTION",
                                                                                                            "operator_cardinality": 145542,
                                                                                                            "cumulative_rows_scanned": 3850116,
                                                                                                            "operator_rows_scanned": 0,
                                                                                                            "operator_timing": 0.00004902899999999999,
                                                                                                            "result_set_size": 1309878,
                                                                                                            "children": [
                                                                                                                {
                                                                                                                    "operator_name": "READ_PARQUET ",
                                                                                                                    "cpu_time": 0.023012469999999997,
                                                                                                                    "extra_info": {
                                                                                                                        "Function": "READ_PARQUET",
                                                                                                                        "Projections": [
                                                                                                                            "posttypeid",
                                                                                                                            "score",
                                                                                                                            "viewcount"
                                                                                                                        ],
                                                                                                                        "Filters": "creationdate>='2023-10-01 12:34:56'::TIMESTAMP",
                                                                                                                        "Estimated Cardinality": "770023"
                                                                                                                    },
                                                                                                                    "cumulative_cardinality": 145542,
                                                                                                                    "operator_type": "TABLE_SCAN",
                                                                                                                    "operator_cardinality": 145542,
                                                                                                                    "cumulative_rows_scanned": 3850116,
                                                                                                                    "operator_rows_scanned": 3850116,
                                                                                                                    "operator_timing": 0.023012469999999997,
                                                                                                                    "result_set_size": 1455420,
                                                                                                                    "children": []
                                                                                                                }
                                                                                                            ]
                                                                                                        }
                                                                                                    ]
                                                                                                }
                                                                                            ]
                                                                                        }
                                                                                    ]
                                                                                }
                                                                            ]
                                                                        }
                                                                    ]
                                                                }
                                                            ]
                                                        }
                                                    ]
                                                }
                                            ]
                                        }
                                    ]
                                }
                            ]
                        }
                    ]
                }
            ]
        }
    ]
}