{
    "rows_returned": 10,
    "query_name": "\nWITH UserStats AS (\n    SELECT \n        U.Id AS UserId,\n        U.DisplayName,\n        U.Reputation,\n        U.CreationDate,\n        COUNT(DISTINCT P.Id) AS TotalPosts,\n        COUNT(DISTINCT CASE WHEN P.PostTypeId = 1 THEN P.Id END) AS TotalQuestions,\n        COUNT(DISTINCT CASE WHEN P.PostTypeId = 2 THEN P.Id END) AS TotalAnswers,\n        SUM(CASE WHEN V.VoteTypeId = 2 THEN 1 ELSE 0 END) AS TotalUpVotes,\n        SUM(CASE WHEN V.VoteTypeId = 3 THEN 1 ELSE 0 END) AS TotalDownVotes\n    FROM \n        Users U\n    LEFT JOIN \n        Posts P ON U.Id = P.OwnerUserId\n    LEFT JOIN \n        Votes V ON P.Id = V.PostId\n    GROUP BY \n        U.Id, U.DisplayName, U.Reputation, U.CreationDate\n), BadgeStats AS (\n    SELECT \n        B.UserId,\n        COUNT(B.Id) AS TotalBadges,\n        SUM(CASE WHEN B.Class = 1 THEN 1 ELSE 0 END) AS GoldBadges,\n        SUM(CASE WHEN B.Class = 2 THEN 1 ELSE 0 END) AS SilverBadges,\n        SUM(CASE WHEN B.Class = 3 THEN 1 ELSE 0 END) AS BronzeBadges\n    FROM \n        Badges B\n    GROUP BY \n        B.UserId\n), CombinedStats AS (\n    SELECT \n        US.UserId,\n        US.DisplayName,\n        US.Reputation,\n        US.CreationDate,\n        US.TotalPosts,\n        US.TotalQuestions,\n        US.TotalAnswers,\n        US.TotalUpVotes,\n        US.TotalDownVotes,\n        COALESCE(BS.TotalBadges, 0) AS TotalBadges,\n        COALESCE(BS.GoldBadges, 0) AS GoldBadges,\n        COALESCE(BS.SilverBadges, 0) AS SilverBadges,\n        COALESCE(BS.BronzeBadges, 0) AS BronzeBadges\n    FROM \n        UserStats US\n    LEFT JOIN \n        BadgeStats BS ON US.UserId = BS.UserId\n)\nSELECT \n    UserId,\n    DisplayName,\n    Reputation,\n    CreationDate,\n    TotalPosts,\n    TotalQuestions,\n    TotalAnswers,\n    TotalUpVotes,\n    TotalDownVotes,\n    TotalBadges,\n    GoldBadges,\n    SilverBadges,\n    BronzeBadges\nFROM \n    CombinedStats\nWHERE \n    Reputation > 1000\nORDER BY \n    TotalPosts DESC, TotalUpVotes DESC\nFETCH FIRST 10 ROWS ONLY;\n",
    "blocked_thread_time": 0.0,
    "cpu_time": 3.8795321770000064,
    "extra_info": {},
    "cumulative_cardinality": 50003725,
    "cumulative_rows_scanned": 20176643,
    "result_set_size": 1440,
    "latency": 4.867442946,
    "children": [
        {
            "operator_name": "STREAMING_LIMIT",
            "cpu_time": 3.8795321770000064,
            "extra_info": {},
            "cumulative_cardinality": 50003725,
            "operator_type": "STREAMING_LIMIT",
            "operator_cardinality": 10,
            "cumulative_rows_scanned": 20176643,
            "operator_rows_scanned": 0,
            "operator_timing": 0.000002585,
            "result_set_size": 1440,
            "children": [
                {
                    "operator_name": "ORDER_BY",
                    "cpu_time": 3.8795295920000066,
                    "extra_info": {
                        "Order By": [
                            "CombinedStats.TotalPosts DESC",
                            "CombinedStats.TotalUpVotes DESC"
                        ]
                    },
                    "cumulative_cardinality": 50003715,
                    "operator_type": "ORDER_BY",
                    "operator_cardinality": 4096,
                    "cumulative_rows_scanned": 20176643,
                    "operator_rows_scanned": 0,
                    "operator_timing": 0.0009441760000000001,
                    "result_set_size": 589824,
                    "children": [
                        {
                            "operator_name": "PROJECTION",
                            "cpu_time": 3.8785854160000066,
                            "extra_info": {
                                "Projections": [
                                    "UserId",
                                    "displayname",
                                    "reputation",
                                    "creationdate",
                                    "TotalPosts",
                                    "TotalQuestions",
                                    "TotalAnswers",
                                    "TotalUpVotes",
                                    "TotalDownVotes",
                                    "TotalBadges",
                                    "GoldBadges",
                                    "SilverBadges",
                                    "BronzeBadges"
                                ],
                                "Estimated Cardinality": "1260710"
                            },
                            "cumulative_cardinality": 49999619,
                            "operator_type": "PROJECTION",
                            "operator_cardinality": 11215,
                            "cumulative_rows_scanned": 20176643,
                            "operator_rows_scanned": 0,
                            "operator_timing": 0.00038510799999999995,
                            "result_set_size": 1614960,
                            "children": [
                                {
                                    "operator_name": "HASH_JOIN",
                                    "cpu_time": 3.8782003080000065,
                                    "extra_info": {
                                        "Join Type": "LEFT",
                                        "Conditions": "UserId = userid",
                                        "Estimated Cardinality": "1260710"
                                    },
                                    "cumulative_cardinality": 49988404,
                                    "operator_type": "HASH_JOIN",
                                    "operator_cardinality": 11215,
                                    "cumulative_rows_scanned": 20176643,
                                    "operator_rows_scanned": 0,
                                    "operator_timing": 0.04181842800000001,
                                    "result_set_size": 1614960,
                                    "children": [
                                        {
                                            "operator_name": "HASH_GROUP_BY",
                                            "cpu_time": 3.476951644000007,
                                            "extra_info": {
                                                "Groups": [
                                                    "#0",
                                                    "#1",
                                                    "#2",
                                                    "#3"
                                                ],
                                                "Aggregates": [
                                                    "count(DISTINCT #4)",
                                                    "count(DISTINCT #5)",
                                                    "count(DISTINCT #6)",
                                                    "sum(#7)",
                                                    "sum(#8)"
                                                ],
                                                "Estimated Cardinality": "1260710"
                                            },
                                            "cumulative_cardinality": 44784720,
                                            "operator_type": "HASH_GROUP_BY",
                                            "operator_cardinality": 11215,
                                            "cumulative_rows_scanned": 17854919,
                                            "operator_rows_scanned": 0,
                                            "operator_timing": 1.895413791000005,
                                            "result_set_size": 986920,
                                            "children": [
                                                {
                                                    "operator_name": "PROJECTION",
                                                    "cpu_time": 1.5815378530000015,
                                                    "extra_info": {
                                                        "Projections": [
                                                            "id",
                                                            "displayname",
                                                            "reputation",
                                                            "creationdate",
                                                            "id",
                                                            "CASE  WHEN ((posttypeid = 1)) THEN (id) ELSE NULL END",
                                                            "CASE  WHEN ((posttypeid = 2)) THEN (id) ELSE NULL END",
                                                            "CASE  WHEN ((votetypeid = 2)) THEN (1) ELSE 0 END",
                                                            "CASE  WHEN ((votetypeid = 3)) THEN (1) ELSE 0 END"
                                                        ],
                                                        "Estimated Cardinality": "12744093"
                                                    },
                                                    "cumulative_cardinality": 44773505,
                                                    "operator_type": "PROJECTION",
                                                    "operator_cardinality": 7847284,
                                                    "cumulative_rows_scanned": 17854919,
                                                    "operator_rows_scanned": 0,
                                                    "operator_timing": 0.11890673100000053,
                                                    "result_set_size": 408058768,
                                                    "children": [
                                                        {
                                                            "operator_name": "PROJECTION",
                                                            "cpu_time": 1.462631122000001,
                                                            "extra_info": {
                                                                "Projections": [
                                                                    "#0",
                                                                    "#1",
                                                                    "__internal_decompress_integral_smallint(#2, 1)",
                                                                    "#3",
                                                                    "#4",
                                                                    "#5",
                                                                    "#6"
                                                                ],
                                                                "Estimated Cardinality": "12744093"
                                                            },
                                                            "cumulative_cardinality": 36926221,
                                                            "operator_type": "PROJECTION",
                                                            "operator_cardinality": 7847284,
                                                            "cumulative_rows_scanned": 17854919,
                                                            "operator_rows_scanned": 0,
                                                            "operator_timing": 0.00888197400000022,
                                                            "result_set_size": 313891360,
                                                            "children": [
                                                                {
                                                                    "operator_name": "HASH_JOIN",
                                                                    "cpu_time": 1.4537491480000009,
                                                                    "extra_info": {
                                                                        "Join Type": "RIGHT",
                                                                        "Conditions": "postid = id",
                                                                        "Estimated Cardinality": "12744093"
                                                                    },
                                                                    "cumulative_cardinality": 29078937,
                                                                    "operator_type": "HASH_JOIN",
                                                                    "operator_cardinality": 7847284,
                                                                    "cumulative_rows_scanned": 17854919,
                                                                    "operator_rows_scanned": 0,
                                                                    "operator_timing": 0.7896602490000001,
                                                                    "result_set_size": 306044076,
                                                                    "children": [
                                                                        {
                                                                            "operator_name": "READ_PARQUET ",
                                                                            "cpu_time": 0.22717867200000036,
                                                                            "extra_info": {
                                                                                "Function": "READ_PARQUET",
                                                                                "Projections": [
                                                                                    "postid",
                                                                                    "votetypeid"
                                                                                ],
                                                                                "Estimated Cardinality": "12744093"
                                                                            },
                                                                            "cumulative_cardinality": 12744093,
                                                                            "operator_type": "TABLE_SCAN",
                                                                            "operator_cardinality": 12744093,
                                                                            "cumulative_rows_scanned": 12744093,
                                                                            "operator_rows_scanned": 12744093,
                                                                            "operator_timing": 0.22717867200000036,
                                                                            "result_set_size": 76464558,
                                                                            "children": []
                                                                        },
                                                                        {
                                                                            "operator_name": "PROJECTION",
                                                                            "cpu_time": 0.4369102270000004,
                                                                            "extra_info": {
                                                                                "Projections": [
                                                                                    "#0",
                                                                                    "__internal_compress_integral_utinyint(#1, 1)",
                                                                                    "#2",
                                                                                    "#3",
                                                                                    "#4",
                                                                                    "#5"
                                                                                ],
                                                                                "Estimated Cardinality": "3850116"
                                                                            },
                                                                            "cumulative_cardinality": 8487560,
                                                                            "operator_type": "PROJECTION",
                                                                            "operator_cardinality": 2396486,
                                                                            "cumulative_rows_scanned": 5110826,
                                                                            "operator_rows_scanned": 0,
                                                                            "operator_timing": 0.0026069920000000003,
                                                                            "result_set_size": 88669982,
                                                                            "children": [
                                                                                {
                                                                                    "operator_name": "HASH_JOIN",
                                                                                    "cpu_time": 0.4343032350000004,
                                                                                    "extra_info": {
                                                                                        "Join Type": "RIGHT",
                                                                                        "Conditions": "owneruserid = id",
                                                                                        "Estimated Cardinality": "3850116"
                                                                                    },
                                                                                    "cumulative_cardinality": 6091074,
                                                                                    "operator_type": "HASH_JOIN",
                                                                                    "operator_cardinality": 2396486,
                                                                                    "cumulative_rows_scanned": 5110826,
                                                                                    "operator_rows_scanned": 0,
                                                                                    "operator_timing": 0.14748350400000004,
                                                                                    "result_set_size": 91066468,
                                                                                    "children": [
                                                                                        {
                                                                                            "operator_name": "READ_PARQUET ",
                                                                                            "cpu_time": 0.15969262200000028,
                                                                                            "extra_info": {
                                                                                                "Function": "READ_PARQUET",
                                                                                                "Projections": [
                                                                                                    "id",
                                                                                                    "posttypeid",
                                                                                                    "owneruserid"
                                                                                                ],
                                                                                                "Estimated Cardinality": "3850116"
                                                                                            },
                                                                                            "cumulative_cardinality": 3683373,
                                                                                            "operator_type": "TABLE_SCAN",
                                                                                            "operator_cardinality": 3683373,
                                                                                            "cumulative_rows_scanned": 3850116,
                                                                                            "operator_rows_scanned": 3850116,
                                                                                            "operator_timing": 0.15969262200000028,
                                                                                            "result_set_size": 36833730,
                                                                                            "children": []
                                                                                        },
                                                                                        {
                                                                                            "operator_name": "READ_PARQUET ",
                                                                                            "cpu_time": 0.12712710900000007,
                                                                                            "extra_info": {
                                                                                                "Function": "READ_PARQUET",
                                                                                                "Projections": [
                                                                                                    "id",
                                                                                                    "reputation",
                                                                                                    "creationdate",
                                                                                                    "displayname"
                                                                                                ],
                                                                                                "Filters": "reputation>1000",
                                                                                                "Estimated Cardinality": "252142"
                                                                                            },
                                                                                            "cumulative_cardinality": 11215,
                                                                                            "operator_type": "TABLE_SCAN",
                                                                                            "operator_cardinality": 11215,
                                                                                            "cumulative_rows_scanned": 1260710,
                                                                                            "operator_rows_scanned": 1260710,
                                                                                            "operator_timing": 0.12712710900000007,
                                                                                            "result_set_size": 358880,
                                                                                            "children": []
                                                                                        }
                                                                                    ]
                                                                                }
                                                                            ]
                                                                        }
                                                                    ]
                                                                }
                                                            ]
                                                        }
                                                    ]
                                                }
                                            ]
                                        },
                                        {
                                            "operator_name": "HASH_GROUP_BY",
                                            "cpu_time": 0.35943023599999985,
                                            "extra_info": {
                                                "Groups": "#0",
                                                "Aggregates": [
                                                    "count_star()",
                                                    "sum(#1)",
                                                    "sum(#2)",
                                                    "sum(#3)"
                                                ],
                                                "Estimated Cardinality": "1160862"
                                            },
                                            "cumulative_cardinality": 5192469,
                                            "operator_type": "HASH_GROUP_BY",
                                            "operator_cardinality": 549021,
                                            "cumulative_rows_scanned": 2321724,
                                            "operator_rows_scanned": 0,
                                            "operator_timing": 0.24896115999999976,
                                            "result_set_size": 32941260,
                                            "children": [
                                                {
                                                    "operator_name": "PROJECTION",
                                                    "cpu_time": 0.1104690760000001,
                                                    "extra_info": {
                                                        "Projections": [
                                                            "userid",
                                                            "CASE  WHEN ((class = 1)) THEN (1) ELSE 0 END",
                                                            "CASE  WHEN ((class = 2)) THEN (1) ELSE 0 END",
                                                            "CASE  WHEN ((class = 3)) THEN (1) ELSE 0 END"
                                                        ],
                                                        "Estimated Cardinality": "2321724"
                                                    },
                                                    "cumulative_cardinality": 4643448,
                                                    "operator_type": "PROJECTION",
                                                    "operator_cardinality": 2321724,
                                                    "cumulative_rows_scanned": 2321724,
                                                    "operator_rows_scanned": 0,
                                                    "operator_timing": 0.025372376000000016,
                                                    "result_set_size": 37147584,
                                                    "children": [
                                                        {
                                                            "operator_name": "READ_PARQUET ",
                                                            "cpu_time": 0.08509670000000008,
                                                            "extra_info": {
                                                                "Function": "READ_PARQUET",
                                                                "Projections": [
                                                                    "id",
                                                                    "userid",
                                                                    "class"
                                                                ],
                                                                "Estimated Cardinality": "2321724"
                                                            },
                                                            "cumulative_cardinality": 2321724,
                                                            "operator_type": "TABLE_SCAN",
                                                            "operator_cardinality": 2321724,
                                                            "cumulative_rows_scanned": 2321724,
                                                            "operator_rows_scanned": 2321724,
                                                            "operator_timing": 0.08509670000000008,
                                                            "result_set_size": 23217240,
                                                            "children": []
                                                        }
                                                    ]
                                                }
                                            ]
                                        }
                                    ]
                                }
                            ]
                        }
                    ]
                }
            ]
        }
    ]
}