{
    "rows_returned": 10,
    "query_name": "WITH UserBadgeCounts AS (\n    SELECT \n        u.Id AS UserId,\n        u.DisplayName,\n        COUNT(b.Id) AS BadgeCount\n    FROM \n        Users u\n    LEFT JOIN \n        Badges b ON u.Id = b.UserId\n    GROUP BY \n        u.Id, u.DisplayName\n),\nActivePostStats AS (\n    SELECT \n        p.OwnerUserId,\n        COUNT(p.Id) AS PostCount,\n        SUM(CASE WHEN p.PostTypeId = 1 THEN 1 ELSE 0 END) AS QuestionCount,\n        SUM(CASE WHEN p.PostTypeId = 2 THEN 1 ELSE 0 END) AS AnswerCount,\n        SUM(p.Score) AS TotalScore\n    FROM \n        Posts p\n    WHERE \n        p.CreationDate >= cast('2024-10-01 12:34:56' as timestamp) - INTERVAL '1 year'\n    GROUP BY \n        p.OwnerUserId\n),\nUserPerformance AS (\n    SELECT \n        u.Id AS UserId,\n        u.DisplayName,\n        u.Reputation,\n        COALESCE(ub.BadgeCount, 0) AS BadgeCount,\n        COALESCE(ps.PostCount, 0) AS PostCount,\n        COALESCE(ps.QuestionCount, 0) AS QuestionCount,\n        COALESCE(ps.AnswerCount, 0) AS AnswerCount,\n        COALESCE(ps.TotalScore, 0) AS TotalScore\n    FROM \n        Users u\n    LEFT JOIN \n        UserBadgeCounts ub ON u.Id = ub.UserId\n    LEFT JOIN \n        ActivePostStats ps ON u.Id = ps.OwnerUserId\n)\nSELECT \n    UserId,\n    DisplayName,\n    Reputation,\n    BadgeCount,\n    PostCount,\n    QuestionCount,\n    AnswerCount,\n    TotalScore\nFROM \n    UserPerformance\nWHERE \n    Reputation > 500\nORDER BY \n    TotalScore DESC, BadgeCount DESC\nLIMIT 10;",
    "blocked_thread_time": 0.0,
    "cpu_time": 0.7649059890000005,
    "extra_info": {},
    "cumulative_cardinality": 12583831,
    "cumulative_rows_scanned": 8693260,
    "result_set_size": 880,
    "latency": 0.805358881,
    "children": [
        {
            "operator_name": "STREAMING_LIMIT",
            "cpu_time": 0.7649059890000005,
            "extra_info": {},
            "cumulative_cardinality": 12583831,
            "operator_type": "STREAMING_LIMIT",
            "operator_cardinality": 10,
            "cumulative_rows_scanned": 8693260,
            "operator_rows_scanned": 0,
            "operator_timing": 0.000001994,
            "result_set_size": 880,
            "children": [
                {
                    "operator_name": "ORDER_BY",
                    "cpu_time": 0.7649039950000005,
                    "extra_info": {
                        "Order By": [
                            "UserPerformance.TotalScore DESC",
                            "UserPerformance.BadgeCount DESC"
                        ]
                    },
                    "cumulative_cardinality": 12583821,
                    "operator_type": "ORDER_BY",
                    "operator_cardinality": 4096,
                    "cumulative_rows_scanned": 8693260,
                    "operator_rows_scanned": 0,
                    "operator_timing": 0.0017315139999999995,
                    "result_set_size": 360448,
                    "children": [
                        {
                            "operator_name": "PROJECTION",
                            "cpu_time": 0.7631724810000005,
                            "extra_info": {
                                "Projections": [
                                    "UserId",
                                    "displayname",
                                    "reputation",
                                    "BadgeCount",
                                    "PostCount",
                                    "QuestionCount",
                                    "AnswerCount",
                                    "TotalScore"
                                ],
                                "Estimated Cardinality": "1260710"
                            },
                            "cumulative_cardinality": 12579725,
                            "operator_type": "PROJECTION",
                            "operator_cardinality": 21377,
                            "cumulative_rows_scanned": 8693260,
                            "operator_rows_scanned": 0,
                            "operator_timing": 0.0016966879999999998,
                            "result_set_size": 1881176,
                            "children": [
                                {
                                    "operator_name": "HASH_JOIN",
                                    "cpu_time": 0.7614757930000005,
                                    "extra_info": {
                                        "Join Type": "LEFT",
                                        "Conditions": "id = owneruserid",
                                        "Estimated Cardinality": "1260710"
                                    },
                                    "cumulative_cardinality": 12558348,
                                    "operator_type": "HASH_JOIN",
                                    "operator_cardinality": 21377,
                                    "cumulative_rows_scanned": 8693260,
                                    "operator_rows_scanned": 0,
                                    "operator_timing": 0.0033229500000000007,
                                    "result_set_size": 1881176,
                                    "children": [
                                        {
                                            "operator_name": "HASH_JOIN",
                                            "cpu_time": 0.7251174980000004,
                                            "extra_info": {
                                                "Join Type": "RIGHT",
                                                "Conditions": "UserId = id",
                                                "Estimated Cardinality": "1260710"
                                            },
                                            "cumulative_cardinality": 12213434,
                                            "operator_type": "HASH_JOIN",
                                            "operator_cardinality": 21377,
                                            "cumulative_rows_scanned": 4843144,
                                            "operator_rows_scanned": 0,
                                            "operator_timing": 0.018600748999999993,
                                            "result_set_size": 684064,
                                            "children": [
                                                {
                                                    "operator_name": "PROJECTION",
                                                    "cpu_time": 0.6527888380000004,
                                                    "extra_info": {
                                                        "Projections": [
                                                            "UserId",
                                                            "BadgeCount"
                                                        ],
                                                        "Estimated Cardinality": "1260710"
                                                    },
                                                    "cumulative_cardinality": 12170680,
                                                    "operator_type": "PROJECTION",
                                                    "operator_cardinality": 1260710,
                                                    "cumulative_rows_scanned": 3582434,
                                                    "operator_rows_scanned": 0,
                                                    "operator_timing": 0.00009295599999999982,
                                                    "result_set_size": 15128520,
                                                    "children": [
                                                        {
                                                            "operator_name": "HASH_GROUP_BY",
                                                            "cpu_time": 0.6526958820000004,
                                                            "extra_info": {
                                                                "Groups": [
                                                                    "#0",
                                                                    "#1"
                                                                ],
                                                                "Aggregates": "count(#2)",
                                                                "Estimated Cardinality": "1260710"
                                                            },
                                                            "cumulative_cardinality": 10909970,
                                                            "operator_type": "HASH_GROUP_BY",
                                                            "operator_cardinality": 1260710,
                                                            "cumulative_rows_scanned": 3582434,
                                                            "operator_rows_scanned": 0,
                                                            "operator_timing": 0.3124575100000002,
                                                            "result_set_size": 35299880,
                                                            "children": [
                                                                {
                                                                    "operator_name": "PROJECTION",
                                                                    "cpu_time": 0.3402383720000002,
                                                                    "extra_info": {
                                                                        "Projections": [
                                                                            "id",
                                                                            "displayname",
                                                                            "id"
                                                                        ],
                                                                        "Estimated Cardinality": "2321724"
                                                                    },
                                                                    "cumulative_cardinality": 9649260,
                                                                    "operator_type": "PROJECTION",
                                                                    "operator_cardinality": 3033413,
                                                                    "cumulative_rows_scanned": 3582434,
                                                                    "operator_rows_scanned": 0,
                                                                    "operator_timing": 0.0004779839999999978,
                                                                    "result_set_size": 72801912,
                                                                    "children": [
                                                                        {
                                                                            "operator_name": "HASH_JOIN",
                                                                            "cpu_time": 0.3397603880000002,
                                                                            "extra_info": {
                                                                                "Join Type": "RIGHT",
                                                                                "Conditions": "userid = id",
                                                                                "Estimated Cardinality": "2321724"
                                                                            },
                                                                            "cumulative_cardinality": 6615847,
                                                                            "operator_type": "HASH_JOIN",
                                                                            "operator_cardinality": 3033413,
                                                                            "cumulative_rows_scanned": 3582434,
                                                                            "operator_rows_scanned": 0,
                                                                            "operator_timing": 0.21553416700000022,
                                                                            "result_set_size": 72801912,
                                                                            "children": [
                                                                                {
                                                                                    "operator_name": "READ_PARQUET ",
                                                                                    "cpu_time": 0.046942922000000005,
                                                                                    "extra_info": {
                                                                                        "Function": "READ_PARQUET",
                                                                                        "Projections": [
                                                                                            "id",
                                                                                            "userid"
                                                                                        ],
                                                                                        "Estimated Cardinality": "2321724"
                                                                                    },
                                                                                    "cumulative_cardinality": 2321724,
                                                                                    "operator_type": "TABLE_SCAN",
                                                                                    "operator_cardinality": 2321724,
                                                                                    "cumulative_rows_scanned": 2321724,
                                                                                    "operator_rows_scanned": 2321724,
                                                                                    "operator_timing": 0.046942922000000005,
                                                                                    "result_set_size": 18573792,
                                                                                    "children": []
                                                                                },
                                                                                {
                                                                                    "operator_name": "READ_PARQUET ",
                                                                                    "cpu_time": 0.07728329899999999,
                                                                                    "extra_info": {
                                                                                        "Function": "READ_PARQUET",
                                                                                        "Projections": [
                                                                                            "id",
                                                                                            "displayname"
                                                                                        ],
                                                                                        "Estimated Cardinality": "1260710"
                                                                                    },
                                                                                    "cumulative_cardinality": 1260710,
                                                                                    "operator_type": "TABLE_SCAN",
                                                                                    "operator_cardinality": 1260710,
                                                                                    "cumulative_rows_scanned": 1260710,
                                                                                    "operator_rows_scanned": 1260710,
                                                                                    "operator_timing": 0.07728329899999999,
                                                                                    "result_set_size": 25214200,
                                                                                    "children": []
                                                                                }
                                                                            ]
                                                                        }
                                                                    ]
                                                                }
                                                            ]
                                                        }
                                                    ]
                                                },
                                                {
                                                    "operator_name": "READ_PARQUET ",
                                                    "cpu_time": 0.05372791099999995,
                                                    "extra_info": {
                                                        "Function": "READ_PARQUET",
                                                        "Projections": [
                                                            "id",
                                                            "reputation",
                                                            "displayname"
                                                        ],
                                                        "Filters": "reputation>500",
                                                        "Estimated Cardinality": "252142"
                                                    },
                                                    "cumulative_cardinality": 21377,
                                                    "operator_type": "TABLE_SCAN",
                                                    "operator_cardinality": 21377,
                                                    "cumulative_rows_scanned": 1260710,
                                                    "operator_rows_scanned": 1260710,
                                                    "operator_timing": 0.05372791099999995,
                                                    "result_set_size": 513048,
                                                    "children": []
                                                }
                                            ]
                                        },
                                        {
                                            "operator_name": "HASH_GROUP_BY",
                                            "cpu_time": 0.033035344999999994,
                                            "extra_info": {
                                                "Groups": "#0",
                                                "Aggregates": [
                                                    "count_star()",
                                                    "sum(#1)",
                                                    "sum(#2)",
                                                    "sum(#3)"
                                                ],
                                                "Estimated Cardinality": "385011"
                                            },
                                            "cumulative_cardinality": 323537,
                                            "operator_type": "HASH_GROUP_BY",
                                            "operator_cardinality": 32453,
                                            "cumulative_rows_scanned": 3850116,
                                            "operator_rows_scanned": 0,
                                            "operator_timing": 0.00565776,
                                            "result_set_size": 1947180,
                                            "children": [
                                                {
                                                    "operator_name": "PROJECTION",
                                                    "cpu_time": 0.027377584999999996,
                                                    "extra_info": {
                                                        "Projections": [
                                                            "owneruserid",
                                                            "CASE  WHEN ((posttypeid = 1)) THEN (1) ELSE 0 END",
                                                            "CASE  WHEN ((posttypeid = 2)) THEN (1) ELSE 0 END",
                                                            "score"
                                                        ],
                                                        "Estimated Cardinality": "770023"
                                                    },
                                                    "cumulative_cardinality": 291084,
                                                    "operator_type": "PROJECTION",
                                                    "operator_cardinality": 145542,
                                                    "cumulative_rows_scanned": 3850116,
                                                    "operator_rows_scanned": 0,
                                                    "operator_timing": 0.001880326,
                                                    "result_set_size": 2328672,
                                                    "children": [
                                                        {
                                                            "operator_name": "READ_PARQUET ",
                                                            "cpu_time": 0.025497258999999994,
                                                            "extra_info": {
                                                                "Function": "READ_PARQUET",
                                                                "Projections": [
                                                                    "id",
                                                                    "posttypeid",
                                                                    "score",
                                                                    "owneruserid"
                                                                ],
                                                                "Filters": "creationdate>='2023-10-01 12:34:56'::TIMESTAMP",
                                                                "Estimated Cardinality": "770023"
                                                            },
                                                            "cumulative_cardinality": 145542,
                                                            "operator_type": "TABLE_SCAN",
                                                            "operator_cardinality": 145542,
                                                            "cumulative_rows_scanned": 3850116,
                                                            "operator_rows_scanned": 3850116,
                                                            "operator_timing": 0.025497258999999994,
                                                            "result_set_size": 2037588,
                                                            "children": []
                                                        }
                                                    ]
                                                }
                                            ]
                                        }
                                    ]
                                }
                            ]
                        }
                    ]
                }
            ]
        }
    ]
}