{
    "rows_returned": 2171,
    "query_name": "WITH UserBadges AS (\n    SELECT \n        u.Id AS UserId, \n        COUNT(b.Id) AS BadgeCount\n    FROM Users u\n    LEFT JOIN Badges b ON u.Id = b.UserId\n    GROUP BY u.Id\n), \nPostStats AS (\n    SELECT \n        p.OwnerUserId,\n        COUNT(p.Id) AS PostCount, \n        SUM(p.Score) AS TotalScore, \n        SUM(CASE WHEN p.PostTypeId = 1 THEN 1 ELSE 0 END) AS QuestionCount,\n        SUM(CASE WHEN p.PostTypeId = 2 THEN 1 ELSE 0 END) AS AnswerCount,\n        SUM(p.ViewCount) AS TotalViews\n    FROM Posts p\n    WHERE p.CreationDate > cast('2024-10-01 12:34:56' as timestamp) - INTERVAL '1 year'\n    GROUP BY p.OwnerUserId\n),\nUserPostBadgeStats AS (\n    SELECT \n        u.Id AS UserId, \n        u.DisplayName, \n        COALESCE(ps.PostCount, 0) AS PostCount, \n        COALESCE(ps.TotalScore, 0) AS TotalScore, \n        COALESCE(ps.QuestionCount, 0) AS QuestionCount, \n        COALESCE(ps.AnswerCount, 0) AS AnswerCount, \n        COALESCE(ps.TotalViews, 0) AS TotalViews, \n        COALESCE(ub.BadgeCount, 0) AS BadgeCount\n    FROM Users u\n    LEFT JOIN PostStats ps ON u.Id = ps.OwnerUserId\n    LEFT JOIN UserBadges ub ON u.Id = ub.UserId\n)\nSELECT \n    DisplayName, \n    PostCount, \n    TotalScore, \n    QuestionCount, \n    AnswerCount, \n    TotalViews, \n    BadgeCount\nFROM UserPostBadgeStats\nWHERE PostCount > 10 \nORDER BY TotalScore DESC, BadgeCount DESC, PostCount DESC;",
    "blocked_thread_time": 0.0,
    "cpu_time": 0.5518343640000003,
    "extra_info": {},
    "cumulative_cardinality": 12490949,
    "cumulative_rows_scanned": 8693260,
    "result_set_size": 208416,
    "latency": 0.592187767,
    "children": [
        {
            "operator_name": "ORDER_BY",
            "cpu_time": 0.5518343640000003,
            "extra_info": {
                "Order By": [
                    "UserPostBadgeStats.TotalScore DESC",
                    "UserPostBadgeStats.BadgeCount DESC",
                    "UserPostBadgeStats.PostCount DESC"
                ]
            },
            "cumulative_cardinality": 12490949,
            "operator_type": "ORDER_BY",
            "operator_cardinality": 2171,
            "cumulative_rows_scanned": 8693260,
            "operator_rows_scanned": 0,
            "operator_timing": 0.00024922599999999996,
            "result_set_size": 208416,
            "children": [
                {
                    "operator_name": "PROJECTION",
                    "cpu_time": 0.5515851380000003,
                    "extra_info": {
                        "Projections": [
                            "displayname",
                            "PostCount",
                            "TotalScore",
                            "QuestionCount",
                            "AnswerCount",
                            "TotalViews",
                            "BadgeCount"
                        ],
                        "Estimated Cardinality": "1260710"
                    },
                    "cumulative_cardinality": 12488778,
                    "operator_type": "PROJECTION",
                    "operator_cardinality": 2171,
                    "cumulative_rows_scanned": 8693260,
                    "operator_rows_scanned": 0,
                    "operator_timing": 0.00044162400000000005,
                    "result_set_size": 208416,
                    "children": [
                        {
                            "operator_name": "HASH_JOIN",
                            "cpu_time": 0.5511435140000003,
                            "extra_info": {
                                "Join Type": "RIGHT",
                                "Conditions": "UserId = id",
                                "Estimated Cardinality": "1260710"
                            },
                            "cumulative_cardinality": 12486607,
                            "operator_type": "HASH_JOIN",
                            "operator_cardinality": 2171,
                            "cumulative_rows_scanned": 8693260,
                            "operator_rows_scanned": 0,
                            "operator_timing": 0.009575237,
                            "result_set_size": 208416,
                            "children": [
                                {
                                    "operator_name": "HASH_GROUP_BY",
                                    "cpu_time": 0.39270865500000035,
                                    "extra_info": {
                                        "Groups": "#0",
                                        "Aggregates": "count(#1)",
                                        "Estimated Cardinality": "1260710"
                                    },
                                    "cumulative_cardinality": 10909970,
                                    "operator_type": "HASH_GROUP_BY",
                                    "operator_cardinality": 1260710,
                                    "cumulative_rows_scanned": 3582434,
                                    "operator_rows_scanned": 0,
                                    "operator_timing": 0.16334310900000015,
                                    "result_set_size": 15128520,
                                    "children": [
                                        {
                                            "operator_name": "PROJECTION",
                                            "cpu_time": 0.2293655460000002,
                                            "extra_info": {
                                                "Projections": [
                                                    "id",
                                                    "id"
                                                ],
                                                "Estimated Cardinality": "2321724"
                                            },
                                            "cumulative_cardinality": 9649260,
                                            "operator_type": "PROJECTION",
                                            "operator_cardinality": 3033413,
                                            "cumulative_rows_scanned": 3582434,
                                            "operator_rows_scanned": 0,
                                            "operator_timing": 0.0003389079999999991,
                                            "result_set_size": 24267304,
                                            "children": [
                                                {
                                                    "operator_name": "HASH_JOIN",
                                                    "cpu_time": 0.2290266380000002,
                                                    "extra_info": {
                                                        "Join Type": "RIGHT",
                                                        "Conditions": "userid = id",
                                                        "Estimated Cardinality": "2321724"
                                                    },
                                                    "cumulative_cardinality": 6615847,
                                                    "operator_type": "HASH_JOIN",
                                                    "operator_cardinality": 3033413,
                                                    "cumulative_rows_scanned": 3582434,
                                                    "operator_rows_scanned": 0,
                                                    "operator_timing": 0.17578556100000006,
                                                    "result_set_size": 24267304,
                                                    "children": [
                                                        {
                                                            "operator_name": "READ_PARQUET ",
                                                            "cpu_time": 0.04671176900000012,
                                                            "extra_info": {
                                                                "Function": "READ_PARQUET",
                                                                "Projections": [
                                                                    "id",
                                                                    "userid"
                                                                ],
                                                                "Estimated Cardinality": "2321724"
                                                            },
                                                            "cumulative_cardinality": 2321724,
                                                            "operator_type": "TABLE_SCAN",
                                                            "operator_cardinality": 2321724,
                                                            "cumulative_rows_scanned": 2321724,
                                                            "operator_rows_scanned": 2321724,
                                                            "operator_timing": 0.04671176900000012,
                                                            "result_set_size": 18573792,
                                                            "children": []
                                                        },
                                                        {
                                                            "operator_name": "READ_PARQUET ",
                                                            "cpu_time": 0.006529308000000014,
                                                            "extra_info": {
                                                                "Function": "READ_PARQUET",
                                                                "Projections": "id",
                                                                "Estimated Cardinality": "1260710"
                                                            },
                                                            "cumulative_cardinality": 1260710,
                                                            "operator_type": "TABLE_SCAN",
                                                            "operator_cardinality": 1260710,
                                                            "cumulative_rows_scanned": 1260710,
                                                            "operator_rows_scanned": 1260710,
                                                            "operator_timing": 0.006529308000000014,
                                                            "result_set_size": 5042840,
                                                            "children": []
                                                        }
                                                    ]
                                                }
                                            ]
                                        }
                                    ]
                                },
                                {
                                    "operator_name": "HASH_JOIN",
                                    "cpu_time": 0.14885962199999994,
                                    "extra_info": {
                                        "Join Type": "INNER",
                                        "Conditions": "id = owneruserid",
                                        "Estimated Cardinality": "77002"
                                    },
                                    "cumulative_cardinality": 1574466,
                                    "operator_type": "HASH_JOIN",
                                    "operator_cardinality": 2171,
                                    "cumulative_rows_scanned": 5110826,
                                    "operator_rows_scanned": 0,
                                    "operator_timing": 0.011469568000000027,
                                    "result_set_size": 199732,
                                    "children": [
                                        {
                                            "operator_name": "READ_PARQUET ",
                                            "cpu_time": 0.08244160399999992,
                                            "extra_info": {
                                                "Function": "READ_PARQUET",
                                                "Projections": [
                                                    "id",
                                                    "displayname"
                                                ],
                                                "Filters": "id<=1416539",
                                                "Estimated Cardinality": "1260710"
                                            },
                                            "cumulative_cardinality": 1246586,
                                            "operator_type": "TABLE_SCAN",
                                            "operator_cardinality": 1246586,
                                            "cumulative_rows_scanned": 1260710,
                                            "operator_rows_scanned": 1260710,
                                            "operator_timing": 0.08244160399999992,
                                            "result_set_size": 24931720,
                                            "children": []
                                        },
                                        {
                                            "operator_name": "FILTER",
                                            "cpu_time": 0.05494844999999999,
                                            "extra_info": {
                                                "Expression": "(COALESCE(PostCount, 0) > 10)",
                                                "Estimated Cardinality": "77002"
                                            },
                                            "cumulative_cardinality": 325709,
                                            "operator_type": "FILTER",
                                            "operator_cardinality": 2172,
                                            "cumulative_rows_scanned": 3850116,
                                            "operator_rows_scanned": 0,
                                            "operator_timing": 0.00031777499999999996,
                                            "result_set_size": 165072,
                                            "children": [
                                                {
                                                    "operator_name": "HASH_GROUP_BY",
                                                    "cpu_time": 0.05463067499999999,
                                                    "extra_info": {
                                                        "Groups": "#0",
                                                        "Aggregates": [
                                                            "count_star()",
                                                            "sum(#1)",
                                                            "sum(#2)",
                                                            "sum(#3)",
                                                            "sum(#4)"
                                                        ],
                                                        "Estimated Cardinality": "385011"
                                                    },
                                                    "cumulative_cardinality": 323537,
                                                    "operator_type": "HASH_GROUP_BY",
                                                    "operator_cardinality": 32453,
                                                    "cumulative_rows_scanned": 3850116,
                                                    "operator_rows_scanned": 0,
                                                    "operator_timing": 0.007337782999999999,
                                                    "result_set_size": 2466428,
                                                    "children": [
                                                        {
                                                            "operator_name": "PROJECTION",
                                                            "cpu_time": 0.04729289199999999,
                                                            "extra_info": {
                                                                "Projections": [
                                                                    "owneruserid",
                                                                    "score",
                                                                    "CASE  WHEN ((posttypeid = 1)) THEN (1) ELSE 0 END",
                                                                    "CASE  WHEN ((posttypeid = 2)) THEN (1) ELSE 0 END",
                                                                    "viewcount"
                                                                ],
                                                                "Estimated Cardinality": "770023"
                                                            },
                                                            "cumulative_cardinality": 291084,
                                                            "operator_type": "PROJECTION",
                                                            "operator_cardinality": 145542,
                                                            "cumulative_rows_scanned": 3850116,
                                                            "operator_rows_scanned": 0,
                                                            "operator_timing": 0.0019497730000000008,
                                                            "result_set_size": 2910840,
                                                            "children": [
                                                                {
                                                                    "operator_name": "READ_PARQUET ",
                                                                    "cpu_time": 0.04534311899999999,
                                                                    "extra_info": {
                                                                        "Function": "READ_PARQUET",
                                                                        "Projections": [
                                                                            "id",
                                                                            "posttypeid",
                                                                            "score",
                                                                            "viewcount",
                                                                            "owneruserid"
                                                                        ],
                                                                        "Filters": "creationdate>'2023-10-01 12:34:56'::TIMESTAMP",
                                                                        "Estimated Cardinality": "770023"
                                                                    },
                                                                    "cumulative_cardinality": 145542,
                                                                    "operator_type": "TABLE_SCAN",
                                                                    "operator_cardinality": 145542,
                                                                    "cumulative_rows_scanned": 3850116,
                                                                    "operator_rows_scanned": 3850116,
                                                                    "operator_timing": 0.04534311899999999,
                                                                    "result_set_size": 2619756,
                                                                    "children": []
                                                                }
                                                            ]
                                                        }
                                                    ]
                                                }
                                            ]
                                        }
                                    ]
                                }
                            ]
                        }
                    ]
                }
            ]
        }
    ]
}