{
    "rows_returned": 50,
    "query_name": "\nWITH UserReputation AS (\n    SELECT Id, Reputation\n    FROM Users\n    WHERE Reputation > (SELECT AVG(Reputation) FROM Users)\n),\nHighScoringPosts AS (\n    SELECT P.Id, P.Score, P.Title, U.DisplayName, P.CreationDate, P.OwnerUserId\n    FROM Posts P\n    JOIN Users U ON P.OwnerUserId = U.Id\n    WHERE P.Score > 100 AND P.PostTypeId = 1\n),\nPostComments AS (\n    SELECT C.PostId, COUNT(C.Id) AS CommentCount\n    FROM Comments C\n    GROUP BY C.PostId\n),\nPostVoteCounts AS (\n    SELECT V.PostId, \n           SUM(CASE WHEN V.VoteTypeId = 2 THEN 1 ELSE 0 END) AS UpVotes,\n           SUM(CASE WHEN V.VoteTypeId = 3 THEN 1 ELSE 0 END) AS DownVotes\n    FROM Votes V\n    GROUP BY V.PostId\n)\nSELECT PS.Title, \n       PS.Score AS PostScore, \n       UC.Reputation AS UserReputation, \n       COALESCE(PC.CommentCount, 0) AS TotalComments,\n       COALESCE(PVC.UpVotes, 0) AS UpVotes,\n       COALESCE(PVC.DownVotes, 0) AS DownVotes,\n       PS.CreationDate\nFROM HighScoringPosts PS\nJOIN UserReputation UC ON PS.OwnerUserId = UC.Id\nLEFT JOIN PostComments PC ON PS.Id = PC.PostId\nLEFT JOIN PostVoteCounts PVC ON PS.Id = PVC.PostId\nORDER BY UC.Reputation DESC, PS.Score DESC\nLIMIT 50;\n",
    "blocked_thread_time": 0.0,
    "cpu_time": 1.8860774589999982,
    "extra_info": {},
    "cumulative_cardinality": 51548956,
    "cumulative_rows_scanned": 27618161,
    "result_set_size": 3600,
    "latency": 2.039854954,
    "children": [
        {
            "operator_name": "STREAMING_LIMIT",
            "cpu_time": 1.8860774589999982,
            "extra_info": {},
            "cumulative_cardinality": 51548956,
            "operator_type": "STREAMING_LIMIT",
            "operator_cardinality": 50,
            "cumulative_rows_scanned": 27618161,
            "operator_rows_scanned": 0,
            "operator_timing": 0.000001563,
            "result_set_size": 3600,
            "children": [
                {
                    "operator_name": "PROJECTION",
                    "cpu_time": 1.8860758959999981,
                    "extra_info": {
                        "Projections": [
                            "#0",
                            "__internal_decompress_integral_integer(#1, 100)",
                            "#2",
                            "#3",
                            "#4",
                            "#5",
                            "#6"
                        ],
                        "Estimated Cardinality": "6372046"
                    },
                    "cumulative_cardinality": 51548906,
                    "operator_type": "PROJECTION",
                    "operator_cardinality": 614,
                    "cumulative_rows_scanned": 27618161,
                    "operator_rows_scanned": 0,
                    "operator_timing": 0.000001904,
                    "result_set_size": 44208,
                    "children": [
                        {
                            "operator_name": "ORDER_BY",
                            "cpu_time": 1.886073991999998,
                            "extra_info": {
                                "Order By": [
                                    "UC.Reputation DESC",
                                    "PS.Score DESC"
                                ]
                            },
                            "cumulative_cardinality": 51548292,
                            "operator_type": "ORDER_BY",
                            "operator_cardinality": 614,
                            "cumulative_rows_scanned": 27618161,
                            "operator_rows_scanned": 0,
                            "operator_timing": 0.00011843,
                            "result_set_size": 42980,
                            "children": [
                                {
                                    "operator_name": "PROJECTION",
                                    "cpu_time": 1.8859555619999981,
                                    "extra_info": {
                                        "Projections": [
                                            "#0",
                                            "__internal_compress_integral_usmallint(#1, 100)",
                                            "#2",
                                            "#3",
                                            "#4",
                                            "#5",
                                            "#6"
                                        ],
                                        "Estimated Cardinality": "6372046"
                                    },
                                    "cumulative_cardinality": 51547678,
                                    "operator_type": "PROJECTION",
                                    "operator_cardinality": 614,
                                    "cumulative_rows_scanned": 27618161,
                                    "operator_rows_scanned": 0,
                                    "operator_timing": 0.000004769,
                                    "result_set_size": 42980,
                                    "children": [
                                        {
                                            "operator_name": "PROJECTION",
                                            "cpu_time": 1.8859507929999981,
                                            "extra_info": {
                                                "Projections": [
                                                    "title",
                                                    "PostScore",
                                                    "UserReputation",
                                                    "TotalComments",
                                                    "UpVotes",
                                                    "DownVotes",
                                                    "creationdate"
                                                ],
                                                "Estimated Cardinality": "6372046"
                                            },
                                            "cumulative_cardinality": 51547064,
                                            "operator_type": "PROJECTION",
                                            "operator_cardinality": 614,
                                            "cumulative_rows_scanned": 27618161,
                                            "operator_rows_scanned": 0,
                                            "operator_timing": 0.000119453,
                                            "result_set_size": 44208,
                                            "children": [
                                                {
                                                    "operator_name": "PROJECTION",
                                                    "cpu_time": 1.8858313399999982,
                                                    "extra_info": {
                                                        "Projections": [
                                                            "#0",
                                                            "#1",
                                                            "#2",
                                                            "#3",
                                                            "#4",
                                                            "#5",
                                                            "__internal_decompress_integral_integer(#6, 100)",
                                                            "#7",
                                                            "#8",
                                                            "#9",
                                                            "#10",
                                                            "#11"
                                                        ],
                                                        "Estimated Cardinality": "6372046"
                                                    },
                                                    "cumulative_cardinality": 51546450,
                                                    "operator_type": "PROJECTION",
                                                    "operator_cardinality": 614,
                                                    "cumulative_rows_scanned": 27618161,
                                                    "operator_rows_scanned": 0,
                                                    "operator_timing": 0.000009207,
                                                    "result_set_size": 56488,
                                                    "children": [
                                                        {
                                                            "operator_name": "HASH_JOIN",
                                                            "cpu_time": 1.8858221329999982,
                                                            "extra_info": {
                                                                "Join Type": "RIGHT",
                                                                "Conditions": "postid = id",
                                                                "Estimated Cardinality": "6372046"
                                                            },
                                                            "cumulative_cardinality": 51545836,
                                                            "operator_type": "HASH_JOIN",
                                                            "operator_cardinality": 614,
                                                            "cumulative_rows_scanned": 27618161,
                                                            "operator_rows_scanned": 0,
                                                            "operator_timing": 0.025167232000000043,
                                                            "result_set_size": 55260,
                                                            "children": [
                                                                {
                                                                    "operator_name": "HASH_GROUP_BY",
                                                                    "cpu_time": 1.0021800709999988,
                                                                    "extra_info": {
                                                                        "Groups": "#0",
                                                                        "Aggregates": [
                                                                            "sum(#1)",
                                                                            "sum(#2)"
                                                                        ],
                                                                        "Estimated Cardinality": "6372046"
                                                                    },
                                                                    "cumulative_cardinality": 29453413,
                                                                    "operator_type": "HASH_GROUP_BY",
                                                                    "operator_cardinality": 3965227,
                                                                    "cumulative_rows_scanned": 12744093,
                                                                    "operator_rows_scanned": 0,
                                                                    "operator_timing": 0.7638186309999987,
                                                                    "result_set_size": 142748172,
                                                                    "children": [
                                                                        {
                                                                            "operator_name": "PROJECTION",
                                                                            "cpu_time": 0.2383614400000001,
                                                                            "extra_info": {
                                                                                "Projections": [
                                                                                    "postid",
                                                                                    "CASE  WHEN ((votetypeid = 2)) THEN (1) ELSE 0 END",
                                                                                    "CASE  WHEN ((votetypeid = 3)) THEN (1) ELSE 0 END"
                                                                                ],
                                                                                "Estimated Cardinality": "12744093"
                                                                            },
                                                                            "cumulative_cardinality": 25488186,
                                                                            "operator_type": "PROJECTION",
                                                                            "operator_cardinality": 12744093,
                                                                            "cumulative_rows_scanned": 12744093,
                                                                            "operator_rows_scanned": 0,
                                                                            "operator_timing": 0.102362043,
                                                                            "result_set_size": 152929116,
                                                                            "children": [
                                                                                {
                                                                                    "operator_name": "READ_PARQUET ",
                                                                                    "cpu_time": 0.1359993970000001,
                                                                                    "extra_info": {
                                                                                        "Function": "READ_PARQUET",
                                                                                        "Projections": [
                                                                                            "postid",
                                                                                            "votetypeid"
                                                                                        ],
                                                                                        "Estimated Cardinality": "12744093"
                                                                                    },
                                                                                    "cumulative_cardinality": 12744093,
                                                                                    "operator_type": "TABLE_SCAN",
                                                                                    "operator_cardinality": 12744093,
                                                                                    "cumulative_rows_scanned": 12744093,
                                                                                    "operator_rows_scanned": 12744093,
                                                                                    "operator_timing": 0.1359993970000001,
                                                                                    "result_set_size": 76464558,
                                                                                    "children": []
                                                                                }
                                                                            ]
                                                                        }
                                                                    ]
                                                                },
                                                                {
                                                                    "operator_name": "PROJECTION",
                                                                    "cpu_time": 0.8584748299999995,
                                                                    "extra_info": {
                                                                        "Projections": [
                                                                            "#0",
                                                                            "#1",
                                                                            "#2",
                                                                            "__internal_compress_integral_usmallint(#3, 100)",
                                                                            "#4",
                                                                            "#5",
                                                                            "#6",
                                                                            "#7",
                                                                            "#8"
                                                                        ],
                                                                        "Estimated Cardinality": "3620911"
                                                                    },
                                                                    "cumulative_cardinality": 22091809,
                                                                    "operator_type": "PROJECTION",
                                                                    "operator_cardinality": 614,
                                                                    "cumulative_rows_scanned": 14874068,
                                                                    "operator_rows_scanned": 0,
                                                                    "operator_timing": 0.000008534999999999999,
                                                                    "result_set_size": 33156,
                                                                    "children": [
                                                                        {
                                                                            "operator_name": "HASH_JOIN",
                                                                            "cpu_time": 0.8584662949999995,
                                                                            "extra_info": {
                                                                                "Join Type": "RIGHT",
                                                                                "Conditions": "postid = id",
                                                                                "Estimated Cardinality": "3620911"
                                                                            },
                                                                            "cumulative_cardinality": 22091195,
                                                                            "operator_type": "HASH_JOIN",
                                                                            "operator_cardinality": 614,
                                                                            "cumulative_rows_scanned": 14874068,
                                                                            "operator_rows_scanned": 0,
                                                                            "operator_timing": 0.04578356900000006,
                                                                            "result_set_size": 34384,
                                                                            "children": [
                                                                                {
                                                                                    "operator_name": "HASH_GROUP_BY",
                                                                                    "cpu_time": 0.34378582899999954,
                                                                                    "extra_info": {
                                                                                        "Groups": "#0",
                                                                                        "Aggregates": "count_star()",
                                                                                        "Estimated Cardinality": "3620911"
                                                                                    },
                                                                                    "cumulative_cardinality": 16647316,
                                                                                    "operator_type": "HASH_GROUP_BY",
                                                                                    "operator_cardinality": 2163672,
                                                                                    "cumulative_rows_scanned": 7241822,
                                                                                    "operator_rows_scanned": 0,
                                                                                    "operator_timing": 0.2641108639999996,
                                                                                    "result_set_size": 25964064,
                                                                                    "children": [
                                                                                        {
                                                                                            "operator_name": "PROJECTION",
                                                                                            "cpu_time": 0.07967496499999993,
                                                                                            "extra_info": {
                                                                                                "Projections": "postid",
                                                                                                "Estimated Cardinality": "7241822"
                                                                                            },
                                                                                            "cumulative_cardinality": 14483644,
                                                                                            "operator_type": "PROJECTION",
                                                                                            "operator_cardinality": 7241822,
                                                                                            "cumulative_rows_scanned": 7241822,
                                                                                            "operator_rows_scanned": 0,
                                                                                            "operator_timing": 0.0004243799999999958,
                                                                                            "result_set_size": 28967288,
                                                                                            "children": [
                                                                                                {
                                                                                                    "operator_name": "READ_PARQUET ",
                                                                                                    "cpu_time": 0.07925058499999993,
                                                                                                    "extra_info": {
                                                                                                        "Function": "READ_PARQUET",
                                                                                                        "Projections": [
                                                                                                            "id",
                                                                                                            "postid"
                                                                                                        ],
                                                                                                        "Estimated Cardinality": "7241822"
                                                                                                    },
                                                                                                    "cumulative_cardinality": 7241822,
                                                                                                    "operator_type": "TABLE_SCAN",
                                                                                                    "operator_cardinality": 7241822,
                                                                                                    "cumulative_rows_scanned": 7241822,
                                                                                                    "operator_rows_scanned": 7241822,
                                                                                                    "operator_timing": 0.07925058499999993,
                                                                                                    "result_set_size": 57934576,
                                                                                                    "children": []
                                                                                                }
                                                                                            ]
                                                                                        }
                                                                                    ]
                                                                                },
                                                                                {
                                                                                    "operator_name": "HASH_JOIN",
                                                                                    "cpu_time": 0.46889689699999987,
                                                                                    "extra_info": {
                                                                                        "Join Type": "INNER",
                                                                                        "Conditions": "owneruserid = id",
                                                                                        "Estimated Cardinality": "1"
                                                                                    },
                                                                                    "cumulative_cardinality": 5443265,
                                                                                    "operator_type": "HASH_JOIN",
                                                                                    "operator_cardinality": 614,
                                                                                    "cumulative_rows_scanned": 7632246,
                                                                                    "operator_rows_scanned": 0,
                                                                                    "operator_timing": 0.008891685,
                                                                                    "result_set_size": 27016,
                                                                                    "children": [
                                                                                        {
                                                                                            "operator_name": "PROJECTION",
                                                                                            "cpu_time": 0.41671288999999995,
                                                                                            "extra_info": {
                                                                                                "Projections": [
                                                                                                    "id",
                                                                                                    "score",
                                                                                                    "title",
                                                                                                    "creationdate",
                                                                                                    "owneruserid"
                                                                                                ],
                                                                                                "Estimated Cardinality": "770023"
                                                                                            },
                                                                                            "cumulative_cardinality": 1262524,
                                                                                            "operator_type": "PROJECTION",
                                                                                            "operator_cardinality": 615,
                                                                                            "cumulative_rows_scanned": 5110826,
                                                                                            "operator_rows_scanned": 0,
                                                                                            "operator_timing": 0.000004038,
                                                                                            "result_set_size": 22140,
                                                                                            "children": [
                                                                                                {
                                                                                                    "operator_name": "HASH_JOIN",
                                                                                                    "cpu_time": 0.41670885199999996,
                                                                                                    "extra_info": {
                                                                                                        "Join Type": "INNER",
                                                                                                        "Conditions": "owneruserid = id",
                                                                                                        "Estimated Cardinality": "770023"
                                                                                                    },
                                                                                                    "cumulative_cardinality": 1261909,
                                                                                                    "operator_type": "HASH_JOIN",
                                                                                                    "operator_cardinality": 615,
                                                                                                    "cumulative_rows_scanned": 5110826,
                                                                                                    "operator_rows_scanned": 0,
                                                                                                    "operator_timing": 0.06044563699999999,
                                                                                                    "result_set_size": 24600,
                                                                                                    "children": [
                                                                                                        {
                                                                                                            "operator_name": "READ_PARQUET ",
                                                                                                            "cpu_time": 0.34574373699999994,
                                                                                                            "extra_info": {
                                                                                                                "Function": "READ_PARQUET",
                                                                                                                "Projections": [
                                                                                                                    "id",
                                                                                                                    "creationdate",
                                                                                                                    "score",
                                                                                                                    "owneruserid",
                                                                                                                    "title"
                                                                                                                ],
                                                                                                                "Filters": [
                                                                                                                    "score>100",
                                                                                                                    "posttypeid=1"
                                                                                                                ],
                                                                                                                "Estimated Cardinality": "770023"
                                                                                                            },
                                                                                                            "cumulative_cardinality": 615,
                                                                                                            "operator_type": "TABLE_SCAN",
                                                                                                            "operator_cardinality": 615,
                                                                                                            "cumulative_rows_scanned": 3850116,
                                                                                                            "operator_rows_scanned": 3850116,
                                                                                                            "operator_timing": 0.34574373699999994,
                                                                                                            "result_set_size": 22140,
                                                                                                            "children": []
                                                                                                        },
                                                                                                        {
                                                                                                            "operator_name": "READ_PARQUET ",
                                                                                                            "cpu_time": 0.010519478000000021,
                                                                                                            "extra_info": {
                                                                                                                "Function": "READ_PARQUET",
                                                                                                                "Projections": "id",
                                                                                                                "Filters": "id<=1416539",
                                                                                                                "Estimated Cardinality": "1260710"
                                                                                                            },
                                                                                                            "cumulative_cardinality": 1260679,
                                                                                                            "operator_type": "TABLE_SCAN",
                                                                                                            "operator_cardinality": 1260679,
                                                                                                            "cumulative_rows_scanned": 1260710,
                                                                                                            "operator_rows_scanned": 1260710,
                                                                                                            "operator_timing": 0.010519478000000021,
                                                                                                            "result_set_size": 5042716,
                                                                                                            "children": []
                                                                                                        }
                                                                                                    ]
                                                                                                }
                                                                                            ]
                                                                                        },
                                                                                        {
                                                                                            "operator_name": "PROJECTION",
                                                                                            "cpu_time": 0.04329232199999995,
                                                                                            "extra_info": {
                                                                                                "Projections": [
                                                                                                    "id",
                                                                                                    "reputation"
                                                                                                ],
                                                                                                "Estimated Cardinality": "2"
                                                                                            },
                                                                                            "cumulative_cardinality": 4180127,
                                                                                            "operator_type": "PROJECTION",
                                                                                            "operator_cardinality": 199012,
                                                                                            "cumulative_rows_scanned": 2521420,
                                                                                            "operator_rows_scanned": 0,
                                                                                            "operator_timing": 0.00007922900000000001,
                                                                                            "result_set_size": 1592096,
                                                                                            "children": [
                                                                                                {
                                                                                                    "operator_name": "NESTED_LOOP_JOIN",
                                                                                                    "cpu_time": 0.04321309299999995,
                                                                                                    "extra_info": {
                                                                                                        "Join Type": "INNER",
                                                                                                        "Conditions": "CAST(reputation AS DOUBLE) > SUBQUERY",
                                                                                                        "Estimated Cardinality": "2"
                                                                                                    },
                                                                                                    "cumulative_cardinality": 3981115,
                                                                                                    "operator_type": "NESTED_LOOP_JOIN",
                                                                                                    "operator_cardinality": 199012,
                                                                                                    "cumulative_rows_scanned": 2521420,
                                                                                                    "operator_rows_scanned": 0,
                                                                                                    "operator_timing": 0.01259195099999996,
                                                                                                    "result_set_size": 3184192,
                                                                                                    "children": [
                                                                                                        {
                                                                                                            "operator_name": "READ_PARQUET ",
                                                                                                            "cpu_time": 0.019049709000000005,
                                                                                                            "extra_info": {
                                                                                                                "Function": "READ_PARQUET",
                                                                                                                "Projections": [
                                                                                                                    "id",
                                                                                                                    "reputation"
                                                                                                                ],
                                                                                                                "Filters": "id<=1416539",
                                                                                                                "Estimated Cardinality": "1260710"
                                                                                                            },
                                                                                                            "cumulative_cardinality": 1260679,
                                                                                                            "operator_type": "TABLE_SCAN",
                                                                                                            "operator_cardinality": 1260679,
                                                                                                            "cumulative_rows_scanned": 1260710,
                                                                                                            "operator_rows_scanned": 1260710,
                                                                                                            "operator_timing": 0.019049709000000005,
                                                                                                            "result_set_size": 10085432,
                                                                                                            "children": []
                                                                                                        },
                                                                                                        {
                                                                                                            "operator_name": "PROJECTION",
                                                                                                            "cpu_time": 0.011571432999999989,
                                                                                                            "extra_info": {
                                                                                                                "Projections": [
                                                                                                                    "CASE  WHEN ((#1 > 1)) THEN (error('More than one row returned by a subquery used as an expression - scalar subqueries can only return a single row.",
                                                                                                                    "Use \"SET scalar_subquery_error_on_multiple_rows=false\" to revert to previous behavior of returning a random row.')) ELSE #0 END"
                                                                                                                ],
                                                                                                                "Estimated Cardinality": "1"
                                                                                                            },
                                                                                                            "cumulative_cardinality": 2521424,
                                                                                                            "operator_type": "PROJECTION",
                                                                                                            "operator_cardinality": 1,
                                                                                                            "cumulative_rows_scanned": 1260710,
                                                                                                            "operator_rows_scanned": 0,
                                                                                                            "operator_timing": 0.000002645,
                                                                                                            "result_set_size": 8,
                                                                                                            "children": [
                                                                                                                {
                                                                                                                    "operator_name": "UNGROUPED_AGGREGATE",
                                                                                                                    "cpu_time": 0.011568787999999988,
                                                                                                                    "extra_info": {
                                                                                                                        "Aggregates": [
                                                                                                                            "\"first\"(#0)",
                                                                                                                            "count_star()"
                                                                                                                        ]
                                                                                                                    },
                                                                                                                    "cumulative_cardinality": 2521423,
                                                                                                                    "operator_type": "UNGROUPED_AGGREGATE",
                                                                                                                    "operator_cardinality": 1,
                                                                                                                    "cumulative_rows_scanned": 1260710,
                                                                                                                    "operator_rows_scanned": 0,
                                                                                                                    "operator_timing": 0.000001523,
                                                                                                                    "result_set_size": 16,
                                                                                                                    "children": [
                                                                                                                        {
                                                                                                                            "operator_name": "PROJECTION",
                                                                                                                            "cpu_time": 0.011567264999999988,
                                                                                                                            "extra_info": {
                                                                                                                                "Projections": "#0",
                                                                                                                                "Estimated Cardinality": "1"
                                                                                                                            },
                                                                                                                            "cumulative_cardinality": 2521422,
                                                                                                                            "operator_type": "PROJECTION",
                                                                                                                            "operator_cardinality": 1,
                                                                                                                            "cumulative_rows_scanned": 1260710,
                                                                                                                            "operator_rows_scanned": 0,
                                                                                                                            "operator_timing": 2.31e-7,
                                                                                                                            "result_set_size": 8,
                                                                                                                            "children": [
                                                                                                                                {
                                                                                                                                    "operator_name": "UNGROUPED_AGGREGATE",
                                                                                                                                    "cpu_time": 0.011567033999999988,
                                                                                                                                    "extra_info": {
                                                                                                                                        "Aggregates": "avg(#0)"
                                                                                                                                    },
                                                                                                                                    "cumulative_cardinality": 2521421,
                                                                                                                                    "operator_type": "UNGROUPED_AGGREGATE",
                                                                                                                                    "operator_cardinality": 1,
                                                                                                                                    "cumulative_rows_scanned": 1260710,
                                                                                                                                    "operator_rows_scanned": 0,
                                                                                                                                    "operator_timing": 0.0048141669999999855,
                                                                                                                                    "result_set_size": 8,
                                                                                                                                    "children": [
                                                                                                                                        {
                                                                                                                                            "operator_name": "PROJECTION",
                                                                                                                                            "cpu_time": 0.006752867000000003,
                                                                                                                                            "extra_info": {
                                                                                                                                                "Projections": "reputation",
                                                                                                                                                "Estimated Cardinality": "1260710"
                                                                                                                                            },
                                                                                                                                            "cumulative_cardinality": 2521420,
                                                                                                                                            "operator_type": "PROJECTION",
                                                                                                                                            "operator_cardinality": 1260710,
                                                                                                                                            "cumulative_rows_scanned": 1260710,
                                                                                                                                            "operator_rows_scanned": 0,
                                                                                                                                            "operator_timing": 0.00005087799999999984,
                                                                                                                                            "result_set_size": 5042840,
                                                                                                                                            "children": [
                                                                                                                                                {
                                                                                                                                                    "operator_name": "READ_PARQUET ",
                                                                                                                                                    "cpu_time": 0.006701989000000003,
                                                                                                                                                    "extra_info": {
                                                                                                                                                        "Function": "READ_PARQUET",
                                                                                                                                                        "Projections": "reputation",
                                                                                                                                                        "Estimated Cardinality": "1260710"
                                                                                                                                                    },
                                                                                                                                                    "cumulative_cardinality": 1260710,
                                                                                                                                                    "operator_type": "TABLE_SCAN",
                                                                                                                                                    "operator_cardinality": 1260710,
                                                                                                                                                    "cumulative_rows_scanned": 1260710,
                                                                                                                                                    "operator_rows_scanned": 1260710,
                                                                                                                                                    "operator_timing": 0.006701989000000003,
                                                                                                                                                    "result_set_size": 5042840,
                                                                                                                                                    "children": []
                                                                                                                                                }
                                                                                                                                            ]
                                                                                                                                        }
                                                                                                                                    ]
                                                                                                                                }
                                                                                                                            ]
                                                                                                                        }
                                                                                                                    ]
                                                                                                                }
                                                                                                            ]
                                                                                                        }
                                                                                                    ]
                                                                                                }
                                                                                            ]
                                                                                        }
                                                                                    ]
                                                                                }
                                                                            ]
                                                                        }
                                                                    ]
                                                                }
                                                            ]
                                                        }
                                                    ]
                                                }
                                            ]
                                        }
                                    ]
                                }
                            ]
                        }
                    ]
                }
            ]
        }
    ]
}