{
    "rows_returned": 10,
    "query_name": "WITH UserBadgeCounts AS (\n    SELECT \n        u.Id AS UserId,\n        COUNT(b.Id) AS BadgeCount\n    FROM \n        Users u\n    LEFT JOIN \n        Badges b ON u.Id = b.UserId\n    GROUP BY \n        u.Id\n),\nTopBadgedUsers AS (\n    SELECT \n        UserId, \n        BadgeCount\n    FROM \n        UserBadgeCounts \n    WHERE \n        BadgeCount > 0\n    ORDER BY \n        BadgeCount DESC\n    LIMIT 10\n),\nPostStatistics AS (\n    SELECT \n        p.OwnerUserId,\n        COUNT(p.Id) AS PostCount,\n        SUM(p.Score) AS TotalScore,\n        AVG(p.ViewCount) AS AverageViewCount\n    FROM \n        Posts p\n    GROUP BY \n        p.OwnerUserId\n),\nUserPostMetrics AS (\n    SELECT \n        u.Id AS UserId,\n        COALESCE(ps.PostCount, 0) AS PostCount,\n        COALESCE(ps.TotalScore, 0) AS TotalScore,\n        COALESCE(ps.AverageViewCount, 0) AS AverageViewCount,\n        COALESCE(bc.BadgeCount, 0) AS BadgeCount\n    FROM \n        Users u\n    LEFT JOIN \n        PostStatistics ps ON u.Id = ps.OwnerUserId\n    LEFT JOIN \n        UserBadgeCounts bc ON u.Id = bc.UserId\n)\nSELECT \n    u.DisplayName,\n    upm.PostCount,\n    upm.TotalScore,\n    upm.AverageViewCount,\n    upm.BadgeCount\nFROM \n    UserPostMetrics upm\nJOIN \n    TopBadgedUsers tbu ON upm.UserId = tbu.UserId\nJOIN \n    Users u ON upm.UserId = u.Id\nORDER BY \n    upm.BadgeCount DESC,\n    upm.TotalScore DESC;\n",
    "blocked_thread_time": 0.0,
    "cpu_time": 0.9303153770000001,
    "extra_info": {},
    "cumulative_cardinality": 27163673,
    "cumulative_rows_scanned": 9953970,
    "result_set_size": 560,
    "latency": 1.026050086,
    "children": [
        {
            "operator_name": "ORDER_BY",
            "cpu_time": 0.9303153770000001,
            "extra_info": {
                "Order By": [
                    "upm.BadgeCount DESC",
                    "upm.TotalScore DESC"
                ]
            },
            "cumulative_cardinality": 27163673,
            "operator_type": "ORDER_BY",
            "operator_cardinality": 10,
            "cumulative_rows_scanned": 9953970,
            "operator_rows_scanned": 0,
            "operator_timing": 0.000076442,
            "result_set_size": 560,
            "children": [
                {
                    "operator_name": "PROJECTION",
                    "cpu_time": 0.9302389350000001,
                    "extra_info": {
                        "Projections": [
                            "displayname",
                            "PostCount",
                            "TotalScore",
                            "AverageViewCount",
                            "BadgeCount"
                        ],
                        "Estimated Cardinality": "1260710"
                    },
                    "cumulative_cardinality": 27163663,
                    "operator_type": "PROJECTION",
                    "operator_cardinality": 10,
                    "cumulative_rows_scanned": 9953970,
                    "operator_rows_scanned": 0,
                    "operator_timing": 0.000002485,
                    "result_set_size": 560,
                    "children": [
                        {
                            "operator_name": "CTE",
                            "cpu_time": 0.9302364500000001,
                            "extra_info": {
                                "CTE Name": "UserBadgeCounts",
                                "Table Index": "0"
                            },
                            "cumulative_cardinality": 27163653,
                            "operator_type": "CTE",
                            "operator_cardinality": 0,
                            "cumulative_rows_scanned": 9953970,
                            "operator_rows_scanned": 0,
                            "operator_timing": 0.004165733999999995,
                            "result_set_size": 0,
                            "children": [
                                {
                                    "operator_name": "HASH_GROUP_BY",
                                    "cpu_time": 0.3983751310000002,
                                    "extra_info": {
                                        "Groups": "#0",
                                        "Aggregates": "count(#1)",
                                        "Estimated Cardinality": "1260710"
                                    },
                                    "cumulative_cardinality": 10909970,
                                    "operator_type": "HASH_GROUP_BY",
                                    "operator_cardinality": 1260710,
                                    "cumulative_rows_scanned": 3582434,
                                    "operator_rows_scanned": 0,
                                    "operator_timing": 0.16820323799999998,
                                    "result_set_size": 15128520,
                                    "children": [
                                        {
                                            "operator_name": "PROJECTION",
                                            "cpu_time": 0.23017189300000027,
                                            "extra_info": {
                                                "Projections": [
                                                    "id",
                                                    "id"
                                                ],
                                                "Estimated Cardinality": "2321724"
                                            },
                                            "cumulative_cardinality": 9649260,
                                            "operator_type": "PROJECTION",
                                            "operator_cardinality": 3033413,
                                            "cumulative_rows_scanned": 3582434,
                                            "operator_rows_scanned": 0,
                                            "operator_timing": 0.0003416989999999988,
                                            "result_set_size": 24267304,
                                            "children": [
                                                {
                                                    "operator_name": "HASH_JOIN",
                                                    "cpu_time": 0.22983019400000027,
                                                    "extra_info": {
                                                        "Join Type": "RIGHT",
                                                        "Conditions": "userid = id",
                                                        "Estimated Cardinality": "2321724"
                                                    },
                                                    "cumulative_cardinality": 6615847,
                                                    "operator_type": "HASH_JOIN",
                                                    "operator_cardinality": 3033413,
                                                    "cumulative_rows_scanned": 3582434,
                                                    "operator_rows_scanned": 0,
                                                    "operator_timing": 0.17622741700000027,
                                                    "result_set_size": 24267304,
                                                    "children": [
                                                        {
                                                            "operator_name": "READ_PARQUET ",
                                                            "cpu_time": 0.04666028099999998,
                                                            "extra_info": {
                                                                "Function": "READ_PARQUET",
                                                                "Projections": [
                                                                    "id",
                                                                    "userid"
                                                                ],
                                                                "Estimated Cardinality": "2321724"
                                                            },
                                                            "cumulative_cardinality": 2321724,
                                                            "operator_type": "TABLE_SCAN",
                                                            "operator_cardinality": 2321724,
                                                            "cumulative_rows_scanned": 2321724,
                                                            "operator_rows_scanned": 2321724,
                                                            "operator_timing": 0.04666028099999998,
                                                            "result_set_size": 18573792,
                                                            "children": []
                                                        },
                                                        {
                                                            "operator_name": "READ_PARQUET ",
                                                            "cpu_time": 0.006942496000000012,
                                                            "extra_info": {
                                                                "Function": "READ_PARQUET",
                                                                "Projections": "id",
                                                                "Estimated Cardinality": "1260710"
                                                            },
                                                            "cumulative_cardinality": 1260710,
                                                            "operator_type": "TABLE_SCAN",
                                                            "operator_cardinality": 1260710,
                                                            "cumulative_rows_scanned": 1260710,
                                                            "operator_rows_scanned": 1260710,
                                                            "operator_timing": 0.006942496000000012,
                                                            "result_set_size": 5042840,
                                                            "children": []
                                                        }
                                                    ]
                                                }
                                            ]
                                        }
                                    ]
                                },
                                {
                                    "operator_name": "HASH_JOIN",
                                    "cpu_time": 0.5276955849999999,
                                    "extra_info": {
                                        "Join Type": "INNER",
                                        "Conditions": [
                                            "UserId = id",
                                            "UserId = UserId"
                                        ],
                                        "Estimated Cardinality": "15"
                                    },
                                    "cumulative_cardinality": 16253683,
                                    "operator_type": "HASH_JOIN",
                                    "operator_cardinality": 10,
                                    "cumulative_rows_scanned": 6371536,
                                    "operator_rows_scanned": 0,
                                    "operator_timing": 0.007014037,
                                    "result_set_size": 1760,
                                    "children": [
                                        {
                                            "operator_name": "PROJECTION",
                                            "cpu_time": 0.4596544329999999,
                                            "extra_info": {
                                                "Projections": [
                                                    "UserId",
                                                    "PostCount",
                                                    "TotalScore",
                                                    "AverageViewCount",
                                                    "BadgeCount"
                                                ],
                                                "Estimated Cardinality": "1925058"
                                            },
                                            "cumulative_cardinality": 14375414,
                                            "operator_type": "PROJECTION",
                                            "operator_cardinality": 1260710,
                                            "cumulative_rows_scanned": 5110826,
                                            "operator_rows_scanned": 0,
                                            "operator_timing": 0.03318186599999999,
                                            "result_set_size": 55471240,
                                            "children": [
                                                {
                                                    "operator_name": "HASH_JOIN",
                                                    "cpu_time": 0.4264725669999999,
                                                    "extra_info": {
                                                        "Join Type": "LEFT",
                                                        "Conditions": "id = UserId",
                                                        "Estimated Cardinality": "1925058"
                                                    },
                                                    "cumulative_cardinality": 13114704,
                                                    "operator_type": "HASH_JOIN",
                                                    "operator_cardinality": 1260710,
                                                    "cumulative_rows_scanned": 5110826,
                                                    "operator_rows_scanned": 0,
                                                    "operator_timing": 0.10574145800000002,
                                                    "result_set_size": 55471240,
                                                    "children": [
                                                        {
                                                            "operator_name": "HASH_JOIN",
                                                            "cpu_time": 0.3197715459999999,
                                                            "extra_info": {
                                                                "Join Type": "RIGHT",
                                                                "Conditions": "owneruserid = id",
                                                                "Estimated Cardinality": "1925058"
                                                            },
                                                            "cumulative_cardinality": 10593284,
                                                            "operator_type": "HASH_JOIN",
                                                            "operator_cardinality": 1260710,
                                                            "cumulative_rows_scanned": 5110826,
                                                            "operator_rows_scanned": 0,
                                                            "operator_timing": 0.08440070400000003,
                                                            "result_set_size": 45385560,
                                                            "children": [
                                                                {
                                                                    "operator_name": "HASH_GROUP_BY",
                                                                    "cpu_time": 0.2283542989999999,
                                                                    "extra_info": {
                                                                        "Groups": "#0",
                                                                        "Aggregates": [
                                                                            "count_star()",
                                                                            "sum(#1)",
                                                                            "avg(#2)"
                                                                        ],
                                                                        "Estimated Cardinality": "1925058"
                                                                    },
                                                                    "cumulative_cardinality": 8071864,
                                                                    "operator_type": "HASH_GROUP_BY",
                                                                    "operator_cardinality": 371632,
                                                                    "cumulative_rows_scanned": 3850116,
                                                                    "operator_rows_scanned": 0,
                                                                    "operator_timing": 0.13863682999999996,
                                                                    "result_set_size": 13378752,
                                                                    "children": [
                                                                        {
                                                                            "operator_name": "PROJECTION",
                                                                            "cpu_time": 0.08971746899999994,
                                                                            "extra_info": {
                                                                                "Projections": [
                                                                                    "owneruserid",
                                                                                    "score",
                                                                                    "viewcount"
                                                                                ],
                                                                                "Estimated Cardinality": "3850116"
                                                                            },
                                                                            "cumulative_cardinality": 7700232,
                                                                            "operator_type": "PROJECTION",
                                                                            "operator_cardinality": 3850116,
                                                                            "cumulative_rows_scanned": 3850116,
                                                                            "operator_rows_scanned": 0,
                                                                            "operator_timing": 0.0004572229999999968,
                                                                            "result_set_size": 46201392,
                                                                            "children": [
                                                                                {
                                                                                    "operator_name": "READ_PARQUET ",
                                                                                    "cpu_time": 0.08926024599999995,
                                                                                    "extra_info": {
                                                                                        "Function": "READ_PARQUET",
                                                                                        "Projections": [
                                                                                            "id",
                                                                                            "score",
                                                                                            "viewcount",
                                                                                            "owneruserid"
                                                                                        ],
                                                                                        "Estimated Cardinality": "3850116"
                                                                                    },
                                                                                    "cumulative_cardinality": 3850116,
                                                                                    "operator_type": "TABLE_SCAN",
                                                                                    "operator_cardinality": 3850116,
                                                                                    "cumulative_rows_scanned": 3850116,
                                                                                    "operator_rows_scanned": 3850116,
                                                                                    "operator_timing": 0.08926024599999995,
                                                                                    "result_set_size": 61601856,
                                                                                    "children": []
                                                                                }
                                                                            ]
                                                                        }
                                                                    ]
                                                                },
                                                                {
                                                                    "operator_name": "READ_PARQUET ",
                                                                    "cpu_time": 0.007016543000000014,
                                                                    "extra_info": {
                                                                        "Function": "READ_PARQUET",
                                                                        "Projections": "id",
                                                                        "Estimated Cardinality": "1260710"
                                                                    },
                                                                    "cumulative_cardinality": 1260710,
                                                                    "operator_type": "TABLE_SCAN",
                                                                    "operator_cardinality": 1260710,
                                                                    "cumulative_rows_scanned": 1260710,
                                                                    "operator_rows_scanned": 1260710,
                                                                    "operator_timing": 0.007016543000000014,
                                                                    "result_set_size": 5042840,
                                                                    "children": []
                                                                }
                                                            ]
                                                        },
                                                        {
                                                            "operator_name": "CTE_SCAN",
                                                            "cpu_time": 0.0009595629999999995,
                                                            "extra_info": {
                                                                "CTE Index": "0",
                                                                "Estimated Cardinality": "1260710"
                                                            },
                                                            "cumulative_cardinality": 1260710,
                                                            "operator_type": "CTE_SCAN",
                                                            "operator_cardinality": 1260710,
                                                            "cumulative_rows_scanned": 0,
                                                            "operator_rows_scanned": 0,
                                                            "operator_timing": 0.0009595629999999995,
                                                            "result_set_size": 15128520,
                                                            "children": []
                                                        }
                                                    ]
                                                }
                                            ]
                                        },
                                        {
                                            "operator_name": "HASH_JOIN",
                                            "cpu_time": 0.06102711499999999,
                                            "extra_info": {
                                                "Join Type": "INNER",
                                                "Conditions": "id = UserId",
                                                "Estimated Cardinality": "10"
                                            },
                                            "cumulative_cardinality": 1878259,
                                            "operator_type": "HASH_JOIN",
                                            "operator_cardinality": 10,
                                            "cumulative_rows_scanned": 1260710,
                                            "operator_rows_scanned": 0,
                                            "operator_timing": 0.0008937499999999998,
                                            "result_set_size": 1320,
                                            "children": [
                                                {
                                                    "operator_name": "READ_PARQUET ",
                                                    "cpu_time": 0.050243950999999995,
                                                    "extra_info": {
                                                        "Function": "READ_PARQUET",
                                                        "Projections": [
                                                            "id",
                                                            "reputation",
                                                            "creationdate",
                                                            "displayname",
                                                            "lastaccessdate",
                                                            "websiteurl",
                                                            "location",
                                                            "aboutme",
                                                            "views",
                                                            "upvotes",
                                                            "downvotes",
                                                            "profileimageurl",
                                                            "accountid"
                                                        ],
                                                        "Estimated Cardinality": "1260710"
                                                    },
                                                    "cumulative_cardinality": 64412,
                                                    "operator_type": "TABLE_SCAN",
                                                    "operator_cardinality": 64412,
                                                    "cumulative_rows_scanned": 1260710,
                                                    "operator_rows_scanned": 1260710,
                                                    "operator_timing": 0.050243950999999995,
                                                    "result_set_size": 7729440,
                                                    "children": []
                                                },
                                                {
                                                    "operator_name": "STREAMING_LIMIT",
                                                    "cpu_time": 0.009889413999999996,
                                                    "extra_info": {},
                                                    "cumulative_cardinality": 1813837,
                                                    "operator_type": "STREAMING_LIMIT",
                                                    "operator_cardinality": 10,
                                                    "cumulative_rows_scanned": 0,
                                                    "operator_rows_scanned": 0,
                                                    "operator_timing": 0.000002124,
                                                    "result_set_size": 120,
                                                    "children": [
                                                        {
                                                            "operator_name": "ORDER_BY",
                                                            "cpu_time": 0.009887289999999996,
                                                            "extra_info": {
                                                                "Order By": "UserBadgeCounts.BadgeCount DESC"
                                                            },
                                                            "cumulative_cardinality": 1813827,
                                                            "operator_type": "ORDER_BY",
                                                            "operator_cardinality": 4096,
                                                            "cumulative_rows_scanned": 0,
                                                            "operator_rows_scanned": 0,
                                                            "operator_timing": 0.0077086499999999974,
                                                            "result_set_size": 49152,
                                                            "children": [
                                                                {
                                                                    "operator_name": "FILTER",
                                                                    "cpu_time": 0.00217864,
                                                                    "extra_info": {
                                                                        "Expression": "(BadgeCount > 0)",
                                                                        "Estimated Cardinality": "1260710"
                                                                    },
                                                                    "cumulative_cardinality": 1809731,
                                                                    "operator_type": "FILTER",
                                                                    "operator_cardinality": 549021,
                                                                    "cumulative_rows_scanned": 0,
                                                                    "operator_rows_scanned": 0,
                                                                    "operator_timing": 0.0016406820000000005,
                                                                    "result_set_size": 6588252,
                                                                    "children": [
                                                                        {
                                                                            "operator_name": "CTE_SCAN",
                                                                            "cpu_time": 0.0005379579999999995,
                                                                            "extra_info": {
                                                                                "CTE Index": "0",
                                                                                "Estimated Cardinality": "1260710"
                                                                            },
                                                                            "cumulative_cardinality": 1260710,
                                                                            "operator_type": "CTE_SCAN",
                                                                            "operator_cardinality": 1260710,
                                                                            "cumulative_rows_scanned": 0,
                                                                            "operator_rows_scanned": 0,
                                                                            "operator_timing": 0.0005379579999999995,
                                                                            "result_set_size": 15128520,
                                                                            "children": []
                                                                        }
                                                                    ]
                                                                }
                                                            ]
                                                        }
                                                    ]
                                                }
                                            ]
                                        }
                                    ]
                                }
                            ]
                        }
                    ]
                }
            ]
        }
    ]
}