{
    "rows_returned": 10,
    "query_name": "WITH AggregateBadges AS (\n    SELECT UserId, \n           COUNT(*) AS TotalBadges,\n           SUM(CASE WHEN Class = 1 THEN 1 ELSE 0 END) AS GoldBadges,\n           SUM(CASE WHEN Class = 2 THEN 1 ELSE 0 END) AS SilverBadges,\n           SUM(CASE WHEN Class = 3 THEN 1 ELSE 0 END) AS BronzeBadges\n    FROM Badges\n    GROUP BY UserId\n),\nPostMetrics AS (\n    SELECT OwnerUserId,\n           COUNT(*) AS TotalPosts,\n           SUM(CASE WHEN PostTypeId = 1 THEN 1 ELSE 0 END) AS TotalQuestions,\n           SUM(CASE WHEN PostTypeId = 2 THEN 1 ELSE 0 END) AS TotalAnswers,\n           SUM(ViewCount) AS TotalViews,\n           SUM(AnswerCount) AS TotalAcceptedAnswers\n    FROM Posts\n    GROUP BY OwnerUserId\n),\nUserStatistics AS (\n    SELECT U.Id AS UserId,\n           U.DisplayName,\n           U.Reputation,\n           U.CreationDate,\n           AB.TotalBadges,\n           AB.GoldBadges,\n           AB.SilverBadges,\n           AB.BronzeBadges,\n           PM.TotalPosts,\n           PM.TotalQuestions,\n           PM.TotalAnswers,\n           PM.TotalViews,\n           PM.TotalAcceptedAnswers\n    FROM Users U\n    LEFT JOIN AggregateBadges AB ON U.Id = AB.UserId\n    LEFT JOIN PostMetrics PM ON U.Id = PM.OwnerUserId\n)\nSELECT UserId,\n       DisplayName,\n       Reputation,\n       CreationDate,\n       TotalBadges,\n       GoldBadges,\n       SilverBadges,\n       BronzeBadges,\n       TotalPosts,\n       TotalQuestions,\n       TotalAnswers,\n       TotalViews,\n       TotalAcceptedAnswers\nFROM UserStatistics\nWHERE Reputation > 100\nORDER BY Reputation DESC, TotalPosts DESC\nLIMIT 10;\n",
    "blocked_thread_time": 0.0,
    "cpu_time": 0.7013992429999995,
    "extra_info": {},
    "cumulative_cardinality": 14045995,
    "cumulative_rows_scanned": 7432550,
    "result_set_size": 1600,
    "latency": 0.816331623,
    "children": [
        {
            "operator_name": "STREAMING_LIMIT",
            "cpu_time": 0.7013992429999995,
            "extra_info": {},
            "cumulative_cardinality": 14045995,
            "operator_type": "STREAMING_LIMIT",
            "operator_cardinality": 10,
            "cumulative_rows_scanned": 7432550,
            "operator_rows_scanned": 0,
            "operator_timing": 0.000006082,
            "result_set_size": 1600,
            "children": [
                {
                    "operator_name": "ORDER_BY",
                    "cpu_time": 0.7013931609999995,
                    "extra_info": {
                        "Order By": [
                            "UserStatistics.Reputation DESC",
                            "UserStatistics.TotalPosts DESC"
                        ]
                    },
                    "cumulative_cardinality": 14045985,
                    "operator_type": "ORDER_BY",
                    "operator_cardinality": 4096,
                    "cumulative_rows_scanned": 7432550,
                    "operator_rows_scanned": 0,
                    "operator_timing": 0.021073614,
                    "result_set_size": 655360,
                    "children": [
                        {
                            "operator_name": "PROJECTION",
                            "cpu_time": 0.6803195469999995,
                            "extra_info": {
                                "Projections": [
                                    "UserId",
                                    "displayname",
                                    "reputation",
                                    "creationdate",
                                    "TotalBadges",
                                    "GoldBadges",
                                    "SilverBadges",
                                    "BronzeBadges",
                                    "TotalPosts",
                                    "TotalQuestions",
                                    "TotalAnswers",
                                    "TotalViews",
                                    "TotalAcceptedAnswers"
                                ],
                                "Estimated Cardinality": "1925058"
                            },
                            "cumulative_cardinality": 14041889,
                            "operator_type": "PROJECTION",
                            "operator_cardinality": 194389,
                            "cumulative_rows_scanned": 7432550,
                            "operator_rows_scanned": 0,
                            "operator_timing": 0.00016283099999999995,
                            "result_set_size": 31102240,
                            "children": [
                                {
                                    "operator_name": "HASH_JOIN",
                                    "cpu_time": 0.6801567159999995,
                                    "extra_info": {
                                        "Join Type": "RIGHT",
                                        "Conditions": "owneruserid = id",
                                        "Estimated Cardinality": "1925058"
                                    },
                                    "cumulative_cardinality": 13847500,
                                    "operator_type": "HASH_JOIN",
                                    "operator_cardinality": 194389,
                                    "cumulative_rows_scanned": 7432550,
                                    "operator_rows_scanned": 0,
                                    "operator_timing": 0.03636329200000002,
                                    "result_set_size": 31102240,
                                    "children": [
                                        {
                                            "operator_name": "HASH_GROUP_BY",
                                            "cpu_time": 0.3309948459999996,
                                            "extra_info": {
                                                "Groups": "#0",
                                                "Aggregates": [
                                                    "count_star()",
                                                    "sum(#1)",
                                                    "sum(#2)",
                                                    "sum(#3)",
                                                    "sum(#4)"
                                                ],
                                                "Estimated Cardinality": "1925058"
                                            },
                                            "cumulative_cardinality": 8071864,
                                            "operator_type": "HASH_GROUP_BY",
                                            "operator_cardinality": 371632,
                                            "cumulative_rows_scanned": 3850116,
                                            "operator_rows_scanned": 0,
                                            "operator_timing": 0.1792886869999997,
                                            "result_set_size": 28244032,
                                            "children": [
                                                {
                                                    "operator_name": "PROJECTION",
                                                    "cpu_time": 0.15170615899999992,
                                                    "extra_info": {
                                                        "Projections": [
                                                            "owneruserid",
                                                            "CASE  WHEN ((posttypeid = 1)) THEN (1) ELSE 0 END",
                                                            "CASE  WHEN ((posttypeid = 2)) THEN (1) ELSE 0 END",
                                                            "viewcount",
                                                            "answercount"
                                                        ],
                                                        "Estimated Cardinality": "3850116"
                                                    },
                                                    "cumulative_cardinality": 7700232,
                                                    "operator_type": "PROJECTION",
                                                    "operator_cardinality": 3850116,
                                                    "cumulative_rows_scanned": 3850116,
                                                    "operator_rows_scanned": 0,
                                                    "operator_timing": 0.048268038,
                                                    "result_set_size": 77002320,
                                                    "children": [
                                                        {
                                                            "operator_name": "READ_PARQUET ",
                                                            "cpu_time": 0.10343812099999992,
                                                            "extra_info": {
                                                                "Function": "READ_PARQUET",
                                                                "Projections": [
                                                                    "posttypeid",
                                                                    "viewcount",
                                                                    "owneruserid",
                                                                    "answercount"
                                                                ],
                                                                "Estimated Cardinality": "3850116"
                                                            },
                                                            "cumulative_cardinality": 3850116,
                                                            "operator_type": "TABLE_SCAN",
                                                            "operator_cardinality": 3850116,
                                                            "cumulative_rows_scanned": 3850116,
                                                            "operator_rows_scanned": 3850116,
                                                            "operator_timing": 0.10343812099999992,
                                                            "result_set_size": 53901624,
                                                            "children": []
                                                        }
                                                    ]
                                                }
                                            ]
                                        },
                                        {
                                            "operator_name": "HASH_JOIN",
                                            "cpu_time": 0.3127985779999999,
                                            "extra_info": {
                                                "Join Type": "RIGHT",
                                                "Conditions": "userid = id",
                                                "Estimated Cardinality": "1160862"
                                            },
                                            "cumulative_cardinality": 5581247,
                                            "operator_type": "HASH_JOIN",
                                            "operator_cardinality": 194389,
                                            "cumulative_rows_scanned": 3582434,
                                            "operator_rows_scanned": 0,
                                            "operator_timing": 0.03031244200000001,
                                            "result_set_size": 17106232,
                                            "children": [
                                                {
                                                    "operator_name": "HASH_GROUP_BY",
                                                    "cpu_time": 0.19702589699999984,
                                                    "extra_info": {
                                                        "Groups": "#0",
                                                        "Aggregates": [
                                                            "count_star()",
                                                            "sum(#1)",
                                                            "sum(#2)",
                                                            "sum(#3)"
                                                        ],
                                                        "Estimated Cardinality": "1160862"
                                                    },
                                                    "cumulative_cardinality": 5192469,
                                                    "operator_type": "HASH_GROUP_BY",
                                                    "operator_cardinality": 549021,
                                                    "cumulative_rows_scanned": 2321724,
                                                    "operator_rows_scanned": 0,
                                                    "operator_timing": 0.1636095159999999,
                                                    "result_set_size": 32941260,
                                                    "children": [
                                                        {
                                                            "operator_name": "PROJECTION",
                                                            "cpu_time": 0.03341638099999995,
                                                            "extra_info": {
                                                                "Projections": [
                                                                    "userid",
                                                                    "CASE  WHEN ((class = 1)) THEN (1) ELSE 0 END",
                                                                    "CASE  WHEN ((class = 2)) THEN (1) ELSE 0 END",
                                                                    "CASE  WHEN ((class = 3)) THEN (1) ELSE 0 END"
                                                                ],
                                                                "Estimated Cardinality": "2321724"
                                                            },
                                                            "cumulative_cardinality": 4643448,
                                                            "operator_type": "PROJECTION",
                                                            "operator_cardinality": 2321724,
                                                            "cumulative_rows_scanned": 2321724,
                                                            "operator_rows_scanned": 0,
                                                            "operator_timing": 0.013725959,
                                                            "result_set_size": 37147584,
                                                            "children": [
                                                                {
                                                                    "operator_name": "READ_PARQUET ",
                                                                    "cpu_time": 0.019690421999999957,
                                                                    "extra_info": {
                                                                        "Function": "READ_PARQUET",
                                                                        "Projections": [
                                                                            "userid",
                                                                            "class"
                                                                        ],
                                                                        "Estimated Cardinality": "2321724"
                                                                    },
                                                                    "cumulative_cardinality": 2321724,
                                                                    "operator_type": "TABLE_SCAN",
                                                                    "operator_cardinality": 2321724,
                                                                    "cumulative_rows_scanned": 2321724,
                                                                    "operator_rows_scanned": 2321724,
                                                                    "operator_timing": 0.019690421999999957,
                                                                    "result_set_size": 13930344,
                                                                    "children": []
                                                                }
                                                            ]
                                                        }
                                                    ]
                                                },
                                                {
                                                    "operator_name": "READ_PARQUET ",
                                                    "cpu_time": 0.08546023900000006,
                                                    "extra_info": {
                                                        "Function": "READ_PARQUET",
                                                        "Projections": [
                                                            "id",
                                                            "reputation",
                                                            "creationdate",
                                                            "displayname"
                                                        ],
                                                        "Filters": "reputation>100",
                                                        "Estimated Cardinality": "252142"
                                                    },
                                                    "cumulative_cardinality": 194389,
                                                    "operator_type": "TABLE_SCAN",
                                                    "operator_cardinality": 194389,
                                                    "cumulative_rows_scanned": 1260710,
                                                    "operator_rows_scanned": 1260710,
                                                    "operator_timing": 0.08546023900000006,
                                                    "result_set_size": 6220448,
                                                    "children": []
                                                }
                                            ]
                                        }
                                    ]
                                }
                            ]
                        }
                    ]
                }
            ]
        }
    ]
}