{
    "rows_returned": 114824,
    "query_name": "\nWITH UserReputation AS (\n    SELECT Users.Id, Users.Reputation, COUNT(DISTINCT Posts.Id) AS PostCount, \n           SUM(CASE WHEN Votes.VoteTypeId = 2 THEN 1 ELSE 0 END) AS Upvotes, \n           SUM(CASE WHEN Votes.VoteTypeId = 3 THEN 1 ELSE 0 END) AS Downvotes\n    FROM Users\n    LEFT JOIN Posts ON Users.Id = Posts.OwnerUserId\n    LEFT JOIN Votes ON Posts.Id = Votes.PostId\n    GROUP BY Users.Id, Users.Reputation\n),\nPostDetails AS (\n    SELECT Posts.Id AS PostId, Posts.Title, Posts.CreationDate, Posts.Score, \n           Users.DisplayName AS OwnerName, PostTypes.Name AS PostType, \n           COUNT(Comments.Id) AS CommentCount, \n           COALESCE(SUM(CASE WHEN Votes.VoteTypeId = 2 THEN 1 ELSE 0 END), 0) AS TotalUpvotes, \n           COALESCE(SUM(CASE WHEN Votes.VoteTypeId = 3 THEN 1 ELSE 0 END), 0) AS TotalDownvotes\n    FROM Posts\n    LEFT JOIN Users ON Posts.OwnerUserId = Users.Id\n    LEFT JOIN PostTypes ON Posts.PostTypeId = PostTypes.Id\n    LEFT JOIN Comments ON Posts.Id = Comments.PostId\n    LEFT JOIN Votes ON Posts.Id = Votes.PostId\n    GROUP BY Posts.Id, Posts.Title, Posts.CreationDate, Posts.Score, Users.DisplayName, PostTypes.Name\n),\nTopUsers AS (\n    SELECT UserReputation.Id, UserReputation.Reputation, UserReputation.PostCount, \n           UserReputation.Upvotes, UserReputation.Downvotes\n    FROM UserReputation\n    WHERE UserReputation.Reputation > (SELECT AVG(Reputation) FROM Users)\n    ORDER BY UserReputation.Reputation DESC\n    LIMIT 10\n)\nSELECT \n    TopUsers.Id AS UserId,\n    TopUsers.Reputation,\n    PostDetails.Title,\n    PostDetails.CreationDate,\n    PostDetails.Score,\n    PostDetails.CommentCount,\n    PostDetails.TotalUpvotes,\n    PostDetails.TotalDownvotes\nFROM TopUsers\nJOIN Posts ON TopUsers.Id = Posts.OwnerUserId\nJOIN PostDetails ON Posts.Id = PostDetails.PostId\nORDER BY TopUsers.Reputation DESC, PostDetails.Score DESC;\n",
    "blocked_thread_time": 0.0,
    "cpu_time": 10.304508404000018,
    "extra_info": {},
    "cumulative_cardinality": 259308259,
    "cumulative_rows_scanned": 48062494,
    "result_set_size": 8726624,
    "latency": 11.892781606,
    "children": [
        {
            "operator_name": "PROJECTION",
            "cpu_time": 10.304508404000018,
            "extra_info": {
                "Projections": [
                    "#0",
                    "#1",
                    "#2",
                    "#3",
                    "__internal_decompress_integral_integer(#4, -72)",
                    "#5",
                    "#6",
                    "#7"
                ],
                "Estimated Cardinality": "6"
            },
            "cumulative_cardinality": 259308259,
            "operator_type": "PROJECTION",
            "operator_cardinality": 114824,
            "cumulative_rows_scanned": 48062494,
            "operator_rows_scanned": 0,
            "operator_timing": 0.00005216600000000001,
            "result_set_size": 8726624,
            "children": [
                {
                    "operator_name": "ORDER_BY",
                    "cpu_time": 10.304456238000018,
                    "extra_info": {
                        "Order By": [
                            "TopUsers.Reputation DESC",
                            "PostDetails.Score DESC"
                        ]
                    },
                    "cumulative_cardinality": 259193435,
                    "operator_type": "ORDER_BY",
                    "operator_cardinality": 114824,
                    "cumulative_rows_scanned": 48062494,
                    "operator_rows_scanned": 0,
                    "operator_timing": 0.008489692999999998,
                    "result_set_size": 8496976,
                    "children": [
                        {
                            "operator_name": "PROJECTION",
                            "cpu_time": 10.295966545000018,
                            "extra_info": {
                                "Projections": [
                                    "#0",
                                    "#1",
                                    "#2",
                                    "#3",
                                    "__internal_compress_integral_usmallint(#4, -72)",
                                    "#5",
                                    "#6",
                                    "#7"
                                ],
                                "Estimated Cardinality": "6"
                            },
                            "cumulative_cardinality": 259078611,
                            "operator_type": "PROJECTION",
                            "operator_cardinality": 114824,
                            "cumulative_rows_scanned": 48062494,
                            "operator_rows_scanned": 0,
                            "operator_timing": 0.0005797190000000003,
                            "result_set_size": 8496976,
                            "children": [
                                {
                                    "operator_name": "PROJECTION",
                                    "cpu_time": 10.29538682600002,
                                    "extra_info": {
                                        "Projections": [
                                            "UserId",
                                            "reputation",
                                            "title",
                                            "creationdate",
                                            "score",
                                            "CommentCount",
                                            "TotalUpvotes",
                                            "TotalDownvotes"
                                        ],
                                        "Estimated Cardinality": "6"
                                    },
                                    "cumulative_cardinality": 258963787,
                                    "operator_type": "PROJECTION",
                                    "operator_cardinality": 114824,
                                    "cumulative_rows_scanned": 48062494,
                                    "operator_rows_scanned": 0,
                                    "operator_timing": 0.00032153399999999973,
                                    "result_set_size": 8726624,
                                    "children": [
                                        {
                                            "operator_name": "HASH_JOIN",
                                            "cpu_time": 10.29506529200002,
                                            "extra_info": {
                                                "Join Type": "INNER",
                                                "Conditions": "PostId = id",
                                                "Estimated Cardinality": "6"
                                            },
                                            "cumulative_cardinality": 258848963,
                                            "operator_type": "HASH_JOIN",
                                            "operator_cardinality": 114824,
                                            "cumulative_rows_scanned": 48062494,
                                            "operator_rows_scanned": 0,
                                            "operator_timing": 0.06904634500000045,
                                            "result_set_size": 8726624,
                                            "children": [
                                                {
                                                    "operator_name": "PROJECTION",
                                                    "cpu_time": 7.807862202000018,
                                                    "extra_info": {
                                                        "Projections": [
                                                            "PostId",
                                                            "title",
                                                            "creationdate",
                                                            "score",
                                                            "CommentCount",
                                                            "TotalUpvotes",
                                                            "TotalDownvotes"
                                                        ],
                                                        "Estimated Cardinality": "3850116"
                                                    },
                                                    "cumulative_cardinality": 205953652,
                                                    "operator_type": "PROJECTION",
                                                    "operator_cardinality": 3849087,
                                                    "cumulative_rows_scanned": 25096749,
                                                    "operator_rows_scanned": 0,
                                                    "operator_timing": 0.048761464000000025,
                                                    "result_set_size": 277134264,
                                                    "children": [
                                                        {
                                                            "operator_name": "PROJECTION",
                                                            "cpu_time": 7.759100738000018,
                                                            "extra_info": {
                                                                "Projections": [
                                                                    "#0",
                                                                    "#1",
                                                                    "#2",
                                                                    "__internal_decompress_integral_integer(#3, -72)",
                                                                    "#4",
                                                                    "#5",
                                                                    "#6",
                                                                    "#7",
                                                                    "#8"
                                                                ],
                                                                "Estimated Cardinality": "3850116"
                                                            },
                                                            "cumulative_cardinality": 202104565,
                                                            "operator_type": "PROJECTION",
                                                            "operator_cardinality": 3849087,
                                                            "cumulative_rows_scanned": 25096749,
                                                            "operator_rows_scanned": 0,
                                                            "operator_timing": 0.0018293090000000038,
                                                            "result_set_size": 400305048,
                                                            "children": [
                                                                {
                                                                    "operator_name": "HASH_GROUP_BY",
                                                                    "cpu_time": 7.757271429000018,
                                                                    "extra_info": {
                                                                        "Groups": [
                                                                            "#0",
                                                                            "#1",
                                                                            "#2",
                                                                            "#3",
                                                                            "#4",
                                                                            "#5"
                                                                        ],
                                                                        "Aggregates": [
                                                                            "count(#6)",
                                                                            "sum(#7)",
                                                                            "sum(#8)"
                                                                        ],
                                                                        "Estimated Cardinality": "3850116"
                                                                    },
                                                                    "cumulative_cardinality": 198255478,
                                                                    "operator_type": "HASH_GROUP_BY",
                                                                    "operator_cardinality": 3849087,
                                                                    "cumulative_rows_scanned": 25096749,
                                                                    "operator_rows_scanned": 0,
                                                                    "operator_timing": 4.048168855000013,
                                                                    "result_set_size": 392606874,
                                                                    "children": [
                                                                        {
                                                                            "operator_name": "PROJECTION",
                                                                            "cpu_time": 3.7091025740000054,
                                                                            "extra_info": {
                                                                                "Projections": [
                                                                                    "id",
                                                                                    "title",
                                                                                    "creationdate",
                                                                                    "score",
                                                                                    "displayname",
                                                                                    "name",
                                                                                    "id",
                                                                                    "CASE  WHEN ((votetypeid = 2)) THEN (1) ELSE 0 END",
                                                                                    "CASE  WHEN ((votetypeid = 3)) THEN (1) ELSE 0 END"
                                                                                ],
                                                                                "Estimated Cardinality": "12744093"
                                                                            },
                                                                            "cumulative_cardinality": 194406391,
                                                                            "operator_type": "PROJECTION",
                                                                            "operator_cardinality": 34985796,
                                                                            "cumulative_rows_scanned": 25096749,
                                                                            "operator_rows_scanned": 0,
                                                                            "operator_timing": 0.17124890700000206,
                                                                            "result_set_size": 2588948904,
                                                                            "children": [
                                                                                {
                                                                                    "operator_name": "PROJECTION",
                                                                                    "cpu_time": 3.5378536670000034,
                                                                                    "extra_info": {
                                                                                        "Projections": [
                                                                                            "#0",
                                                                                            "#1",
                                                                                            "__internal_compress_integral_usmallint(#2, -72)",
                                                                                            "#3",
                                                                                            "#4",
                                                                                            "#5",
                                                                                            "#6",
                                                                                            "#7"
                                                                                        ],
                                                                                        "Estimated Cardinality": "12744093"
                                                                                    },
                                                                                    "cumulative_cardinality": 159420595,
                                                                                    "operator_type": "PROJECTION",
                                                                                    "operator_cardinality": 34985796,
                                                                                    "cumulative_rows_scanned": 25096749,
                                                                                    "operator_rows_scanned": 0,
                                                                                    "operator_timing": 0.04275801499999998,
                                                                                    "result_set_size": 2379034128,
                                                                                    "children": [
                                                                                        {
                                                                                            "operator_name": "PROJECTION",
                                                                                            "cpu_time": 3.4950956520000034,
                                                                                            "extra_info": {
                                                                                                "Projections": [
                                                                                                    "#0",
                                                                                                    "#1",
                                                                                                    "#2",
                                                                                                    "#3",
                                                                                                    "#4",
                                                                                                    "#5",
                                                                                                    "#6",
                                                                                                    "__internal_decompress_integral_smallint(#7, 1)"
                                                                                                ],
                                                                                                "Estimated Cardinality": "12744093"
                                                                                            },
                                                                                            "cumulative_cardinality": 124434799,
                                                                                            "operator_type": "PROJECTION",
                                                                                            "operator_cardinality": 34985796,
                                                                                            "cumulative_rows_scanned": 25096749,
                                                                                            "operator_rows_scanned": 0,
                                                                                            "operator_timing": 0.08343445700000007,
                                                                                            "result_set_size": 2449005720,
                                                                                            "children": [
                                                                                                {
                                                                                                    "operator_name": "HASH_JOIN",
                                                                                                    "cpu_time": 3.4116611950000033,
                                                                                                    "extra_info": {
                                                                                                        "Join Type": "LEFT",
                                                                                                        "Conditions": "id = postid",
                                                                                                        "Estimated Cardinality": "12744093"
                                                                                                    },
                                                                                                    "cumulative_cardinality": 89449003,
                                                                                                    "operator_type": "HASH_JOIN",
                                                                                                    "operator_cardinality": 34985796,
                                                                                                    "cumulative_rows_scanned": 25096749,
                                                                                                    "operator_rows_scanned": 0,
                                                                                                    "operator_timing": 1.4905940180000037,
                                                                                                    "result_set_size": 2414019924,
                                                                                                    "children": [
                                                                                                        {
                                                                                                            "operator_name": "HASH_JOIN",
                                                                                                            "cpu_time": 1.7887520680000002,
                                                                                                            "extra_info": {
                                                                                                                "Join Type": "LEFT",
                                                                                                                "Conditions": "id = postid",
                                                                                                                "Estimated Cardinality": "7241822"
                                                                                                            },
                                                                                                            "cumulative_cardinality": 28975021,
                                                                                                            "operator_type": "HASH_JOIN",
                                                                                                            "operator_cardinality": 8925220,
                                                                                                            "cumulative_rows_scanned": 12352656,
                                                                                                            "operator_rows_scanned": 0,
                                                                                                            "operator_timing": 0.695252675,
                                                                                                            "result_set_size": 606914960,
                                                                                                            "children": [
                                                                                                                {
                                                                                                                    "operator_name": "HASH_JOIN",
                                                                                                                    "cpu_time": 1.0164300450000003,
                                                                                                                    "extra_info": {
                                                                                                                        "Join Type": "LEFT",
                                                                                                                        "Conditions": "posttypeid = id",
                                                                                                                        "Estimated Cardinality": "3850116"
                                                                                                                    },
                                                                                                                    "cumulative_cardinality": 12807979,
                                                                                                                    "operator_type": "HASH_JOIN",
                                                                                                                    "operator_cardinality": 3849087,
                                                                                                                    "cumulative_rows_scanned": 5110834,
                                                                                                                    "operator_rows_scanned": 0,
                                                                                                                    "operator_timing": 0.08788468100000002,
                                                                                                                    "result_set_size": 246341568,
                                                                                                                    "children": [
                                                                                                                        {
                                                                                                                            "operator_name": "HASH_JOIN",
                                                                                                                            "cpu_time": 0.9282489090000002,
                                                                                                                            "extra_info": {
                                                                                                                                "Join Type": "LEFT",
                                                                                                                                "Conditions": "owneruserid = id",
                                                                                                                                "Estimated Cardinality": "3850116"
                                                                                                                            },
                                                                                                                            "cumulative_cardinality": 8958884,
                                                                                                                            "operator_type": "HASH_JOIN",
                                                                                                                            "operator_cardinality": 3849087,
                                                                                                                            "cumulative_rows_scanned": 5110826,
                                                                                                                            "operator_rows_scanned": 0,
                                                                                                                            "operator_timing": 0.29513476299999986,
                                                                                                                            "result_set_size": 192454350,
                                                                                                                            "children": [
                                                                                                                                {
                                                                                                                                    "operator_name": "READ_PARQUET ",
                                                                                                                                    "cpu_time": 0.5441612410000003,
                                                                                                                                    "extra_info": {
                                                                                                                                        "Function": "READ_PARQUET",
                                                                                                                                        "Projections": [
                                                                                                                                            "id",
                                                                                                                                            "posttypeid",
                                                                                                                                            "creationdate",
                                                                                                                                            "score",
                                                                                                                                            "owneruserid",
                                                                                                                                            "title"
                                                                                                                                        ],
                                                                                                                                        "Estimated Cardinality": "3850116"
                                                                                                                                    },
                                                                                                                                    "cumulative_cardinality": 3849087,
                                                                                                                                    "operator_type": "TABLE_SCAN",
                                                                                                                                    "operator_cardinality": 3849087,
                                                                                                                                    "cumulative_rows_scanned": 3850116,
                                                                                                                                    "operator_rows_scanned": 3850116,
                                                                                                                                    "operator_timing": 0.5441612410000003,
                                                                                                                                    "result_set_size": 146265306,
                                                                                                                                    "children": []
                                                                                                                                },
                                                                                                                                {
                                                                                                                                    "operator_name": "READ_PARQUET ",
                                                                                                                                    "cpu_time": 0.08895290500000004,
                                                                                                                                    "extra_info": {
                                                                                                                                        "Function": "READ_PARQUET",
                                                                                                                                        "Projections": [
                                                                                                                                            "id",
                                                                                                                                            "displayname"
                                                                                                                                        ],
                                                                                                                                        "Estimated Cardinality": "1260710"
                                                                                                                                    },
                                                                                                                                    "cumulative_cardinality": 1260710,
                                                                                                                                    "operator_type": "TABLE_SCAN",
                                                                                                                                    "operator_cardinality": 1260710,
                                                                                                                                    "cumulative_rows_scanned": 1260710,
                                                                                                                                    "operator_rows_scanned": 1260710,
                                                                                                                                    "operator_timing": 0.08895290500000004,
                                                                                                                                    "result_set_size": 25214200,
                                                                                                                                    "children": []
                                                                                                                                }
                                                                                                                            ]
                                                                                                                        },
                                                                                                                        {
                                                                                                                            "operator_name": "READ_PARQUET ",
                                                                                                                            "cpu_time": 0.000296455,
                                                                                                                            "extra_info": {
                                                                                                                                "Function": "READ_PARQUET",
                                                                                                                                "Projections": [
                                                                                                                                    "id",
                                                                                                                                    "name"
                                                                                                                                ],
                                                                                                                                "Estimated Cardinality": "8"
                                                                                                                            },
                                                                                                                            "cumulative_cardinality": 8,
                                                                                                                            "operator_type": "TABLE_SCAN",
                                                                                                                            "operator_cardinality": 8,
                                                                                                                            "cumulative_rows_scanned": 8,
                                                                                                                            "operator_rows_scanned": 8,
                                                                                                                            "operator_timing": 0.000296455,
                                                                                                                            "result_set_size": 144,
                                                                                                                            "children": []
                                                                                                                        }
                                                                                                                    ]
                                                                                                                },
                                                                                                                {
                                                                                                                    "operator_name": "READ_PARQUET ",
                                                                                                                    "cpu_time": 0.07706934799999993,
                                                                                                                    "extra_info": {
                                                                                                                        "Function": "READ_PARQUET",
                                                                                                                        "Projections": [
                                                                                                                            "id",
                                                                                                                            "postid"
                                                                                                                        ],
                                                                                                                        "Estimated Cardinality": "7241822"
                                                                                                                    },
                                                                                                                    "cumulative_cardinality": 7241822,
                                                                                                                    "operator_type": "TABLE_SCAN",
                                                                                                                    "operator_cardinality": 7241822,
                                                                                                                    "cumulative_rows_scanned": 7241822,
                                                                                                                    "operator_rows_scanned": 7241822,
                                                                                                                    "operator_timing": 0.07706934799999993,
                                                                                                                    "result_set_size": 57934576,
                                                                                                                    "children": []
                                                                                                                }
                                                                                                            ]
                                                                                                        },
                                                                                                        {
                                                                                                            "operator_name": "PROJECTION",
                                                                                                            "cpu_time": 0.13231510899999965,
                                                                                                            "extra_info": {
                                                                                                                "Projections": [
                                                                                                                    "#0",
                                                                                                                    "__internal_compress_integral_utinyint(#1, 1)"
                                                                                                                ],
                                                                                                                "Estimated Cardinality": "12744093"
                                                                                                            },
                                                                                                            "cumulative_cardinality": 25488186,
                                                                                                            "operator_type": "PROJECTION",
                                                                                                            "operator_cardinality": 12744093,
                                                                                                            "cumulative_rows_scanned": 12744093,
                                                                                                            "operator_rows_scanned": 0,
                                                                                                            "operator_timing": 0.0032410129999999905,
                                                                                                            "result_set_size": 63720465,
                                                                                                            "children": [
                                                                                                                {
                                                                                                                    "operator_name": "READ_PARQUET ",
                                                                                                                    "cpu_time": 0.12907409599999967,
                                                                                                                    "extra_info": {
                                                                                                                        "Function": "READ_PARQUET",
                                                                                                                        "Projections": [
                                                                                                                            "postid",
                                                                                                                            "votetypeid"
                                                                                                                        ],
                                                                                                                        "Estimated Cardinality": "12744093"
                                                                                                                    },
                                                                                                                    "cumulative_cardinality": 12744093,
                                                                                                                    "operator_type": "TABLE_SCAN",
                                                                                                                    "operator_cardinality": 12744093,
                                                                                                                    "cumulative_rows_scanned": 12744093,
                                                                                                                    "operator_rows_scanned": 12744093,
                                                                                                                    "operator_timing": 0.12907409599999967,
                                                                                                                    "result_set_size": 76464558,
                                                                                                                    "children": []
                                                                                                                }
                                                                                                            ]
                                                                                                        }
                                                                                                    ]
                                                                                                }
                                                                                            ]
                                                                                        }
                                                                                    ]
                                                                                }
                                                                            ]
                                                                        }
                                                                    ]
                                                                }
                                                            ]
                                                        }
                                                    ]
                                                },
                                                {
                                                    "operator_name": "HASH_JOIN",
                                                    "cpu_time": 2.4181567450000014,
                                                    "extra_info": {
                                                        "Join Type": "INNER",
                                                        "Conditions": "owneruserid = id",
                                                        "Estimated Cardinality": "6"
                                                    },
                                                    "cumulative_cardinality": 52780487,
                                                    "operator_type": "HASH_JOIN",
                                                    "operator_cardinality": 114824,
                                                    "cumulative_rows_scanned": 22965745,
                                                    "operator_rows_scanned": 0,
                                                    "operator_timing": 0.008981633000000011,
                                                    "result_set_size": 1377888,
                                                    "children": [
                                                        {
                                                            "operator_name": "READ_PARQUET ",
                                                            "cpu_time": 0.08940706400000001,
                                                            "extra_info": {
                                                                "Function": "READ_PARQUET",
                                                                "Projections": [
                                                                    "id",
                                                                    "owneruserid"
                                                                ],
                                                                "Estimated Cardinality": "3850116"
                                                            },
                                                            "cumulative_cardinality": 2737025,
                                                            "operator_type": "TABLE_SCAN",
                                                            "operator_cardinality": 2737025,
                                                            "cumulative_rows_scanned": 3850116,
                                                            "operator_rows_scanned": 3850116,
                                                            "operator_timing": 0.08940706400000001,
                                                            "result_set_size": 21896200,
                                                            "children": []
                                                        },
                                                        {
                                                            "operator_name": "FILTER",
                                                            "cpu_time": 2.3197680480000016,
                                                            "extra_info": {
                                                                "Expression": "(id <= 1416539)",
                                                                "Estimated Cardinality": "2"
                                                            },
                                                            "cumulative_cardinality": 49928638,
                                                            "operator_type": "FILTER",
                                                            "operator_cardinality": 10,
                                                            "cumulative_rows_scanned": 19115629,
                                                            "operator_rows_scanned": 0,
                                                            "operator_timing": 0.000006241,
                                                            "result_set_size": 80,
                                                            "children": [
                                                                {
                                                                    "operator_name": "STREAMING_LIMIT",
                                                                    "cpu_time": 2.3197618070000017,
                                                                    "extra_info": {},
                                                                    "cumulative_cardinality": 49928628,
                                                                    "operator_type": "STREAMING_LIMIT",
                                                                    "operator_cardinality": 10,
                                                                    "cumulative_rows_scanned": 19115629,
                                                                    "operator_rows_scanned": 0,
                                                                    "operator_timing": 0.0000010530000000000001,
                                                                    "result_set_size": 80,
                                                                    "children": [
                                                                        {
                                                                            "operator_name": "ORDER_BY",
                                                                            "cpu_time": 2.3197607540000016,
                                                                            "extra_info": {
                                                                                "Order By": "UserReputation.Reputation DESC"
                                                                            },
                                                                            "cumulative_cardinality": 49928618,
                                                                            "operator_type": "ORDER_BY",
                                                                            "operator_cardinality": 4096,
                                                                            "cumulative_rows_scanned": 19115629,
                                                                            "operator_rows_scanned": 0,
                                                                            "operator_timing": 0.003744044000000002,
                                                                            "result_set_size": 32768,
                                                                            "children": [
                                                                                {
                                                                                    "operator_name": "PROJECTION",
                                                                                    "cpu_time": 2.3160167100000018,
                                                                                    "extra_info": {
                                                                                        "Projections": [
                                                                                            "id",
                                                                                            "reputation"
                                                                                        ],
                                                                                        "Estimated Cardinality": "2"
                                                                                    },
                                                                                    "cumulative_cardinality": 49924522,
                                                                                    "operator_type": "PROJECTION",
                                                                                    "operator_cardinality": 199012,
                                                                                    "cumulative_rows_scanned": 19115629,
                                                                                    "operator_rows_scanned": 0,
                                                                                    "operator_timing": 0.00007491299999999997,
                                                                                    "result_set_size": 1592096,
                                                                                    "children": [
                                                                                        {
                                                                                            "operator_name": "NESTED_LOOP_JOIN",
                                                                                            "cpu_time": 2.3159417970000016,
                                                                                            "extra_info": {
                                                                                                "Join Type": "INNER",
                                                                                                "Conditions": "CAST(reputation AS DOUBLE) > SUBQUERY",
                                                                                                "Estimated Cardinality": "2"
                                                                                            },
                                                                                            "cumulative_cardinality": 49725510,
                                                                                            "operator_type": "NESTED_LOOP_JOIN",
                                                                                            "operator_cardinality": 199012,
                                                                                            "cumulative_rows_scanned": 19115629,
                                                                                            "operator_rows_scanned": 0,
                                                                                            "operator_timing": 0.011927883000000028,
                                                                                            "result_set_size": 3184192,
                                                                                            "children": [
                                                                                                {
                                                                                                    "operator_name": "HASH_GROUP_BY",
                                                                                                    "cpu_time": 2.292126074000002,
                                                                                                    "extra_info": {
                                                                                                        "Groups": [
                                                                                                            "#0",
                                                                                                            "#1"
                                                                                                        ],
                                                                                                        "Aggregates": "",
                                                                                                        "Estimated Cardinality": "1260710"
                                                                                                    },
                                                                                                    "cumulative_cardinality": 47005074,
                                                                                                    "operator_type": "HASH_GROUP_BY",
                                                                                                    "operator_cardinality": 1260710,
                                                                                                    "cumulative_rows_scanned": 17854919,
                                                                                                    "operator_rows_scanned": 0,
                                                                                                    "operator_timing": 0.40574173600000024,
                                                                                                    "result_set_size": 10085680,
                                                                                                    "children": [
                                                                                                        {
                                                                                                            "operator_name": "PROJECTION",
                                                                                                            "cpu_time": 1.8863843380000014,
                                                                                                            "extra_info": {
                                                                                                                "Projections": [
                                                                                                                    "id",
                                                                                                                    "reputation"
                                                                                                                ],
                                                                                                                "Estimated Cardinality": "12744093"
                                                                                                            },
                                                                                                            "cumulative_cardinality": 45744364,
                                                                                                            "operator_type": "PROJECTION",
                                                                                                            "operator_cardinality": 11739825,
                                                                                                            "cumulative_rows_scanned": 17854919,
                                                                                                            "operator_rows_scanned": 0,
                                                                                                            "operator_timing": 0.002133102999999993,
                                                                                                            "result_set_size": 93918600,
                                                                                                            "children": [
                                                                                                                {
                                                                                                                    "operator_name": "HASH_JOIN",
                                                                                                                    "cpu_time": 1.8842512350000014,
                                                                                                                    "extra_info": {
                                                                                                                        "Join Type": "RIGHT",
                                                                                                                        "Conditions": "postid = id",
                                                                                                                        "Estimated Cardinality": "12744093"
                                                                                                                    },
                                                                                                                    "cumulative_cardinality": 34004539,
                                                                                                                    "operator_type": "HASH_JOIN",
                                                                                                                    "operator_cardinality": 11739825,
                                                                                                                    "cumulative_rows_scanned": 17854919,
                                                                                                                    "operator_rows_scanned": 0,
                                                                                                                    "operator_timing": 1.038651241000001,
                                                                                                                    "result_set_size": 234796500,
                                                                                                                    "children": [
                                                                                                                        {
                                                                                                                            "operator_name": "READ_PARQUET ",
                                                                                                                            "cpu_time": 0.27159292499999976,
                                                                                                                            "extra_info": {
                                                                                                                                "Function": "READ_PARQUET",
                                                                                                                                "Projections": "postid",
                                                                                                                                "Estimated Cardinality": "12744093"
                                                                                                                            },
                                                                                                                            "cumulative_cardinality": 12744093,
                                                                                                                            "operator_type": "TABLE_SCAN",
                                                                                                                            "operator_cardinality": 12744093,
                                                                                                                            "cumulative_rows_scanned": 12744093,
                                                                                                                            "operator_rows_scanned": 12744093,
                                                                                                                            "operator_timing": 0.27159292499999976,
                                                                                                                            "result_set_size": 50976372,
                                                                                                                            "children": []
                                                                                                                        },
                                                                                                                        {
                                                                                                                            "operator_name": "HASH_JOIN",
                                                                                                                            "cpu_time": 0.5740070690000005,
                                                                                                                            "extra_info": {
                                                                                                                                "Join Type": "RIGHT",
                                                                                                                                "Conditions": "owneruserid = id",
                                                                                                                                "Estimated Cardinality": "3850116"
                                                                                                                            },
                                                                                                                            "cumulative_cardinality": 9520621,
                                                                                                                            "operator_type": "HASH_JOIN",
                                                                                                                            "operator_cardinality": 4574495,
                                                                                                                            "cumulative_rows_scanned": 5110826,
                                                                                                                            "operator_rows_scanned": 0,
                                                                                                                            "operator_timing": 0.3564663260000005,
                                                                                                                            "result_set_size": 73191920,
                                                                                                                            "children": [
                                                                                                                                {
                                                                                                                                    "operator_name": "READ_PARQUET ",
                                                                                                                                    "cpu_time": 0.20409056700000003,
                                                                                                                                    "extra_info": {
                                                                                                                                        "Function": "READ_PARQUET",
                                                                                                                                        "Projections": [
                                                                                                                                            "id",
                                                                                                                                            "owneruserid"
                                                                                                                                        ],
                                                                                                                                        "Estimated Cardinality": "3850116"
                                                                                                                                    },
                                                                                                                                    "cumulative_cardinality": 3685416,
                                                                                                                                    "operator_type": "TABLE_SCAN",
                                                                                                                                    "operator_cardinality": 3685416,
                                                                                                                                    "cumulative_rows_scanned": 3850116,
                                                                                                                                    "operator_rows_scanned": 3850116,
                                                                                                                                    "operator_timing": 0.20409056700000003,
                                                                                                                                    "result_set_size": 29483328,
                                                                                                                                    "children": []
                                                                                                                                },
                                                                                                                                {
                                                                                                                                    "operator_name": "READ_PARQUET ",
                                                                                                                                    "cpu_time": 0.013450176000000008,
                                                                                                                                    "extra_info": {
                                                                                                                                        "Function": "READ_PARQUET",
                                                                                                                                        "Projections": [
                                                                                                                                            "id",
                                                                                                                                            "reputation"
                                                                                                                                        ],
                                                                                                                                        "Estimated Cardinality": "1260710"
                                                                                                                                    },
                                                                                                                                    "cumulative_cardinality": 1260710,
                                                                                                                                    "operator_type": "TABLE_SCAN",
                                                                                                                                    "operator_cardinality": 1260710,
                                                                                                                                    "cumulative_rows_scanned": 1260710,
                                                                                                                                    "operator_rows_scanned": 1260710,
                                                                                                                                    "operator_timing": 0.013450176000000008,
                                                                                                                                    "result_set_size": 10085680,
                                                                                                                                    "children": []
                                                                                                                                }
                                                                                                                            ]
                                                                                                                        }
                                                                                                                    ]
                                                                                                                }
                                                                                                            ]
                                                                                                        }
                                                                                                    ]
                                                                                                },
                                                                                                {
                                                                                                    "operator_name": "PROJECTION",
                                                                                                    "cpu_time": 0.011887839999999985,
                                                                                                    "extra_info": {
                                                                                                        "Projections": [
                                                                                                            "CASE  WHEN ((#1 > 1)) THEN (error('More than one row returned by a subquery used as an expression - scalar subqueries can only return a single row.",
                                                                                                            "Use \"SET scalar_subquery_error_on_multiple_rows=false\" to revert to previous behavior of returning a random row.')) ELSE #0 END"
                                                                                                        ],
                                                                                                        "Estimated Cardinality": "1"
                                                                                                    },
                                                                                                    "cumulative_cardinality": 2521424,
                                                                                                    "operator_type": "PROJECTION",
                                                                                                    "operator_cardinality": 1,
                                                                                                    "cumulative_rows_scanned": 1260710,
                                                                                                    "operator_rows_scanned": 0,
                                                                                                    "operator_timing": 0.000003587,
                                                                                                    "result_set_size": 8,
                                                                                                    "children": [
                                                                                                        {
                                                                                                            "operator_name": "UNGROUPED_AGGREGATE",
                                                                                                            "cpu_time": 0.011884252999999985,
                                                                                                            "extra_info": {
                                                                                                                "Aggregates": [
                                                                                                                    "\"first\"(#0)",
                                                                                                                    "count_star()"
                                                                                                                ]
                                                                                                            },
                                                                                                            "cumulative_cardinality": 2521423,
                                                                                                            "operator_type": "UNGROUPED_AGGREGATE",
                                                                                                            "operator_cardinality": 1,
                                                                                                            "cumulative_rows_scanned": 1260710,
                                                                                                            "operator_rows_scanned": 0,
                                                                                                            "operator_timing": 0.000001974,
                                                                                                            "result_set_size": 16,
                                                                                                            "children": [
                                                                                                                {
                                                                                                                    "operator_name": "PROJECTION",
                                                                                                                    "cpu_time": 0.011882278999999985,
                                                                                                                    "extra_info": {
                                                                                                                        "Projections": "#0",
                                                                                                                        "Estimated Cardinality": "1"
                                                                                                                    },
                                                                                                                    "cumulative_cardinality": 2521422,
                                                                                                                    "operator_type": "PROJECTION",
                                                                                                                    "operator_cardinality": 1,
                                                                                                                    "cumulative_rows_scanned": 1260710,
                                                                                                                    "operator_rows_scanned": 0,
                                                                                                                    "operator_timing": 4.21e-7,
                                                                                                                    "result_set_size": 8,
                                                                                                                    "children": [
                                                                                                                        {
                                                                                                                            "operator_name": "UNGROUPED_AGGREGATE",
                                                                                                                            "cpu_time": 0.011881857999999985,
                                                                                                                            "extra_info": {
                                                                                                                                "Aggregates": "avg(#0)"
                                                                                                                            },
                                                                                                                            "cumulative_cardinality": 2521421,
                                                                                                                            "operator_type": "UNGROUPED_AGGREGATE",
                                                                                                                            "operator_cardinality": 1,
                                                                                                                            "cumulative_rows_scanned": 1260710,
                                                                                                                            "operator_rows_scanned": 0,
                                                                                                                            "operator_timing": 0.004826140999999987,
                                                                                                                            "result_set_size": 8,
                                                                                                                            "children": [
                                                                                                                                {
                                                                                                                                    "operator_name": "PROJECTION",
                                                                                                                                    "cpu_time": 0.007055716999999998,
                                                                                                                                    "extra_info": {
                                                                                                                                        "Projections": "reputation",
                                                                                                                                        "Estimated Cardinality": "1260710"
                                                                                                                                    },
                                                                                                                                    "cumulative_cardinality": 2521420,
                                                                                                                                    "operator_type": "PROJECTION",
                                                                                                                                    "operator_cardinality": 1260710,
                                                                                                                                    "cumulative_rows_scanned": 1260710,
                                                                                                                                    "operator_rows_scanned": 0,
                                                                                                                                    "operator_timing": 0.00005293200000000007,
                                                                                                                                    "result_set_size": 5042840,
                                                                                                                                    "children": [
                                                                                                                                        {
                                                                                                                                            "operator_name": "READ_PARQUET ",
                                                                                                                                            "cpu_time": 0.0070027849999999975,
                                                                                                                                            "extra_info": {
                                                                                                                                                "Function": "READ_PARQUET",
                                                                                                                                                "Projections": "reputation",
                                                                                                                                                "Estimated Cardinality": "1260710"
                                                                                                                                            },
                                                                                                                                            "cumulative_cardinality": 1260710,
                                                                                                                                            "operator_type": "TABLE_SCAN",
                                                                                                                                            "operator_cardinality": 1260710,
                                                                                                                                            "cumulative_rows_scanned": 1260710,
                                                                                                                                            "operator_rows_scanned": 1260710,
                                                                                                                                            "operator_timing": 0.0070027849999999975,
                                                                                                                                            "result_set_size": 5042840,
                                                                                                                                            "children": []
                                                                                                                                        }
                                                                                                                                    ]
                                                                                                                                }
                                                                                                                            ]
                                                                                                                        }
                                                                                                                    ]
                                                                                                                }
                                                                                                            ]
                                                                                                        }
                                                                                                    ]
                                                                                                }
                                                                                            ]
                                                                                        }
                                                                                    ]
                                                                                }
                                                                            ]
                                                                        }
                                                                    ]
                                                                }
                                                            ]
                                                        }
                                                    ]
                                                }
                                            ]
                                        }
                                    ]
                                }
                            ]
                        }
                    ]
                }
            ]
        }
    ]
}