{
    "rows_returned": 170,
    "query_name": "WITH RecentPostStats AS (\n    SELECT \n        p.Id AS PostId,\n        p.Title,\n        p.CreationDate,\n        p.Score,\n        COALESCE(c.CommentCount, 0) AS CommentCount,\n        COALESCE(a.AnswerCount, 0) AS AnswerCount,\n        COALESCE(u.DisplayName, 'Community User') AS OwnerDisplayName,\n        p.Tags,\n        ROW_NUMBER() OVER (PARTITION BY p.Tags ORDER BY p.CreationDate DESC) AS rn\n    FROM \n        Posts p\n    LEFT JOIN \n        (SELECT PostId, COUNT(*) AS CommentCount FROM Comments GROUP BY PostId) c ON p.Id = c.PostId\n    LEFT JOIN \n        (SELECT ParentId, COUNT(*) AS AnswerCount FROM Posts WHERE PostTypeId = 2 GROUP BY ParentId) a ON p.Id = a.ParentId\n    LEFT JOIN \n        Users u ON p.OwnerUserId = u.Id\n    WHERE \n        p.CreationDate >= cast('2024-10-01 12:34:56' as timestamp) - INTERVAL '30 days'\n    AND \n        p.PostTypeId = 1\n),\nTopTags AS (\n    SELECT \n        Tags,\n        COUNT(*) AS PostCount\n    FROM \n        RecentPostStats\n    GROUP BY \n        Tags\n    ORDER BY \n        PostCount DESC\n    LIMIT 5\n),\nFilteredPosts AS (\n    SELECT \n        r.* \n    FROM \n        RecentPostStats r\n    JOIN \n        TopTags t ON r.Tags = t.Tags\n)\nSELECT \n    fp.PostId,\n    fp.Title,\n    fp.CreationDate,\n    fp.Score,\n    fp.CommentCount,\n    fp.AnswerCount,\n    fp.OwnerDisplayName,\n    fp.Tags\nFROM \n    FilteredPosts fp\nORDER BY \n    fp.Score DESC, \n    fp.CreationDate DESC;",
    "blocked_thread_time": 0.0,
    "cpu_time": 1.5262480789999988,
    "extra_info": {},
    "cumulative_cardinality": 47319447,
    "cumulative_rows_scanned": 32405528,
    "result_set_size": 13600,
    "latency": 1.642868537,
    "children": [
        {
            "operator_name": "PROJECTION",
            "cpu_time": 1.5262480789999988,
            "extra_info": {
                "Projections": [
                    "#0",
                    "#1",
                    "#2",
                    "__internal_decompress_integral_integer(#3, -72)",
                    "#4",
                    "#5",
                    "#6",
                    "#7"
                ],
                "Estimated Cardinality": "4"
            },
            "cumulative_cardinality": 47319447,
            "operator_type": "PROJECTION",
            "operator_cardinality": 170,
            "cumulative_rows_scanned": 32405528,
            "operator_rows_scanned": 0,
            "operator_timing": 0.000002535,
            "result_set_size": 13600,
            "children": [
                {
                    "operator_name": "ORDER_BY",
                    "cpu_time": 1.526245543999999,
                    "extra_info": {
                        "Order By": [
                            "fp.Score DESC",
                            "fp.CreationDate DESC"
                        ]
                    },
                    "cumulative_cardinality": 47319277,
                    "operator_type": "ORDER_BY",
                    "operator_cardinality": 170,
                    "cumulative_rows_scanned": 32405528,
                    "operator_rows_scanned": 0,
                    "operator_timing": 0.000036189,
                    "result_set_size": 13260,
                    "children": [
                        {
                            "operator_name": "PROJECTION",
                            "cpu_time": 1.5262093549999989,
                            "extra_info": {
                                "Projections": [
                                    "#0",
                                    "#1",
                                    "#2",
                                    "__internal_compress_integral_usmallint(#3, -72)",
                                    "#4",
                                    "#5",
                                    "#6",
                                    "#7"
                                ],
                                "Estimated Cardinality": "4"
                            },
                            "cumulative_cardinality": 47319107,
                            "operator_type": "PROJECTION",
                            "operator_cardinality": 170,
                            "cumulative_rows_scanned": 32405528,
                            "operator_rows_scanned": 0,
                            "operator_timing": 0.000004178,
                            "result_set_size": 13260,
                            "children": [
                                {
                                    "operator_name": "PROJECTION",
                                    "cpu_time": 1.526205176999999,
                                    "extra_info": {
                                        "Projections": [
                                            "PostId",
                                            "title",
                                            "creationdate",
                                            "score",
                                            "CommentCount",
                                            "AnswerCount",
                                            "OwnerDisplayName",
                                            "tags"
                                        ],
                                        "Estimated Cardinality": "4"
                                    },
                                    "cumulative_cardinality": 47318937,
                                    "operator_type": "PROJECTION",
                                    "operator_cardinality": 170,
                                    "cumulative_rows_scanned": 32405528,
                                    "operator_rows_scanned": 0,
                                    "operator_timing": 5.72e-7,
                                    "result_set_size": 13600,
                                    "children": [
                                        {
                                            "operator_name": "HASH_JOIN",
                                            "cpu_time": 1.5262046049999989,
                                            "extra_info": {
                                                "Join Type": "INNER",
                                                "Conditions": "tags = tags",
                                                "Estimated Cardinality": "4"
                                            },
                                            "cumulative_cardinality": 47318767,
                                            "operator_type": "HASH_JOIN",
                                            "operator_cardinality": 170,
                                            "cumulative_rows_scanned": 32405528,
                                            "operator_rows_scanned": 0,
                                            "operator_timing": 0.0006245580000000001,
                                            "result_set_size": 17680,
                                            "children": [
                                                {
                                                    "operator_name": "PROJECTION",
                                                    "cpu_time": 0.8491122259999997,
                                                    "extra_info": {
                                                        "Projections": [
                                                            "PostId",
                                                            "title",
                                                            "creationdate",
                                                            "score",
                                                            "CommentCount",
                                                            "AnswerCount",
                                                            "OwnerDisplayName",
                                                            "tags"
                                                        ],
                                                        "Estimated Cardinality": "3620911"
                                                    },
                                                    "cumulative_cardinality": 23652855,
                                                    "operator_type": "PROJECTION",
                                                    "operator_cardinality": 5096,
                                                    "cumulative_rows_scanned": 16202764,
                                                    "operator_rows_scanned": 0,
                                                    "operator_timing": 0.0005960130000000002,
                                                    "result_set_size": 407680,
                                                    "children": [
                                                        {
                                                            "operator_name": "PROJECTION",
                                                            "cpu_time": 0.8485162129999997,
                                                            "extra_info": {
                                                                "Projections": [
                                                                    "#0",
                                                                    "#1",
                                                                    "#2",
                                                                    "#3",
                                                                    "#4",
                                                                    "#5",
                                                                    "#6",
                                                                    "#7",
                                                                    "#8"
                                                                ],
                                                                "Estimated Cardinality": "3620911"
                                                            },
                                                            "cumulative_cardinality": 23647759,
                                                            "operator_type": "PROJECTION",
                                                            "operator_cardinality": 5096,
                                                            "cumulative_rows_scanned": 16202764,
                                                            "operator_rows_scanned": 0,
                                                            "operator_timing": 0.000012025000000000003,
                                                            "result_set_size": 448448,
                                                            "children": [
                                                                {
                                                                    "operator_name": "WINDOW",
                                                                    "cpu_time": 0.8485041879999997,
                                                                    "extra_info": {
                                                                        "Projections": "ROW_NUMBER() OVER (PARTITION BY tags ORDER BY creationdate DESC NULLS LAST)"
                                                                    },
                                                                    "cumulative_cardinality": 23642663,
                                                                    "operator_type": "WINDOW",
                                                                    "operator_cardinality": 5096,
                                                                    "cumulative_rows_scanned": 16202764,
                                                                    "operator_rows_scanned": 0,
                                                                    "operator_timing": 0.006520610999999999,
                                                                    "result_set_size": 448448,
                                                                    "children": [
                                                                        {
                                                                            "operator_name": "HASH_JOIN",
                                                                            "cpu_time": 0.8419835769999997,
                                                                            "extra_info": {
                                                                                "Join Type": "LEFT",
                                                                                "Conditions": "owneruserid = id",
                                                                                "Estimated Cardinality": "3620911"
                                                                            },
                                                                            "cumulative_cardinality": 23637567,
                                                                            "operator_type": "HASH_JOIN",
                                                                            "operator_cardinality": 5096,
                                                                            "cumulative_rows_scanned": 16202764,
                                                                            "operator_rows_scanned": 0,
                                                                            "operator_timing": 0.07071762499999998,
                                                                            "result_set_size": 407680,
                                                                            "children": [
                                                                                {
                                                                                    "operator_name": "HASH_JOIN",
                                                                                    "cpu_time": 0.6918229939999997,
                                                                                    "extra_info": {
                                                                                        "Join Type": "LEFT",
                                                                                        "Conditions": "id = parentid",
                                                                                        "Estimated Cardinality": "3620911"
                                                                                    },
                                                                                    "cumulative_cardinality": 22371761,
                                                                                    "operator_type": "HASH_JOIN",
                                                                                    "operator_cardinality": 5096,
                                                                                    "cumulative_rows_scanned": 14942054,
                                                                                    "operator_rows_scanned": 0,
                                                                                    "operator_timing": 0.053307460999999993,
                                                                                    "result_set_size": 346528,
                                                                                    "children": [
                                                                                        {
                                                                                            "operator_name": "HASH_JOIN",
                                                                                            "cpu_time": 0.4262585009999998,
                                                                                            "extra_info": {
                                                                                                "Join Type": "RIGHT",
                                                                                                "Conditions": "postid = id",
                                                                                                "Estimated Cardinality": "3620911"
                                                                                            },
                                                                                            "cumulative_cardinality": 16657508,
                                                                                            "operator_type": "HASH_JOIN",
                                                                                            "operator_cardinality": 5096,
                                                                                            "cumulative_rows_scanned": 11091938,
                                                                                            "operator_rows_scanned": 0,
                                                                                            "operator_timing": 0.019054467000000023,
                                                                                            "result_set_size": 305760,
                                                                                            "children": [
                                                                                                {
                                                                                                    "operator_name": "HASH_GROUP_BY",
                                                                                                    "cpu_time": 0.3180068189999998,
                                                                                                    "extra_info": {
                                                                                                        "Groups": "#0",
                                                                                                        "Aggregates": "count_star()",
                                                                                                        "Estimated Cardinality": "3620911"
                                                                                                    },
                                                                                                    "cumulative_cardinality": 16647316,
                                                                                                    "operator_type": "HASH_GROUP_BY",
                                                                                                    "operator_cardinality": 2163672,
                                                                                                    "cumulative_rows_scanned": 7241822,
                                                                                                    "operator_rows_scanned": 0,
                                                                                                    "operator_timing": 0.2739688889999997,
                                                                                                    "result_set_size": 25964064,
                                                                                                    "children": [
                                                                                                        {
                                                                                                            "operator_name": "PROJECTION",
                                                                                                            "cpu_time": 0.04403793000000008,
                                                                                                            "extra_info": {
                                                                                                                "Projections": "postid",
                                                                                                                "Estimated Cardinality": "7241822"
                                                                                                            },
                                                                                                            "cumulative_cardinality": 14483644,
                                                                                                            "operator_type": "PROJECTION",
                                                                                                            "operator_cardinality": 7241822,
                                                                                                            "cumulative_rows_scanned": 7241822,
                                                                                                            "operator_rows_scanned": 0,
                                                                                                            "operator_timing": 0.0004269049999999939,
                                                                                                            "result_set_size": 28967288,
                                                                                                            "children": [
                                                                                                                {
                                                                                                                    "operator_name": "READ_PARQUET ",
                                                                                                                    "cpu_time": 0.04361102500000009,
                                                                                                                    "extra_info": {
                                                                                                                        "Function": "READ_PARQUET",
                                                                                                                        "Projections": "postid",
                                                                                                                        "Estimated Cardinality": "7241822"
                                                                                                                    },
                                                                                                                    "cumulative_cardinality": 7241822,
                                                                                                                    "operator_type": "TABLE_SCAN",
                                                                                                                    "operator_cardinality": 7241822,
                                                                                                                    "cumulative_rows_scanned": 7241822,
                                                                                                                    "operator_rows_scanned": 7241822,
                                                                                                                    "operator_timing": 0.04361102500000009,
                                                                                                                    "result_set_size": 28967288,
                                                                                                                    "children": []
                                                                                                                }
                                                                                                            ]
                                                                                                        }
                                                                                                    ]
                                                                                                },
                                                                                                {
                                                                                                    "operator_name": "READ_PARQUET ",
                                                                                                    "cpu_time": 0.08919721500000001,
                                                                                                    "extra_info": {
                                                                                                        "Function": "READ_PARQUET",
                                                                                                        "Projections": [
                                                                                                            "id",
                                                                                                            "creationdate",
                                                                                                            "score",
                                                                                                            "owneruserid",
                                                                                                            "title",
                                                                                                            "tags"
                                                                                                        ],
                                                                                                        "Filters": [
                                                                                                            "creationdate>='2024-09-01 12:34:56'::TIMESTAMP",
                                                                                                            "posttypeid=1"
                                                                                                        ],
                                                                                                        "Estimated Cardinality": "770023"
                                                                                                    },
                                                                                                    "cumulative_cardinality": 5096,
                                                                                                    "operator_type": "TABLE_SCAN",
                                                                                                    "operator_cardinality": 5096,
                                                                                                    "cumulative_rows_scanned": 3850116,
                                                                                                    "operator_rows_scanned": 3850116,
                                                                                                    "operator_timing": 0.08919721500000001,
                                                                                                    "result_set_size": 264992,
                                                                                                    "children": []
                                                                                                }
                                                                                            ]
                                                                                        },
                                                                                        {
                                                                                            "operator_name": "HASH_GROUP_BY",
                                                                                            "cpu_time": 0.21225703199999993,
                                                                                            "extra_info": {
                                                                                                "Groups": "#0",
                                                                                                "Aggregates": "count_star()",
                                                                                                "Estimated Cardinality": "385011"
                                                                                            },
                                                                                            "cumulative_cardinality": 5709157,
                                                                                            "operator_type": "HASH_GROUP_BY",
                                                                                            "operator_cardinality": 1354571,
                                                                                            "cumulative_rows_scanned": 3850116,
                                                                                            "operator_rows_scanned": 0,
                                                                                            "operator_timing": 0.11563893900000005,
                                                                                            "result_set_size": 16254852,
                                                                                            "children": [
                                                                                                {
                                                                                                    "operator_name": "PROJECTION",
                                                                                                    "cpu_time": 0.09661809299999988,
                                                                                                    "extra_info": {
                                                                                                        "Projections": "parentid",
                                                                                                        "Estimated Cardinality": "770023"
                                                                                                    },
                                                                                                    "cumulative_cardinality": 4354586,
                                                                                                    "operator_type": "PROJECTION",
                                                                                                    "operator_cardinality": 2177293,
                                                                                                    "cumulative_rows_scanned": 3850116,
                                                                                                    "operator_rows_scanned": 0,
                                                                                                    "operator_timing": 0.00024751199999999764,
                                                                                                    "result_set_size": 8709172,
                                                                                                    "children": [
                                                                                                        {
                                                                                                            "operator_name": "READ_PARQUET ",
                                                                                                            "cpu_time": 0.09637058099999989,
                                                                                                            "extra_info": {
                                                                                                                "Function": "READ_PARQUET",
                                                                                                                "Projections": "parentid",
                                                                                                                "Filters": "posttypeid=2",
                                                                                                                "Estimated Cardinality": "770023"
                                                                                                            },
                                                                                                            "cumulative_cardinality": 2177293,
                                                                                                            "operator_type": "TABLE_SCAN",
                                                                                                            "operator_cardinality": 2177293,
                                                                                                            "cumulative_rows_scanned": 3850116,
                                                                                                            "operator_rows_scanned": 3850116,
                                                                                                            "operator_timing": 0.09637058099999989,
                                                                                                            "result_set_size": 8709172,
                                                                                                            "children": []
                                                                                                        }
                                                                                                    ]
                                                                                                }
                                                                                            ]
                                                                                        }
                                                                                    ]
                                                                                },
                                                                                {
                                                                                    "operator_name": "READ_PARQUET ",
                                                                                    "cpu_time": 0.07944295799999995,
                                                                                    "extra_info": {
                                                                                        "Function": "READ_PARQUET",
                                                                                        "Projections": [
                                                                                            "id",
                                                                                            "displayname"
                                                                                        ],
                                                                                        "Estimated Cardinality": "1260710"
                                                                                    },
                                                                                    "cumulative_cardinality": 1260710,
                                                                                    "operator_type": "TABLE_SCAN",
                                                                                    "operator_cardinality": 1260710,
                                                                                    "cumulative_rows_scanned": 1260710,
                                                                                    "operator_rows_scanned": 1260710,
                                                                                    "operator_timing": 0.07944295799999995,
                                                                                    "result_set_size": 25214200,
                                                                                    "children": []
                                                                                }
                                                                            ]
                                                                        }
                                                                    ]
                                                                }
                                                            ]
                                                        }
                                                    ]
                                                },
                                                {
                                                    "operator_name": "STREAMING_LIMIT",
                                                    "cpu_time": 0.6764678209999991,
                                                    "extra_info": {},
                                                    "cumulative_cardinality": 23665742,
                                                    "operator_type": "STREAMING_LIMIT",
                                                    "operator_cardinality": 5,
                                                    "cumulative_rows_scanned": 16202764,
                                                    "operator_rows_scanned": 0,
                                                    "operator_timing": 0.000001964,
                                                    "result_set_size": 120,
                                                    "children": [
                                                        {
                                                            "operator_name": "ORDER_BY",
                                                            "cpu_time": 0.6764658569999992,
                                                            "extra_info": {
                                                                "Order By": "count_star() DESC"
                                                            },
                                                            "cumulative_cardinality": 23665737,
                                                            "operator_type": "ORDER_BY",
                                                            "operator_cardinality": 3893,
                                                            "cumulative_rows_scanned": 16202764,
                                                            "operator_rows_scanned": 0,
                                                            "operator_timing": 0.000166341,
                                                            "result_set_size": 93432,
                                                            "children": [
                                                                {
                                                                    "operator_name": "HASH_GROUP_BY",
                                                                    "cpu_time": 0.6762995159999992,
                                                                    "extra_info": {
                                                                        "Groups": "#0",
                                                                        "Aggregates": "count_star()",
                                                                        "Estimated Cardinality": "1810455"
                                                                    },
                                                                    "cumulative_cardinality": 23661844,
                                                                    "operator_type": "HASH_GROUP_BY",
                                                                    "operator_cardinality": 3893,
                                                                    "cumulative_rows_scanned": 16202764,
                                                                    "operator_rows_scanned": 0,
                                                                    "operator_timing": 0.0006899850000000001,
                                                                    "result_set_size": 93432,
                                                                    "children": [
                                                                        {
                                                                            "operator_name": "PROJECTION",
                                                                            "cpu_time": 0.6756095309999992,
                                                                            "extra_info": {
                                                                                "Projections": "tags",
                                                                                "Estimated Cardinality": "3620911"
                                                                            },
                                                                            "cumulative_cardinality": 23657951,
                                                                            "operator_type": "PROJECTION",
                                                                            "operator_cardinality": 5096,
                                                                            "cumulative_rows_scanned": 16202764,
                                                                            "operator_rows_scanned": 0,
                                                                            "operator_timing": 0.0000023220000000000004,
                                                                            "result_set_size": 81536,
                                                                            "children": [
                                                                                {
                                                                                    "operator_name": "PROJECTION",
                                                                                    "cpu_time": 0.6756072089999992,
                                                                                    "extra_info": {
                                                                                        "Projections": "tags",
                                                                                        "Estimated Cardinality": "3620911"
                                                                                    },
                                                                                    "cumulative_cardinality": 23652855,
                                                                                    "operator_type": "PROJECTION",
                                                                                    "operator_cardinality": 5096,
                                                                                    "cumulative_rows_scanned": 16202764,
                                                                                    "operator_rows_scanned": 0,
                                                                                    "operator_timing": 0.0000028460000000000008,
                                                                                    "result_set_size": 81536,
                                                                                    "children": [
                                                                                        {
                                                                                            "operator_name": "PROJECTION",
                                                                                            "cpu_time": 0.6756043629999992,
                                                                                            "extra_info": {
                                                                                                "Projections": [
                                                                                                    "#0",
                                                                                                    "#1",
                                                                                                    "#2",
                                                                                                    "#3"
                                                                                                ],
                                                                                                "Estimated Cardinality": "3620911"
                                                                                            },
                                                                                            "cumulative_cardinality": 23647759,
                                                                                            "operator_type": "PROJECTION",
                                                                                            "operator_cardinality": 5096,
                                                                                            "cumulative_rows_scanned": 16202764,
                                                                                            "operator_rows_scanned": 0,
                                                                                            "operator_timing": 0.000006159999999999999,
                                                                                            "result_set_size": 183456,
                                                                                            "children": [
                                                                                                {
                                                                                                    "operator_name": "WINDOW",
                                                                                                    "cpu_time": 0.6755982029999992,
                                                                                                    "extra_info": {
                                                                                                        "Projections": "ROW_NUMBER() OVER (PARTITION BY tags ORDER BY creationdate DESC NULLS LAST)"
                                                                                                    },
                                                                                                    "cumulative_cardinality": 23642663,
                                                                                                    "operator_type": "WINDOW",
                                                                                                    "operator_cardinality": 5096,
                                                                                                    "cumulative_rows_scanned": 16202764,
                                                                                                    "operator_rows_scanned": 0,
                                                                                                    "operator_timing": 0.008400625,
                                                                                                    "result_set_size": 183456,
                                                                                                    "children": [
                                                                                                        {
                                                                                                            "operator_name": "HASH_JOIN",
                                                                                                            "cpu_time": 0.6671975779999991,
                                                                                                            "extra_info": {
                                                                                                                "Join Type": "LEFT",
                                                                                                                "Conditions": "owneruserid = id",
                                                                                                                "Estimated Cardinality": "3620911"
                                                                                                            },
                                                                                                            "cumulative_cardinality": 23637567,
                                                                                                            "operator_type": "HASH_JOIN",
                                                                                                            "operator_cardinality": 5096,
                                                                                                            "cumulative_rows_scanned": 16202764,
                                                                                                            "operator_rows_scanned": 0,
                                                                                                            "operator_timing": 0.054352517999999996,
                                                                                                            "result_set_size": 142688,
                                                                                                            "children": [
                                                                                                                {
                                                                                                                    "operator_name": "HASH_JOIN",
                                                                                                                    "cpu_time": 0.6052812409999991,
                                                                                                                    "extra_info": {
                                                                                                                        "Join Type": "LEFT",
                                                                                                                        "Conditions": "id = parentid",
                                                                                                                        "Estimated Cardinality": "3620911"
                                                                                                                    },
                                                                                                                    "cumulative_cardinality": 22371761,
                                                                                                                    "operator_type": "HASH_JOIN",
                                                                                                                    "operator_cardinality": 5096,
                                                                                                                    "cumulative_rows_scanned": 14942054,
                                                                                                                    "operator_rows_scanned": 0,
                                                                                                                    "operator_timing": 0.05897050600000002,
                                                                                                                    "result_set_size": 163072,
                                                                                                                    "children": [
                                                                                                                        {
                                                                                                                            "operator_name": "HASH_JOIN",
                                                                                                                            "cpu_time": 0.3468014889999994,
                                                                                                                            "extra_info": {
                                                                                                                                "Join Type": "RIGHT",
                                                                                                                                "Conditions": "postid = id",
                                                                                                                                "Estimated Cardinality": "3620911"
                                                                                                                            },
                                                                                                                            "cumulative_cardinality": 16657508,
                                                                                                                            "operator_type": "HASH_JOIN",
                                                                                                                            "operator_cardinality": 5096,
                                                                                                                            "cumulative_rows_scanned": 11091938,
                                                                                                                            "operator_rows_scanned": 0,
                                                                                                                            "operator_timing": 0.018604506000000014,
                                                                                                                            "result_set_size": 183456,
                                                                                                                            "children": [
                                                                                                                                {
                                                                                                                                    "operator_name": "HASH_GROUP_BY",
                                                                                                                                    "cpu_time": 0.2850060899999994,
                                                                                                                                    "extra_info": {
                                                                                                                                        "Groups": "#0",
                                                                                                                                        "Aggregates": "",
                                                                                                                                        "Estimated Cardinality": "3620911"
                                                                                                                                    },
                                                                                                                                    "cumulative_cardinality": 16647316,
                                                                                                                                    "operator_type": "HASH_GROUP_BY",
                                                                                                                                    "operator_cardinality": 2163672,
                                                                                                                                    "cumulative_rows_scanned": 7241822,
                                                                                                                                    "operator_rows_scanned": 0,
                                                                                                                                    "operator_timing": 0.24116101699999956,
                                                                                                                                    "result_set_size": 8654688,
                                                                                                                                    "children": [
                                                                                                                                        {
                                                                                                                                            "operator_name": "PROJECTION",
                                                                                                                                            "cpu_time": 0.04384507299999984,
                                                                                                                                            "extra_info": {
                                                                                                                                                "Projections": "postid",
                                                                                                                                                "Estimated Cardinality": "7241822"
                                                                                                                                            },
                                                                                                                                            "cumulative_cardinality": 14483644,
                                                                                                                                            "operator_type": "PROJECTION",
                                                                                                                                            "operator_cardinality": 7241822,
                                                                                                                                            "cumulative_rows_scanned": 7241822,
                                                                                                                                            "operator_rows_scanned": 0,
                                                                                                                                            "operator_timing": 0.00033811800000001083,
                                                                                                                                            "result_set_size": 28967288,
                                                                                                                                            "children": [
                                                                                                                                                {
                                                                                                                                                    "operator_name": "READ_PARQUET ",
                                                                                                                                                    "cpu_time": 0.043506954999999826,
                                                                                                                                                    "extra_info": {
                                                                                                                                                        "Function": "READ_PARQUET",
                                                                                                                                                        "Projections": "postid",
                                                                                                                                                        "Estimated Cardinality": "7241822"
                                                                                                                                                    },
                                                                                                                                                    "cumulative_cardinality": 7241822,
                                                                                                                                                    "operator_type": "TABLE_SCAN",
                                                                                                                                                    "operator_cardinality": 7241822,
                                                                                                                                                    "cumulative_rows_scanned": 7241822,
                                                                                                                                                    "operator_rows_scanned": 7241822,
                                                                                                                                                    "operator_timing": 0.043506954999999826,
                                                                                                                                                    "result_set_size": 28967288,
                                                                                                                                                    "children": []
                                                                                                                                                }
                                                                                                                                            ]
                                                                                                                                        }
                                                                                                                                    ]
                                                                                                                                },
                                                                                                                                {
                                                                                                                                    "operator_name": "READ_PARQUET ",
                                                                                                                                    "cpu_time": 0.043190893,
                                                                                                                                    "extra_info": {
                                                                                                                                        "Function": "READ_PARQUET",
                                                                                                                                        "Projections": [
                                                                                                                                            "id",
                                                                                                                                            "creationdate",
                                                                                                                                            "owneruserid",
                                                                                                                                            "tags"
                                                                                                                                        ],
                                                                                                                                        "Filters": [
                                                                                                                                            "creationdate>='2024-09-01 12:34:56'::TIMESTAMP",
                                                                                                                                            "posttypeid=1"
                                                                                                                                        ],
                                                                                                                                        "Estimated Cardinality": "770023"
                                                                                                                                    },
                                                                                                                                    "cumulative_cardinality": 5096,
                                                                                                                                    "operator_type": "TABLE_SCAN",
                                                                                                                                    "operator_cardinality": 5096,
                                                                                                                                    "cumulative_rows_scanned": 3850116,
                                                                                                                                    "operator_rows_scanned": 3850116,
                                                                                                                                    "operator_timing": 0.043190893,
                                                                                                                                    "result_set_size": 163072,
                                                                                                                                    "children": []
                                                                                                                                }
                                                                                                                            ]
                                                                                                                        },
                                                                                                                        {
                                                                                                                            "operator_name": "HASH_GROUP_BY",
                                                                                                                            "cpu_time": 0.1995092459999997,
                                                                                                                            "extra_info": {
                                                                                                                                "Groups": "#0",
                                                                                                                                "Aggregates": "",
                                                                                                                                "Estimated Cardinality": "385011"
                                                                                                                            },
                                                                                                                            "cumulative_cardinality": 5709157,
                                                                                                                            "operator_type": "HASH_GROUP_BY",
                                                                                                                            "operator_cardinality": 1354571,
                                                                                                                            "cumulative_rows_scanned": 3850116,
                                                                                                                            "operator_rows_scanned": 0,
                                                                                                                            "operator_timing": 0.10369163799999992,
                                                                                                                            "result_set_size": 5418284,
                                                                                                                            "children": [
                                                                                                                                {
                                                                                                                                    "operator_name": "PROJECTION",
                                                                                                                                    "cpu_time": 0.09581760799999978,
                                                                                                                                    "extra_info": {
                                                                                                                                        "Projections": "parentid",
                                                                                                                                        "Estimated Cardinality": "770023"
                                                                                                                                    },
                                                                                                                                    "cumulative_cardinality": 4354586,
                                                                                                                                    "operator_type": "PROJECTION",
                                                                                                                                    "operator_cardinality": 2177293,
                                                                                                                                    "cumulative_rows_scanned": 3850116,
                                                                                                                                    "operator_rows_scanned": 0,
                                                                                                                                    "operator_timing": 0.0002525629999999978,
                                                                                                                                    "result_set_size": 8709172,
                                                                                                                                    "children": [
                                                                                                                                        {
                                                                                                                                            "operator_name": "READ_PARQUET ",
                                                                                                                                            "cpu_time": 0.09556504499999978,
                                                                                                                                            "extra_info": {
                                                                                                                                                "Function": "READ_PARQUET",
                                                                                                                                                "Projections": "parentid",
                                                                                                                                                "Filters": "posttypeid=2",
                                                                                                                                                "Estimated Cardinality": "770023"
                                                                                                                                            },
                                                                                                                                            "cumulative_cardinality": 2177293,
                                                                                                                                            "operator_type": "TABLE_SCAN",
                                                                                                                                            "operator_cardinality": 2177293,
                                                                                                                                            "cumulative_rows_scanned": 3850116,
                                                                                                                                            "operator_rows_scanned": 3850116,
                                                                                                                                            "operator_timing": 0.09556504499999978,
                                                                                                                                            "result_set_size": 8709172,
                                                                                                                                            "children": []
                                                                                                                                        }
                                                                                                                                    ]
                                                                                                                                }
                                                                                                                            ]
                                                                                                                        }
                                                                                                                    ]
                                                                                                                },
                                                                                                                {
                                                                                                                    "operator_name": "READ_PARQUET ",
                                                                                                                    "cpu_time": 0.00756381900000001,
                                                                                                                    "extra_info": {
                                                                                                                        "Function": "READ_PARQUET",
                                                                                                                        "Projections": "id",
                                                                                                                        "Estimated Cardinality": "1260710"
                                                                                                                    },
                                                                                                                    "cumulative_cardinality": 1260710,
                                                                                                                    "operator_type": "TABLE_SCAN",
                                                                                                                    "operator_cardinality": 1260710,
                                                                                                                    "cumulative_rows_scanned": 1260710,
                                                                                                                    "operator_rows_scanned": 1260710,
                                                                                                                    "operator_timing": 0.00756381900000001,
                                                                                                                    "result_set_size": 5042840,
                                                                                                                    "children": []
                                                                                                                }
                                                                                                            ]
                                                                                                        }
                                                                                                    ]
                                                                                                }
                                                                                            ]
                                                                                        }
                                                                                    ]
                                                                                }
                                                                            ]
                                                                        }
                                                                    ]
                                                                }
                                                            ]
                                                        }
                                                    ]
                                                }
                                            ]
                                        }
                                    ]
                                }
                            ]
                        }
                    ]
                }
            ]
        }
    ]
}