{
    "rows_returned": 10,
    "query_name": "WITH UserWithBadges AS (\n    SELECT u.Id AS UserId, u.DisplayName, COUNT(b.Id) AS BadgeCount\n    FROM Users u\n    LEFT JOIN Badges b ON u.Id = b.UserId\n    GROUP BY u.Id, u.DisplayName\n),\nPostStats AS (\n    SELECT \n        p.OwnerUserId,\n        COUNT(p.Id) AS PostCount,\n        SUM(CASE WHEN p.PostTypeId = 1 THEN 1 ELSE 0 END) AS QuestionCount,\n        SUM(CASE WHEN p.PostTypeId = 2 THEN 1 ELSE 0 END) AS AnswerCount,\n        SUM(p.Score) AS TotalScore,\n        SUM(p.ViewCount) AS TotalViews\n    FROM Posts p\n    GROUP BY p.OwnerUserId\n),\nActiveUsers AS (\n    SELECT \n        u.Id AS UserId,\n        u.DisplayName,\n        u.Reputation,\n        ub.BadgeCount,\n        ps.PostCount,\n        ps.QuestionCount,\n        ps.AnswerCount,\n        ps.TotalScore,\n        ps.TotalViews\n    FROM Users u\n    JOIN UserWithBadges ub ON u.Id = ub.UserId\n    JOIN PostStats ps ON u.Id = ps.OwnerUserId\n    WHERE u.LastAccessDate > cast('2024-10-01 12:34:56' as timestamp) - INTERVAL '1 year'\n)\nSELECT \n    au.DisplayName,\n    au.Reputation,\n    au.BadgeCount,\n    au.PostCount,\n    au.QuestionCount,\n    au.AnswerCount,\n    au.TotalScore,\n    au.TotalViews\nFROM ActiveUsers au\nORDER BY au.Reputation DESC, au.BadgeCount DESC, au.TotalScore DESC\nLIMIT 10;",
    "blocked_thread_time": 0.0,
    "cpu_time": 1.1515942920000009,
    "extra_info": {},
    "cumulative_cardinality": 21386304,
    "cumulative_rows_scanned": 8693260,
    "result_set_size": 1000,
    "latency": 1.271840363,
    "children": [
        {
            "operator_name": "STREAMING_LIMIT",
            "cpu_time": 1.1515942920000009,
            "extra_info": {},
            "cumulative_cardinality": 21386304,
            "operator_type": "STREAMING_LIMIT",
            "operator_cardinality": 10,
            "cumulative_rows_scanned": 8693260,
            "operator_rows_scanned": 0,
            "operator_timing": 0.000003456,
            "result_set_size": 1000,
            "children": [
                {
                    "operator_name": "ORDER_BY",
                    "cpu_time": 1.151590836000001,
                    "extra_info": {
                        "Order By": [
                            "au.Reputation DESC",
                            "au.BadgeCount DESC",
                            "au.TotalScore DESC"
                        ]
                    },
                    "cumulative_cardinality": 21386294,
                    "operator_type": "ORDER_BY",
                    "operator_cardinality": 4096,
                    "cumulative_rows_scanned": 8693260,
                    "operator_rows_scanned": 0,
                    "operator_timing": 0.007210588000000001,
                    "result_set_size": 409600,
                    "children": [
                        {
                            "operator_name": "PROJECTION",
                            "cpu_time": 1.144380248000001,
                            "extra_info": {
                                "Projections": [
                                    "displayname",
                                    "reputation",
                                    "BadgeCount",
                                    "PostCount",
                                    "QuestionCount",
                                    "AnswerCount",
                                    "TotalScore",
                                    "TotalViews"
                                ],
                                "Estimated Cardinality": "385011"
                            },
                            "cumulative_cardinality": 21382198,
                            "operator_type": "PROJECTION",
                            "operator_cardinality": 84228,
                            "cumulative_rows_scanned": 8693260,
                            "operator_rows_scanned": 0,
                            "operator_timing": 0.00009418799999999996,
                            "result_set_size": 8422800,
                            "children": [
                                {
                                    "operator_name": "HASH_JOIN",
                                    "cpu_time": 1.1442860600000009,
                                    "extra_info": {
                                        "Join Type": "INNER",
                                        "Conditions": "owneruserid = id",
                                        "Estimated Cardinality": "385011"
                                    },
                                    "cumulative_cardinality": 21297970,
                                    "operator_type": "HASH_JOIN",
                                    "operator_cardinality": 84228,
                                    "cumulative_rows_scanned": 8693260,
                                    "operator_rows_scanned": 0,
                                    "operator_timing": 0.03816825400000001,
                                    "result_set_size": 8422800,
                                    "children": [
                                        {
                                            "operator_name": "HASH_GROUP_BY",
                                            "cpu_time": 0.3337238780000006,
                                            "extra_info": {
                                                "Groups": "#0",
                                                "Aggregates": [
                                                    "count_star()",
                                                    "sum(#1)",
                                                    "sum(#2)",
                                                    "sum(#3)",
                                                    "sum(#4)"
                                                ],
                                                "Estimated Cardinality": "1925058"
                                            },
                                            "cumulative_cardinality": 8071864,
                                            "operator_type": "HASH_GROUP_BY",
                                            "operator_cardinality": 371632,
                                            "cumulative_rows_scanned": 3850116,
                                            "operator_rows_scanned": 0,
                                            "operator_timing": 0.18244367300000025,
                                            "result_set_size": 28244032,
                                            "children": [
                                                {
                                                    "operator_name": "PROJECTION",
                                                    "cpu_time": 0.15128020500000033,
                                                    "extra_info": {
                                                        "Projections": [
                                                            "owneruserid",
                                                            "CASE  WHEN ((posttypeid = 1)) THEN (1) ELSE 0 END",
                                                            "CASE  WHEN ((posttypeid = 2)) THEN (1) ELSE 0 END",
                                                            "score",
                                                            "viewcount"
                                                        ],
                                                        "Estimated Cardinality": "3850116"
                                                    },
                                                    "cumulative_cardinality": 7700232,
                                                    "operator_type": "PROJECTION",
                                                    "operator_cardinality": 3850116,
                                                    "cumulative_rows_scanned": 3850116,
                                                    "operator_rows_scanned": 0,
                                                    "operator_timing": 0.04891264000000004,
                                                    "result_set_size": 77002320,
                                                    "children": [
                                                        {
                                                            "operator_name": "READ_PARQUET ",
                                                            "cpu_time": 0.10236756500000029,
                                                            "extra_info": {
                                                                "Function": "READ_PARQUET",
                                                                "Projections": [
                                                                    "id",
                                                                    "posttypeid",
                                                                    "score",
                                                                    "viewcount",
                                                                    "owneruserid"
                                                                ],
                                                                "Estimated Cardinality": "3850116"
                                                            },
                                                            "cumulative_cardinality": 3850116,
                                                            "operator_type": "TABLE_SCAN",
                                                            "operator_cardinality": 3850116,
                                                            "cumulative_rows_scanned": 3850116,
                                                            "operator_rows_scanned": 3850116,
                                                            "operator_timing": 0.10236756500000029,
                                                            "result_set_size": 69302088,
                                                            "children": []
                                                        }
                                                    ]
                                                }
                                            ]
                                        },
                                        {
                                            "operator_name": "FILTER",
                                            "cpu_time": 0.7723939280000003,
                                            "extra_info": {
                                                "Expression": "(id <= 1416539)",
                                                "Estimated Cardinality": "252142"
                                            },
                                            "cumulative_cardinality": 13141878,
                                            "operator_type": "FILTER",
                                            "operator_cardinality": 323712,
                                            "cumulative_rows_scanned": 4843144,
                                            "operator_rows_scanned": 0,
                                            "operator_timing": 0.0008627000000000006,
                                            "result_set_size": 10358784,
                                            "children": [
                                                {
                                                    "operator_name": "HASH_JOIN",
                                                    "cpu_time": 0.7715312280000003,
                                                    "extra_info": {
                                                        "Join Type": "INNER",
                                                        "Conditions": "UserId = id",
                                                        "Estimated Cardinality": "252142"
                                                    },
                                                    "cumulative_cardinality": 12818166,
                                                    "operator_type": "HASH_JOIN",
                                                    "operator_cardinality": 323743,
                                                    "cumulative_rows_scanned": 4843144,
                                                    "operator_rows_scanned": 0,
                                                    "operator_timing": 0.05242411799999999,
                                                    "result_set_size": 10359776,
                                                    "children": [
                                                        {
                                                            "operator_name": "PROJECTION",
                                                            "cpu_time": 0.6373089620000002,
                                                            "extra_info": {
                                                                "Projections": [
                                                                    "UserId",
                                                                    "BadgeCount"
                                                                ],
                                                                "Estimated Cardinality": "1260710"
                                                            },
                                                            "cumulative_cardinality": 12170680,
                                                            "operator_type": "PROJECTION",
                                                            "operator_cardinality": 1260710,
                                                            "cumulative_rows_scanned": 3582434,
                                                            "operator_rows_scanned": 0,
                                                            "operator_timing": 0.0001326269999999998,
                                                            "result_set_size": 15128520,
                                                            "children": [
                                                                {
                                                                    "operator_name": "HASH_GROUP_BY",
                                                                    "cpu_time": 0.6371763350000001,
                                                                    "extra_info": {
                                                                        "Groups": [
                                                                            "#0",
                                                                            "#1"
                                                                        ],
                                                                        "Aggregates": "count(#2)",
                                                                        "Estimated Cardinality": "1260710"
                                                                    },
                                                                    "cumulative_cardinality": 10909970,
                                                                    "operator_type": "HASH_GROUP_BY",
                                                                    "operator_cardinality": 1260710,
                                                                    "cumulative_rows_scanned": 3582434,
                                                                    "operator_rows_scanned": 0,
                                                                    "operator_timing": 0.30644494800000044,
                                                                    "result_set_size": 35299880,
                                                                    "children": [
                                                                        {
                                                                            "operator_name": "PROJECTION",
                                                                            "cpu_time": 0.33073138699999977,
                                                                            "extra_info": {
                                                                                "Projections": [
                                                                                    "id",
                                                                                    "displayname",
                                                                                    "id"
                                                                                ],
                                                                                "Estimated Cardinality": "2321724"
                                                                            },
                                                                            "cumulative_cardinality": 9649260,
                                                                            "operator_type": "PROJECTION",
                                                                            "operator_cardinality": 3033413,
                                                                            "cumulative_rows_scanned": 3582434,
                                                                            "operator_rows_scanned": 0,
                                                                            "operator_timing": 0.00043900400000000125,
                                                                            "result_set_size": 72801912,
                                                                            "children": [
                                                                                {
                                                                                    "operator_name": "HASH_JOIN",
                                                                                    "cpu_time": 0.33029238299999975,
                                                                                    "extra_info": {
                                                                                        "Join Type": "RIGHT",
                                                                                        "Conditions": "userid = id",
                                                                                        "Estimated Cardinality": "2321724"
                                                                                    },
                                                                                    "cumulative_cardinality": 6615847,
                                                                                    "operator_type": "HASH_JOIN",
                                                                                    "operator_cardinality": 3033413,
                                                                                    "cumulative_rows_scanned": 3582434,
                                                                                    "operator_rows_scanned": 0,
                                                                                    "operator_timing": 0.2033533639999999,
                                                                                    "result_set_size": 72801912,
                                                                                    "children": [
                                                                                        {
                                                                                            "operator_name": "READ_PARQUET ",
                                                                                            "cpu_time": 0.04782538599999988,
                                                                                            "extra_info": {
                                                                                                "Function": "READ_PARQUET",
                                                                                                "Projections": [
                                                                                                    "id",
                                                                                                    "userid"
                                                                                                ],
                                                                                                "Estimated Cardinality": "2321724"
                                                                                            },
                                                                                            "cumulative_cardinality": 2321724,
                                                                                            "operator_type": "TABLE_SCAN",
                                                                                            "operator_cardinality": 2321724,
                                                                                            "cumulative_rows_scanned": 2321724,
                                                                                            "operator_rows_scanned": 2321724,
                                                                                            "operator_timing": 0.04782538599999988,
                                                                                            "result_set_size": 18573792,
                                                                                            "children": []
                                                                                        },
                                                                                        {
                                                                                            "operator_name": "READ_PARQUET ",
                                                                                            "cpu_time": 0.07911363299999997,
                                                                                            "extra_info": {
                                                                                                "Function": "READ_PARQUET",
                                                                                                "Projections": [
                                                                                                    "id",
                                                                                                    "displayname"
                                                                                                ],
                                                                                                "Estimated Cardinality": "1260710"
                                                                                            },
                                                                                            "cumulative_cardinality": 1260710,
                                                                                            "operator_type": "TABLE_SCAN",
                                                                                            "operator_cardinality": 1260710,
                                                                                            "cumulative_rows_scanned": 1260710,
                                                                                            "operator_rows_scanned": 1260710,
                                                                                            "operator_timing": 0.07911363299999997,
                                                                                            "result_set_size": 25214200,
                                                                                            "children": []
                                                                                        }
                                                                                    ]
                                                                                }
                                                                            ]
                                                                        }
                                                                    ]
                                                                }
                                                            ]
                                                        },
                                                        {
                                                            "operator_name": "READ_PARQUET ",
                                                            "cpu_time": 0.08179814800000006,
                                                            "extra_info": {
                                                                "Function": "READ_PARQUET",
                                                                "Projections": [
                                                                    "id",
                                                                    "reputation",
                                                                    "displayname"
                                                                ],
                                                                "Filters": "lastaccessdate>'2023-10-01 12:34:56'::TIMESTAMP",
                                                                "Estimated Cardinality": "252142"
                                                            },
                                                            "cumulative_cardinality": 323743,
                                                            "operator_type": "TABLE_SCAN",
                                                            "operator_cardinality": 323743,
                                                            "cumulative_rows_scanned": 1260710,
                                                            "operator_rows_scanned": 1260710,
                                                            "operator_timing": 0.08179814800000006,
                                                            "result_set_size": 7769832,
                                                            "children": []
                                                        }
                                                    ]
                                                }
                                            ]
                                        }
                                    ]
                                }
                            ]
                        }
                    ]
                }
            ]
        }
    ]
}