{
    "rows_returned": 10,
    "query_name": "\nWITH RankedPosts AS (\n    SELECT \n        P.Id,\n        P.Title,\n        P.CreationDate,\n        P.Score,\n        P.ViewCount,\n        U.DisplayName AS OwnerDisplayName,\n        RANK() OVER (PARTITION BY EXTRACT(YEAR FROM P.CreationDate) ORDER BY P.Score DESC, P.ViewCount DESC) AS Rank\n    FROM \n        Posts P\n    JOIN \n        Users U ON P.OwnerUserId = U.Id \n    WHERE \n        P.PostTypeId = 1 \n    AND \n        P.CreationDate >= DATE '2024-10-01' - INTERVAL '2 years'\n),\nPostStatistics AS (\n    SELECT \n        RP.OwnerDisplayName,\n        COUNT(DISTINCT RP.Id) AS TotalPosts,\n        COALESCE(SUM(CASE WHEN PH.PostHistoryTypeId = 10 THEN 1 ELSE 0 END), 0) AS TotalClosed,\n        COALESCE(SUM(CASE WHEN PH.PostHistoryTypeId = 11 THEN 1 ELSE 0 END), 0) AS TotalReopened,\n        AVG(RP.Score) AS AvgScore,\n        AVG(RP.ViewCount) AS AvgViewCount\n    FROM \n        RankedPosts RP\n    LEFT JOIN \n        PostHistory PH ON RP.Id = PH.PostId\n    GROUP BY \n        RP.OwnerDisplayName\n)\nSELECT \n    PS.OwnerDisplayName,\n    PS.TotalPosts,\n    PS.TotalClosed,\n    PS.TotalReopened,\n    PS.AvgScore,\n    PS.AvgViewCount\nFROM \n    PostStatistics PS\nWHERE \n    PS.TotalPosts > 0\nORDER BY \n    PS.AvgScore DESC, \n    PS.TotalPosts DESC\nLIMIT 10;\n",
    "blocked_thread_time": 0.0,
    "cpu_time": 0.336848975,
    "extra_info": {},
    "cumulative_cardinality": 4677747,
    "cumulative_rows_scanned": 16906070,
    "result_set_size": 720,
    "latency": 0.379428531,
    "children": [
        {
            "operator_name": "STREAMING_LIMIT",
            "cpu_time": 0.336848975,
            "extra_info": {},
            "cumulative_cardinality": 4677747,
            "operator_type": "STREAMING_LIMIT",
            "operator_cardinality": 10,
            "cumulative_rows_scanned": 16906070,
            "operator_rows_scanned": 0,
            "operator_timing": 0.000001032,
            "result_set_size": 720,
            "children": [
                {
                    "operator_name": "ORDER_BY",
                    "cpu_time": 0.336847943,
                    "extra_info": {
                        "Order By": [
                            "PS.AvgScore DESC",
                            "PS.TotalPosts DESC"
                        ]
                    },
                    "cumulative_cardinality": 4677737,
                    "operator_type": "ORDER_BY",
                    "operator_cardinality": 4096,
                    "cumulative_rows_scanned": 16906070,
                    "operator_rows_scanned": 0,
                    "operator_timing": 0.00231036,
                    "result_set_size": 294912,
                    "children": [
                        {
                            "operator_name": "PROJECTION",
                            "cpu_time": 0.33453758299999997,
                            "extra_info": {
                                "Projections": [
                                    "OwnerDisplayName",
                                    "TotalPosts",
                                    "TotalClosed",
                                    "TotalReopened",
                                    "AvgScore",
                                    "AvgViewCount"
                                ],
                                "Estimated Cardinality": "770023"
                            },
                            "cumulative_cardinality": 4673641,
                            "operator_type": "PROJECTION",
                            "operator_cardinality": 45020,
                            "cumulative_rows_scanned": 16906070,
                            "operator_rows_scanned": 0,
                            "operator_timing": 0.000581787,
                            "result_set_size": 3241440,
                            "children": [
                                {
                                    "operator_name": "FILTER",
                                    "cpu_time": 0.33395579599999997,
                                    "extra_info": {
                                        "Expression": "(TotalPosts > 0)",
                                        "Estimated Cardinality": "770023"
                                    },
                                    "cumulative_cardinality": 4628621,
                                    "operator_type": "FILTER",
                                    "operator_cardinality": 45020,
                                    "cumulative_rows_scanned": 16906070,
                                    "operator_rows_scanned": 0,
                                    "operator_timing": 0.00006356,
                                    "result_set_size": 3241440,
                                    "children": [
                                        {
                                            "operator_name": "HASH_GROUP_BY",
                                            "cpu_time": 0.33389223599999995,
                                            "extra_info": {
                                                "Groups": "#0",
                                                "Aggregates": [
                                                    "count(DISTINCT #1)",
                                                    "sum(#2)",
                                                    "sum(#3)",
                                                    "avg(#4)",
                                                    "avg(#5)"
                                                ],
                                                "Estimated Cardinality": "3850116"
                                            },
                                            "cumulative_cardinality": 4583601,
                                            "operator_type": "HASH_GROUP_BY",
                                            "operator_cardinality": 45020,
                                            "cumulative_rows_scanned": 16906070,
                                            "operator_rows_scanned": 0,
                                            "operator_timing": 0.07864694400000001,
                                            "result_set_size": 3241440,
                                            "children": [
                                                {
                                                    "operator_name": "PROJECTION",
                                                    "cpu_time": 0.25524529199999996,
                                                    "extra_info": {
                                                        "Projections": [
                                                            "OwnerDisplayName",
                                                            "id",
                                                            "CASE  WHEN ((posthistorytypeid = 10)) THEN (1) ELSE 0 END",
                                                            "CASE  WHEN ((posthistorytypeid = 11)) THEN (1) ELSE 0 END",
                                                            "score",
                                                            "viewcount"
                                                        ],
                                                        "Estimated Cardinality": "11795244"
                                                    },
                                                    "cumulative_cardinality": 4538581,
                                                    "operator_type": "PROJECTION",
                                                    "operator_cardinality": 735834,
                                                    "cumulative_rows_scanned": 16906070,
                                                    "operator_rows_scanned": 0,
                                                    "operator_timing": 0.004189785000000001,
                                                    "result_set_size": 26490024,
                                                    "children": [
                                                        {
                                                            "operator_name": "HASH_JOIN",
                                                            "cpu_time": 0.25105550699999996,
                                                            "extra_info": {
                                                                "Join Type": "RIGHT",
                                                                "Conditions": "postid = id",
                                                                "Estimated Cardinality": "11795244"
                                                            },
                                                            "cumulative_cardinality": 3802747,
                                                            "operator_type": "HASH_JOIN",
                                                            "operator_cardinality": 735834,
                                                            "cumulative_rows_scanned": 16906070,
                                                            "operator_rows_scanned": 0,
                                                            "operator_timing": 0.03908171099999999,
                                                            "result_set_size": 22075020,
                                                            "children": [
                                                                {
                                                                    "operator_name": "READ_PARQUET ",
                                                                    "cpu_time": 0.025703391000000003,
                                                                    "extra_info": {
                                                                        "Function": "READ_PARQUET",
                                                                        "Projections": [
                                                                            "posthistorytypeid",
                                                                            "postid"
                                                                        ],
                                                                        "Estimated Cardinality": "11795244"
                                                                    },
                                                                    "cumulative_cardinality": 1040659,
                                                                    "operator_type": "TABLE_SCAN",
                                                                    "operator_cardinality": 1040659,
                                                                    "cumulative_rows_scanned": 11795244,
                                                                    "operator_rows_scanned": 11795244,
                                                                    "operator_timing": 0.025703391000000003,
                                                                    "result_set_size": 6243954,
                                                                    "children": []
                                                                },
                                                                {
                                                                    "operator_name": "PROJECTION",
                                                                    "cpu_time": 0.18627040499999994,
                                                                    "extra_info": {
                                                                        "Projections": [
                                                                            "id",
                                                                            "score",
                                                                            "viewcount",
                                                                            "OwnerDisplayName"
                                                                        ],
                                                                        "Estimated Cardinality": "770023"
                                                                    },
                                                                    "cumulative_cardinality": 2026254,
                                                                    "operator_type": "PROJECTION",
                                                                    "operator_cardinality": 152444,
                                                                    "cumulative_rows_scanned": 5110826,
                                                                    "operator_rows_scanned": 0,
                                                                    "operator_timing": 0.000014273000000000002,
                                                                    "result_set_size": 4268432,
                                                                    "children": [
                                                                        {
                                                                            "operator_name": "PROJECTION",
                                                                            "cpu_time": 0.18625613199999994,
                                                                            "extra_info": {
                                                                                "Projections": [
                                                                                    "#0",
                                                                                    "#1",
                                                                                    "#2",
                                                                                    "#3",
                                                                                    "#4",
                                                                                    "#5"
                                                                                ],
                                                                                "Estimated Cardinality": "770023"
                                                                            },
                                                                            "cumulative_cardinality": 1873810,
                                                                            "operator_type": "PROJECTION",
                                                                            "operator_cardinality": 152444,
                                                                            "cumulative_rows_scanned": 5110826,
                                                                            "operator_rows_scanned": 0,
                                                                            "operator_timing": 0.000022817999999999997,
                                                                            "result_set_size": 6707536,
                                                                            "children": [
                                                                                {
                                                                                    "operator_name": "WINDOW",
                                                                                    "cpu_time": 0.18623331399999993,
                                                                                    "extra_info": {
                                                                                        "Projections": "RANK() OVER (PARTITION BY \"year\"(creationdate) ORDER BY score DESC NULLS LAST, viewcount DESC NULLS LAST)"
                                                                                    },
                                                                                    "cumulative_cardinality": 1721366,
                                                                                    "operator_type": "WINDOW",
                                                                                    "operator_cardinality": 152444,
                                                                                    "cumulative_rows_scanned": 5110826,
                                                                                    "operator_rows_scanned": 0,
                                                                                    "operator_timing": 0.026896699999999996,
                                                                                    "result_set_size": 6707536,
                                                                                    "children": [
                                                                                        {
                                                                                            "operator_name": "HASH_JOIN",
                                                                                            "cpu_time": 0.15933661399999993,
                                                                                            "extra_info": {
                                                                                                "Join Type": "INNER",
                                                                                                "Conditions": "id = owneruserid",
                                                                                                "Estimated Cardinality": "770023"
                                                                                            },
                                                                                            "cumulative_cardinality": 1568922,
                                                                                            "operator_type": "HASH_JOIN",
                                                                                            "operator_cardinality": 152444,
                                                                                            "cumulative_rows_scanned": 5110826,
                                                                                            "operator_rows_scanned": 0,
                                                                                            "operator_timing": 0.027272689999999968,
                                                                                            "result_set_size": 5487984,
                                                                                            "children": [
                                                                                                {
                                                                                                    "operator_name": "READ_PARQUET ",
                                                                                                    "cpu_time": 0.08675654299999999,
                                                                                                    "extra_info": {
                                                                                                        "Function": "READ_PARQUET",
                                                                                                        "Projections": [
                                                                                                            "id",
                                                                                                            "displayname"
                                                                                                        ],
                                                                                                        "Filters": "id<=1416539",
                                                                                                        "Estimated Cardinality": "1260710"
                                                                                                    },
                                                                                                    "cumulative_cardinality": 1260648,
                                                                                                    "operator_type": "TABLE_SCAN",
                                                                                                    "operator_cardinality": 1260648,
                                                                                                    "cumulative_rows_scanned": 1260710,
                                                                                                    "operator_rows_scanned": 1260710,
                                                                                                    "operator_timing": 0.08675654299999999,
                                                                                                    "result_set_size": 25212960,
                                                                                                    "children": []
                                                                                                },
                                                                                                {
                                                                                                    "operator_name": "READ_PARQUET ",
                                                                                                    "cpu_time": 0.045307380999999966,
                                                                                                    "extra_info": {
                                                                                                        "Function": "READ_PARQUET",
                                                                                                        "Projections": [
                                                                                                            "id",
                                                                                                            "creationdate",
                                                                                                            "score",
                                                                                                            "viewcount",
                                                                                                            "owneruserid"
                                                                                                        ],
                                                                                                        "Filters": [
                                                                                                            "posttypeid=1",
                                                                                                            "creationdate>='2022-10-01 00:00:00'::TIMESTAMP"
                                                                                                        ],
                                                                                                        "Estimated Cardinality": "770023"
                                                                                                    },
                                                                                                    "cumulative_cardinality": 155830,
                                                                                                    "operator_type": "TABLE_SCAN",
                                                                                                    "operator_cardinality": 155830,
                                                                                                    "cumulative_rows_scanned": 3850116,
                                                                                                    "operator_rows_scanned": 3850116,
                                                                                                    "operator_timing": 0.045307380999999966,
                                                                                                    "result_set_size": 3739920,
                                                                                                    "children": []
                                                                                                }
                                                                                            ]
                                                                                        }
                                                                                    ]
                                                                                }
                                                                            ]
                                                                        }
                                                                    ]
                                                                }
                                                            ]
                                                        }
                                                    ]
                                                }
                                            ]
                                        }
                                    ]
                                }
                            ]
                        }
                    ]
                }
            ]
        }
    ]
}