{
    "rows_returned": 100,
    "query_name": "\nWITH UserActivity AS (\n    SELECT \n        U.Id AS UserId,\n        U.DisplayName,\n        COUNT(P.Id) AS TotalPosts,\n        SUM(CASE WHEN P.PostTypeId = 1 THEN 1 ELSE 0 END) AS Questions,\n        SUM(CASE WHEN P.PostTypeId = 2 THEN 1 ELSE 0 END) AS Answers,\n        SUM(CASE WHEN P.PostTypeId = 10 THEN 1 ELSE 0 END) AS ClosedPosts,\n        SUM(CASE WHEN P.LastActivityDate >= TIMESTAMP '2024-10-01 12:34:56' - INTERVAL '30 days' THEN 1 ELSE 0 END) AS RecentActivity\n    FROM \n        Users U\n    LEFT JOIN \n        Posts P ON U.Id = P.OwnerUserId\n    WHERE \n        U.Reputation > 100\n    GROUP BY \n        U.Id, U.DisplayName\n), RecentVotes AS (\n    SELECT \n        V.UserId,\n        COUNT(V.Id) AS TotalVotes,\n        SUM(CASE WHEN V.VoteTypeId = 2 THEN 1 ELSE 0 END) AS UpVotes,\n        SUM(CASE WHEN V.VoteTypeId = 3 THEN 1 ELSE 0 END) AS DownVotes\n    FROM \n        Votes V\n    WHERE \n        V.CreationDate >= TIMESTAMP '2024-10-01 12:34:56' - INTERVAL '30 days'\n    GROUP BY \n        V.UserId\n), BadgeSummary AS (\n    SELECT \n        B.UserId,\n        COUNT(B.Id) AS TotalBadges,\n        SUM(CASE WHEN B.Class = 1 THEN 1 ELSE 0 END) AS GoldBadges,\n        SUM(CASE WHEN B.Class = 2 THEN 1 ELSE 0 END) AS SilverBadges,\n        SUM(CASE WHEN B.Class = 3 THEN 1 ELSE 0 END) AS BronzeBadges\n    FROM \n        Badges B\n    GROUP BY \n        B.UserId\n)\nSELECT \n    UA.UserId,\n    UA.DisplayName,\n    UA.TotalPosts,\n    UA.Questions,\n    UA.Answers,\n    UA.ClosedPosts,\n    UA.RecentActivity,\n    COALESCE(RV.TotalVotes, 0) AS TotalVotes,\n    COALESCE(RV.UpVotes, 0) AS UpVotes,\n    COALESCE(RV.DownVotes, 0) AS DownVotes,\n    COALESCE(BS.TotalBadges, 0) AS TotalBadges,\n    COALESCE(BS.GoldBadges, 0) AS GoldBadges,\n    COALESCE(BS.SilverBadges, 0) AS SilverBadges,\n    COALESCE(BS.BronzeBadges, 0) AS BronzeBadges\nFROM \n    UserActivity UA\nLEFT JOIN \n    RecentVotes RV ON UA.UserId = RV.UserId\nLEFT JOIN \n    BadgeSummary BS ON UA.UserId = BS.UserId\nORDER BY \n    UA.TotalPosts DESC\nLIMIT 100;\n",
    "blocked_thread_time": 0.0,
    "cpu_time": 1.3006909210000002,
    "extra_info": {},
    "cumulative_cardinality": 16537115,
    "cumulative_rows_scanned": 20176643,
    "result_set_size": 18800,
    "latency": 1.542522446,
    "children": [
        {
            "operator_name": "STREAMING_LIMIT",
            "cpu_time": 1.3006909210000002,
            "extra_info": {},
            "cumulative_cardinality": 16537115,
            "operator_type": "STREAMING_LIMIT",
            "operator_cardinality": 100,
            "cumulative_rows_scanned": 20176643,
            "operator_rows_scanned": 0,
            "operator_timing": 0.000004398,
            "result_set_size": 18800,
            "children": [
                {
                    "operator_name": "ORDER_BY",
                    "cpu_time": 1.3006865230000002,
                    "extra_info": {
                        "Order By": "UA.TotalPosts DESC"
                    },
                    "cumulative_cardinality": 16537015,
                    "operator_type": "ORDER_BY",
                    "operator_cardinality": 4096,
                    "cumulative_rows_scanned": 20176643,
                    "operator_rows_scanned": 0,
                    "operator_timing": 0.012536216999999995,
                    "result_set_size": 770048,
                    "children": [
                        {
                            "operator_name": "PROJECTION",
                            "cpu_time": 1.2881503060000001,
                            "extra_info": {
                                "Projections": [
                                    "UserId",
                                    "displayname",
                                    "TotalPosts",
                                    "Questions",
                                    "Answers",
                                    "ClosedPosts",
                                    "RecentActivity",
                                    "TotalVotes",
                                    "UpVotes",
                                    "DownVotes",
                                    "TotalBadges",
                                    "GoldBadges",
                                    "SilverBadges",
                                    "BronzeBadges"
                                ],
                                "Estimated Cardinality": "1274409"
                            },
                            "cumulative_cardinality": 16532919,
                            "operator_type": "PROJECTION",
                            "operator_cardinality": 194389,
                            "cumulative_rows_scanned": 20176643,
                            "operator_rows_scanned": 0,
                            "operator_timing": 0.009108804,
                            "result_set_size": 36545132,
                            "children": [
                                {
                                    "operator_name": "HASH_JOIN",
                                    "cpu_time": 1.279041502,
                                    "extra_info": {
                                        "Join Type": "LEFT",
                                        "Conditions": "UserId = userid",
                                        "Estimated Cardinality": "1274409"
                                    },
                                    "cumulative_cardinality": 16338530,
                                    "operator_type": "HASH_JOIN",
                                    "operator_cardinality": 194389,
                                    "cumulative_rows_scanned": 20176643,
                                    "operator_rows_scanned": 0,
                                    "operator_timing": 0.04775691199999999,
                                    "result_set_size": 38100244,
                                    "children": [
                                        {
                                            "operator_name": "HASH_JOIN",
                                            "cpu_time": 1.018115666,
                                            "extra_info": {
                                                "Join Type": "LEFT",
                                                "Conditions": "UserId = userid",
                                                "Estimated Cardinality": "1274409"
                                            },
                                            "cumulative_cardinality": 10951672,
                                            "operator_type": "HASH_JOIN",
                                            "operator_cardinality": 194389,
                                            "cumulative_rows_scanned": 17854919,
                                            "operator_rows_scanned": 0,
                                            "operator_timing": 0.0025283770000000005,
                                            "result_set_size": 26436904,
                                            "children": [
                                                {
                                                    "operator_name": "HASH_GROUP_BY",
                                                    "cpu_time": 0.7093270660000002,
                                                    "extra_info": {
                                                        "Groups": [
                                                            "#0",
                                                            "#1"
                                                        ],
                                                        "Aggregates": [
                                                            "count(#2)",
                                                            "sum(#3)",
                                                            "sum(#4)",
                                                            "sum(#5)",
                                                            "sum(#6)"
                                                        ],
                                                        "Estimated Cardinality": "1260710"
                                                    },
                                                    "cumulative_cardinality": 10655688,
                                                    "operator_type": "HASH_GROUP_BY",
                                                    "operator_cardinality": 194389,
                                                    "cumulative_rows_scanned": 5110826,
                                                    "operator_rows_scanned": 0,
                                                    "operator_timing": 0.25845623499999976,
                                                    "result_set_size": 17883788,
                                                    "children": [
                                                        {
                                                            "operator_name": "PROJECTION",
                                                            "cpu_time": 0.45087083100000047,
                                                            "extra_info": {
                                                                "Projections": [
                                                                    "id",
                                                                    "displayname",
                                                                    "id",
                                                                    "CASE  WHEN ((posttypeid = 1)) THEN (1) ELSE 0 END",
                                                                    "CASE  WHEN ((posttypeid = 2)) THEN (1) ELSE 0 END",
                                                                    "CASE  WHEN (constant_or_null(false, posttypeid, 10)) THEN (1) ELSE 0 END",
                                                                    "CASE  WHEN ((lastactivitydate >= '2024-09-01 12:34:56'::TIMESTAMP)) THEN (1) ELSE 0 END"
                                                                ],
                                                                "Estimated Cardinality": "3850116"
                                                            },
                                                            "cumulative_cardinality": 10461299,
                                                            "operator_type": "PROJECTION",
                                                            "operator_cardinality": 3291048,
                                                            "cumulative_rows_scanned": 5110826,
                                                            "operator_rows_scanned": 0,
                                                            "operator_timing": 0.06389806199999995,
                                                            "result_set_size": 131641920,
                                                            "children": [
                                                                {
                                                                    "operator_name": "HASH_JOIN",
                                                                    "cpu_time": 0.3869727690000005,
                                                                    "extra_info": {
                                                                        "Join Type": "RIGHT",
                                                                        "Conditions": "owneruserid = id",
                                                                        "Estimated Cardinality": "3850116"
                                                                    },
                                                                    "cumulative_cardinality": 7170251,
                                                                    "operator_type": "HASH_JOIN",
                                                                    "operator_cardinality": 3291048,
                                                                    "cumulative_rows_scanned": 5110826,
                                                                    "operator_rows_scanned": 0,
                                                                    "operator_timing": 0.15504313100000042,
                                                                    "result_set_size": 111895632,
                                                                    "children": [
                                                                        {
                                                                            "operator_name": "READ_PARQUET ",
                                                                            "cpu_time": 0.16504729400000004,
                                                                            "extra_info": {
                                                                                "Function": "READ_PARQUET",
                                                                                "Projections": [
                                                                                    "id",
                                                                                    "posttypeid",
                                                                                    "owneruserid",
                                                                                    "lastactivitydate"
                                                                                ],
                                                                                "Estimated Cardinality": "3850116"
                                                                            },
                                                                            "cumulative_cardinality": 3684814,
                                                                            "operator_type": "TABLE_SCAN",
                                                                            "operator_cardinality": 3684814,
                                                                            "cumulative_rows_scanned": 3850116,
                                                                            "operator_rows_scanned": 3850116,
                                                                            "operator_timing": 0.16504729400000004,
                                                                            "result_set_size": 66326652,
                                                                            "children": []
                                                                        },
                                                                        {
                                                                            "operator_name": "READ_PARQUET ",
                                                                            "cpu_time": 0.06688234400000002,
                                                                            "extra_info": {
                                                                                "Function": "READ_PARQUET",
                                                                                "Projections": [
                                                                                    "id",
                                                                                    "displayname"
                                                                                ],
                                                                                "Filters": "reputation>100",
                                                                                "Estimated Cardinality": "252142"
                                                                            },
                                                                            "cumulative_cardinality": 194389,
                                                                            "operator_type": "TABLE_SCAN",
                                                                            "operator_cardinality": 194389,
                                                                            "cumulative_rows_scanned": 1260710,
                                                                            "operator_rows_scanned": 1260710,
                                                                            "operator_timing": 0.06688234400000002,
                                                                            "result_set_size": 3887780,
                                                                            "children": []
                                                                        }
                                                                    ]
                                                                }
                                                            ]
                                                        }
                                                    ]
                                                },
                                                {
                                                    "operator_name": "HASH_GROUP_BY",
                                                    "cpu_time": 0.3062602229999998,
                                                    "extra_info": {
                                                        "Groups": "#0",
                                                        "Aggregates": [
                                                            "count_star()",
                                                            "sum(#1)",
                                                            "sum(#2)"
                                                        ],
                                                        "Estimated Cardinality": "1274409"
                                                    },
                                                    "cumulative_cardinality": 101595,
                                                    "operator_type": "HASH_GROUP_BY",
                                                    "operator_cardinality": 147,
                                                    "cumulative_rows_scanned": 12744093,
                                                    "operator_rows_scanned": 0,
                                                    "operator_timing": 0.004746314000000028,
                                                    "result_set_size": 6468,
                                                    "children": [
                                                        {
                                                            "operator_name": "PROJECTION",
                                                            "cpu_time": 0.30151390899999975,
                                                            "extra_info": {
                                                                "Projections": [
                                                                    "userid",
                                                                    "CASE  WHEN ((votetypeid = 2)) THEN (1) ELSE 0 END",
                                                                    "CASE  WHEN ((votetypeid = 3)) THEN (1) ELSE 0 END"
                                                                ],
                                                                "Estimated Cardinality": "2548818"
                                                            },
                                                            "cumulative_cardinality": 101448,
                                                            "operator_type": "PROJECTION",
                                                            "operator_cardinality": 50724,
                                                            "cumulative_rows_scanned": 12744093,
                                                            "operator_rows_scanned": 0,
                                                            "operator_timing": 0.005446536000000009,
                                                            "result_set_size": 608688,
                                                            "children": [
                                                                {
                                                                    "operator_name": "READ_PARQUET ",
                                                                    "cpu_time": 0.29606737299999974,
                                                                    "extra_info": {
                                                                        "Function": "READ_PARQUET",
                                                                        "Projections": [
                                                                            "id",
                                                                            "votetypeid",
                                                                            "userid"
                                                                        ],
                                                                        "Filters": "creationdate>='2024-09-01 12:34:56'::TIMESTAMP",
                                                                        "Estimated Cardinality": "2548818"
                                                                    },
                                                                    "cumulative_cardinality": 50724,
                                                                    "operator_type": "TABLE_SCAN",
                                                                    "operator_cardinality": 50724,
                                                                    "cumulative_rows_scanned": 12744093,
                                                                    "operator_rows_scanned": 12744093,
                                                                    "operator_timing": 0.29606737299999974,
                                                                    "result_set_size": 507240,
                                                                    "children": []
                                                                }
                                                            ]
                                                        }
                                                    ]
                                                }
                                            ]
                                        },
                                        {
                                            "operator_name": "HASH_GROUP_BY",
                                            "cpu_time": 0.21316892400000007,
                                            "extra_info": {
                                                "Groups": "#0",
                                                "Aggregates": [
                                                    "count_star()",
                                                    "sum(#1)",
                                                    "sum(#2)",
                                                    "sum(#3)"
                                                ],
                                                "Estimated Cardinality": "1160862"
                                            },
                                            "cumulative_cardinality": 5192469,
                                            "operator_type": "HASH_GROUP_BY",
                                            "operator_cardinality": 549021,
                                            "cumulative_rows_scanned": 2321724,
                                            "operator_rows_scanned": 0,
                                            "operator_timing": 0.16769831300000002,
                                            "result_set_size": 32941260,
                                            "children": [
                                                {
                                                    "operator_name": "PROJECTION",
                                                    "cpu_time": 0.04547061100000006,
                                                    "extra_info": {
                                                        "Projections": [
                                                            "userid",
                                                            "CASE  WHEN ((class = 1)) THEN (1) ELSE 0 END",
                                                            "CASE  WHEN ((class = 2)) THEN (1) ELSE 0 END",
                                                            "CASE  WHEN ((class = 3)) THEN (1) ELSE 0 END"
                                                        ],
                                                        "Estimated Cardinality": "2321724"
                                                    },
                                                    "cumulative_cardinality": 4643448,
                                                    "operator_type": "PROJECTION",
                                                    "operator_cardinality": 2321724,
                                                    "cumulative_rows_scanned": 2321724,
                                                    "operator_rows_scanned": 0,
                                                    "operator_timing": 0.013578706000000025,
                                                    "result_set_size": 37147584,
                                                    "children": [
                                                        {
                                                            "operator_name": "READ_PARQUET ",
                                                            "cpu_time": 0.03189190500000003,
                                                            "extra_info": {
                                                                "Function": "READ_PARQUET",
                                                                "Projections": [
                                                                    "id",
                                                                    "userid",
                                                                    "class"
                                                                ],
                                                                "Estimated Cardinality": "2321724"
                                                            },
                                                            "cumulative_cardinality": 2321724,
                                                            "operator_type": "TABLE_SCAN",
                                                            "operator_cardinality": 2321724,
                                                            "cumulative_rows_scanned": 2321724,
                                                            "operator_rows_scanned": 2321724,
                                                            "operator_timing": 0.03189190500000003,
                                                            "result_set_size": 23217240,
                                                            "children": []
                                                        }
                                                    ]
                                                }
                                            ]
                                        }
                                    ]
                                }
                            ]
                        }
                    ]
                }
            ]
        }
    ]
}