{
    "rows_returned": 10,
    "query_name": "\nWITH UserBadges AS (\n    SELECT \n        u.Id AS UserId, \n        u.DisplayName, \n        COUNT(b.Id) AS BadgeCount,\n        SUM(CASE WHEN b.Class = 1 THEN 1 ELSE 0 END) AS GoldBadges,\n        SUM(CASE WHEN b.Class = 2 THEN 1 ELSE 0 END) AS SilverBadges,\n        SUM(CASE WHEN b.Class = 3 THEN 1 ELSE 0 END) AS BronzeBadges\n    FROM \n        Users u\n    LEFT JOIN \n        Badges b ON u.Id = b.UserId\n    GROUP BY \n        u.Id, u.DisplayName\n), PostsSummary AS (\n    SELECT \n        p.OwnerUserId,\n        COUNT(p.Id) AS TotalPosts,\n        SUM(CASE WHEN p.PostTypeId = 1 THEN 1 ELSE 0 END) AS Questions,\n        SUM(CASE WHEN p.PostTypeId = 2 THEN 1 ELSE 0 END) AS Answers,\n        SUM(CASE WHEN p.PostTypeId = 3 THEN 1 ELSE 0 END) AS Wikis,\n        SUM(p.Score) AS TotalScore,\n        SUM(p.ViewCount) AS TotalViews\n    FROM \n        Posts p\n    GROUP BY \n        p.OwnerUserId\n), UsersPerformance AS (\n    SELECT \n        ub.UserId,\n        ub.DisplayName,\n        ub.BadgeCount,\n        ub.GoldBadges,\n        ub.SilverBadges,\n        ub.BronzeBadges,\n        ps.TotalPosts,\n        ps.Questions,\n        ps.Answers,\n        ps.Wikis,\n        ps.TotalScore,\n        ps.TotalViews\n    FROM \n        UserBadges ub\n    JOIN \n        PostsSummary ps ON ub.UserId = ps.OwnerUserId\n)\nSELECT \n    up.DisplayName,\n    up.BadgeCount,\n    up.GoldBadges,\n    up.SilverBadges,\n    up.BronzeBadges,\n    up.TotalPosts,\n    up.Questions,\n    up.Answers,\n    up.Wikis,\n    up.TotalScore,\n    up.TotalViews\nFROM \n    UsersPerformance up\nORDER BY \n    up.TotalScore DESC, \n    up.BadgeCount DESC\nFETCH FIRST 10 ROWS ONLY;\n",
    "blocked_thread_time": 0.0,
    "cpu_time": 1.873970713000001,
    "extra_info": {},
    "cumulative_cardinality": 22762522,
    "cumulative_rows_scanned": 7432550,
    "result_set_size": 1600,
    "latency": 2.092466778,
    "children": [
        {
            "operator_name": "STREAMING_LIMIT",
            "cpu_time": 1.873970713000001,
            "extra_info": {},
            "cumulative_cardinality": 22762522,
            "operator_type": "STREAMING_LIMIT",
            "operator_cardinality": 10,
            "cumulative_rows_scanned": 7432550,
            "operator_rows_scanned": 0,
            "operator_timing": 0.000004598,
            "result_set_size": 1600,
            "children": [
                {
                    "operator_name": "ORDER_BY",
                    "cpu_time": 1.8739661150000009,
                    "extra_info": {
                        "Order By": [
                            "up.TotalScore DESC",
                            "up.BadgeCount DESC"
                        ]
                    },
                    "cumulative_cardinality": 22762512,
                    "operator_type": "ORDER_BY",
                    "operator_cardinality": 4096,
                    "cumulative_rows_scanned": 7432550,
                    "operator_rows_scanned": 0,
                    "operator_timing": 0.14069677800000005,
                    "result_set_size": 655360,
                    "children": [
                        {
                            "operator_name": "PROJECTION",
                            "cpu_time": 1.7332693370000007,
                            "extra_info": {
                                "Projections": [
                                    "displayname",
                                    "BadgeCount",
                                    "GoldBadges",
                                    "SilverBadges",
                                    "BronzeBadges",
                                    "TotalPosts",
                                    "Questions",
                                    "Answers",
                                    "Wikis",
                                    "TotalScore",
                                    "TotalViews"
                                ],
                                "Estimated Cardinality": "1925058"
                            },
                            "cumulative_cardinality": 22758416,
                            "operator_type": "PROJECTION",
                            "operator_cardinality": 371631,
                            "cumulative_rows_scanned": 7432550,
                            "operator_rows_scanned": 0,
                            "operator_timing": 0.0002897599999999999,
                            "result_set_size": 59460960,
                            "children": [
                                {
                                    "operator_name": "HASH_JOIN",
                                    "cpu_time": 1.7329795770000007,
                                    "extra_info": {
                                        "Join Type": "INNER",
                                        "Conditions": "owneruserid = UserId",
                                        "Estimated Cardinality": "1925058"
                                    },
                                    "cumulative_cardinality": 22386785,
                                    "operator_type": "HASH_JOIN",
                                    "operator_cardinality": 371631,
                                    "cumulative_rows_scanned": 7432550,
                                    "operator_rows_scanned": 0,
                                    "operator_timing": 0.18048681899999997,
                                    "result_set_size": 59460960,
                                    "children": [
                                        {
                                            "operator_name": "HASH_GROUP_BY",
                                            "cpu_time": 0.5977997360000002,
                                            "extra_info": {
                                                "Groups": "#0",
                                                "Aggregates": [
                                                    "count_star()",
                                                    "sum(#1)",
                                                    "sum(#2)",
                                                    "sum(#3)",
                                                    "sum(#4)",
                                                    "sum(#5)"
                                                ],
                                                "Estimated Cardinality": "1925058"
                                            },
                                            "cumulative_cardinality": 8071864,
                                            "operator_type": "HASH_GROUP_BY",
                                            "operator_cardinality": 371632,
                                            "cumulative_rows_scanned": 3850116,
                                            "operator_rows_scanned": 0,
                                            "operator_timing": 0.34152259700000015,
                                            "result_set_size": 34190144,
                                            "children": [
                                                {
                                                    "operator_name": "PROJECTION",
                                                    "cpu_time": 0.25627713900000015,
                                                    "extra_info": {
                                                        "Projections": [
                                                            "owneruserid",
                                                            "CASE  WHEN ((posttypeid = 1)) THEN (1) ELSE 0 END",
                                                            "CASE  WHEN ((posttypeid = 2)) THEN (1) ELSE 0 END",
                                                            "CASE  WHEN ((posttypeid = 3)) THEN (1) ELSE 0 END",
                                                            "score",
                                                            "viewcount"
                                                        ],
                                                        "Estimated Cardinality": "3850116"
                                                    },
                                                    "cumulative_cardinality": 7700232,
                                                    "operator_type": "PROJECTION",
                                                    "operator_cardinality": 3850116,
                                                    "cumulative_rows_scanned": 3850116,
                                                    "operator_rows_scanned": 0,
                                                    "operator_timing": 0.09186964800000007,
                                                    "result_set_size": 92402784,
                                                    "children": [
                                                        {
                                                            "operator_name": "READ_PARQUET ",
                                                            "cpu_time": 0.1644074910000001,
                                                            "extra_info": {
                                                                "Function": "READ_PARQUET",
                                                                "Projections": [
                                                                    "id",
                                                                    "posttypeid",
                                                                    "score",
                                                                    "viewcount",
                                                                    "owneruserid"
                                                                ],
                                                                "Estimated Cardinality": "3850116"
                                                            },
                                                            "cumulative_cardinality": 3850116,
                                                            "operator_type": "TABLE_SCAN",
                                                            "operator_cardinality": 3850116,
                                                            "cumulative_rows_scanned": 3850116,
                                                            "operator_rows_scanned": 3850116,
                                                            "operator_timing": 0.1644074910000001,
                                                            "result_set_size": 69302088,
                                                            "children": []
                                                        }
                                                    ]
                                                }
                                            ]
                                        },
                                        {
                                            "operator_name": "HASH_GROUP_BY",
                                            "cpu_time": 0.9546930220000005,
                                            "extra_info": {
                                                "Groups": [
                                                    "#0",
                                                    "#1"
                                                ],
                                                "Aggregates": [
                                                    "count(#2)",
                                                    "sum(#3)",
                                                    "sum(#4)",
                                                    "sum(#5)"
                                                ],
                                                "Estimated Cardinality": "1260710"
                                            },
                                            "cumulative_cardinality": 13943290,
                                            "operator_type": "HASH_GROUP_BY",
                                            "operator_cardinality": 1260679,
                                            "cumulative_rows_scanned": 3582434,
                                            "operator_rows_scanned": 0,
                                            "operator_timing": 0.568606826,
                                            "result_set_size": 95811604,
                                            "children": [
                                                {
                                                    "operator_name": "PROJECTION",
                                                    "cpu_time": 0.3860861960000005,
                                                    "extra_info": {
                                                        "Projections": [
                                                            "id",
                                                            "displayname",
                                                            "id",
                                                            "CASE  WHEN ((class = 1)) THEN (1) ELSE 0 END",
                                                            "CASE  WHEN ((class = 2)) THEN (1) ELSE 0 END",
                                                            "CASE  WHEN ((class = 3)) THEN (1) ELSE 0 END"
                                                        ],
                                                        "Estimated Cardinality": "2321724"
                                                    },
                                                    "cumulative_cardinality": 12682611,
                                                    "operator_type": "PROJECTION",
                                                    "operator_cardinality": 3033382,
                                                    "cumulative_rows_scanned": 3582434,
                                                    "operator_rows_scanned": 0,
                                                    "operator_timing": 0.016060699000000032,
                                                    "result_set_size": 109201752,
                                                    "children": [
                                                        {
                                                            "operator_name": "FILTER",
                                                            "cpu_time": 0.3700254970000005,
                                                            "extra_info": {
                                                                "Expression": "(id <= 1416539)",
                                                                "Estimated Cardinality": "2321724"
                                                            },
                                                            "cumulative_cardinality": 9649229,
                                                            "operator_type": "FILTER",
                                                            "operator_cardinality": 3033382,
                                                            "cumulative_rows_scanned": 3582434,
                                                            "operator_rows_scanned": 0,
                                                            "operator_timing": 0.003952820000000001,
                                                            "result_set_size": 78867932,
                                                            "children": [
                                                                {
                                                                    "operator_name": "HASH_JOIN",
                                                                    "cpu_time": 0.36607267700000046,
                                                                    "extra_info": {
                                                                        "Join Type": "RIGHT",
                                                                        "Conditions": "userid = id",
                                                                        "Estimated Cardinality": "2321724"
                                                                    },
                                                                    "cumulative_cardinality": 6615847,
                                                                    "operator_type": "HASH_JOIN",
                                                                    "operator_cardinality": 3033413,
                                                                    "cumulative_rows_scanned": 3582434,
                                                                    "operator_rows_scanned": 0,
                                                                    "operator_timing": 0.2310929210000004,
                                                                    "result_set_size": 78868738,
                                                                    "children": [
                                                                        {
                                                                            "operator_name": "READ_PARQUET ",
                                                                            "cpu_time": 0.05929277300000006,
                                                                            "extra_info": {
                                                                                "Function": "READ_PARQUET",
                                                                                "Projections": [
                                                                                    "id",
                                                                                    "userid",
                                                                                    "class"
                                                                                ],
                                                                                "Estimated Cardinality": "2321724"
                                                                            },
                                                                            "cumulative_cardinality": 2321724,
                                                                            "operator_type": "TABLE_SCAN",
                                                                            "operator_cardinality": 2321724,
                                                                            "cumulative_rows_scanned": 2321724,
                                                                            "operator_rows_scanned": 2321724,
                                                                            "operator_timing": 0.05929277300000006,
                                                                            "result_set_size": 23217240,
                                                                            "children": []
                                                                        },
                                                                        {
                                                                            "operator_name": "READ_PARQUET ",
                                                                            "cpu_time": 0.07568698299999999,
                                                                            "extra_info": {
                                                                                "Function": "READ_PARQUET",
                                                                                "Projections": [
                                                                                    "id",
                                                                                    "displayname"
                                                                                ],
                                                                                "Estimated Cardinality": "1260710"
                                                                            },
                                                                            "cumulative_cardinality": 1260710,
                                                                            "operator_type": "TABLE_SCAN",
                                                                            "operator_cardinality": 1260710,
                                                                            "cumulative_rows_scanned": 1260710,
                                                                            "operator_rows_scanned": 1260710,
                                                                            "operator_timing": 0.07568698299999999,
                                                                            "result_set_size": 25214200,
                                                                            "children": []
                                                                        }
                                                                    ]
                                                                }
                                                            ]
                                                        }
                                                    ]
                                                }
                                            ]
                                        }
                                    ]
                                }
                            ]
                        }
                    ]
                }
            ]
        }
    ]
}