{
    "rows_returned": 460,
    "query_name": "\nWITH UserVotes AS (\n    SELECT \n        U.Id AS UserId,\n        U.DisplayName,\n        COUNT(V.Id) AS TotalVotes,\n        SUM(CASE WHEN V.VoteTypeId = 2 THEN 1 ELSE 0 END) AS UpVotes,\n        SUM(CASE WHEN V.VoteTypeId = 3 THEN 1 ELSE 0 END) AS DownVotes,\n        SUM(CASE WHEN V.VoteTypeId IN (10, 12) THEN 1 ELSE 0 END) AS Deletions\n    FROM \n        Users U\n    LEFT JOIN \n        Votes V ON U.Id = V.UserId\n    GROUP BY \n        U.Id, U.DisplayName\n), PostStats AS (\n    SELECT \n        P.Id AS PostId,\n        P.Title,\n        P.ViewCount,\n        P.Score,\n        COUNT(C.Id) AS CommentCount,\n        COUNT(DISTINCT COALESCE(B.UserId, -1)) AS BadgeCount,\n        MAX(CASE WHEN PH.PostHistoryTypeId IN (10, 11) THEN 1 ELSE 0 END) AS IsClosed,\n        SUM(CASE WHEN U.DisplayName IS NOT NULL THEN 1 ELSE 0 END) AS ActiveUserCount\n    FROM \n        Posts P\n    LEFT JOIN \n        Comments C ON P.Id = C.PostId\n    LEFT JOIN \n        Badges B ON P.OwnerUserId = B.UserId\n    LEFT JOIN \n        PostHistory PH ON P.Id = PH.PostId\n    LEFT JOIN \n        Users U ON P.OwnerUserId = U.Id\n    GROUP BY \n        P.Id, P.Title, P.ViewCount, P.Score\n), CombinedStats AS (\n    SELECT \n        U.DisplayName,\n        U.TotalVotes,\n        U.UpVotes,\n        U.DownVotes,\n        U.Deletions,\n        PS.PostId,\n        PS.Title,\n        PS.ViewCount,\n        PS.Score,\n        PS.CommentCount,\n        PS.BadgeCount,\n        PS.IsClosed,\n        PS.ActiveUserCount\n    FROM \n        UserVotes U\n    JOIN \n        PostStats PS ON U.UserId = PS.PostId \n)\nSELECT \n    CS.DisplayName,\n    CS.TotalVotes,\n    CS.UpVotes,\n    CS.DownVotes,\n    CS.Deletions,\n    CS.Title, \n    CS.ViewCount,\n    CS.Score,\n    CS.CommentCount,\n    CASE WHEN CS.IsClosed = 1 THEN 'Closed' ELSE 'Open' END AS PostStatus,\n    CS.BadgeCount,\n    CS.ActiveUserCount\nFROM \n    CombinedStats CS\nWHERE \n    CS.TotalVotes > 10\nORDER BY \n    CS.Score DESC, CS.ViewCount DESC;\n",
    "blocked_thread_time": 0.0,
    "cpu_time": 280.00999913598537,
    "extra_info": {},
    "cumulative_cardinality": 15770165348,
    "cumulative_rows_scanned": 40474419,
    "result_set_size": 66240,
    "latency": 324.906723153,
    "children": [
        {
            "operator_name": "PROJECTION",
            "cpu_time": 280.00999913598537,
            "extra_info": {
                "Projections": [
                    "#0",
                    "#1",
                    "#2",
                    "#3",
                    "#4",
                    "#5",
                    "#6",
                    "__internal_decompress_integral_integer(#7, -72)",
                    "#8",
                    "__internal_decompress_string(#9)",
                    "#10",
                    "#11"
                ],
                "Estimated Cardinality": "770023"
            },
            "cumulative_cardinality": 15770165348,
            "operator_type": "PROJECTION",
            "operator_cardinality": 460,
            "cumulative_rows_scanned": 40474419,
            "operator_rows_scanned": 0,
            "operator_timing": 0.000007153,
            "result_set_size": 66240,
            "children": [
                {
                    "operator_name": "ORDER_BY",
                    "cpu_time": 280.00999198298535,
                    "extra_info": {
                        "Order By": [
                            "CS.Score DESC",
                            "CS.ViewCount DESC"
                        ]
                    },
                    "cumulative_cardinality": 15770164888,
                    "operator_type": "ORDER_BY",
                    "operator_cardinality": 460,
                    "cumulative_rows_scanned": 40474419,
                    "operator_rows_scanned": 0,
                    "operator_timing": 0.00011519299999999999,
                    "result_set_size": 61640,
                    "children": [
                        {
                            "operator_name": "PROJECTION",
                            "cpu_time": 280.00987678998536,
                            "extra_info": {
                                "Projections": [
                                    "#0",
                                    "#1",
                                    "#2",
                                    "#3",
                                    "#4",
                                    "#5",
                                    "#6",
                                    "__internal_compress_integral_usmallint(#7, -72)",
                                    "#8",
                                    "__internal_compress_string_ubigint(#9)",
                                    "#10",
                                    "#11"
                                ],
                                "Estimated Cardinality": "770023"
                            },
                            "cumulative_cardinality": 15770164428,
                            "operator_type": "PROJECTION",
                            "operator_cardinality": 460,
                            "cumulative_rows_scanned": 40474419,
                            "operator_rows_scanned": 0,
                            "operator_timing": 0.00001094,
                            "result_set_size": 61640,
                            "children": [
                                {
                                    "operator_name": "PROJECTION",
                                    "cpu_time": 280.0098658499854,
                                    "extra_info": {
                                        "Projections": [
                                            "displayname",
                                            "TotalVotes",
                                            "UpVotes",
                                            "DownVotes",
                                            "Deletions",
                                            "title",
                                            "viewcount",
                                            "score",
                                            "CommentCount",
                                            "PostStatus",
                                            "BadgeCount",
                                            "ActiveUserCount"
                                        ],
                                        "Estimated Cardinality": "770023"
                                    },
                                    "cumulative_cardinality": 15770163968,
                                    "operator_type": "PROJECTION",
                                    "operator_cardinality": 460,
                                    "cumulative_rows_scanned": 40474419,
                                    "operator_rows_scanned": 0,
                                    "operator_timing": 0.00001564,
                                    "result_set_size": 66240,
                                    "children": [
                                        {
                                            "operator_name": "PROJECTION",
                                            "cpu_time": 280.00985020998536,
                                            "extra_info": {
                                                "Projections": [
                                                    "displayname",
                                                    "TotalVotes",
                                                    "UpVotes",
                                                    "DownVotes",
                                                    "Deletions",
                                                    "title",
                                                    "viewcount",
                                                    "score",
                                                    "CommentCount",
                                                    "BadgeCount",
                                                    "IsClosed",
                                                    "ActiveUserCount"
                                                ],
                                                "Estimated Cardinality": "770023"
                                            },
                                            "cumulative_cardinality": 15770163508,
                                            "operator_type": "PROJECTION",
                                            "operator_cardinality": 460,
                                            "cumulative_rows_scanned": 40474419,
                                            "operator_rows_scanned": 0,
                                            "operator_timing": 0.000004548,
                                            "result_set_size": 60720,
                                            "children": [
                                                {
                                                    "operator_name": "HASH_JOIN",
                                                    "cpu_time": 280.00984566198537,
                                                    "extra_info": {
                                                        "Join Type": "INNER",
                                                        "Conditions": "PostId = UserId",
                                                        "Estimated Cardinality": "770023"
                                                    },
                                                    "cumulative_cardinality": 15770163048,
                                                    "operator_type": "HASH_JOIN",
                                                    "operator_cardinality": 460,
                                                    "cumulative_rows_scanned": 40474419,
                                                    "operator_rows_scanned": 0,
                                                    "operator_timing": 0.010642778999999979,
                                                    "result_set_size": 60720,
                                                    "children": [
                                                        {
                                                            "operator_name": "PROJECTION",
                                                            "cpu_time": 278.72928803598535,
                                                            "extra_info": {
                                                                "Projections": [
                                                                    "#0",
                                                                    "#1",
                                                                    "#2",
                                                                    "__internal_decompress_integral_integer(#3, -72)",
                                                                    "#4",
                                                                    "#5",
                                                                    "#6",
                                                                    "#7"
                                                                ],
                                                                "Estimated Cardinality": "3850116"
                                                            },
                                                            "cumulative_cardinality": 15763740763,
                                                            "operator_type": "PROJECTION",
                                                            "operator_cardinality": 1156110,
                                                            "cumulative_rows_scanned": 26469616,
                                                            "operator_rows_scanned": 0,
                                                            "operator_timing": 0.00042334699999999867,
                                                            "result_set_size": 73991040,
                                                            "children": [
                                                                {
                                                                    "operator_name": "HASH_GROUP_BY",
                                                                    "cpu_time": 278.72886468898537,
                                                                    "extra_info": {
                                                                        "Groups": [
                                                                            "#0",
                                                                            "#1",
                                                                            "#2",
                                                                            "#3"
                                                                        ],
                                                                        "Aggregates": [
                                                                            "count(#4)",
                                                                            "count(DISTINCT #5)",
                                                                            "max(#6)",
                                                                            "sum(#7)"
                                                                        ],
                                                                        "Estimated Cardinality": "3850116"
                                                                    },
                                                                    "cumulative_cardinality": 15762584653,
                                                                    "operator_type": "HASH_GROUP_BY",
                                                                    "operator_cardinality": 1156110,
                                                                    "cumulative_rows_scanned": 26469616,
                                                                    "operator_rows_scanned": 0,
                                                                    "operator_timing": 96.71443579600334,
                                                                    "result_set_size": 71678820,
                                                                    "children": [
                                                                        {
                                                                            "operator_name": "PROJECTION",
                                                                            "cpu_time": 182.01442889298204,
                                                                            "extra_info": {
                                                                                "Projections": [
                                                                                    "id",
                                                                                    "title",
                                                                                    "viewcount",
                                                                                    "score",
                                                                                    "id",
                                                                                    "COALESCE(userid, -1)",
                                                                                    "CASE  WHEN ((posthistorytypeid IN (10, 11))) THEN (1) ELSE 0 END",
                                                                                    "CASE  WHEN ((displayname IS NOT NULL)) THEN (1) ELSE 0 END"
                                                                                ],
                                                                                "Estimated Cardinality": "11795244"
                                                                            },
                                                                            "cumulative_cardinality": 15761428543,
                                                                            "operator_type": "PROJECTION",
                                                                            "operator_cardinality": 1510979829,
                                                                            "cumulative_rows_scanned": 26469616,
                                                                            "operator_rows_scanned": 0,
                                                                            "operator_timing": 27.606973985998557,
                                                                            "result_set_size": 63461152818,
                                                                            "children": [
                                                                                {
                                                                                    "operator_name": "PROJECTION",
                                                                                    "cpu_time": 154.40745490698347,
                                                                                    "extra_info": {
                                                                                        "Projections": [
                                                                                            "#1",
                                                                                            "__internal_compress_integral_usmallint(#2, -72)",
                                                                                            "#3",
                                                                                            "#4",
                                                                                            "#0",
                                                                                            "#5",
                                                                                            "#6",
                                                                                            "#7"
                                                                                        ],
                                                                                        "Estimated Cardinality": "11795244"
                                                                                    },
                                                                                    "cumulative_cardinality": 14250448714,
                                                                                    "operator_type": "PROJECTION",
                                                                                    "operator_cardinality": 1510979829,
                                                                                    "cumulative_rows_scanned": 26469616,
                                                                                    "operator_rows_scanned": 0,
                                                                                    "operator_timing": 1.771139724001074,
                                                                                    "result_set_size": 78570951108,
                                                                                    "children": [
                                                                                        {
                                                                                            "operator_name": "FILTER",
                                                                                            "cpu_time": 152.6363151829824,
                                                                                            "extra_info": {
                                                                                                "Expression": "(#1 <= 1416570)",
                                                                                                "Estimated Cardinality": "11795244"
                                                                                            },
                                                                                            "cumulative_cardinality": 12739468885,
                                                                                            "operator_type": "FILTER",
                                                                                            "operator_cardinality": 1510979829,
                                                                                            "cumulative_rows_scanned": 26469616,
                                                                                            "operator_rows_scanned": 0,
                                                                                            "operator_timing": 11.410297701998282,
                                                                                            "result_set_size": 81592910766,
                                                                                            "children": [
                                                                                                {
                                                                                                    "operator_name": "HASH_JOIN",
                                                                                                    "cpu_time": 141.22601748098413,
                                                                                                    "extra_info": {
                                                                                                        "Join Type": "LEFT",
                                                                                                        "Conditions": "owneruserid = id",
                                                                                                        "Estimated Cardinality": "11795244"
                                                                                                    },
                                                                                                    "cumulative_cardinality": 11228489056,
                                                                                                    "operator_type": "HASH_JOIN",
                                                                                                    "operator_cardinality": 3285801530,
                                                                                                    "cumulative_rows_scanned": 26469616,
                                                                                                    "operator_rows_scanned": 0,
                                                                                                    "operator_timing": 83.21177856896102,
                                                                                                    "result_set_size": 177433282620,
                                                                                                    "children": [
                                                                                                        {
                                                                                                            "operator_name": "PROJECTION",
                                                                                                            "cpu_time": 57.930378496023124,
                                                                                                            "extra_info": {
                                                                                                                "Projections": [
                                                                                                                    "#0",
                                                                                                                    "#1",
                                                                                                                    "#2",
                                                                                                                    "#3",
                                                                                                                    "#4",
                                                                                                                    "#5",
                                                                                                                    "#6",
                                                                                                                    "__internal_decompress_integral_smallint(#7, 1)"
                                                                                                                ],
                                                                                                                "Estimated Cardinality": "11795244"
                                                                                                            },
                                                                                                            "cumulative_cardinality": 7941426816,
                                                                                                            "operator_type": "PROJECTION",
                                                                                                            "operator_cardinality": 3285801530,
                                                                                                            "cumulative_rows_scanned": 25208906,
                                                                                                            "operator_rows_scanned": 0,
                                                                                                            "operator_timing": 1.740145005004304,
                                                                                                            "result_set_size": 138003664260,
                                                                                                            "children": [
                                                                                                                {
                                                                                                                    "operator_name": "HASH_JOIN",
                                                                                                                    "cpu_time": 56.19023349101882,
                                                                                                                    "extra_info": {
                                                                                                                        "Join Type": "LEFT",
                                                                                                                        "Conditions": "id = postid",
                                                                                                                        "Estimated Cardinality": "11795244"
                                                                                                                    },
                                                                                                                    "cumulative_cardinality": 4655625286,
                                                                                                                    "operator_type": "HASH_JOIN",
                                                                                                                    "operator_cardinality": 3285801530,
                                                                                                                    "cumulative_rows_scanned": 25208906,
                                                                                                                    "operator_rows_scanned": 0,
                                                                                                                    "operator_timing": 42.451301391019,
                                                                                                                    "result_set_size": 134717862730,
                                                                                                                    "children": [
                                                                                                                        {
                                                                                                                            "operator_name": "HASH_JOIN",
                                                                                                                            "cpu_time": 13.613206003999824,
                                                                                                                            "extra_info": {
                                                                                                                                "Join Type": "LEFT",
                                                                                                                                "Conditions": "owneruserid = userid",
                                                                                                                                "Estimated Cardinality": "7241822"
                                                                                                                            },
                                                                                                                            "cumulative_cardinality": 1346233268,
                                                                                                                            "operator_type": "HASH_JOIN",
                                                                                                                            "operator_cardinality": 1311112958,
                                                                                                                            "cumulative_rows_scanned": 13413662,
                                                                                                                            "operator_rows_scanned": 0,
                                                                                                                            "operator_timing": 12.172923769999825,
                                                                                                                            "result_set_size": 52444518320,
                                                                                                                            "children": [
                                                                                                                                {
                                                                                                                                    "operator_name": "PROJECTION",
                                                                                                                                    "cpu_time": 1.4280880090000003,
                                                                                                                                    "extra_info": {
                                                                                                                                        "Projections": [
                                                                                                                                            "#0",
                                                                                                                                            "#1",
                                                                                                                                            "__internal_decompress_integral_integer(#2, -72)",
                                                                                                                                            "#3",
                                                                                                                                            "#4",
                                                                                                                                            "#5"
                                                                                                                                        ],
                                                                                                                                        "Estimated Cardinality": "7241822"
                                                                                                                                    },
                                                                                                                                    "cumulative_cardinality": 32798586,
                                                                                                                                    "operator_type": "PROJECTION",
                                                                                                                                    "operator_cardinality": 8928266,
                                                                                                                                    "cumulative_rows_scanned": 11091938,
                                                                                                                                    "operator_rows_scanned": 0,
                                                                                                                                    "operator_timing": 0.005897292000000054,
                                                                                                                                    "result_set_size": 321417576,
                                                                                                                                    "children": [
                                                                                                                                        {
                                                                                                                                            "operator_name": "HASH_JOIN",
                                                                                                                                            "cpu_time": 1.4221907170000003,
                                                                                                                                            "extra_info": {
                                                                                                                                                "Join Type": "RIGHT",
                                                                                                                                                "Conditions": "postid = id",
                                                                                                                                                "Estimated Cardinality": "7241822"
                                                                                                                                            },
                                                                                                                                            "cumulative_cardinality": 23870320,
                                                                                                                                            "operator_type": "HASH_JOIN",
                                                                                                                                            "operator_cardinality": 8928266,
                                                                                                                                            "cumulative_rows_scanned": 11091938,
                                                                                                                                            "operator_rows_scanned": 0,
                                                                                                                                            "operator_timing": 0.8979434770000009,
                                                                                                                                            "result_set_size": 303561044,
                                                                                                                                            "children": [
                                                                                                                                                {
                                                                                                                                                    "operator_name": "READ_PARQUET ",
                                                                                                                                                    "cpu_time": 0.14771694099999969,
                                                                                                                                                    "extra_info": {
                                                                                                                                                        "Function": "READ_PARQUET",
                                                                                                                                                        "Projections": [
                                                                                                                                                            "id",
                                                                                                                                                            "postid"
                                                                                                                                                        ],
                                                                                                                                                        "Estimated Cardinality": "7241822"
                                                                                                                                                    },
                                                                                                                                                    "cumulative_cardinality": 7241822,
                                                                                                                                                    "operator_type": "TABLE_SCAN",
                                                                                                                                                    "operator_cardinality": 7241822,
                                                                                                                                                    "cumulative_rows_scanned": 7241822,
                                                                                                                                                    "operator_rows_scanned": 7241822,
                                                                                                                                                    "operator_timing": 0.14771694099999969,
                                                                                                                                                    "result_set_size": 57934576,
                                                                                                                                                    "children": []
                                                                                                                                                },
                                                                                                                                                {
                                                                                                                                                    "operator_name": "PROJECTION",
                                                                                                                                                    "cpu_time": 0.3765302989999998,
                                                                                                                                                    "extra_info": {
                                                                                                                                                        "Projections": [
                                                                                                                                                            "#0",
                                                                                                                                                            "__internal_compress_integral_usmallint(#1, -72)",
                                                                                                                                                            "#2",
                                                                                                                                                            "#3",
                                                                                                                                                            "#4"
                                                                                                                                                        ],
                                                                                                                                                        "Estimated Cardinality": "3850116"
                                                                                                                                                    },
                                                                                                                                                    "cumulative_cardinality": 7700232,
                                                                                                                                                    "operator_type": "PROJECTION",
                                                                                                                                                    "operator_cardinality": 3850116,
                                                                                                                                                    "cumulative_rows_scanned": 3850116,
                                                                                                                                                    "operator_rows_scanned": 0,
                                                                                                                                                    "operator_timing": 0.0025327740000000033,
                                                                                                                                                    "result_set_size": 115503480,
                                                                                                                                                    "children": [
                                                                                                                                                        {
                                                                                                                                                            "operator_name": "READ_PARQUET ",
                                                                                                                                                            "cpu_time": 0.3739975249999998,
                                                                                                                                                            "extra_info": {
                                                                                                                                                                "Function": "READ_PARQUET",
                                                                                                                                                                "Projections": [
                                                                                                                                                                    "id",
                                                                                                                                                                    "score",
                                                                                                                                                                    "viewcount",
                                                                                                                                                                    "owneruserid",
                                                                                                                                                                    "title"
                                                                                                                                                                ],
                                                                                                                                                                "Estimated Cardinality": "3850116"
                                                                                                                                                            },
                                                                                                                                                            "cumulative_cardinality": 3850116,
                                                                                                                                                            "operator_type": "TABLE_SCAN",
                                                                                                                                                            "operator_cardinality": 3850116,
                                                                                                                                                            "cumulative_rows_scanned": 3850116,
                                                                                                                                                            "operator_rows_scanned": 3850116,
                                                                                                                                                            "operator_timing": 0.3739975249999998,
                                                                                                                                                            "result_set_size": 123203712,
                                                                                                                                                            "children": []
                                                                                                                                                        }
                                                                                                                                                    ]
                                                                                                                                                }
                                                                                                                                            ]
                                                                                                                                        }
                                                                                                                                    ]
                                                                                                                                },
                                                                                                                                {
                                                                                                                                    "operator_name": "READ_PARQUET ",
                                                                                                                                    "cpu_time": 0.012194225,
                                                                                                                                    "extra_info": {
                                                                                                                                        "Function": "READ_PARQUET",
                                                                                                                                        "Projections": "userid",
                                                                                                                                        "Estimated Cardinality": "2321724"
                                                                                                                                    },
                                                                                                                                    "cumulative_cardinality": 2321724,
                                                                                                                                    "operator_type": "TABLE_SCAN",
                                                                                                                                    "operator_cardinality": 2321724,
                                                                                                                                    "cumulative_rows_scanned": 2321724,
                                                                                                                                    "operator_rows_scanned": 2321724,
                                                                                                                                    "operator_timing": 0.012194225,
                                                                                                                                    "result_set_size": 9286896,
                                                                                                                                    "children": []
                                                                                                                                }
                                                                                                                            ]
                                                                                                                        },
                                                                                                                        {
                                                                                                                            "operator_name": "PROJECTION",
                                                                                                                            "cpu_time": 0.12572609599999973,
                                                                                                                            "extra_info": {
                                                                                                                                "Projections": [
                                                                                                                                    "__internal_compress_integral_utinyint(#0, 1)",
                                                                                                                                    "#1"
                                                                                                                                ],
                                                                                                                                "Estimated Cardinality": "11795244"
                                                                                                                            },
                                                                                                                            "cumulative_cardinality": 23590488,
                                                                                                                            "operator_type": "PROJECTION",
                                                                                                                            "operator_cardinality": 11795244,
                                                                                                                            "cumulative_rows_scanned": 11795244,
                                                                                                                            "operator_rows_scanned": 0,
                                                                                                                            "operator_timing": 0.003046128000000018,
                                                                                                                            "result_set_size": 58976220,
                                                                                                                            "children": [
                                                                                                                                {
                                                                                                                                    "operator_name": "READ_PARQUET ",
                                                                                                                                    "cpu_time": 0.12267996799999972,
                                                                                                                                    "extra_info": {
                                                                                                                                        "Function": "READ_PARQUET",
                                                                                                                                        "Projections": [
                                                                                                                                            "posthistorytypeid",
                                                                                                                                            "postid"
                                                                                                                                        ],
                                                                                                                                        "Estimated Cardinality": "11795244"
                                                                                                                                    },
                                                                                                                                    "cumulative_cardinality": 11795244,
                                                                                                                                    "operator_type": "TABLE_SCAN",
                                                                                                                                    "operator_cardinality": 11795244,
                                                                                                                                    "cumulative_rows_scanned": 11795244,
                                                                                                                                    "operator_rows_scanned": 11795244,
                                                                                                                                    "operator_timing": 0.12267996799999972,
                                                                                                                                    "result_set_size": 70771464,
                                                                                                                                    "children": []
                                                                                                                                }
                                                                                                                            ]
                                                                                                                        }
                                                                                                                    ]
                                                                                                                }
                                                                                                            ]
                                                                                                        },
                                                                                                        {
                                                                                                            "operator_name": "READ_PARQUET ",
                                                                                                            "cpu_time": 0.08386041600000008,
                                                                                                            "extra_info": {
                                                                                                                "Function": "READ_PARQUET",
                                                                                                                "Projections": [
                                                                                                                    "id",
                                                                                                                    "displayname"
                                                                                                                ],
                                                                                                                "Estimated Cardinality": "1260710"
                                                                                                            },
                                                                                                            "cumulative_cardinality": 1260710,
                                                                                                            "operator_type": "TABLE_SCAN",
                                                                                                            "operator_cardinality": 1260710,
                                                                                                            "cumulative_rows_scanned": 1260710,
                                                                                                            "operator_rows_scanned": 1260710,
                                                                                                            "operator_timing": 0.08386041600000008,
                                                                                                            "result_set_size": 25214200,
                                                                                                            "children": []
                                                                                                        }
                                                                                                    ]
                                                                                                }
                                                                                            ]
                                                                                        }
                                                                                    ]
                                                                                }
                                                                            ]
                                                                        }
                                                                    ]
                                                                }
                                                            ]
                                                        },
                                                        {
                                                            "operator_name": "FILTER",
                                                            "cpu_time": 1.2699148470000003,
                                                            "extra_info": {
                                                                "Expression": "(TotalVotes > 10)",
                                                                "Estimated Cardinality": "252142"
                                                            },
                                                            "cumulative_cardinality": 6421825,
                                                            "operator_type": "FILTER",
                                                            "operator_cardinality": 538,
                                                            "cumulative_rows_scanned": 14004803,
                                                            "operator_rows_scanned": 0,
                                                            "operator_timing": 0.0024226839999999996,
                                                            "result_set_size": 40888,
                                                            "children": [
                                                                {
                                                                    "operator_name": "HASH_GROUP_BY",
                                                                    "cpu_time": 1.2674921630000004,
                                                                    "extra_info": {
                                                                        "Groups": [
                                                                            "#0",
                                                                            "#1"
                                                                        ],
                                                                        "Aggregates": [
                                                                            "count(#2)",
                                                                            "sum(#3)",
                                                                            "sum(#4)",
                                                                            "sum(#5)"
                                                                        ],
                                                                        "Estimated Cardinality": "1260710"
                                                                    },
                                                                    "cumulative_cardinality": 6421287,
                                                                    "operator_type": "HASH_GROUP_BY",
                                                                    "operator_cardinality": 1260709,
                                                                    "cumulative_rows_scanned": 14004803,
                                                                    "operator_rows_scanned": 0,
                                                                    "operator_timing": 0.5577961199999992,
                                                                    "result_set_size": 95813884,
                                                                    "children": [
                                                                        {
                                                                            "operator_name": "PROJECTION",
                                                                            "cpu_time": 0.7096960430000011,
                                                                            "extra_info": {
                                                                                "Projections": [
                                                                                    "id",
                                                                                    "displayname",
                                                                                    "id",
                                                                                    "CASE  WHEN ((votetypeid = 2)) THEN (1) ELSE 0 END",
                                                                                    "CASE  WHEN ((votetypeid = 3)) THEN (1) ELSE 0 END",
                                                                                    "CASE  WHEN ((votetypeid IN (10, 12))) THEN (1) ELSE 0 END"
                                                                                ],
                                                                                "Estimated Cardinality": "12744093"
                                                                            },
                                                                            "cumulative_cardinality": 5160578,
                                                                            "operator_type": "PROJECTION",
                                                                            "operator_cardinality": 1285363,
                                                                            "cumulative_rows_scanned": 14004803,
                                                                            "operator_rows_scanned": 0,
                                                                            "operator_timing": 0.013274208000000011,
                                                                            "result_set_size": 46273068,
                                                                            "children": [
                                                                                {
                                                                                    "operator_name": "FILTER",
                                                                                    "cpu_time": 0.6964218350000011,
                                                                                    "extra_info": {
                                                                                        "Expression": "(id >= 1)",
                                                                                        "Estimated Cardinality": "12744093"
                                                                                    },
                                                                                    "cumulative_cardinality": 3875215,
                                                                                    "operator_type": "FILTER",
                                                                                    "operator_cardinality": 1285363,
                                                                                    "cumulative_rows_scanned": 14004803,
                                                                                    "operator_rows_scanned": 0,
                                                                                    "operator_timing": 0.0027870309999999967,
                                                                                    "result_set_size": 33419438,
                                                                                    "children": [
                                                                                        {
                                                                                            "operator_name": "HASH_JOIN",
                                                                                            "cpu_time": 0.6936348040000011,
                                                                                            "extra_info": {
                                                                                                "Join Type": "RIGHT",
                                                                                                "Conditions": "userid = id",
                                                                                                "Estimated Cardinality": "12744093"
                                                                                            },
                                                                                            "cumulative_cardinality": 2589852,
                                                                                            "operator_type": "HASH_JOIN",
                                                                                            "operator_cardinality": 1288855,
                                                                                            "cumulative_rows_scanned": 14004803,
                                                                                            "operator_rows_scanned": 0,
                                                                                            "operator_timing": 0.17897104500000072,
                                                                                            "result_set_size": 33510230,
                                                                                            "children": [
                                                                                                {
                                                                                                    "operator_name": "READ_PARQUET ",
                                                                                                    "cpu_time": 0.3677387790000002,
                                                                                                    "extra_info": {
                                                                                                        "Function": "READ_PARQUET",
                                                                                                        "Projections": [
                                                                                                            "id",
                                                                                                            "votetypeid",
                                                                                                            "userid"
                                                                                                        ],
                                                                                                        "Estimated Cardinality": "12744093"
                                                                                                    },
                                                                                                    "cumulative_cardinality": 40287,
                                                                                                    "operator_type": "TABLE_SCAN",
                                                                                                    "operator_cardinality": 40287,
                                                                                                    "cumulative_rows_scanned": 12744093,
                                                                                                    "operator_rows_scanned": 12744093,
                                                                                                    "operator_timing": 0.3677387790000002,
                                                                                                    "result_set_size": 402870,
                                                                                                    "children": []
                                                                                                },
                                                                                                {
                                                                                                    "operator_name": "READ_PARQUET ",
                                                                                                    "cpu_time": 0.1469249800000002,
                                                                                                    "extra_info": {
                                                                                                        "Function": "READ_PARQUET",
                                                                                                        "Projections": [
                                                                                                            "id",
                                                                                                            "displayname"
                                                                                                        ],
                                                                                                        "Estimated Cardinality": "1260710"
                                                                                                    },
                                                                                                    "cumulative_cardinality": 1260710,
                                                                                                    "operator_type": "TABLE_SCAN",
                                                                                                    "operator_cardinality": 1260710,
                                                                                                    "cumulative_rows_scanned": 1260710,
                                                                                                    "operator_rows_scanned": 1260710,
                                                                                                    "operator_timing": 0.1469249800000002,
                                                                                                    "result_set_size": 25214200,
                                                                                                    "children": []
                                                                                                }
                                                                                            ]
                                                                                        }
                                                                                    ]
                                                                                }
                                                                            ]
                                                                        }
                                                                    ]
                                                                }
                                                            ]
                                                        }
                                                    ]
                                                }
                                            ]
                                        }
                                    ]
                                }
                            ]
                        }
                    ]
                }
            ]
        }
    ]
}