{
    "rows_returned": 9,
    "query_name": "WITH RankedPosts AS (\n    SELECT \n        p.Id AS PostId,\n        p.Title,\n        p.CreationDate,\n        p.OwnerUserId,\n        u.DisplayName AS OwnerDisplayName,\n        COUNT(a.Id) AS AnswerCount,\n        SUM(CASE WHEN v.VoteTypeId = 2 THEN 1 ELSE 0 END) AS UpVoteCount,\n        SUM(CASE WHEN v.VoteTypeId = 3 THEN 1 ELSE 0 END) AS DownVoteCount,\n        ROW_NUMBER() OVER (PARTITION BY p.OwnerUserId ORDER BY p.CreationDate DESC) AS rn\n    FROM \n        Posts p\n    LEFT JOIN \n        Posts a ON p.Id = a.ParentId\n    LEFT JOIN \n        Votes v ON p.Id = v.PostId\n    LEFT JOIN \n        Users u ON p.OwnerUserId = u.Id\n    WHERE \n        p.PostTypeId = 1\n    GROUP BY \n        p.Id, p.Title, p.CreationDate, p.OwnerUserId, u.DisplayName\n), MostActiveUsers AS (\n    SELECT \n        OwnerUserId,\n        COUNT(PostId) AS PostCount,\n        SUM(UpVoteCount) AS TotalUpVotes,\n        SUM(DownVoteCount) AS TotalDownVotes\n    FROM \n        RankedPosts\n    GROUP BY \n        OwnerUserId\n    ORDER BY \n        PostCount DESC\n    LIMIT 10\n)\nSELECT \n    u.Id AS UserId,\n    u.DisplayName,\n    u.Reputation,\n    mu.PostCount,\n    mu.TotalUpVotes,\n    mu.TotalDownVotes\nFROM \n    Users u\nJOIN \n    MostActiveUsers mu ON u.Id = mu.OwnerUserId\nORDER BY \n    mu.TotalUpVotes DESC, mu.TotalDownVotes ASC;\n",
    "blocked_thread_time": 0.0,
    "cpu_time": 4.666512001000001,
    "extra_info": {},
    "cumulative_cardinality": 61789802,
    "cumulative_rows_scanned": 22965745,
    "result_set_size": 576,
    "latency": 5.136475642,
    "children": [
        {
            "operator_name": "ORDER_BY",
            "cpu_time": 4.666512001000001,
            "extra_info": {
                "Order By": [
                    "mu.TotalUpVotes DESC",
                    "mu.TotalDownVotes ASC"
                ]
            },
            "cumulative_cardinality": 61789802,
            "operator_type": "ORDER_BY",
            "operator_cardinality": 9,
            "cumulative_rows_scanned": 22965745,
            "operator_rows_scanned": 0,
            "operator_timing": 0.00007162499999999999,
            "result_set_size": 576,
            "children": [
                {
                    "operator_name": "PROJECTION",
                    "cpu_time": 4.666440376000001,
                    "extra_info": {
                        "Projections": [
                            "UserId",
                            "displayname",
                            "reputation",
                            "PostCount",
                            "TotalUpVotes",
                            "TotalDownVotes"
                        ],
                        "Estimated Cardinality": "10"
                    },
                    "cumulative_cardinality": 61789793,
                    "operator_type": "PROJECTION",
                    "operator_cardinality": 9,
                    "cumulative_rows_scanned": 22965745,
                    "operator_rows_scanned": 0,
                    "operator_timing": 0.000001603,
                    "result_set_size": 576,
                    "children": [
                        {
                            "operator_name": "HASH_JOIN",
                            "cpu_time": 4.666438773,
                            "extra_info": {
                                "Join Type": "INNER",
                                "Conditions": "id = owneruserid",
                                "Estimated Cardinality": "10"
                            },
                            "cumulative_cardinality": 61789784,
                            "operator_type": "HASH_JOIN",
                            "operator_cardinality": 9,
                            "cumulative_rows_scanned": 22965745,
                            "operator_rows_scanned": 0,
                            "operator_timing": 0.0011090070000000006,
                            "result_set_size": 576,
                            "children": [
                                {
                                    "operator_name": "READ_PARQUET ",
                                    "cpu_time": 0.04226742100000002,
                                    "extra_info": {
                                        "Function": "READ_PARQUET",
                                        "Projections": [
                                            "id",
                                            "reputation",
                                            "displayname"
                                        ],
                                        "Filters": "id<=1416539",
                                        "Estimated Cardinality": "1260710"
                                    },
                                    "cumulative_cardinality": 413199,
                                    "operator_type": "TABLE_SCAN",
                                    "operator_cardinality": 413199,
                                    "cumulative_rows_scanned": 1260710,
                                    "operator_rows_scanned": 1260710,
                                    "operator_timing": 0.04226742100000002,
                                    "result_set_size": 9916776,
                                    "children": []
                                },
                                {
                                    "operator_name": "STREAMING_LIMIT",
                                    "cpu_time": 4.623062345,
                                    "extra_info": {},
                                    "cumulative_cardinality": 61376576,
                                    "operator_type": "STREAMING_LIMIT",
                                    "operator_cardinality": 10,
                                    "cumulative_rows_scanned": 21705035,
                                    "operator_rows_scanned": 0,
                                    "operator_timing": 0.000004409,
                                    "result_set_size": 440,
                                    "children": [
                                        {
                                            "operator_name": "ORDER_BY",
                                            "cpu_time": 4.623057936,
                                            "extra_info": {
                                                "Order By": "count(RankedPosts.PostId) DESC"
                                            },
                                            "cumulative_cardinality": 61376566,
                                            "operator_type": "ORDER_BY",
                                            "operator_cardinality": 4096,
                                            "cumulative_rows_scanned": 21705035,
                                            "operator_rows_scanned": 0,
                                            "operator_timing": 0.005879417999999999,
                                            "result_set_size": 180224,
                                            "children": [
                                                {
                                                    "operator_name": "HASH_GROUP_BY",
                                                    "cpu_time": 4.617178518,
                                                    "extra_info": {
                                                        "Groups": "#0",
                                                        "Aggregates": [
                                                            "count_star()",
                                                            "sum(#1)",
                                                            "sum(#2)"
                                                        ],
                                                        "Estimated Cardinality": "1925058"
                                                    },
                                                    "cumulative_cardinality": 61372470,
                                                    "operator_type": "HASH_GROUP_BY",
                                                    "operator_cardinality": 329474,
                                                    "cumulative_rows_scanned": 21705035,
                                                    "operator_rows_scanned": 0,
                                                    "operator_timing": 0.06496916900000002,
                                                    "result_set_size": 14496856,
                                                    "children": [
                                                        {
                                                            "operator_name": "PROJECTION",
                                                            "cpu_time": 4.552209349,
                                                            "extra_info": {
                                                                "Projections": [
                                                                    "owneruserid",
                                                                    "UpVoteCount",
                                                                    "DownVoteCount"
                                                                ],
                                                                "Estimated Cardinality": "3850116"
                                                            },
                                                            "cumulative_cardinality": 61042996,
                                                            "operator_type": "PROJECTION",
                                                            "operator_cardinality": 1668164,
                                                            "cumulative_rows_scanned": 21705035,
                                                            "operator_rows_scanned": 0,
                                                            "operator_timing": 0.00015257799999999908,
                                                            "result_set_size": 60053904,
                                                            "children": [
                                                                {
                                                                    "operator_name": "PROJECTION",
                                                                    "cpu_time": 4.552056771,
                                                                    "extra_info": {
                                                                        "Projections": [
                                                                            "PostId",
                                                                            "owneruserid",
                                                                            "UpVoteCount",
                                                                            "DownVoteCount"
                                                                        ],
                                                                        "Estimated Cardinality": "3850116"
                                                                    },
                                                                    "cumulative_cardinality": 59374832,
                                                                    "operator_type": "PROJECTION",
                                                                    "operator_cardinality": 1668164,
                                                                    "cumulative_rows_scanned": 21705035,
                                                                    "operator_rows_scanned": 0,
                                                                    "operator_timing": 0.000164726,
                                                                    "result_set_size": 66726560,
                                                                    "children": [
                                                                        {
                                                                            "operator_name": "PROJECTION",
                                                                            "cpu_time": 4.551892045,
                                                                            "extra_info": {
                                                                                "Projections": [
                                                                                    "#0",
                                                                                    "#1",
                                                                                    "#2",
                                                                                    "#3",
                                                                                    "#4",
                                                                                    "#5",
                                                                                    "#6",
                                                                                    "#7"
                                                                                ],
                                                                                "Estimated Cardinality": "3850116"
                                                                            },
                                                                            "cumulative_cardinality": 57706668,
                                                                            "operator_type": "PROJECTION",
                                                                            "operator_cardinality": 1668164,
                                                                            "cumulative_rows_scanned": 21705035,
                                                                            "operator_rows_scanned": 0,
                                                                            "operator_timing": 0.0002796400000000005,
                                                                            "result_set_size": 146798432,
                                                                            "children": [
                                                                                {
                                                                                    "operator_name": "WINDOW",
                                                                                    "cpu_time": 4.551612405,
                                                                                    "extra_info": {
                                                                                        "Projections": "ROW_NUMBER() OVER (PARTITION BY owneruserid ORDER BY creationdate DESC NULLS LAST)"
                                                                                    },
                                                                                    "cumulative_cardinality": 56038504,
                                                                                    "operator_type": "WINDOW",
                                                                                    "operator_cardinality": 1668164,
                                                                                    "cumulative_rows_scanned": 21705035,
                                                                                    "operator_rows_scanned": 0,
                                                                                    "operator_timing": 0.5714264059999999,
                                                                                    "result_set_size": 146798432,
                                                                                    "children": [
                                                                                        {
                                                                                            "operator_name": "HASH_GROUP_BY",
                                                                                            "cpu_time": 3.980185999,
                                                                                            "extra_info": {
                                                                                                "Groups": [
                                                                                                    "#0",
                                                                                                    "#1",
                                                                                                    "#2",
                                                                                                    "#3",
                                                                                                    "#4"
                                                                                                ],
                                                                                                "Aggregates": [
                                                                                                    "sum(#5)",
                                                                                                    "sum(#6)"
                                                                                                ],
                                                                                                "Estimated Cardinality": "3850116"
                                                                                            },
                                                                                            "cumulative_cardinality": 54370340,
                                                                                            "operator_type": "HASH_GROUP_BY",
                                                                                            "operator_cardinality": 1668164,
                                                                                            "cumulative_rows_scanned": 21705035,
                                                                                            "operator_rows_scanned": 0,
                                                                                            "operator_timing": 1.4605556800000006,
                                                                                            "result_set_size": 133453120,
                                                                                            "children": [
                                                                                                {
                                                                                                    "operator_name": "PROJECTION",
                                                                                                    "cpu_time": 2.5196303189999996,
                                                                                                    "extra_info": {
                                                                                                        "Projections": [
                                                                                                            "id",
                                                                                                            "title",
                                                                                                            "creationdate",
                                                                                                            "owneruserid",
                                                                                                            "displayname",
                                                                                                            "CASE  WHEN ((votetypeid = 2)) THEN (1) ELSE 0 END",
                                                                                                            "CASE  WHEN ((votetypeid = 3)) THEN (1) ELSE 0 END"
                                                                                                        ],
                                                                                                        "Estimated Cardinality": "12744093"
                                                                                                    },
                                                                                                    "cumulative_cardinality": 52702176,
                                                                                                    "operator_type": "PROJECTION",
                                                                                                    "operator_cardinality": 10787010,
                                                                                                    "cumulative_rows_scanned": 21705035,
                                                                                                    "operator_rows_scanned": 0,
                                                                                                    "operator_timing": 0.08614033599999997,
                                                                                                    "result_set_size": 604072560,
                                                                                                    "children": [
                                                                                                        {
                                                                                                            "operator_name": "HASH_JOIN",
                                                                                                            "cpu_time": 2.4334899829999994,
                                                                                                            "extra_info": {
                                                                                                                "Join Type": "LEFT",
                                                                                                                "Conditions": "owneruserid = id",
                                                                                                                "Estimated Cardinality": "12744093"
                                                                                                            },
                                                                                                            "cumulative_cardinality": 41915166,
                                                                                                            "operator_type": "HASH_JOIN",
                                                                                                            "operator_cardinality": 10787010,
                                                                                                            "cumulative_rows_scanned": 21705035,
                                                                                                            "operator_rows_scanned": 0,
                                                                                                            "operator_timing": 0.4038462150000016,
                                                                                                            "result_set_size": 539350500,
                                                                                                            "children": [
                                                                                                                {
                                                                                                                    "operator_name": "HASH_JOIN",
                                                                                                                    "cpu_time": 1.9504558009999977,
                                                                                                                    "extra_info": {
                                                                                                                        "Join Type": "RIGHT",
                                                                                                                        "Conditions": "postid = id",
                                                                                                                        "Estimated Cardinality": "12744093"
                                                                                                                    },
                                                                                                                    "cumulative_cardinality": 29867446,
                                                                                                                    "operator_type": "HASH_JOIN",
                                                                                                                    "operator_cardinality": 10787010,
                                                                                                                    "cumulative_rows_scanned": 20444325,
                                                                                                                    "operator_rows_scanned": 0,
                                                                                                                    "operator_timing": 0.8344484479999972,
                                                                                                                    "result_set_size": 366758340,
                                                                                                                    "children": [
                                                                                                                        {
                                                                                                                            "operator_name": "READ_PARQUET ",
                                                                                                                            "cpu_time": 0.22319008999999965,
                                                                                                                            "extra_info": {
                                                                                                                                "Function": "READ_PARQUET",
                                                                                                                                "Projections": [
                                                                                                                                    "postid",
                                                                                                                                    "votetypeid"
                                                                                                                                ],
                                                                                                                                "Estimated Cardinality": "12744093"
                                                                                                                            },
                                                                                                                            "cumulative_cardinality": 12744093,
                                                                                                                            "operator_type": "TABLE_SCAN",
                                                                                                                            "operator_cardinality": 12744093,
                                                                                                                            "cumulative_rows_scanned": 12744093,
                                                                                                                            "operator_rows_scanned": 12744093,
                                                                                                                            "operator_timing": 0.22319008999999965,
                                                                                                                            "result_set_size": 76464558,
                                                                                                                            "children": []
                                                                                                                        },
                                                                                                                        {
                                                                                                                            "operator_name": "HASH_JOIN",
                                                                                                                            "cpu_time": 0.8928172630000009,
                                                                                                                            "extra_info": {
                                                                                                                                "Join Type": "RIGHT",
                                                                                                                                "Conditions": "parentid = id",
                                                                                                                                "Estimated Cardinality": "3850116"
                                                                                                                            },
                                                                                                                            "cumulative_cardinality": 6336343,
                                                                                                                            "operator_type": "HASH_JOIN",
                                                                                                                            "operator_cardinality": 2490886,
                                                                                                                            "cumulative_rows_scanned": 7700232,
                                                                                                                            "operator_rows_scanned": 0,
                                                                                                                            "operator_timing": 0.2923133950000007,
                                                                                                                            "result_set_size": 89671896,
                                                                                                                            "children": [
                                                                                                                                {
                                                                                                                                    "operator_name": "READ_PARQUET ",
                                                                                                                                    "cpu_time": 0.10048192500000007,
                                                                                                                                    "extra_info": {
                                                                                                                                        "Function": "READ_PARQUET",
                                                                                                                                        "Projections": "parentid",
                                                                                                                                        "Estimated Cardinality": "3850116"
                                                                                                                                    },
                                                                                                                                    "cumulative_cardinality": 2177293,
                                                                                                                                    "operator_type": "TABLE_SCAN",
                                                                                                                                    "operator_cardinality": 2177293,
                                                                                                                                    "cumulative_rows_scanned": 3850116,
                                                                                                                                    "operator_rows_scanned": 3850116,
                                                                                                                                    "operator_timing": 0.10048192500000007,
                                                                                                                                    "result_set_size": 8709172,
                                                                                                                                    "children": []
                                                                                                                                },
                                                                                                                                {
                                                                                                                                    "operator_name": "READ_PARQUET ",
                                                                                                                                    "cpu_time": 0.5000219430000001,
                                                                                                                                    "extra_info": {
                                                                                                                                        "Function": "READ_PARQUET",
                                                                                                                                        "Projections": [
                                                                                                                                            "id",
                                                                                                                                            "creationdate",
                                                                                                                                            "owneruserid",
                                                                                                                                            "title"
                                                                                                                                        ],
                                                                                                                                        "Filters": "posttypeid=1",
                                                                                                                                        "Estimated Cardinality": "770023"
                                                                                                                                    },
                                                                                                                                    "cumulative_cardinality": 1668164,
                                                                                                                                    "operator_type": "TABLE_SCAN",
                                                                                                                                    "operator_cardinality": 1668164,
                                                                                                                                    "cumulative_rows_scanned": 3850116,
                                                                                                                                    "operator_rows_scanned": 3850116,
                                                                                                                                    "operator_timing": 0.5000219430000001,
                                                                                                                                    "result_set_size": 53381248,
                                                                                                                                    "children": []
                                                                                                                                }
                                                                                                                            ]
                                                                                                                        }
                                                                                                                    ]
                                                                                                                },
                                                                                                                {
                                                                                                                    "operator_name": "READ_PARQUET ",
                                                                                                                    "cpu_time": 0.07918796700000008,
                                                                                                                    "extra_info": {
                                                                                                                        "Function": "READ_PARQUET",
                                                                                                                        "Projections": [
                                                                                                                            "id",
                                                                                                                            "displayname"
                                                                                                                        ],
                                                                                                                        "Estimated Cardinality": "1260710"
                                                                                                                    },
                                                                                                                    "cumulative_cardinality": 1260710,
                                                                                                                    "operator_type": "TABLE_SCAN",
                                                                                                                    "operator_cardinality": 1260710,
                                                                                                                    "cumulative_rows_scanned": 1260710,
                                                                                                                    "operator_rows_scanned": 1260710,
                                                                                                                    "operator_timing": 0.07918796700000008,
                                                                                                                    "result_set_size": 25214200,
                                                                                                                    "children": []
                                                                                                                }
                                                                                                            ]
                                                                                                        }
                                                                                                    ]
                                                                                                }
                                                                                            ]
                                                                                        }
                                                                                    ]
                                                                                }
                                                                            ]
                                                                        }
                                                                    ]
                                                                }
                                                            ]
                                                        }
                                                    ]
                                                }
                                            ]
                                        }
                                    ]
                                }
                            ]
                        }
                    ]
                }
            ]
        }
    ]
}