{
    "rows_returned": 20,
    "query_name": "WITH UserStats AS (\n    SELECT \n        U.Id AS UserId,\n        U.DisplayName,\n        U.Reputation,\n        COUNT(DISTINCT P.Id) AS PostCount,\n        SUM(CASE WHEN P.ViewCount > 1000 THEN 1 ELSE 0 END) AS PopularPosts,\n        SUM(CASE WHEN P.Score > 50 THEN 1 ELSE 0 END) AS HighScorePosts\n    FROM Users U\n    LEFT JOIN Posts P ON U.Id = P.OwnerUserId\n    WHERE U.Reputation > 100\n    GROUP BY U.Id, U.DisplayName, U.Reputation\n), \nBadgeCounts AS (\n    SELECT \n        B.UserId,\n        COUNT(*) AS BadgeCount\n    FROM Badges B\n    GROUP BY B.UserId\n), \nReport AS (\n    SELECT \n        US.UserId,\n        US.DisplayName,\n        US.Reputation,\n        US.PostCount,\n        US.PopularPosts,\n        US.HighScorePosts,\n        COALESCE(BC.BadgeCount, 0) AS BadgeCount\n    FROM UserStats US\n    LEFT JOIN BadgeCounts BC ON US.UserId = BC.UserId\n)\nSELECT \n    R.DisplayName,\n    R.Reputation,\n    R.PostCount,\n    R.PopularPosts,\n    R.HighScorePosts,\n    R.BadgeCount,\n    CASE \n        WHEN R.Reputation > 1000 THEN 'Elite'\n        WHEN R.Reputation > 500 THEN 'Pro'\n        ELSE 'Novice'\n    END AS UserTier\nFROM Report R\nWHERE R.PostCount > 10\nORDER BY R.Reputation DESC, R.PostCount DESC\nLIMIT 20;\n",
    "blocked_thread_time": 0.0,
    "cpu_time": 1.179923622999999,
    "extra_info": {},
    "cumulative_cardinality": 16034014,
    "cumulative_rows_scanned": 7432550,
    "result_set_size": 1680,
    "latency": 1.709653887,
    "children": [
        {
            "operator_name": "STREAMING_LIMIT",
            "cpu_time": 1.179923622999999,
            "extra_info": {},
            "cumulative_cardinality": 16034014,
            "operator_type": "STREAMING_LIMIT",
            "operator_cardinality": 20,
            "cumulative_rows_scanned": 7432550,
            "operator_rows_scanned": 0,
            "operator_timing": 0.000001463,
            "result_set_size": 1680,
            "children": [
                {
                    "operator_name": "PROJECTION",
                    "cpu_time": 1.179922159999999,
                    "extra_info": {
                        "Projections": [
                            "#0",
                            "#1",
                            "#2",
                            "#3",
                            "#4",
                            "#5",
                            "__internal_decompress_string(#6)"
                        ],
                        "Estimated Cardinality": "1160862"
                    },
                    "cumulative_cardinality": 16033994,
                    "operator_type": "PROJECTION",
                    "operator_cardinality": 4096,
                    "cumulative_rows_scanned": 7432550,
                    "operator_rows_scanned": 0,
                    "operator_timing": 0.000036969000000000005,
                    "result_set_size": 344064,
                    "children": [
                        {
                            "operator_name": "ORDER_BY",
                            "cpu_time": 1.179885190999999,
                            "extra_info": {
                                "Order By": [
                                    "R.Reputation DESC",
                                    "R.PostCount DESC"
                                ]
                            },
                            "cumulative_cardinality": 16029898,
                            "operator_type": "ORDER_BY",
                            "operator_cardinality": 4096,
                            "cumulative_rows_scanned": 7432550,
                            "operator_rows_scanned": 0,
                            "operator_timing": 0.0018566559999999988,
                            "result_set_size": 311296,
                            "children": [
                                {
                                    "operator_name": "PROJECTION",
                                    "cpu_time": 1.178028534999999,
                                    "extra_info": {
                                        "Projections": [
                                            "#0",
                                            "#1",
                                            "#2",
                                            "#3",
                                            "#4",
                                            "#5",
                                            "__internal_compress_string_ubigint(#6)"
                                        ],
                                        "Estimated Cardinality": "1160862"
                                    },
                                    "cumulative_cardinality": 16025802,
                                    "operator_type": "PROJECTION",
                                    "operator_cardinality": 35529,
                                    "cumulative_rows_scanned": 7432550,
                                    "operator_rows_scanned": 0,
                                    "operator_timing": 0.000401162,
                                    "result_set_size": 2700204,
                                    "children": [
                                        {
                                            "operator_name": "PROJECTION",
                                            "cpu_time": 1.177627372999999,
                                            "extra_info": {
                                                "Projections": [
                                                    "displayname",
                                                    "reputation",
                                                    "PostCount",
                                                    "PopularPosts",
                                                    "HighScorePosts",
                                                    "BadgeCount",
                                                    "UserTier"
                                                ],
                                                "Estimated Cardinality": "1160862"
                                            },
                                            "cumulative_cardinality": 15990273,
                                            "operator_type": "PROJECTION",
                                            "operator_cardinality": 35529,
                                            "cumulative_rows_scanned": 7432550,
                                            "operator_rows_scanned": 0,
                                            "operator_timing": 0.00042069900000000013,
                                            "result_set_size": 2984436,
                                            "children": [
                                                {
                                                    "operator_name": "PROJECTION",
                                                    "cpu_time": 1.1772066739999991,
                                                    "extra_info": {
                                                        "Projections": [
                                                            "displayname",
                                                            "reputation",
                                                            "PostCount",
                                                            "PopularPosts",
                                                            "HighScorePosts",
                                                            "BadgeCount"
                                                        ],
                                                        "Estimated Cardinality": "1160862"
                                                    },
                                                    "cumulative_cardinality": 15954744,
                                                    "operator_type": "PROJECTION",
                                                    "operator_cardinality": 35529,
                                                    "cumulative_rows_scanned": 7432550,
                                                    "operator_rows_scanned": 0,
                                                    "operator_timing": 0.0007735639999999998,
                                                    "result_set_size": 2415972,
                                                    "children": [
                                                        {
                                                            "operator_name": "HASH_JOIN",
                                                            "cpu_time": 1.1764331099999992,
                                                            "extra_info": {
                                                                "Join Type": "RIGHT",
                                                                "Conditions": "userid = UserId",
                                                                "Estimated Cardinality": "1160862"
                                                            },
                                                            "cumulative_cardinality": 15919215,
                                                            "operator_type": "HASH_JOIN",
                                                            "operator_cardinality": 35529,
                                                            "cumulative_rows_scanned": 7432550,
                                                            "operator_rows_scanned": 0,
                                                            "operator_timing": 0.008773069,
                                                            "result_set_size": 2415972,
                                                            "children": [
                                                                {
                                                                    "operator_name": "HASH_GROUP_BY",
                                                                    "cpu_time": 0.07373328699999995,
                                                                    "extra_info": {
                                                                        "Groups": "#0",
                                                                        "Aggregates": "count_star()",
                                                                        "Estimated Cardinality": "1160862"
                                                                    },
                                                                    "cumulative_cardinality": 5192469,
                                                                    "operator_type": "HASH_GROUP_BY",
                                                                    "operator_cardinality": 549021,
                                                                    "cumulative_rows_scanned": 2321724,
                                                                    "operator_rows_scanned": 0,
                                                                    "operator_timing": 0.061254160999999974,
                                                                    "result_set_size": 6588252,
                                                                    "children": [
                                                                        {
                                                                            "operator_name": "PROJECTION",
                                                                            "cpu_time": 0.012479125999999981,
                                                                            "extra_info": {
                                                                                "Projections": "userid",
                                                                                "Estimated Cardinality": "2321724"
                                                                            },
                                                                            "cumulative_cardinality": 4643448,
                                                                            "operator_type": "PROJECTION",
                                                                            "operator_cardinality": 2321724,
                                                                            "cumulative_rows_scanned": 2321724,
                                                                            "operator_rows_scanned": 0,
                                                                            "operator_timing": 0.0001818139999999988,
                                                                            "result_set_size": 9286896,
                                                                            "children": [
                                                                                {
                                                                                    "operator_name": "READ_PARQUET ",
                                                                                    "cpu_time": 0.012297311999999982,
                                                                                    "extra_info": {
                                                                                        "Function": "READ_PARQUET",
                                                                                        "Projections": "userid",
                                                                                        "Estimated Cardinality": "2321724"
                                                                                    },
                                                                                    "cumulative_cardinality": 2321724,
                                                                                    "operator_type": "TABLE_SCAN",
                                                                                    "operator_cardinality": 2321724,
                                                                                    "cumulative_rows_scanned": 2321724,
                                                                                    "operator_rows_scanned": 2321724,
                                                                                    "operator_timing": 0.012297311999999982,
                                                                                    "result_set_size": 9286896,
                                                                                    "children": []
                                                                                }
                                                                            ]
                                                                        }
                                                                    ]
                                                                },
                                                                {
                                                                    "operator_name": "FILTER",
                                                                    "cpu_time": 1.0939267539999993,
                                                                    "extra_info": {
                                                                        "Expression": "(PostCount > 10)",
                                                                        "Estimated Cardinality": "252142"
                                                                    },
                                                                    "cumulative_cardinality": 10691217,
                                                                    "operator_type": "FILTER",
                                                                    "operator_cardinality": 35529,
                                                                    "cumulative_rows_scanned": 5110826,
                                                                    "operator_rows_scanned": 0,
                                                                    "operator_timing": 0.00035879,
                                                                    "result_set_size": 2273856,
                                                                    "children": [
                                                                        {
                                                                            "operator_name": "HASH_GROUP_BY",
                                                                            "cpu_time": 1.0935679639999993,
                                                                            "extra_info": {
                                                                                "Groups": [
                                                                                    "#0",
                                                                                    "#1",
                                                                                    "#2"
                                                                                ],
                                                                                "Aggregates": [
                                                                                    "count(DISTINCT #3)",
                                                                                    "sum(#4)",
                                                                                    "sum(#5)"
                                                                                ],
                                                                                "Estimated Cardinality": "1260710"
                                                                            },
                                                                            "cumulative_cardinality": 10655688,
                                                                            "operator_type": "HASH_GROUP_BY",
                                                                            "operator_cardinality": 194389,
                                                                            "cumulative_rows_scanned": 5110826,
                                                                            "operator_rows_scanned": 0,
                                                                            "operator_timing": 0.6255920429999992,
                                                                            "result_set_size": 12440896,
                                                                            "children": [
                                                                                {
                                                                                    "operator_name": "PROJECTION",
                                                                                    "cpu_time": 0.46797592100000013,
                                                                                    "extra_info": {
                                                                                        "Projections": [
                                                                                            "id",
                                                                                            "displayname",
                                                                                            "reputation",
                                                                                            "id",
                                                                                            "CASE  WHEN ((viewcount > 1000)) THEN (1) ELSE 0 END",
                                                                                            "CASE  WHEN ((score > 50)) THEN (1) ELSE 0 END"
                                                                                        ],
                                                                                        "Estimated Cardinality": "3850116"
                                                                                    },
                                                                                    "cumulative_cardinality": 10461299,
                                                                                    "operator_type": "PROJECTION",
                                                                                    "operator_cardinality": 3291048,
                                                                                    "cumulative_rows_scanned": 5110826,
                                                                                    "operator_rows_scanned": 0,
                                                                                    "operator_timing": 0.03299077100000003,
                                                                                    "result_set_size": 118477728,
                                                                                    "children": [
                                                                                        {
                                                                                            "operator_name": "HASH_JOIN",
                                                                                            "cpu_time": 0.4349851500000001,
                                                                                            "extra_info": {
                                                                                                "Join Type": "RIGHT",
                                                                                                "Conditions": "owneruserid = id",
                                                                                                "Estimated Cardinality": "3850116"
                                                                                            },
                                                                                            "cumulative_cardinality": 7170251,
                                                                                            "operator_type": "HASH_JOIN",
                                                                                            "operator_cardinality": 3291048,
                                                                                            "cumulative_rows_scanned": 5110826,
                                                                                            "operator_rows_scanned": 0,
                                                                                            "operator_timing": 0.1757932070000001,
                                                                                            "result_set_size": 118477728,
                                                                                            "children": [
                                                                                                {
                                                                                                    "operator_name": "READ_PARQUET ",
                                                                                                    "cpu_time": 0.1953452349999999,
                                                                                                    "extra_info": {
                                                                                                        "Function": "READ_PARQUET",
                                                                                                        "Projections": [
                                                                                                            "id",
                                                                                                            "score",
                                                                                                            "viewcount",
                                                                                                            "owneruserid"
                                                                                                        ],
                                                                                                        "Estimated Cardinality": "3850116"
                                                                                                    },
                                                                                                    "cumulative_cardinality": 3684814,
                                                                                                    "operator_type": "TABLE_SCAN",
                                                                                                    "operator_cardinality": 3684814,
                                                                                                    "cumulative_rows_scanned": 3850116,
                                                                                                    "operator_rows_scanned": 3850116,
                                                                                                    "operator_timing": 0.1953452349999999,
                                                                                                    "result_set_size": 58957024,
                                                                                                    "children": []
                                                                                                },
                                                                                                {
                                                                                                    "operator_name": "READ_PARQUET ",
                                                                                                    "cpu_time": 0.0638467080000001,
                                                                                                    "extra_info": {
                                                                                                        "Function": "READ_PARQUET",
                                                                                                        "Projections": [
                                                                                                            "id",
                                                                                                            "reputation",
                                                                                                            "displayname"
                                                                                                        ],
                                                                                                        "Filters": "reputation>100",
                                                                                                        "Estimated Cardinality": "252142"
                                                                                                    },
                                                                                                    "cumulative_cardinality": 194389,
                                                                                                    "operator_type": "TABLE_SCAN",
                                                                                                    "operator_cardinality": 194389,
                                                                                                    "cumulative_rows_scanned": 1260710,
                                                                                                    "operator_rows_scanned": 1260710,
                                                                                                    "operator_timing": 0.0638467080000001,
                                                                                                    "result_set_size": 4665336,
                                                                                                    "children": []
                                                                                                }
                                                                                            ]
                                                                                        }
                                                                                    ]
                                                                                }
                                                                            ]
                                                                        }
                                                                    ]
                                                                }
                                                            ]
                                                        }
                                                    ]
                                                }
                                            ]
                                        }
                                    ]
                                }
                            ]
                        }
                    ]
                }
            ]
        }
    ]
}