{
    "rows_returned": 194389,
    "query_name": "\nWITH UserEngagement AS (\n    SELECT \n        u.Id AS UserId,\n        u.DisplayName,\n        u.Reputation,\n        COALESCE(SUM(CASE WHEN v.VoteTypeId = 2 THEN 1 ELSE 0 END), 0) AS TotalUpvotes,\n        COALESCE(SUM(CASE WHEN v.VoteTypeId = 3 THEN 1 ELSE 0 END), 0) AS TotalDownvotes,\n        COALESCE(SUM(CASE WHEN v.VoteTypeId = 10 THEN 1 ELSE 0 END), 0) AS TotalDeletions,\n        COALESCE(SUM(CASE WHEN v.VoteTypeId = 11 THEN 1 ELSE 0 END), 0) AS TotalUndeletions\n    FROM Users u\n    LEFT JOIN Votes v ON u.Id = v.UserId\n    GROUP BY u.Id, u.DisplayName, u.Reputation\n),\nPostStatistics AS (\n    SELECT \n        p.OwnerUserId,\n        COUNT(CASE WHEN p.PostTypeId = 1 THEN 1 END) AS TotalQuestions,\n        COUNT(CASE WHEN p.PostTypeId = 2 THEN 1 END) AS TotalAnswers,\n        AVG(p.Score) AS AvgScore,\n        SUM(p.ViewCount) AS TotalViews\n    FROM Posts p\n    GROUP BY p.OwnerUserId\n),\nEngagementInsights AS (\n    SELECT \n        ue.UserId,\n        ue.DisplayName,\n        ue.Reputation,\n        ue.TotalUpvotes,\n        ue.TotalDownvotes,\n        ps.TotalQuestions,\n        ps.TotalAnswers,\n        ps.AvgScore,\n        ps.TotalViews\n    FROM UserEngagement ue\n    LEFT JOIN PostStatistics ps ON ue.UserId = ps.OwnerUserId\n)\nSELECT \n    ei.DisplayName,\n    ei.Reputation,\n    ei.TotalUpvotes,\n    ei.TotalDownvotes,\n    ei.TotalQuestions,\n    ei.TotalAnswers,\n    ei.AvgScore,\n    ei.TotalViews,\n    CASE \n        WHEN ei.TotalAnswers > ei.TotalQuestions THEN 'High Answer Rate'\n        WHEN ei.TotalUpvotes > ei.TotalDownvotes THEN 'Positive Engagement'\n        ELSE 'Needs Improvement'\n    END AS EngagementCategory\nFROM EngagementInsights ei\nWHERE ei.Reputation > 100 \nORDER BY ei.Reputation DESC, ei.TotalUpvotes DESC;\n",
    "blocked_thread_time": 0.0,
    "cpu_time": 0.6261287400000005,
    "extra_info": {},
    "cumulative_cardinality": 9905940,
    "cumulative_rows_scanned": 17854919,
    "result_set_size": 20994012,
    "latency": 1.115912778,
    "children": [
        {
            "operator_name": "ORDER_BY",
            "cpu_time": 0.6261287400000005,
            "extra_info": {
                "Order By": [
                    "ei.Reputation DESC",
                    "ei.TotalUpvotes DESC"
                ]
            },
            "cumulative_cardinality": 9905940,
            "operator_type": "ORDER_BY",
            "operator_cardinality": 194389,
            "cumulative_rows_scanned": 17854919,
            "operator_rows_scanned": 0,
            "operator_timing": 0.024261753000000004,
            "result_set_size": 20994012,
            "children": [
                {
                    "operator_name": "PROJECTION",
                    "cpu_time": 0.6018669870000005,
                    "extra_info": {
                        "Projections": [
                            "displayname",
                            "reputation",
                            "TotalUpvotes",
                            "TotalDownvotes",
                            "TotalQuestions",
                            "TotalAnswers",
                            "AvgScore",
                            "TotalViews",
                            "EngagementCategory"
                        ],
                        "Estimated Cardinality": "1925058"
                    },
                    "cumulative_cardinality": 9711551,
                    "operator_type": "PROJECTION",
                    "operator_cardinality": 194389,
                    "cumulative_rows_scanned": 17854919,
                    "operator_rows_scanned": 0,
                    "operator_timing": 0.0013701529999999998,
                    "result_set_size": 20994012,
                    "children": [
                        {
                            "operator_name": "PROJECTION",
                            "cpu_time": 0.6004968340000005,
                            "extra_info": {
                                "Projections": [
                                    "displayname",
                                    "reputation",
                                    "TotalUpvotes",
                                    "TotalDownvotes",
                                    "TotalQuestions",
                                    "TotalAnswers",
                                    "AvgScore",
                                    "TotalViews"
                                ],
                                "Estimated Cardinality": "1925058"
                            },
                            "cumulative_cardinality": 9517162,
                            "operator_type": "PROJECTION",
                            "operator_cardinality": 194389,
                            "cumulative_rows_scanned": 17854919,
                            "operator_rows_scanned": 0,
                            "operator_timing": 0.00009530600000000003,
                            "result_set_size": 17883788,
                            "children": [
                                {
                                    "operator_name": "HASH_JOIN",
                                    "cpu_time": 0.6004015280000006,
                                    "extra_info": {
                                        "Join Type": "RIGHT",
                                        "Conditions": "owneruserid = UserId",
                                        "Estimated Cardinality": "1925058"
                                    },
                                    "cumulative_cardinality": 9322773,
                                    "operator_type": "HASH_JOIN",
                                    "operator_cardinality": 194389,
                                    "cumulative_rows_scanned": 17854919,
                                    "operator_rows_scanned": 0,
                                    "operator_timing": 0.018896613999999996,
                                    "result_set_size": 17883788,
                                    "children": [
                                        {
                                            "operator_name": "HASH_GROUP_BY",
                                            "cpu_time": 0.3126491009999999,
                                            "extra_info": {
                                                "Groups": "#0",
                                                "Aggregates": [
                                                    "count(#1)",
                                                    "count(#2)",
                                                    "avg(#3)",
                                                    "sum(#4)"
                                                ],
                                                "Estimated Cardinality": "1925058"
                                            },
                                            "cumulative_cardinality": 8071864,
                                            "operator_type": "HASH_GROUP_BY",
                                            "operator_cardinality": 371632,
                                            "cumulative_rows_scanned": 3850116,
                                            "operator_rows_scanned": 0,
                                            "operator_timing": 0.17779349599999977,
                                            "result_set_size": 16351808,
                                            "children": [
                                                {
                                                    "operator_name": "PROJECTION",
                                                    "cpu_time": 0.13485560500000007,
                                                    "extra_info": {
                                                        "Projections": [
                                                            "owneruserid",
                                                            "CASE  WHEN ((posttypeid = 1)) THEN (1) ELSE NULL END",
                                                            "CASE  WHEN ((posttypeid = 2)) THEN (1) ELSE NULL END",
                                                            "score",
                                                            "viewcount"
                                                        ],
                                                        "Estimated Cardinality": "3850116"
                                                    },
                                                    "cumulative_cardinality": 7700232,
                                                    "operator_type": "PROJECTION",
                                                    "operator_cardinality": 3850116,
                                                    "cumulative_rows_scanned": 3850116,
                                                    "operator_rows_scanned": 0,
                                                    "operator_timing": 0.05328853699999996,
                                                    "result_set_size": 77002320,
                                                    "children": [
                                                        {
                                                            "operator_name": "READ_PARQUET ",
                                                            "cpu_time": 0.08156706800000012,
                                                            "extra_info": {
                                                                "Function": "READ_PARQUET",
                                                                "Projections": [
                                                                    "posttypeid",
                                                                    "score",
                                                                    "viewcount",
                                                                    "owneruserid"
                                                                ],
                                                                "Estimated Cardinality": "3850116"
                                                            },
                                                            "cumulative_cardinality": 3850116,
                                                            "operator_type": "TABLE_SCAN",
                                                            "operator_cardinality": 3850116,
                                                            "cumulative_rows_scanned": 3850116,
                                                            "operator_rows_scanned": 3850116,
                                                            "operator_timing": 0.08156706800000012,
                                                            "result_set_size": 53901624,
                                                            "children": []
                                                        }
                                                    ]
                                                }
                                            ]
                                        },
                                        {
                                            "operator_name": "PROJECTION",
                                            "cpu_time": 0.2688558130000007,
                                            "extra_info": {
                                                "Projections": [
                                                    "UserId",
                                                    "displayname",
                                                    "reputation",
                                                    "TotalUpvotes",
                                                    "TotalDownvotes"
                                                ],
                                                "Estimated Cardinality": "1260710"
                                            },
                                            "cumulative_cardinality": 1056520,
                                            "operator_type": "PROJECTION",
                                            "operator_cardinality": 194389,
                                            "cumulative_rows_scanned": 14004803,
                                            "operator_rows_scanned": 0,
                                            "operator_timing": 0.002826697000000002,
                                            "result_set_size": 10885784,
                                            "children": [
                                                {
                                                    "operator_name": "HASH_GROUP_BY",
                                                    "cpu_time": 0.26602911600000073,
                                                    "extra_info": {
                                                        "Groups": [
                                                            "#0",
                                                            "#1",
                                                            "#2"
                                                        ],
                                                        "Aggregates": [
                                                            "sum(#3)",
                                                            "sum(#4)"
                                                        ],
                                                        "Estimated Cardinality": "1260710"
                                                    },
                                                    "cumulative_cardinality": 862131,
                                                    "operator_type": "HASH_GROUP_BY",
                                                    "operator_cardinality": 194389,
                                                    "cumulative_rows_scanned": 14004803,
                                                    "operator_rows_scanned": 0,
                                                    "operator_timing": 0.03538846899999999,
                                                    "result_set_size": 10885784,
                                                    "children": [
                                                        {
                                                            "operator_name": "PROJECTION",
                                                            "cpu_time": 0.23064064700000075,
                                                            "extra_info": {
                                                                "Projections": [
                                                                    "id",
                                                                    "displayname",
                                                                    "reputation",
                                                                    "CASE  WHEN ((votetypeid = 2)) THEN (1) ELSE 0 END",
                                                                    "CASE  WHEN ((votetypeid = 3)) THEN (1) ELSE 0 END"
                                                                ],
                                                                "Estimated Cardinality": "12744093"
                                                            },
                                                            "cumulative_cardinality": 667742,
                                                            "operator_type": "PROJECTION",
                                                            "operator_cardinality": 218279,
                                                            "cumulative_rows_scanned": 14004803,
                                                            "operator_rows_scanned": 0,
                                                            "operator_timing": 0.000444337,
                                                            "result_set_size": 6984928,
                                                            "children": [
                                                                {
                                                                    "operator_name": "HASH_JOIN",
                                                                    "cpu_time": 0.23019631000000076,
                                                                    "extra_info": {
                                                                        "Join Type": "RIGHT",
                                                                        "Conditions": "userid = id",
                                                                        "Estimated Cardinality": "12744093"
                                                                    },
                                                                    "cumulative_cardinality": 449463,
                                                                    "operator_type": "HASH_JOIN",
                                                                    "operator_cardinality": 218279,
                                                                    "cumulative_rows_scanned": 14004803,
                                                                    "operator_rows_scanned": 0,
                                                                    "operator_timing": 0.026843485000000805,
                                                                    "result_set_size": 5675254,
                                                                    "children": [
                                                                        {
                                                                            "operator_name": "READ_PARQUET ",
                                                                            "cpu_time": 0.13771639299999996,
                                                                            "extra_info": {
                                                                                "Function": "READ_PARQUET",
                                                                                "Projections": [
                                                                                    "votetypeid",
                                                                                    "userid"
                                                                                ],
                                                                                "Estimated Cardinality": "12744093"
                                                                            },
                                                                            "cumulative_cardinality": 36795,
                                                                            "operator_type": "TABLE_SCAN",
                                                                            "operator_cardinality": 36795,
                                                                            "cumulative_rows_scanned": 12744093,
                                                                            "operator_rows_scanned": 12744093,
                                                                            "operator_timing": 0.13771639299999996,
                                                                            "result_set_size": 220770,
                                                                            "children": []
                                                                        },
                                                                        {
                                                                            "operator_name": "READ_PARQUET ",
                                                                            "cpu_time": 0.065636432,
                                                                            "extra_info": {
                                                                                "Function": "READ_PARQUET",
                                                                                "Projections": [
                                                                                    "id",
                                                                                    "reputation",
                                                                                    "displayname"
                                                                                ],
                                                                                "Filters": "reputation>100",
                                                                                "Estimated Cardinality": "252142"
                                                                            },
                                                                            "cumulative_cardinality": 194389,
                                                                            "operator_type": "TABLE_SCAN",
                                                                            "operator_cardinality": 194389,
                                                                            "cumulative_rows_scanned": 1260710,
                                                                            "operator_rows_scanned": 1260710,
                                                                            "operator_timing": 0.065636432,
                                                                            "result_set_size": 4665336,
                                                                            "children": []
                                                                        }
                                                                    ]
                                                                }
                                                            ]
                                                        }
                                                    ]
                                                }
                                            ]
                                        }
                                    ]
                                }
                            ]
                        }
                    ]
                }
            ]
        }
    ]
}