{
    "rows_returned": 0,
    "query_name": "WITH UserStats AS (\n    SELECT \n        u.Id AS UserId,\n        u.DisplayName,\n        u.Reputation,\n        COUNT(DISTINCT p.Id) AS PostCount,\n        SUM(CASE WHEN p.PostTypeId = 2 THEN 1 ELSE 0 END) AS AnswerCount,\n        SUM(CASE WHEN b.Name IS NOT NULL THEN 1 ELSE 0 END) AS BadgeCount\n    FROM Users u\n    LEFT JOIN Posts p ON u.Id = p.OwnerUserId\n    LEFT JOIN Badges b ON u.Id = b.UserId\n    WHERE u.Reputation > 1000\n    GROUP BY u.Id, u.DisplayName, u.Reputation\n),\nPopularPosts AS (\n    SELECT \n        p.Id AS PostId,\n        p.Title,\n        p.CreationDate,\n        p.Score,\n        p.ViewCount,\n        COUNT(c.Id) AS CommentCount\n    FROM Posts p\n    LEFT JOIN Comments c ON p.Id = c.PostId\n    WHERE p.PostTypeId = 1 AND p.Score > 5\n    GROUP BY p.Id, p.Title, p.CreationDate, p.Score, p.ViewCount\n    ORDER BY p.ViewCount DESC\n    LIMIT 10\n),\nActiveUsers AS (\n    SELECT \n        u.DisplayName,\n        COUNT(p.Id) AS TotalPosts,\n        SUM(CASE WHEN v.VoteTypeId = 2 THEN 1 ELSE 0 END) AS UpvotesReceived\n    FROM Users u\n    JOIN Posts p ON u.Id = p.OwnerUserId\n    LEFT JOIN Votes v ON p.Id = v.PostId\n    WHERE u.LastAccessDate > cast('2024-10-01 12:34:56' as timestamp) - INTERVAL '30 days'\n    GROUP BY u.DisplayName\n    HAVING COUNT(p.Id) > 5\n)\nSELECT \n    us.DisplayName AS UserName,\n    us.Reputation,\n    us.PostCount,\n    us.AnswerCount,\n    us.BadgeCount,\n    pp.Title AS PopularPostTitle,\n    pp.CreationDate AS PopularPostDate,\n    pp.Score AS PopularPostScore,\n    pp.ViewCount AS PopularPostViews,\n    au.TotalPosts AS ActiveUserPostCount,\n    au.UpvotesReceived AS ActiveUserUpvotes\nFROM UserStats us\nJOIN PopularPosts pp ON us.UserId = (SELECT OwnerUserId FROM Posts ORDER BY ViewCount DESC LIMIT 1)\nJOIN ActiveUsers au ON us.DisplayName = au.DisplayName\nORDER BY us.Reputation DESC, pp.ViewCount DESC;",
    "blocked_thread_time": 0.0,
    "cpu_time": 46.285471930999634,
    "extra_info": {},
    "cumulative_cardinality": 1183300074,
    "cumulative_rows_scanned": 40229523,
    "result_set_size": 0,
    "latency": 53.215379787,
    "children": [
        {
            "operator_name": "PROJECTION",
            "cpu_time": 46.285471930999634,
            "extra_info": {
                "Projections": [
                    "#0",
                    "#1",
                    "#2",
                    "#3",
                    "#4",
                    "#5",
                    "#6",
                    "__internal_decompress_integral_integer(#7, 5)",
                    "#8",
                    "#9",
                    "#10"
                ],
                "Estimated Cardinality": "0"
            },
            "cumulative_cardinality": 1183300074,
            "operator_type": "PROJECTION",
            "operator_cardinality": 0,
            "cumulative_rows_scanned": 40229523,
            "operator_rows_scanned": 0,
            "operator_timing": 0.0,
            "result_set_size": 0,
            "children": [
                {
                    "operator_name": "ORDER_BY",
                    "cpu_time": 46.285471930999634,
                    "extra_info": {
                        "Order By": [
                            "us.Reputation DESC",
                            "pp.ViewCount DESC"
                        ]
                    },
                    "cumulative_cardinality": 1183300074,
                    "operator_type": "ORDER_BY",
                    "operator_cardinality": 0,
                    "cumulative_rows_scanned": 40229523,
                    "operator_rows_scanned": 0,
                    "operator_timing": 1.11e-7,
                    "result_set_size": 0,
                    "children": [
                        {
                            "operator_name": "PROJECTION",
                            "cpu_time": 46.285471819999636,
                            "extra_info": {
                                "Projections": [
                                    "#0",
                                    "#1",
                                    "#2",
                                    "#3",
                                    "#4",
                                    "#5",
                                    "#6",
                                    "__internal_compress_integral_usmallint(#7, 5)",
                                    "#8",
                                    "#9",
                                    "#10"
                                ],
                                "Estimated Cardinality": "0"
                            },
                            "cumulative_cardinality": 1183300074,
                            "operator_type": "PROJECTION",
                            "operator_cardinality": 0,
                            "cumulative_rows_scanned": 40229523,
                            "operator_rows_scanned": 0,
                            "operator_timing": 0.0,
                            "result_set_size": 0,
                            "children": [
                                {
                                    "operator_name": "PROJECTION",
                                    "cpu_time": 46.285471819999636,
                                    "extra_info": {
                                        "Projections": [
                                            "UserName",
                                            "reputation",
                                            "PostCount",
                                            "AnswerCount",
                                            "BadgeCount",
                                            "PopularPostTitle",
                                            "PopularPostDate",
                                            "PopularPostScore",
                                            "PopularPostViews",
                                            "ActiveUserPostCount",
                                            "ActiveUserUpvotes"
                                        ],
                                        "Estimated Cardinality": "0"
                                    },
                                    "cumulative_cardinality": 1183300074,
                                    "operator_type": "PROJECTION",
                                    "operator_cardinality": 0,
                                    "cumulative_rows_scanned": 40229523,
                                    "operator_rows_scanned": 0,
                                    "operator_timing": 0.0,
                                    "result_set_size": 0,
                                    "children": [
                                        {
                                            "operator_name": "CROSS_PRODUCT",
                                            "cpu_time": 46.285471819999636,
                                            "extra_info": {},
                                            "cumulative_cardinality": 1183300074,
                                            "operator_type": "CROSS_PRODUCT",
                                            "operator_cardinality": 0,
                                            "cumulative_rows_scanned": 40229523,
                                            "operator_rows_scanned": 0,
                                            "operator_timing": 0.000004298,
                                            "result_set_size": 0,
                                            "children": [
                                                {
                                                    "operator_name": "STREAMING_LIMIT",
                                                    "cpu_time": 0.6330891699999991,
                                                    "extra_info": {},
                                                    "cumulative_cardinality": 9078251,
                                                    "operator_type": "STREAMING_LIMIT",
                                                    "operator_cardinality": 10,
                                                    "cumulative_rows_scanned": 11091938,
                                                    "operator_rows_scanned": 0,
                                                    "operator_timing": 0.000002264,
                                                    "result_set_size": 320,
                                                    "children": [
                                                        {
                                                            "operator_name": "PROJECTION",
                                                            "cpu_time": 0.6330869059999991,
                                                            "extra_info": {
                                                                "Projections": [
                                                                    "#0",
                                                                    "#1",
                                                                    "__internal_decompress_integral_integer(#2, 5)",
                                                                    "#3"
                                                                ],
                                                                "Estimated Cardinality": "3850116"
                                                            },
                                                            "cumulative_cardinality": 9078241,
                                                            "operator_type": "PROJECTION",
                                                            "operator_cardinality": 2048,
                                                            "cumulative_rows_scanned": 11091938,
                                                            "operator_rows_scanned": 0,
                                                            "operator_timing": 0.000002896,
                                                            "result_set_size": 65536,
                                                            "children": [
                                                                {
                                                                    "operator_name": "ORDER_BY",
                                                                    "cpu_time": 0.633084009999999,
                                                                    "extra_info": {
                                                                        "Order By": "p.ViewCount DESC"
                                                                    },
                                                                    "cumulative_cardinality": 9076193,
                                                                    "operator_type": "ORDER_BY",
                                                                    "operator_cardinality": 2048,
                                                                    "cumulative_rows_scanned": 11091938,
                                                                    "operator_rows_scanned": 0,
                                                                    "operator_timing": 0.0035571340000000004,
                                                                    "result_set_size": 61440,
                                                                    "children": [
                                                                        {
                                                                            "operator_name": "PROJECTION",
                                                                            "cpu_time": 0.629526875999999,
                                                                            "extra_info": {
                                                                                "Projections": [
                                                                                    "#0",
                                                                                    "#1",
                                                                                    "__internal_compress_integral_usmallint(#2, 5)",
                                                                                    "#3"
                                                                                ],
                                                                                "Estimated Cardinality": "3850116"
                                                                            },
                                                                            "cumulative_cardinality": 9074145,
                                                                            "operator_type": "PROJECTION",
                                                                            "operator_cardinality": 110107,
                                                                            "cumulative_rows_scanned": 11091938,
                                                                            "operator_rows_scanned": 0,
                                                                            "operator_timing": 0.00003571700000000001,
                                                                            "result_set_size": 3303210,
                                                                            "children": [
                                                                                {
                                                                                    "operator_name": "PROJECTION",
                                                                                    "cpu_time": 0.629491158999999,
                                                                                    "extra_info": {
                                                                                        "Projections": [
                                                                                            "title",
                                                                                            "creationdate",
                                                                                            "score",
                                                                                            "viewcount"
                                                                                        ],
                                                                                        "Estimated Cardinality": "3850116"
                                                                                    },
                                                                                    "cumulative_cardinality": 8964038,
                                                                                    "operator_type": "PROJECTION",
                                                                                    "operator_cardinality": 110107,
                                                                                    "cumulative_rows_scanned": 11091938,
                                                                                    "operator_rows_scanned": 0,
                                                                                    "operator_timing": 0.000013586999999999999,
                                                                                    "result_set_size": 3523424,
                                                                                    "children": [
                                                                                        {
                                                                                            "operator_name": "PROJECTION",
                                                                                            "cpu_time": 0.629477571999999,
                                                                                            "extra_info": {
                                                                                                "Projections": [
                                                                                                    "#0",
                                                                                                    "#1",
                                                                                                    "#2",
                                                                                                    "__internal_decompress_integral_integer(#3, 5)",
                                                                                                    "#4"
                                                                                                ],
                                                                                                "Estimated Cardinality": "3850116"
                                                                                            },
                                                                                            "cumulative_cardinality": 8853931,
                                                                                            "operator_type": "PROJECTION",
                                                                                            "operator_cardinality": 110107,
                                                                                            "cumulative_rows_scanned": 11091938,
                                                                                            "operator_rows_scanned": 0,
                                                                                            "operator_timing": 0.000043994,
                                                                                            "result_set_size": 3963852,
                                                                                            "children": [
                                                                                                {
                                                                                                    "operator_name": "HASH_GROUP_BY",
                                                                                                    "cpu_time": 0.629433577999999,
                                                                                                    "extra_info": {
                                                                                                        "Groups": [
                                                                                                            "#0",
                                                                                                            "#1",
                                                                                                            "#2",
                                                                                                            "#3",
                                                                                                            "#4"
                                                                                                        ],
                                                                                                        "Aggregates": "",
                                                                                                        "Estimated Cardinality": "3850116"
                                                                                                    },
                                                                                                    "cumulative_cardinality": 8743824,
                                                                                                    "operator_type": "HASH_GROUP_BY",
                                                                                                    "operator_cardinality": 110107,
                                                                                                    "cumulative_rows_scanned": 11091938,
                                                                                                    "operator_rows_scanned": 0,
                                                                                                    "operator_timing": 0.049783759000000025,
                                                                                                    "result_set_size": 3743638,
                                                                                                    "children": [
                                                                                                        {
                                                                                                            "operator_name": "PROJECTION",
                                                                                                            "cpu_time": 0.579649818999999,
                                                                                                            "extra_info": {
                                                                                                                "Projections": [
                                                                                                                    "id",
                                                                                                                    "title",
                                                                                                                    "creationdate",
                                                                                                                    "score",
                                                                                                                    "viewcount"
                                                                                                                ],
                                                                                                                "Estimated Cardinality": "7241822"
                                                                                                            },
                                                                                                            "cumulative_cardinality": 8633717,
                                                                                                            "operator_type": "PROJECTION",
                                                                                                            "operator_cardinality": 427283,
                                                                                                            "cumulative_rows_scanned": 11091938,
                                                                                                            "operator_rows_scanned": 0,
                                                                                                            "operator_timing": 0.0006987199999999971,
                                                                                                            "result_set_size": 14527622,
                                                                                                            "children": [
                                                                                                                {
                                                                                                                    "operator_name": "PROJECTION",
                                                                                                                    "cpu_time": 0.578951098999999,
                                                                                                                    "extra_info": {
                                                                                                                        "Projections": [
                                                                                                                            "#0",
                                                                                                                            "#1",
                                                                                                                            "#2",
                                                                                                                            "__internal_compress_integral_usmallint(#3, 5)",
                                                                                                                            "#4",
                                                                                                                            "#5"
                                                                                                                        ],
                                                                                                                        "Estimated Cardinality": "7241822"
                                                                                                                    },
                                                                                                                    "cumulative_cardinality": 8206434,
                                                                                                                    "operator_type": "PROJECTION",
                                                                                                                    "operator_cardinality": 427283,
                                                                                                                    "cumulative_rows_scanned": 11091938,
                                                                                                                    "operator_rows_scanned": 0,
                                                                                                                    "operator_timing": 0.0015307229999999947,
                                                                                                                    "result_set_size": 16236754,
                                                                                                                    "children": [
                                                                                                                        {
                                                                                                                            "operator_name": "HASH_JOIN",
                                                                                                                            "cpu_time": 0.577420375999999,
                                                                                                                            "extra_info": {
                                                                                                                                "Join Type": "RIGHT",
                                                                                                                                "Conditions": "postid = id",
                                                                                                                                "Estimated Cardinality": "7241822"
                                                                                                                            },
                                                                                                                            "cumulative_cardinality": 7779151,
                                                                                                                            "operator_type": "HASH_JOIN",
                                                                                                                            "operator_cardinality": 427283,
                                                                                                                            "cumulative_rows_scanned": 11091938,
                                                                                                                            "operator_rows_scanned": 0,
                                                                                                                            "operator_timing": 0.10846775299999886,
                                                                                                                            "result_set_size": 17091320,
                                                                                                                            "children": [
                                                                                                                                {
                                                                                                                                    "operator_name": "READ_PARQUET ",
                                                                                                                                    "cpu_time": 0.08521784900000014,
                                                                                                                                    "extra_info": {
                                                                                                                                        "Function": "READ_PARQUET",
                                                                                                                                        "Projections": "postid",
                                                                                                                                        "Estimated Cardinality": "7241822"
                                                                                                                                    },
                                                                                                                                    "cumulative_cardinality": 7241761,
                                                                                                                                    "operator_type": "TABLE_SCAN",
                                                                                                                                    "operator_cardinality": 7241761,
                                                                                                                                    "cumulative_rows_scanned": 7241822,
                                                                                                                                    "operator_rows_scanned": 7241822,
                                                                                                                                    "operator_timing": 0.08521784900000014,
                                                                                                                                    "result_set_size": 28967044,
                                                                                                                                    "children": []
                                                                                                                                },
                                                                                                                                {
                                                                                                                                    "operator_name": "READ_PARQUET ",
                                                                                                                                    "cpu_time": 0.3837347739999999,
                                                                                                                                    "extra_info": {
                                                                                                                                        "Function": "READ_PARQUET",
                                                                                                                                        "Projections": [
                                                                                                                                            "id",
                                                                                                                                            "creationdate",
                                                                                                                                            "score",
                                                                                                                                            "viewcount",
                                                                                                                                            "title"
                                                                                                                                        ],
                                                                                                                                        "Filters": [
                                                                                                                                            "posttypeid=1",
                                                                                                                                            "score>5"
                                                                                                                                        ],
                                                                                                                                        "Estimated Cardinality": "770023"
                                                                                                                                    },
                                                                                                                                    "cumulative_cardinality": 110107,
                                                                                                                                    "operator_type": "TABLE_SCAN",
                                                                                                                                    "operator_cardinality": 110107,
                                                                                                                                    "cumulative_rows_scanned": 3850116,
                                                                                                                                    "operator_rows_scanned": 3850116,
                                                                                                                                    "operator_timing": 0.3837347739999999,
                                                                                                                                    "result_set_size": 3963852,
                                                                                                                                    "children": []
                                                                                                                                }
                                                                                                                            ]
                                                                                                                        }
                                                                                                                    ]
                                                                                                                }
                                                                                                            ]
                                                                                                        }
                                                                                                    ]
                                                                                                }
                                                                                            ]
                                                                                        }
                                                                                    ]
                                                                                }
                                                                            ]
                                                                        }
                                                                    ]
                                                                }
                                                            ]
                                                        }
                                                    ]
                                                },
                                                {
                                                    "operator_name": "HASH_JOIN",
                                                    "cpu_time": 45.65237835199964,
                                                    "extra_info": {
                                                        "Join Type": "INNER",
                                                        "Conditions": "displayname = displayname",
                                                        "Estimated Cardinality": "0"
                                                    },
                                                    "cumulative_cardinality": 1174221823,
                                                    "operator_type": "HASH_JOIN",
                                                    "operator_cardinality": 0,
                                                    "cumulative_rows_scanned": 29137585,
                                                    "operator_rows_scanned": 0,
                                                    "operator_timing": 0.0006489409999999999,
                                                    "result_set_size": 0,
                                                    "children": [
                                                        {
                                                            "operator_name": "FILTER",
                                                            "cpu_time": 1.1961067850000013,
                                                            "extra_info": {
                                                                "Expression": "(TotalPosts > 5)",
                                                                "Estimated Cardinality": "252142"
                                                            },
                                                            "cumulative_cardinality": 30043884,
                                                            "operator_type": "FILTER",
                                                            "operator_cardinality": 20044,
                                                            "cumulative_rows_scanned": 17854919,
                                                            "operator_rows_scanned": 0,
                                                            "operator_timing": 0.00006115499999999999,
                                                            "result_set_size": 801760,
                                                            "children": [
                                                                {
                                                                    "operator_name": "HASH_GROUP_BY",
                                                                    "cpu_time": 1.1960456300000013,
                                                                    "extra_info": {
                                                                        "Groups": "#0",
                                                                        "Aggregates": [
                                                                            "count_star()",
                                                                            "sum(#1)"
                                                                        ],
                                                                        "Estimated Cardinality": "1260710"
                                                                    },
                                                                    "cumulative_cardinality": 30023840,
                                                                    "operator_type": "HASH_GROUP_BY",
                                                                    "operator_cardinality": 31701,
                                                                    "cumulative_rows_scanned": 17854919,
                                                                    "operator_rows_scanned": 0,
                                                                    "operator_timing": 0.19743250099999995,
                                                                    "result_set_size": 1268040,
                                                                    "children": [
                                                                        {
                                                                            "operator_name": "PROJECTION",
                                                                            "cpu_time": 0.9986131290000013,
                                                                            "extra_info": {
                                                                                "Projections": [
                                                                                    "displayname",
                                                                                    "CASE  WHEN ((votetypeid = 2)) THEN (1) ELSE 0 END"
                                                                                ],
                                                                                "Estimated Cardinality": "12744093"
                                                                            },
                                                                            "cumulative_cardinality": 29992139,
                                                                            "operator_type": "PROJECTION",
                                                                            "operator_cardinality": 5769039,
                                                                            "cumulative_rows_scanned": 17854919,
                                                                            "operator_rows_scanned": 0,
                                                                            "operator_timing": 0.026131384000000125,
                                                                            "result_set_size": 115380780,
                                                                            "children": [
                                                                                {
                                                                                    "operator_name": "HASH_JOIN",
                                                                                    "cpu_time": 0.9724817450000012,
                                                                                    "extra_info": {
                                                                                        "Join Type": "RIGHT",
                                                                                        "Conditions": "postid = id",
                                                                                        "Estimated Cardinality": "12744093"
                                                                                    },
                                                                                    "cumulative_cardinality": 24223100,
                                                                                    "operator_type": "HASH_JOIN",
                                                                                    "operator_cardinality": 5769039,
                                                                                    "cumulative_rows_scanned": 17854919,
                                                                                    "operator_rows_scanned": 0,
                                                                                    "operator_timing": 0.5010491750000007,
                                                                                    "result_set_size": 103842702,
                                                                                    "children": [
                                                                                        {
                                                                                            "operator_name": "READ_PARQUET ",
                                                                                            "cpu_time": 0.22930347400000028,
                                                                                            "extra_info": {
                                                                                                "Function": "READ_PARQUET",
                                                                                                "Projections": [
                                                                                                    "postid",
                                                                                                    "votetypeid"
                                                                                                ],
                                                                                                "Estimated Cardinality": "12744093"
                                                                                            },
                                                                                            "cumulative_cardinality": 12744093,
                                                                                            "operator_type": "TABLE_SCAN",
                                                                                            "operator_cardinality": 12744093,
                                                                                            "cumulative_rows_scanned": 12744093,
                                                                                            "operator_rows_scanned": 12744093,
                                                                                            "operator_timing": 0.22930347400000028,
                                                                                            "result_set_size": 76464558,
                                                                                            "children": []
                                                                                        },
                                                                                        {
                                                                                            "operator_name": "HASH_JOIN",
                                                                                            "cpu_time": 0.2421290960000002,
                                                                                            "extra_info": {
                                                                                                "Join Type": "INNER",
                                                                                                "Conditions": "owneruserid = id",
                                                                                                "Estimated Cardinality": "770023"
                                                                                            },
                                                                                            "cumulative_cardinality": 5709968,
                                                                                            "operator_type": "HASH_JOIN",
                                                                                            "operator_cardinality": 1837073,
                                                                                            "cumulative_rows_scanned": 5110826,
                                                                                            "operator_rows_scanned": 0,
                                                                                            "operator_timing": 0.09058275600000017,
                                                                                            "result_set_size": 36741460,
                                                                                            "children": [
                                                                                                {
                                                                                                    "operator_name": "READ_PARQUET ",
                                                                                                    "cpu_time": 0.08668196600000007,
                                                                                                    "extra_info": {
                                                                                                        "Function": "READ_PARQUET",
                                                                                                        "Projections": [
                                                                                                            "id",
                                                                                                            "owneruserid"
                                                                                                        ],
                                                                                                        "Estimated Cardinality": "3850116"
                                                                                                    },
                                                                                                    "cumulative_cardinality": 3684818,
                                                                                                    "operator_type": "TABLE_SCAN",
                                                                                                    "operator_cardinality": 3684818,
                                                                                                    "cumulative_rows_scanned": 3850116,
                                                                                                    "operator_rows_scanned": 3850116,
                                                                                                    "operator_timing": 0.08668196600000007,
                                                                                                    "result_set_size": 29478544,
                                                                                                    "children": []
                                                                                                },
                                                                                                {
                                                                                                    "operator_name": "FILTER",
                                                                                                    "cpu_time": 0.06486437399999999,
                                                                                                    "extra_info": {
                                                                                                        "Expression": "(id <= 1416539)",
                                                                                                        "Estimated Cardinality": "252142"
                                                                                                    },
                                                                                                    "cumulative_cardinality": 188077,
                                                                                                    "operator_type": "FILTER",
                                                                                                    "operator_cardinality": 94023,
                                                                                                    "cumulative_rows_scanned": 1260710,
                                                                                                    "operator_rows_scanned": 0,
                                                                                                    "operator_timing": 0.0005648210000000003,
                                                                                                    "result_set_size": 1880460,
                                                                                                    "children": [
                                                                                                        {
                                                                                                            "operator_name": "READ_PARQUET ",
                                                                                                            "cpu_time": 0.06429955299999998,
                                                                                                            "extra_info": {
                                                                                                                "Function": "READ_PARQUET",
                                                                                                                "Projections": [
                                                                                                                    "id",
                                                                                                                    "displayname"
                                                                                                                ],
                                                                                                                "Filters": "lastaccessdate>'2024-09-01 12:34:56'::TIMESTAMP",
                                                                                                                "Estimated Cardinality": "252142"
                                                                                                            },
                                                                                                            "cumulative_cardinality": 94054,
                                                                                                            "operator_type": "TABLE_SCAN",
                                                                                                            "operator_cardinality": 94054,
                                                                                                            "cumulative_rows_scanned": 1260710,
                                                                                                            "operator_rows_scanned": 1260710,
                                                                                                            "operator_timing": 0.06429955299999998,
                                                                                                            "result_set_size": 1881080,
                                                                                                            "children": []
                                                                                                        }
                                                                                                    ]
                                                                                                }
                                                                                            ]
                                                                                        }
                                                                                    ]
                                                                                }
                                                                            ]
                                                                        }
                                                                    ]
                                                                }
                                                            ]
                                                        },
                                                        {
                                                            "operator_name": "HASH_JOIN",
                                                            "cpu_time": 44.45562262599964,
                                                            "extra_info": {
                                                                "Join Type": "INNER",
                                                                "Conditions": "UserId = SUBQUERY",
                                                                "Estimated Cardinality": "1"
                                                            },
                                                            "cumulative_cardinality": 1144177939,
                                                            "operator_type": "HASH_JOIN",
                                                            "operator_cardinality": 1,
                                                            "cumulative_rows_scanned": 11282666,
                                                            "operator_rows_scanned": 0,
                                                            "operator_timing": 0.000154729,
                                                            "result_set_size": 64,
                                                            "children": [
                                                                {
                                                                    "operator_name": "HASH_GROUP_BY",
                                                                    "cpu_time": 44.31856082999963,
                                                                    "extra_info": {
                                                                        "Groups": [
                                                                            "#0",
                                                                            "#1",
                                                                            "#2"
                                                                        ],
                                                                        "Aggregates": [
                                                                            "count(DISTINCT #3)",
                                                                            "sum(#4)",
                                                                            "sum(#5)"
                                                                        ],
                                                                        "Estimated Cardinality": "1260710"
                                                                    },
                                                                    "cumulative_cardinality": 1136473605,
                                                                    "operator_type": "HASH_GROUP_BY",
                                                                    "operator_cardinality": 11215,
                                                                    "cumulative_rows_scanned": 7432550,
                                                                    "operator_rows_scanned": 0,
                                                                    "operator_timing": 34.05114327299971,
                                                                    "result_set_size": 717760,
                                                                    "children": [
                                                                        {
                                                                            "operator_name": "PROJECTION",
                                                                            "cpu_time": 10.267417556999924,
                                                                            "extra_info": {
                                                                                "Projections": [
                                                                                    "id",
                                                                                    "displayname",
                                                                                    "reputation",
                                                                                    "id",
                                                                                    "CASE  WHEN ((posttypeid = 2)) THEN (1) ELSE 0 END",
                                                                                    "CASE  WHEN ((name IS NOT NULL)) THEN (1) ELSE 0 END"
                                                                                ],
                                                                                "Estimated Cardinality": "3850116"
                                                                            },
                                                                            "cumulative_cardinality": 1136462390,
                                                                            "operator_type": "PROJECTION",
                                                                            "operator_cardinality": 564024796,
                                                                            "cumulative_rows_scanned": 7432550,
                                                                            "operator_rows_scanned": 0,
                                                                            "operator_timing": 2.734565618000006,
                                                                            "result_set_size": 20304892656,
                                                                            "children": [
                                                                                {
                                                                                    "operator_name": "HASH_JOIN",
                                                                                    "cpu_time": 7.532851938999917,
                                                                                    "extra_info": {
                                                                                        "Join Type": "LEFT",
                                                                                        "Conditions": "id = userid",
                                                                                        "Estimated Cardinality": "3850116"
                                                                                    },
                                                                                    "cumulative_cardinality": 572437594,
                                                                                    "operator_type": "HASH_JOIN",
                                                                                    "operator_cardinality": 564024796,
                                                                                    "cumulative_rows_scanned": 7432550,
                                                                                    "operator_rows_scanned": 0,
                                                                                    "operator_timing": 7.221386167999917,
                                                                                    "result_set_size": 25945140616,
                                                                                    "children": [
                                                                                        {
                                                                                            "operator_name": "HASH_JOIN",
                                                                                            "cpu_time": 0.2926340090000008,
                                                                                            "extra_info": {
                                                                                                "Join Type": "RIGHT",
                                                                                                "Conditions": "owneruserid = id",
                                                                                                "Estimated Cardinality": "3850116"
                                                                                            },
                                                                                            "cumulative_cardinality": 6091074,
                                                                                            "operator_type": "HASH_JOIN",
                                                                                            "operator_cardinality": 2396486,
                                                                                            "cumulative_rows_scanned": 5110826,
                                                                                            "operator_rows_scanned": 0,
                                                                                            "operator_timing": 0.12248003200000082,
                                                                                            "result_set_size": 71894580,
                                                                                            "children": [
                                                                                                {
                                                                                                    "operator_name": "READ_PARQUET ",
                                                                                                    "cpu_time": 0.11558446199999997,
                                                                                                    "extra_info": {
                                                                                                        "Function": "READ_PARQUET",
                                                                                                        "Projections": [
                                                                                                            "id",
                                                                                                            "posttypeid",
                                                                                                            "owneruserid"
                                                                                                        ],
                                                                                                        "Estimated Cardinality": "3850116"
                                                                                                    },
                                                                                                    "cumulative_cardinality": 3683373,
                                                                                                    "operator_type": "TABLE_SCAN",
                                                                                                    "operator_cardinality": 3683373,
                                                                                                    "cumulative_rows_scanned": 3850116,
                                                                                                    "operator_rows_scanned": 3850116,
                                                                                                    "operator_timing": 0.11558446199999997,
                                                                                                    "result_set_size": 36833730,
                                                                                                    "children": []
                                                                                                },
                                                                                                {
                                                                                                    "operator_name": "READ_PARQUET ",
                                                                                                    "cpu_time": 0.054569514999999985,
                                                                                                    "extra_info": {
                                                                                                        "Function": "READ_PARQUET",
                                                                                                        "Projections": [
                                                                                                            "id",
                                                                                                            "reputation",
                                                                                                            "displayname"
                                                                                                        ],
                                                                                                        "Filters": "reputation>1000",
                                                                                                        "Estimated Cardinality": "252142"
                                                                                                    },
                                                                                                    "cumulative_cardinality": 11215,
                                                                                                    "operator_type": "TABLE_SCAN",
                                                                                                    "operator_cardinality": 11215,
                                                                                                    "cumulative_rows_scanned": 1260710,
                                                                                                    "operator_rows_scanned": 1260710,
                                                                                                    "operator_timing": 0.054569514999999985,
                                                                                                    "result_set_size": 269160,
                                                                                                    "children": []
                                                                                                }
                                                                                            ]
                                                                                        },
                                                                                        {
                                                                                            "operator_name": "READ_PARQUET ",
                                                                                            "cpu_time": 0.01883176199999995,
                                                                                            "extra_info": {
                                                                                                "Function": "READ_PARQUET",
                                                                                                "Projections": [
                                                                                                    "userid",
                                                                                                    "name"
                                                                                                ],
                                                                                                "Estimated Cardinality": "2321724"
                                                                                            },
                                                                                            "cumulative_cardinality": 2321724,
                                                                                            "operator_type": "TABLE_SCAN",
                                                                                            "operator_cardinality": 2321724,
                                                                                            "cumulative_rows_scanned": 2321724,
                                                                                            "operator_rows_scanned": 2321724,
                                                                                            "operator_timing": 0.01883176199999995,
                                                                                            "result_set_size": 46434480,
                                                                                            "children": []
                                                                                        }
                                                                                    ]
                                                                                }
                                                                            ]
                                                                        }
                                                                    ]
                                                                },
                                                                {
                                                                    "operator_name": "PROJECTION",
                                                                    "cpu_time": 0.13690706700000024,
                                                                    "extra_info": {
                                                                        "Projections": [
                                                                            "CASE  WHEN ((#1 > 1)) THEN (error('More than one row returned by a subquery used as an expression - scalar subqueries can only return a single row.",
                                                                            "Use \"SET scalar_subquery_error_on_multiple_rows=false\" to revert to previous behavior of returning a random row.')) ELSE #0 END"
                                                                        ],
                                                                        "Estimated Cardinality": "1"
                                                                    },
                                                                    "cumulative_cardinality": 7704333,
                                                                    "operator_type": "PROJECTION",
                                                                    "operator_cardinality": 1,
                                                                    "cumulative_rows_scanned": 3850116,
                                                                    "operator_rows_scanned": 0,
                                                                    "operator_timing": 0.000004699,
                                                                    "result_set_size": 4,
                                                                    "children": [
                                                                        {
                                                                            "operator_name": "UNGROUPED_AGGREGATE",
                                                                            "cpu_time": 0.13690236800000025,
                                                                            "extra_info": {
                                                                                "Aggregates": [
                                                                                    "\"first\"(#0)",
                                                                                    "count_star()"
                                                                                ]
                                                                            },
                                                                            "cumulative_cardinality": 7704332,
                                                                            "operator_type": "UNGROUPED_AGGREGATE",
                                                                            "operator_cardinality": 1,
                                                                            "cumulative_rows_scanned": 3850116,
                                                                            "operator_rows_scanned": 0,
                                                                            "operator_timing": 0.000004848,
                                                                            "result_set_size": 12,
                                                                            "children": [
                                                                                {
                                                                                    "operator_name": "PROJECTION",
                                                                                    "cpu_time": 0.13689752000000024,
                                                                                    "extra_info": {
                                                                                        "Projections": "#0",
                                                                                        "Estimated Cardinality": "1"
                                                                                    },
                                                                                    "cumulative_cardinality": 7704331,
                                                                                    "operator_type": "PROJECTION",
                                                                                    "operator_cardinality": 1,
                                                                                    "cumulative_rows_scanned": 3850116,
                                                                                    "operator_rows_scanned": 0,
                                                                                    "operator_timing": 9e-8,
                                                                                    "result_set_size": 4,
                                                                                    "children": [
                                                                                        {
                                                                                            "operator_name": "PROJECTION",
                                                                                            "cpu_time": 0.13689743000000024,
                                                                                            "extra_info": {
                                                                                                "Projections": "#0",
                                                                                                "Estimated Cardinality": "1"
                                                                                            },
                                                                                            "cumulative_cardinality": 7704330,
                                                                                            "operator_type": "PROJECTION",
                                                                                            "operator_cardinality": 1,
                                                                                            "cumulative_rows_scanned": 3850116,
                                                                                            "operator_rows_scanned": 0,
                                                                                            "operator_timing": 3.8e-7,
                                                                                            "result_set_size": 4,
                                                                                            "children": [
                                                                                                {
                                                                                                    "operator_name": "STREAMING_LIMIT",
                                                                                                    "cpu_time": 0.13689705000000024,
                                                                                                    "extra_info": {},
                                                                                                    "cumulative_cardinality": 7704329,
                                                                                                    "operator_type": "STREAMING_LIMIT",
                                                                                                    "operator_cardinality": 1,
                                                                                                    "cumulative_rows_scanned": 3850116,
                                                                                                    "operator_rows_scanned": 0,
                                                                                                    "operator_timing": 0.0000021729999999999998,
                                                                                                    "result_set_size": 8,
                                                                                                    "children": [
                                                                                                        {
                                                                                                            "operator_name": "ORDER_BY",
                                                                                                            "cpu_time": 0.13689487700000025,
                                                                                                            "extra_info": {
                                                                                                                "Order By": "viewcount DESC"
                                                                                                            },
                                                                                                            "cumulative_cardinality": 7704328,
                                                                                                            "operator_type": "ORDER_BY",
                                                                                                            "operator_cardinality": 4096,
                                                                                                            "cumulative_rows_scanned": 3850116,
                                                                                                            "operator_rows_scanned": 0,
                                                                                                            "operator_timing": 0.08920620300000023,
                                                                                                            "result_set_size": 32768,
                                                                                                            "children": [
                                                                                                                {
                                                                                                                    "operator_name": "PROJECTION",
                                                                                                                    "cpu_time": 0.04768867400000001,
                                                                                                                    "extra_info": {
                                                                                                                        "Projections": [
                                                                                                                            "owneruserid",
                                                                                                                            "viewcount"
                                                                                                                        ],
                                                                                                                        "Estimated Cardinality": "3850116"
                                                                                                                    },
                                                                                                                    "cumulative_cardinality": 7700232,
                                                                                                                    "operator_type": "PROJECTION",
                                                                                                                    "operator_cardinality": 3850116,
                                                                                                                    "cumulative_rows_scanned": 3850116,
                                                                                                                    "operator_rows_scanned": 0,
                                                                                                                    "operator_timing": 0.00023101599999999738,
                                                                                                                    "result_set_size": 30800928,
                                                                                                                    "children": [
                                                                                                                        {
                                                                                                                            "operator_name": "READ_PARQUET ",
                                                                                                                            "cpu_time": 0.04745765800000001,
                                                                                                                            "extra_info": {
                                                                                                                                "Function": "READ_PARQUET",
                                                                                                                                "Projections": [
                                                                                                                                    "viewcount",
                                                                                                                                    "owneruserid"
                                                                                                                                ],
                                                                                                                                "Estimated Cardinality": "3850116"
                                                                                                                            },
                                                                                                                            "cumulative_cardinality": 3850116,
                                                                                                                            "operator_type": "TABLE_SCAN",
                                                                                                                            "operator_cardinality": 3850116,
                                                                                                                            "cumulative_rows_scanned": 3850116,
                                                                                                                            "operator_rows_scanned": 3850116,
                                                                                                                            "operator_timing": 0.04745765800000001,
                                                                                                                            "result_set_size": 30800928,
                                                                                                                            "children": []
                                                                                                                        }
                                                                                                                    ]
                                                                                                                }
                                                                                                            ]
                                                                                                        }
                                                                                                    ]
                                                                                                }
                                                                                            ]
                                                                                        }
                                                                                    ]
                                                                                }
                                                                            ]
                                                                        }
                                                                    ]
                                                                }
                                                            ]
                                                        }
                                                    ]
                                                }
                                            ]
                                        }
                                    ]
                                }
                            ]
                        }
                    ]
                }
            ]
        }
    ]
}