{
    "rows_returned": 0,
    "query_name": "WITH UserStats AS (\n    SELECT \n        U.Id AS UserId,\n        U.DisplayName,\n        U.Reputation,\n        COUNT(DISTINCT B.Id) AS TotalBadges,\n        SUM(CASE WHEN P.PostTypeId = 1 THEN 1 ELSE 0 END) AS QuestionCount,\n        SUM(CASE WHEN P.PostTypeId = 2 THEN 1 ELSE 0 END) AS AnswerCount,\n        SUM(COALESCE(P.ViewCount, 0)) AS TotalViews,\n        SUM(COALESCE(P.Score, 0)) AS TotalScore,\n        AVG(CASE WHEN P.CreationDate >= cast('2024-10-01 12:34:56' as timestamp) - INTERVAL '1 year' THEN P.Score ELSE NULL END) AS AvgScoreLastYear\n    FROM Users U\n    LEFT JOIN Badges B ON U.Id = B.UserId\n    LEFT JOIN Posts P ON U.Id = P.OwnerUserId\n    WHERE U.Reputation > 1000\n    GROUP BY U.Id, U.DisplayName, U.Reputation\n),\nEligibleUsers AS (\n    SELECT \n        UserId, \n        DisplayName, \n        Reputation, \n        TotalBadges,\n        QuestionCount,\n        AnswerCount,\n        TotalViews,\n        TotalScore,\n        AvgScoreLastYear\n    FROM UserStats\n    WHERE TotalViews > 1000 \n    AND AvgScoreLastYear > 3\n),\nVotedPosts AS (\n    SELECT \n        P.Id AS PostId,\n        COUNT(V.Id) AS VoteCount,\n        SUM(CASE WHEN V.VoteTypeId = 2 THEN 1 ELSE 0 END) AS UpVotes,\n        SUM(CASE WHEN V.VoteTypeId = 3 THEN 1 ELSE 0 END) AS DownVotes\n    FROM Posts P\n    LEFT JOIN Votes V ON P.Id = V.PostId\n    WHERE P.CreationDate >= cast('2024-10-01 12:34:56' as timestamp) - INTERVAL '1 month'\n    GROUP BY P.Id\n)\nSELECT \n    EU.UserId,\n    EU.DisplayName,\n    EU.Reputation,\n    EU.TotalBadges,\n    EU.QuestionCount,\n    EU.AnswerCount,\n    EU.TotalViews,\n    EU.TotalScore,\n    VP.PostId,\n    VP.VoteCount,\n    VP.UpVotes,\n    VP.DownVotes\nFROM EligibleUsers EU\nJOIN VotedPosts VP ON EU.UserId = VP.PostId\nORDER BY EU.Reputation DESC, VP.VoteCount DESC\nLIMIT 100;",
    "blocked_thread_time": 0.0,
    "cpu_time": 73.00644781200052,
    "extra_info": {},
    "cumulative_cardinality": 1134769378,
    "cumulative_rows_scanned": 24026759,
    "result_set_size": 0,
    "latency": 79.328376663,
    "children": [
        {
            "operator_name": "STREAMING_LIMIT",
            "cpu_time": 73.00644781200052,
            "extra_info": {},
            "cumulative_cardinality": 1134769378,
            "operator_type": "STREAMING_LIMIT",
            "operator_cardinality": 0,
            "cumulative_rows_scanned": 24026759,
            "operator_rows_scanned": 0,
            "operator_timing": 0.0,
            "result_set_size": 0,
            "children": [
                {
                    "operator_name": "ORDER_BY",
                    "cpu_time": 73.00644781200052,
                    "extra_info": {
                        "Order By": [
                            "EU.Reputation DESC",
                            "VP.VoteCount DESC"
                        ]
                    },
                    "cumulative_cardinality": 1134769378,
                    "operator_type": "ORDER_BY",
                    "operator_cardinality": 0,
                    "cumulative_rows_scanned": 24026759,
                    "operator_rows_scanned": 0,
                    "operator_timing": 2.61e-7,
                    "result_set_size": 0,
                    "children": [
                        {
                            "operator_name": "PROJECTION",
                            "cpu_time": 73.00644755100052,
                            "extra_info": {
                                "Projections": [
                                    "UserId",
                                    "displayname",
                                    "reputation",
                                    "TotalBadges",
                                    "QuestionCount",
                                    "AnswerCount",
                                    "TotalViews",
                                    "TotalScore",
                                    "PostId",
                                    "VoteCount",
                                    "UpVotes",
                                    "DownVotes"
                                ],
                                "Estimated Cardinality": "770023"
                            },
                            "cumulative_cardinality": 1134769378,
                            "operator_type": "PROJECTION",
                            "operator_cardinality": 0,
                            "cumulative_rows_scanned": 24026759,
                            "operator_rows_scanned": 0,
                            "operator_timing": 0.0,
                            "result_set_size": 0,
                            "children": [
                                {
                                    "operator_name": "HASH_JOIN",
                                    "cpu_time": 73.00644755100052,
                                    "extra_info": {
                                        "Join Type": "INNER",
                                        "Conditions": "PostId = UserId",
                                        "Estimated Cardinality": "770023"
                                    },
                                    "cumulative_cardinality": 1134769378,
                                    "operator_type": "HASH_JOIN",
                                    "operator_cardinality": 0,
                                    "cumulative_rows_scanned": 24026759,
                                    "operator_rows_scanned": 0,
                                    "operator_timing": 0.00040162,
                                    "result_set_size": 0,
                                    "children": [
                                        {
                                            "operator_name": "HASH_GROUP_BY",
                                            "cpu_time": 0.039297987,
                                            "extra_info": {
                                                "Groups": "#0",
                                                "Aggregates": [
                                                    "count(#1)",
                                                    "sum(#2)",
                                                    "sum(#3)"
                                                ],
                                                "Estimated Cardinality": "3850116"
                                            },
                                            "cumulative_cardinality": 62773,
                                            "operator_type": "HASH_GROUP_BY",
                                            "operator_cardinality": 0,
                                            "cumulative_rows_scanned": 16594209,
                                            "operator_rows_scanned": 0,
                                            "operator_timing": 9.61e-7,
                                            "result_set_size": 0,
                                            "children": [
                                                {
                                                    "operator_name": "PROJECTION",
                                                    "cpu_time": 0.039297026,
                                                    "extra_info": {
                                                        "Projections": [
                                                            "id",
                                                            "id",
                                                            "CASE  WHEN ((votetypeid = 2)) THEN (1) ELSE 0 END",
                                                            "CASE  WHEN ((votetypeid = 3)) THEN (1) ELSE 0 END"
                                                        ],
                                                        "Estimated Cardinality": "12744093"
                                                    },
                                                    "cumulative_cardinality": 62773,
                                                    "operator_type": "PROJECTION",
                                                    "operator_cardinality": 0,
                                                    "cumulative_rows_scanned": 16594209,
                                                    "operator_rows_scanned": 0,
                                                    "operator_timing": 0.0,
                                                    "result_set_size": 0,
                                                    "children": [
                                                        {
                                                            "operator_name": "FILTER",
                                                            "cpu_time": 0.039297026,
                                                            "extra_info": {
                                                                "Expression": "(id <= 1416570)",
                                                                "Estimated Cardinality": "12744093"
                                                            },
                                                            "cumulative_cardinality": 62773,
                                                            "operator_type": "FILTER",
                                                            "operator_cardinality": 0,
                                                            "cumulative_rows_scanned": 16594209,
                                                            "operator_rows_scanned": 0,
                                                            "operator_timing": 0.00011356399999999996,
                                                            "result_set_size": 0,
                                                            "children": [
                                                                {
                                                                    "operator_name": "HASH_JOIN",
                                                                    "cpu_time": 0.039183462,
                                                                    "extra_info": {
                                                                        "Join Type": "RIGHT",
                                                                        "Conditions": "postid = id",
                                                                        "Estimated Cardinality": "12744093"
                                                                    },
                                                                    "cumulative_cardinality": 62773,
                                                                    "operator_type": "HASH_JOIN",
                                                                    "operator_cardinality": 23952,
                                                                    "cumulative_rows_scanned": 16594209,
                                                                    "operator_rows_scanned": 0,
                                                                    "operator_timing": 0.001269946,
                                                                    "result_set_size": 239520,
                                                                    "children": [
                                                                        {
                                                                            "operator_name": "READ_PARQUET ",
                                                                            "cpu_time": 0.022361279,
                                                                            "extra_info": {
                                                                                "Function": "READ_PARQUET",
                                                                                "Projections": [
                                                                                    "id",
                                                                                    "postid",
                                                                                    "votetypeid"
                                                                                ],
                                                                                "Estimated Cardinality": "12744093"
                                                                            },
                                                                            "cumulative_cardinality": 28894,
                                                                            "operator_type": "TABLE_SCAN",
                                                                            "operator_cardinality": 28894,
                                                                            "cumulative_rows_scanned": 12744093,
                                                                            "operator_rows_scanned": 12744093,
                                                                            "operator_timing": 0.022361279,
                                                                            "result_set_size": 288940,
                                                                            "children": []
                                                                        },
                                                                        {
                                                                            "operator_name": "READ_PARQUET ",
                                                                            "cpu_time": 0.015552237,
                                                                            "extra_info": {
                                                                                "Function": "READ_PARQUET",
                                                                                "Projections": "id",
                                                                                "Filters": "creationdate>='2024-09-01 12:34:56'::TIMESTAMP",
                                                                                "Estimated Cardinality": "770023"
                                                                            },
                                                                            "cumulative_cardinality": 9927,
                                                                            "operator_type": "TABLE_SCAN",
                                                                            "operator_cardinality": 9927,
                                                                            "cumulative_rows_scanned": 3850116,
                                                                            "operator_rows_scanned": 3850116,
                                                                            "operator_timing": 0.015552237,
                                                                            "result_set_size": 39708,
                                                                            "children": []
                                                                        }
                                                                    ]
                                                                }
                                                            ]
                                                        }
                                                    ]
                                                }
                                            ]
                                        },
                                        {
                                            "operator_name": "FILTER",
                                            "cpu_time": 72.96674794400052,
                                            "extra_info": {
                                                "Expression": "(UserId >= 1)",
                                                "Estimated Cardinality": "252142"
                                            },
                                            "cumulative_cardinality": 1134706605,
                                            "operator_type": "FILTER",
                                            "operator_cardinality": 354,
                                            "cumulative_rows_scanned": 7432550,
                                            "operator_rows_scanned": 0,
                                            "operator_timing": 0.00000552,
                                            "result_set_size": 33984,
                                            "children": [
                                                {
                                                    "operator_name": "PROJECTION",
                                                    "cpu_time": 72.96674242400051,
                                                    "extra_info": {
                                                        "Projections": [
                                                            "#0",
                                                            "#1",
                                                            "#2",
                                                            "#3",
                                                            "#4",
                                                            "#5",
                                                            "#6",
                                                            "#7"
                                                        ],
                                                        "Estimated Cardinality": "252142"
                                                    },
                                                    "cumulative_cardinality": 1134706251,
                                                    "operator_type": "PROJECTION",
                                                    "operator_cardinality": 354,
                                                    "cumulative_rows_scanned": 7432550,
                                                    "operator_rows_scanned": 0,
                                                    "operator_timing": 0.000002405,
                                                    "result_set_size": 33984,
                                                    "children": [
                                                        {
                                                            "operator_name": "FILTER",
                                                            "cpu_time": 72.96674001900051,
                                                            "extra_info": {
                                                                "Expression": "((TotalViews > 1000) AND (AvgScoreLastYear > 3.0))",
                                                                "Estimated Cardinality": "252142"
                                                            },
                                                            "cumulative_cardinality": 1134705897,
                                                            "operator_type": "FILTER",
                                                            "operator_cardinality": 354,
                                                            "cumulative_rows_scanned": 7432550,
                                                            "operator_rows_scanned": 0,
                                                            "operator_timing": 0.000181347,
                                                            "result_set_size": 36816,
                                                            "children": [
                                                                {
                                                                    "operator_name": "HASH_GROUP_BY",
                                                                    "cpu_time": 72.96655867200052,
                                                                    "extra_info": {
                                                                        "Groups": [
                                                                            "#0",
                                                                            "#1",
                                                                            "#2"
                                                                        ],
                                                                        "Aggregates": [
                                                                            "count(DISTINCT #3)",
                                                                            "sum(#4)",
                                                                            "sum(#5)",
                                                                            "sum(#6)",
                                                                            "sum(#7)",
                                                                            "avg(#8)"
                                                                        ],
                                                                        "Estimated Cardinality": "1260710"
                                                                    },
                                                                    "cumulative_cardinality": 1134705543,
                                                                    "operator_type": "HASH_GROUP_BY",
                                                                    "operator_cardinality": 11215,
                                                                    "cumulative_rows_scanned": 7432550,
                                                                    "operator_rows_scanned": 0,
                                                                    "operator_timing": 45.48334327500032,
                                                                    "result_set_size": 1166360,
                                                                    "children": [
                                                                        {
                                                                            "operator_name": "PROJECTION",
                                                                            "cpu_time": 27.483215397000194,
                                                                            "extra_info": {
                                                                                "Projections": [
                                                                                    "id",
                                                                                    "displayname",
                                                                                    "reputation",
                                                                                    "id",
                                                                                    "CASE  WHEN ((posttypeid = 1)) THEN (1) ELSE 0 END",
                                                                                    "CASE  WHEN ((posttypeid = 2)) THEN (1) ELSE 0 END",
                                                                                    "COALESCE(viewcount, 0)",
                                                                                    "COALESCE(score, 0)",
                                                                                    "CASE  WHEN ((creationdate >= '2023-10-01 12:34:56'::TIMESTAMP)) THEN (score) ELSE NULL END"
                                                                                ],
                                                                                "Estimated Cardinality": "3850116"
                                                                            },
                                                                            "cumulative_cardinality": 1134694328,
                                                                            "operator_type": "PROJECTION",
                                                                            "operator_cardinality": 564024796,
                                                                            "cumulative_rows_scanned": 7432550,
                                                                            "operator_rows_scanned": 0,
                                                                            "operator_timing": 13.074630267000245,
                                                                            "result_set_size": 27073190208,
                                                                            "children": [
                                                                                {
                                                                                    "operator_name": "HASH_JOIN",
                                                                                    "cpu_time": 14.40858512999995,
                                                                                    "extra_info": {
                                                                                        "Join Type": "RIGHT",
                                                                                        "Conditions": "owneruserid = id",
                                                                                        "Estimated Cardinality": "3850116"
                                                                                    },
                                                                                    "cumulative_cardinality": 570669532,
                                                                                    "operator_type": "HASH_JOIN",
                                                                                    "operator_cardinality": 564024796,
                                                                                    "cumulative_rows_scanned": 7432550,
                                                                                    "operator_rows_scanned": 0,
                                                                                    "operator_timing": 13.95419172699995,
                                                                                    "result_set_size": 25945140616,
                                                                                    "children": [
                                                                                        {
                                                                                            "operator_name": "READ_PARQUET ",
                                                                                            "cpu_time": 0.25805053800000055,
                                                                                            "extra_info": {
                                                                                                "Function": "READ_PARQUET",
                                                                                                "Projections": [
                                                                                                    "posttypeid",
                                                                                                    "creationdate",
                                                                                                    "score",
                                                                                                    "viewcount",
                                                                                                    "owneruserid"
                                                                                                ],
                                                                                                "Estimated Cardinality": "3850116"
                                                                                            },
                                                                                            "cumulative_cardinality": 3683373,
                                                                                            "operator_type": "TABLE_SCAN",
                                                                                            "operator_cardinality": 3683373,
                                                                                            "cumulative_rows_scanned": 3850116,
                                                                                            "operator_rows_scanned": 3850116,
                                                                                            "operator_timing": 0.25805053800000055,
                                                                                            "result_set_size": 81034206,
                                                                                            "children": []
                                                                                        },
                                                                                        {
                                                                                            "operator_name": "HASH_JOIN",
                                                                                            "cpu_time": 0.19634286499999998,
                                                                                            "extra_info": {
                                                                                                "Join Type": "RIGHT",
                                                                                                "Conditions": "userid = id",
                                                                                                "Estimated Cardinality": "2321724"
                                                                                            },
                                                                                            "cumulative_cardinality": 2961363,
                                                                                            "operator_type": "HASH_JOIN",
                                                                                            "operator_cardinality": 632948,
                                                                                            "cumulative_rows_scanned": 3582434,
                                                                                            "operator_rows_scanned": 0,
                                                                                            "operator_timing": 0.1034348429999999,
                                                                                            "result_set_size": 17722544,
                                                                                            "children": [
                                                                                                {
                                                                                                    "operator_name": "READ_PARQUET ",
                                                                                                    "cpu_time": 0.03902205700000005,
                                                                                                    "extra_info": {
                                                                                                        "Function": "READ_PARQUET",
                                                                                                        "Projections": [
                                                                                                            "id",
                                                                                                            "userid"
                                                                                                        ],
                                                                                                        "Estimated Cardinality": "2321724"
                                                                                                    },
                                                                                                    "cumulative_cardinality": 2317200,
                                                                                                    "operator_type": "TABLE_SCAN",
                                                                                                    "operator_cardinality": 2317200,
                                                                                                    "cumulative_rows_scanned": 2321724,
                                                                                                    "operator_rows_scanned": 2321724,
                                                                                                    "operator_timing": 0.03902205700000005,
                                                                                                    "result_set_size": 18537600,
                                                                                                    "children": []
                                                                                                },
                                                                                                {
                                                                                                    "operator_name": "READ_PARQUET ",
                                                                                                    "cpu_time": 0.05388596500000003,
                                                                                                    "extra_info": {
                                                                                                        "Function": "READ_PARQUET",
                                                                                                        "Projections": [
                                                                                                            "id",
                                                                                                            "reputation",
                                                                                                            "displayname"
                                                                                                        ],
                                                                                                        "Filters": "reputation>1000",
                                                                                                        "Estimated Cardinality": "252142"
                                                                                                    },
                                                                                                    "cumulative_cardinality": 11215,
                                                                                                    "operator_type": "TABLE_SCAN",
                                                                                                    "operator_cardinality": 11215,
                                                                                                    "cumulative_rows_scanned": 1260710,
                                                                                                    "operator_rows_scanned": 1260710,
                                                                                                    "operator_timing": 0.05388596500000003,
                                                                                                    "result_set_size": 269160,
                                                                                                    "children": []
                                                                                                }
                                                                                            ]
                                                                                        }
                                                                                    ]
                                                                                }
                                                                            ]
                                                                        }
                                                                    ]
                                                                }
                                                            ]
                                                        }
                                                    ]
                                                }
                                            ]
                                        }
                                    ]
                                }
                            ]
                        }
                    ]
                }
            ]
        }
    ]
}