{
    "rows_returned": 0,
    "query_name": "WITH UserVoteStats AS (\n    SELECT \n        u.Id AS UserId,\n        u.DisplayName,\n        COUNT(CASE WHEN v.VoteTypeId = 2 THEN 1 END) AS UpVotesCount,\n        COUNT(CASE WHEN v.VoteTypeId = 3 THEN 1 END) AS DownVotesCount,\n        SUM(CASE WHEN v.VoteTypeId IN (2, 3) THEN 1 ELSE 0 END) AS TotalVotes\n    FROM \n        Users u\n    LEFT JOIN \n        Votes v ON u.Id = v.UserId\n    GROUP BY \n        u.Id, u.DisplayName\n),\nPostStatistics AS (\n    SELECT \n        p.Id AS PostId,\n        COUNT(c.Id) AS CommentCount,\n        SUM(\n            CASE \n                WHEN p.PostTypeId = 1 THEN 1 \n                ELSE 0 \n            END\n        ) AS QuestionCount,\n        SUM(\n            CASE \n                WHEN p.PostTypeId = 2 THEN 1 \n                ELSE 0 \n            END\n        ) AS AnswerCount,\n        AVG(p.Score) AS AverageScore\n    FROM \n        Posts p\n    LEFT JOIN \n        Comments c ON p.Id = c.PostId\n    GROUP BY \n        p.Id\n),\nTopUsers AS (\n    SELECT \n        UserId,\n        DisplayName,\n        RANK() OVER (ORDER BY UpVotesCount DESC) AS UpvotesRank\n    FROM \n        UserVoteStats\n    WHERE \n        TotalVotes > 0\n),\nActivePosts AS (\n    SELECT \n        ps.PostId,\n        ps.CommentCount,\n        ps.QuestionCount,\n        ps.AnswerCount,\n        ps.AverageScore,\n        tu.DisplayName AS TopUser\n    FROM \n        PostStatistics ps\n    JOIN \n        Votes v ON ps.PostId = v.PostId\n    JOIN \n        TopUsers tu ON v.UserId = tu.UserId\n    WHERE \n        ps.CommentCount > 10 AND ps.AverageScore > 5\n)\nSELECT \n    ap.PostId,\n    ap.CommentCount,\n    ap.QuestionCount,\n    ap.AnswerCount,\n    ap.AverageScore,\n    COUNT(DISTINCT ap.TopUser) AS UniqueTopUsers\nFROM \n    ActivePosts ap\nGROUP BY \n    ap.PostId, ap.CommentCount, ap.QuestionCount, ap.AnswerCount, ap.AverageScore\nORDER BY \n    UniqueTopUsers DESC, ap.AverageScore DESC\nLIMIT 100;\n",
    "blocked_thread_time": 0.0,
    "cpu_time": 2.843870779999996,
    "extra_info": {},
    "cumulative_cardinality": 59660839,
    "cumulative_rows_scanned": 37840834,
    "result_set_size": 0,
    "latency": 3.11467399,
    "children": [
        {
            "operator_name": "STREAMING_LIMIT",
            "cpu_time": 2.843870779999996,
            "extra_info": {},
            "cumulative_cardinality": 59660839,
            "operator_type": "STREAMING_LIMIT",
            "operator_cardinality": 0,
            "cumulative_rows_scanned": 37840834,
            "operator_rows_scanned": 0,
            "operator_timing": 0.0,
            "result_set_size": 0,
            "children": [
                {
                    "operator_name": "ORDER_BY",
                    "cpu_time": 2.843870779999996,
                    "extra_info": {
                        "Order By": [
                            "count(DISTINCT ap.TopUser) DESC",
                            "ap.AverageScore DESC"
                        ]
                    },
                    "cumulative_cardinality": 59660839,
                    "operator_type": "ORDER_BY",
                    "operator_cardinality": 0,
                    "cumulative_rows_scanned": 37840834,
                    "operator_rows_scanned": 0,
                    "operator_timing": 2.61e-7,
                    "result_set_size": 0,
                    "children": [
                        {
                            "operator_name": "HASH_GROUP_BY",
                            "cpu_time": 2.843870518999996,
                            "extra_info": {
                                "Groups": [
                                    "#0",
                                    "#1",
                                    "#2",
                                    "#3",
                                    "#4"
                                ],
                                "Aggregates": "count(DISTINCT #5)",
                                "Estimated Cardinality": "254881"
                            },
                            "cumulative_cardinality": 59660839,
                            "operator_type": "HASH_GROUP_BY",
                            "operator_cardinality": 0,
                            "cumulative_rows_scanned": 37840834,
                            "operator_rows_scanned": 0,
                            "operator_timing": 3.41e-7,
                            "result_set_size": 0,
                            "children": [
                                {
                                    "operator_name": "PROJECTION",
                                    "cpu_time": 2.8438701779999964,
                                    "extra_info": {
                                        "Projections": [
                                            "PostId",
                                            "CommentCount",
                                            "QuestionCount",
                                            "AnswerCount",
                                            "AverageScore",
                                            "TopUser"
                                        ],
                                        "Estimated Cardinality": "509763"
                                    },
                                    "cumulative_cardinality": 59660839,
                                    "operator_type": "PROJECTION",
                                    "operator_cardinality": 0,
                                    "cumulative_rows_scanned": 37840834,
                                    "operator_rows_scanned": 0,
                                    "operator_timing": 0.0,
                                    "result_set_size": 0,
                                    "children": [
                                        {
                                            "operator_name": "HASH_JOIN",
                                            "cpu_time": 2.8438701779999964,
                                            "extra_info": {
                                                "Join Type": "INNER",
                                                "Conditions": "userid = UserId",
                                                "Estimated Cardinality": "509763"
                                            },
                                            "cumulative_cardinality": 59660839,
                                            "operator_type": "HASH_JOIN",
                                            "operator_cardinality": 0,
                                            "cumulative_rows_scanned": 37840834,
                                            "operator_rows_scanned": 0,
                                            "operator_timing": 0.000012061999999999999,
                                            "result_set_size": 0,
                                            "children": [
                                                {
                                                    "operator_name": "HASH_JOIN",
                                                    "cpu_time": 2.2457551419999957,
                                                    "extra_info": {
                                                        "Join Type": "INNER",
                                                        "Conditions": "postid = PostId",
                                                        "Estimated Cardinality": "2548817"
                                                    },
                                                    "cumulative_cardinality": 54521422,
                                                    "operator_type": "HASH_JOIN",
                                                    "operator_cardinality": 358,
                                                    "cumulative_rows_scanned": 23836031,
                                                    "operator_rows_scanned": 0,
                                                    "operator_timing": 0.001078103,
                                                    "result_set_size": 20048,
                                                    "children": [
                                                        {
                                                            "operator_name": "READ_PARQUET ",
                                                            "cpu_time": 0.001722027,
                                                            "extra_info": {
                                                                "Function": "READ_PARQUET",
                                                                "Projections": [
                                                                    "postid",
                                                                    "userid"
                                                                ],
                                                                "Estimated Cardinality": "12744093"
                                                            },
                                                            "cumulative_cardinality": 4096,
                                                            "operator_type": "TABLE_SCAN",
                                                            "operator_cardinality": 4096,
                                                            "cumulative_rows_scanned": 12744093,
                                                            "operator_rows_scanned": 12744093,
                                                            "operator_timing": 0.001722027,
                                                            "result_set_size": 32768,
                                                            "children": []
                                                        },
                                                        {
                                                            "operator_name": "FILTER",
                                                            "cpu_time": 2.242955011999996,
                                                            "extra_info": {
                                                                "Expression": "((CommentCount > 10) AND (AverageScore > 5.0))",
                                                                "Estimated Cardinality": "770023"
                                                            },
                                                            "cumulative_cardinality": 54516968,
                                                            "operator_type": "FILTER",
                                                            "operator_cardinality": 11746,
                                                            "cumulative_rows_scanned": 11091938,
                                                            "operator_rows_scanned": 0,
                                                            "operator_timing": 0.008209333000000024,
                                                            "result_set_size": 610792,
                                                            "children": [
                                                                {
                                                                    "operator_name": "HASH_GROUP_BY",
                                                                    "cpu_time": 2.234745678999996,
                                                                    "extra_info": {
                                                                        "Groups": "#0",
                                                                        "Aggregates": [
                                                                            "count(#1)",
                                                                            "sum(#2)",
                                                                            "sum(#3)",
                                                                            "avg(#4)"
                                                                        ],
                                                                        "Estimated Cardinality": "3850116"
                                                                    },
                                                                    "cumulative_cardinality": 54505222,
                                                                    "operator_type": "HASH_GROUP_BY",
                                                                    "operator_cardinality": 3850113,
                                                                    "cumulative_rows_scanned": 11091938,
                                                                    "operator_rows_scanned": 0,
                                                                    "operator_timing": 1.4052033619999993,
                                                                    "result_set_size": 200205876,
                                                                    "children": [
                                                                        {
                                                                            "operator_name": "PROJECTION",
                                                                            "cpu_time": 0.8295423169999968,
                                                                            "extra_info": {
                                                                                "Projections": [
                                                                                    "id",
                                                                                    "id",
                                                                                    "CASE  WHEN ((posttypeid = 1)) THEN (1) ELSE 0 END",
                                                                                    "CASE  WHEN ((posttypeid = 2)) THEN (1) ELSE 0 END",
                                                                                    "score"
                                                                                ],
                                                                                "Estimated Cardinality": "7241822"
                                                                            },
                                                                            "cumulative_cardinality": 50655109,
                                                                            "operator_type": "PROJECTION",
                                                                            "operator_cardinality": 8928263,
                                                                            "cumulative_rows_scanned": 11091938,
                                                                            "operator_rows_scanned": 0,
                                                                            "operator_timing": 0.03552514299999995,
                                                                            "result_set_size": 178565260,
                                                                            "children": [
                                                                                {
                                                                                    "operator_name": "PROJECTION",
                                                                                    "cpu_time": 0.7940171739999968,
                                                                                    "extra_info": {
                                                                                        "Projections": [
                                                                                            "#0",
                                                                                            "#1",
                                                                                            "__internal_decompress_integral_smallint(#2, 1)",
                                                                                            "__internal_decompress_integral_integer(#3, -72)"
                                                                                        ],
                                                                                        "Estimated Cardinality": "7241822"
                                                                                    },
                                                                                    "cumulative_cardinality": 41726846,
                                                                                    "operator_type": "PROJECTION",
                                                                                    "operator_cardinality": 8928263,
                                                                                    "cumulative_rows_scanned": 11091938,
                                                                                    "operator_rows_scanned": 0,
                                                                                    "operator_timing": 0.0054502289999999835,
                                                                                    "result_set_size": 124995682,
                                                                                    "children": [
                                                                                        {
                                                                                            "operator_name": "FILTER",
                                                                                            "cpu_time": 0.7885669449999968,
                                                                                            "extra_info": {
                                                                                                "Expression": "(#1 <= 4978525)",
                                                                                                "Estimated Cardinality": "7241822"
                                                                                            },
                                                                                            "cumulative_cardinality": 32798583,
                                                                                            "operator_type": "FILTER",
                                                                                            "operator_cardinality": 8928263,
                                                                                            "cumulative_rows_scanned": 11091938,
                                                                                            "operator_rows_scanned": 0,
                                                                                            "operator_timing": 0.011020366000000037,
                                                                                            "result_set_size": 98210893,
                                                                                            "children": [
                                                                                                {
                                                                                                    "operator_name": "HASH_JOIN",
                                                                                                    "cpu_time": 0.7775465789999968,
                                                                                                    "extra_info": {
                                                                                                        "Join Type": "RIGHT",
                                                                                                        "Conditions": "postid = id",
                                                                                                        "Estimated Cardinality": "7241822"
                                                                                                    },
                                                                                                    "cumulative_cardinality": 23870320,
                                                                                                    "operator_type": "HASH_JOIN",
                                                                                                    "operator_cardinality": 8928266,
                                                                                                    "cumulative_rows_scanned": 11091938,
                                                                                                    "operator_rows_scanned": 0,
                                                                                                    "operator_timing": 0.5903369489999971,
                                                                                                    "result_set_size": 98210926,
                                                                                                    "children": [
                                                                                                        {
                                                                                                            "operator_name": "READ_PARQUET ",
                                                                                                            "cpu_time": 0.13330932099999973,
                                                                                                            "extra_info": {
                                                                                                                "Function": "READ_PARQUET",
                                                                                                                "Projections": [
                                                                                                                    "id",
                                                                                                                    "postid"
                                                                                                                ],
                                                                                                                "Estimated Cardinality": "7241822"
                                                                                                            },
                                                                                                            "cumulative_cardinality": 7241822,
                                                                                                            "operator_type": "TABLE_SCAN",
                                                                                                            "operator_cardinality": 7241822,
                                                                                                            "cumulative_rows_scanned": 7241822,
                                                                                                            "operator_rows_scanned": 7241822,
                                                                                                            "operator_timing": 0.13330932099999973,
                                                                                                            "result_set_size": 57934576,
                                                                                                            "children": []
                                                                                                        },
                                                                                                        {
                                                                                                            "operator_name": "PROJECTION",
                                                                                                            "cpu_time": 0.05390030899999995,
                                                                                                            "extra_info": {
                                                                                                                "Projections": [
                                                                                                                    "#0",
                                                                                                                    "__internal_compress_integral_utinyint(#1, 1)",
                                                                                                                    "__internal_compress_integral_usmallint(#2, -72)"
                                                                                                                ],
                                                                                                                "Estimated Cardinality": "3850116"
                                                                                                            },
                                                                                                            "cumulative_cardinality": 7700232,
                                                                                                            "operator_type": "PROJECTION",
                                                                                                            "operator_cardinality": 3850116,
                                                                                                            "cumulative_rows_scanned": 3850116,
                                                                                                            "operator_rows_scanned": 0,
                                                                                                            "operator_timing": 0.002034705000000006,
                                                                                                            "result_set_size": 26950812,
                                                                                                            "children": [
                                                                                                                {
                                                                                                                    "operator_name": "READ_PARQUET ",
                                                                                                                    "cpu_time": 0.05186560399999995,
                                                                                                                    "extra_info": {
                                                                                                                        "Function": "READ_PARQUET",
                                                                                                                        "Projections": [
                                                                                                                            "id",
                                                                                                                            "posttypeid",
                                                                                                                            "score"
                                                                                                                        ],
                                                                                                                        "Estimated Cardinality": "3850116"
                                                                                                                    },
                                                                                                                    "cumulative_cardinality": 3850116,
                                                                                                                    "operator_type": "TABLE_SCAN",
                                                                                                                    "operator_cardinality": 3850116,
                                                                                                                    "cumulative_rows_scanned": 3850116,
                                                                                                                    "operator_rows_scanned": 3850116,
                                                                                                                    "operator_timing": 0.05186560399999995,
                                                                                                                    "result_set_size": 38501160,
                                                                                                                    "children": []
                                                                                                                }
                                                                                                            ]
                                                                                                        }
                                                                                                    ]
                                                                                                }
                                                                                            ]
                                                                                        }
                                                                                    ]
                                                                                }
                                                                            ]
                                                                        }
                                                                    ]
                                                                }
                                                            ]
                                                        }
                                                    ]
                                                },
                                                {
                                                    "operator_name": "PROJECTION",
                                                    "cpu_time": 0.5981029740000007,
                                                    "extra_info": {
                                                        "Projections": [
                                                            "#0",
                                                            "#1"
                                                        ],
                                                        "Estimated Cardinality": "252142"
                                                    },
                                                    "cumulative_cardinality": 5139417,
                                                    "operator_type": "PROJECTION",
                                                    "operator_cardinality": 0,
                                                    "cumulative_rows_scanned": 14004803,
                                                    "operator_rows_scanned": 0,
                                                    "operator_timing": 0.0,
                                                    "result_set_size": 0,
                                                    "children": [
                                                        {
                                                            "operator_name": "FILTER",
                                                            "cpu_time": 0.5981029740000007,
                                                            "extra_info": {
                                                                "Expression": "(UserId <= 1400285)",
                                                                "Estimated Cardinality": "252142"
                                                            },
                                                            "cumulative_cardinality": 5139417,
                                                            "operator_type": "FILTER",
                                                            "operator_cardinality": 0,
                                                            "cumulative_rows_scanned": 14004803,
                                                            "operator_rows_scanned": 0,
                                                            "operator_timing": 9e-8,
                                                            "result_set_size": 0,
                                                            "children": [
                                                                {
                                                                    "operator_name": "PROJECTION",
                                                                    "cpu_time": 0.5981028840000007,
                                                                    "extra_info": {
                                                                        "Projections": [
                                                                            "#0",
                                                                            "#1",
                                                                            "#2",
                                                                            "#3"
                                                                        ],
                                                                        "Estimated Cardinality": "252142"
                                                                    },
                                                                    "cumulative_cardinality": 5139417,
                                                                    "operator_type": "PROJECTION",
                                                                    "operator_cardinality": 0,
                                                                    "cumulative_rows_scanned": 14004803,
                                                                    "operator_rows_scanned": 0,
                                                                    "operator_timing": 0.0,
                                                                    "result_set_size": 0,
                                                                    "children": [
                                                                        {
                                                                            "operator_name": "WINDOW",
                                                                            "cpu_time": 0.5981028840000007,
                                                                            "extra_info": {
                                                                                "Projections": "RANK() OVER (ORDER BY UpVotesCount DESC NULLS LAST)"
                                                                            },
                                                                            "cumulative_cardinality": 5139417,
                                                                            "operator_type": "WINDOW",
                                                                            "operator_cardinality": 0,
                                                                            "cumulative_rows_scanned": 14004803,
                                                                            "operator_rows_scanned": 0,
                                                                            "operator_timing": 0.000001042,
                                                                            "result_set_size": 0,
                                                                            "children": [
                                                                                {
                                                                                    "operator_name": "PROJECTION",
                                                                                    "cpu_time": 0.5981018420000007,
                                                                                    "extra_info": {
                                                                                        "Projections": [
                                                                                            "#0",
                                                                                            "#1",
                                                                                            "#2"
                                                                                        ],
                                                                                        "Estimated Cardinality": "252142"
                                                                                    },
                                                                                    "cumulative_cardinality": 5139417,
                                                                                    "operator_type": "PROJECTION",
                                                                                    "operator_cardinality": 0,
                                                                                    "cumulative_rows_scanned": 14004803,
                                                                                    "operator_rows_scanned": 0,
                                                                                    "operator_timing": 0.0,
                                                                                    "result_set_size": 0,
                                                                                    "children": [
                                                                                        {
                                                                                            "operator_name": "FILTER",
                                                                                            "cpu_time": 0.5981018420000007,
                                                                                            "extra_info": {
                                                                                                "Expression": "(TotalVotes > 0)",
                                                                                                "Estimated Cardinality": "252142"
                                                                                            },
                                                                                            "cumulative_cardinality": 5139417,
                                                                                            "operator_type": "FILTER",
                                                                                            "operator_cardinality": 0,
                                                                                            "cumulative_rows_scanned": 14004803,
                                                                                            "operator_rows_scanned": 0,
                                                                                            "operator_timing": 0.0022297500000000013,
                                                                                            "result_set_size": 0,
                                                                                            "children": [
                                                                                                {
                                                                                                    "operator_name": "HASH_GROUP_BY",
                                                                                                    "cpu_time": 0.5958720920000007,
                                                                                                    "extra_info": {
                                                                                                        "Groups": [
                                                                                                            "#0",
                                                                                                            "#1"
                                                                                                        ],
                                                                                                        "Aggregates": [
                                                                                                            "count(#2)",
                                                                                                            "sum(#3)"
                                                                                                        ],
                                                                                                        "Estimated Cardinality": "1260710"
                                                                                                    },
                                                                                                    "cumulative_cardinality": 5139417,
                                                                                                    "operator_type": "HASH_GROUP_BY",
                                                                                                    "operator_cardinality": 1260710,
                                                                                                    "cumulative_rows_scanned": 14004803,
                                                                                                    "operator_rows_scanned": 0,
                                                                                                    "operator_timing": 0.263165405,
                                                                                                    "result_set_size": 55471240,
                                                                                                    "children": [
                                                                                                        {
                                                                                                            "operator_name": "PROJECTION",
                                                                                                            "cpu_time": 0.3327066870000007,
                                                                                                            "extra_info": {
                                                                                                                "Projections": [
                                                                                                                    "id",
                                                                                                                    "displayname",
                                                                                                                    "CASE  WHEN ((votetypeid = 2)) THEN (1) ELSE NULL END",
                                                                                                                    "CASE  WHEN ((votetypeid IN (2, 3))) THEN (1) ELSE 0 END"
                                                                                                                ],
                                                                                                                "Estimated Cardinality": "12744093"
                                                                                                            },
                                                                                                            "cumulative_cardinality": 3878707,
                                                                                                            "operator_type": "PROJECTION",
                                                                                                            "operator_cardinality": 1288855,
                                                                                                            "cumulative_rows_scanned": 14004803,
                                                                                                            "operator_rows_scanned": 0,
                                                                                                            "operator_timing": 0.011222036999999994,
                                                                                                            "result_set_size": 36087940,
                                                                                                            "children": [
                                                                                                                {
                                                                                                                    "operator_name": "HASH_JOIN",
                                                                                                                    "cpu_time": 0.3214846500000007,
                                                                                                                    "extra_info": {
                                                                                                                        "Join Type": "RIGHT",
                                                                                                                        "Conditions": "userid = id",
                                                                                                                        "Estimated Cardinality": "12744093"
                                                                                                                    },
                                                                                                                    "cumulative_cardinality": 2589852,
                                                                                                                    "operator_type": "HASH_JOIN",
                                                                                                                    "operator_cardinality": 1288855,
                                                                                                                    "cumulative_rows_scanned": 14004803,
                                                                                                                    "operator_rows_scanned": 0,
                                                                                                                    "operator_timing": 0.10570626000000102,
                                                                                                                    "result_set_size": 28354810,
                                                                                                                    "children": [
                                                                                                                        {
                                                                                                                            "operator_name": "READ_PARQUET ",
                                                                                                                            "cpu_time": 0.13800350699999964,
                                                                                                                            "extra_info": {
                                                                                                                                "Function": "READ_PARQUET",
                                                                                                                                "Projections": [
                                                                                                                                    "votetypeid",
                                                                                                                                    "userid"
                                                                                                                                ],
                                                                                                                                "Estimated Cardinality": "12744093"
                                                                                                                            },
                                                                                                                            "cumulative_cardinality": 40287,
                                                                                                                            "operator_type": "TABLE_SCAN",
                                                                                                                            "operator_cardinality": 40287,
                                                                                                                            "cumulative_rows_scanned": 12744093,
                                                                                                                            "operator_rows_scanned": 12744093,
                                                                                                                            "operator_timing": 0.13800350699999964,
                                                                                                                            "result_set_size": 241722,
                                                                                                                            "children": []
                                                                                                                        },
                                                                                                                        {
                                                                                                                            "operator_name": "READ_PARQUET ",
                                                                                                                            "cpu_time": 0.07777488300000003,
                                                                                                                            "extra_info": {
                                                                                                                                "Function": "READ_PARQUET",
                                                                                                                                "Projections": [
                                                                                                                                    "id",
                                                                                                                                    "displayname"
                                                                                                                                ],
                                                                                                                                "Estimated Cardinality": "1260710"
                                                                                                                            },
                                                                                                                            "cumulative_cardinality": 1260710,
                                                                                                                            "operator_type": "TABLE_SCAN",
                                                                                                                            "operator_cardinality": 1260710,
                                                                                                                            "cumulative_rows_scanned": 1260710,
                                                                                                                            "operator_rows_scanned": 1260710,
                                                                                                                            "operator_timing": 0.07777488300000003,
                                                                                                                            "result_set_size": 25214200,
                                                                                                                            "children": []
                                                                                                                        }
                                                                                                                    ]
                                                                                                                }
                                                                                                            ]
                                                                                                        }
                                                                                                    ]
                                                                                                }
                                                                                            ]
                                                                                        }
                                                                                    ]
                                                                                }
                                                                            ]
                                                                        }
                                                                    ]
                                                                }
                                                            ]
                                                        }
                                                    ]
                                                }
                                            ]
                                        }
                                    ]
                                }
                            ]
                        }
                    ]
                }
            ]
        }
    ]
}