{
    "rows_returned": 382678715,
    "query_name": "\nWITH RankedPosts AS (\n    SELECT \n        p.Id AS PostId,\n        p.Title,\n        p.CreationDate,\n        p.ViewCount,\n        p.Score,\n        ROW_NUMBER() OVER (PARTITION BY p.PostTypeId ORDER BY p.Score DESC, p.ViewCount DESC) AS Rank\n    FROM \n        Posts p\n    WHERE \n        p.CreationDate >= CAST('2024-10-01 12:34:56' AS TIMESTAMP) - INTERVAL '1 year' \n        AND p.Score > 0\n),\nActiveUsers AS (\n    SELECT \n        u.Id AS UserId,\n        COUNT(p.Id) AS PostCount,\n        SUM(CASE WHEN v.VoteTypeId = 2 THEN 1 ELSE 0 END) AS UpVotes,\n        SUM(CASE WHEN v.VoteTypeId = 3 THEN 1 ELSE 0 END) AS DownVotes\n    FROM \n        Users u\n    LEFT JOIN \n        Posts p ON p.OwnerUserId = u.Id\n    LEFT JOIN \n        Votes v ON v.PostId = p.Id\n    WHERE \n        u.LastAccessDate >= CAST('2024-10-01 12:34:56' AS TIMESTAMP) - INTERVAL '3 months'\n    GROUP BY \n        u.Id\n),\nTopBadges AS (\n    SELECT \n        b.UserId,\n        COUNT(*) AS BadgeCount\n    FROM \n        Badges b\n    WHERE \n        b.Date >= CAST('2024-10-01 12:34:56' AS TIMESTAMP) - INTERVAL '1 year'\n    GROUP BY \n        b.UserId\n    HAVING \n        COUNT(*) >= 5\n),\nPostInteractions AS (\n    SELECT \n        rp.PostId,\n        rp.Title,\n        rp.ViewCount,\n        ru.UserId,\n        ru.PostCount,\n        ru.UpVotes,\n        ru.DownVotes,\n        tb.BadgeCount\n    FROM \n        RankedPosts rp\n    JOIN \n        ActiveUsers ru ON ru.PostCount > 5\n    LEFT JOIN \n        TopBadges tb ON tb.UserId = ru.UserId\n)\nSELECT \n    pi.PostId,\n    pi.Title,\n    pi.ViewCount,\n    pi.PostCount,\n    pi.UpVotes,\n    pi.DownVotes,\n    COALESCE(pi.BadgeCount, 0) AS BadgeCount\nFROM \n    PostInteractions pi\nWHERE \n    COALESCE(pi.BadgeCount, 0) >= 1\nORDER BY \n    pi.ViewCount DESC, pi.PostCount DESC;\n",
    "blocked_thread_time": 0.0,
    "cpu_time": 282.60414083999837,
    "extra_info": {},
    "cumulative_cardinality": 1187196837,
    "cumulative_rows_scanned": 24026759,
    "result_set_size": 27552867480,
    "latency": 953.08171036,
    "children": [
        {
            "operator_name": "ORDER_BY",
            "cpu_time": 282.60414083999837,
            "extra_info": {
                "Order By": [
                    "pi.ViewCount DESC",
                    "pi.PostCount DESC"
                ]
            },
            "cumulative_cardinality": 1187196837,
            "operator_type": "ORDER_BY",
            "operator_cardinality": 382678715,
            "cumulative_rows_scanned": 24026759,
            "operator_rows_scanned": 0,
            "operator_timing": 279.2129105949984,
            "result_set_size": 27552867480,
            "children": [
                {
                    "operator_name": "PROJECTION",
                    "cpu_time": 3.391230244999992,
                    "extra_info": {
                        "Projections": [
                            "PostId",
                            "title",
                            "viewcount",
                            "PostCount",
                            "UpVotes",
                            "DownVotes",
                            "BadgeCount"
                        ],
                        "Estimated Cardinality": "9286"
                    },
                    "cumulative_cardinality": 804518122,
                    "operator_type": "PROJECTION",
                    "operator_cardinality": 382678715,
                    "cumulative_rows_scanned": 24026759,
                    "operator_rows_scanned": 0,
                    "operator_timing": 1.7389769559999795,
                    "result_set_size": 27552867480,
                    "children": [
                        {
                            "operator_name": "CROSS_PRODUCT",
                            "cpu_time": 1.6522532890000128,
                            "extra_info": {},
                            "cumulative_cardinality": 421839407,
                            "operator_type": "CROSS_PRODUCT",
                            "operator_cardinality": 382678715,
                            "cumulative_rows_scanned": 24026759,
                            "operator_rows_scanned": 0,
                            "operator_timing": 0.3366657150000128,
                            "result_set_size": 27552867480,
                            "children": [
                                {
                                    "operator_name": "PROJECTION",
                                    "cpu_time": 0.08958623500000006,
                                    "extra_info": {
                                        "Projections": [
                                            "PostId",
                                            "title",
                                            "viewcount"
                                        ],
                                        "Estimated Cardinality": "770023"
                                    },
                                    "cumulative_cardinality": 374716,
                                    "operator_type": "PROJECTION",
                                    "operator_cardinality": 93679,
                                    "cumulative_rows_scanned": 3850116,
                                    "operator_rows_scanned": 0,
                                    "operator_timing": 0.000054203,
                                    "result_set_size": 2248296,
                                    "children": [
                                        {
                                            "operator_name": "PROJECTION",
                                            "cpu_time": 0.08953203200000005,
                                            "extra_info": {
                                                "Projections": [
                                                    "#0",
                                                    "#1",
                                                    "#2",
                                                    "#3",
                                                    "#4",
                                                    "#5"
                                                ],
                                                "Estimated Cardinality": "770023"
                                            },
                                            "cumulative_cardinality": 281037,
                                            "operator_type": "PROJECTION",
                                            "operator_cardinality": 93679,
                                            "cumulative_rows_scanned": 3850116,
                                            "operator_rows_scanned": 0,
                                            "operator_timing": 0.00010321200000000005,
                                            "result_set_size": 3559802,
                                            "children": [
                                                {
                                                    "operator_name": "WINDOW",
                                                    "cpu_time": 0.08942882000000005,
                                                    "extra_info": {
                                                        "Projections": "ROW_NUMBER() OVER (PARTITION BY posttypeid ORDER BY score DESC NULLS LAST, viewcount DESC NULLS LAST)"
                                                    },
                                                    "cumulative_cardinality": 187358,
                                                    "operator_type": "WINDOW",
                                                    "operator_cardinality": 93679,
                                                    "cumulative_rows_scanned": 3850116,
                                                    "operator_rows_scanned": 0,
                                                    "operator_timing": 0.015226785000000001,
                                                    "result_set_size": 3559802,
                                                    "children": [
                                                        {
                                                            "operator_name": "READ_PARQUET ",
                                                            "cpu_time": 0.07420203500000004,
                                                            "extra_info": {
                                                                "Function": "READ_PARQUET",
                                                                "Projections": [
                                                                    "id",
                                                                    "posttypeid",
                                                                    "score",
                                                                    "viewcount",
                                                                    "title"
                                                                ],
                                                                "Filters": [
                                                                    "creationdate>='2023-10-01 12:34:56'::TIMESTAMP",
                                                                    "score>0"
                                                                ],
                                                                "Estimated Cardinality": "770023"
                                                            },
                                                            "cumulative_cardinality": 93679,
                                                            "operator_type": "TABLE_SCAN",
                                                            "operator_cardinality": 93679,
                                                            "cumulative_rows_scanned": 3850116,
                                                            "operator_rows_scanned": 3850116,
                                                            "operator_timing": 0.07420203500000004,
                                                            "result_set_size": 2810370,
                                                            "children": []
                                                        }
                                                    ]
                                                }
                                            ]
                                        }
                                    ]
                                },
                                {
                                    "operator_name": "HASH_JOIN",
                                    "cpu_time": 1.226001339,
                                    "extra_info": {
                                        "Join Type": "INNER",
                                        "Conditions": "UserId = userid",
                                        "Estimated Cardinality": "9286"
                                    },
                                    "cumulative_cardinality": 38785976,
                                    "operator_type": "HASH_JOIN",
                                    "operator_cardinality": 4085,
                                    "cumulative_rows_scanned": 20176643,
                                    "operator_rows_scanned": 0,
                                    "operator_timing": 0.0011884869999999998,
                                    "result_set_size": 196080,
                                    "children": [
                                        {
                                            "operator_name": "FILTER",
                                            "cpu_time": 1.170450635,
                                            "extra_info": {
                                                "Expression": "(PostCount > 5)",
                                                "Estimated Cardinality": "252142"
                                            },
                                            "cumulative_cardinality": 38366636,
                                            "operator_type": "FILTER",
                                            "operator_cardinality": 29151,
                                            "cumulative_rows_scanned": 17854919,
                                            "operator_rows_scanned": 0,
                                            "operator_timing": 0.0002560649999999999,
                                            "result_set_size": 1282644,
                                            "children": [
                                                {
                                                    "operator_name": "HASH_GROUP_BY",
                                                    "cpu_time": 1.1701945699999998,
                                                    "extra_info": {
                                                        "Groups": "#0",
                                                        "Aggregates": [
                                                            "count(#1)",
                                                            "sum(#2)",
                                                            "sum(#3)"
                                                        ],
                                                        "Estimated Cardinality": "1260710"
                                                    },
                                                    "cumulative_cardinality": 38337485,
                                                    "operator_type": "HASH_GROUP_BY",
                                                    "operator_cardinality": 158635,
                                                    "cumulative_rows_scanned": 17854919,
                                                    "operator_rows_scanned": 0,
                                                    "operator_timing": 0.18512341399999951,
                                                    "result_set_size": 6979940,
                                                    "children": [
                                                        {
                                                            "operator_name": "PROJECTION",
                                                            "cpu_time": 0.9850711560000003,
                                                            "extra_info": {
                                                                "Projections": [
                                                                    "id",
                                                                    "id",
                                                                    "CASE  WHEN ((votetypeid = 2)) THEN (1) ELSE 0 END",
                                                                    "CASE  WHEN ((votetypeid = 3)) THEN (1) ELSE 0 END"
                                                                ],
                                                                "Estimated Cardinality": "12744093"
                                                            },
                                                            "cumulative_cardinality": 38178850,
                                                            "operator_type": "PROJECTION",
                                                            "operator_cardinality": 6477039,
                                                            "cumulative_rows_scanned": 17854919,
                                                            "operator_rows_scanned": 0,
                                                            "operator_timing": 0.04653093600000025,
                                                            "result_set_size": 103632624,
                                                            "children": [
                                                                {
                                                                    "operator_name": "FILTER",
                                                                    "cpu_time": 0.93854022,
                                                                    "extra_info": {
                                                                        "Expression": "(id BETWEEN 2 AND 1416532)",
                                                                        "Estimated Cardinality": "12744093"
                                                                    },
                                                                    "cumulative_cardinality": 31701811,
                                                                    "operator_type": "FILTER",
                                                                    "operator_cardinality": 6477039,
                                                                    "cumulative_rows_scanned": 17854919,
                                                                    "operator_rows_scanned": 0,
                                                                    "operator_timing": 0.021993849000000076,
                                                                    "result_set_size": 64770390,
                                                                    "children": [
                                                                        {
                                                                            "operator_name": "HASH_JOIN",
                                                                            "cpu_time": 0.9165463709999999,
                                                                            "extra_info": {
                                                                                "Join Type": "RIGHT",
                                                                                "Conditions": "postid = id",
                                                                                "Estimated Cardinality": "12744093"
                                                                            },
                                                                            "cumulative_cardinality": 25224772,
                                                                            "operator_type": "HASH_JOIN",
                                                                            "operator_cardinality": 6477077,
                                                                            "cumulative_rows_scanned": 17854919,
                                                                            "operator_rows_scanned": 0,
                                                                            "operator_timing": 0.4597586720000002,
                                                                            "result_set_size": 64770770,
                                                                            "children": [
                                                                                {
                                                                                    "operator_name": "READ_PARQUET ",
                                                                                    "cpu_time": 0.2335152139999998,
                                                                                    "extra_info": {
                                                                                        "Function": "READ_PARQUET",
                                                                                        "Projections": [
                                                                                            "postid",
                                                                                            "votetypeid"
                                                                                        ],
                                                                                        "Estimated Cardinality": "12744093"
                                                                                    },
                                                                                    "cumulative_cardinality": 12744093,
                                                                                    "operator_type": "TABLE_SCAN",
                                                                                    "operator_cardinality": 12744093,
                                                                                    "cumulative_rows_scanned": 12744093,
                                                                                    "operator_rows_scanned": 12744093,
                                                                                    "operator_timing": 0.2335152139999998,
                                                                                    "result_set_size": 76464558,
                                                                                    "children": []
                                                                                },
                                                                                {
                                                                                    "operator_name": "HASH_JOIN",
                                                                                    "cpu_time": 0.2232724849999998,
                                                                                    "extra_info": {
                                                                                        "Join Type": "RIGHT",
                                                                                        "Conditions": "owneruserid = id",
                                                                                        "Estimated Cardinality": "3850116"
                                                                                    },
                                                                                    "cumulative_cardinality": 6003602,
                                                                                    "operator_type": "HASH_JOIN",
                                                                                    "operator_cardinality": 2160111,
                                                                                    "cumulative_rows_scanned": 5110826,
                                                                                    "operator_rows_scanned": 0,
                                                                                    "operator_timing": 0.08939651599999984,
                                                                                    "result_set_size": 17280888,
                                                                                    "children": [
                                                                                        {
                                                                                            "operator_name": "READ_PARQUET ",
                                                                                            "cpu_time": 0.10908115099999996,
                                                                                            "extra_info": {
                                                                                                "Function": "READ_PARQUET",
                                                                                                "Projections": [
                                                                                                    "id",
                                                                                                    "owneruserid"
                                                                                                ],
                                                                                                "Estimated Cardinality": "3850116"
                                                                                            },
                                                                                            "cumulative_cardinality": 3684818,
                                                                                            "operator_type": "TABLE_SCAN",
                                                                                            "operator_cardinality": 3684818,
                                                                                            "cumulative_rows_scanned": 3850116,
                                                                                            "operator_rows_scanned": 3850116,
                                                                                            "operator_timing": 0.10908115099999996,
                                                                                            "result_set_size": 29478544,
                                                                                            "children": []
                                                                                        },
                                                                                        {
                                                                                            "operator_name": "READ_PARQUET ",
                                                                                            "cpu_time": 0.024794818000000003,
                                                                                            "extra_info": {
                                                                                                "Function": "READ_PARQUET",
                                                                                                "Projections": "id",
                                                                                                "Filters": "lastaccessdate>='2024-07-01 12:34:56'::TIMESTAMP",
                                                                                                "Estimated Cardinality": "252142"
                                                                                            },
                                                                                            "cumulative_cardinality": 158673,
                                                                                            "operator_type": "TABLE_SCAN",
                                                                                            "operator_cardinality": 158673,
                                                                                            "cumulative_rows_scanned": 1260710,
                                                                                            "operator_rows_scanned": 1260710,
                                                                                            "operator_timing": 0.024794818000000003,
                                                                                            "result_set_size": 634692,
                                                                                            "children": []
                                                                                        }
                                                                                    ]
                                                                                }
                                                                            ]
                                                                        }
                                                                    ]
                                                                }
                                                            ]
                                                        }
                                                    ]
                                                }
                                            ]
                                        },
                                        {
                                            "operator_name": "FILTER",
                                            "cpu_time": 0.05436221700000003,
                                            "extra_info": {
                                                "Expression": "((count_star() >= 5) AND (COALESCE(BadgeCount, 0) >= 1))",
                                                "Estimated Cardinality": "46434"
                                            },
                                            "cumulative_cardinality": 415255,
                                            "operator_type": "FILTER",
                                            "operator_cardinality": 5905,
                                            "cumulative_rows_scanned": 2321724,
                                            "operator_rows_scanned": 0,
                                            "operator_timing": 0.0004638950000000001,
                                            "result_set_size": 70860,
                                            "children": [
                                                {
                                                    "operator_name": "HASH_GROUP_BY",
                                                    "cpu_time": 0.05389832200000003,
                                                    "extra_info": {
                                                        "Groups": "#0",
                                                        "Aggregates": "count_star()",
                                                        "Estimated Cardinality": "232172"
                                                    },
                                                    "cumulative_cardinality": 409350,
                                                    "operator_type": "HASH_GROUP_BY",
                                                    "operator_cardinality": 82468,
                                                    "cumulative_rows_scanned": 2321724,
                                                    "operator_rows_scanned": 0,
                                                    "operator_timing": 0.005461741999999999,
                                                    "result_set_size": 989616,
                                                    "children": [
                                                        {
                                                            "operator_name": "PROJECTION",
                                                            "cpu_time": 0.048436580000000035,
                                                            "extra_info": {
                                                                "Projections": "userid",
                                                                "Estimated Cardinality": "464344"
                                                            },
                                                            "cumulative_cardinality": 326882,
                                                            "operator_type": "PROJECTION",
                                                            "operator_cardinality": 163441,
                                                            "cumulative_rows_scanned": 2321724,
                                                            "operator_rows_scanned": 0,
                                                            "operator_timing": 0.000021446000000000018,
                                                            "result_set_size": 653764,
                                                            "children": [
                                                                {
                                                                    "operator_name": "READ_PARQUET ",
                                                                    "cpu_time": 0.04841513400000003,
                                                                    "extra_info": {
                                                                        "Function": "READ_PARQUET",
                                                                        "Projections": "userid",
                                                                        "Filters": "date>='2023-10-01 12:34:56'::TIMESTAMP",
                                                                        "Estimated Cardinality": "464344"
                                                                    },
                                                                    "cumulative_cardinality": 163441,
                                                                    "operator_type": "TABLE_SCAN",
                                                                    "operator_cardinality": 163441,
                                                                    "cumulative_rows_scanned": 2321724,
                                                                    "operator_rows_scanned": 2321724,
                                                                    "operator_timing": 0.04841513400000003,
                                                                    "result_set_size": 653764,
                                                                    "children": []
                                                                }
                                                            ]
                                                        }
                                                    ]
                                                }
                                            ]
                                        }
                                    ]
                                }
                            ]
                        }
                    ]
                }
            ]
        }
    ]
}