{
    "rows_returned": 100,
    "query_name": "\nWITH PostStats AS (\n    SELECT \n        p.Id AS PostId,\n        p.Title,\n        SUM(CASE WHEN v.VoteTypeId = 2 THEN 1 ELSE 0 END) AS Upvotes,\n        SUM(CASE WHEN v.VoteTypeId = 3 THEN 1 ELSE 0 END) AS Downvotes,\n        COUNT(c.Id) AS CommentCount,\n        COUNT(DISTINCT ph.Id) AS EditCount,\n        COUNT(DISTINCT b.Id) AS BadgeCount,\n        p.OwnerUserId\n    FROM \n        Posts p\n    LEFT JOIN \n        Votes v ON p.Id = v.PostId\n    LEFT JOIN \n        Comments c ON p.Id = c.PostId\n    LEFT JOIN \n        PostHistory ph ON p.Id = ph.PostId\n    LEFT JOIN \n        Badges b ON p.OwnerUserId = b.UserId\n    WHERE \n        p.CreationDate >= TIMESTAMP '2024-10-01 12:34:56' - INTERVAL '1 year'\n    GROUP BY \n        p.Id, p.Title, p.OwnerUserId\n),\nUserStats AS (\n    SELECT \n        u.Id AS UserId,\n        u.DisplayName,\n        SUM(p.ViewCount) AS TotalViews,\n        AVG(p.Score) AS AvgScore,\n        COUNT(b.Id) AS TotalBadges\n    FROM \n        Users u\n    LEFT JOIN \n        Posts p ON u.Id = p.OwnerUserId\n    LEFT JOIN \n        Badges b ON u.Id = b.UserId\n    WHERE \n        u.CreationDate >= TIMESTAMP '2024-10-01 12:34:56' - INTERVAL '2 years'\n    GROUP BY \n        u.Id, u.DisplayName\n)\nSELECT \n    ps.PostId,\n    ps.Title,\n    ps.Upvotes,\n    ps.Downvotes,\n    ps.CommentCount,\n    ps.EditCount,\n    us.UserId,\n    us.DisplayName,\n    us.TotalViews,\n    us.AvgScore,\n    us.TotalBadges\nFROM \n    PostStats ps\nJOIN \n    UserStats us ON ps.OwnerUserId = us.UserId\nORDER BY \n    ps.Upvotes DESC, us.TotalViews DESC\nLIMIT 100;\n",
    "blocked_thread_time": 0.0,
    "cpu_time": 26.43269580899989,
    "extra_info": {},
    "cumulative_cardinality": 744783712,
    "cumulative_rows_scanned": 45385549,
    "result_set_size": 12000,
    "latency": 30.369939247,
    "children": [
        {
            "operator_name": "STREAMING_LIMIT",
            "cpu_time": 26.43269580899989,
            "extra_info": {},
            "cumulative_cardinality": 744783712,
            "operator_type": "STREAMING_LIMIT",
            "operator_cardinality": 100,
            "cumulative_rows_scanned": 45385549,
            "operator_rows_scanned": 0,
            "operator_timing": 0.0000014220000000000001,
            "result_set_size": 12000,
            "children": [
                {
                    "operator_name": "ORDER_BY",
                    "cpu_time": 26.432694386999888,
                    "extra_info": {
                        "Order By": [
                            "ps.Upvotes DESC",
                            "us.TotalViews DESC"
                        ]
                    },
                    "cumulative_cardinality": 744783612,
                    "operator_type": "ORDER_BY",
                    "operator_cardinality": 4096,
                    "cumulative_rows_scanned": 45385549,
                    "operator_rows_scanned": 0,
                    "operator_timing": 0.010736957,
                    "result_set_size": 491520,
                    "children": [
                        {
                            "operator_name": "PROJECTION",
                            "cpu_time": 26.42195742999989,
                            "extra_info": {
                                "Projections": [
                                    "PostId",
                                    "title",
                                    "Upvotes",
                                    "Downvotes",
                                    "CommentCount",
                                    "EditCount",
                                    "UserId",
                                    "displayname",
                                    "TotalViews",
                                    "AvgScore",
                                    "TotalBadges"
                                ],
                                "Estimated Cardinality": "3850116"
                            },
                            "cumulative_cardinality": 744779516,
                            "operator_type": "PROJECTION",
                            "operator_cardinality": 46534,
                            "cumulative_rows_scanned": 45385549,
                            "operator_rows_scanned": 0,
                            "operator_timing": 0.00004487300000000002,
                            "result_set_size": 5584080,
                            "children": [
                                {
                                    "operator_name": "HASH_JOIN",
                                    "cpu_time": 26.42191255699989,
                                    "extra_info": {
                                        "Join Type": "INNER",
                                        "Conditions": "owneruserid = UserId",
                                        "Estimated Cardinality": "3850116"
                                    },
                                    "cumulative_cardinality": 744732982,
                                    "operator_type": "HASH_JOIN",
                                    "operator_cardinality": 46534,
                                    "cumulative_rows_scanned": 45385549,
                                    "operator_rows_scanned": 0,
                                    "operator_timing": 0.012136372000000005,
                                    "result_set_size": 5770216,
                                    "children": [
                                        {
                                            "operator_name": "PROJECTION",
                                            "cpu_time": 25.971697795999887,
                                            "extra_info": {
                                                "Projections": [
                                                    "PostId",
                                                    "title",
                                                    "Upvotes",
                                                    "Downvotes",
                                                    "CommentCount",
                                                    "EditCount",
                                                    "owneruserid"
                                                ],
                                                "Estimated Cardinality": "3850116"
                                            },
                                            "cumulative_cardinality": 738015546,
                                            "operator_type": "PROJECTION",
                                            "operator_cardinality": 145542,
                                            "cumulative_rows_scanned": 37952999,
                                            "operator_rows_scanned": 0,
                                            "operator_timing": 0.00003863300000000001,
                                            "result_set_size": 10479024,
                                            "children": [
                                                {
                                                    "operator_name": "HASH_GROUP_BY",
                                                    "cpu_time": 25.971659162999888,
                                                    "extra_info": {
                                                        "Groups": [
                                                            "#0",
                                                            "#1",
                                                            "#2"
                                                        ],
                                                        "Aggregates": [
                                                            "sum(#3)",
                                                            "sum(#4)",
                                                            "count(#5)",
                                                            "count(DISTINCT #6)"
                                                        ],
                                                        "Estimated Cardinality": "3850116"
                                                    },
                                                    "cumulative_cardinality": 737870004,
                                                    "operator_type": "HASH_GROUP_BY",
                                                    "operator_cardinality": 145542,
                                                    "cumulative_rows_scanned": 37952999,
                                                    "operator_rows_scanned": 0,
                                                    "operator_timing": 19.571377557999746,
                                                    "result_set_size": 10479024,
                                                    "children": [
                                                        {
                                                            "operator_name": "PROJECTION",
                                                            "cpu_time": 6.400281605000143,
                                                            "extra_info": {
                                                                "Projections": [
                                                                    "id",
                                                                    "title",
                                                                    "owneruserid",
                                                                    "CASE  WHEN ((votetypeid = 2)) THEN (1) ELSE 0 END",
                                                                    "CASE  WHEN ((votetypeid = 3)) THEN (1) ELSE 0 END",
                                                                    "id",
                                                                    "id"
                                                                ],
                                                                "Estimated Cardinality": "12744093"
                                                            },
                                                            "cumulative_cardinality": 737724462,
                                                            "operator_type": "PROJECTION",
                                                            "operator_cardinality": 354827090,
                                                            "cumulative_rows_scanned": 37952999,
                                                            "operator_rows_scanned": 0,
                                                            "operator_timing": 1.8783783870001087,
                                                            "result_set_size": 14193083600,
                                                            "children": [
                                                                {
                                                                    "operator_name": "HASH_JOIN",
                                                                    "cpu_time": 4.521903218000034,
                                                                    "extra_info": {
                                                                        "Join Type": "LEFT",
                                                                        "Conditions": "owneruserid = userid",
                                                                        "Estimated Cardinality": "12744093"
                                                                    },
                                                                    "cumulative_cardinality": 382897372,
                                                                    "operator_type": "HASH_JOIN",
                                                                    "operator_cardinality": 354827090,
                                                                    "cumulative_rows_scanned": 37952999,
                                                                    "operator_rows_scanned": 0,
                                                                    "operator_timing": 3.1719194220000353,
                                                                    "result_set_size": 13483429420,
                                                                    "children": [
                                                                        {
                                                                            "operator_name": "HASH_JOIN",
                                                                            "cpu_time": 1.3380879519999993,
                                                                            "extra_info": {
                                                                                "Join Type": "LEFT",
                                                                                "Conditions": "id = postid",
                                                                                "Estimated Cardinality": "12744093"
                                                                            },
                                                                            "cumulative_cardinality": 25748558,
                                                                            "operator_type": "HASH_JOIN",
                                                                            "operator_cardinality": 4828945,
                                                                            "cumulative_rows_scanned": 35631275,
                                                                            "operator_rows_scanned": 0,
                                                                            "operator_timing": 0.6443629900000002,
                                                                            "result_set_size": 164184130,
                                                                            "children": [
                                                                                {
                                                                                    "operator_name": "HASH_JOIN",
                                                                                    "cpu_time": 0.5636124699999996,
                                                                                    "extra_info": {
                                                                                        "Join Type": "LEFT",
                                                                                        "Conditions": "id = postid",
                                                                                        "Estimated Cardinality": "12744093"
                                                                                    },
                                                                                    "cumulative_cardinality": 9124369,
                                                                                    "operator_type": "HASH_JOIN",
                                                                                    "operator_cardinality": 954760,
                                                                                    "cumulative_rows_scanned": 23836031,
                                                                                    "operator_rows_scanned": 0,
                                                                                    "operator_timing": 0.3706454159999997,
                                                                                    "result_set_size": 28642800,
                                                                                    "children": [
                                                                                        {
                                                                                            "operator_name": "HASH_JOIN",
                                                                                            "cpu_time": 0.11933992699999998,
                                                                                            "extra_info": {
                                                                                                "Join Type": "RIGHT",
                                                                                                "Conditions": "postid = id",
                                                                                                "Estimated Cardinality": "12744093"
                                                                                            },
                                                                                            "cumulative_cardinality": 927787,
                                                                                            "operator_type": "HASH_JOIN",
                                                                                            "operator_cardinality": 339719,
                                                                                            "cumulative_rows_scanned": 16594209,
                                                                                            "operator_rows_scanned": 0,
                                                                                            "operator_timing": 0.03599000100000002,
                                                                                            "result_set_size": 8832694,
                                                                                            "children": [
                                                                                                {
                                                                                                    "operator_name": "READ_PARQUET ",
                                                                                                    "cpu_time": 0.019767756999999997,
                                                                                                    "extra_info": {
                                                                                                        "Function": "READ_PARQUET",
                                                                                                        "Projections": [
                                                                                                            "postid",
                                                                                                            "votetypeid"
                                                                                                        ],
                                                                                                        "Estimated Cardinality": "12744093"
                                                                                                    },
                                                                                                    "cumulative_cardinality": 442526,
                                                                                                    "operator_type": "TABLE_SCAN",
                                                                                                    "operator_cardinality": 442526,
                                                                                                    "cumulative_rows_scanned": 12744093,
                                                                                                    "operator_rows_scanned": 12744093,
                                                                                                    "operator_timing": 0.019767756999999997,
                                                                                                    "result_set_size": 2655156,
                                                                                                    "children": []
                                                                                                },
                                                                                                {
                                                                                                    "operator_name": "READ_PARQUET ",
                                                                                                    "cpu_time": 0.06358216899999997,
                                                                                                    "extra_info": {
                                                                                                        "Function": "READ_PARQUET",
                                                                                                        "Projections": [
                                                                                                            "id",
                                                                                                            "owneruserid",
                                                                                                            "title"
                                                                                                        ],
                                                                                                        "Filters": "creationdate>='2023-10-01 12:34:56'::TIMESTAMP",
                                                                                                        "Estimated Cardinality": "770023"
                                                                                                    },
                                                                                                    "cumulative_cardinality": 145542,
                                                                                                    "operator_type": "TABLE_SCAN",
                                                                                                    "operator_cardinality": 145542,
                                                                                                    "cumulative_rows_scanned": 3850116,
                                                                                                    "operator_rows_scanned": 3850116,
                                                                                                    "operator_timing": 0.06358216899999997,
                                                                                                    "result_set_size": 3493008,
                                                                                                    "children": []
                                                                                                }
                                                                                            ]
                                                                                        },
                                                                                        {
                                                                                            "operator_name": "READ_PARQUET ",
                                                                                            "cpu_time": 0.07362712699999993,
                                                                                            "extra_info": {
                                                                                                "Function": "READ_PARQUET",
                                                                                                "Projections": [
                                                                                                    "id",
                                                                                                    "postid"
                                                                                                ],
                                                                                                "Estimated Cardinality": "7241822"
                                                                                            },
                                                                                            "cumulative_cardinality": 7241822,
                                                                                            "operator_type": "TABLE_SCAN",
                                                                                            "operator_cardinality": 7241822,
                                                                                            "cumulative_rows_scanned": 7241822,
                                                                                            "operator_rows_scanned": 7241822,
                                                                                            "operator_timing": 0.07362712699999993,
                                                                                            "result_set_size": 57934576,
                                                                                            "children": []
                                                                                        }
                                                                                    ]
                                                                                },
                                                                                {
                                                                                    "operator_name": "READ_PARQUET ",
                                                                                    "cpu_time": 0.13011249199999955,
                                                                                    "extra_info": {
                                                                                        "Function": "READ_PARQUET",
                                                                                        "Projections": [
                                                                                            "id",
                                                                                            "postid"
                                                                                        ],
                                                                                        "Estimated Cardinality": "11795244"
                                                                                    },
                                                                                    "cumulative_cardinality": 11795244,
                                                                                    "operator_type": "TABLE_SCAN",
                                                                                    "operator_cardinality": 11795244,
                                                                                    "cumulative_rows_scanned": 11795244,
                                                                                    "operator_rows_scanned": 11795244,
                                                                                    "operator_timing": 0.13011249199999955,
                                                                                    "result_set_size": 94361952,
                                                                                    "children": []
                                                                                }
                                                                            ]
                                                                        },
                                                                        {
                                                                            "operator_name": "READ_PARQUET ",
                                                                            "cpu_time": 0.011895844000000003,
                                                                            "extra_info": {
                                                                                "Function": "READ_PARQUET",
                                                                                "Projections": "userid",
                                                                                "Estimated Cardinality": "2321724"
                                                                            },
                                                                            "cumulative_cardinality": 2321724,
                                                                            "operator_type": "TABLE_SCAN",
                                                                            "operator_cardinality": 2321724,
                                                                            "cumulative_rows_scanned": 2321724,
                                                                            "operator_rows_scanned": 2321724,
                                                                            "operator_timing": 0.011895844000000003,
                                                                            "result_set_size": 9286896,
                                                                            "children": []
                                                                        }
                                                                    ]
                                                                }
                                                            ]
                                                        }
                                                    ]
                                                }
                                            ]
                                        },
                                        {
                                            "operator_name": "HASH_GROUP_BY",
                                            "cpu_time": 0.43807838899999996,
                                            "extra_info": {
                                                "Groups": [
                                                    "#0",
                                                    "#1"
                                                ],
                                                "Aggregates": [
                                                    "sum(#2)",
                                                    "avg(#3)",
                                                    "count(#4)"
                                                ],
                                                "Estimated Cardinality": "1260710"
                                            },
                                            "cumulative_cardinality": 6670902,
                                            "operator_type": "HASH_GROUP_BY",
                                            "operator_cardinality": 308419,
                                            "cumulative_rows_scanned": 7432550,
                                            "operator_rows_scanned": 0,
                                            "operator_timing": 0.10965439599999999,
                                            "result_set_size": 16037788,
                                            "children": [
                                                {
                                                    "operator_name": "PROJECTION",
                                                    "cpu_time": 0.32842399299999997,
                                                    "extra_info": {
                                                        "Projections": [
                                                            "id",
                                                            "displayname",
                                                            "viewcount",
                                                            "score",
                                                            "id"
                                                        ],
                                                        "Estimated Cardinality": "3850116"
                                                    },
                                                    "cumulative_cardinality": 6362483,
                                                    "operator_type": "PROJECTION",
                                                    "operator_cardinality": 1097098,
                                                    "cumulative_rows_scanned": 7432550,
                                                    "operator_rows_scanned": 0,
                                                    "operator_timing": 0.00023251500000000003,
                                                    "result_set_size": 35107136,
                                                    "children": [
                                                        {
                                                            "operator_name": "FILTER",
                                                            "cpu_time": 0.328191478,
                                                            "extra_info": {
                                                                "Expression": "(id <= 1416539)",
                                                                "Estimated Cardinality": "3850116"
                                                            },
                                                            "cumulative_cardinality": 5265385,
                                                            "operator_type": "FILTER",
                                                            "operator_cardinality": 1097098,
                                                            "cumulative_rows_scanned": 7432550,
                                                            "operator_rows_scanned": 0,
                                                            "operator_timing": 0.0021676969999999992,
                                                            "result_set_size": 35107136,
                                                            "children": [
                                                                {
                                                                    "operator_name": "HASH_JOIN",
                                                                    "cpu_time": 0.32602378099999996,
                                                                    "extra_info": {
                                                                        "Join Type": "LEFT",
                                                                        "Conditions": "id = userid",
                                                                        "Estimated Cardinality": "3850116"
                                                                    },
                                                                    "cumulative_cardinality": 4168287,
                                                                    "operator_type": "HASH_JOIN",
                                                                    "operator_cardinality": 1097129,
                                                                    "cumulative_rows_scanned": 7432550,
                                                                    "operator_rows_scanned": 0,
                                                                    "operator_timing": 0.11816522099999992,
                                                                    "result_set_size": 35108128,
                                                                    "children": [
                                                                        {
                                                                            "operator_name": "HASH_JOIN",
                                                                            "cpu_time": 0.18466297800000006,
                                                                            "extra_info": {
                                                                                "Join Type": "RIGHT",
                                                                                "Conditions": "owneruserid = id",
                                                                                "Estimated Cardinality": "3850116"
                                                                            },
                                                                            "cumulative_cardinality": 749434,
                                                                            "operator_type": "HASH_JOIN",
                                                                            "operator_cardinality": 360326,
                                                                            "cumulative_rows_scanned": 5110826,
                                                                            "operator_rows_scanned": 0,
                                                                            "operator_timing": 0.030553214,
                                                                            "result_set_size": 10089128,
                                                                            "children": [
                                                                                {
                                                                                    "operator_name": "READ_PARQUET ",
                                                                                    "cpu_time": 0.08262343100000002,
                                                                                    "extra_info": {
                                                                                        "Function": "READ_PARQUET",
                                                                                        "Projections": [
                                                                                            "score",
                                                                                            "viewcount",
                                                                                            "owneruserid"
                                                                                        ],
                                                                                        "Estimated Cardinality": "3850116"
                                                                                    },
                                                                                    "cumulative_cardinality": 80658,
                                                                                    "operator_type": "TABLE_SCAN",
                                                                                    "operator_cardinality": 80658,
                                                                                    "cumulative_rows_scanned": 3850116,
                                                                                    "operator_rows_scanned": 3850116,
                                                                                    "operator_timing": 0.08262343100000002,
                                                                                    "result_set_size": 967896,
                                                                                    "children": []
                                                                                },
                                                                                {
                                                                                    "operator_name": "READ_PARQUET ",
                                                                                    "cpu_time": 0.07148633300000004,
                                                                                    "extra_info": {
                                                                                        "Function": "READ_PARQUET",
                                                                                        "Projections": [
                                                                                            "id",
                                                                                            "displayname"
                                                                                        ],
                                                                                        "Filters": "creationdate>='2022-10-01 12:34:56'::TIMESTAMP",
                                                                                        "Estimated Cardinality": "252142"
                                                                                    },
                                                                                    "cumulative_cardinality": 308450,
                                                                                    "operator_type": "TABLE_SCAN",
                                                                                    "operator_cardinality": 308450,
                                                                                    "cumulative_rows_scanned": 1260710,
                                                                                    "operator_rows_scanned": 1260710,
                                                                                    "operator_timing": 0.07148633300000004,
                                                                                    "result_set_size": 6169000,
                                                                                    "children": []
                                                                                }
                                                                            ]
                                                                        },
                                                                        {
                                                                            "operator_name": "READ_PARQUET ",
                                                                            "cpu_time": 0.023195581999999975,
                                                                            "extra_info": {
                                                                                "Function": "READ_PARQUET",
                                                                                "Projections": [
                                                                                    "id",
                                                                                    "userid"
                                                                                ],
                                                                                "Estimated Cardinality": "2321724"
                                                                            },
                                                                            "cumulative_cardinality": 2321724,
                                                                            "operator_type": "TABLE_SCAN",
                                                                            "operator_cardinality": 2321724,
                                                                            "cumulative_rows_scanned": 2321724,
                                                                            "operator_rows_scanned": 2321724,
                                                                            "operator_timing": 0.023195581999999975,
                                                                            "result_set_size": 18573792,
                                                                            "children": []
                                                                        }
                                                                    ]
                                                                }
                                                            ]
                                                        }
                                                    ]
                                                }
                                            ]
                                        }
                                    ]
                                }
                            ]
                        }
                    ]
                }
            ]
        }
    ]
}