{
    "rows_returned": 10,
    "query_name": "\nWITH UserStats AS (\n    SELECT \n        u.Id AS UserId,\n        u.DisplayName,\n        u.Reputation,\n        COALESCE(SUM(CASE WHEN v.VoteTypeId = 2 THEN 1 ELSE 0 END), 0) AS UpVotes,\n        COALESCE(SUM(CASE WHEN v.VoteTypeId = 3 THEN 1 ELSE 0 END), 0) AS DownVotes,\n        COUNT(DISTINCT p.Id) AS PostCount,\n        COUNT(DISTINCT c.Id) AS CommentCount\n    FROM \n        Users u\n    LEFT JOIN \n        Posts p ON u.Id = p.OwnerUserId\n    LEFT JOIN \n        Comments c ON p.Id = c.PostId\n    LEFT JOIN \n        Votes v ON p.Id = v.PostId \n    GROUP BY \n        u.Id, u.DisplayName, u.Reputation\n),\nTopUsers AS (\n    SELECT \n        UserId,\n        DisplayName,\n        Reputation,\n        PostCount,\n        CommentCount,\n        (PostCount + UpVotes - DownVotes) AS EngagementScore\n    FROM \n        UserStats \n    WHERE \n        Reputation > 1000\n    ORDER BY \n        EngagementScore DESC\n    LIMIT 10\n),\nRecentPosts AS (\n    SELECT \n        p.Id AS PostId,\n        p.Title,\n        p.CreationDate,\n        p.ViewCount,\n        p.Score,\n        u.DisplayName AS OwnerName\n    FROM \n        Posts p\n    JOIN \n        Users u ON p.OwnerUserId = u.Id\n    WHERE \n        p.CreationDate > TIMESTAMP '2024-10-01 12:34:56' - INTERVAL '30 days'\n    ORDER BY \n        p.CreationDate DESC\n),\nRecentComments AS (\n    SELECT \n        c.Id AS CommentId,\n        c.Text,\n        c.CreationDate,\n        p.Title AS PostTitle,\n        u.DisplayName AS Commenter\n    FROM \n        Comments c\n    JOIN \n        Posts p ON c.PostId = p.Id\n    JOIN \n        Users u ON c.UserId = u.Id\n    WHERE \n        c.CreationDate > TIMESTAMP '2024-10-01 12:34:56' - INTERVAL '30 days'\n)\nSELECT \n    tu.DisplayName AS TopUser,\n    tu.Reputation AS UserReputation,\n    COUNT(DISTINCT rp.PostId) AS RecentPostCount,\n    COUNT(DISTINCT rc.CommentId) AS RecentCommentCount\nFROM \n    TopUsers tu\nLEFT JOIN \n    RecentPosts rp ON tu.DisplayName = rp.OwnerName\nLEFT JOIN \n    RecentComments rc ON rc.Commenter = tu.DisplayName\nGROUP BY \n    tu.DisplayName, tu.Reputation\nORDER BY \n    tu.Reputation DESC;\n",
    "blocked_thread_time": 0.0,
    "cpu_time": 4.754037631000004,
    "extra_info": {},
    "cumulative_cardinality": 86537367,
    "cumulative_rows_scanned": 42560215,
    "result_set_size": 360,
    "latency": 5.586764873,
    "children": [
        {
            "operator_name": "ORDER_BY",
            "cpu_time": 4.754037631000004,
            "extra_info": {
                "Order By": "tu.Reputation DESC"
            },
            "cumulative_cardinality": 86537367,
            "operator_type": "ORDER_BY",
            "operator_cardinality": 10,
            "cumulative_rows_scanned": 42560215,
            "operator_rows_scanned": 0,
            "operator_timing": 0.000029245999999999997,
            "result_set_size": 360,
            "children": [
                {
                    "operator_name": "HASH_GROUP_BY",
                    "cpu_time": 4.754008385000003,
                    "extra_info": {
                        "Groups": [
                            "#0",
                            "#1"
                        ],
                        "Aggregates": [
                            "count(DISTINCT #2)",
                            "count(DISTINCT #3)"
                        ],
                        "Estimated Cardinality": "1260710"
                    },
                    "cumulative_cardinality": 86537357,
                    "operator_type": "HASH_GROUP_BY",
                    "operator_cardinality": 10,
                    "cumulative_rows_scanned": 42560215,
                    "operator_rows_scanned": 0,
                    "operator_timing": 0.00046838499999999993,
                    "result_set_size": 360,
                    "children": [
                        {
                            "operator_name": "PROJECTION",
                            "cpu_time": 4.753540000000004,
                            "extra_info": {
                                "Projections": [
                                    "displayname",
                                    "reputation",
                                    "PostId",
                                    "CommentId"
                                ],
                                "Estimated Cardinality": "1448364"
                            },
                            "cumulative_cardinality": 86537347,
                            "operator_type": "PROJECTION",
                            "operator_cardinality": 4966,
                            "cumulative_rows_scanned": 42560215,
                            "operator_rows_scanned": 0,
                            "operator_timing": 0.0000034459999999999997,
                            "result_set_size": 139048,
                            "children": [
                                {
                                    "operator_name": "HASH_JOIN",
                                    "cpu_time": 4.753536554000004,
                                    "extra_info": {
                                        "Join Type": "RIGHT",
                                        "Conditions": "Commenter = displayname",
                                        "Estimated Cardinality": "1448364"
                                    },
                                    "cumulative_cardinality": 86532381,
                                    "operator_type": "HASH_JOIN",
                                    "operator_cardinality": 4966,
                                    "cumulative_rows_scanned": 42560215,
                                    "operator_rows_scanned": 0,
                                    "operator_timing": 0.0008825430000000002,
                                    "result_set_size": 139048,
                                    "children": [
                                        {
                                            "operator_name": "PROJECTION",
                                            "cpu_time": 0.4318597050000002,
                                            "extra_info": {
                                                "Projections": [
                                                    "CommentId",
                                                    "Commenter"
                                                ],
                                                "Estimated Cardinality": "1448364"
                                            },
                                            "cumulative_cardinality": 4962116,
                                            "operator_type": "PROJECTION",
                                            "operator_cardinality": 18921,
                                            "cumulative_rows_scanned": 12352648,
                                            "operator_rows_scanned": 0,
                                            "operator_timing": 0.000013168000000000003,
                                            "result_set_size": 378420,
                                            "children": [
                                                {
                                                    "operator_name": "HASH_JOIN",
                                                    "cpu_time": 0.4318465370000002,
                                                    "extra_info": {
                                                        "Join Type": "INNER",
                                                        "Conditions": "id = userid",
                                                        "Estimated Cardinality": "1448364"
                                                    },
                                                    "cumulative_cardinality": 4943195,
                                                    "operator_type": "HASH_JOIN",
                                                    "operator_cardinality": 18921,
                                                    "cumulative_rows_scanned": 12352648,
                                                    "operator_rows_scanned": 0,
                                                    "operator_timing": 0.008740646999999995,
                                                    "result_set_size": 378420,
                                                    "children": [
                                                        {
                                                            "operator_name": "READ_PARQUET ",
                                                            "cpu_time": 0.09915560000000011,
                                                            "extra_info": {
                                                                "Function": "READ_PARQUET",
                                                                "Projections": [
                                                                    "id",
                                                                    "displayname"
                                                                ],
                                                                "Filters": "id<=1416480",
                                                                "Estimated Cardinality": "1260710"
                                                            },
                                                            "cumulative_cardinality": 1030987,
                                                            "operator_type": "TABLE_SCAN",
                                                            "operator_cardinality": 1030987,
                                                            "cumulative_rows_scanned": 1260710,
                                                            "operator_rows_scanned": 1260710,
                                                            "operator_timing": 0.09915560000000011,
                                                            "result_set_size": 20619740,
                                                            "children": []
                                                        },
                                                        {
                                                            "operator_name": "HASH_JOIN",
                                                            "cpu_time": 0.3239502900000001,
                                                            "extra_info": {
                                                                "Join Type": "INNER",
                                                                "Conditions": "id = postid",
                                                                "Estimated Cardinality": "1448364"
                                                            },
                                                            "cumulative_cardinality": 3893287,
                                                            "operator_type": "HASH_JOIN",
                                                            "operator_cardinality": 22035,
                                                            "cumulative_rows_scanned": 11091938,
                                                            "operator_rows_scanned": 0,
                                                            "operator_timing": 0.02765655700000002,
                                                            "result_set_size": 264420,
                                                            "children": [
                                                                {
                                                                    "operator_name": "READ_PARQUET ",
                                                                    "cpu_time": 0.04739368299999998,
                                                                    "extra_info": {
                                                                        "Function": "READ_PARQUET",
                                                                        "Projections": "id",
                                                                        "Filters": "id<=4978525",
                                                                        "Estimated Cardinality": "3850116"
                                                                    },
                                                                    "cumulative_cardinality": 3849217,
                                                                    "operator_type": "TABLE_SCAN",
                                                                    "operator_cardinality": 3849217,
                                                                    "cumulative_rows_scanned": 3850116,
                                                                    "operator_rows_scanned": 3850116,
                                                                    "operator_timing": 0.04739368299999998,
                                                                    "result_set_size": 15396868,
                                                                    "children": []
                                                                },
                                                                {
                                                                    "operator_name": "READ_PARQUET ",
                                                                    "cpu_time": 0.24890005000000007,
                                                                    "extra_info": {
                                                                        "Function": "READ_PARQUET",
                                                                        "Projections": [
                                                                            "id",
                                                                            "postid",
                                                                            "userid"
                                                                        ],
                                                                        "Filters": "creationdate>'2024-09-01 12:34:56'::TIMESTAMP",
                                                                        "Estimated Cardinality": "1448364"
                                                                    },
                                                                    "cumulative_cardinality": 22035,
                                                                    "operator_type": "TABLE_SCAN",
                                                                    "operator_cardinality": 22035,
                                                                    "cumulative_rows_scanned": 7241822,
                                                                    "operator_rows_scanned": 7241822,
                                                                    "operator_timing": 0.24890005000000007,
                                                                    "result_set_size": 264420,
                                                                    "children": []
                                                                }
                                                            ]
                                                        }
                                                    ]
                                                }
                                            ]
                                        },
                                        {
                                            "operator_name": "HASH_JOIN",
                                            "cpu_time": 4.320794306000003,
                                            "extra_info": {
                                                "Join Type": "RIGHT",
                                                "Conditions": "OwnerName = displayname",
                                                "Estimated Cardinality": "770023"
                                            },
                                            "cumulative_cardinality": 81565299,
                                            "operator_type": "HASH_JOIN",
                                            "operator_cardinality": 60,
                                            "cumulative_rows_scanned": 30207567,
                                            "operator_rows_scanned": 0,
                                            "operator_timing": 0.000284641,
                                            "result_set_size": 1440,
                                            "children": [
                                                {
                                                    "operator_name": "ORDER_BY",
                                                    "cpu_time": 0.12776856100000009,
                                                    "extra_info": {
                                                        "Order By": "p.CreationDate DESC"
                                                    },
                                                    "cumulative_cardinality": 1065700,
                                                    "operator_type": "ORDER_BY",
                                                    "operator_cardinality": 8245,
                                                    "cumulative_rows_scanned": 5110826,
                                                    "operator_rows_scanned": 0,
                                                    "operator_timing": 0.000294218,
                                                    "result_set_size": 164900,
                                                    "children": [
                                                        {
                                                            "operator_name": "PROJECTION",
                                                            "cpu_time": 0.12747434300000007,
                                                            "extra_info": {
                                                                "Projections": [
                                                                    "PostId",
                                                                    "creationdate",
                                                                    "OwnerName"
                                                                ],
                                                                "Estimated Cardinality": "770023"
                                                            },
                                                            "cumulative_cardinality": 1057455,
                                                            "operator_type": "PROJECTION",
                                                            "operator_cardinality": 8245,
                                                            "cumulative_rows_scanned": 5110826,
                                                            "operator_rows_scanned": 0,
                                                            "operator_timing": 0.000004099,
                                                            "result_set_size": 230860,
                                                            "children": [
                                                                {
                                                                    "operator_name": "HASH_JOIN",
                                                                    "cpu_time": 0.12747024400000007,
                                                                    "extra_info": {
                                                                        "Join Type": "INNER",
                                                                        "Conditions": "id = owneruserid",
                                                                        "Estimated Cardinality": "770023"
                                                                    },
                                                                    "cumulative_cardinality": 1049210,
                                                                    "operator_type": "HASH_JOIN",
                                                                    "operator_cardinality": 8245,
                                                                    "cumulative_rows_scanned": 5110826,
                                                                    "operator_rows_scanned": 0,
                                                                    "operator_timing": 0.008794025000000002,
                                                                    "result_set_size": 230860,
                                                                    "children": [
                                                                        {
                                                                            "operator_name": "READ_PARQUET ",
                                                                            "cpu_time": 0.09892124000000008,
                                                                            "extra_info": {
                                                                                "Function": "READ_PARQUET",
                                                                                "Projections": [
                                                                                    "id",
                                                                                    "displayname"
                                                                                ],
                                                                                "Filters": "id<=1416539",
                                                                                "Estimated Cardinality": "1260710"
                                                                            },
                                                                            "cumulative_cardinality": 1031038,
                                                                            "operator_type": "TABLE_SCAN",
                                                                            "operator_cardinality": 1031038,
                                                                            "cumulative_rows_scanned": 1260710,
                                                                            "operator_rows_scanned": 1260710,
                                                                            "operator_timing": 0.09892124000000008,
                                                                            "result_set_size": 20620760,
                                                                            "children": []
                                                                        },
                                                                        {
                                                                            "operator_name": "READ_PARQUET ",
                                                                            "cpu_time": 0.019754979,
                                                                            "extra_info": {
                                                                                "Function": "READ_PARQUET",
                                                                                "Projections": [
                                                                                    "id",
                                                                                    "creationdate",
                                                                                    "owneruserid"
                                                                                ],
                                                                                "Filters": "creationdate>'2024-09-01 12:34:56'::TIMESTAMP",
                                                                                "Estimated Cardinality": "770023"
                                                                            },
                                                                            "cumulative_cardinality": 9927,
                                                                            "operator_type": "TABLE_SCAN",
                                                                            "operator_cardinality": 9927,
                                                                            "cumulative_rows_scanned": 3850116,
                                                                            "operator_rows_scanned": 3850116,
                                                                            "operator_timing": 0.019754979,
                                                                            "result_set_size": 158832,
                                                                            "children": []
                                                                        }
                                                                    ]
                                                                }
                                                            ]
                                                        }
                                                    ]
                                                },
                                                {
                                                    "operator_name": "STREAMING_LIMIT",
                                                    "cpu_time": 4.192741104000003,
                                                    "extra_info": {},
                                                    "cumulative_cardinality": 80499539,
                                                    "operator_type": "STREAMING_LIMIT",
                                                    "operator_cardinality": 10,
                                                    "cumulative_rows_scanned": 25096741,
                                                    "operator_rows_scanned": 0,
                                                    "operator_timing": 0.000001884,
                                                    "result_set_size": 360,
                                                    "children": [
                                                        {
                                                            "operator_name": "ORDER_BY",
                                                            "cpu_time": 4.1927392200000035,
                                                            "extra_info": {
                                                                "Order By": "((UserStats.PostCount + UserStats.UpVotes) - UserStats.DownVotes) DESC"
                                                            },
                                                            "cumulative_cardinality": 80499529,
                                                            "operator_type": "ORDER_BY",
                                                            "operator_cardinality": 4096,
                                                            "cumulative_rows_scanned": 25096741,
                                                            "operator_rows_scanned": 0,
                                                            "operator_timing": 0.000439799,
                                                            "result_set_size": 147456,
                                                            "children": [
                                                                {
                                                                    "operator_name": "PROJECTION",
                                                                    "cpu_time": 4.192299421000004,
                                                                    "extra_info": {
                                                                        "Projections": [
                                                                            "displayname",
                                                                            "reputation",
                                                                            "EngagementScore"
                                                                        ],
                                                                        "Estimated Cardinality": "1260710"
                                                                    },
                                                                    "cumulative_cardinality": 80495433,
                                                                    "operator_type": "PROJECTION",
                                                                    "operator_cardinality": 11215,
                                                                    "cumulative_rows_scanned": 25096741,
                                                                    "operator_rows_scanned": 0,
                                                                    "operator_timing": 0.00020986399999999998,
                                                                    "result_set_size": 403740,
                                                                    "children": [
                                                                        {
                                                                            "operator_name": "PROJECTION",
                                                                            "cpu_time": 4.192089557000004,
                                                                            "extra_info": {
                                                                                "Projections": [
                                                                                    "displayname",
                                                                                    "reputation",
                                                                                    "UpVotes",
                                                                                    "DownVotes",
                                                                                    "PostCount"
                                                                                ],
                                                                                "Estimated Cardinality": "1260710"
                                                                            },
                                                                            "cumulative_cardinality": 80484218,
                                                                            "operator_type": "PROJECTION",
                                                                            "operator_cardinality": 11215,
                                                                            "cumulative_rows_scanned": 25096741,
                                                                            "operator_rows_scanned": 0,
                                                                            "operator_timing": 0.000250019,
                                                                            "result_set_size": 672900,
                                                                            "children": [
                                                                                {
                                                                                    "operator_name": "HASH_GROUP_BY",
                                                                                    "cpu_time": 4.1918395380000035,
                                                                                    "extra_info": {
                                                                                        "Groups": [
                                                                                            "#0",
                                                                                            "#1",
                                                                                            "#2"
                                                                                        ],
                                                                                        "Aggregates": [
                                                                                            "sum(#3)",
                                                                                            "sum(#4)",
                                                                                            "count(DISTINCT #5)"
                                                                                        ],
                                                                                        "Estimated Cardinality": "1260710"
                                                                                    },
                                                                                    "cumulative_cardinality": 80473003,
                                                                                    "operator_type": "HASH_GROUP_BY",
                                                                                    "operator_cardinality": 11215,
                                                                                    "cumulative_rows_scanned": 25096741,
                                                                                    "operator_rows_scanned": 0,
                                                                                    "operator_timing": 1.8449132749999952,
                                                                                    "result_set_size": 717760,
                                                                                    "children": [
                                                                                        {
                                                                                            "operator_name": "PROJECTION",
                                                                                            "cpu_time": 2.3469262630000083,
                                                                                            "extra_info": {
                                                                                                "Projections": [
                                                                                                    "id",
                                                                                                    "displayname",
                                                                                                    "reputation",
                                                                                                    "CASE  WHEN ((votetypeid = 2)) THEN (1) ELSE 0 END",
                                                                                                    "CASE  WHEN ((votetypeid = 3)) THEN (1) ELSE 0 END",
                                                                                                    "id"
                                                                                                ],
                                                                                                "Estimated Cardinality": "12744093"
                                                                                            },
                                                                                            "cumulative_cardinality": 80461788,
                                                                                            "operator_type": "PROJECTION",
                                                                                            "operator_cardinality": 24534299,
                                                                                            "cumulative_rows_scanned": 25096741,
                                                                                            "operator_rows_scanned": 0,
                                                                                            "operator_timing": 0.16072080400000024,
                                                                                            "result_set_size": 883234764,
                                                                                            "children": [
                                                                                                {
                                                                                                    "operator_name": "HASH_JOIN",
                                                                                                    "cpu_time": 2.186205459000008,
                                                                                                    "extra_info": {
                                                                                                        "Join Type": "RIGHT",
                                                                                                        "Conditions": "postid = id",
                                                                                                        "Estimated Cardinality": "12744093"
                                                                                                    },
                                                                                                    "cumulative_cardinality": 55927489,
                                                                                                    "operator_type": "HASH_JOIN",
                                                                                                    "operator_cardinality": 24534299,
                                                                                                    "cumulative_rows_scanned": 25096741,
                                                                                                    "operator_rows_scanned": 0,
                                                                                                    "operator_timing": 1.1866994350000064,
                                                                                                    "result_set_size": 736028970,
                                                                                                    "children": [
                                                                                                        {
                                                                                                            "operator_name": "READ_PARQUET ",
                                                                                                            "cpu_time": 0.214075674000001,
                                                                                                            "extra_info": {
                                                                                                                "Function": "READ_PARQUET",
                                                                                                                "Projections": [
                                                                                                                    "postid",
                                                                                                                    "votetypeid"
                                                                                                                ],
                                                                                                                "Estimated Cardinality": "12744093"
                                                                                                            },
                                                                                                            "cumulative_cardinality": 12744093,
                                                                                                            "operator_type": "TABLE_SCAN",
                                                                                                            "operator_cardinality": 12744093,
                                                                                                            "cumulative_rows_scanned": 12744093,
                                                                                                            "operator_rows_scanned": 12744093,
                                                                                                            "operator_timing": 0.214075674000001,
                                                                                                            "result_set_size": 76464558,
                                                                                                            "children": []
                                                                                                        },
                                                                                                        {
                                                                                                            "operator_name": "HASH_JOIN",
                                                                                                            "cpu_time": 0.7854303500000004,
                                                                                                            "extra_info": {
                                                                                                                "Join Type": "RIGHT",
                                                                                                                "Conditions": "postid = id",
                                                                                                                "Estimated Cardinality": "7241822"
                                                                                                            },
                                                                                                            "cumulative_cardinality": 18649097,
                                                                                                            "operator_type": "HASH_JOIN",
                                                                                                            "operator_cardinality": 5316201,
                                                                                                            "cumulative_rows_scanned": 12352648,
                                                                                                            "operator_rows_scanned": 0,
                                                                                                            "operator_timing": 0.4758445410000004,
                                                                                                            "result_set_size": 170118432,
                                                                                                            "children": [
                                                                                                                {
                                                                                                                    "operator_name": "READ_PARQUET ",
                                                                                                                    "cpu_time": 0.08261411600000007,
                                                                                                                    "extra_info": {
                                                                                                                        "Function": "READ_PARQUET",
                                                                                                                        "Projections": "postid",
                                                                                                                        "Estimated Cardinality": "7241822"
                                                                                                                    },
                                                                                                                    "cumulative_cardinality": 7241822,
                                                                                                                    "operator_type": "TABLE_SCAN",
                                                                                                                    "operator_cardinality": 7241822,
                                                                                                                    "cumulative_rows_scanned": 7241822,
                                                                                                                    "operator_rows_scanned": 7241822,
                                                                                                                    "operator_timing": 0.08261411600000007,
                                                                                                                    "result_set_size": 28967288,
                                                                                                                    "children": []
                                                                                                                },
                                                                                                                {
                                                                                                                    "operator_name": "HASH_JOIN",
                                                                                                                    "cpu_time": 0.22697169299999992,
                                                                                                                    "extra_info": {
                                                                                                                        "Join Type": "RIGHT",
                                                                                                                        "Conditions": "owneruserid = id",
                                                                                                                        "Estimated Cardinality": "3850116"
                                                                                                                    },
                                                                                                                    "cumulative_cardinality": 6091074,
                                                                                                                    "operator_type": "HASH_JOIN",
                                                                                                                    "operator_cardinality": 2396486,
                                                                                                                    "cumulative_rows_scanned": 5110826,
                                                                                                                    "operator_rows_scanned": 0,
                                                                                                                    "operator_timing": 0.08667674500000008,
                                                                                                                    "result_set_size": 67101608,
                                                                                                                    "children": [
                                                                                                                        {
                                                                                                                            "operator_name": "READ_PARQUET ",
                                                                                                                            "cpu_time": 0.0869420519999999,
                                                                                                                            "extra_info": {
                                                                                                                                "Function": "READ_PARQUET",
                                                                                                                                "Projections": [
                                                                                                                                    "id",
                                                                                                                                    "owneruserid"
                                                                                                                                ],
                                                                                                                                "Estimated Cardinality": "3850116"
                                                                                                                            },
                                                                                                                            "cumulative_cardinality": 3683373,
                                                                                                                            "operator_type": "TABLE_SCAN",
                                                                                                                            "operator_cardinality": 3683373,
                                                                                                                            "cumulative_rows_scanned": 3850116,
                                                                                                                            "operator_rows_scanned": 3850116,
                                                                                                                            "operator_timing": 0.0869420519999999,
                                                                                                                            "result_set_size": 29466984,
                                                                                                                            "children": []
                                                                                                                        },
                                                                                                                        {
                                                                                                                            "operator_name": "READ_PARQUET ",
                                                                                                                            "cpu_time": 0.05335289599999994,
                                                                                                                            "extra_info": {
                                                                                                                                "Function": "READ_PARQUET",
                                                                                                                                "Projections": [
                                                                                                                                    "id",
                                                                                                                                    "reputation",
                                                                                                                                    "displayname"
                                                                                                                                ],
                                                                                                                                "Filters": "reputation>1000",
                                                                                                                                "Estimated Cardinality": "252142"
                                                                                                                            },
                                                                                                                            "cumulative_cardinality": 11215,
                                                                                                                            "operator_type": "TABLE_SCAN",
                                                                                                                            "operator_cardinality": 11215,
                                                                                                                            "cumulative_rows_scanned": 1260710,
                                                                                                                            "operator_rows_scanned": 1260710,
                                                                                                                            "operator_timing": 0.05335289599999994,
                                                                                                                            "result_set_size": 269160,
                                                                                                                            "children": []
                                                                                                                        }
                                                                                                                    ]
                                                                                                                }
                                                                                                            ]
                                                                                                        }
                                                                                                    ]
                                                                                                }
                                                                                            ]
                                                                                        }
                                                                                    ]
                                                                                }
                                                                            ]
                                                                        }
                                                                    ]
                                                                }
                                                            ]
                                                        }
                                                    ]
                                                }
                                            ]
                                        }
                                    ]
                                }
                            ]
                        }
                    ]
                }
            ]
        }
    ]
}