{
    "rows_returned": 10,
    "query_name": "\nWITH UserVoteStats AS (\n    SELECT \n        u.Id AS UserId,\n        u.DisplayName,\n        COUNT(v.Id) AS TotalVotes,\n        SUM(CASE WHEN vt.Name = 'UpMod' THEN 1 ELSE 0 END) AS Upvotes,\n        SUM(CASE WHEN vt.Name = 'DownMod' THEN 1 ELSE 0 END) AS Downvotes,\n        SUM(CASE WHEN vt.Name = 'Favorite' THEN 1 ELSE 0 END) AS Favorites\n    FROM Users u\n    LEFT JOIN Votes v ON u.Id = v.UserId\n    LEFT JOIN VoteTypes vt ON v.VoteTypeId = vt.Id\n    WHERE u.Reputation > 1000\n    GROUP BY u.Id, u.DisplayName\n),\nPostStats AS (\n    SELECT \n        p.Id AS PostId,\n        p.Title,\n        p.ViewCount,\n        p.Score,\n        COUNT(c.Id) AS CommentCount,\n        COUNT(v.Id) AS VoteCount\n    FROM Posts p\n    LEFT JOIN Comments c ON p.Id = c.PostId\n    LEFT JOIN Votes v ON p.Id = v.PostId\n    WHERE p.CreationDate >= TIMESTAMP '2024-10-01 12:34:56' - INTERVAL '1 year'\n    GROUP BY p.Id, p.Title, p.ViewCount, p.Score\n),\nUserPostEngagement AS (\n    SELECT \n        ups.UserId,\n        ups.DisplayName,\n        COUNT(ps.PostId) AS PostCount,\n        SUM(ps.ViewCount) AS TotalViews,\n        SUM(ps.CommentCount) AS TotalComments,\n        SUM(ps.VoteCount) AS TotalVotes\n    FROM UserVoteStats ups\n    JOIN Posts pos ON ups.UserId = pos.OwnerUserId\n    JOIN PostStats ps ON pos.Id = ps.PostId\n    GROUP BY ups.UserId, ups.DisplayName\n)\nSELECT \n    upe.UserId,\n    upe.DisplayName,\n    upe.PostCount,\n    upe.TotalViews,\n    upe.TotalComments,\n    upe.TotalVotes,\n    u.Reputation\nFROM UserPostEngagement upe\nJOIN Users u ON upe.UserId = u.Id\nWHERE u.Reputation > 1000\nORDER BY upe.TotalVotes DESC, upe.TotalViews DESC\nLIMIT 10;\n",
    "blocked_thread_time": 0.0,
    "cpu_time": 0.7694125010000007,
    "extra_info": {},
    "cumulative_cardinality": 10215816,
    "cumulative_rows_scanned": 42951675,
    "result_set_size": 800,
    "latency": 0.870093951,
    "children": [
        {
            "operator_name": "STREAMING_LIMIT",
            "cpu_time": 0.7694125010000007,
            "extra_info": {},
            "cumulative_cardinality": 10215816,
            "operator_type": "STREAMING_LIMIT",
            "operator_cardinality": 10,
            "cumulative_rows_scanned": 42951675,
            "operator_rows_scanned": 0,
            "operator_timing": 0.000001584,
            "result_set_size": 800,
            "children": [
                {
                    "operator_name": "ORDER_BY",
                    "cpu_time": 0.7694109170000006,
                    "extra_info": {
                        "Order By": [
                            "upe.TotalVotes DESC",
                            "upe.TotalViews DESC"
                        ]
                    },
                    "cumulative_cardinality": 10215806,
                    "operator_type": "ORDER_BY",
                    "operator_cardinality": 3630,
                    "cumulative_rows_scanned": 42951675,
                    "operator_rows_scanned": 0,
                    "operator_timing": 0.00034578600000000005,
                    "result_set_size": 290400,
                    "children": [
                        {
                            "operator_name": "PROJECTION",
                            "cpu_time": 0.7690651310000006,
                            "extra_info": {
                                "Projections": [
                                    "UserId",
                                    "displayname",
                                    "PostCount",
                                    "TotalViews",
                                    "TotalComments",
                                    "TotalVotes",
                                    "reputation"
                                ],
                                "Estimated Cardinality": "252142"
                            },
                            "cumulative_cardinality": 10212176,
                            "operator_type": "PROJECTION",
                            "operator_cardinality": 3630,
                            "cumulative_rows_scanned": 42951675,
                            "operator_rows_scanned": 0,
                            "operator_timing": 0.000001212,
                            "result_set_size": 290400,
                            "children": [
                                {
                                    "operator_name": "HASH_JOIN",
                                    "cpu_time": 0.7690639190000006,
                                    "extra_info": {
                                        "Join Type": "INNER",
                                        "Conditions": "UserId = id",
                                        "Estimated Cardinality": "252142"
                                    },
                                    "cumulative_cardinality": 10208546,
                                    "operator_type": "HASH_JOIN",
                                    "operator_cardinality": 3630,
                                    "cumulative_rows_scanned": 42951675,
                                    "operator_rows_scanned": 0,
                                    "operator_timing": 0.006488702,
                                    "result_set_size": 304920,
                                    "children": [
                                        {
                                            "operator_name": "HASH_GROUP_BY",
                                            "cpu_time": 0.7449363990000006,
                                            "extra_info": {
                                                "Groups": [
                                                    "#0",
                                                    "#1"
                                                ],
                                                "Aggregates": [
                                                    "count_star()",
                                                    "sum(#2)",
                                                    "sum(#3)",
                                                    "sum(#4)"
                                                ],
                                                "Estimated Cardinality": "1260710"
                                            },
                                            "cumulative_cardinality": 10182486,
                                            "operator_type": "HASH_GROUP_BY",
                                            "operator_cardinality": 3630,
                                            "cumulative_rows_scanned": 41690965,
                                            "operator_rows_scanned": 0,
                                            "operator_timing": 0.0033002,
                                            "result_set_size": 275880,
                                            "children": [
                                                {
                                                    "operator_name": "PROJECTION",
                                                    "cpu_time": 0.7416361990000007,
                                                    "extra_info": {
                                                        "Projections": [
                                                            "UserId",
                                                            "displayname",
                                                            "viewcount",
                                                            "CommentCount",
                                                            "VoteCount"
                                                        ],
                                                        "Estimated Cardinality": "3850116"
                                                    },
                                                    "cumulative_cardinality": 10178856,
                                                    "operator_type": "PROJECTION",
                                                    "operator_cardinality": 72225,
                                                    "cumulative_rows_scanned": 41690965,
                                                    "operator_rows_scanned": 0,
                                                    "operator_timing": 0.000026974999999999995,
                                                    "result_set_size": 2889000,
                                                    "children": [
                                                        {
                                                            "operator_name": "HASH_JOIN",
                                                            "cpu_time": 0.7416092240000006,
                                                            "extra_info": {
                                                                "Join Type": "INNER",
                                                                "Conditions": "owneruserid = UserId",
                                                                "Estimated Cardinality": "3850116"
                                                            },
                                                            "cumulative_cardinality": 10106631,
                                                            "operator_type": "HASH_JOIN",
                                                            "operator_cardinality": 72225,
                                                            "cumulative_rows_scanned": 41690965,
                                                            "operator_rows_scanned": 0,
                                                            "operator_timing": 0.004058063999999998,
                                                            "result_set_size": 2889000,
                                                            "children": [
                                                                {
                                                                    "operator_name": "HASH_JOIN",
                                                                    "cpu_time": 0.5322346109999999,
                                                                    "extra_info": {
                                                                        "Join Type": "INNER",
                                                                        "Conditions": "PostId = id",
                                                                        "Estimated Cardinality": "3850116"
                                                                    },
                                                                    "cumulative_cardinality": 9824876,
                                                                    "operator_type": "HASH_JOIN",
                                                                    "operator_cardinality": 145542,
                                                                    "cumulative_rows_scanned": 27686147,
                                                                    "operator_rows_scanned": 0,
                                                                    "operator_timing": 0.20945758499999984,
                                                                    "result_set_size": 3493008,
                                                                    "children": [
                                                                        {
                                                                            "operator_name": "PROJECTION",
                                                                            "cpu_time": 0.278907028,
                                                                            "extra_info": {
                                                                                "Projections": [
                                                                                    "PostId",
                                                                                    "viewcount",
                                                                                    "CommentCount",
                                                                                    "VoteCount"
                                                                                ],
                                                                                "Estimated Cardinality": "3850116"
                                                                            },
                                                                            "cumulative_cardinality": 5829218,
                                                                            "operator_type": "PROJECTION",
                                                                            "operator_cardinality": 145542,
                                                                            "cumulative_rows_scanned": 23836031,
                                                                            "operator_rows_scanned": 0,
                                                                            "operator_timing": 0.000023254,
                                                                            "result_set_size": 3493008,
                                                                            "children": [
                                                                                {
                                                                                    "operator_name": "PROJECTION",
                                                                                    "cpu_time": 0.27888377400000003,
                                                                                    "extra_info": {
                                                                                        "Projections": [
                                                                                            "#0",
                                                                                            "#1",
                                                                                            "#2",
                                                                                            "__internal_decompress_integral_integer(#3, -72)",
                                                                                            "#4",
                                                                                            "#5"
                                                                                        ],
                                                                                        "Estimated Cardinality": "3850116"
                                                                                    },
                                                                                    "cumulative_cardinality": 5683676,
                                                                                    "operator_type": "PROJECTION",
                                                                                    "operator_cardinality": 145542,
                                                                                    "cumulative_rows_scanned": 23836031,
                                                                                    "operator_rows_scanned": 0,
                                                                                    "operator_timing": 0.00006917599999999999,
                                                                                    "result_set_size": 6403848,
                                                                                    "children": [
                                                                                        {
                                                                                            "operator_name": "HASH_GROUP_BY",
                                                                                            "cpu_time": 0.278814598,
                                                                                            "extra_info": {
                                                                                                "Groups": [
                                                                                                    "#0",
                                                                                                    "#1",
                                                                                                    "#2",
                                                                                                    "#3"
                                                                                                ],
                                                                                                "Aggregates": [
                                                                                                    "count(#4)",
                                                                                                    "count(#5)"
                                                                                                ],
                                                                                                "Estimated Cardinality": "3850116"
                                                                                            },
                                                                                            "cumulative_cardinality": 5538134,
                                                                                            "operator_type": "HASH_GROUP_BY",
                                                                                            "operator_cardinality": 145542,
                                                                                            "cumulative_rows_scanned": 23836031,
                                                                                            "operator_rows_scanned": 0,
                                                                                            "operator_timing": 0.088609705,
                                                                                            "result_set_size": 6112764,
                                                                                            "children": [
                                                                                                {
                                                                                                    "operator_name": "PROJECTION",
                                                                                                    "cpu_time": 0.190204893,
                                                                                                    "extra_info": {
                                                                                                        "Projections": [
                                                                                                            "id",
                                                                                                            "title",
                                                                                                            "viewcount",
                                                                                                            "score",
                                                                                                            "id",
                                                                                                            "id"
                                                                                                        ],
                                                                                                        "Estimated Cardinality": "12744093"
                                                                                                    },
                                                                                                    "cumulative_cardinality": 5392592,
                                                                                                    "operator_type": "PROJECTION",
                                                                                                    "operator_cardinality": 954760,
                                                                                                    "cumulative_rows_scanned": 23836031,
                                                                                                    "operator_rows_scanned": 0,
                                                                                                    "operator_timing": 0.00023154999999999996,
                                                                                                    "result_set_size": 32461840,
                                                                                                    "children": [
                                                                                                        {
                                                                                                            "operator_name": "PROJECTION",
                                                                                                            "cpu_time": 0.18997334300000002,
                                                                                                            "extra_info": {
                                                                                                                "Projections": [
                                                                                                                    "#0",
                                                                                                                    "#1",
                                                                                                                    "#2",
                                                                                                                    "__internal_compress_integral_usmallint(#3, -72)",
                                                                                                                    "#4",
                                                                                                                    "#5"
                                                                                                                ],
                                                                                                                "Estimated Cardinality": "12744093"
                                                                                                            },
                                                                                                            "cumulative_cardinality": 4437832,
                                                                                                            "operator_type": "PROJECTION",
                                                                                                            "operator_cardinality": 954760,
                                                                                                            "cumulative_rows_scanned": 23836031,
                                                                                                            "operator_rows_scanned": 0,
                                                                                                            "operator_timing": 0.000495379,
                                                                                                            "result_set_size": 32461840,
                                                                                                            "children": [
                                                                                                                {
                                                                                                                    "operator_name": "PROJECTION",
                                                                                                                    "cpu_time": 0.18947796400000003,
                                                                                                                    "extra_info": {
                                                                                                                        "Projections": [
                                                                                                                            "#0",
                                                                                                                            "#1",
                                                                                                                            "#2",
                                                                                                                            "__internal_decompress_integral_integer(#3, -72)",
                                                                                                                            "#4",
                                                                                                                            "#5"
                                                                                                                        ],
                                                                                                                        "Estimated Cardinality": "12744093"
                                                                                                                    },
                                                                                                                    "cumulative_cardinality": 3483072,
                                                                                                                    "operator_type": "PROJECTION",
                                                                                                                    "operator_cardinality": 954760,
                                                                                                                    "cumulative_rows_scanned": 23836031,
                                                                                                                    "operator_rows_scanned": 0,
                                                                                                                    "operator_timing": 0.0005275799999999999,
                                                                                                                    "result_set_size": 34371360,
                                                                                                                    "children": [
                                                                                                                        {
                                                                                                                            "operator_name": "HASH_JOIN",
                                                                                                                            "cpu_time": 0.18895038400000003,
                                                                                                                            "extra_info": {
                                                                                                                                "Join Type": "RIGHT",
                                                                                                                                "Conditions": "postid = id",
                                                                                                                                "Estimated Cardinality": "12744093"
                                                                                                                            },
                                                                                                                            "cumulative_cardinality": 2528312,
                                                                                                                            "operator_type": "HASH_JOIN",
                                                                                                                            "operator_cardinality": 954760,
                                                                                                                            "cumulative_rows_scanned": 23836031,
                                                                                                                            "operator_rows_scanned": 0,
                                                                                                                            "operator_timing": 0.06040755000000001,
                                                                                                                            "result_set_size": 32461840,
                                                                                                                            "children": [
                                                                                                                                {
                                                                                                                                    "operator_name": "READ_PARQUET ",
                                                                                                                                    "cpu_time": 0.019382333,
                                                                                                                                    "extra_info": {
                                                                                                                                        "Function": "READ_PARQUET",
                                                                                                                                        "Projections": [
                                                                                                                                            "id",
                                                                                                                                            "postid"
                                                                                                                                        ],
                                                                                                                                        "Estimated Cardinality": "12744093"
                                                                                                                                    },
                                                                                                                                    "cumulative_cardinality": 442526,
                                                                                                                                    "operator_type": "TABLE_SCAN",
                                                                                                                                    "operator_cardinality": 442526,
                                                                                                                                    "cumulative_rows_scanned": 12744093,
                                                                                                                                    "operator_rows_scanned": 12744093,
                                                                                                                                    "operator_timing": 0.019382333,
                                                                                                                                    "result_set_size": 3540208,
                                                                                                                                    "children": []
                                                                                                                                },
                                                                                                                                {
                                                                                                                                    "operator_name": "PROJECTION",
                                                                                                                                    "cpu_time": 0.10916050100000002,
                                                                                                                                    "extra_info": {
                                                                                                                                        "Projections": [
                                                                                                                                            "#0",
                                                                                                                                            "#1",
                                                                                                                                            "__internal_compress_integral_usmallint(#2, -72)",
                                                                                                                                            "#3",
                                                                                                                                            "#4"
                                                                                                                                        ],
                                                                                                                                        "Estimated Cardinality": "7241822"
                                                                                                                                    },
                                                                                                                                    "cumulative_cardinality": 1131026,
                                                                                                                                    "operator_type": "PROJECTION",
                                                                                                                                    "operator_cardinality": 349210,
                                                                                                                                    "cumulative_rows_scanned": 11091938,
                                                                                                                                    "operator_rows_scanned": 0,
                                                                                                                                    "operator_timing": 0.0001563610000000001,
                                                                                                                                    "result_set_size": 10476300,
                                                                                                                                    "children": [
                                                                                                                                        {
                                                                                                                                            "operator_name": "HASH_JOIN",
                                                                                                                                            "cpu_time": 0.10900414000000003,
                                                                                                                                            "extra_info": {
                                                                                                                                                "Join Type": "RIGHT",
                                                                                                                                                "Conditions": "postid = id",
                                                                                                                                                "Estimated Cardinality": "7241822"
                                                                                                                                            },
                                                                                                                                            "cumulative_cardinality": 781816,
                                                                                                                                            "operator_type": "HASH_JOIN",
                                                                                                                                            "operator_cardinality": 349210,
                                                                                                                                            "cumulative_rows_scanned": 11091938,
                                                                                                                                            "operator_rows_scanned": 0,
                                                                                                                                            "operator_timing": 0.027751468000000005,
                                                                                                                                            "result_set_size": 11174720,
                                                                                                                                            "children": [
                                                                                                                                                {
                                                                                                                                                    "operator_name": "READ_PARQUET ",
                                                                                                                                                    "cpu_time": 0.013624803999999996,
                                                                                                                                                    "extra_info": {
                                                                                                                                                        "Function": "READ_PARQUET",
                                                                                                                                                        "Projections": [
                                                                                                                                                            "id",
                                                                                                                                                            "postid"
                                                                                                                                                        ],
                                                                                                                                                        "Estimated Cardinality": "7241822"
                                                                                                                                                    },
                                                                                                                                                    "cumulative_cardinality": 287064,
                                                                                                                                                    "operator_type": "TABLE_SCAN",
                                                                                                                                                    "operator_cardinality": 287064,
                                                                                                                                                    "cumulative_rows_scanned": 7241822,
                                                                                                                                                    "operator_rows_scanned": 7241822,
                                                                                                                                                    "operator_timing": 0.013624803999999996,
                                                                                                                                                    "result_set_size": 2296512,
                                                                                                                                                    "children": []
                                                                                                                                                },
                                                                                                                                                {
                                                                                                                                                    "operator_name": "READ_PARQUET ",
                                                                                                                                                    "cpu_time": 0.06762786800000002,
                                                                                                                                                    "extra_info": {
                                                                                                                                                        "Function": "READ_PARQUET",
                                                                                                                                                        "Projections": [
                                                                                                                                                            "id",
                                                                                                                                                            "score",
                                                                                                                                                            "viewcount",
                                                                                                                                                            "title"
                                                                                                                                                        ],
                                                                                                                                                        "Filters": "creationdate>='2023-10-01 12:34:56'::TIMESTAMP",
                                                                                                                                                        "Estimated Cardinality": "770023"
                                                                                                                                                    },
                                                                                                                                                    "cumulative_cardinality": 145542,
                                                                                                                                                    "operator_type": "TABLE_SCAN",
                                                                                                                                                    "operator_cardinality": 145542,
                                                                                                                                                    "cumulative_rows_scanned": 3850116,
                                                                                                                                                    "operator_rows_scanned": 3850116,
                                                                                                                                                    "operator_timing": 0.06762786800000002,
                                                                                                                                                    "result_set_size": 4075176,
                                                                                                                                                    "children": []
                                                                                                                                                }
                                                                                                                                            ]
                                                                                                                                        }
                                                                                                                                    ]
                                                                                                                                }
                                                                                                                            ]
                                                                                                                        }
                                                                                                                    ]
                                                                                                                }
                                                                                                            ]
                                                                                                        }
                                                                                                    ]
                                                                                                }
                                                                                            ]
                                                                                        }
                                                                                    ]
                                                                                }
                                                                            ]
                                                                        },
                                                                        {
                                                                            "operator_name": "READ_PARQUET ",
                                                                            "cpu_time": 0.043869998000000125,
                                                                            "extra_info": {
                                                                                "Function": "READ_PARQUET",
                                                                                "Projections": [
                                                                                    "id",
                                                                                    "owneruserid"
                                                                                ],
                                                                                "Estimated Cardinality": "3850116"
                                                                            },
                                                                            "cumulative_cardinality": 3850116,
                                                                            "operator_type": "TABLE_SCAN",
                                                                            "operator_cardinality": 3850116,
                                                                            "cumulative_rows_scanned": 3850116,
                                                                            "operator_rows_scanned": 3850116,
                                                                            "operator_timing": 0.043869998000000125,
                                                                            "result_set_size": 30800928,
                                                                            "children": []
                                                                        }
                                                                    ]
                                                                },
                                                                {
                                                                    "operator_name": "HASH_GROUP_BY",
                                                                    "cpu_time": 0.20531654900000076,
                                                                    "extra_info": {
                                                                        "Groups": [
                                                                            "#0",
                                                                            "#1"
                                                                        ],
                                                                        "Aggregates": "",
                                                                        "Estimated Cardinality": "1260710"
                                                                    },
                                                                    "cumulative_cardinality": 209530,
                                                                    "operator_type": "HASH_GROUP_BY",
                                                                    "operator_cardinality": 11215,
                                                                    "cumulative_rows_scanned": 14004818,
                                                                    "operator_rows_scanned": 0,
                                                                    "operator_timing": 0.001832954,
                                                                    "result_set_size": 224300,
                                                                    "children": [
                                                                        {
                                                                            "operator_name": "PROJECTION",
                                                                            "cpu_time": 0.20348359500000077,
                                                                            "extra_info": {
                                                                                "Projections": [
                                                                                    "id",
                                                                                    "displayname"
                                                                                ],
                                                                                "Estimated Cardinality": "12744093"
                                                                            },
                                                                            "cumulative_cardinality": 198315,
                                                                            "operator_type": "PROJECTION",
                                                                            "operator_cardinality": 30059,
                                                                            "cumulative_rows_scanned": 14004818,
                                                                            "operator_rows_scanned": 0,
                                                                            "operator_timing": 0.0000033870000000000008,
                                                                            "result_set_size": 601180,
                                                                            "children": [
                                                                                {
                                                                                    "operator_name": "PROJECTION",
                                                                                    "cpu_time": 0.20348020800000077,
                                                                                    "extra_info": {
                                                                                        "Projections": [
                                                                                            "#0",
                                                                                            "#1",
                                                                                            "__internal_compress_integral_utinyint(#2, 1)"
                                                                                        ],
                                                                                        "Estimated Cardinality": "12744093"
                                                                                    },
                                                                                    "cumulative_cardinality": 168256,
                                                                                    "operator_type": "PROJECTION",
                                                                                    "operator_cardinality": 30059,
                                                                                    "cumulative_rows_scanned": 14004818,
                                                                                    "operator_rows_scanned": 0,
                                                                                    "operator_timing": 0.000015582,
                                                                                    "result_set_size": 631239,
                                                                                    "children": [
                                                                                        {
                                                                                            "operator_name": "FILTER",
                                                                                            "cpu_time": 0.2034646260000008,
                                                                                            "extra_info": {
                                                                                                "Expression": "(#0 <= 1416539)",
                                                                                                "Estimated Cardinality": "12744093"
                                                                                            },
                                                                                            "cumulative_cardinality": 138197,
                                                                                            "operator_type": "FILTER",
                                                                                            "operator_cardinality": 30059,
                                                                                            "cumulative_rows_scanned": 14004818,
                                                                                            "operator_rows_scanned": 0,
                                                                                            "operator_timing": 0.000060662,
                                                                                            "result_set_size": 661298,
                                                                                            "children": [
                                                                                                {
                                                                                                    "operator_name": "HASH_JOIN",
                                                                                                    "cpu_time": 0.2034039640000008,
                                                                                                    "extra_info": {
                                                                                                        "Join Type": "LEFT",
                                                                                                        "Conditions": "votetypeid = id",
                                                                                                        "Estimated Cardinality": "12744093"
                                                                                                    },
                                                                                                    "cumulative_cardinality": 108138,
                                                                                                    "operator_type": "HASH_JOIN",
                                                                                                    "operator_cardinality": 30059,
                                                                                                    "cumulative_rows_scanned": 14004818,
                                                                                                    "operator_rows_scanned": 0,
                                                                                                    "operator_timing": 0.000374098,
                                                                                                    "result_set_size": 661298,
                                                                                                    "children": [
                                                                                                        {
                                                                                                            "operator_name": "HASH_JOIN",
                                                                                                            "cpu_time": 0.2028697260000008,
                                                                                                            "extra_info": {
                                                                                                                "Join Type": "RIGHT",
                                                                                                                "Conditions": "userid = id",
                                                                                                                "Estimated Cardinality": "12744093"
                                                                                                            },
                                                                                                            "cumulative_cardinality": 78064,
                                                                                                            "operator_type": "HASH_JOIN",
                                                                                                            "operator_cardinality": 30059,
                                                                                                            "cumulative_rows_scanned": 14004803,
                                                                                                            "operator_rows_scanned": 0,
                                                                                                            "operator_timing": 0.013186398000000505,
                                                                                                            "result_set_size": 661298,
                                                                                                            "children": [
                                                                                                                {
                                                                                                                    "operator_name": "READ_PARQUET ",
                                                                                                                    "cpu_time": 0.1368317230000003,
                                                                                                                    "extra_info": {
                                                                                                                        "Function": "READ_PARQUET",
                                                                                                                        "Projections": [
                                                                                                                            "votetypeid",
                                                                                                                            "userid"
                                                                                                                        ],
                                                                                                                        "Estimated Cardinality": "12744093"
                                                                                                                    },
                                                                                                                    "cumulative_cardinality": 36790,
                                                                                                                    "operator_type": "TABLE_SCAN",
                                                                                                                    "operator_cardinality": 36790,
                                                                                                                    "cumulative_rows_scanned": 12744093,
                                                                                                                    "operator_rows_scanned": 12744093,
                                                                                                                    "operator_timing": 0.1368317230000003,
                                                                                                                    "result_set_size": 220740,
                                                                                                                    "children": []
                                                                                                                },
                                                                                                                {
                                                                                                                    "operator_name": "READ_PARQUET ",
                                                                                                                    "cpu_time": 0.052851605,
                                                                                                                    "extra_info": {
                                                                                                                        "Function": "READ_PARQUET",
                                                                                                                        "Projections": [
                                                                                                                            "id",
                                                                                                                            "displayname"
                                                                                                                        ],
                                                                                                                        "Filters": "reputation>1000",
                                                                                                                        "Estimated Cardinality": "252142"
                                                                                                                    },
                                                                                                                    "cumulative_cardinality": 11215,
                                                                                                                    "operator_type": "TABLE_SCAN",
                                                                                                                    "operator_cardinality": 11215,
                                                                                                                    "cumulative_rows_scanned": 1260710,
                                                                                                                    "operator_rows_scanned": 1260710,
                                                                                                                    "operator_timing": 0.052851605,
                                                                                                                    "result_set_size": 224300,
                                                                                                                    "children": []
                                                                                                                }
                                                                                                            ]
                                                                                                        },
                                                                                                        {
                                                                                                            "operator_name": "READ_PARQUET ",
                                                                                                            "cpu_time": 0.00016014,
                                                                                                            "extra_info": {
                                                                                                                "Function": "READ_PARQUET",
                                                                                                                "Projections": "id",
                                                                                                                "Estimated Cardinality": "15"
                                                                                                            },
                                                                                                            "cumulative_cardinality": 15,
                                                                                                            "operator_type": "TABLE_SCAN",
                                                                                                            "operator_cardinality": 15,
                                                                                                            "cumulative_rows_scanned": 15,
                                                                                                            "operator_rows_scanned": 15,
                                                                                                            "operator_timing": 0.00016014,
                                                                                                            "result_set_size": 30,
                                                                                                            "children": []
                                                                                                        }
                                                                                                    ]
                                                                                                }
                                                                                            ]
                                                                                        }
                                                                                    ]
                                                                                }
                                                                            ]
                                                                        }
                                                                    ]
                                                                }
                                                            ]
                                                        }
                                                    ]
                                                }
                                            ]
                                        },
                                        {
                                            "operator_name": "FILTER",
                                            "cpu_time": 0.01763881799999999,
                                            "extra_info": {
                                                "Expression": "(id <= 1416539)",
                                                "Estimated Cardinality": "252142"
                                            },
                                            "cumulative_cardinality": 22430,
                                            "operator_type": "FILTER",
                                            "operator_cardinality": 11215,
                                            "cumulative_rows_scanned": 1260710,
                                            "operator_rows_scanned": 0,
                                            "operator_timing": 0.0004167849999999996,
                                            "result_set_size": 89720,
                                            "children": [
                                                {
                                                    "operator_name": "READ_PARQUET ",
                                                    "cpu_time": 0.01722203299999999,
                                                    "extra_info": {
                                                        "Function": "READ_PARQUET",
                                                        "Projections": [
                                                            "id",
                                                            "reputation"
                                                        ],
                                                        "Filters": "reputation>1000",
                                                        "Estimated Cardinality": "252142"
                                                    },
                                                    "cumulative_cardinality": 11215,
                                                    "operator_type": "TABLE_SCAN",
                                                    "operator_cardinality": 11215,
                                                    "cumulative_rows_scanned": 1260710,
                                                    "operator_rows_scanned": 1260710,
                                                    "operator_timing": 0.01722203299999999,
                                                    "result_set_size": 89720,
                                                    "children": []
                                                }
                                            ]
                                        }
                                    ]
                                }
                            ]
                        }
                    ]
                }
            ]
        }
    ]
}