{
    "rows_returned": 10,
    "query_name": "WITH UserBadgeCounts AS (\n    SELECT \n        U.Id AS UserId,\n        U.DisplayName,\n        COUNT(B.Id) AS BadgeCount,\n        SUM(CASE WHEN B.Class = 1 THEN 1 ELSE 0 END) AS GoldBadges,\n        SUM(CASE WHEN B.Class = 2 THEN 1 ELSE 0 END) AS SilverBadges,\n        SUM(CASE WHEN B.Class = 3 THEN 1 ELSE 0 END) AS BronzeBadges\n    FROM Users U\n    LEFT JOIN Badges B ON U.Id = B.UserId\n    GROUP BY U.Id, U.DisplayName\n),\nPostStatistics AS (\n    SELECT \n        P.OwnerUserId,\n        COUNT(P.Id) AS TotalPosts,\n        COUNT(CASE WHEN P.PostTypeId = 1 THEN 1 END) AS Questions,\n        COUNT(CASE WHEN P.PostTypeId = 2 THEN 1 END) AS Answers,\n        SUM(P.Score) AS TotalScore,\n        AVG(P.ViewCount) AS AvgViewCount\n    FROM Posts P\n    GROUP BY P.OwnerUserId\n),\nCombinedStats AS (\n    SELECT \n        U.Id AS UserId,\n        U.DisplayName,\n        COALESCE(UB.BadgeCount, 0) AS BadgeCount,\n        COALESCE(UB.GoldBadges, 0) AS GoldBadges,\n        COALESCE(UB.SilverBadges, 0) AS SilverBadges,\n        COALESCE(UB.BronzeBadges, 0) AS BronzeBadges,\n        COALESCE(PS.TotalPosts, 0) AS TotalPosts,\n        COALESCE(PS.Questions, 0) AS Questions,\n        COALESCE(PS.Answers, 0) AS Answers,\n        COALESCE(PS.TotalScore, 0) AS TotalScore,\n        COALESCE(PS.AvgViewCount, 0.0) AS AvgViewCount\n    FROM Users U\n    LEFT JOIN UserBadgeCounts UB ON U.Id = UB.UserId\n    LEFT JOIN PostStatistics PS ON U.Id = PS.OwnerUserId\n)\nSELECT \n    UserId, \n    DisplayName, \n    BadgeCount, \n    GoldBadges, \n    SilverBadges, \n    BronzeBadges, \n    TotalPosts, \n    Questions, \n    Answers, \n    TotalScore, \n    AvgViewCount\nFROM CombinedStats\nORDER BY TotalScore DESC, TotalPosts DESC\nLIMIT 10;\n",
    "blocked_thread_time": 0.0,
    "cpu_time": 1.909967392,
    "extra_info": {},
    "cumulative_cardinality": 25289490,
    "cumulative_rows_scanned": 8693260,
    "result_set_size": 1240,
    "latency": 2.259184788,
    "children": [
        {
            "operator_name": "STREAMING_LIMIT",
            "cpu_time": 1.909967392,
            "extra_info": {},
            "cumulative_cardinality": 25289490,
            "operator_type": "STREAMING_LIMIT",
            "operator_cardinality": 10,
            "cumulative_rows_scanned": 8693260,
            "operator_rows_scanned": 0,
            "operator_timing": 0.0000030360000000000002,
            "result_set_size": 1240,
            "children": [
                {
                    "operator_name": "ORDER_BY",
                    "cpu_time": 1.909964356,
                    "extra_info": {
                        "Order By": [
                            "CombinedStats.TotalScore DESC",
                            "CombinedStats.TotalPosts DESC"
                        ]
                    },
                    "cumulative_cardinality": 25289480,
                    "operator_type": "ORDER_BY",
                    "operator_cardinality": 4096,
                    "cumulative_rows_scanned": 8693260,
                    "operator_rows_scanned": 0,
                    "operator_timing": 0.152066678,
                    "result_set_size": 507904,
                    "children": [
                        {
                            "operator_name": "PROJECTION",
                            "cpu_time": 1.757897678,
                            "extra_info": {
                                "Projections": [
                                    "UserId",
                                    "displayname",
                                    "BadgeCount",
                                    "GoldBadges",
                                    "SilverBadges",
                                    "BronzeBadges",
                                    "TotalPosts",
                                    "Questions",
                                    "Answers",
                                    "TotalScore",
                                    "AvgViewCount"
                                ],
                                "Estimated Cardinality": "1925058"
                            },
                            "cumulative_cardinality": 25285384,
                            "operator_type": "PROJECTION",
                            "operator_cardinality": 1260710,
                            "cumulative_rows_scanned": 8693260,
                            "operator_rows_scanned": 0,
                            "operator_timing": 0.06574826000000002,
                            "result_set_size": 156328040,
                            "children": [
                                {
                                    "operator_name": "HASH_JOIN",
                                    "cpu_time": 1.6921494179999998,
                                    "extra_info": {
                                        "Join Type": "RIGHT",
                                        "Conditions": "owneruserid = id",
                                        "Estimated Cardinality": "1925058"
                                    },
                                    "cumulative_cardinality": 24024674,
                                    "operator_type": "HASH_JOIN",
                                    "operator_cardinality": 1260710,
                                    "cumulative_rows_scanned": 8693260,
                                    "operator_rows_scanned": 0,
                                    "operator_timing": 0.147184853,
                                    "result_set_size": 156328040,
                                    "children": [
                                        {
                                            "operator_name": "HASH_GROUP_BY",
                                            "cpu_time": 0.3362914789999999,
                                            "extra_info": {
                                                "Groups": "#0",
                                                "Aggregates": [
                                                    "count_star()",
                                                    "count(#1)",
                                                    "count(#2)",
                                                    "sum(#3)",
                                                    "avg(#4)"
                                                ],
                                                "Estimated Cardinality": "1925058"
                                            },
                                            "cumulative_cardinality": 8071864,
                                            "operator_type": "HASH_GROUP_BY",
                                            "operator_cardinality": 371632,
                                            "cumulative_rows_scanned": 3850116,
                                            "operator_rows_scanned": 0,
                                            "operator_timing": 0.17741773599999996,
                                            "result_set_size": 19324864,
                                            "children": [
                                                {
                                                    "operator_name": "PROJECTION",
                                                    "cpu_time": 0.15887374299999993,
                                                    "extra_info": {
                                                        "Projections": [
                                                            "owneruserid",
                                                            "CASE  WHEN ((posttypeid = 1)) THEN (1) ELSE NULL END",
                                                            "CASE  WHEN ((posttypeid = 2)) THEN (1) ELSE NULL END",
                                                            "score",
                                                            "viewcount"
                                                        ],
                                                        "Estimated Cardinality": "3850116"
                                                    },
                                                    "cumulative_cardinality": 7700232,
                                                    "operator_type": "PROJECTION",
                                                    "operator_cardinality": 3850116,
                                                    "cumulative_rows_scanned": 3850116,
                                                    "operator_rows_scanned": 0,
                                                    "operator_timing": 0.053113061999999864,
                                                    "result_set_size": 77002320,
                                                    "children": [
                                                        {
                                                            "operator_name": "READ_PARQUET ",
                                                            "cpu_time": 0.10576068100000006,
                                                            "extra_info": {
                                                                "Function": "READ_PARQUET",
                                                                "Projections": [
                                                                    "id",
                                                                    "posttypeid",
                                                                    "score",
                                                                    "viewcount",
                                                                    "owneruserid"
                                                                ],
                                                                "Estimated Cardinality": "3850116"
                                                            },
                                                            "cumulative_cardinality": 3850116,
                                                            "operator_type": "TABLE_SCAN",
                                                            "operator_cardinality": 3850116,
                                                            "cumulative_rows_scanned": 3850116,
                                                            "operator_rows_scanned": 3850116,
                                                            "operator_timing": 0.10576068100000006,
                                                            "result_set_size": 69302088,
                                                            "children": []
                                                        }
                                                    ]
                                                }
                                            ]
                                        },
                                        {
                                            "operator_name": "HASH_JOIN",
                                            "cpu_time": 1.208673086,
                                            "extra_info": {
                                                "Join Type": "RIGHT",
                                                "Conditions": "UserId = id",
                                                "Estimated Cardinality": "1260710"
                                            },
                                            "cumulative_cardinality": 14692100,
                                            "operator_type": "HASH_JOIN",
                                            "operator_cardinality": 1260710,
                                            "cumulative_rows_scanned": 4843144,
                                            "operator_rows_scanned": 0,
                                            "operator_timing": 0.1464918799999999,
                                            "result_set_size": 95813960,
                                            "children": [
                                                {
                                                    "operator_name": "PROJECTION",
                                                    "cpu_time": 0.985293211,
                                                    "extra_info": {
                                                        "Projections": [
                                                            "UserId",
                                                            "BadgeCount",
                                                            "GoldBadges",
                                                            "SilverBadges",
                                                            "BronzeBadges"
                                                        ],
                                                        "Estimated Cardinality": "1260710"
                                                    },
                                                    "cumulative_cardinality": 12170680,
                                                    "operator_type": "PROJECTION",
                                                    "operator_cardinality": 1260710,
                                                    "cumulative_rows_scanned": 3582434,
                                                    "operator_rows_scanned": 0,
                                                    "operator_timing": 0.000256729,
                                                    "result_set_size": 75642600,
                                                    "children": [
                                                        {
                                                            "operator_name": "HASH_GROUP_BY",
                                                            "cpu_time": 0.985036482,
                                                            "extra_info": {
                                                                "Groups": [
                                                                    "#0",
                                                                    "#1"
                                                                ],
                                                                "Aggregates": [
                                                                    "count(#2)",
                                                                    "sum(#3)",
                                                                    "sum(#4)",
                                                                    "sum(#5)"
                                                                ],
                                                                "Estimated Cardinality": "1260710"
                                                            },
                                                            "cumulative_cardinality": 10909970,
                                                            "operator_type": "HASH_GROUP_BY",
                                                            "operator_cardinality": 1260710,
                                                            "cumulative_rows_scanned": 3582434,
                                                            "operator_rows_scanned": 0,
                                                            "operator_timing": 0.6035645599999998,
                                                            "result_set_size": 95813960,
                                                            "children": [
                                                                {
                                                                    "operator_name": "PROJECTION",
                                                                    "cpu_time": 0.38147192200000024,
                                                                    "extra_info": {
                                                                        "Projections": [
                                                                            "id",
                                                                            "displayname",
                                                                            "id",
                                                                            "CASE  WHEN ((class = 1)) THEN (1) ELSE 0 END",
                                                                            "CASE  WHEN ((class = 2)) THEN (1) ELSE 0 END",
                                                                            "CASE  WHEN ((class = 3)) THEN (1) ELSE 0 END"
                                                                        ],
                                                                        "Estimated Cardinality": "2321724"
                                                                    },
                                                                    "cumulative_cardinality": 9649260,
                                                                    "operator_type": "PROJECTION",
                                                                    "operator_cardinality": 3033413,
                                                                    "cumulative_rows_scanned": 3582434,
                                                                    "operator_rows_scanned": 0,
                                                                    "operator_timing": 0.016179657999999972,
                                                                    "result_set_size": 109202868,
                                                                    "children": [
                                                                        {
                                                                            "operator_name": "HASH_JOIN",
                                                                            "cpu_time": 0.36529226400000026,
                                                                            "extra_info": {
                                                                                "Join Type": "RIGHT",
                                                                                "Conditions": "userid = id",
                                                                                "Estimated Cardinality": "2321724"
                                                                            },
                                                                            "cumulative_cardinality": 6615847,
                                                                            "operator_type": "HASH_JOIN",
                                                                            "operator_cardinality": 3033413,
                                                                            "cumulative_rows_scanned": 3582434,
                                                                            "operator_rows_scanned": 0,
                                                                            "operator_timing": 0.22825037600000012,
                                                                            "result_set_size": 78868738,
                                                                            "children": [
                                                                                {
                                                                                    "operator_name": "READ_PARQUET ",
                                                                                    "cpu_time": 0.06058679400000007,
                                                                                    "extra_info": {
                                                                                        "Function": "READ_PARQUET",
                                                                                        "Projections": [
                                                                                            "id",
                                                                                            "userid",
                                                                                            "class"
                                                                                        ],
                                                                                        "Estimated Cardinality": "2321724"
                                                                                    },
                                                                                    "cumulative_cardinality": 2321724,
                                                                                    "operator_type": "TABLE_SCAN",
                                                                                    "operator_cardinality": 2321724,
                                                                                    "cumulative_rows_scanned": 2321724,
                                                                                    "operator_rows_scanned": 2321724,
                                                                                    "operator_timing": 0.06058679400000007,
                                                                                    "result_set_size": 23217240,
                                                                                    "children": []
                                                                                },
                                                                                {
                                                                                    "operator_name": "READ_PARQUET ",
                                                                                    "cpu_time": 0.07645509400000008,
                                                                                    "extra_info": {
                                                                                        "Function": "READ_PARQUET",
                                                                                        "Projections": [
                                                                                            "id",
                                                                                            "displayname"
                                                                                        ],
                                                                                        "Estimated Cardinality": "1260710"
                                                                                    },
                                                                                    "cumulative_cardinality": 1260710,
                                                                                    "operator_type": "TABLE_SCAN",
                                                                                    "operator_cardinality": 1260710,
                                                                                    "cumulative_rows_scanned": 1260710,
                                                                                    "operator_rows_scanned": 1260710,
                                                                                    "operator_timing": 0.07645509400000008,
                                                                                    "result_set_size": 25214200,
                                                                                    "children": []
                                                                                }
                                                                            ]
                                                                        }
                                                                    ]
                                                                }
                                                            ]
                                                        }
                                                    ]
                                                },
                                                {
                                                    "operator_name": "READ_PARQUET ",
                                                    "cpu_time": 0.07688799500000003,
                                                    "extra_info": {
                                                        "Function": "READ_PARQUET",
                                                        "Projections": [
                                                            "id",
                                                            "displayname"
                                                        ],
                                                        "Estimated Cardinality": "1260710"
                                                    },
                                                    "cumulative_cardinality": 1260710,
                                                    "operator_type": "TABLE_SCAN",
                                                    "operator_cardinality": 1260710,
                                                    "cumulative_rows_scanned": 1260710,
                                                    "operator_rows_scanned": 1260710,
                                                    "operator_timing": 0.07688799500000003,
                                                    "result_set_size": 25214200,
                                                    "children": []
                                                }
                                            ]
                                        }
                                    ]
                                }
                            ]
                        }
                    ]
                }
            ]
        }
    ]
}