{
    "rows_returned": 10,
    "query_name": "\nWITH UserReputation AS (\n    SELECT Id, Reputation, CreationDate, DisplayName, LastAccessDate\n    FROM Users\n    WHERE Reputation > 1000\n),\nPopularQuestions AS (\n    SELECT P.Id AS PostId, P.Title, P.CreationDate, P.Score, P.ViewCount, COUNT(A.Id) AS AnswerCount, P.OwnerUserId\n    FROM Posts P\n    LEFT JOIN Posts A ON P.Id = A.ParentId\n    WHERE P.PostTypeId = 1\n    GROUP BY P.Id, P.Title, P.CreationDate, P.Score, P.ViewCount, P.OwnerUserId\n    HAVING COUNT(A.Id) >= 5 AND P.Score >= 10\n),\nRecentEdits AS (\n    SELECT PH.PostId, PH.UserId, PH.CreationDate, PH.Comment, U.DisplayName AS Editor\n    FROM PostHistory PH\n    JOIN Users U ON PH.UserId = U.Id\n    WHERE PH.PostHistoryTypeId IN (4, 5)\n    AND PH.CreationDate > TIMESTAMP '2024-10-01 12:34:56' - INTERVAL '1 month'\n)\nSELECT \n    U.DisplayName AS UserName,\n    P.Title AS QuestionTitle,\n    P.Score AS QuestionScore,\n    P.ViewCount AS QuestionViews,\n    RE.Editor,\n    RE.CreationDate AS EditDate,\n    RE.Comment AS EditComment\nFROM UserReputation U\nJOIN PopularQuestions P ON U.Id = P.OwnerUserId\nJOIN RecentEdits RE ON P.PostId = RE.PostId\nORDER BY P.Score DESC, RE.CreationDate DESC\nLIMIT 10;\n",
    "blocked_thread_time": 0.0,
    "cpu_time": 0.7977337859999994,
    "extra_info": {},
    "cumulative_cardinality": 4011493,
    "cumulative_rows_scanned": 22016896,
    "result_set_size": 800,
    "latency": 0.872207453,
    "children": [
        {
            "operator_name": "STREAMING_LIMIT",
            "cpu_time": 0.7977337859999994,
            "extra_info": {},
            "cumulative_cardinality": 4011493,
            "operator_type": "STREAMING_LIMIT",
            "operator_cardinality": 10,
            "cumulative_rows_scanned": 22016896,
            "operator_rows_scanned": 0,
            "operator_timing": 0.000002935,
            "result_set_size": 800,
            "children": [
                {
                    "operator_name": "PROJECTION",
                    "cpu_time": 0.7977308509999994,
                    "extra_info": {
                        "Projections": [
                            "#0",
                            "#1",
                            "__internal_decompress_integral_integer(#2, 10)",
                            "#3",
                            "#4",
                            "#5",
                            "#6"
                        ],
                        "Estimated Cardinality": "47180"
                    },
                    "cumulative_cardinality": 4011483,
                    "operator_type": "PROJECTION",
                    "operator_cardinality": 17,
                    "cumulative_rows_scanned": 22016896,
                    "operator_rows_scanned": 0,
                    "operator_timing": 0.000002856,
                    "result_set_size": 1360,
                    "children": [
                        {
                            "operator_name": "ORDER_BY",
                            "cpu_time": 0.7977279949999994,
                            "extra_info": {
                                "Order By": [
                                    "P.Score DESC",
                                    "RE.CreationDate DESC"
                                ]
                            },
                            "cumulative_cardinality": 4011466,
                            "operator_type": "ORDER_BY",
                            "operator_cardinality": 17,
                            "cumulative_rows_scanned": 22016896,
                            "operator_rows_scanned": 0,
                            "operator_timing": 0.000080871,
                            "result_set_size": 1326,
                            "children": [
                                {
                                    "operator_name": "PROJECTION",
                                    "cpu_time": 0.7976471239999994,
                                    "extra_info": {
                                        "Projections": [
                                            "#0",
                                            "#1",
                                            "__internal_compress_integral_usmallint(#2, 10)",
                                            "#3",
                                            "#4",
                                            "#5",
                                            "#6"
                                        ],
                                        "Estimated Cardinality": "47180"
                                    },
                                    "cumulative_cardinality": 4011449,
                                    "operator_type": "PROJECTION",
                                    "operator_cardinality": 17,
                                    "cumulative_rows_scanned": 22016896,
                                    "operator_rows_scanned": 0,
                                    "operator_timing": 0.000006192,
                                    "result_set_size": 1326,
                                    "children": [
                                        {
                                            "operator_name": "PROJECTION",
                                            "cpu_time": 0.7976409319999994,
                                            "extra_info": {
                                                "Projections": [
                                                    "UserName",
                                                    "QuestionTitle",
                                                    "QuestionScore",
                                                    "QuestionViews",
                                                    "Editor",
                                                    "EditDate",
                                                    "EditComment"
                                                ],
                                                "Estimated Cardinality": "47180"
                                            },
                                            "cumulative_cardinality": 4011432,
                                            "operator_type": "PROJECTION",
                                            "operator_cardinality": 17,
                                            "cumulative_rows_scanned": 22016896,
                                            "operator_rows_scanned": 0,
                                            "operator_timing": 0.000002204,
                                            "result_set_size": 1360,
                                            "children": [
                                                {
                                                    "operator_name": "HASH_JOIN",
                                                    "cpu_time": 0.7976387279999995,
                                                    "extra_info": {
                                                        "Join Type": "INNER",
                                                        "Conditions": "postid = PostId",
                                                        "Estimated Cardinality": "47180"
                                                    },
                                                    "cumulative_cardinality": 4011415,
                                                    "operator_type": "HASH_JOIN",
                                                    "operator_cardinality": 17,
                                                    "cumulative_rows_scanned": 22016896,
                                                    "operator_rows_scanned": 0,
                                                    "operator_timing": 0.001271553,
                                                    "result_set_size": 1360,
                                                    "children": [
                                                        {
                                                            "operator_name": "HASH_JOIN",
                                                            "cpu_time": 0.18513444199999987,
                                                            "extra_info": {
                                                                "Join Type": "INNER",
                                                                "Conditions": "userid = id",
                                                                "Estimated Cardinality": "2359048"
                                                            },
                                                            "cumulative_cardinality": 1276155,
                                                            "operator_type": "HASH_JOIN",
                                                            "operator_cardinality": 7738,
                                                            "cumulative_rows_scanned": 13055954,
                                                            "operator_rows_scanned": 0,
                                                            "operator_timing": 0.08278675699999997,
                                                            "result_set_size": 340472,
                                                            "children": [
                                                                {
                                                                    "operator_name": "READ_PARQUET ",
                                                                    "cpu_time": 0.019524047999999995,
                                                                    "extra_info": {
                                                                        "Function": "READ_PARQUET",
                                                                        "Projections": [
                                                                            "postid",
                                                                            "creationdate",
                                                                            "userid",
                                                                            "comment"
                                                                        ],
                                                                        "Filters": [
                                                                            "creationdate>'2024-09-01 12:34:56'::TIMESTAMP",
                                                                            "posthistorytypeid>=4 AND posthistorytypeid<=5"
                                                                        ],
                                                                        "Estimated Cardinality": "2359048"
                                                                    },
                                                                    "cumulative_cardinality": 7738,
                                                                    "operator_type": "TABLE_SCAN",
                                                                    "operator_cardinality": 7738,
                                                                    "cumulative_rows_scanned": 11795244,
                                                                    "operator_rows_scanned": 11795244,
                                                                    "operator_timing": 0.019524047999999995,
                                                                    "result_set_size": 247616,
                                                                    "children": []
                                                                },
                                                                {
                                                                    "operator_name": "READ_PARQUET ",
                                                                    "cpu_time": 0.0828236369999999,
                                                                    "extra_info": {
                                                                        "Function": "READ_PARQUET",
                                                                        "Projections": [
                                                                            "id",
                                                                            "displayname"
                                                                        ],
                                                                        "Filters": "id<=1416539",
                                                                        "Estimated Cardinality": "1260710"
                                                                    },
                                                                    "cumulative_cardinality": 1260679,
                                                                    "operator_type": "TABLE_SCAN",
                                                                    "operator_cardinality": 1260679,
                                                                    "cumulative_rows_scanned": 1260710,
                                                                    "operator_rows_scanned": 1260710,
                                                                    "operator_timing": 0.0828236369999999,
                                                                    "result_set_size": 25213580,
                                                                    "children": []
                                                                }
                                                            ]
                                                        },
                                                        {
                                                            "operator_name": "HASH_JOIN",
                                                            "cpu_time": 0.6112327329999996,
                                                            "extra_info": {
                                                                "Join Type": "INNER",
                                                                "Conditions": "owneruserid = id",
                                                                "Estimated Cardinality": "77002"
                                                            },
                                                            "cumulative_cardinality": 2735243,
                                                            "operator_type": "HASH_JOIN",
                                                            "operator_cardinality": 4330,
                                                            "cumulative_rows_scanned": 8960942,
                                                            "operator_rows_scanned": 0,
                                                            "operator_timing": 0.0016424240000000002,
                                                            "result_set_size": 190520,
                                                            "children": [
                                                                {
                                                                    "operator_name": "PROJECTION",
                                                                    "cpu_time": 0.5582035559999996,
                                                                    "extra_info": {
                                                                        "Projections": [
                                                                            "#0",
                                                                            "#1",
                                                                            "#3",
                                                                            "#4",
                                                                            "#5"
                                                                        ],
                                                                        "Estimated Cardinality": "385011"
                                                                    },
                                                                    "cumulative_cardinality": 2708483,
                                                                    "operator_type": "PROJECTION",
                                                                    "operator_cardinality": 7762,
                                                                    "cumulative_rows_scanned": 7700232,
                                                                    "operator_rows_scanned": 0,
                                                                    "operator_timing": 0.000006083,
                                                                    "result_set_size": 248384,
                                                                    "children": [
                                                                        {
                                                                            "operator_name": "FILTER",
                                                                            "cpu_time": 0.5581974729999996,
                                                                            "extra_info": {
                                                                                "Expression": "(AnswerCount >= 5)",
                                                                                "Estimated Cardinality": "385011"
                                                                            },
                                                                            "cumulative_cardinality": 2700721,
                                                                            "operator_type": "FILTER",
                                                                            "operator_cardinality": 7762,
                                                                            "cumulative_rows_scanned": 7700232,
                                                                            "operator_rows_scanned": 0,
                                                                            "operator_timing": 0.00010154399999999999,
                                                                            "result_set_size": 372576,
                                                                            "children": [
                                                                                {
                                                                                    "operator_name": "PROJECTION",
                                                                                    "cpu_time": 0.5580959289999996,
                                                                                    "extra_info": {
                                                                                        "Projections": [
                                                                                            "#0",
                                                                                            "#1",
                                                                                            "#2",
                                                                                            "__internal_decompress_integral_integer(#3, 10)",
                                                                                            "#4",
                                                                                            "#5",
                                                                                            "#6"
                                                                                        ],
                                                                                        "Estimated Cardinality": "1925058"
                                                                                    },
                                                                                    "cumulative_cardinality": 2692959,
                                                                                    "operator_type": "PROJECTION",
                                                                                    "operator_cardinality": 41762,
                                                                                    "cumulative_rows_scanned": 7700232,
                                                                                    "operator_rows_scanned": 0,
                                                                                    "operator_timing": 0.000027723,
                                                                                    "result_set_size": 2004576,
                                                                                    "children": [
                                                                                        {
                                                                                            "operator_name": "HASH_GROUP_BY",
                                                                                            "cpu_time": 0.5580682059999996,
                                                                                            "extra_info": {
                                                                                                "Groups": [
                                                                                                    "#0",
                                                                                                    "#1",
                                                                                                    "#2",
                                                                                                    "#3",
                                                                                                    "#4",
                                                                                                    "#5"
                                                                                                ],
                                                                                                "Aggregates": "count(#6)",
                                                                                                "Estimated Cardinality": "1925058"
                                                                                            },
                                                                                            "cumulative_cardinality": 2651197,
                                                                                            "operator_type": "HASH_GROUP_BY",
                                                                                            "operator_cardinality": 41762,
                                                                                            "cumulative_rows_scanned": 7700232,
                                                                                            "operator_rows_scanned": 0,
                                                                                            "operator_timing": 0.019191140999999995,
                                                                                            "result_set_size": 1921052,
                                                                                            "children": [
                                                                                                {
                                                                                                    "operator_name": "PROJECTION",
                                                                                                    "cpu_time": 0.5388770649999997,
                                                                                                    "extra_info": {
                                                                                                        "Projections": [
                                                                                                            "id",
                                                                                                            "title",
                                                                                                            "creationdate",
                                                                                                            "score",
                                                                                                            "viewcount",
                                                                                                            "owneruserid",
                                                                                                            "id"
                                                                                                        ],
                                                                                                        "Estimated Cardinality": "3850116"
                                                                                                    },
                                                                                                    "cumulative_cardinality": 2609435,
                                                                                                    "operator_type": "PROJECTION",
                                                                                                    "operator_cardinality": 130144,
                                                                                                    "cumulative_rows_scanned": 7700232,
                                                                                                    "operator_rows_scanned": 0,
                                                                                                    "operator_timing": 0.00023704700000000019,
                                                                                                    "result_set_size": 5466048,
                                                                                                    "children": [
                                                                                                        {
                                                                                                            "operator_name": "PROJECTION",
                                                                                                            "cpu_time": 0.5386400179999996,
                                                                                                            "extra_info": {
                                                                                                                "Projections": [
                                                                                                                    "#0",
                                                                                                                    "#1",
                                                                                                                    "#2",
                                                                                                                    "__internal_compress_integral_usmallint(#3, 10)",
                                                                                                                    "#4",
                                                                                                                    "#5",
                                                                                                                    "#6"
                                                                                                                ],
                                                                                                                "Estimated Cardinality": "3850116"
                                                                                                            },
                                                                                                            "cumulative_cardinality": 2479291,
                                                                                                            "operator_type": "PROJECTION",
                                                                                                            "operator_cardinality": 130144,
                                                                                                            "cumulative_rows_scanned": 7700232,
                                                                                                            "operator_rows_scanned": 0,
                                                                                                            "operator_timing": 0.000455899,
                                                                                                            "result_set_size": 5466048,
                                                                                                            "children": [
                                                                                                                {
                                                                                                                    "operator_name": "HASH_JOIN",
                                                                                                                    "cpu_time": 0.5381841189999996,
                                                                                                                    "extra_info": {
                                                                                                                        "Join Type": "RIGHT",
                                                                                                                        "Conditions": "parentid = id",
                                                                                                                        "Estimated Cardinality": "3850116"
                                                                                                                    },
                                                                                                                    "cumulative_cardinality": 2349147,
                                                                                                                    "operator_type": "HASH_JOIN",
                                                                                                                    "operator_cardinality": 130144,
                                                                                                                    "cumulative_rows_scanned": 7700232,
                                                                                                                    "operator_rows_scanned": 0,
                                                                                                                    "operator_timing": 0.0508755929999999,
                                                                                                                    "result_set_size": 5726336,
                                                                                                                    "children": [
                                                                                                                        {
                                                                                                                            "operator_name": "READ_PARQUET ",
                                                                                                                            "cpu_time": 0.12560156399999986,
                                                                                                                            "extra_info": {
                                                                                                                                "Function": "READ_PARQUET",
                                                                                                                                "Projections": [
                                                                                                                                    "id",
                                                                                                                                    "parentid"
                                                                                                                                ],
                                                                                                                                "Estimated Cardinality": "3850116"
                                                                                                                            },
                                                                                                                            "cumulative_cardinality": 2177241,
                                                                                                                            "operator_type": "TABLE_SCAN",
                                                                                                                            "operator_cardinality": 2177241,
                                                                                                                            "cumulative_rows_scanned": 3850116,
                                                                                                                            "operator_rows_scanned": 3850116,
                                                                                                                            "operator_timing": 0.12560156399999986,
                                                                                                                            "result_set_size": 17417928,
                                                                                                                            "children": []
                                                                                                                        },
                                                                                                                        {
                                                                                                                            "operator_name": "READ_PARQUET ",
                                                                                                                            "cpu_time": 0.36170696199999985,
                                                                                                                            "extra_info": {
                                                                                                                                "Function": "READ_PARQUET",
                                                                                                                                "Projections": [
                                                                                                                                    "id",
                                                                                                                                    "creationdate",
                                                                                                                                    "score",
                                                                                                                                    "viewcount",
                                                                                                                                    "owneruserid",
                                                                                                                                    "title"
                                                                                                                                ],
                                                                                                                                "Filters": [
                                                                                                                                    "score>=10",
                                                                                                                                    "posttypeid=1"
                                                                                                                                ],
                                                                                                                                "Estimated Cardinality": "770023"
                                                                                                                            },
                                                                                                                            "cumulative_cardinality": 41762,
                                                                                                                            "operator_type": "TABLE_SCAN",
                                                                                                                            "operator_cardinality": 41762,
                                                                                                                            "cumulative_rows_scanned": 3850116,
                                                                                                                            "operator_rows_scanned": 3850116,
                                                                                                                            "operator_timing": 0.36170696199999985,
                                                                                                                            "result_set_size": 1670480,
                                                                                                                            "children": []
                                                                                                                        }
                                                                                                                    ]
                                                                                                                }
                                                                                                            ]
                                                                                                        }
                                                                                                    ]
                                                                                                }
                                                                                            ]
                                                                                        }
                                                                                    ]
                                                                                }
                                                                            ]
                                                                        }
                                                                    ]
                                                                },
                                                                {
                                                                    "operator_name": "FILTER",
                                                                    "cpu_time": 0.05138675299999999,
                                                                    "extra_info": {
                                                                        "Expression": "(id <= 1416539)",
                                                                        "Estimated Cardinality": "252142"
                                                                    },
                                                                    "cumulative_cardinality": 22430,
                                                                    "operator_type": "FILTER",
                                                                    "operator_cardinality": 11215,
                                                                    "cumulative_rows_scanned": 1260710,
                                                                    "operator_rows_scanned": 0,
                                                                    "operator_timing": 0.0004936839999999999,
                                                                    "result_set_size": 224300,
                                                                    "children": [
                                                                        {
                                                                            "operator_name": "READ_PARQUET ",
                                                                            "cpu_time": 0.05089306899999999,
                                                                            "extra_info": {
                                                                                "Function": "READ_PARQUET",
                                                                                "Projections": [
                                                                                    "id",
                                                                                    "displayname"
                                                                                ],
                                                                                "Filters": "reputation>1000",
                                                                                "Estimated Cardinality": "252142"
                                                                            },
                                                                            "cumulative_cardinality": 11215,
                                                                            "operator_type": "TABLE_SCAN",
                                                                            "operator_cardinality": 11215,
                                                                            "cumulative_rows_scanned": 1260710,
                                                                            "operator_rows_scanned": 1260710,
                                                                            "operator_timing": 0.05089306899999999,
                                                                            "result_set_size": 224300,
                                                                            "children": []
                                                                        }
                                                                    ]
                                                                }
                                                            ]
                                                        }
                                                    ]
                                                }
                                            ]
                                        }
                                    ]
                                }
                            ]
                        }
                    ]
                }
            ]
        }
    ]
}