{
    "rows_returned": 10,
    "query_name": "\nWITH UserStats AS (\n    SELECT \n        U.Id AS UserId,\n        U.DisplayName,\n        U.Reputation,\n        COUNT(DISTINCT P.Id) AS TotalPosts,\n        SUM(CASE WHEN P.PostTypeId = 1 THEN 1 ELSE 0 END) AS TotalQuestions,\n        SUM(CASE WHEN P.PostTypeId = 2 THEN 1 ELSE 0 END) AS TotalAnswers,\n        SUM(CASE WHEN P.PostTypeId = 3 THEN 1 ELSE 0 END) AS TotalWikis,\n        SUM(COALESCE(P.ViewCount, 0)) AS TotalViews,\n        SUM(COALESCE(P.Score, 0)) AS TotalScore\n    FROM Users U\n    LEFT JOIN Posts P ON U.Id = P.OwnerUserId\n    GROUP BY U.Id, U.DisplayName, U.Reputation\n),\nTopBadges AS (\n    SELECT \n        B.UserId,\n        B.Name AS BadgeName,\n        COUNT(B.Id) AS BadgeCount\n    FROM Badges B\n    GROUP BY B.UserId, B.Name\n),\nUserBadgeStats AS (\n    SELECT \n        U.UserId,\n        U.DisplayName,\n        U.Reputation,\n        U.TotalPosts,\n        U.TotalQuestions,\n        U.TotalAnswers,\n        U.TotalWikis,\n        U.TotalViews,\n        U.TotalScore,\n        COALESCE(SUM(UB.BadgeCount), 0) AS TotalBadges\n    FROM UserStats U\n    LEFT JOIN TopBadges UB ON U.UserId = UB.UserId\n    GROUP BY U.UserId, U.DisplayName, U.Reputation, U.TotalPosts, U.TotalQuestions, U.TotalAnswers, U.TotalWikis, U.TotalViews, U.TotalScore\n)\nSELECT \n    UserBadgeStats.*,\n    (SELECT COUNT(*) FROM Comments C WHERE C.UserId = UserBadgeStats.UserId) AS TotalComments\nFROM UserBadgeStats\nORDER BY UserBadgeStats.Reputation DESC, UserBadgeStats.TotalPosts DESC\nLIMIT 10;\n",
    "blocked_thread_time": 0.0,
    "cpu_time": 4.0665124960000005,
    "extra_info": {},
    "cumulative_cardinality": 60277025,
    "cumulative_rows_scanned": 14674372,
    "result_set_size": 1360,
    "latency": 5.387483605,
    "children": [
        {
            "operator_name": "STREAMING_LIMIT",
            "cpu_time": 4.0665124960000005,
            "extra_info": {},
            "cumulative_cardinality": 60277025,
            "operator_type": "STREAMING_LIMIT",
            "operator_cardinality": 10,
            "cumulative_rows_scanned": 14674372,
            "operator_rows_scanned": 0,
            "operator_timing": 0.000005731,
            "result_set_size": 1360,
            "children": [
                {
                    "operator_name": "ORDER_BY",
                    "cpu_time": 4.066506765000001,
                    "extra_info": {
                        "Order By": [
                            "UserBadgeStats.reputation DESC",
                            "UserBadgeStats.TotalPosts DESC"
                        ]
                    },
                    "cumulative_cardinality": 60277015,
                    "operator_type": "ORDER_BY",
                    "operator_cardinality": 4096,
                    "cumulative_rows_scanned": 14674372,
                    "operator_rows_scanned": 0,
                    "operator_timing": 0.1851189289999999,
                    "result_set_size": 557056,
                    "children": [
                        {
                            "operator_name": "PROJECTION",
                            "cpu_time": 3.8813878360000005,
                            "extra_info": {
                                "Projections": [
                                    "UserId",
                                    "displayname",
                                    "reputation",
                                    "TotalPosts",
                                    "TotalQuestions",
                                    "TotalAnswers",
                                    "TotalWikis",
                                    "TotalViews",
                                    "TotalScore",
                                    "TotalBadges",
                                    "TotalComments"
                                ],
                                "Estimated Cardinality": "724182"
                            },
                            "cumulative_cardinality": 60272919,
                            "operator_type": "PROJECTION",
                            "operator_cardinality": 1260710,
                            "cumulative_rows_scanned": 14674372,
                            "operator_rows_scanned": 0,
                            "operator_timing": 0.0003894790000000013,
                            "result_set_size": 171456560,
                            "children": [
                                {
                                    "operator_name": "LEFT_DELIM_JOIN",
                                    "cpu_time": 3.8809983570000006,
                                    "extra_info": {
                                        "Join Type": "SINGLE",
                                        "Conditions": "UserId IS NOT DISTINCT FROM UserId",
                                        "Estimated Cardinality": "724182",
                                        "Delim Index": "1"
                                    },
                                    "cumulative_cardinality": 59012209,
                                    "operator_type": "LEFT_DELIM_JOIN",
                                    "operator_cardinality": 0,
                                    "cumulative_rows_scanned": 14674372,
                                    "operator_rows_scanned": 0,
                                    "operator_timing": 0.12070994799999998,
                                    "result_set_size": 0,
                                    "children": [
                                        {
                                            "operator_name": "PROJECTION",
                                            "cpu_time": 3.366933684000001,
                                            "extra_info": {
                                                "Projections": [
                                                    "UserId",
                                                    "displayname",
                                                    "reputation",
                                                    "TotalPosts",
                                                    "TotalQuestions",
                                                    "TotalAnswers",
                                                    "TotalWikis",
                                                    "TotalViews",
                                                    "TotalScore",
                                                    "TotalBadges"
                                                ],
                                                "Estimated Cardinality": "630355"
                                            },
                                            "cumulative_cardinality": 31352264,
                                            "operator_type": "PROJECTION",
                                            "operator_cardinality": 1260710,
                                            "cumulative_rows_scanned": 7432550,
                                            "operator_rows_scanned": 0,
                                            "operator_timing": 0.01336520199999999,
                                            "result_set_size": 161370880,
                                            "children": [
                                                {
                                                    "operator_name": "HASH_GROUP_BY",
                                                    "cpu_time": 3.353568482000001,
                                                    "extra_info": {
                                                        "Groups": [
                                                            "#0",
                                                            "#1",
                                                            "#2",
                                                            "#3",
                                                            "#4",
                                                            "#5",
                                                            "#6",
                                                            "#7",
                                                            "#8"
                                                        ],
                                                        "Aggregates": "sum(#9)",
                                                        "Estimated Cardinality": "630355"
                                                    },
                                                    "cumulative_cardinality": 30091554,
                                                    "operator_type": "HASH_GROUP_BY",
                                                    "operator_cardinality": 1260710,
                                                    "cumulative_rows_scanned": 7432550,
                                                    "operator_rows_scanned": 0,
                                                    "operator_timing": 0.40762744400000006,
                                                    "result_set_size": 161370880,
                                                    "children": [
                                                        {
                                                            "operator_name": "PROJECTION",
                                                            "cpu_time": 2.945941038000001,
                                                            "extra_info": {
                                                                "Projections": [
                                                                    "UserId",
                                                                    "displayname",
                                                                    "reputation",
                                                                    "TotalPosts",
                                                                    "TotalQuestions",
                                                                    "TotalAnswers",
                                                                    "TotalWikis",
                                                                    "TotalViews",
                                                                    "TotalScore",
                                                                    "BadgeCount"
                                                                ],
                                                                "Estimated Cardinality": "1260710"
                                                            },
                                                            "cumulative_cardinality": 28830844,
                                                            "operator_type": "PROJECTION",
                                                            "operator_cardinality": 2563737,
                                                            "cumulative_rows_scanned": 7432550,
                                                            "operator_rows_scanned": 0,
                                                            "operator_timing": 0.0011580140000000004,
                                                            "result_set_size": 307648440,
                                                            "children": [
                                                                {
                                                                    "operator_name": "HASH_JOIN",
                                                                    "cpu_time": 2.944783024000001,
                                                                    "extra_info": {
                                                                        "Join Type": "LEFT",
                                                                        "Conditions": "UserId = userid",
                                                                        "Estimated Cardinality": "1260710"
                                                                    },
                                                                    "cumulative_cardinality": 26267107,
                                                                    "operator_type": "HASH_JOIN",
                                                                    "operator_cardinality": 2563737,
                                                                    "cumulative_rows_scanned": 7432550,
                                                                    "operator_rows_scanned": 0,
                                                                    "operator_timing": 0.17406701999999996,
                                                                    "result_set_size": 307648440,
                                                                    "children": [
                                                                        {
                                                                            "operator_name": "HASH_GROUP_BY",
                                                                            "cpu_time": 2.4762971820000006,
                                                                            "extra_info": {
                                                                                "Groups": [
                                                                                    "#0",
                                                                                    "#1",
                                                                                    "#2"
                                                                                ],
                                                                                "Aggregates": [
                                                                                    "count(DISTINCT #3)",
                                                                                    "sum(#4)",
                                                                                    "sum(#5)",
                                                                                    "sum(#6)",
                                                                                    "sum(#7)",
                                                                                    "sum(#8)"
                                                                                ],
                                                                                "Estimated Cardinality": "1260710"
                                                                            },
                                                                            "cumulative_cardinality": 15355826,
                                                                            "operator_type": "HASH_GROUP_BY",
                                                                            "operator_cardinality": 1260710,
                                                                            "cumulative_rows_scanned": 5110826,
                                                                            "operator_rows_scanned": 0,
                                                                            "operator_timing": 1.7913868350000008,
                                                                            "result_set_size": 141199520,
                                                                            "children": [
                                                                                {
                                                                                    "operator_name": "PROJECTION",
                                                                                    "cpu_time": 0.684910347,
                                                                                    "extra_info": {
                                                                                        "Projections": [
                                                                                            "id",
                                                                                            "displayname",
                                                                                            "reputation",
                                                                                            "id",
                                                                                            "CASE  WHEN ((posttypeid = 1)) THEN (1) ELSE 0 END",
                                                                                            "CASE  WHEN ((posttypeid = 2)) THEN (1) ELSE 0 END",
                                                                                            "CASE  WHEN ((posttypeid = 3)) THEN (1) ELSE 0 END",
                                                                                            "COALESCE(viewcount, 0)",
                                                                                            "COALESCE(score, 0)"
                                                                                        ],
                                                                                        "Estimated Cardinality": "3850116"
                                                                                    },
                                                                                    "cumulative_cardinality": 14095116,
                                                                                    "operator_type": "PROJECTION",
                                                                                    "operator_cardinality": 4574495,
                                                                                    "cumulative_rows_scanned": 5110826,
                                                                                    "operator_rows_scanned": 0,
                                                                                    "operator_timing": 0.12540264400000017,
                                                                                    "result_set_size": 219575760,
                                                                                    "children": [
                                                                                        {
                                                                                            "operator_name": "HASH_JOIN",
                                                                                            "cpu_time": 0.5595077029999999,
                                                                                            "extra_info": {
                                                                                                "Join Type": "RIGHT",
                                                                                                "Conditions": "owneruserid = id",
                                                                                                "Estimated Cardinality": "3850116"
                                                                                            },
                                                                                            "cumulative_cardinality": 9520621,
                                                                                            "operator_type": "HASH_JOIN",
                                                                                            "operator_cardinality": 4574495,
                                                                                            "cumulative_rows_scanned": 5110826,
                                                                                            "operator_rows_scanned": 0,
                                                                                            "operator_timing": 0.30170659999999994,
                                                                                            "result_set_size": 173830810,
                                                                                            "children": [
                                                                                                {
                                                                                                    "operator_name": "READ_PARQUET ",
                                                                                                    "cpu_time": 0.1715905589999999,
                                                                                                    "extra_info": {
                                                                                                        "Function": "READ_PARQUET",
                                                                                                        "Projections": [
                                                                                                            "id",
                                                                                                            "posttypeid",
                                                                                                            "score",
                                                                                                            "viewcount",
                                                                                                            "owneruserid"
                                                                                                        ],
                                                                                                        "Estimated Cardinality": "3850116"
                                                                                                    },
                                                                                                    "cumulative_cardinality": 3685416,
                                                                                                    "operator_type": "TABLE_SCAN",
                                                                                                    "operator_cardinality": 3685416,
                                                                                                    "cumulative_rows_scanned": 3850116,
                                                                                                    "operator_rows_scanned": 3850116,
                                                                                                    "operator_timing": 0.1715905589999999,
                                                                                                    "result_set_size": 66337488,
                                                                                                    "children": []
                                                                                                },
                                                                                                {
                                                                                                    "operator_name": "READ_PARQUET ",
                                                                                                    "cpu_time": 0.08621054400000007,
                                                                                                    "extra_info": {
                                                                                                        "Function": "READ_PARQUET",
                                                                                                        "Projections": [
                                                                                                            "id",
                                                                                                            "reputation",
                                                                                                            "displayname"
                                                                                                        ],
                                                                                                        "Estimated Cardinality": "1260710"
                                                                                                    },
                                                                                                    "cumulative_cardinality": 1260710,
                                                                                                    "operator_type": "TABLE_SCAN",
                                                                                                    "operator_cardinality": 1260710,
                                                                                                    "cumulative_rows_scanned": 1260710,
                                                                                                    "operator_rows_scanned": 1260710,
                                                                                                    "operator_timing": 0.08621054400000007,
                                                                                                    "result_set_size": 30257040,
                                                                                                    "children": []
                                                                                                }
                                                                                            ]
                                                                                        }
                                                                                    ]
                                                                                }
                                                                            ]
                                                                        },
                                                                        {
                                                                            "operator_name": "PROJECTION",
                                                                            "cpu_time": 0.2944188220000002,
                                                                            "extra_info": {
                                                                                "Projections": [
                                                                                    "userid",
                                                                                    "BadgeCount"
                                                                                ],
                                                                                "Estimated Cardinality": "1160862"
                                                                            },
                                                                            "cumulative_cardinality": 8347544,
                                                                            "operator_type": "PROJECTION",
                                                                            "operator_cardinality": 1852048,
                                                                            "cumulative_rows_scanned": 2321724,
                                                                            "operator_rows_scanned": 0,
                                                                            "operator_timing": 0.00011572300000000025,
                                                                            "result_set_size": 22224576,
                                                                            "children": [
                                                                                {
                                                                                    "operator_name": "HASH_GROUP_BY",
                                                                                    "cpu_time": 0.2943030990000002,
                                                                                    "extra_info": {
                                                                                        "Groups": [
                                                                                            "#0",
                                                                                            "#1"
                                                                                        ],
                                                                                        "Aggregates": "count_star()",
                                                                                        "Estimated Cardinality": "1160862"
                                                                                    },
                                                                                    "cumulative_cardinality": 6495496,
                                                                                    "operator_type": "HASH_GROUP_BY",
                                                                                    "operator_cardinality": 1852048,
                                                                                    "cumulative_rows_scanned": 2321724,
                                                                                    "operator_rows_scanned": 0,
                                                                                    "operator_timing": 0.25115745600000006,
                                                                                    "result_set_size": 51857344,
                                                                                    "children": [
                                                                                        {
                                                                                            "operator_name": "PROJECTION",
                                                                                            "cpu_time": 0.0431456430000001,
                                                                                            "extra_info": {
                                                                                                "Projections": [
                                                                                                    "userid",
                                                                                                    "name"
                                                                                                ],
                                                                                                "Estimated Cardinality": "2321724"
                                                                                            },
                                                                                            "cumulative_cardinality": 4643448,
                                                                                            "operator_type": "PROJECTION",
                                                                                            "operator_cardinality": 2321724,
                                                                                            "cumulative_rows_scanned": 2321724,
                                                                                            "operator_rows_scanned": 0,
                                                                                            "operator_timing": 0.0002685169999999998,
                                                                                            "result_set_size": 46434480,
                                                                                            "children": [
                                                                                                {
                                                                                                    "operator_name": "READ_PARQUET ",
                                                                                                    "cpu_time": 0.0428771260000001,
                                                                                                    "extra_info": {
                                                                                                        "Function": "READ_PARQUET",
                                                                                                        "Projections": [
                                                                                                            "id",
                                                                                                            "userid",
                                                                                                            "name"
                                                                                                        ],
                                                                                                        "Estimated Cardinality": "2321724"
                                                                                                    },
                                                                                                    "cumulative_cardinality": 2321724,
                                                                                                    "operator_type": "TABLE_SCAN",
                                                                                                    "operator_cardinality": 2321724,
                                                                                                    "cumulative_rows_scanned": 2321724,
                                                                                                    "operator_rows_scanned": 2321724,
                                                                                                    "operator_timing": 0.0428771260000001,
                                                                                                    "result_set_size": 55721376,
                                                                                                    "children": []
                                                                                                }
                                                                                            ]
                                                                                        }
                                                                                    ]
                                                                                }
                                                                            ]
                                                                        }
                                                                    ]
                                                                }
                                                            ]
                                                        }
                                                    ]
                                                }
                                            ]
                                        },
                                        {
                                            "operator_name": "HASH_JOIN",
                                            "cpu_time": 0.3875902929999998,
                                            "extra_info": {
                                                "Join Type": "SINGLE",
                                                "Conditions": "UserId IS NOT DISTINCT FROM UserId",
                                                "Estimated Cardinality": "724182"
                                            },
                                            "cumulative_cardinality": 26399235,
                                            "operator_type": "HASH_JOIN",
                                            "operator_cardinality": 1260710,
                                            "cumulative_rows_scanned": 7241822,
                                            "operator_rows_scanned": 0,
                                            "operator_timing": 0.12723352599999999,
                                            "result_set_size": 176499400,
                                            "children": [
                                                {
                                                    "operator_name": "COLUMN_DATA_SCAN",
                                                    "cpu_time": 0.009242698999999997,
                                                    "extra_info": {
                                                        "Estimated Cardinality": "724182"
                                                    },
                                                    "cumulative_cardinality": 1260710,
                                                    "operator_type": "COLUMN_DATA_SCAN",
                                                    "operator_cardinality": 1260710,
                                                    "cumulative_rows_scanned": 0,
                                                    "operator_rows_scanned": 0,
                                                    "operator_timing": 0.009242698999999997,
                                                    "result_set_size": 161370880,
                                                    "children": []
                                                },
                                                {
                                                    "operator_name": "PROJECTION",
                                                    "cpu_time": 0.2511140679999998,
                                                    "extra_info": {
                                                        "Projections": [
                                                            "CASE  WHEN ((count_star() IS NULL)) THEN (0) ELSE count_star() END",
                                                            "UserId"
                                                        ],
                                                        "Estimated Cardinality": "724182"
                                                    },
                                                    "cumulative_cardinality": 23877815,
                                                    "operator_type": "PROJECTION",
                                                    "operator_cardinality": 1260710,
                                                    "cumulative_rows_scanned": 7241822,
                                                    "operator_rows_scanned": 0,
                                                    "operator_timing": 0.0015884440000000003,
                                                    "result_set_size": 15128520,
                                                    "children": [
                                                        {
                                                            "operator_name": "HASH_JOIN",
                                                            "cpu_time": 0.2495256239999998,
                                                            "extra_info": {
                                                                "Join Type": "RIGHT",
                                                                "Conditions": "#0 IS NOT DISTINCT FROM UserId",
                                                                "Estimated Cardinality": "724182"
                                                            },
                                                            "cumulative_cardinality": 22617105,
                                                            "operator_type": "HASH_JOIN",
                                                            "operator_cardinality": 1260710,
                                                            "cumulative_rows_scanned": 7241822,
                                                            "operator_rows_scanned": 0,
                                                            "operator_timing": 0.063795395,
                                                            "result_set_size": 15128520,
                                                            "children": [
                                                                {
                                                                    "operator_name": "HASH_GROUP_BY",
                                                                    "cpu_time": 0.1857302289999998,
                                                                    "extra_info": {
                                                                        "Groups": "#0",
                                                                        "Aggregates": "count_star()",
                                                                        "Estimated Cardinality": "724182"
                                                                    },
                                                                    "cumulative_cardinality": 21356395,
                                                                    "operator_type": "HASH_GROUP_BY",
                                                                    "operator_cardinality": 253091,
                                                                    "cumulative_rows_scanned": 7241822,
                                                                    "operator_rows_scanned": 0,
                                                                    "operator_timing": 0.10697646099999981,
                                                                    "result_set_size": 3037092,
                                                                    "children": [
                                                                        {
                                                                            "operator_name": "PROJECTION",
                                                                            "cpu_time": 0.07875376799999997,
                                                                            "extra_info": {
                                                                                "Projections": "UserId",
                                                                                "Estimated Cardinality": "1448364"
                                                                            },
                                                                            "cumulative_cardinality": 21103304,
                                                                            "operator_type": "PROJECTION",
                                                                            "operator_cardinality": 6930741,
                                                                            "cumulative_rows_scanned": 7241822,
                                                                            "operator_rows_scanned": 0,
                                                                            "operator_timing": 0.0003708120000000008,
                                                                            "result_set_size": 27722964,
                                                                            "children": [
                                                                                {
                                                                                    "operator_name": "FILTER",
                                                                                    "cpu_time": 0.07838295599999998,
                                                                                    "extra_info": {
                                                                                        "Expression": "(userid IS NOT NULL)",
                                                                                        "Estimated Cardinality": "1448364"
                                                                                    },
                                                                                    "cumulative_cardinality": 14172563,
                                                                                    "operator_type": "FILTER",
                                                                                    "operator_cardinality": 6930741,
                                                                                    "cumulative_rows_scanned": 7241822,
                                                                                    "operator_rows_scanned": 0,
                                                                                    "operator_timing": 0.03765989099999995,
                                                                                    "result_set_size": 27722964,
                                                                                    "children": [
                                                                                        {
                                                                                            "operator_name": "READ_PARQUET ",
                                                                                            "cpu_time": 0.04072306500000002,
                                                                                            "extra_info": {
                                                                                                "Function": "READ_PARQUET",
                                                                                                "Projections": "userid",
                                                                                                "Estimated Cardinality": "7241822"
                                                                                            },
                                                                                            "cumulative_cardinality": 7241822,
                                                                                            "operator_type": "TABLE_SCAN",
                                                                                            "operator_cardinality": 7241822,
                                                                                            "cumulative_rows_scanned": 7241822,
                                                                                            "operator_rows_scanned": 7241822,
                                                                                            "operator_timing": 0.04072306500000002,
                                                                                            "result_set_size": 28967288,
                                                                                            "children": []
                                                                                        }
                                                                                    ]
                                                                                }
                                                                            ]
                                                                        }
                                                                    ]
                                                                },
                                                                {
                                                                    "operator_name": "DELIM_SCAN",
                                                                    "cpu_time": 0.0,
                                                                    "extra_info": {
                                                                        "Delim Index": "1",
                                                                        "Estimated Cardinality": "315177"
                                                                    },
                                                                    "cumulative_cardinality": 0,
                                                                    "operator_type": "DELIM_SCAN",
                                                                    "operator_cardinality": 0,
                                                                    "cumulative_rows_scanned": 0,
                                                                    "operator_rows_scanned": 0,
                                                                    "operator_timing": 0.0,
                                                                    "result_set_size": 0,
                                                                    "children": []
                                                                }
                                                            ]
                                                        }
                                                    ]
                                                }
                                            ]
                                        },
                                        {
                                            "operator_name": "HASH_GROUP_BY",
                                            "cpu_time": 0.005764431999999999,
                                            "extra_info": {
                                                "Groups": "#0",
                                                "Aggregates": "",
                                                "Estimated Cardinality": "724182"
                                            },
                                            "cumulative_cardinality": 1260710,
                                            "operator_type": "HASH_GROUP_BY",
                                            "operator_cardinality": 1260710,
                                            "cumulative_rows_scanned": 0,
                                            "operator_rows_scanned": 0,
                                            "operator_timing": 0.005764431999999999,
                                            "result_set_size": 5042840,
                                            "children": []
                                        }
                                    ]
                                }
                            ]
                        }
                    ]
                }
            ]
        }
    ]
}