{
    "rows_returned": 138,
    "query_name": "WITH UserVoteSummary AS (\n    SELECT \n        U.Id AS UserId, \n        U.DisplayName, \n        COUNT(V.Id) AS TotalVotes, \n        SUM(CASE WHEN VT.Name = 'UpMod' THEN 1 ELSE 0 END) AS UpVotes, \n        SUM(CASE WHEN VT.Name = 'DownMod' THEN 1 ELSE 0 END) AS DownVotes\n    FROM \n        Users U\n    LEFT JOIN \n        Votes V ON U.Id = V.UserId\n    LEFT JOIN \n        VoteTypes VT ON V.VoteTypeId = VT.Id\n    GROUP BY \n        U.Id, U.DisplayName\n),\nPostSummary AS (\n    SELECT \n        P.Id AS PostId, \n        P.Title, \n        P.CreationDate, \n        P.OwnerUserId, \n        COUNT(C.Id) AS CommentCount, \n        SUM(CASE WHEN V.VoteTypeId = 2 THEN 1 ELSE 0 END) AS UpVotes,\n        SUM(CASE WHEN V.VoteTypeId = 3 THEN 1 ELSE 0 END) AS DownVotes\n    FROM \n        Posts P\n    LEFT JOIN \n        Comments C ON P.Id = C.PostId\n    LEFT JOIN \n        Votes V ON P.Id = V.PostId\n    WHERE \n        P.CreationDate >= cast('2024-10-01' as date) - INTERVAL '30 days'\n    GROUP BY \n        P.Id, P.Title, P.CreationDate, P.OwnerUserId\n),\nTopUsers AS (\n    SELECT \n        U.Id AS UserId, \n        U.DisplayName, \n        U.Reputation, \n        S.TotalVotes, \n        S.UpVotes, \n        S.DownVotes\n    FROM \n        Users U\n    JOIN \n        UserVoteSummary S ON U.Id = S.UserId\n    WHERE \n        S.TotalVotes > 10\n    ORDER BY \n        U.Reputation DESC\n    LIMIT 10\n)\nSELECT \n    PS.PostId, \n    PS.Title, \n    PS.CreationDate, \n    T.DisplayName AS Owner, \n    PS.CommentCount,\n    PS.UpVotes, \n    PS.DownVotes\nFROM \n    PostSummary PS\nJOIN \n    TopUsers T ON PS.OwnerUserId = T.UserId\nORDER BY \n    PS.CreationDate DESC;",
    "blocked_thread_time": 0.0,
    "cpu_time": 1.6747710650000012,
    "extra_info": {},
    "cumulative_cardinality": 34639955,
    "cumulative_rows_scanned": 39101559,
    "result_set_size": 11592,
    "latency": 1.823433553,
    "children": [
        {
            "operator_name": "ORDER_BY",
            "cpu_time": 1.6747710650000012,
            "extra_info": {
                "Order By": "PS.CreationDate DESC"
            },
            "cumulative_cardinality": 34639955,
            "operator_type": "ORDER_BY",
            "operator_cardinality": 138,
            "cumulative_rows_scanned": 39101559,
            "operator_rows_scanned": 0,
            "operator_timing": 0.000060543999999999995,
            "result_set_size": 11592,
            "children": [
                {
                    "operator_name": "PROJECTION",
                    "cpu_time": 1.674710521000001,
                    "extra_info": {
                        "Projections": [
                            "PostId",
                            "title",
                            "creationdate",
                            "Owner",
                            "CommentCount",
                            "UpVotes",
                            "DownVotes"
                        ],
                        "Estimated Cardinality": "30"
                    },
                    "cumulative_cardinality": 34639817,
                    "operator_type": "PROJECTION",
                    "operator_cardinality": 138,
                    "cumulative_rows_scanned": 39101559,
                    "operator_rows_scanned": 0,
                    "operator_timing": 0.000001022,
                    "result_set_size": 11592,
                    "children": [
                        {
                            "operator_name": "HASH_JOIN",
                            "cpu_time": 1.674709499000001,
                            "extra_info": {
                                "Join Type": "INNER",
                                "Conditions": "owneruserid = UserId",
                                "Estimated Cardinality": "30"
                            },
                            "cumulative_cardinality": 34639679,
                            "operator_type": "HASH_JOIN",
                            "operator_cardinality": 138,
                            "cumulative_rows_scanned": 39101559,
                            "operator_rows_scanned": 0,
                            "operator_timing": 0.026144554000000007,
                            "result_set_size": 11592,
                            "children": [
                                {
                                    "operator_name": "HASH_GROUP_BY",
                                    "cpu_time": 0.841977796,
                                    "extra_info": {
                                        "Groups": [
                                            "#0",
                                            "#1",
                                            "#2",
                                            "#3"
                                        ],
                                        "Aggregates": [
                                            "count(#4)",
                                            "sum(#5)",
                                            "sum(#6)"
                                        ],
                                        "Estimated Cardinality": "3850116"
                                    },
                                    "cumulative_cardinality": 25762775,
                                    "operator_type": "HASH_GROUP_BY",
                                    "operator_cardinality": 10059,
                                    "cumulative_rows_scanned": 23836031,
                                    "operator_rows_scanned": 0,
                                    "operator_timing": 0.00560657,
                                    "result_set_size": 724248,
                                    "children": [
                                        {
                                            "operator_name": "PROJECTION",
                                            "cpu_time": 0.836371226,
                                            "extra_info": {
                                                "Projections": [
                                                    "id",
                                                    "title",
                                                    "creationdate",
                                                    "owneruserid",
                                                    "id",
                                                    "CASE  WHEN ((votetypeid = 2)) THEN (1) ELSE 0 END",
                                                    "CASE  WHEN ((votetypeid = 3)) THEN (1) ELSE 0 END"
                                                ],
                                                "Estimated Cardinality": "12744093"
                                            },
                                            "cumulative_cardinality": 25752716,
                                            "operator_type": "PROJECTION",
                                            "operator_cardinality": 70205,
                                            "cumulative_rows_scanned": 23836031,
                                            "operator_rows_scanned": 0,
                                            "operator_timing": 0.0003664009999999999,
                                            "result_set_size": 3089020,
                                            "children": [
                                                {
                                                    "operator_name": "PROJECTION",
                                                    "cpu_time": 0.8360048250000001,
                                                    "extra_info": {
                                                        "Projections": [
                                                            "#0",
                                                            "#1",
                                                            "#2",
                                                            "#3",
                                                            "#4",
                                                            "__internal_decompress_integral_smallint(#5, 1)"
                                                        ],
                                                        "Estimated Cardinality": "12744093"
                                                    },
                                                    "cumulative_cardinality": 25682511,
                                                    "operator_type": "PROJECTION",
                                                    "operator_cardinality": 70205,
                                                    "cumulative_rows_scanned": 23836031,
                                                    "operator_rows_scanned": 0,
                                                    "operator_timing": 0.00005135199999999999,
                                                    "result_set_size": 2667790,
                                                    "children": [
                                                        {
                                                            "operator_name": "HASH_JOIN",
                                                            "cpu_time": 0.8359534730000001,
                                                            "extra_info": {
                                                                "Join Type": "LEFT",
                                                                "Conditions": "id = postid",
                                                                "Estimated Cardinality": "12744093"
                                                            },
                                                            "cumulative_cardinality": 25612306,
                                                            "operator_type": "HASH_JOIN",
                                                            "operator_cardinality": 70205,
                                                            "cumulative_rows_scanned": 23836031,
                                                            "operator_rows_scanned": 0,
                                                            "operator_timing": 0.623438289,
                                                            "result_set_size": 2597585,
                                                            "children": [
                                                                {
                                                                    "operator_name": "HASH_JOIN",
                                                                    "cpu_time": 0.076606731,
                                                                    "extra_info": {
                                                                        "Join Type": "RIGHT",
                                                                        "Conditions": "postid = id",
                                                                        "Estimated Cardinality": "7241822"
                                                                    },
                                                                    "cumulative_cardinality": 53915,
                                                                    "operator_type": "HASH_JOIN",
                                                                    "operator_cardinality": 24140,
                                                                    "cumulative_rows_scanned": 11091938,
                                                                    "operator_rows_scanned": 0,
                                                                    "operator_timing": 0.0022778089999999996,
                                                                    "result_set_size": 869040,
                                                                    "children": [
                                                                        {
                                                                            "operator_name": "READ_PARQUET ",
                                                                            "cpu_time": 0.013118044999999998,
                                                                            "extra_info": {
                                                                                "Function": "READ_PARQUET",
                                                                                "Projections": [
                                                                                    "id",
                                                                                    "postid"
                                                                                ],
                                                                                "Estimated Cardinality": "7241822"
                                                                            },
                                                                            "cumulative_cardinality": 19716,
                                                                            "operator_type": "TABLE_SCAN",
                                                                            "operator_cardinality": 19716,
                                                                            "cumulative_rows_scanned": 7241822,
                                                                            "operator_rows_scanned": 7241822,
                                                                            "operator_timing": 0.013118044999999998,
                                                                            "result_set_size": 157728,
                                                                            "children": []
                                                                        },
                                                                        {
                                                                            "operator_name": "READ_PARQUET ",
                                                                            "cpu_time": 0.061210877,
                                                                            "extra_info": {
                                                                                "Function": "READ_PARQUET",
                                                                                "Projections": [
                                                                                    "id",
                                                                                    "creationdate",
                                                                                    "owneruserid",
                                                                                    "title"
                                                                                ],
                                                                                "Filters": "creationdate>='2024-09-01 00:00:00'::TIMESTAMP",
                                                                                "Estimated Cardinality": "770023"
                                                                            },
                                                                            "cumulative_cardinality": 10059,
                                                                            "operator_type": "TABLE_SCAN",
                                                                            "operator_cardinality": 10059,
                                                                            "cumulative_rows_scanned": 3850116,
                                                                            "operator_rows_scanned": 3850116,
                                                                            "operator_timing": 0.061210877,
                                                                            "result_set_size": 321888,
                                                                            "children": []
                                                                        }
                                                                    ]
                                                                },
                                                                {
                                                                    "operator_name": "PROJECTION",
                                                                    "cpu_time": 0.1359084530000001,
                                                                    "extra_info": {
                                                                        "Projections": [
                                                                            "#0",
                                                                            "__internal_compress_integral_utinyint(#1, 1)"
                                                                        ],
                                                                        "Estimated Cardinality": "12744093"
                                                                    },
                                                                    "cumulative_cardinality": 25488186,
                                                                    "operator_type": "PROJECTION",
                                                                    "operator_cardinality": 12744093,
                                                                    "cumulative_rows_scanned": 12744093,
                                                                    "operator_rows_scanned": 0,
                                                                    "operator_timing": 0.0032165860000000776,
                                                                    "result_set_size": 63720465,
                                                                    "children": [
                                                                        {
                                                                            "operator_name": "READ_PARQUET ",
                                                                            "cpu_time": 0.13269186700000002,
                                                                            "extra_info": {
                                                                                "Function": "READ_PARQUET",
                                                                                "Projections": [
                                                                                    "postid",
                                                                                    "votetypeid"
                                                                                ],
                                                                                "Estimated Cardinality": "12744093"
                                                                            },
                                                                            "cumulative_cardinality": 12744093,
                                                                            "operator_type": "TABLE_SCAN",
                                                                            "operator_cardinality": 12744093,
                                                                            "cumulative_rows_scanned": 12744093,
                                                                            "operator_rows_scanned": 12744093,
                                                                            "operator_timing": 0.13269186700000002,
                                                                            "result_set_size": 76464558,
                                                                            "children": []
                                                                        }
                                                                    ]
                                                                }
                                                            ]
                                                        }
                                                    ]
                                                }
                                            ]
                                        }
                                    ]
                                },
                                {
                                    "operator_name": "PROJECTION",
                                    "cpu_time": 0.8065871490000011,
                                    "extra_info": {
                                        "Projections": [
                                            "#0",
                                            "#1"
                                        ],
                                        "Estimated Cardinality": "10"
                                    },
                                    "cumulative_cardinality": 8876766,
                                    "operator_type": "PROJECTION",
                                    "operator_cardinality": 10,
                                    "cumulative_rows_scanned": 15265528,
                                    "operator_rows_scanned": 0,
                                    "operator_timing": 2.21e-7,
                                    "result_set_size": 200,
                                    "children": [
                                        {
                                            "operator_name": "FILTER",
                                            "cpu_time": 0.8065869280000011,
                                            "extra_info": {
                                                "Expression": "(UserId <= 1416539)",
                                                "Estimated Cardinality": "10"
                                            },
                                            "cumulative_cardinality": 8876756,
                                            "operator_type": "FILTER",
                                            "operator_cardinality": 10,
                                            "cumulative_rows_scanned": 15265528,
                                            "operator_rows_scanned": 0,
                                            "operator_timing": 0.000006081,
                                            "result_set_size": 240,
                                            "children": [
                                                {
                                                    "operator_name": "STREAMING_LIMIT",
                                                    "cpu_time": 0.8065808470000011,
                                                    "extra_info": {},
                                                    "cumulative_cardinality": 8876746,
                                                    "operator_type": "STREAMING_LIMIT",
                                                    "operator_cardinality": 10,
                                                    "cumulative_rows_scanned": 15265528,
                                                    "operator_rows_scanned": 0,
                                                    "operator_timing": 0.000002766,
                                                    "result_set_size": 240,
                                                    "children": [
                                                        {
                                                            "operator_name": "ORDER_BY",
                                                            "cpu_time": 0.8065780810000011,
                                                            "extra_info": {
                                                                "Order By": "U.Reputation DESC"
                                                            },
                                                            "cumulative_cardinality": 8876736,
                                                            "operator_type": "ORDER_BY",
                                                            "operator_cardinality": 539,
                                                            "cumulative_rows_scanned": 15265528,
                                                            "operator_rows_scanned": 0,
                                                            "operator_timing": 0.000069531,
                                                            "result_set_size": 12936,
                                                            "children": [
                                                                {
                                                                    "operator_name": "PROJECTION",
                                                                    "cpu_time": 0.8065085500000011,
                                                                    "extra_info": {
                                                                        "Projections": [
                                                                            "UserId",
                                                                            "displayname",
                                                                            "reputation"
                                                                        ],
                                                                        "Estimated Cardinality": "252142"
                                                                    },
                                                                    "cumulative_cardinality": 8876197,
                                                                    "operator_type": "PROJECTION",
                                                                    "operator_cardinality": 539,
                                                                    "cumulative_rows_scanned": 15265528,
                                                                    "operator_rows_scanned": 0,
                                                                    "operator_timing": 0.000002195,
                                                                    "result_set_size": 12936,
                                                                    "children": [
                                                                        {
                                                                            "operator_name": "HASH_JOIN",
                                                                            "cpu_time": 0.8065063550000011,
                                                                            "extra_info": {
                                                                                "Join Type": "INNER",
                                                                                "Conditions": "id = UserId",
                                                                                "Estimated Cardinality": "252142"
                                                                            },
                                                                            "cumulative_cardinality": 8875658,
                                                                            "operator_type": "HASH_JOIN",
                                                                            "operator_cardinality": 539,
                                                                            "cumulative_rows_scanned": 15265528,
                                                                            "operator_rows_scanned": 0,
                                                                            "operator_timing": 0.008333634999999999,
                                                                            "result_set_size": 15092,
                                                                            "children": [
                                                                                {
                                                                                    "operator_name": "READ_PARQUET ",
                                                                                    "cpu_time": 0.08753013200000005,
                                                                                    "extra_info": {
                                                                                        "Function": "READ_PARQUET",
                                                                                        "Projections": [
                                                                                            "id",
                                                                                            "reputation",
                                                                                            "displayname"
                                                                                        ],
                                                                                        "Estimated Cardinality": "1260710"
                                                                                    },
                                                                                    "cumulative_cardinality": 1156899,
                                                                                    "operator_type": "TABLE_SCAN",
                                                                                    "operator_cardinality": 1156899,
                                                                                    "cumulative_rows_scanned": 1260710,
                                                                                    "operator_rows_scanned": 1260710,
                                                                                    "operator_timing": 0.08753013200000005,
                                                                                    "result_set_size": 27765576,
                                                                                    "children": []
                                                                                },
                                                                                {
                                                                                    "operator_name": "PROJECTION",
                                                                                    "cpu_time": 0.7106425880000011,
                                                                                    "extra_info": {
                                                                                        "Projections": "#0",
                                                                                        "Estimated Cardinality": "252142"
                                                                                    },
                                                                                    "cumulative_cardinality": 7718220,
                                                                                    "operator_type": "PROJECTION",
                                                                                    "operator_cardinality": 539,
                                                                                    "cumulative_rows_scanned": 14004818,
                                                                                    "operator_rows_scanned": 0,
                                                                                    "operator_timing": 0.000004097,
                                                                                    "result_set_size": 2156,
                                                                                    "children": [
                                                                                        {
                                                                                            "operator_name": "FILTER",
                                                                                            "cpu_time": 0.7106384910000011,
                                                                                            "extra_info": {
                                                                                                "Expression": "(TotalVotes > 10)",
                                                                                                "Estimated Cardinality": "252142"
                                                                                            },
                                                                                            "cumulative_cardinality": 7717681,
                                                                                            "operator_type": "FILTER",
                                                                                            "operator_cardinality": 539,
                                                                                            "cumulative_rows_scanned": 14004818,
                                                                                            "operator_rows_scanned": 0,
                                                                                            "operator_timing": 0.0016623469999999993,
                                                                                            "result_set_size": 15092,
                                                                                            "children": [
                                                                                                {
                                                                                                    "operator_name": "HASH_GROUP_BY",
                                                                                                    "cpu_time": 0.7089761440000011,
                                                                                                    "extra_info": {
                                                                                                        "Groups": [
                                                                                                            "#0",
                                                                                                            "#1"
                                                                                                        ],
                                                                                                        "Aggregates": "count(#2)",
                                                                                                        "Estimated Cardinality": "1260710"
                                                                                                    },
                                                                                                    "cumulative_cardinality": 7717142,
                                                                                                    "operator_type": "HASH_GROUP_BY",
                                                                                                    "operator_cardinality": 1260710,
                                                                                                    "cumulative_rows_scanned": 14004818,
                                                                                                    "operator_rows_scanned": 0,
                                                                                                    "operator_timing": 0.25214307300000016,
                                                                                                    "result_set_size": 35299880,
                                                                                                    "children": [
                                                                                                        {
                                                                                                            "operator_name": "PROJECTION",
                                                                                                            "cpu_time": 0.45683307100000087,
                                                                                                            "extra_info": {
                                                                                                                "Projections": [
                                                                                                                    "id",
                                                                                                                    "displayname",
                                                                                                                    "id"
                                                                                                                ],
                                                                                                                "Estimated Cardinality": "12744093"
                                                                                                            },
                                                                                                            "cumulative_cardinality": 6456432,
                                                                                                            "operator_type": "PROJECTION",
                                                                                                            "operator_cardinality": 1288855,
                                                                                                            "cumulative_rows_scanned": 14004818,
                                                                                                            "operator_rows_scanned": 0,
                                                                                                            "operator_timing": 0.0001514800000000002,
                                                                                                            "result_set_size": 30932520,
                                                                                                            "children": [
                                                                                                                {
                                                                                                                    "operator_name": "PROJECTION",
                                                                                                                    "cpu_time": 0.4566815910000009,
                                                                                                                    "extra_info": {
                                                                                                                        "Projections": [
                                                                                                                            "#1",
                                                                                                                            "#2",
                                                                                                                            "#0",
                                                                                                                            "__internal_compress_integral_utinyint(#3, 1)"
                                                                                                                        ],
                                                                                                                        "Estimated Cardinality": "12744093"
                                                                                                                    },
                                                                                                                    "cumulative_cardinality": 5167577,
                                                                                                                    "operator_type": "PROJECTION",
                                                                                                                    "operator_cardinality": 1288855,
                                                                                                                    "cumulative_rows_scanned": 14004818,
                                                                                                                    "operator_rows_scanned": 0,
                                                                                                                    "operator_timing": 0.0004500869999999993,
                                                                                                                    "result_set_size": 32221375,
                                                                                                                    "children": [
                                                                                                                        {
                                                                                                                            "operator_name": "HASH_JOIN",
                                                                                                                            "cpu_time": 0.4562315040000009,
                                                                                                                            "extra_info": {
                                                                                                                                "Join Type": "LEFT",
                                                                                                                                "Conditions": "votetypeid = id",
                                                                                                                                "Estimated Cardinality": "12744093"
                                                                                                                            },
                                                                                                                            "cumulative_cardinality": 3878722,
                                                                                                                            "operator_type": "HASH_JOIN",
                                                                                                                            "operator_cardinality": 1288855,
                                                                                                                            "cumulative_rows_scanned": 14004818,
                                                                                                                            "operator_rows_scanned": 0,
                                                                                                                            "operator_timing": 0.003775559999999996,
                                                                                                                            "result_set_size": 33510230,
                                                                                                                            "children": [
                                                                                                                                {
                                                                                                                                    "operator_name": "HASH_JOIN",
                                                                                                                                    "cpu_time": 0.4522647460000009,
                                                                                                                                    "extra_info": {
                                                                                                                                        "Join Type": "RIGHT",
                                                                                                                                        "Conditions": "userid = id",
                                                                                                                                        "Estimated Cardinality": "12744093"
                                                                                                                                    },
                                                                                                                                    "cumulative_cardinality": 2589852,
                                                                                                                                    "operator_type": "HASH_JOIN",
                                                                                                                                    "operator_cardinality": 1288855,
                                                                                                                                    "cumulative_rows_scanned": 14004803,
                                                                                                                                    "operator_rows_scanned": 0,
                                                                                                                                    "operator_timing": 0.15699360200000068,
                                                                                                                                    "result_set_size": 33510230,
                                                                                                                                    "children": [
                                                                                                                                        {
                                                                                                                                            "operator_name": "READ_PARQUET ",
                                                                                                                                            "cpu_time": 0.20818060000000016,
                                                                                                                                            "extra_info": {
                                                                                                                                                "Function": "READ_PARQUET",
                                                                                                                                                "Projections": [
                                                                                                                                                    "id",
                                                                                                                                                    "votetypeid",
                                                                                                                                                    "userid"
                                                                                                                                                ],
                                                                                                                                                "Estimated Cardinality": "12744093"
                                                                                                                                            },
                                                                                                                                            "cumulative_cardinality": 40287,
                                                                                                                                            "operator_type": "TABLE_SCAN",
                                                                                                                                            "operator_cardinality": 40287,
                                                                                                                                            "cumulative_rows_scanned": 12744093,
                                                                                                                                            "operator_rows_scanned": 12744093,
                                                                                                                                            "operator_timing": 0.20818060000000016,
                                                                                                                                            "result_set_size": 402870,
                                                                                                                                            "children": []
                                                                                                                                        },
                                                                                                                                        {
                                                                                                                                            "operator_name": "READ_PARQUET ",
                                                                                                                                            "cpu_time": 0.08709054400000002,
                                                                                                                                            "extra_info": {
                                                                                                                                                "Function": "READ_PARQUET",
                                                                                                                                                "Projections": [
                                                                                                                                                    "id",
                                                                                                                                                    "displayname"
                                                                                                                                                ],
                                                                                                                                                "Estimated Cardinality": "1260710"
                                                                                                                                            },
                                                                                                                                            "cumulative_cardinality": 1260710,
                                                                                                                                            "operator_type": "TABLE_SCAN",
                                                                                                                                            "operator_cardinality": 1260710,
                                                                                                                                            "cumulative_rows_scanned": 1260710,
                                                                                                                                            "operator_rows_scanned": 1260710,
                                                                                                                                            "operator_timing": 0.08709054400000002,
                                                                                                                                            "result_set_size": 25214200,
                                                                                                                                            "children": []
                                                                                                                                        }
                                                                                                                                    ]
                                                                                                                                },
                                                                                                                                {
                                                                                                                                    "operator_name": "READ_PARQUET ",
                                                                                                                                    "cpu_time": 0.000191198,
                                                                                                                                    "extra_info": {
                                                                                                                                        "Function": "READ_PARQUET",
                                                                                                                                        "Projections": "id",
                                                                                                                                        "Estimated Cardinality": "15"
                                                                                                                                    },
                                                                                                                                    "cumulative_cardinality": 15,
                                                                                                                                    "operator_type": "TABLE_SCAN",
                                                                                                                                    "operator_cardinality": 15,
                                                                                                                                    "cumulative_rows_scanned": 15,
                                                                                                                                    "operator_rows_scanned": 15,
                                                                                                                                    "operator_timing": 0.000191198,
                                                                                                                                    "result_set_size": 30,
                                                                                                                                    "children": []
                                                                                                                                }
                                                                                                                            ]
                                                                                                                        }
                                                                                                                    ]
                                                                                                                }
                                                                                                            ]
                                                                                                        }
                                                                                                    ]
                                                                                                }
                                                                                            ]
                                                                                        }
                                                                                    ]
                                                                                }
                                                                            ]
                                                                        }
                                                                    ]
                                                                }
                                                            ]
                                                        }
                                                    ]
                                                }
                                            ]
                                        }
                                    ]
                                }
                            ]
                        }
                    ]
                }
            ]
        }
    ]
}