{
    "rows_returned": 100,
    "query_name": "SELECT \n    p.Id AS PostId,\n    p.Title,\n    COUNT(c.Id) AS CommentCount,\n    SUM(CASE WHEN v.VoteTypeId = 2 THEN 1 ELSE 0 END) AS UpVoteCount,\n    SUM(CASE WHEN v.VoteTypeId = 3 THEN 1 ELSE 0 END) AS DownVoteCount,\n    COUNT(DISTINCT ph.UserId) AS UniqueEditors,\n    MAX(ph.CreationDate) AS LastEditDate,\n    p.CreationDate,\n    p.ViewCount,\n    COALESCE(pl.RelatedPostCount, 0) AS RelatedPostCount\nFROM \n    Posts p\nLEFT JOIN \n    Comments c ON p.Id = c.PostId\nLEFT JOIN \n    Votes v ON p.Id = v.PostId\nLEFT JOIN \n    PostHistory ph ON p.Id = ph.PostId\nLEFT JOIN \n    (SELECT \n         PostId, \n         COUNT(*) AS RelatedPostCount \n     FROM \n         PostLinks \n     GROUP BY \n         PostId) pl ON p.Id = pl.PostId\nWHERE \n    p.PostTypeId = 1 \nGROUP BY \n    p.Id, p.Title, p.CreationDate, p.ViewCount, pl.RelatedPostCount\nHAVING \n    COUNT(c.Id) > 5 AND \n    SUM(CASE WHEN v.VoteTypeId = 2 THEN 1 ELSE 0 END) > 10\nORDER BY \n    p.ViewCount DESC, UpVoteCount DESC\nLIMIT 100;",
    "blocked_thread_time": 0.0,
    "cpu_time": 22.063884050000098,
    "extra_info": {},
    "cumulative_cardinality": 480370050,
    "cumulative_rows_scanned": 36044266,
    "result_set_size": 9600,
    "latency": 26.344574231,
    "children": [
        {
            "operator_name": "STREAMING_LIMIT",
            "cpu_time": 22.063884050000098,
            "extra_info": {},
            "cumulative_cardinality": 480370050,
            "operator_type": "STREAMING_LIMIT",
            "operator_cardinality": 100,
            "cumulative_rows_scanned": 36044266,
            "operator_rows_scanned": 0,
            "operator_timing": 0.0000031770000000000002,
            "result_set_size": 9600,
            "children": [
                {
                    "operator_name": "ORDER_BY",
                    "cpu_time": 22.063880873000098,
                    "extra_info": {
                        "Order By": [
                            "p.ViewCount DESC",
                            "sum(CASE  WHEN ((v.VoteTypeId = 2)) THEN (1) ELSE 0 END) DESC"
                        ]
                    },
                    "cumulative_cardinality": 480369950,
                    "operator_type": "ORDER_BY",
                    "operator_cardinality": 4096,
                    "cumulative_rows_scanned": 36044266,
                    "operator_rows_scanned": 0,
                    "operator_timing": 0.052429011999999976,
                    "result_set_size": 393216,
                    "children": [
                        {
                            "operator_name": "PROJECTION",
                            "cpu_time": 22.011451861000097,
                            "extra_info": {
                                "Projections": [
                                    "PostId",
                                    "title",
                                    "CommentCount",
                                    "UpVoteCount",
                                    "DownVoteCount",
                                    "UniqueEditors",
                                    "LastEditDate",
                                    "creationdate",
                                    "viewcount",
                                    "RelatedPostCount"
                                ],
                                "Estimated Cardinality": "770023"
                            },
                            "cumulative_cardinality": 480365854,
                            "operator_type": "PROJECTION",
                            "operator_cardinality": 620303,
                            "cumulative_rows_scanned": 36044266,
                            "operator_rows_scanned": 0,
                            "operator_timing": 0.005494631000000001,
                            "result_set_size": 59549088,
                            "children": [
                                {
                                    "operator_name": "FILTER",
                                    "cpu_time": 22.005957230000096,
                                    "extra_info": {
                                        "Expression": "((count(id) > 5) AND (sum(CASE  WHEN ((votetypeid = CAST(2 AS SMALLINT))) THEN (CAST(1 AS INTEGER)) ELSE CAST(0 AS INTEGER) END) > 10))",
                                        "Estimated Cardinality": "770023"
                                    },
                                    "cumulative_cardinality": 479745551,
                                    "operator_type": "FILTER",
                                    "operator_cardinality": 620303,
                                    "cumulative_rows_scanned": 36044266,
                                    "operator_rows_scanned": 0,
                                    "operator_timing": 0.009307412000000004,
                                    "result_set_size": 59549088,
                                    "children": [
                                        {
                                            "operator_name": "HASH_GROUP_BY",
                                            "cpu_time": 21.996649818000098,
                                            "extra_info": {
                                                "Groups": [
                                                    "#0",
                                                    "#1",
                                                    "#2",
                                                    "#3",
                                                    "#4"
                                                ],
                                                "Aggregates": [
                                                    "count(#5)",
                                                    "sum(#6)",
                                                    "sum(#7)",
                                                    "count(DISTINCT #8)",
                                                    "max(#9)"
                                                ],
                                                "Estimated Cardinality": "3850116"
                                            },
                                            "cumulative_cardinality": 479125248,
                                            "operator_type": "HASH_GROUP_BY",
                                            "operator_cardinality": 1668164,
                                            "cumulative_rows_scanned": 36044266,
                                            "operator_rows_scanned": 0,
                                            "operator_timing": 13.86720575400003,
                                            "result_set_size": 160143744,
                                            "children": [
                                                {
                                                    "operator_name": "PROJECTION",
                                                    "cpu_time": 8.129444064000067,
                                                    "extra_info": {
                                                        "Projections": [
                                                            "id",
                                                            "title",
                                                            "creationdate",
                                                            "viewcount",
                                                            "RelatedPostCount",
                                                            "id",
                                                            "CASE  WHEN ((votetypeid = 2)) THEN (1) ELSE 0 END",
                                                            "CASE  WHEN ((votetypeid = 3)) THEN (1) ELSE 0 END",
                                                            "userid",
                                                            "creationdate"
                                                        ],
                                                        "Estimated Cardinality": "12744093"
                                                    },
                                                    "cumulative_cardinality": 477457084,
                                                    "operator_type": "PROJECTION",
                                                    "operator_cardinality": 130560475,
                                                    "cumulative_rows_scanned": 36044266,
                                                    "operator_rows_scanned": 0,
                                                    "operator_timing": 0.9085227470000079,
                                                    "result_set_size": 8355870400,
                                                    "children": [
                                                        {
                                                            "operator_name": "HASH_JOIN",
                                                            "cpu_time": 7.22092131700006,
                                                            "extra_info": {
                                                                "Join Type": "LEFT",
                                                                "Conditions": "id = postid",
                                                                "Estimated Cardinality": "12744093"
                                                            },
                                                            "cumulative_cardinality": 346896609,
                                                            "operator_type": "HASH_JOIN",
                                                            "operator_cardinality": 130560475,
                                                            "cumulative_rows_scanned": 36044266,
                                                            "operator_rows_scanned": 0,
                                                            "operator_timing": 2.41373070600005,
                                                            "result_set_size": 7572507550,
                                                            "children": [
                                                                {
                                                                    "operator_name": "HASH_JOIN",
                                                                    "cpu_time": 4.787650933000009,
                                                                    "extra_info": {
                                                                        "Join Type": "LEFT",
                                                                        "Conditions": "id = postid",
                                                                        "Estimated Cardinality": "12744093"
                                                                    },
                                                                    "cumulative_cardinality": 215240094,
                                                                    "operator_type": "HASH_JOIN",
                                                                    "operator_cardinality": 130560475,
                                                                    "cumulative_rows_scanned": 35631275,
                                                                    "operator_rows_scanned": 0,
                                                                    "operator_timing": 2.478522084000012,
                                                                    "result_set_size": 6528023750,
                                                                    "children": [
                                                                        {
                                                                            "operator_name": "PROJECTION",
                                                                            "cpu_time": 2.0277113689999977,
                                                                            "extra_info": {
                                                                                "Projections": [
                                                                                    "#0",
                                                                                    "#1",
                                                                                    "#2",
                                                                                    "#3",
                                                                                    "#4",
                                                                                    "__internal_decompress_integral_smallint(#5, 1)"
                                                                                ],
                                                                                "Estimated Cardinality": "12744093"
                                                                            },
                                                                            "cumulative_cardinality": 72884375,
                                                                            "operator_type": "PROJECTION",
                                                                            "operator_cardinality": 16904139,
                                                                            "cumulative_rows_scanned": 23836031,
                                                                            "operator_rows_scanned": 0,
                                                                            "operator_timing": 0.013184089999999982,
                                                                            "result_set_size": 642357282,
                                                                            "children": [
                                                                                {
                                                                                    "operator_name": "HASH_JOIN",
                                                                                    "cpu_time": 2.014527278999998,
                                                                                    "extra_info": {
                                                                                        "Join Type": "LEFT",
                                                                                        "Conditions": "id = postid",
                                                                                        "Estimated Cardinality": "12744093"
                                                                                    },
                                                                                    "cumulative_cardinality": 55980236,
                                                                                    "operator_type": "HASH_JOIN",
                                                                                    "operator_cardinality": 16904139,
                                                                                    "cumulative_rows_scanned": 23836031,
                                                                                    "operator_rows_scanned": 0,
                                                                                    "operator_timing": 0.8604140870000002,
                                                                                    "result_set_size": 625453143,
                                                                                    "children": [
                                                                                        {
                                                                                            "operator_name": "HASH_JOIN",
                                                                                            "cpu_time": 1.0220405869999984,
                                                                                            "extra_info": {
                                                                                                "Join Type": "RIGHT",
                                                                                                "Conditions": "postid = id",
                                                                                                "Estimated Cardinality": "7241822"
                                                                                            },
                                                                                            "cumulative_cardinality": 13587911,
                                                                                            "operator_type": "HASH_JOIN",
                                                                                            "operator_cardinality": 4677925,
                                                                                            "cumulative_rows_scanned": 11091938,
                                                                                            "operator_rows_scanned": 0,
                                                                                            "operator_timing": 0.4301039379999984,
                                                                                            "result_set_size": 168405300,
                                                                                            "children": [
                                                                                                {
                                                                                                    "operator_name": "READ_PARQUET ",
                                                                                                    "cpu_time": 0.13857211699999988,
                                                                                                    "extra_info": {
                                                                                                        "Function": "READ_PARQUET",
                                                                                                        "Projections": [
                                                                                                            "id",
                                                                                                            "postid"
                                                                                                        ],
                                                                                                        "Estimated Cardinality": "7241822"
                                                                                                    },
                                                                                                    "cumulative_cardinality": 7241822,
                                                                                                    "operator_type": "TABLE_SCAN",
                                                                                                    "operator_cardinality": 7241822,
                                                                                                    "cumulative_rows_scanned": 7241822,
                                                                                                    "operator_rows_scanned": 7241822,
                                                                                                    "operator_timing": 0.13857211699999988,
                                                                                                    "result_set_size": 57934576,
                                                                                                    "children": []
                                                                                                },
                                                                                                {
                                                                                                    "operator_name": "READ_PARQUET ",
                                                                                                    "cpu_time": 0.45336453200000015,
                                                                                                    "extra_info": {
                                                                                                        "Function": "READ_PARQUET",
                                                                                                        "Projections": [
                                                                                                            "id",
                                                                                                            "creationdate",
                                                                                                            "viewcount",
                                                                                                            "title"
                                                                                                        ],
                                                                                                        "Filters": "posttypeid=1",
                                                                                                        "Estimated Cardinality": "770023"
                                                                                                    },
                                                                                                    "cumulative_cardinality": 1668164,
                                                                                                    "operator_type": "TABLE_SCAN",
                                                                                                    "operator_cardinality": 1668164,
                                                                                                    "cumulative_rows_scanned": 3850116,
                                                                                                    "operator_rows_scanned": 3850116,
                                                                                                    "operator_timing": 0.45336453200000015,
                                                                                                    "result_set_size": 53381248,
                                                                                                    "children": []
                                                                                                }
                                                                                            ]
                                                                                        },
                                                                                        {
                                                                                            "operator_name": "PROJECTION",
                                                                                            "cpu_time": 0.13207260499999954,
                                                                                            "extra_info": {
                                                                                                "Projections": [
                                                                                                    "#0",
                                                                                                    "__internal_compress_integral_utinyint(#1, 1)"
                                                                                                ],
                                                                                                "Estimated Cardinality": "12744093"
                                                                                            },
                                                                                            "cumulative_cardinality": 25488186,
                                                                                            "operator_type": "PROJECTION",
                                                                                            "operator_cardinality": 12744093,
                                                                                            "cumulative_rows_scanned": 12744093,
                                                                                            "operator_rows_scanned": 0,
                                                                                            "operator_timing": 0.003499377999999944,
                                                                                            "result_set_size": 63720465,
                                                                                            "children": [
                                                                                                {
                                                                                                    "operator_name": "READ_PARQUET ",
                                                                                                    "cpu_time": 0.1285732269999996,
                                                                                                    "extra_info": {
                                                                                                        "Function": "READ_PARQUET",
                                                                                                        "Projections": [
                                                                                                            "postid",
                                                                                                            "votetypeid"
                                                                                                        ],
                                                                                                        "Estimated Cardinality": "12744093"
                                                                                                    },
                                                                                                    "cumulative_cardinality": 12744093,
                                                                                                    "operator_type": "TABLE_SCAN",
                                                                                                    "operator_cardinality": 12744093,
                                                                                                    "cumulative_rows_scanned": 12744093,
                                                                                                    "operator_rows_scanned": 12744093,
                                                                                                    "operator_timing": 0.1285732269999996,
                                                                                                    "result_set_size": 76464558,
                                                                                                    "children": []
                                                                                                }
                                                                                            ]
                                                                                        }
                                                                                    ]
                                                                                }
                                                                            ]
                                                                        },
                                                                        {
                                                                            "operator_name": "READ_PARQUET ",
                                                                            "cpu_time": 0.2814174799999994,
                                                                            "extra_info": {
                                                                                "Function": "READ_PARQUET",
                                                                                "Projections": [
                                                                                    "postid",
                                                                                    "creationdate",
                                                                                    "userid"
                                                                                ],
                                                                                "Estimated Cardinality": "11795244"
                                                                            },
                                                                            "cumulative_cardinality": 11795244,
                                                                            "operator_type": "TABLE_SCAN",
                                                                            "operator_cardinality": 11795244,
                                                                            "cumulative_rows_scanned": 11795244,
                                                                            "operator_rows_scanned": 11795244,
                                                                            "operator_timing": 0.2814174799999994,
                                                                            "result_set_size": 188723904,
                                                                            "children": []
                                                                        }
                                                                    ]
                                                                },
                                                                {
                                                                    "operator_name": "HASH_GROUP_BY",
                                                                    "cpu_time": 0.019539678000000005,
                                                                    "extra_info": {
                                                                        "Groups": "#0",
                                                                        "Aggregates": "count_star()",
                                                                        "Estimated Cardinality": "206495"
                                                                    },
                                                                    "cumulative_cardinality": 1096040,
                                                                    "operator_type": "HASH_GROUP_BY",
                                                                    "operator_cardinality": 270058,
                                                                    "cumulative_rows_scanned": 412991,
                                                                    "operator_rows_scanned": 0,
                                                                    "operator_timing": 0.016786442000000002,
                                                                    "result_set_size": 3240696,
                                                                    "children": [
                                                                        {
                                                                            "operator_name": "PROJECTION",
                                                                            "cpu_time": 0.0027532360000000027,
                                                                            "extra_info": {
                                                                                "Projections": "postid",
                                                                                "Estimated Cardinality": "412991"
                                                                            },
                                                                            "cumulative_cardinality": 825982,
                                                                            "operator_type": "PROJECTION",
                                                                            "operator_cardinality": 412991,
                                                                            "cumulative_rows_scanned": 412991,
                                                                            "operator_rows_scanned": 0,
                                                                            "operator_timing": 0.00002387400000000001,
                                                                            "result_set_size": 1651964,
                                                                            "children": [
                                                                                {
                                                                                    "operator_name": "READ_PARQUET ",
                                                                                    "cpu_time": 0.0027293620000000025,
                                                                                    "extra_info": {
                                                                                        "Function": "READ_PARQUET",
                                                                                        "Projections": "postid",
                                                                                        "Estimated Cardinality": "412991"
                                                                                    },
                                                                                    "cumulative_cardinality": 412991,
                                                                                    "operator_type": "TABLE_SCAN",
                                                                                    "operator_cardinality": 412991,
                                                                                    "cumulative_rows_scanned": 412991,
                                                                                    "operator_rows_scanned": 412991,
                                                                                    "operator_timing": 0.0027293620000000025,
                                                                                    "result_set_size": 1651964,
                                                                                    "children": []
                                                                                }
                                                                            ]
                                                                        }
                                                                    ]
                                                                }
                                                            ]
                                                        }
                                                    ]
                                                }
                                            ]
                                        }
                                    ]
                                }
                            ]
                        }
                    ]
                }
            ]
        }
    ]
}