{
    "rows_returned": 10,
    "query_name": "\nWITH UserReputation AS (\n    SELECT \n        Id,\n        DisplayName,\n        Reputation,\n        CASE \n            WHEN Reputation > 1000 THEN 'High'\n            WHEN Reputation > 100 THEN 'Medium'\n            ELSE 'Low'\n        END AS ReputationLevel\n    FROM Users\n), RecentPosts AS (\n    SELECT \n        p.Id AS PostId,\n        p.OwnerUserId,\n        p.Title,\n        p.CreationDate,\n        p.Score,\n        p.ViewCount,\n        ROW_NUMBER() OVER (PARTITION BY p.OwnerUserId ORDER BY p.CreationDate DESC) AS rn\n    FROM Posts p\n    WHERE p.CreationDate > TIMESTAMP '2024-10-01 12:34:56' - INTERVAL '30 days'\n), PostWithComments AS (\n    SELECT \n        rp.PostId,\n        rp.Title,\n        rp.CreationDate,\n        rp.Score,\n        rp.ViewCount,\n        COALESCE(c.CommentCount, 0) AS CommentCount,\n        rp.OwnerUserId\n    FROM RecentPosts rp\n    LEFT JOIN (\n        SELECT PostId, COUNT(*) AS CommentCount\n        FROM Comments\n        GROUP BY PostId\n    ) c ON rp.PostId = c.PostId\n), PostSummary AS (\n    SELECT \n        wp.PostId,\n        wp.Title,\n        wp.CreationDate,\n        wp.Score,\n        wp.ViewCount,\n        wp.CommentCount,\n        ur.ReputationLevel,\n        wp.OwnerUserId\n    FROM PostWithComments wp\n    JOIN UserReputation ur ON wp.OwnerUserId = ur.Id\n    WHERE wp.Score >= 5\n)\nSELECT \n    ps.Title,\n    ps.CreationDate,\n    ps.Score,\n    ps.ViewCount,\n    ps.CommentCount,\n    CONCAT(ur.DisplayName, ' - ', ps.ReputationLevel) AS UserInfo\nFROM PostSummary ps\nJOIN UserReputation ur ON ps.OwnerUserId = ur.Id\nWHERE ps.CommentCount > 5\nORDER BY ps.Score DESC, ps.ViewCount ASC\nLIMIT 10;\n",
    "blocked_thread_time": 0.0,
    "cpu_time": 0.5100667939999998,
    "extra_info": {},
    "cumulative_cardinality": 20785106,
    "cumulative_rows_scanned": 13613358,
    "result_set_size": 560,
    "latency": 0.552887427,
    "children": [
        {
            "operator_name": "STREAMING_LIMIT",
            "cpu_time": 0.5100667939999998,
            "extra_info": {},
            "cumulative_cardinality": 20785106,
            "operator_type": "STREAMING_LIMIT",
            "operator_cardinality": 10,
            "cumulative_rows_scanned": 13613358,
            "operator_rows_scanned": 0,
            "operator_timing": 0.000001102,
            "result_set_size": 560,
            "children": [
                {
                    "operator_name": "PROJECTION",
                    "cpu_time": 0.5100656919999997,
                    "extra_info": {
                        "Projections": [
                            "#0",
                            "#1",
                            "__internal_decompress_integral_integer(#2, 5)",
                            "#3",
                            "#4",
                            "#5"
                        ],
                        "Estimated Cardinality": "28967"
                    },
                    "cumulative_cardinality": 20785096,
                    "operator_type": "PROJECTION",
                    "operator_cardinality": 110,
                    "cumulative_rows_scanned": 13613358,
                    "operator_rows_scanned": 0,
                    "operator_timing": 0.000001944,
                    "result_set_size": 6160,
                    "children": [
                        {
                            "operator_name": "ORDER_BY",
                            "cpu_time": 0.5100637479999998,
                            "extra_info": {
                                "Order By": [
                                    "ps.Score DESC",
                                    "ps.ViewCount ASC"
                                ]
                            },
                            "cumulative_cardinality": 20784986,
                            "operator_type": "ORDER_BY",
                            "operator_cardinality": 110,
                            "cumulative_rows_scanned": 13613358,
                            "operator_rows_scanned": 0,
                            "operator_timing": 0.000047819,
                            "result_set_size": 5940,
                            "children": [
                                {
                                    "operator_name": "PROJECTION",
                                    "cpu_time": 0.5100159289999998,
                                    "extra_info": {
                                        "Projections": [
                                            "#0",
                                            "#1",
                                            "__internal_compress_integral_usmallint(#2, 5)",
                                            "#3",
                                            "#4",
                                            "#5"
                                        ],
                                        "Estimated Cardinality": "28967"
                                    },
                                    "cumulative_cardinality": 20784876,
                                    "operator_type": "PROJECTION",
                                    "operator_cardinality": 110,
                                    "cumulative_rows_scanned": 13613358,
                                    "operator_rows_scanned": 0,
                                    "operator_timing": 0.000003757,
                                    "result_set_size": 5940,
                                    "children": [
                                        {
                                            "operator_name": "PROJECTION",
                                            "cpu_time": 0.5100121719999998,
                                            "extra_info": {
                                                "Projections": [
                                                    "title",
                                                    "creationdate",
                                                    "score",
                                                    "viewcount",
                                                    "CommentCount",
                                                    "UserInfo"
                                                ],
                                                "Estimated Cardinality": "28967"
                                            },
                                            "cumulative_cardinality": 20784766,
                                            "operator_type": "PROJECTION",
                                            "operator_cardinality": 110,
                                            "cumulative_rows_scanned": 13613358,
                                            "operator_rows_scanned": 0,
                                            "operator_timing": 0.000010159,
                                            "result_set_size": 6160,
                                            "children": [
                                                {
                                                    "operator_name": "HASH_JOIN",
                                                    "cpu_time": 0.5100020129999998,
                                                    "extra_info": {
                                                        "Join Type": "INNER",
                                                        "Conditions": "id = owneruserid",
                                                        "Estimated Cardinality": "28967"
                                                    },
                                                    "cumulative_cardinality": 20784656,
                                                    "operator_type": "HASH_JOIN",
                                                    "operator_cardinality": 110,
                                                    "cumulative_rows_scanned": 13613358,
                                                    "operator_rows_scanned": 0,
                                                    "operator_timing": 0.006859184999999995,
                                                    "result_set_size": 7920,
                                                    "children": [
                                                        {
                                                            "operator_name": "READ_PARQUET ",
                                                            "cpu_time": 0.08271468999999995,
                                                            "extra_info": {
                                                                "Function": "READ_PARQUET",
                                                                "Projections": [
                                                                    "id",
                                                                    "displayname"
                                                                ],
                                                                "Filters": "id<=1416539",
                                                                "Estimated Cardinality": "1260710"
                                                            },
                                                            "cumulative_cardinality": 1252257,
                                                            "operator_type": "TABLE_SCAN",
                                                            "operator_cardinality": 1252257,
                                                            "cumulative_rows_scanned": 1260710,
                                                            "operator_rows_scanned": 1260710,
                                                            "operator_timing": 0.08271468999999995,
                                                            "result_set_size": 25045140,
                                                            "children": []
                                                        },
                                                        {
                                                            "operator_name": "PROJECTION",
                                                            "cpu_time": 0.4204281379999999,
                                                            "extra_info": {
                                                                "Projections": [
                                                                    "title",
                                                                    "creationdate",
                                                                    "score",
                                                                    "viewcount",
                                                                    "CommentCount",
                                                                    "ReputationLevel",
                                                                    "owneruserid"
                                                                ],
                                                                "Estimated Cardinality": "28967"
                                                            },
                                                            "cumulative_cardinality": 19532289,
                                                            "operator_type": "PROJECTION",
                                                            "operator_cardinality": 110,
                                                            "cumulative_rows_scanned": 12352648,
                                                            "operator_rows_scanned": 0,
                                                            "operator_timing": 0.000002815,
                                                            "result_set_size": 6600,
                                                            "children": [
                                                                {
                                                                    "operator_name": "HASH_JOIN",
                                                                    "cpu_time": 0.4204253229999999,
                                                                    "extra_info": {
                                                                        "Join Type": "INNER",
                                                                        "Conditions": "id = owneruserid",
                                                                        "Estimated Cardinality": "28967"
                                                                    },
                                                                    "cumulative_cardinality": 19532179,
                                                                    "operator_type": "HASH_JOIN",
                                                                    "operator_cardinality": 110,
                                                                    "cumulative_rows_scanned": 12352648,
                                                                    "operator_rows_scanned": 0,
                                                                    "operator_timing": 0.0063497250000000005,
                                                                    "result_set_size": 6600,
                                                                    "children": [
                                                                        {
                                                                            "operator_name": "PROJECTION",
                                                                            "cpu_time": 0.03387078399999996,
                                                                            "extra_info": {
                                                                                "Projections": [
                                                                                    "id",
                                                                                    "ReputationLevel"
                                                                                ],
                                                                                "Estimated Cardinality": "1260710"
                                                                            },
                                                                            "cumulative_cardinality": 2504514,
                                                                            "operator_type": "PROJECTION",
                                                                            "operator_cardinality": 1252257,
                                                                            "cumulative_rows_scanned": 1260710,
                                                                            "operator_rows_scanned": 0,
                                                                            "operator_timing": 0.010463665999999995,
                                                                            "result_set_size": 25045140,
                                                                            "children": [
                                                                                {
                                                                                    "operator_name": "READ_PARQUET ",
                                                                                    "cpu_time": 0.023407117999999966,
                                                                                    "extra_info": {
                                                                                        "Function": "READ_PARQUET",
                                                                                        "Projections": [
                                                                                            "id",
                                                                                            "reputation"
                                                                                        ],
                                                                                        "Filters": "id<=1416539",
                                                                                        "Estimated Cardinality": "1260710"
                                                                                    },
                                                                                    "cumulative_cardinality": 1252257,
                                                                                    "operator_type": "TABLE_SCAN",
                                                                                    "operator_cardinality": 1252257,
                                                                                    "cumulative_rows_scanned": 1260710,
                                                                                    "operator_rows_scanned": 1260710,
                                                                                    "operator_timing": 0.023407117999999966,
                                                                                    "result_set_size": 10018056,
                                                                                    "children": []
                                                                                }
                                                                            ]
                                                                        },
                                                                        {
                                                                            "operator_name": "PROJECTION",
                                                                            "cpu_time": 0.38020481399999995,
                                                                            "extra_info": {
                                                                                "Projections": [
                                                                                    "title",
                                                                                    "creationdate",
                                                                                    "score",
                                                                                    "viewcount",
                                                                                    "CommentCount",
                                                                                    "owneruserid"
                                                                                ],
                                                                                "Estimated Cardinality": "28967"
                                                                            },
                                                                            "cumulative_cardinality": 17027555,
                                                                            "operator_type": "PROJECTION",
                                                                            "operator_cardinality": 111,
                                                                            "cumulative_rows_scanned": 11091938,
                                                                            "operator_rows_scanned": 0,
                                                                            "operator_timing": 0.000017964,
                                                                            "result_set_size": 4884,
                                                                            "children": [
                                                                                {
                                                                                    "operator_name": "HASH_JOIN",
                                                                                    "cpu_time": 0.38018684999999997,
                                                                                    "extra_info": {
                                                                                        "Join Type": "INNER",
                                                                                        "Conditions": "postid = PostId",
                                                                                        "Estimated Cardinality": "28967"
                                                                                    },
                                                                                    "cumulative_cardinality": 17027444,
                                                                                    "operator_type": "HASH_JOIN",
                                                                                    "operator_cardinality": 111,
                                                                                    "cumulative_rows_scanned": 11091938,
                                                                                    "operator_rows_scanned": 0,
                                                                                    "operator_timing": 0.0019990749999999977,
                                                                                    "result_set_size": 4884,
                                                                                    "children": [
                                                                                        {
                                                                                            "operator_name": "FILTER",
                                                                                            "cpu_time": 0.3034584209999999,
                                                                                            "extra_info": {
                                                                                                "Expression": "(COALESCE(CommentCount, 0) > 5)",
                                                                                                "Estimated Cardinality": "724182"
                                                                                            },
                                                                                            "cumulative_cardinality": 16994608,
                                                                                            "operator_type": "FILTER",
                                                                                            "operator_cardinality": 347292,
                                                                                            "cumulative_rows_scanned": 7241822,
                                                                                            "operator_rows_scanned": 0,
                                                                                            "operator_timing": 0.014238718999999997,
                                                                                            "result_set_size": 4167504,
                                                                                            "children": [
                                                                                                {
                                                                                                    "operator_name": "HASH_GROUP_BY",
                                                                                                    "cpu_time": 0.2892197019999999,
                                                                                                    "extra_info": {
                                                                                                        "Groups": "#0",
                                                                                                        "Aggregates": "count_star()",
                                                                                                        "Estimated Cardinality": "3620911"
                                                                                                    },
                                                                                                    "cumulative_cardinality": 16647316,
                                                                                                    "operator_type": "HASH_GROUP_BY",
                                                                                                    "operator_cardinality": 2163672,
                                                                                                    "cumulative_rows_scanned": 7241822,
                                                                                                    "operator_rows_scanned": 0,
                                                                                                    "operator_timing": 0.24802386300000004,
                                                                                                    "result_set_size": 25964064,
                                                                                                    "children": [
                                                                                                        {
                                                                                                            "operator_name": "PROJECTION",
                                                                                                            "cpu_time": 0.04119583899999987,
                                                                                                            "extra_info": {
                                                                                                                "Projections": "postid",
                                                                                                                "Estimated Cardinality": "7241822"
                                                                                                            },
                                                                                                            "cumulative_cardinality": 14483644,
                                                                                                            "operator_type": "PROJECTION",
                                                                                                            "operator_cardinality": 7241822,
                                                                                                            "cumulative_rows_scanned": 7241822,
                                                                                                            "operator_rows_scanned": 0,
                                                                                                            "operator_timing": 0.00042886699999999256,
                                                                                                            "result_set_size": 28967288,
                                                                                                            "children": [
                                                                                                                {
                                                                                                                    "operator_name": "READ_PARQUET ",
                                                                                                                    "cpu_time": 0.04076697199999988,
                                                                                                                    "extra_info": {
                                                                                                                        "Function": "READ_PARQUET",
                                                                                                                        "Projections": "postid",
                                                                                                                        "Estimated Cardinality": "7241822"
                                                                                                                    },
                                                                                                                    "cumulative_cardinality": 7241822,
                                                                                                                    "operator_type": "TABLE_SCAN",
                                                                                                                    "operator_cardinality": 7241822,
                                                                                                                    "cumulative_rows_scanned": 7241822,
                                                                                                                    "operator_rows_scanned": 7241822,
                                                                                                                    "operator_timing": 0.04076697199999988,
                                                                                                                    "result_set_size": 28967288,
                                                                                                                    "children": []
                                                                                                                }
                                                                                                            ]
                                                                                                        }
                                                                                                    ]
                                                                                                }
                                                                                            ]
                                                                                        },
                                                                                        {
                                                                                            "operator_name": "PROJECTION",
                                                                                            "cpu_time": 0.07472935400000001,
                                                                                            "extra_info": {
                                                                                                "Projections": [
                                                                                                    "PostId",
                                                                                                    "owneruserid",
                                                                                                    "title",
                                                                                                    "creationdate",
                                                                                                    "score",
                                                                                                    "viewcount"
                                                                                                ],
                                                                                                "Estimated Cardinality": "154004"
                                                                                            },
                                                                                            "cumulative_cardinality": 32725,
                                                                                            "operator_type": "PROJECTION",
                                                                                            "operator_cardinality": 736,
                                                                                            "cumulative_rows_scanned": 3850116,
                                                                                            "operator_rows_scanned": 0,
                                                                                            "operator_timing": 5.21e-7,
                                                                                            "result_set_size": 29440,
                                                                                            "children": [
                                                                                                {
                                                                                                    "operator_name": "FILTER",
                                                                                                    "cpu_time": 0.07472883300000001,
                                                                                                    "extra_info": {
                                                                                                        "Expression": "(PostId <= 4978525)",
                                                                                                        "Estimated Cardinality": "154004"
                                                                                                    },
                                                                                                    "cumulative_cardinality": 31989,
                                                                                                    "operator_type": "FILTER",
                                                                                                    "operator_cardinality": 736,
                                                                                                    "cumulative_rows_scanned": 3850116,
                                                                                                    "operator_rows_scanned": 0,
                                                                                                    "operator_timing": 0.000003076,
                                                                                                    "result_set_size": 29440,
                                                                                                    "children": [
                                                                                                        {
                                                                                                            "operator_name": "PROJECTION",
                                                                                                            "cpu_time": 0.074725757,
                                                                                                            "extra_info": {
                                                                                                                "Projections": [
                                                                                                                    "#0",
                                                                                                                    "#1",
                                                                                                                    "#2",
                                                                                                                    "#3",
                                                                                                                    "#4",
                                                                                                                    "#5"
                                                                                                                ],
                                                                                                                "Estimated Cardinality": "154004"
                                                                                                            },
                                                                                                            "cumulative_cardinality": 31253,
                                                                                                            "operator_type": "PROJECTION",
                                                                                                            "operator_cardinality": 736,
                                                                                                            "cumulative_rows_scanned": 3850116,
                                                                                                            "operator_rows_scanned": 0,
                                                                                                            "operator_timing": 5.01e-7,
                                                                                                            "result_set_size": 29440,
                                                                                                            "children": [
                                                                                                                {
                                                                                                                    "operator_name": "FILTER",
                                                                                                                    "cpu_time": 0.074725256,
                                                                                                                    "extra_info": {
                                                                                                                        "Expression": "(score >= 5)",
                                                                                                                        "Estimated Cardinality": "154004"
                                                                                                                    },
                                                                                                                    "cumulative_cardinality": 30517,
                                                                                                                    "operator_type": "FILTER",
                                                                                                                    "operator_cardinality": 736,
                                                                                                                    "cumulative_rows_scanned": 3850116,
                                                                                                                    "operator_rows_scanned": 0,
                                                                                                                    "operator_timing": 0.00020512400000000002,
                                                                                                                    "result_set_size": 35328,
                                                                                                                    "children": [
                                                                                                                        {
                                                                                                                            "operator_name": "PROJECTION",
                                                                                                                            "cpu_time": 0.074520132,
                                                                                                                            "extra_info": {
                                                                                                                                "Projections": [
                                                                                                                                    "#0",
                                                                                                                                    "#1",
                                                                                                                                    "#2",
                                                                                                                                    "#3",
                                                                                                                                    "#4",
                                                                                                                                    "#5",
                                                                                                                                    "#6"
                                                                                                                                ],
                                                                                                                                "Estimated Cardinality": "770023"
                                                                                                                            },
                                                                                                                            "cumulative_cardinality": 29781,
                                                                                                                            "operator_type": "PROJECTION",
                                                                                                                            "operator_cardinality": 9927,
                                                                                                                            "cumulative_rows_scanned": 3850116,
                                                                                                                            "operator_rows_scanned": 0,
                                                                                                                            "operator_timing": 0.000004457,
                                                                                                                            "result_set_size": 476496,
                                                                                                                            "children": [
                                                                                                                                {
                                                                                                                                    "operator_name": "WINDOW",
                                                                                                                                    "cpu_time": 0.074515675,
                                                                                                                                    "extra_info": {
                                                                                                                                        "Projections": "ROW_NUMBER() OVER (PARTITION BY owneruserid ORDER BY creationdate DESC NULLS LAST)"
                                                                                                                                    },
                                                                                                                                    "cumulative_cardinality": 19854,
                                                                                                                                    "operator_type": "WINDOW",
                                                                                                                                    "operator_cardinality": 9927,
                                                                                                                                    "cumulative_rows_scanned": 3850116,
                                                                                                                                    "operator_rows_scanned": 0,
                                                                                                                                    "operator_timing": 0.004092274,
                                                                                                                                    "result_set_size": 476496,
                                                                                                                                    "children": [
                                                                                                                                        {
                                                                                                                                            "operator_name": "READ_PARQUET ",
                                                                                                                                            "cpu_time": 0.070423401,
                                                                                                                                            "extra_info": {
                                                                                                                                                "Function": "READ_PARQUET",
                                                                                                                                                "Projections": [
                                                                                                                                                    "id",
                                                                                                                                                    "creationdate",
                                                                                                                                                    "score",
                                                                                                                                                    "viewcount",
                                                                                                                                                    "owneruserid",
                                                                                                                                                    "title"
                                                                                                                                                ],
                                                                                                                                                "Filters": "creationdate>'2024-09-01 12:34:56'::TIMESTAMP",
                                                                                                                                                "Estimated Cardinality": "770023"
                                                                                                                                            },
                                                                                                                                            "cumulative_cardinality": 9927,
                                                                                                                                            "operator_type": "TABLE_SCAN",
                                                                                                                                            "operator_cardinality": 9927,
                                                                                                                                            "cumulative_rows_scanned": 3850116,
                                                                                                                                            "operator_rows_scanned": 3850116,
                                                                                                                                            "operator_timing": 0.070423401,
                                                                                                                                            "result_set_size": 397080,
                                                                                                                                            "children": []
                                                                                                                                        }
                                                                                                                                    ]
                                                                                                                                }
                                                                                                                            ]
                                                                                                                        }
                                                                                                                    ]
                                                                                                                }
                                                                                                            ]
                                                                                                        }
                                                                                                    ]
                                                                                                }
                                                                                            ]
                                                                                        }
                                                                                    ]
                                                                                }
                                                                            ]
                                                                        }
                                                                    ]
                                                                }
                                                            ]
                                                        }
                                                    ]
                                                }
                                            ]
                                        }
                                    ]
                                }
                            ]
                        }
                    ]
                }
            ]
        }
    ]
}