{
    "rows_returned": 10,
    "query_name": "WITH UserBadges AS (\n    SELECT \n        U.Id AS UserId,\n        U.DisplayName,\n        B.Name AS BadgeName,\n        B.Class,\n        COUNT(B.Id) AS BadgeCount\n    FROM Users U\n    JOIN Badges B ON U.Id = B.UserId\n    GROUP BY U.Id, U.DisplayName, B.Name, B.Class\n),\nTopUsers AS (\n    SELECT \n        UserId,\n        DisplayName,\n        SUM(CASE WHEN Class = 1 THEN BadgeCount * 3 WHEN Class = 2 THEN BadgeCount * 2 WHEN Class = 3 THEN BadgeCount END) AS TotalScore\n    FROM UserBadges\n    GROUP BY UserId, DisplayName\n    ORDER BY TotalScore DESC\n    LIMIT 10\n),\nPostStats AS (\n    SELECT \n        P.OwnerUserId,\n        COUNT(P.Id) AS PostCount,\n        SUM(P.ViewCount) AS TotalViews,\n        AVG(P.Score) AS AverageScore,\n        SUM(CASE WHEN P.PostTypeId = 1 THEN 1 ELSE 0 END) AS QuestionCount,\n        SUM(CASE WHEN P.PostTypeId = 2 THEN 1 ELSE 0 END) AS AnswerCount\n    FROM Posts P\n    GROUP BY P.OwnerUserId\n)\nSELECT \n    T.DisplayName,\n    PS.PostCount,\n    PS.TotalViews,\n    PS.AverageScore,\n    PS.QuestionCount,\n    PS.AnswerCount\nFROM TopUsers T\nJOIN PostStats PS ON T.UserId = PS.OwnerUserId\nORDER BY T.TotalScore DESC, PS.TotalViews DESC;\n",
    "blocked_thread_time": 0.0,
    "cpu_time": 1.2976824360000005,
    "extra_info": {},
    "cumulative_cardinality": 26264179,
    "cumulative_rows_scanned": 7432550,
    "result_set_size": 800,
    "latency": 1.449292137,
    "children": [
        {
            "operator_name": "ORDER_BY",
            "cpu_time": 1.2976824360000005,
            "extra_info": {
                "Order By": [
                    "#6 DESC",
                    "PS.TotalViews DESC"
                ]
            },
            "cumulative_cardinality": 26264179,
            "operator_type": "ORDER_BY",
            "operator_cardinality": 10,
            "cumulative_rows_scanned": 7432550,
            "operator_rows_scanned": 0,
            "operator_timing": 0.000056916,
            "result_set_size": 800,
            "children": [
                {
                    "operator_name": "PROJECTION",
                    "cpu_time": 1.2976255200000006,
                    "extra_info": {
                        "Projections": [
                            "displayname",
                            "PostCount",
                            "TotalViews",
                            "AverageScore",
                            "QuestionCount",
                            "AnswerCount",
                            "TotalScore"
                        ],
                        "Estimated Cardinality": "15"
                    },
                    "cumulative_cardinality": 26264169,
                    "operator_type": "PROJECTION",
                    "operator_cardinality": 10,
                    "cumulative_rows_scanned": 7432550,
                    "operator_rows_scanned": 0,
                    "operator_timing": 0.000003105,
                    "result_set_size": 960,
                    "children": [
                        {
                            "operator_name": "HASH_JOIN",
                            "cpu_time": 1.2976224150000006,
                            "extra_info": {
                                "Join Type": "INNER",
                                "Conditions": "owneruserid = UserId",
                                "Estimated Cardinality": "15"
                            },
                            "cumulative_cardinality": 26264159,
                            "operator_type": "HASH_JOIN",
                            "operator_cardinality": 10,
                            "cumulative_rows_scanned": 7432550,
                            "operator_rows_scanned": 0,
                            "operator_timing": 0.0012582340000000009,
                            "result_set_size": 960,
                            "children": [
                                {
                                    "operator_name": "HASH_GROUP_BY",
                                    "cpu_time": 0.3864180700000001,
                                    "extra_info": {
                                        "Groups": "#0",
                                        "Aggregates": [
                                            "count_star()",
                                            "sum(#1)",
                                            "avg(#2)",
                                            "sum(#3)",
                                            "sum(#4)"
                                        ],
                                        "Estimated Cardinality": "1925058"
                                    },
                                    "cumulative_cardinality": 7741263,
                                    "operator_type": "HASH_GROUP_BY",
                                    "operator_cardinality": 371629,
                                    "cumulative_rows_scanned": 3850116,
                                    "operator_rows_scanned": 0,
                                    "operator_timing": 0.1797898970000001,
                                    "result_set_size": 25270772,
                                    "children": [
                                        {
                                            "operator_name": "PROJECTION",
                                            "cpu_time": 0.20662817300000003,
                                            "extra_info": {
                                                "Projections": [
                                                    "owneruserid",
                                                    "viewcount",
                                                    "score",
                                                    "CASE  WHEN ((posttypeid = 1)) THEN (1) ELSE 0 END",
                                                    "CASE  WHEN ((posttypeid = 2)) THEN (1) ELSE 0 END"
                                                ],
                                                "Estimated Cardinality": "3850116"
                                            },
                                            "cumulative_cardinality": 7369634,
                                            "operator_type": "PROJECTION",
                                            "operator_cardinality": 3684817,
                                            "cumulative_rows_scanned": 3850116,
                                            "operator_rows_scanned": 0,
                                            "operator_timing": 0.046732926999999924,
                                            "result_set_size": 73696340,
                                            "children": [
                                                {
                                                    "operator_name": "READ_PARQUET ",
                                                    "cpu_time": 0.1598952460000001,
                                                    "extra_info": {
                                                        "Function": "READ_PARQUET",
                                                        "Projections": [
                                                            "id",
                                                            "posttypeid",
                                                            "score",
                                                            "viewcount",
                                                            "owneruserid"
                                                        ],
                                                        "Filters": "owneruserid>=2 AND owneruserid<=1416532",
                                                        "Estimated Cardinality": "3850116"
                                                    },
                                                    "cumulative_cardinality": 3684817,
                                                    "operator_type": "TABLE_SCAN",
                                                    "operator_cardinality": 3684817,
                                                    "cumulative_rows_scanned": 3850116,
                                                    "operator_rows_scanned": 3850116,
                                                    "operator_timing": 0.1598952460000001,
                                                    "result_set_size": 66326706,
                                                    "children": []
                                                }
                                            ]
                                        }
                                    ]
                                },
                                {
                                    "operator_name": "STREAMING_LIMIT",
                                    "cpu_time": 0.9099461110000004,
                                    "extra_info": {},
                                    "cumulative_cardinality": 18522886,
                                    "operator_type": "STREAMING_LIMIT",
                                    "operator_cardinality": 10,
                                    "cumulative_rows_scanned": 3582434,
                                    "operator_rows_scanned": 0,
                                    "operator_timing": 0.0000020939999999999998,
                                    "result_set_size": 360,
                                    "children": [
                                        {
                                            "operator_name": "ORDER_BY",
                                            "cpu_time": 0.9099440170000005,
                                            "extra_info": {
                                                "Order By": "sum(CASE  WHEN ((UserBadges.\"Class\" = 1)) THEN ((UserBadges.BadgeCount * 3)) WHEN ((UserBadges.\"Class\" = 2)) THEN ((UserBadges.BadgeCount * 2)) WHEN ((UserBadges.\"Class\" = 3)) THEN (UserBadges.BadgeCount) ELSE NULL END) DESC"
                                            },
                                            "cumulative_cardinality": 18522876,
                                            "operator_type": "ORDER_BY",
                                            "operator_cardinality": 4096,
                                            "cumulative_rows_scanned": 3582434,
                                            "operator_rows_scanned": 0,
                                            "operator_timing": 0.017865264000000013,
                                            "result_set_size": 147456,
                                            "children": [
                                                {
                                                    "operator_name": "HASH_GROUP_BY",
                                                    "cpu_time": 0.8920787530000005,
                                                    "extra_info": {
                                                        "Groups": [
                                                            "#0",
                                                            "#1"
                                                        ],
                                                        "Aggregates": "sum(#2)",
                                                        "Estimated Cardinality": "630355"
                                                    },
                                                    "cumulative_cardinality": 18518780,
                                                    "operator_type": "HASH_GROUP_BY",
                                                    "operator_cardinality": 549021,
                                                    "cumulative_rows_scanned": 3582434,
                                                    "operator_rows_scanned": 0,
                                                    "operator_timing": 0.12931055600000002,
                                                    "result_set_size": 19764756,
                                                    "children": [
                                                        {
                                                            "operator_name": "PROJECTION",
                                                            "cpu_time": 0.7627681970000004,
                                                            "extra_info": {
                                                                "Projections": [
                                                                    "UserId",
                                                                    "displayname",
                                                                    "CASE  WHEN ((class = 1)) THEN ((BadgeCount * 3)) WHEN ((class = 2)) THEN ((BadgeCount * 2)) WHEN ((class = 3)) THEN (BadgeCount) ELSE NULL END"
                                                                ],
                                                                "Estimated Cardinality": "1260710"
                                                            },
                                                            "cumulative_cardinality": 17969759,
                                                            "operator_type": "PROJECTION",
                                                            "operator_cardinality": 1855548,
                                                            "cumulative_rows_scanned": 3582434,
                                                            "operator_rows_scanned": 0,
                                                            "operator_timing": 0.008063639000000013,
                                                            "result_set_size": 51955344,
                                                            "children": [
                                                                {
                                                                    "operator_name": "PROJECTION",
                                                                    "cpu_time": 0.7547045580000004,
                                                                    "extra_info": {
                                                                        "Projections": [
                                                                            "UserId",
                                                                            "displayname",
                                                                            "class",
                                                                            "BadgeCount"
                                                                        ],
                                                                        "Estimated Cardinality": "1260710"
                                                                    },
                                                                    "cumulative_cardinality": 16114211,
                                                                    "operator_type": "PROJECTION",
                                                                    "operator_cardinality": 1855548,
                                                                    "cumulative_rows_scanned": 3582434,
                                                                    "operator_rows_scanned": 0,
                                                                    "operator_timing": 0.0002630670000000009,
                                                                    "result_set_size": 55666440,
                                                                    "children": [
                                                                        {
                                                                            "operator_name": "PROJECTION",
                                                                            "cpu_time": 0.7544414910000004,
                                                                            "extra_info": {
                                                                                "Projections": [
                                                                                    "#0",
                                                                                    "#1",
                                                                                    "#2",
                                                                                    "__internal_decompress_integral_smallint(#3, 1)",
                                                                                    "#4"
                                                                                ],
                                                                                "Estimated Cardinality": "1260710"
                                                                            },
                                                                            "cumulative_cardinality": 14258663,
                                                                            "operator_type": "PROJECTION",
                                                                            "operator_cardinality": 1855548,
                                                                            "cumulative_rows_scanned": 3582434,
                                                                            "operator_rows_scanned": 0,
                                                                            "operator_timing": 0.0007352429999999991,
                                                                            "result_set_size": 85355208,
                                                                            "children": [
                                                                                {
                                                                                    "operator_name": "HASH_GROUP_BY",
                                                                                    "cpu_time": 0.7537062480000003,
                                                                                    "extra_info": {
                                                                                        "Groups": [
                                                                                            "#0",
                                                                                            "#1",
                                                                                            "#2",
                                                                                            "#3"
                                                                                        ],
                                                                                        "Aggregates": "count_star()",
                                                                                        "Estimated Cardinality": "1260710"
                                                                                    },
                                                                                    "cumulative_cardinality": 12403115,
                                                                                    "operator_type": "HASH_GROUP_BY",
                                                                                    "operator_cardinality": 1855548,
                                                                                    "cumulative_rows_scanned": 3582434,
                                                                                    "operator_rows_scanned": 0,
                                                                                    "operator_timing": 0.36993291399999984,
                                                                                    "result_set_size": 83499660,
                                                                                    "children": [
                                                                                        {
                                                                                            "operator_name": "PROJECTION",
                                                                                            "cpu_time": 0.38377333400000047,
                                                                                            "extra_info": {
                                                                                                "Projections": [
                                                                                                    "id",
                                                                                                    "displayname",
                                                                                                    "name",
                                                                                                    "class"
                                                                                                ],
                                                                                                "Estimated Cardinality": "2321724"
                                                                                            },
                                                                                            "cumulative_cardinality": 10547567,
                                                                                            "operator_type": "PROJECTION",
                                                                                            "operator_cardinality": 2321724,
                                                                                            "cumulative_rows_scanned": 3582434,
                                                                                            "operator_rows_scanned": 0,
                                                                                            "operator_timing": 0.0003566650000000025,
                                                                                            "result_set_size": 85903788,
                                                                                            "children": [
                                                                                                {
                                                                                                    "operator_name": "PROJECTION",
                                                                                                    "cpu_time": 0.3834166690000005,
                                                                                                    "extra_info": {
                                                                                                        "Projections": [
                                                                                                            "#0",
                                                                                                            "#1",
                                                                                                            "__internal_compress_integral_utinyint(#2, 1)",
                                                                                                            "#3",
                                                                                                            "#4"
                                                                                                        ],
                                                                                                        "Estimated Cardinality": "2321724"
                                                                                                    },
                                                                                                    "cumulative_cardinality": 8225843,
                                                                                                    "operator_type": "PROJECTION",
                                                                                                    "operator_cardinality": 2321724,
                                                                                                    "cumulative_rows_scanned": 3582434,
                                                                                                    "operator_rows_scanned": 0,
                                                                                                    "operator_timing": 0.001291337,
                                                                                                    "result_set_size": 95190684,
                                                                                                    "children": [
                                                                                                        {
                                                                                                            "operator_name": "HASH_JOIN",
                                                                                                            "cpu_time": 0.3821253320000005,
                                                                                                            "extra_info": {
                                                                                                                "Join Type": "INNER",
                                                                                                                "Conditions": "userid = id",
                                                                                                                "Estimated Cardinality": "2321724"
                                                                                                            },
                                                                                                            "cumulative_cardinality": 5904119,
                                                                                                            "operator_type": "HASH_JOIN",
                                                                                                            "operator_cardinality": 2321724,
                                                                                                            "cumulative_rows_scanned": 3582434,
                                                                                                            "operator_rows_scanned": 0,
                                                                                                            "operator_timing": 0.2274160890000004,
                                                                                                            "result_set_size": 97512408,
                                                                                                            "children": [
                                                                                                                {
                                                                                                                    "operator_name": "READ_PARQUET ",
                                                                                                                    "cpu_time": 0.07071637900000002,
                                                                                                                    "extra_info": {
                                                                                                                        "Function": "READ_PARQUET",
                                                                                                                        "Projections": [
                                                                                                                            "id",
                                                                                                                            "userid",
                                                                                                                            "name",
                                                                                                                            "class"
                                                                                                                        ],
                                                                                                                        "Estimated Cardinality": "2321724"
                                                                                                                    },
                                                                                                                    "cumulative_cardinality": 2321724,
                                                                                                                    "operator_type": "TABLE_SCAN",
                                                                                                                    "operator_cardinality": 2321724,
                                                                                                                    "cumulative_rows_scanned": 2321724,
                                                                                                                    "operator_rows_scanned": 2321724,
                                                                                                                    "operator_timing": 0.07071637900000002,
                                                                                                                    "result_set_size": 60364824,
                                                                                                                    "children": []
                                                                                                                },
                                                                                                                {
                                                                                                                    "operator_name": "READ_PARQUET ",
                                                                                                                    "cpu_time": 0.08399286400000006,
                                                                                                                    "extra_info": {
                                                                                                                        "Function": "READ_PARQUET",
                                                                                                                        "Projections": [
                                                                                                                            "id",
                                                                                                                            "displayname"
                                                                                                                        ],
                                                                                                                        "Filters": "id>=2 AND id<=1416532",
                                                                                                                        "Estimated Cardinality": "1260710"
                                                                                                                    },
                                                                                                                    "cumulative_cardinality": 1260671,
                                                                                                                    "operator_type": "TABLE_SCAN",
                                                                                                                    "operator_cardinality": 1260671,
                                                                                                                    "cumulative_rows_scanned": 1260710,
                                                                                                                    "operator_rows_scanned": 1260710,
                                                                                                                    "operator_timing": 0.08399286400000006,
                                                                                                                    "result_set_size": 25213420,
                                                                                                                    "children": []
                                                                                                                }
                                                                                                            ]
                                                                                                        }
                                                                                                    ]
                                                                                                }
                                                                                            ]
                                                                                        }
                                                                                    ]
                                                                                }
                                                                            ]
                                                                        }
                                                                    ]
                                                                }
                                                            ]
                                                        }
                                                    ]
                                                }
                                            ]
                                        }
                                    ]
                                }
                            ]
                        }
                    ]
                }
            ]
        }
    ]
}