{
    "rows_returned": 10,
    "query_name": "WITH UserBadges AS (\n    SELECT \n        u.Id AS UserId,\n        COUNT(b.Id) AS TotalBadges,\n        SUM(CASE WHEN b.Class = 1 THEN 1 ELSE 0 END) AS GoldBadges,\n        SUM(CASE WHEN b.Class = 2 THEN 1 ELSE 0 END) AS SilverBadges,\n        SUM(CASE WHEN b.Class = 3 THEN 1 ELSE 0 END) AS BronzeBadges\n    FROM \n        Users u\n    LEFT JOIN \n        Badges b ON u.Id = b.UserId\n    GROUP BY \n        u.Id\n),\nPostStats AS (\n    SELECT \n        p.OwnerUserId,\n        COUNT(p.Id) AS TotalPosts,\n        COUNT(CASE WHEN p.PostTypeId = 1 THEN 1 END) AS Questions,\n        COUNT(CASE WHEN p.PostTypeId = 2 THEN 1 END) AS Answers,\n        SUM(p.Score) AS TotalScore,\n        SUM(p.ViewCount) AS TotalViewCount\n    FROM \n        Posts p\n    GROUP BY \n        p.OwnerUserId\n),\nTopUsers AS (\n    SELECT \n        u.Id AS UserId,\n        u.DisplayName,\n        COALESCE(pb.TotalBadges, 0) AS TotalBadges,\n        COALESCE(ps.TotalPosts, 0) AS TotalPosts,\n        COALESCE(ps.Questions, 0) AS Questions,\n        COALESCE(ps.Answers, 0) AS Answers,\n        COALESCE(ps.TotalScore, 0) AS TotalScore,\n        COALESCE(ps.TotalViewCount, 0) AS TotalViewCount\n    FROM \n        Users u\n    LEFT JOIN \n        UserBadges pb ON u.Id = pb.UserId\n    LEFT JOIN \n        PostStats ps ON u.Id = ps.OwnerUserId\n    ORDER BY \n        TotalScore DESC, TotalBadges DESC\n    LIMIT 10\n)\nSELECT \n    tu.UserId,\n    tu.DisplayName,\n    tu.TotalBadges,\n    tu.TotalPosts,\n    tu.Questions,\n    tu.Answers,\n    tu.TotalScore,\n    tu.TotalViewCount\nFROM \n    TopUsers tu\nJOIN \n    (SELECT DISTINCT OwnerUserId FROM Posts) AS p ON tu.UserId = p.OwnerUserId\nORDER BY \n    tu.TotalScore DESC;\n",
    "blocked_thread_time": 0.0,
    "cpu_time": 1.234273487,
    "extra_info": {},
    "cumulative_cardinality": 32100684,
    "cumulative_rows_scanned": 12543376,
    "result_set_size": 840,
    "latency": 1.473512978,
    "children": [
        {
            "operator_name": "ORDER_BY",
            "cpu_time": 1.234273487,
            "extra_info": {
                "Order By": "tu.TotalScore DESC"
            },
            "cumulative_cardinality": 32100684,
            "operator_type": "ORDER_BY",
            "operator_cardinality": 10,
            "cumulative_rows_scanned": 12543376,
            "operator_rows_scanned": 0,
            "operator_timing": 0.00005273,
            "result_set_size": 840,
            "children": [
                {
                    "operator_name": "PROJECTION",
                    "cpu_time": 1.2342207570000001,
                    "extra_info": {
                        "Projections": [
                            "UserId",
                            "displayname",
                            "TotalBadges",
                            "TotalPosts",
                            "Questions",
                            "Answers",
                            "TotalScore",
                            "TotalViewCount"
                        ],
                        "Estimated Cardinality": "30"
                    },
                    "cumulative_cardinality": 32100674,
                    "operator_type": "PROJECTION",
                    "operator_cardinality": 10,
                    "cumulative_rows_scanned": 12543376,
                    "operator_rows_scanned": 0,
                    "operator_timing": 9.32e-7,
                    "result_set_size": 840,
                    "children": [
                        {
                            "operator_name": "HASH_JOIN",
                            "cpu_time": 1.234219825,
                            "extra_info": {
                                "Join Type": "INNER",
                                "Conditions": "owneruserid = UserId",
                                "Estimated Cardinality": "30"
                            },
                            "cumulative_cardinality": 32100664,
                            "operator_type": "HASH_JOIN",
                            "operator_cardinality": 10,
                            "cumulative_rows_scanned": 12543376,
                            "operator_rows_scanned": 0,
                            "operator_timing": 0.001853225,
                            "result_set_size": 880,
                            "children": [
                                {
                                    "operator_name": "HASH_GROUP_BY",
                                    "cpu_time": 0.09920374099999998,
                                    "extra_info": {
                                        "Groups": "#0",
                                        "Aggregates": "",
                                        "Estimated Cardinality": "3850116"
                                    },
                                    "cumulative_cardinality": 8071864,
                                    "operator_type": "HASH_GROUP_BY",
                                    "operator_cardinality": 371632,
                                    "cumulative_rows_scanned": 3850116,
                                    "operator_rows_scanned": 0,
                                    "operator_timing": 0.07719143200000003,
                                    "result_set_size": 1486528,
                                    "children": [
                                        {
                                            "operator_name": "PROJECTION",
                                            "cpu_time": 0.02201230899999996,
                                            "extra_info": {
                                                "Projections": "owneruserid",
                                                "Estimated Cardinality": "3850116"
                                            },
                                            "cumulative_cardinality": 7700232,
                                            "operator_type": "PROJECTION",
                                            "operator_cardinality": 3850116,
                                            "cumulative_rows_scanned": 3850116,
                                            "operator_rows_scanned": 0,
                                            "operator_timing": 0.00023990099999999885,
                                            "result_set_size": 15400464,
                                            "children": [
                                                {
                                                    "operator_name": "READ_PARQUET ",
                                                    "cpu_time": 0.021772407999999962,
                                                    "extra_info": {
                                                        "Function": "READ_PARQUET",
                                                        "Projections": "owneruserid",
                                                        "Estimated Cardinality": "3850116"
                                                    },
                                                    "cumulative_cardinality": 3850116,
                                                    "operator_type": "TABLE_SCAN",
                                                    "operator_cardinality": 3850116,
                                                    "cumulative_rows_scanned": 3850116,
                                                    "operator_rows_scanned": 3850116,
                                                    "operator_timing": 0.021772407999999962,
                                                    "result_set_size": 15400464,
                                                    "children": []
                                                }
                                            ]
                                        }
                                    ]
                                },
                                {
                                    "operator_name": "FILTER",
                                    "cpu_time": 1.133162859,
                                    "extra_info": {
                                        "Expression": "(UserId <= 1416539)",
                                        "Estimated Cardinality": "10"
                                    },
                                    "cumulative_cardinality": 24028790,
                                    "operator_type": "FILTER",
                                    "operator_cardinality": 10,
                                    "cumulative_rows_scanned": 8693260,
                                    "operator_rows_scanned": 0,
                                    "operator_timing": 0.000007073,
                                    "result_set_size": 840,
                                    "children": [
                                        {
                                            "operator_name": "STREAMING_LIMIT",
                                            "cpu_time": 1.133155786,
                                            "extra_info": {},
                                            "cumulative_cardinality": 24028780,
                                            "operator_type": "STREAMING_LIMIT",
                                            "operator_cardinality": 10,
                                            "cumulative_rows_scanned": 8693260,
                                            "operator_rows_scanned": 0,
                                            "operator_timing": 0.000002444,
                                            "result_set_size": 840,
                                            "children": [
                                                {
                                                    "operator_name": "ORDER_BY",
                                                    "cpu_time": 1.1331533420000002,
                                                    "extra_info": {
                                                        "Order By": [
                                                            "COALESCE(ps.TotalScore, 0) DESC",
                                                            "COALESCE(pb.TotalBadges, 0) DESC"
                                                        ]
                                                    },
                                                    "cumulative_cardinality": 24028770,
                                                    "operator_type": "ORDER_BY",
                                                    "operator_cardinality": 4096,
                                                    "cumulative_rows_scanned": 8693260,
                                                    "operator_rows_scanned": 0,
                                                    "operator_timing": 0.11831030099999999,
                                                    "result_set_size": 344064,
                                                    "children": [
                                                        {
                                                            "operator_name": "PROJECTION",
                                                            "cpu_time": 1.0148430410000002,
                                                            "extra_info": {
                                                                "Projections": [
                                                                    "UserId",
                                                                    "displayname",
                                                                    "TotalBadges",
                                                                    "TotalPosts",
                                                                    "Questions",
                                                                    "Answers",
                                                                    "TotalScore",
                                                                    "TotalViewCount"
                                                                ],
                                                                "Estimated Cardinality": "1925058"
                                                            },
                                                            "cumulative_cardinality": 24024674,
                                                            "operator_type": "PROJECTION",
                                                            "operator_cardinality": 1260710,
                                                            "cumulative_rows_scanned": 8693260,
                                                            "operator_rows_scanned": 0,
                                                            "operator_timing": 0.043912519999999976,
                                                            "result_set_size": 105899640,
                                                            "children": [
                                                                {
                                                                    "operator_name": "HASH_JOIN",
                                                                    "cpu_time": 0.9709305210000003,
                                                                    "extra_info": {
                                                                        "Join Type": "RIGHT",
                                                                        "Conditions": "owneruserid = id",
                                                                        "Estimated Cardinality": "1925058"
                                                                    },
                                                                    "cumulative_cardinality": 22763964,
                                                                    "operator_type": "HASH_JOIN",
                                                                    "operator_cardinality": 1260710,
                                                                    "cumulative_rows_scanned": 8693260,
                                                                    "operator_rows_scanned": 0,
                                                                    "operator_timing": 0.108045288,
                                                                    "result_set_size": 105899640,
                                                                    "children": [
                                                                        {
                                                                            "operator_name": "HASH_GROUP_BY",
                                                                            "cpu_time": 0.3196186440000005,
                                                                            "extra_info": {
                                                                                "Groups": "#0",
                                                                                "Aggregates": [
                                                                                    "count_star()",
                                                                                    "count(#1)",
                                                                                    "count(#2)",
                                                                                    "sum(#3)",
                                                                                    "sum(#4)"
                                                                                ],
                                                                                "Estimated Cardinality": "1925058"
                                                                            },
                                                                            "cumulative_cardinality": 8071864,
                                                                            "operator_type": "HASH_GROUP_BY",
                                                                            "operator_cardinality": 371632,
                                                                            "cumulative_rows_scanned": 3850116,
                                                                            "operator_rows_scanned": 0,
                                                                            "operator_timing": 0.17012037900000024,
                                                                            "result_set_size": 22297920,
                                                                            "children": [
                                                                                {
                                                                                    "operator_name": "PROJECTION",
                                                                                    "cpu_time": 0.14949826500000027,
                                                                                    "extra_info": {
                                                                                        "Projections": [
                                                                                            "owneruserid",
                                                                                            "CASE  WHEN ((posttypeid = 1)) THEN (1) ELSE NULL END",
                                                                                            "CASE  WHEN ((posttypeid = 2)) THEN (1) ELSE NULL END",
                                                                                            "score",
                                                                                            "viewcount"
                                                                                        ],
                                                                                        "Estimated Cardinality": "3850116"
                                                                                    },
                                                                                    "cumulative_cardinality": 7700232,
                                                                                    "operator_type": "PROJECTION",
                                                                                    "operator_cardinality": 3850116,
                                                                                    "cumulative_rows_scanned": 3850116,
                                                                                    "operator_rows_scanned": 0,
                                                                                    "operator_timing": 0.05328441599999998,
                                                                                    "result_set_size": 77002320,
                                                                                    "children": [
                                                                                        {
                                                                                            "operator_name": "READ_PARQUET ",
                                                                                            "cpu_time": 0.0962138490000003,
                                                                                            "extra_info": {
                                                                                                "Function": "READ_PARQUET",
                                                                                                "Projections": [
                                                                                                    "id",
                                                                                                    "posttypeid",
                                                                                                    "score",
                                                                                                    "viewcount",
                                                                                                    "owneruserid"
                                                                                                ],
                                                                                                "Estimated Cardinality": "3850116"
                                                                                            },
                                                                                            "cumulative_cardinality": 3850116,
                                                                                            "operator_type": "TABLE_SCAN",
                                                                                            "operator_cardinality": 3850116,
                                                                                            "cumulative_rows_scanned": 3850116,
                                                                                            "operator_rows_scanned": 3850116,
                                                                                            "operator_timing": 0.0962138490000003,
                                                                                            "result_set_size": 69302088,
                                                                                            "children": []
                                                                                        }
                                                                                    ]
                                                                                }
                                                                            ]
                                                                        },
                                                                        {
                                                                            "operator_name": "HASH_JOIN",
                                                                            "cpu_time": 0.5432665889999998,
                                                                            "extra_info": {
                                                                                "Join Type": "LEFT",
                                                                                "Conditions": "id = UserId",
                                                                                "Estimated Cardinality": "1260710"
                                                                            },
                                                                            "cumulative_cardinality": 13431390,
                                                                            "operator_type": "HASH_JOIN",
                                                                            "operator_cardinality": 1260710,
                                                                            "cumulative_rows_scanned": 4843144,
                                                                            "operator_rows_scanned": 0,
                                                                            "operator_timing": 0.08883936099999999,
                                                                            "result_set_size": 35299880,
                                                                            "children": [
                                                                                {
                                                                                    "operator_name": "READ_PARQUET ",
                                                                                    "cpu_time": 0.07700711600000003,
                                                                                    "extra_info": {
                                                                                        "Function": "READ_PARQUET",
                                                                                        "Projections": [
                                                                                            "id",
                                                                                            "displayname"
                                                                                        ],
                                                                                        "Estimated Cardinality": "1260710"
                                                                                    },
                                                                                    "cumulative_cardinality": 1260710,
                                                                                    "operator_type": "TABLE_SCAN",
                                                                                    "operator_cardinality": 1260710,
                                                                                    "cumulative_rows_scanned": 1260710,
                                                                                    "operator_rows_scanned": 1260710,
                                                                                    "operator_timing": 0.07700711600000003,
                                                                                    "result_set_size": 25214200,
                                                                                    "children": []
                                                                                },
                                                                                {
                                                                                    "operator_name": "HASH_GROUP_BY",
                                                                                    "cpu_time": 0.3774201119999998,
                                                                                    "extra_info": {
                                                                                        "Groups": "#0",
                                                                                        "Aggregates": "count(#1)",
                                                                                        "Estimated Cardinality": "1260710"
                                                                                    },
                                                                                    "cumulative_cardinality": 10909970,
                                                                                    "operator_type": "HASH_GROUP_BY",
                                                                                    "operator_cardinality": 1260710,
                                                                                    "cumulative_rows_scanned": 3582434,
                                                                                    "operator_rows_scanned": 0,
                                                                                    "operator_timing": 0.16823369999999982,
                                                                                    "result_set_size": 15128520,
                                                                                    "children": [
                                                                                        {
                                                                                            "operator_name": "PROJECTION",
                                                                                            "cpu_time": 0.20918641200000002,
                                                                                            "extra_info": {
                                                                                                "Projections": [
                                                                                                    "id",
                                                                                                    "id"
                                                                                                ],
                                                                                                "Estimated Cardinality": "2321724"
                                                                                            },
                                                                                            "cumulative_cardinality": 9649260,
                                                                                            "operator_type": "PROJECTION",
                                                                                            "operator_cardinality": 3033413,
                                                                                            "cumulative_rows_scanned": 3582434,
                                                                                            "operator_rows_scanned": 0,
                                                                                            "operator_timing": 0.00035520599999999827,
                                                                                            "result_set_size": 24267304,
                                                                                            "children": [
                                                                                                {
                                                                                                    "operator_name": "HASH_JOIN",
                                                                                                    "cpu_time": 0.20883120600000002,
                                                                                                    "extra_info": {
                                                                                                        "Join Type": "RIGHT",
                                                                                                        "Conditions": "userid = id",
                                                                                                        "Estimated Cardinality": "2321724"
                                                                                                    },
                                                                                                    "cumulative_cardinality": 6615847,
                                                                                                    "operator_type": "HASH_JOIN",
                                                                                                    "operator_cardinality": 3033413,
                                                                                                    "cumulative_rows_scanned": 3582434,
                                                                                                    "operator_rows_scanned": 0,
                                                                                                    "operator_timing": 0.159292019,
                                                                                                    "result_set_size": 24267304,
                                                                                                    "children": [
                                                                                                        {
                                                                                                            "operator_name": "READ_PARQUET ",
                                                                                                            "cpu_time": 0.04343931900000002,
                                                                                                            "extra_info": {
                                                                                                                "Function": "READ_PARQUET",
                                                                                                                "Projections": [
                                                                                                                    "id",
                                                                                                                    "userid"
                                                                                                                ],
                                                                                                                "Estimated Cardinality": "2321724"
                                                                                                            },
                                                                                                            "cumulative_cardinality": 2321724,
                                                                                                            "operator_type": "TABLE_SCAN",
                                                                                                            "operator_cardinality": 2321724,
                                                                                                            "cumulative_rows_scanned": 2321724,
                                                                                                            "operator_rows_scanned": 2321724,
                                                                                                            "operator_timing": 0.04343931900000002,
                                                                                                            "result_set_size": 18573792,
                                                                                                            "children": []
                                                                                                        },
                                                                                                        {
                                                                                                            "operator_name": "READ_PARQUET ",
                                                                                                            "cpu_time": 0.006099867999999984,
                                                                                                            "extra_info": {
                                                                                                                "Function": "READ_PARQUET",
                                                                                                                "Projections": "id",
                                                                                                                "Estimated Cardinality": "1260710"
                                                                                                            },
                                                                                                            "cumulative_cardinality": 1260710,
                                                                                                            "operator_type": "TABLE_SCAN",
                                                                                                            "operator_cardinality": 1260710,
                                                                                                            "cumulative_rows_scanned": 1260710,
                                                                                                            "operator_rows_scanned": 1260710,
                                                                                                            "operator_timing": 0.006099867999999984,
                                                                                                            "result_set_size": 5042840,
                                                                                                            "children": []
                                                                                                        }
                                                                                                    ]
                                                                                                }
                                                                                            ]
                                                                                        }
                                                                                    ]
                                                                                }
                                                                            ]
                                                                        }
                                                                    ]
                                                                }
                                                            ]
                                                        }
                                                    ]
                                                }
                                            ]
                                        }
                                    ]
                                }
                            ]
                        }
                    ]
                }
            ]
        }
    ]
}