{
    "rows_returned": 128753,
    "query_name": "WITH UserBadgeStats AS (\n    SELECT \n        U.Id AS UserId,\n        U.DisplayName,\n        SUM(CASE WHEN B.Class = 1 THEN 1 ELSE 0 END) AS GoldBadges,\n        SUM(CASE WHEN B.Class = 2 THEN 1 ELSE 0 END) AS SilverBadges,\n        SUM(CASE WHEN B.Class = 3 THEN 1 ELSE 0 END) AS BronzeBadges,\n        COUNT(B.Id) AS TotalBadges\n    FROM Users U\n    LEFT JOIN Badges B ON U.Id = B.UserId\n    GROUP BY U.Id, U.DisplayName\n),\nHighScorePosts AS (\n    SELECT \n        P.OwnerUserId,\n        COUNT(P.Id) AS TotalPosts,\n        AVG(P.Score) AS AvgScore,\n        ROW_NUMBER() OVER (PARTITION BY P.OwnerUserId ORDER BY AVG(P.Score) DESC) AS Rank\n    FROM Posts P\n    WHERE P.Score IS NOT NULL\n    GROUP BY P.OwnerUserId\n)\nSELECT \n    U.DisplayName,\n    UBadge.GoldBadges,\n    UBadge.SilverBadges,\n    UBadge.BronzeBadges,\n    HScore.TotalPosts,\n    HScore.AvgScore,\n    CASE \n        WHEN HScore.AvgScore IS NULL THEN 'No Posts'\n        WHEN HScore.AvgScore > 50 THEN 'High Performer'\n        WHEN HScore.AvgScore BETWEEN 20 AND 50 THEN 'Moderate Performer'\n        ELSE 'Needs Improvement' \n    END AS PerformanceCategory\nFROM Users U\nLEFT JOIN UserBadgeStats UBadge ON U.Id = UBadge.UserId\nLEFT JOIN HighScorePosts HScore ON U.Id = HScore.OwnerUserId\nWHERE U.LastAccessDate >= cast('2024-10-01' as date) - INTERVAL '1 YEAR'\nAND (UBadge.TotalBadges IS NULL OR UBadge.TotalBadges > 0)\nORDER BY U.DisplayName ASC, HScore.AvgScore DESC NULLS LAST;",
    "blocked_thread_time": 0.0,
    "cpu_time": 1.1973122869999997,
    "extra_info": {},
    "cumulative_cardinality": 22649069,
    "cumulative_rows_scanned": 8693260,
    "result_set_size": 12360288,
    "latency": 1.570440175,
    "children": [
        {
            "operator_name": "ORDER_BY",
            "cpu_time": 1.1973122869999997,
            "extra_info": {
                "Order By": [
                    "U.DisplayName ASC",
                    "HScore.AvgScore DESC"
                ]
            },
            "cumulative_cardinality": 22649069,
            "operator_type": "ORDER_BY",
            "operator_cardinality": 128753,
            "cumulative_rows_scanned": 8693260,
            "operator_rows_scanned": 0,
            "operator_timing": 0.015756847,
            "result_set_size": 12360288,
            "children": [
                {
                    "operator_name": "PROJECTION",
                    "cpu_time": 1.1815554399999997,
                    "extra_info": {
                        "Projections": [
                            "displayname",
                            "GoldBadges",
                            "SilverBadges",
                            "BronzeBadges",
                            "TotalPosts",
                            "AvgScore",
                            "PerformanceCategory"
                        ],
                        "Estimated Cardinality": "385011"
                    },
                    "cumulative_cardinality": 22520316,
                    "operator_type": "PROJECTION",
                    "operator_cardinality": 128753,
                    "cumulative_rows_scanned": 8693260,
                    "operator_rows_scanned": 0,
                    "operator_timing": 0.0025074679999999997,
                    "result_set_size": 12360288,
                    "children": [
                        {
                            "operator_name": "HASH_JOIN",
                            "cpu_time": 1.1790479719999998,
                            "extra_info": {
                                "Join Type": "LEFT",
                                "Conditions": "id = owneruserid",
                                "Estimated Cardinality": "385011"
                            },
                            "cumulative_cardinality": 22391563,
                            "operator_type": "HASH_JOIN",
                            "operator_cardinality": 128753,
                            "cumulative_rows_scanned": 8693260,
                            "operator_rows_scanned": 0,
                            "operator_timing": 0.02045609100000001,
                            "result_set_size": 10300240,
                            "children": [
                                {
                                    "operator_name": "PROJECTION",
                                    "cpu_time": 0.9567504979999998,
                                    "extra_info": {
                                        "Projections": [
                                            "#0",
                                            "#1",
                                            "#2",
                                            "#4",
                                            "#5"
                                        ],
                                        "Estimated Cardinality": "252142"
                                    },
                                    "cumulative_cardinality": 13076050,
                                    "operator_type": "PROJECTION",
                                    "operator_cardinality": 128753,
                                    "cumulative_rows_scanned": 4843144,
                                    "operator_rows_scanned": 0,
                                    "operator_timing": 0.00008498600000000003,
                                    "result_set_size": 8755204,
                                    "children": [
                                        {
                                            "operator_name": "FILTER",
                                            "cpu_time": 0.9566655119999998,
                                            "extra_info": {
                                                "Expression": "((TotalBadges IS NULL) OR (TotalBadges > 0))",
                                                "Estimated Cardinality": "252142"
                                            },
                                            "cumulative_cardinality": 12947297,
                                            "operator_type": "FILTER",
                                            "operator_cardinality": 128753,
                                            "cumulative_rows_scanned": 4843144,
                                            "operator_rows_scanned": 0,
                                            "operator_timing": 0.006392528000000011,
                                            "result_set_size": 9785228,
                                            "children": [
                                                {
                                                    "operator_name": "HASH_JOIN",
                                                    "cpu_time": 0.9502729839999998,
                                                    "extra_info": {
                                                        "Join Type": "RIGHT",
                                                        "Conditions": "UserId = id",
                                                        "Estimated Cardinality": "1260710"
                                                    },
                                                    "cumulative_cardinality": 12818544,
                                                    "operator_type": "HASH_JOIN",
                                                    "operator_cardinality": 323932,
                                                    "cumulative_rows_scanned": 4843144,
                                                    "operator_rows_scanned": 0,
                                                    "operator_timing": 0.0557241420000001,
                                                    "result_set_size": 24618832,
                                                    "children": [
                                                        {
                                                            "operator_name": "PROJECTION",
                                                            "cpu_time": 0.8270987579999997,
                                                            "extra_info": {
                                                                "Projections": [
                                                                    "UserId",
                                                                    "GoldBadges",
                                                                    "SilverBadges",
                                                                    "BronzeBadges",
                                                                    "TotalBadges"
                                                                ],
                                                                "Estimated Cardinality": "1260710"
                                                            },
                                                            "cumulative_cardinality": 12170680,
                                                            "operator_type": "PROJECTION",
                                                            "operator_cardinality": 1260710,
                                                            "cumulative_rows_scanned": 3582434,
                                                            "operator_rows_scanned": 0,
                                                            "operator_timing": 0.0002323579999999992,
                                                            "result_set_size": 75642600,
                                                            "children": [
                                                                {
                                                                    "operator_name": "HASH_GROUP_BY",
                                                                    "cpu_time": 0.8268663999999997,
                                                                    "extra_info": {
                                                                        "Groups": [
                                                                            "#0",
                                                                            "#1"
                                                                        ],
                                                                        "Aggregates": [
                                                                            "sum(#2)",
                                                                            "sum(#3)",
                                                                            "sum(#4)",
                                                                            "count(#5)"
                                                                        ],
                                                                        "Estimated Cardinality": "1260710"
                                                                    },
                                                                    "cumulative_cardinality": 10909970,
                                                                    "operator_type": "HASH_GROUP_BY",
                                                                    "operator_cardinality": 1260710,
                                                                    "cumulative_rows_scanned": 3582434,
                                                                    "operator_rows_scanned": 0,
                                                                    "operator_timing": 0.4810313969999994,
                                                                    "result_set_size": 95813960,
                                                                    "children": [
                                                                        {
                                                                            "operator_name": "PROJECTION",
                                                                            "cpu_time": 0.3458350030000002,
                                                                            "extra_info": {
                                                                                "Projections": [
                                                                                    "id",
                                                                                    "displayname",
                                                                                    "CASE  WHEN ((class = 1)) THEN (1) ELSE 0 END",
                                                                                    "CASE  WHEN ((class = 2)) THEN (1) ELSE 0 END",
                                                                                    "CASE  WHEN ((class = 3)) THEN (1) ELSE 0 END",
                                                                                    "id"
                                                                                ],
                                                                                "Estimated Cardinality": "2321724"
                                                                            },
                                                                            "cumulative_cardinality": 9649260,
                                                                            "operator_type": "PROJECTION",
                                                                            "operator_cardinality": 3033413,
                                                                            "cumulative_rows_scanned": 3582434,
                                                                            "operator_rows_scanned": 0,
                                                                            "operator_timing": 0.016065914000000032,
                                                                            "result_set_size": 109202868,
                                                                            "children": [
                                                                                {
                                                                                    "operator_name": "HASH_JOIN",
                                                                                    "cpu_time": 0.3297690890000002,
                                                                                    "extra_info": {
                                                                                        "Join Type": "RIGHT",
                                                                                        "Conditions": "userid = id",
                                                                                        "Estimated Cardinality": "2321724"
                                                                                    },
                                                                                    "cumulative_cardinality": 6615847,
                                                                                    "operator_type": "HASH_JOIN",
                                                                                    "operator_cardinality": 3033413,
                                                                                    "cumulative_rows_scanned": 3582434,
                                                                                    "operator_rows_scanned": 0,
                                                                                    "operator_timing": 0.20033755500000014,
                                                                                    "result_set_size": 78868738,
                                                                                    "children": [
                                                                                        {
                                                                                            "operator_name": "READ_PARQUET ",
                                                                                            "cpu_time": 0.05267270200000003,
                                                                                            "extra_info": {
                                                                                                "Function": "READ_PARQUET",
                                                                                                "Projections": [
                                                                                                    "id",
                                                                                                    "userid",
                                                                                                    "class"
                                                                                                ],
                                                                                                "Estimated Cardinality": "2321724"
                                                                                            },
                                                                                            "cumulative_cardinality": 2321724,
                                                                                            "operator_type": "TABLE_SCAN",
                                                                                            "operator_cardinality": 2321724,
                                                                                            "cumulative_rows_scanned": 2321724,
                                                                                            "operator_rows_scanned": 2321724,
                                                                                            "operator_timing": 0.05267270200000003,
                                                                                            "result_set_size": 23217240,
                                                                                            "children": []
                                                                                        },
                                                                                        {
                                                                                            "operator_name": "READ_PARQUET ",
                                                                                            "cpu_time": 0.076758832,
                                                                                            "extra_info": {
                                                                                                "Function": "READ_PARQUET",
                                                                                                "Projections": [
                                                                                                    "id",
                                                                                                    "displayname"
                                                                                                ],
                                                                                                "Estimated Cardinality": "1260710"
                                                                                            },
                                                                                            "cumulative_cardinality": 1260710,
                                                                                            "operator_type": "TABLE_SCAN",
                                                                                            "operator_cardinality": 1260710,
                                                                                            "cumulative_rows_scanned": 1260710,
                                                                                            "operator_rows_scanned": 1260710,
                                                                                            "operator_timing": 0.076758832,
                                                                                            "result_set_size": 25214200,
                                                                                            "children": []
                                                                                        }
                                                                                    ]
                                                                                }
                                                                            ]
                                                                        }
                                                                    ]
                                                                }
                                                            ]
                                                        },
                                                        {
                                                            "operator_name": "READ_PARQUET ",
                                                            "cpu_time": 0.06745008400000004,
                                                            "extra_info": {
                                                                "Function": "READ_PARQUET",
                                                                "Projections": [
                                                                    "id",
                                                                    "displayname"
                                                                ],
                                                                "Filters": "lastaccessdate>='2023-10-01 00:00:00'::TIMESTAMP",
                                                                "Estimated Cardinality": "252142"
                                                            },
                                                            "cumulative_cardinality": 323932,
                                                            "operator_type": "TABLE_SCAN",
                                                            "operator_cardinality": 323932,
                                                            "cumulative_rows_scanned": 1260710,
                                                            "operator_rows_scanned": 1260710,
                                                            "operator_timing": 0.06745008400000004,
                                                            "result_set_size": 6478640,
                                                            "children": []
                                                        }
                                                    ]
                                                }
                                            ]
                                        }
                                    ]
                                },
                                {
                                    "operator_name": "PROJECTION",
                                    "cpu_time": 0.20184138300000004,
                                    "extra_info": {
                                        "Projections": [
                                            "owneruserid",
                                            "TotalPosts",
                                            "AvgScore"
                                        ],
                                        "Estimated Cardinality": "385011"
                                    },
                                    "cumulative_cardinality": 9186760,
                                    "operator_type": "PROJECTION",
                                    "operator_cardinality": 371632,
                                    "cumulative_rows_scanned": 3850116,
                                    "operator_rows_scanned": 0,
                                    "operator_timing": 0.000027257999999999985,
                                    "result_set_size": 7432640,
                                    "children": [
                                        {
                                            "operator_name": "PROJECTION",
                                            "cpu_time": 0.20181412500000004,
                                            "extra_info": {
                                                "Projections": [
                                                    "#0",
                                                    "#1",
                                                    "#2",
                                                    "#3"
                                                ],
                                                "Estimated Cardinality": "385011"
                                            },
                                            "cumulative_cardinality": 8815128,
                                            "operator_type": "PROJECTION",
                                            "operator_cardinality": 371632,
                                            "cumulative_rows_scanned": 3850116,
                                            "operator_rows_scanned": 0,
                                            "operator_timing": 0.00003734100000000005,
                                            "result_set_size": 10405696,
                                            "children": [
                                                {
                                                    "operator_name": "WINDOW",
                                                    "cpu_time": 0.20177678400000004,
                                                    "extra_info": {
                                                        "Projections": "ROW_NUMBER() OVER (PARTITION BY owneruserid ORDER BY avg(score) DESC NULLS LAST)"
                                                    },
                                                    "cumulative_cardinality": 8443496,
                                                    "operator_type": "WINDOW",
                                                    "operator_cardinality": 371632,
                                                    "cumulative_rows_scanned": 3850116,
                                                    "operator_rows_scanned": 0,
                                                    "operator_timing": 0.038376296000000004,
                                                    "result_set_size": 10405696,
                                                    "children": [
                                                        {
                                                            "operator_name": "HASH_GROUP_BY",
                                                            "cpu_time": 0.16340048800000004,
                                                            "extra_info": {
                                                                "Groups": "#0",
                                                                "Aggregates": [
                                                                    "count_star()",
                                                                    "avg(#1)"
                                                                ],
                                                                "Estimated Cardinality": "385011"
                                                            },
                                                            "cumulative_cardinality": 8071864,
                                                            "operator_type": "HASH_GROUP_BY",
                                                            "operator_cardinality": 371632,
                                                            "cumulative_rows_scanned": 3850116,
                                                            "operator_rows_scanned": 0,
                                                            "operator_timing": 0.10694324100000004,
                                                            "result_set_size": 7432640,
                                                            "children": [
                                                                {
                                                                    "operator_name": "PROJECTION",
                                                                    "cpu_time": 0.056457246999999995,
                                                                    "extra_info": {
                                                                        "Projections": [
                                                                            "owneruserid",
                                                                            "score"
                                                                        ],
                                                                        "Estimated Cardinality": "770023"
                                                                    },
                                                                    "cumulative_cardinality": 7700232,
                                                                    "operator_type": "PROJECTION",
                                                                    "operator_cardinality": 3850116,
                                                                    "cumulative_rows_scanned": 3850116,
                                                                    "operator_rows_scanned": 0,
                                                                    "operator_timing": 0.00035039600000000054,
                                                                    "result_set_size": 30800928,
                                                                    "children": [
                                                                        {
                                                                            "operator_name": "READ_PARQUET ",
                                                                            "cpu_time": 0.05610685099999999,
                                                                            "extra_info": {
                                                                                "Function": "READ_PARQUET",
                                                                                "Projections": [
                                                                                    "id",
                                                                                    "score",
                                                                                    "owneruserid"
                                                                                ],
                                                                                "Estimated Cardinality": "770023"
                                                                            },
                                                                            "cumulative_cardinality": 3850116,
                                                                            "operator_type": "TABLE_SCAN",
                                                                            "operator_cardinality": 3850116,
                                                                            "cumulative_rows_scanned": 3850116,
                                                                            "operator_rows_scanned": 3850116,
                                                                            "operator_timing": 0.05610685099999999,
                                                                            "result_set_size": 46201392,
                                                                            "children": []
                                                                        }
                                                                    ]
                                                                }
                                                            ]
                                                        }
                                                    ]
                                                }
                                            ]
                                        }
                                    ]
                                }
                            ]
                        }
                    ]
                }
            ]
        }
    ]
}