{
    "rows_returned": 10,
    "query_name": "WITH UserVoteStats AS (\n    SELECT \n        u.Id AS UserId,\n        u.DisplayName,\n        COUNT(CASE WHEN v.VoteTypeId = 2 THEN 1 END) AS Upvotes,\n        COUNT(CASE WHEN v.VoteTypeId = 3 THEN 1 END) AS Downvotes,\n        SUM(CASE WHEN v.VoteTypeId IN (2, 3) THEN 1 ELSE 0 END) AS TotalVotes\n    FROM Users u\n    LEFT JOIN Votes v ON u.Id = v.UserId\n    GROUP BY u.Id, u.DisplayName\n),\nPostActivity AS (\n    SELECT \n        p.Id AS PostId,\n        p.Title,\n        COUNT(c.Id) AS CommentCount,\n        SUM(CASE WHEN ph.PostHistoryTypeId = 10 THEN 1 ELSE 0 END) AS CloseCount,\n        SUM(CASE WHEN ph.PostHistoryTypeId = 11 THEN 1 ELSE 0 END) AS ReopenCount,\n        MAX(p.LastActivityDate) AS LastActivity\n    FROM Posts p\n    LEFT JOIN Comments c ON p.Id = c.PostId\n    LEFT JOIN PostHistory ph ON p.Id = ph.PostId\n    WHERE p.CreationDate >= cast('2024-10-01 12:34:56' as timestamp) - INTERVAL '1 year'\n    GROUP BY p.Id, p.Title\n),\nPostStats AS (\n    SELECT \n        pa.PostId,\n        pa.Title,\n        pa.CommentCount,\n        pa.CloseCount,\n        pa.ReopenCount,\n        pa.LastActivity,\n        COALESCE(uvs.Upvotes, 0) AS TotalUpvotes,\n        COALESCE(uvs.Downvotes, 0) AS TotalDownvotes,\n        (COALESCE(uvs.Upvotes, 0) - COALESCE(uvs.Downvotes, 0)) AS NetVotes\n    FROM PostActivity pa\n    LEFT JOIN UserVoteStats uvs ON pa.PostId = uvs.UserId\n)\nSELECT \n    ps.Title,\n    ps.CommentCount,\n    ps.CloseCount,\n    ps.ReopenCount,\n    ps.LastActivity,\n    ps.TotalUpvotes,\n    ps.TotalDownvotes,\n    ps.NetVotes\nFROM PostStats ps\nORDER BY ps.NetVotes DESC, ps.LastActivity DESC\nLIMIT 10;",
    "blocked_thread_time": 0.0,
    "cpu_time": 1.4601749140000002,
    "extra_info": {},
    "cumulative_cardinality": 35736218,
    "cumulative_rows_scanned": 36891985,
    "result_set_size": 880,
    "latency": 1.657418635,
    "children": [
        {
            "operator_name": "STREAMING_LIMIT",
            "cpu_time": 1.4601749140000002,
            "extra_info": {},
            "cumulative_cardinality": 35736218,
            "operator_type": "STREAMING_LIMIT",
            "operator_cardinality": 10,
            "cumulative_rows_scanned": 36891985,
            "operator_rows_scanned": 0,
            "operator_timing": 0.0000025960000000000002,
            "result_set_size": 880,
            "children": [
                {
                    "operator_name": "ORDER_BY",
                    "cpu_time": 1.4601723180000001,
                    "extra_info": {
                        "Order By": [
                            "ps.NetVotes DESC",
                            "ps.LastActivity DESC"
                        ]
                    },
                    "cumulative_cardinality": 35736208,
                    "operator_type": "ORDER_BY",
                    "operator_cardinality": 4096,
                    "cumulative_rows_scanned": 36891985,
                    "operator_rows_scanned": 0,
                    "operator_timing": 0.008257914999999998,
                    "result_set_size": 360448,
                    "children": [
                        {
                            "operator_name": "PROJECTION",
                            "cpu_time": 1.4519144030000002,
                            "extra_info": {
                                "Projections": [
                                    "title",
                                    "CommentCount",
                                    "CloseCount",
                                    "ReopenCount",
                                    "LastActivity",
                                    "TotalUpvotes",
                                    "TotalDownvotes",
                                    "NetVotes"
                                ],
                                "Estimated Cardinality": "3850116"
                            },
                            "cumulative_cardinality": 35732112,
                            "operator_type": "PROJECTION",
                            "operator_cardinality": 145542,
                            "cumulative_rows_scanned": 36891985,
                            "operator_rows_scanned": 0,
                            "operator_timing": 0.0005590279999999998,
                            "result_set_size": 12807696,
                            "children": [
                                {
                                    "operator_name": "PROJECTION",
                                    "cpu_time": 1.4513553750000001,
                                    "extra_info": {
                                        "Projections": [
                                            "title",
                                            "CommentCount",
                                            "CloseCount",
                                            "ReopenCount",
                                            "LastActivity",
                                            "TotalUpvotes",
                                            "TotalDownvotes"
                                        ],
                                        "Estimated Cardinality": "3850116"
                                    },
                                    "cumulative_cardinality": 35586570,
                                    "operator_type": "PROJECTION",
                                    "operator_cardinality": 145542,
                                    "cumulative_rows_scanned": 36891985,
                                    "operator_rows_scanned": 0,
                                    "operator_timing": 0.001581771,
                                    "result_set_size": 11643360,
                                    "children": [
                                        {
                                            "operator_name": "HASH_JOIN",
                                            "cpu_time": 1.4497736040000002,
                                            "extra_info": {
                                                "Join Type": "LEFT",
                                                "Conditions": "PostId = UserId",
                                                "Estimated Cardinality": "3850116"
                                            },
                                            "cumulative_cardinality": 35441028,
                                            "operator_type": "HASH_JOIN",
                                            "operator_cardinality": 145542,
                                            "cumulative_rows_scanned": 36891985,
                                            "operator_rows_scanned": 0,
                                            "operator_timing": 0.049007378,
                                            "result_set_size": 11643360,
                                            "children": [
                                                {
                                                    "operator_name": "HASH_GROUP_BY",
                                                    "cpu_time": 0.8485808730000005,
                                                    "extra_info": {
                                                        "Groups": [
                                                            "#0",
                                                            "#1"
                                                        ],
                                                        "Aggregates": [
                                                            "count(#2)",
                                                            "sum(#3)",
                                                            "sum(#4)",
                                                            "max(#5)"
                                                        ],
                                                        "Estimated Cardinality": "3850116"
                                                    },
                                                    "cumulative_cardinality": 28895359,
                                                    "operator_type": "HASH_GROUP_BY",
                                                    "operator_cardinality": 145542,
                                                    "cumulative_rows_scanned": 22887182,
                                                    "operator_rows_scanned": 0,
                                                    "operator_timing": 0.0994812939999999,
                                                    "result_set_size": 9896856,
                                                    "children": [
                                                        {
                                                            "operator_name": "PROJECTION",
                                                            "cpu_time": 0.7490995790000006,
                                                            "extra_info": {
                                                                "Projections": [
                                                                    "id",
                                                                    "title",
                                                                    "id",
                                                                    "CASE  WHEN ((posthistorytypeid = 10)) THEN (1) ELSE 0 END",
                                                                    "CASE  WHEN ((posthistorytypeid = 11)) THEN (1) ELSE 0 END",
                                                                    "lastactivitydate"
                                                                ],
                                                                "Estimated Cardinality": "11795244"
                                                            },
                                                            "cumulative_cardinality": 28749817,
                                                            "operator_type": "PROJECTION",
                                                            "operator_cardinality": 1459171,
                                                            "cumulative_rows_scanned": 22887182,
                                                            "operator_rows_scanned": 0,
                                                            "operator_timing": 0.0054975980000000054,
                                                            "result_set_size": 58366840,
                                                            "children": [
                                                                {
                                                                    "operator_name": "PROJECTION",
                                                                    "cpu_time": 0.7436019810000005,
                                                                    "extra_info": {
                                                                        "Projections": [
                                                                            "#0",
                                                                            "#1",
                                                                            "#2",
                                                                            "#3",
                                                                            "__internal_decompress_integral_smallint(#4, 1)"
                                                                        ],
                                                                        "Estimated Cardinality": "11795244"
                                                                    },
                                                                    "cumulative_cardinality": 27290646,
                                                                    "operator_type": "PROJECTION",
                                                                    "operator_cardinality": 1459171,
                                                                    "cumulative_rows_scanned": 22887182,
                                                                    "operator_rows_scanned": 0,
                                                                    "operator_timing": 0.001482050999999999,
                                                                    "result_set_size": 49611814,
                                                                    "children": [
                                                                        {
                                                                            "operator_name": "HASH_JOIN",
                                                                            "cpu_time": 0.7421199300000005,
                                                                            "extra_info": {
                                                                                "Join Type": "LEFT",
                                                                                "Conditions": "id = postid",
                                                                                "Estimated Cardinality": "11795244"
                                                                            },
                                                                            "cumulative_cardinality": 25831475,
                                                                            "operator_type": "HASH_JOIN",
                                                                            "operator_cardinality": 1459171,
                                                                            "cumulative_rows_scanned": 22887182,
                                                                            "operator_rows_scanned": 0,
                                                                            "operator_timing": 0.5207763610000006,
                                                                            "result_set_size": 48152643,
                                                                            "children": [
                                                                                {
                                                                                    "operator_name": "HASH_JOIN",
                                                                                    "cpu_time": 0.10336795300000003,
                                                                                    "extra_info": {
                                                                                        "Join Type": "RIGHT",
                                                                                        "Conditions": "postid = id",
                                                                                        "Estimated Cardinality": "7241822"
                                                                                    },
                                                                                    "cumulative_cardinality": 781816,
                                                                                    "operator_type": "HASH_JOIN",
                                                                                    "operator_cardinality": 349210,
                                                                                    "cumulative_rows_scanned": 11091938,
                                                                                    "operator_rows_scanned": 0,
                                                                                    "operator_timing": 0.023756354000000007,
                                                                                    "result_set_size": 11174720,
                                                                                    "children": [
                                                                                        {
                                                                                            "operator_name": "READ_PARQUET ",
                                                                                            "cpu_time": 0.013175141000000001,
                                                                                            "extra_info": {
                                                                                                "Function": "READ_PARQUET",
                                                                                                "Projections": [
                                                                                                    "id",
                                                                                                    "postid"
                                                                                                ],
                                                                                                "Estimated Cardinality": "7241822"
                                                                                            },
                                                                                            "cumulative_cardinality": 287064,
                                                                                            "operator_type": "TABLE_SCAN",
                                                                                            "operator_cardinality": 287064,
                                                                                            "cumulative_rows_scanned": 7241822,
                                                                                            "operator_rows_scanned": 7241822,
                                                                                            "operator_timing": 0.013175141000000001,
                                                                                            "result_set_size": 2296512,
                                                                                            "children": []
                                                                                        },
                                                                                        {
                                                                                            "operator_name": "READ_PARQUET ",
                                                                                            "cpu_time": 0.06643645800000002,
                                                                                            "extra_info": {
                                                                                                "Function": "READ_PARQUET",
                                                                                                "Projections": [
                                                                                                    "id",
                                                                                                    "lastactivitydate",
                                                                                                    "title"
                                                                                                ],
                                                                                                "Filters": "creationdate>='2023-10-01 12:34:56'::TIMESTAMP",
                                                                                                "Estimated Cardinality": "770023"
                                                                                            },
                                                                                            "cumulative_cardinality": 145542,
                                                                                            "operator_type": "TABLE_SCAN",
                                                                                            "operator_cardinality": 145542,
                                                                                            "cumulative_rows_scanned": 3850116,
                                                                                            "operator_rows_scanned": 3850116,
                                                                                            "operator_timing": 0.06643645800000002,
                                                                                            "result_set_size": 4075176,
                                                                                            "children": []
                                                                                        }
                                                                                    ]
                                                                                },
                                                                                {
                                                                                    "operator_name": "PROJECTION",
                                                                                    "cpu_time": 0.11797561599999992,
                                                                                    "extra_info": {
                                                                                        "Projections": [
                                                                                            "__internal_compress_integral_utinyint(#0, 1)",
                                                                                            "#1"
                                                                                        ],
                                                                                        "Estimated Cardinality": "11795244"
                                                                                    },
                                                                                    "cumulative_cardinality": 23590488,
                                                                                    "operator_type": "PROJECTION",
                                                                                    "operator_cardinality": 11795244,
                                                                                    "cumulative_rows_scanned": 11795244,
                                                                                    "operator_rows_scanned": 0,
                                                                                    "operator_timing": 0.0031652939999999383,
                                                                                    "result_set_size": 58976220,
                                                                                    "children": [
                                                                                        {
                                                                                            "operator_name": "READ_PARQUET ",
                                                                                            "cpu_time": 0.11481032199999998,
                                                                                            "extra_info": {
                                                                                                "Function": "READ_PARQUET",
                                                                                                "Projections": [
                                                                                                    "posthistorytypeid",
                                                                                                    "postid"
                                                                                                ],
                                                                                                "Estimated Cardinality": "11795244"
                                                                                            },
                                                                                            "cumulative_cardinality": 11795244,
                                                                                            "operator_type": "TABLE_SCAN",
                                                                                            "operator_cardinality": 11795244,
                                                                                            "cumulative_rows_scanned": 11795244,
                                                                                            "operator_rows_scanned": 11795244,
                                                                                            "operator_timing": 0.11481032199999998,
                                                                                            "result_set_size": 70771464,
                                                                                            "children": []
                                                                                        }
                                                                                    ]
                                                                                }
                                                                            ]
                                                                        }
                                                                    ]
                                                                }
                                                            ]
                                                        }
                                                    ]
                                                },
                                                {
                                                    "operator_name": "PROJECTION",
                                                    "cpu_time": 0.5521853529999997,
                                                    "extra_info": {
                                                        "Projections": [
                                                            "UserId",
                                                            "Upvotes",
                                                            "Downvotes"
                                                        ],
                                                        "Estimated Cardinality": "1260710"
                                                    },
                                                    "cumulative_cardinality": 6400127,
                                                    "operator_type": "PROJECTION",
                                                    "operator_cardinality": 1260710,
                                                    "cumulative_rows_scanned": 14004803,
                                                    "operator_rows_scanned": 0,
                                                    "operator_timing": 0.0001043989999999998,
                                                    "result_set_size": 25214200,
                                                    "children": [
                                                        {
                                                            "operator_name": "HASH_GROUP_BY",
                                                            "cpu_time": 0.5520809539999997,
                                                            "extra_info": {
                                                                "Groups": [
                                                                    "#0",
                                                                    "#1"
                                                                ],
                                                                "Aggregates": [
                                                                    "count(#2)",
                                                                    "count(#3)"
                                                                ],
                                                                "Estimated Cardinality": "1260710"
                                                            },
                                                            "cumulative_cardinality": 5139417,
                                                            "operator_type": "HASH_GROUP_BY",
                                                            "operator_cardinality": 1260710,
                                                            "cumulative_rows_scanned": 14004803,
                                                            "operator_rows_scanned": 0,
                                                            "operator_timing": 0.23450828599999984,
                                                            "result_set_size": 45385560,
                                                            "children": [
                                                                {
                                                                    "operator_name": "PROJECTION",
                                                                    "cpu_time": 0.31757266799999984,
                                                                    "extra_info": {
                                                                        "Projections": [
                                                                            "id",
                                                                            "displayname",
                                                                            "CASE  WHEN ((votetypeid = 2)) THEN (1) ELSE NULL END",
                                                                            "CASE  WHEN ((votetypeid = 3)) THEN (1) ELSE NULL END"
                                                                        ],
                                                                        "Estimated Cardinality": "12744093"
                                                                    },
                                                                    "cumulative_cardinality": 3878707,
                                                                    "operator_type": "PROJECTION",
                                                                    "operator_cardinality": 1288855,
                                                                    "cumulative_rows_scanned": 14004803,
                                                                    "operator_rows_scanned": 0,
                                                                    "operator_timing": 0.0023215240000000015,
                                                                    "result_set_size": 36087940,
                                                                    "children": [
                                                                        {
                                                                            "operator_name": "HASH_JOIN",
                                                                            "cpu_time": 0.3152511439999998,
                                                                            "extra_info": {
                                                                                "Join Type": "RIGHT",
                                                                                "Conditions": "userid = id",
                                                                                "Estimated Cardinality": "12744093"
                                                                            },
                                                                            "cumulative_cardinality": 2589852,
                                                                            "operator_type": "HASH_JOIN",
                                                                            "operator_cardinality": 1288855,
                                                                            "cumulative_rows_scanned": 14004803,
                                                                            "operator_rows_scanned": 0,
                                                                            "operator_timing": 0.10284255299999948,
                                                                            "result_set_size": 28354810,
                                                                            "children": [
                                                                                {
                                                                                    "operator_name": "READ_PARQUET ",
                                                                                    "cpu_time": 0.13609306100000035,
                                                                                    "extra_info": {
                                                                                        "Function": "READ_PARQUET",
                                                                                        "Projections": [
                                                                                            "votetypeid",
                                                                                            "userid"
                                                                                        ],
                                                                                        "Estimated Cardinality": "12744093"
                                                                                    },
                                                                                    "cumulative_cardinality": 40287,
                                                                                    "operator_type": "TABLE_SCAN",
                                                                                    "operator_cardinality": 40287,
                                                                                    "cumulative_rows_scanned": 12744093,
                                                                                    "operator_rows_scanned": 12744093,
                                                                                    "operator_timing": 0.13609306100000035,
                                                                                    "result_set_size": 241722,
                                                                                    "children": []
                                                                                },
                                                                                {
                                                                                    "operator_name": "READ_PARQUET ",
                                                                                    "cpu_time": 0.07631552999999999,
                                                                                    "extra_info": {
                                                                                        "Function": "READ_PARQUET",
                                                                                        "Projections": [
                                                                                            "id",
                                                                                            "displayname"
                                                                                        ],
                                                                                        "Estimated Cardinality": "1260710"
                                                                                    },
                                                                                    "cumulative_cardinality": 1260710,
                                                                                    "operator_type": "TABLE_SCAN",
                                                                                    "operator_cardinality": 1260710,
                                                                                    "cumulative_rows_scanned": 1260710,
                                                                                    "operator_rows_scanned": 1260710,
                                                                                    "operator_timing": 0.07631552999999999,
                                                                                    "result_set_size": 25214200,
                                                                                    "children": []
                                                                                }
                                                                            ]
                                                                        }
                                                                    ]
                                                                }
                                                            ]
                                                        }
                                                    ]
                                                }
                                            ]
                                        }
                                    ]
                                }
                            ]
                        }
                    ]
                }
            ]
        }
    ]
}