{
    "rows_returned": 10,
    "query_name": "WITH PostStats AS (\n    SELECT \n        p.OwnerUserId,\n        COUNT(*) AS PostCount,\n        SUM(CASE WHEN p.PostTypeId = 1 THEN 1 ELSE 0 END) AS QuestionCount,\n        SUM(CASE WHEN p.PostTypeId = 2 THEN 1 ELSE 0 END) AS AnswerCount,\n        AVG(p.Score) AS AvgScore,\n        SUM(p.ViewCount) AS TotalViews,\n        SUM(p.CommentCount) AS TotalComments\n    FROM \n        Posts p\n    GROUP BY \n        p.OwnerUserId\n),\nUserBadges AS (\n    SELECT \n        b.UserId,\n        COUNT(*) AS BadgeCount,\n        MAX(b.Class) AS HighestBadgeClass\n    FROM \n        Badges b\n    GROUP BY \n        b.UserId\n),\nActiveUsers AS (\n    SELECT \n        u.Id,\n        u.DisplayName,\n        us.PostCount,\n        us.QuestionCount,\n        us.AnswerCount,\n        us.AvgScore,\n        us.TotalViews,\n        us.TotalComments,\n        ub.BadgeCount,\n        ub.HighestBadgeClass\n    FROM \n        Users u\n    JOIN \n        PostStats us ON u.Id = us.OwnerUserId\n    LEFT JOIN \n        UserBadges ub ON u.Id = ub.UserId\n    WHERE \n        u.Reputation > 1000\n)\nSELECT \n    au.DisplayName,\n    au.PostCount,\n    au.QuestionCount,\n    au.AnswerCount,\n    au.AvgScore,\n    au.TotalViews,\n    au.TotalComments,\n    COALESCE(au.BadgeCount, 0) AS BadgeCount,\n    COALESCE(au.HighestBadgeClass, 0) AS HighestBadgeClass\nFROM \n    ActiveUsers au\nORDER BY \n    au.AvgScore DESC, \n    au.TotalViews DESC\nLIMIT 10;\n",
    "blocked_thread_time": 0.0,
    "cpu_time": 0.5104500180000001,
    "extra_info": {},
    "cumulative_cardinality": 13335725,
    "cumulative_rows_scanned": 7432550,
    "result_set_size": 1060,
    "latency": 0.587625967,
    "children": [
        {
            "operator_name": "STREAMING_LIMIT",
            "cpu_time": 0.5104500180000001,
            "extra_info": {},
            "cumulative_cardinality": 13335725,
            "operator_type": "STREAMING_LIMIT",
            "operator_cardinality": 10,
            "cumulative_rows_scanned": 7432550,
            "operator_rows_scanned": 0,
            "operator_timing": 0.000001433,
            "result_set_size": 1060,
            "children": [
                {
                    "operator_name": "ORDER_BY",
                    "cpu_time": 0.5104485850000001,
                    "extra_info": {
                        "Order By": [
                            "au.AvgScore DESC",
                            "au.TotalViews DESC"
                        ]
                    },
                    "cumulative_cardinality": 13335715,
                    "operator_type": "ORDER_BY",
                    "operator_cardinality": 4096,
                    "cumulative_rows_scanned": 7432550,
                    "operator_rows_scanned": 0,
                    "operator_timing": 0.0008476289999999999,
                    "result_set_size": 434176,
                    "children": [
                        {
                            "operator_name": "PROJECTION",
                            "cpu_time": 0.5096009560000001,
                            "extra_info": {
                                "Projections": [
                                    "displayname",
                                    "PostCount",
                                    "QuestionCount",
                                    "AnswerCount",
                                    "AvgScore",
                                    "TotalViews",
                                    "TotalComments",
                                    "BadgeCount",
                                    "HighestBadgeClass"
                                ],
                                "Estimated Cardinality": "1160862"
                            },
                            "cumulative_cardinality": 13331619,
                            "operator_type": "PROJECTION",
                            "operator_cardinality": 11214,
                            "cumulative_rows_scanned": 7432550,
                            "operator_rows_scanned": 0,
                            "operator_timing": 0.0006433630000000001,
                            "result_set_size": 1188684,
                            "children": [
                                {
                                    "operator_name": "PROJECTION",
                                    "cpu_time": 0.5089575930000001,
                                    "extra_info": {
                                        "Projections": [
                                            "displayname",
                                            "PostCount",
                                            "QuestionCount",
                                            "AnswerCount",
                                            "AvgScore",
                                            "TotalViews",
                                            "TotalComments",
                                            "BadgeCount",
                                            "HighestBadgeClass"
                                        ],
                                        "Estimated Cardinality": "1160862"
                                    },
                                    "cumulative_cardinality": 13320405,
                                    "operator_type": "PROJECTION",
                                    "operator_cardinality": 11214,
                                    "cumulative_rows_scanned": 7432550,
                                    "operator_rows_scanned": 0,
                                    "operator_timing": 0.000014698,
                                    "result_set_size": 1188684,
                                    "children": [
                                        {
                                            "operator_name": "HASH_JOIN",
                                            "cpu_time": 0.5089428950000001,
                                            "extra_info": {
                                                "Join Type": "RIGHT",
                                                "Conditions": "userid = id",
                                                "Estimated Cardinality": "1160862"
                                            },
                                            "cumulative_cardinality": 13309191,
                                            "operator_type": "HASH_JOIN",
                                            "operator_cardinality": 11214,
                                            "cumulative_rows_scanned": 7432550,
                                            "operator_rows_scanned": 0,
                                            "operator_timing": 0.007166911000000005,
                                            "result_set_size": 1188684,
                                            "children": [
                                                {
                                                    "operator_name": "HASH_GROUP_BY",
                                                    "cpu_time": 0.10389111899999989,
                                                    "extra_info": {
                                                        "Groups": "#0",
                                                        "Aggregates": [
                                                            "count_star()",
                                                            "max(#1)"
                                                        ],
                                                        "Estimated Cardinality": "1160862"
                                                    },
                                                    "cumulative_cardinality": 5192469,
                                                    "operator_type": "HASH_GROUP_BY",
                                                    "operator_cardinality": 549021,
                                                    "cumulative_rows_scanned": 2321724,
                                                    "operator_rows_scanned": 0,
                                                    "operator_timing": 0.08643385699999989,
                                                    "result_set_size": 7686294,
                                                    "children": [
                                                        {
                                                            "operator_name": "PROJECTION",
                                                            "cpu_time": 0.017457262000000005,
                                                            "extra_info": {
                                                                "Projections": [
                                                                    "userid",
                                                                    "class"
                                                                ],
                                                                "Estimated Cardinality": "2321724"
                                                            },
                                                            "cumulative_cardinality": 4643448,
                                                            "operator_type": "PROJECTION",
                                                            "operator_cardinality": 2321724,
                                                            "cumulative_rows_scanned": 2321724,
                                                            "operator_rows_scanned": 0,
                                                            "operator_timing": 0.0002327449999999998,
                                                            "result_set_size": 13930344,
                                                            "children": [
                                                                {
                                                                    "operator_name": "READ_PARQUET ",
                                                                    "cpu_time": 0.017224517000000005,
                                                                    "extra_info": {
                                                                        "Function": "READ_PARQUET",
                                                                        "Projections": [
                                                                            "userid",
                                                                            "class"
                                                                        ],
                                                                        "Estimated Cardinality": "2321724"
                                                                    },
                                                                    "cumulative_cardinality": 2321724,
                                                                    "operator_type": "TABLE_SCAN",
                                                                    "operator_cardinality": 2321724,
                                                                    "cumulative_rows_scanned": 2321724,
                                                                    "operator_rows_scanned": 2321724,
                                                                    "operator_timing": 0.017224517000000005,
                                                                    "result_set_size": 13930344,
                                                                    "children": []
                                                                }
                                                            ]
                                                        }
                                                    ]
                                                },
                                                {
                                                    "operator_name": "HASH_JOIN",
                                                    "cpu_time": 0.39788486500000025,
                                                    "extra_info": {
                                                        "Join Type": "INNER",
                                                        "Conditions": "owneruserid = id",
                                                        "Estimated Cardinality": "385011"
                                                    },
                                                    "cumulative_cardinality": 8105508,
                                                    "operator_type": "HASH_JOIN",
                                                    "operator_cardinality": 11214,
                                                    "cumulative_rows_scanned": 5110826,
                                                    "operator_rows_scanned": 0,
                                                    "operator_timing": 0.005239007999999996,
                                                    "result_set_size": 1121400,
                                                    "children": [
                                                        {
                                                            "operator_name": "HASH_GROUP_BY",
                                                            "cpu_time": 0.3370199760000002,
                                                            "extra_info": {
                                                                "Groups": "#0",
                                                                "Aggregates": [
                                                                    "count_star()",
                                                                    "sum(#1)",
                                                                    "sum(#2)",
                                                                    "avg(#3)",
                                                                    "sum(#4)",
                                                                    "sum(#5)"
                                                                ],
                                                                "Estimated Cardinality": "1925058"
                                                            },
                                                            "cumulative_cardinality": 8071864,
                                                            "operator_type": "HASH_GROUP_BY",
                                                            "operator_cardinality": 371632,
                                                            "cumulative_rows_scanned": 3850116,
                                                            "operator_rows_scanned": 0,
                                                            "operator_timing": 0.1932135380000003,
                                                            "result_set_size": 31217088,
                                                            "children": [
                                                                {
                                                                    "operator_name": "PROJECTION",
                                                                    "cpu_time": 0.14380643799999993,
                                                                    "extra_info": {
                                                                        "Projections": [
                                                                            "owneruserid",
                                                                            "CASE  WHEN ((posttypeid = 1)) THEN (1) ELSE 0 END",
                                                                            "CASE  WHEN ((posttypeid = 2)) THEN (1) ELSE 0 END",
                                                                            "score",
                                                                            "viewcount",
                                                                            "commentcount"
                                                                        ],
                                                                        "Estimated Cardinality": "3850116"
                                                                    },
                                                                    "cumulative_cardinality": 7700232,
                                                                    "operator_type": "PROJECTION",
                                                                    "operator_cardinality": 3850116,
                                                                    "cumulative_rows_scanned": 3850116,
                                                                    "operator_rows_scanned": 0,
                                                                    "operator_timing": 0.04901341099999997,
                                                                    "result_set_size": 92402784,
                                                                    "children": [
                                                                        {
                                                                            "operator_name": "READ_PARQUET ",
                                                                            "cpu_time": 0.09479302699999996,
                                                                            "extra_info": {
                                                                                "Function": "READ_PARQUET",
                                                                                "Projections": [
                                                                                    "posttypeid",
                                                                                    "score",
                                                                                    "viewcount",
                                                                                    "owneruserid",
                                                                                    "commentcount"
                                                                                ],
                                                                                "Estimated Cardinality": "3850116"
                                                                            },
                                                                            "cumulative_cardinality": 3850116,
                                                                            "operator_type": "TABLE_SCAN",
                                                                            "operator_cardinality": 3850116,
                                                                            "cumulative_rows_scanned": 3850116,
                                                                            "operator_rows_scanned": 3850116,
                                                                            "operator_timing": 0.09479302699999996,
                                                                            "result_set_size": 69302088,
                                                                            "children": []
                                                                        }
                                                                    ]
                                                                }
                                                            ]
                                                        },
                                                        {
                                                            "operator_name": "FILTER",
                                                            "cpu_time": 0.05562588100000004,
                                                            "extra_info": {
                                                                "Expression": "(id <= 1416539)",
                                                                "Estimated Cardinality": "252142"
                                                            },
                                                            "cumulative_cardinality": 22430,
                                                            "operator_type": "FILTER",
                                                            "operator_cardinality": 11215,
                                                            "cumulative_rows_scanned": 1260710,
                                                            "operator_rows_scanned": 0,
                                                            "operator_timing": 0.0005436300000000003,
                                                            "result_set_size": 224300,
                                                            "children": [
                                                                {
                                                                    "operator_name": "READ_PARQUET ",
                                                                    "cpu_time": 0.05508225100000003,
                                                                    "extra_info": {
                                                                        "Function": "READ_PARQUET",
                                                                        "Projections": [
                                                                            "id",
                                                                            "displayname"
                                                                        ],
                                                                        "Filters": "reputation>1000",
                                                                        "Estimated Cardinality": "252142"
                                                                    },
                                                                    "cumulative_cardinality": 11215,
                                                                    "operator_type": "TABLE_SCAN",
                                                                    "operator_cardinality": 11215,
                                                                    "cumulative_rows_scanned": 1260710,
                                                                    "operator_rows_scanned": 1260710,
                                                                    "operator_timing": 0.05508225100000003,
                                                                    "result_set_size": 224300,
                                                                    "children": []
                                                                }
                                                            ]
                                                        }
                                                    ]
                                                }
                                            ]
                                        }
                                    ]
                                }
                            ]
                        }
                    ]
                }
            ]
        }
    ]
}