{
    "rows_returned": 10,
    "query_name": "\nWITH UserBadges AS (\n    SELECT \n        U.Id AS UserId,\n        U.DisplayName,\n        COUNT(B.Id) AS BadgeCount,\n        SUM(CASE WHEN B.Class = 1 THEN 1 ELSE 0 END) AS GoldBadges,\n        SUM(CASE WHEN B.Class = 2 THEN 1 ELSE 0 END) AS SilverBadges,\n        SUM(CASE WHEN B.Class = 3 THEN 1 ELSE 0 END) AS BronzeBadges\n    FROM Users U\n    LEFT JOIN Badges B ON U.Id = B.UserId\n    GROUP BY U.Id, U.DisplayName\n),\nPostStats AS (\n    SELECT \n        P.OwnerUserId,\n        COUNT(P.Id) AS PostCount,\n        SUM(P.ViewCount) AS TotalViews,\n        AVG(P.Score) AS AvgScore,\n        SUM(CASE WHEN P.PostTypeId = 1 THEN P.AnswerCount ELSE 0 END) AS TotalAnswers\n    FROM Posts P\n    GROUP BY P.OwnerUserId\n),\nCombinedStats AS (\n    SELECT \n        U.Id AS UserId,\n        U.DisplayName,\n        COALESCE(UB.BadgeCount, 0) AS TotalBadges,\n        COALESCE(PS.PostCount, 0) AS TotalPosts,\n        COALESCE(PS.TotalViews, 0) AS TotalViews,\n        COALESCE(PS.AvgScore, 0) AS AverageScore,\n        COALESCE(PS.TotalAnswers, 0) AS TotalAnswers,\n        (COALESCE(UB.BadgeCount, 0) + COALESCE(PS.PostCount, 0)) AS CombinedScore\n    FROM Users U\n    LEFT JOIN UserBadges UB ON U.Id = UB.UserId\n    LEFT JOIN PostStats PS ON U.Id = PS.OwnerUserId\n)\nSELECT \n    UserId,\n    DisplayName,\n    TotalBadges,\n    TotalPosts,\n    TotalViews,\n    AverageScore,\n    TotalAnswers,\n    CombinedScore\nFROM \n    CombinedStats\nORDER BY \n    CombinedScore DESC,\n    TotalViews DESC,\n    AverageScore DESC\nLIMIT 10;\n",
    "blocked_thread_time": 0.0,
    "cpu_time": 1.4149068800000004,
    "extra_info": {},
    "cumulative_cardinality": 26550200,
    "cumulative_rows_scanned": 8693260,
    "result_set_size": 840,
    "latency": 1.776385048,
    "children": [
        {
            "operator_name": "STREAMING_LIMIT",
            "cpu_time": 1.4149068800000004,
            "extra_info": {},
            "cumulative_cardinality": 26550200,
            "operator_type": "STREAMING_LIMIT",
            "operator_cardinality": 10,
            "cumulative_rows_scanned": 8693260,
            "operator_rows_scanned": 0,
            "operator_timing": 0.000002396,
            "result_set_size": 840,
            "children": [
                {
                    "operator_name": "ORDER_BY",
                    "cpu_time": 1.4149044840000005,
                    "extra_info": {
                        "Order By": [
                            "CombinedStats.CombinedScore DESC",
                            "CombinedStats.TotalViews DESC",
                            "CombinedStats.AverageScore DESC"
                        ]
                    },
                    "cumulative_cardinality": 26550190,
                    "operator_type": "ORDER_BY",
                    "operator_cardinality": 4096,
                    "cumulative_rows_scanned": 8693260,
                    "operator_rows_scanned": 0,
                    "operator_timing": 0.17601264300000002,
                    "result_set_size": 344064,
                    "children": [
                        {
                            "operator_name": "PROJECTION",
                            "cpu_time": 1.2388918410000005,
                            "extra_info": {
                                "Projections": [
                                    "UserId",
                                    "displayname",
                                    "TotalBadges",
                                    "TotalPosts",
                                    "TotalViews",
                                    "AverageScore",
                                    "TotalAnswers",
                                    "CombinedScore"
                                ],
                                "Estimated Cardinality": "1925058"
                            },
                            "cumulative_cardinality": 26546094,
                            "operator_type": "PROJECTION",
                            "operator_cardinality": 1260710,
                            "cumulative_rows_scanned": 8693260,
                            "operator_rows_scanned": 0,
                            "operator_timing": 0.024408352,
                            "result_set_size": 105899640,
                            "children": [
                                {
                                    "operator_name": "PROJECTION",
                                    "cpu_time": 1.2144834890000005,
                                    "extra_info": {
                                        "Projections": [
                                            "UserId",
                                            "displayname",
                                            "TotalBadges",
                                            "TotalPosts",
                                            "TotalViews",
                                            "AvgScore",
                                            "TotalAnswers"
                                        ],
                                        "Estimated Cardinality": "1925058"
                                    },
                                    "cumulative_cardinality": 25285384,
                                    "operator_type": "PROJECTION",
                                    "operator_cardinality": 1260710,
                                    "cumulative_rows_scanned": 8693260,
                                    "operator_rows_scanned": 0,
                                    "operator_timing": 0.017158215999999994,
                                    "result_set_size": 95813960,
                                    "children": [
                                        {
                                            "operator_name": "HASH_JOIN",
                                            "cpu_time": 1.1973252730000006,
                                            "extra_info": {
                                                "Join Type": "RIGHT",
                                                "Conditions": "owneruserid = id",
                                                "Estimated Cardinality": "1925058"
                                            },
                                            "cumulative_cardinality": 24024674,
                                            "operator_type": "HASH_JOIN",
                                            "operator_cardinality": 1260710,
                                            "cumulative_rows_scanned": 8693260,
                                            "operator_rows_scanned": 0,
                                            "operator_timing": 0.115767071,
                                            "result_set_size": 95813960,
                                            "children": [
                                                {
                                                    "operator_name": "HASH_GROUP_BY",
                                                    "cpu_time": 0.3025357510000005,
                                                    "extra_info": {
                                                        "Groups": "#0",
                                                        "Aggregates": [
                                                            "count_star()",
                                                            "sum(#1)",
                                                            "avg(#2)",
                                                            "sum(#3)"
                                                        ],
                                                        "Estimated Cardinality": "1925058"
                                                    },
                                                    "cumulative_cardinality": 8071864,
                                                    "operator_type": "HASH_GROUP_BY",
                                                    "operator_cardinality": 371632,
                                                    "cumulative_rows_scanned": 3850116,
                                                    "operator_rows_scanned": 0,
                                                    "operator_timing": 0.1564007190000004,
                                                    "result_set_size": 19324864,
                                                    "children": [
                                                        {
                                                            "operator_name": "PROJECTION",
                                                            "cpu_time": 0.1461350320000001,
                                                            "extra_info": {
                                                                "Projections": [
                                                                    "owneruserid",
                                                                    "viewcount",
                                                                    "score",
                                                                    "CASE  WHEN ((posttypeid = 1)) THEN (answercount) ELSE 0 END"
                                                                ],
                                                                "Estimated Cardinality": "3850116"
                                                            },
                                                            "cumulative_cardinality": 7700232,
                                                            "operator_type": "PROJECTION",
                                                            "operator_cardinality": 3850116,
                                                            "cumulative_rows_scanned": 3850116,
                                                            "operator_rows_scanned": 0,
                                                            "operator_timing": 0.03265761199999998,
                                                            "result_set_size": 61601856,
                                                            "children": [
                                                                {
                                                                    "operator_name": "READ_PARQUET ",
                                                                    "cpu_time": 0.11347742000000012,
                                                                    "extra_info": {
                                                                        "Function": "READ_PARQUET",
                                                                        "Projections": [
                                                                            "id",
                                                                            "posttypeid",
                                                                            "score",
                                                                            "viewcount",
                                                                            "owneruserid",
                                                                            "answercount"
                                                                        ],
                                                                        "Estimated Cardinality": "3850116"
                                                                    },
                                                                    "cumulative_cardinality": 3850116,
                                                                    "operator_type": "TABLE_SCAN",
                                                                    "operator_cardinality": 3850116,
                                                                    "cumulative_rows_scanned": 3850116,
                                                                    "operator_rows_scanned": 3850116,
                                                                    "operator_timing": 0.11347742000000012,
                                                                    "result_set_size": 84702552,
                                                                    "children": []
                                                                }
                                                            ]
                                                        }
                                                    ]
                                                },
                                                {
                                                    "operator_name": "HASH_JOIN",
                                                    "cpu_time": 0.779022451,
                                                    "extra_info": {
                                                        "Join Type": "LEFT",
                                                        "Conditions": "id = UserId",
                                                        "Estimated Cardinality": "1260710"
                                                    },
                                                    "cumulative_cardinality": 14692100,
                                                    "operator_type": "HASH_JOIN",
                                                    "operator_cardinality": 1260710,
                                                    "cumulative_rows_scanned": 4843144,
                                                    "operator_rows_scanned": 0,
                                                    "operator_timing": 0.09087970900000002,
                                                    "result_set_size": 35299880,
                                                    "children": [
                                                        {
                                                            "operator_name": "READ_PARQUET ",
                                                            "cpu_time": 0.07619623699999999,
                                                            "extra_info": {
                                                                "Function": "READ_PARQUET",
                                                                "Projections": [
                                                                    "id",
                                                                    "displayname"
                                                                ],
                                                                "Estimated Cardinality": "1260710"
                                                            },
                                                            "cumulative_cardinality": 1260710,
                                                            "operator_type": "TABLE_SCAN",
                                                            "operator_cardinality": 1260710,
                                                            "cumulative_rows_scanned": 1260710,
                                                            "operator_rows_scanned": 1260710,
                                                            "operator_timing": 0.07619623699999999,
                                                            "result_set_size": 25214200,
                                                            "children": []
                                                        },
                                                        {
                                                            "operator_name": "PROJECTION",
                                                            "cpu_time": 0.611946505,
                                                            "extra_info": {
                                                                "Projections": [
                                                                    "UserId",
                                                                    "BadgeCount"
                                                                ],
                                                                "Estimated Cardinality": "1260710"
                                                            },
                                                            "cumulative_cardinality": 12170680,
                                                            "operator_type": "PROJECTION",
                                                            "operator_cardinality": 1260710,
                                                            "cumulative_rows_scanned": 3582434,
                                                            "operator_rows_scanned": 0,
                                                            "operator_timing": 0.00010016699999999976,
                                                            "result_set_size": 15128520,
                                                            "children": [
                                                                {
                                                                    "operator_name": "HASH_GROUP_BY",
                                                                    "cpu_time": 0.611846338,
                                                                    "extra_info": {
                                                                        "Groups": [
                                                                            "#0",
                                                                            "#1"
                                                                        ],
                                                                        "Aggregates": "count(#2)",
                                                                        "Estimated Cardinality": "1260710"
                                                                    },
                                                                    "cumulative_cardinality": 10909970,
                                                                    "operator_type": "HASH_GROUP_BY",
                                                                    "operator_cardinality": 1260710,
                                                                    "cumulative_rows_scanned": 3582434,
                                                                    "operator_rows_scanned": 0,
                                                                    "operator_timing": 0.2973990340000002,
                                                                    "result_set_size": 35299880,
                                                                    "children": [
                                                                        {
                                                                            "operator_name": "PROJECTION",
                                                                            "cpu_time": 0.3144473039999998,
                                                                            "extra_info": {
                                                                                "Projections": [
                                                                                    "id",
                                                                                    "displayname",
                                                                                    "id"
                                                                                ],
                                                                                "Estimated Cardinality": "2321724"
                                                                            },
                                                                            "cumulative_cardinality": 9649260,
                                                                            "operator_type": "PROJECTION",
                                                                            "operator_cardinality": 3033413,
                                                                            "cumulative_rows_scanned": 3582434,
                                                                            "operator_rows_scanned": 0,
                                                                            "operator_timing": 0.00045370600000000077,
                                                                            "result_set_size": 72801912,
                                                                            "children": [
                                                                                {
                                                                                    "operator_name": "HASH_JOIN",
                                                                                    "cpu_time": 0.3139935979999998,
                                                                                    "extra_info": {
                                                                                        "Join Type": "RIGHT",
                                                                                        "Conditions": "userid = id",
                                                                                        "Estimated Cardinality": "2321724"
                                                                                    },
                                                                                    "cumulative_cardinality": 6615847,
                                                                                    "operator_type": "HASH_JOIN",
                                                                                    "operator_cardinality": 3033413,
                                                                                    "cumulative_rows_scanned": 3582434,
                                                                                    "operator_rows_scanned": 0,
                                                                                    "operator_timing": 0.19436845599999972,
                                                                                    "result_set_size": 72801912,
                                                                                    "children": [
                                                                                        {
                                                                                            "operator_name": "READ_PARQUET ",
                                                                                            "cpu_time": 0.04457646400000006,
                                                                                            "extra_info": {
                                                                                                "Function": "READ_PARQUET",
                                                                                                "Projections": [
                                                                                                    "id",
                                                                                                    "userid"
                                                                                                ],
                                                                                                "Estimated Cardinality": "2321724"
                                                                                            },
                                                                                            "cumulative_cardinality": 2321724,
                                                                                            "operator_type": "TABLE_SCAN",
                                                                                            "operator_cardinality": 2321724,
                                                                                            "cumulative_rows_scanned": 2321724,
                                                                                            "operator_rows_scanned": 2321724,
                                                                                            "operator_timing": 0.04457646400000006,
                                                                                            "result_set_size": 18573792,
                                                                                            "children": []
                                                                                        },
                                                                                        {
                                                                                            "operator_name": "READ_PARQUET ",
                                                                                            "cpu_time": 0.07504867800000001,
                                                                                            "extra_info": {
                                                                                                "Function": "READ_PARQUET",
                                                                                                "Projections": [
                                                                                                    "id",
                                                                                                    "displayname"
                                                                                                ],
                                                                                                "Estimated Cardinality": "1260710"
                                                                                            },
                                                                                            "cumulative_cardinality": 1260710,
                                                                                            "operator_type": "TABLE_SCAN",
                                                                                            "operator_cardinality": 1260710,
                                                                                            "cumulative_rows_scanned": 1260710,
                                                                                            "operator_rows_scanned": 1260710,
                                                                                            "operator_timing": 0.07504867800000001,
                                                                                            "result_set_size": 25214200,
                                                                                            "children": []
                                                                                        }
                                                                                    ]
                                                                                }
                                                                            ]
                                                                        }
                                                                    ]
                                                                }
                                                            ]
                                                        }
                                                    ]
                                                }
                                            ]
                                        }
                                    ]
                                }
                            ]
                        }
                    ]
                }
            ]
        }
    ]
}