{
    "rows_returned": 50,
    "query_name": "\nWITH UserScore AS (\n    SELECT \n        u.Id AS UserId,\n        u.DisplayName,\n        u.Reputation,\n        CASE \n            WHEN u.Reputation > 1000 THEN 'High'\n            WHEN u.Reputation BETWEEN 500 AND 1000 THEN 'Medium'\n            ELSE 'Low'\n        END AS ReputationLevel,\n        COUNT(DISTINCT p.Id) AS QuestionsCount,\n        SUM(CASE WHEN v.VoteTypeId = 2 THEN 1 ELSE 0 END) AS UpVotesCount,\n        SUM(CASE WHEN v.VoteTypeId = 3 THEN 1 ELSE 0 END) AS DownVotesCount,\n        COUNT(DISTINCT b.Id) AS BadgeCount\n    FROM Users u\n    LEFT JOIN Posts p ON u.Id = p.OwnerUserId AND p.PostTypeId = 1\n    LEFT JOIN Votes v ON u.Id = v.UserId\n    LEFT JOIN Badges b ON u.Id = b.UserId\n    GROUP BY u.Id, u.DisplayName, u.Reputation\n),\nTopUsers AS (\n    SELECT \n        *,\n        RANK() OVER (ORDER BY Reputation DESC) AS ReputationRank\n    FROM UserScore\n    WHERE ReputationLevel = 'High' AND QuestionsCount > 5\n),\nQuestionStats AS (\n    SELECT \n        p.OwnerUserId,\n        COUNT(p.Id) AS TotalQuestions,\n        SUM(CASE WHEN p.AcceptedAnswerId IS NOT NULL THEN 1 ELSE 0 END) AS AcceptedQuestions,\n        AVG(COALESCE(p.Score, 0)) AS AverageScore\n    FROM Posts p\n    WHERE p.PostTypeId = 1\n    GROUP BY p.OwnerUserId\n)\nSELECT \n    tu.DisplayName,\n    tu.Reputation,\n    tu.QuestionsCount,\n    qs.TotalQuestions,\n    qs.AcceptedQuestions,\n    qs.AverageScore,\n    (tu.UpVotesCount - tu.DownVotesCount) AS NetVotes,\n    (SELECT COUNT(*) FROM Comments c WHERE c.UserId = tu.UserId) AS CommentCount\nFROM TopUsers tu\nLEFT JOIN QuestionStats qs ON tu.UserId = qs.OwnerUserId\nWHERE (tu.UpVotesCount > 10 OR tu.DownVotesCount < 5)\nORDER BY tu.Reputation DESC, qs.AverageScore DESC\nLIMIT 50;\n",
    "blocked_thread_time": 0.0,
    "cpu_time": 98.48634168099689,
    "extra_info": {},
    "cumulative_cardinality": 2937422799,
    "cumulative_rows_scanned": 31268581,
    "result_set_size": 4200,
    "latency": 107.721692331,
    "children": [
        {
            "operator_name": "STREAMING_LIMIT",
            "cpu_time": 98.48634168099689,
            "extra_info": {},
            "cumulative_cardinality": 2937422799,
            "operator_type": "STREAMING_LIMIT",
            "operator_cardinality": 50,
            "cumulative_rows_scanned": 31268581,
            "operator_rows_scanned": 0,
            "operator_timing": 0.000001292,
            "result_set_size": 4200,
            "children": [
                {
                    "operator_name": "ORDER_BY",
                    "cpu_time": 98.4863403889969,
                    "extra_info": {
                        "Order By": [
                            "tu.Reputation DESC",
                            "qs.AverageScore DESC"
                        ]
                    },
                    "cumulative_cardinality": 2937422749,
                    "operator_type": "ORDER_BY",
                    "operator_cardinality": 4096,
                    "cumulative_rows_scanned": 31268581,
                    "operator_rows_scanned": 0,
                    "operator_timing": 0.000506669,
                    "result_set_size": 344064,
                    "children": [
                        {
                            "operator_name": "PROJECTION",
                            "cpu_time": 98.48583371999689,
                            "extra_info": {
                                "Projections": [
                                    "displayname",
                                    "reputation",
                                    "QuestionsCount",
                                    "TotalQuestions",
                                    "AcceptedQuestions",
                                    "AverageScore",
                                    "NetVotes",
                                    "CommentCount"
                                ],
                                "Estimated Cardinality": "552897"
                            },
                            "cumulative_cardinality": 2937418653,
                            "operator_type": "PROJECTION",
                            "operator_cardinality": 8641,
                            "cumulative_rows_scanned": 31268581,
                            "operator_rows_scanned": 0,
                            "operator_timing": 0.000056504999999999995,
                            "result_set_size": 725844,
                            "children": [
                                {
                                    "operator_name": "LEFT_DELIM_JOIN",
                                    "cpu_time": 98.48577721499689,
                                    "extra_info": {
                                        "Join Type": "SINGLE",
                                        "Conditions": "UserId IS NOT DISTINCT FROM UserId",
                                        "Estimated Cardinality": "552897",
                                        "Delim Index": "1"
                                    },
                                    "cumulative_cardinality": 2937410012,
                                    "operator_type": "LEFT_DELIM_JOIN",
                                    "operator_cardinality": 0,
                                    "cumulative_rows_scanned": 31268581,
                                    "operator_rows_scanned": 0,
                                    "operator_timing": 0.000579315,
                                    "result_set_size": 0,
                                    "children": [
                                        {
                                            "operator_name": "HASH_JOIN",
                                            "cpu_time": 98.24081616199689,
                                            "extra_info": {
                                                "Join Type": "RIGHT",
                                                "Conditions": "owneruserid = UserId",
                                                "Estimated Cardinality": "385011"
                                            },
                                            "cumulative_cardinality": 2919025352,
                                            "operator_type": "HASH_JOIN",
                                            "operator_cardinality": 8641,
                                            "cumulative_rows_scanned": 24026759,
                                            "operator_rows_scanned": 0,
                                            "operator_timing": 0.0038012640000000025,
                                            "result_set_size": 864100,
                                            "children": [
                                                {
                                                    "operator_name": "HASH_GROUP_BY",
                                                    "cpu_time": 0.5180591369999997,
                                                    "extra_info": {
                                                        "Groups": "#0",
                                                        "Aggregates": [
                                                            "count_star()",
                                                            "sum(#1)",
                                                            "avg(#2)"
                                                        ],
                                                        "Estimated Cardinality": "385011"
                                                    },
                                                    "cumulative_cardinality": 3665802,
                                                    "operator_type": "HASH_GROUP_BY",
                                                    "operator_cardinality": 329474,
                                                    "cumulative_rows_scanned": 3850116,
                                                    "operator_rows_scanned": 0,
                                                    "operator_timing": 0.08425970700000009,
                                                    "result_set_size": 11861064,
                                                    "children": [
                                                        {
                                                            "operator_name": "PROJECTION",
                                                            "cpu_time": 0.4337994299999996,
                                                            "extra_info": {
                                                                "Projections": [
                                                                    "owneruserid",
                                                                    "CASE  WHEN ((acceptedanswerid IS NOT NULL)) THEN (1) ELSE 0 END",
                                                                    "score"
                                                                ],
                                                                "Estimated Cardinality": "770023"
                                                            },
                                                            "cumulative_cardinality": 3336328,
                                                            "operator_type": "PROJECTION",
                                                            "operator_cardinality": 1668164,
                                                            "cumulative_rows_scanned": 3850116,
                                                            "operator_rows_scanned": 0,
                                                            "operator_timing": 0.010624006000000016,
                                                            "result_set_size": 20017968,
                                                            "children": [
                                                                {
                                                                    "operator_name": "READ_PARQUET ",
                                                                    "cpu_time": 0.4231754239999996,
                                                                    "extra_info": {
                                                                        "Function": "READ_PARQUET",
                                                                        "Projections": [
                                                                            "id",
                                                                            "acceptedanswerid",
                                                                            "score",
                                                                            "owneruserid"
                                                                        ],
                                                                        "Filters": "posttypeid=1",
                                                                        "Estimated Cardinality": "770023"
                                                                    },
                                                                    "cumulative_cardinality": 1668164,
                                                                    "operator_type": "TABLE_SCAN",
                                                                    "operator_cardinality": 1668164,
                                                                    "cumulative_rows_scanned": 3850116,
                                                                    "operator_rows_scanned": 3850116,
                                                                    "operator_timing": 0.4231754239999996,
                                                                    "result_set_size": 26690624,
                                                                    "children": []
                                                                }
                                                            ]
                                                        }
                                                    ]
                                                },
                                                {
                                                    "operator_name": "PROJECTION",
                                                    "cpu_time": 97.71895576099689,
                                                    "extra_info": {
                                                        "Projections": [
                                                            "#0",
                                                            "#1",
                                                            "#2",
                                                            "#3",
                                                            "#4",
                                                            "#5"
                                                        ],
                                                        "Estimated Cardinality": "50428"
                                                    },
                                                    "cumulative_cardinality": 2915350909,
                                                    "operator_type": "PROJECTION",
                                                    "operator_cardinality": 8641,
                                                    "cumulative_rows_scanned": 20176643,
                                                    "operator_rows_scanned": 0,
                                                    "operator_timing": 0.000001682,
                                                    "result_set_size": 553024,
                                                    "children": [
                                                        {
                                                            "operator_name": "FILTER",
                                                            "cpu_time": 97.71895407899689,
                                                            "extra_info": {
                                                                "Expression": "((UpVotesCount > 10) OR (DownVotesCount < 5))",
                                                                "Estimated Cardinality": "50428"
                                                            },
                                                            "cumulative_cardinality": 2915342268,
                                                            "operator_type": "FILTER",
                                                            "operator_cardinality": 8641,
                                                            "cumulative_rows_scanned": 20176643,
                                                            "operator_rows_scanned": 0,
                                                            "operator_timing": 0.000077326,
                                                            "result_set_size": 622152,
                                                            "children": [
                                                                {
                                                                    "operator_name": "PROJECTION",
                                                                    "cpu_time": 97.71887675299689,
                                                                    "extra_info": {
                                                                        "Projections": [
                                                                            "#0",
                                                                            "#1",
                                                                            "#2",
                                                                            "#3",
                                                                            "#4",
                                                                            "#5",
                                                                            "#6"
                                                                        ],
                                                                        "Estimated Cardinality": "252142"
                                                                    },
                                                                    "cumulative_cardinality": 2915333627,
                                                                    "operator_type": "PROJECTION",
                                                                    "operator_cardinality": 8641,
                                                                    "cumulative_rows_scanned": 20176643,
                                                                    "operator_rows_scanned": 0,
                                                                    "operator_timing": 0.0000021039999999999997,
                                                                    "result_set_size": 622152,
                                                                    "children": [
                                                                        {
                                                                            "operator_name": "WINDOW",
                                                                            "cpu_time": 97.71887464899689,
                                                                            "extra_info": {
                                                                                "Projections": "RANK() OVER (ORDER BY reputation DESC NULLS LAST)"
                                                                            },
                                                                            "cumulative_cardinality": 2915324986,
                                                                            "operator_type": "WINDOW",
                                                                            "operator_cardinality": 8641,
                                                                            "cumulative_rows_scanned": 20176643,
                                                                            "operator_rows_scanned": 0,
                                                                            "operator_timing": 0.0007731159999999999,
                                                                            "result_set_size": 622152,
                                                                            "children": [
                                                                                {
                                                                                    "operator_name": "FILTER",
                                                                                    "cpu_time": 97.71810153299688,
                                                                                    "extra_info": {
                                                                                        "Expression": "(QuestionsCount > 5)",
                                                                                        "Estimated Cardinality": "252142"
                                                                                    },
                                                                                    "cumulative_cardinality": 2915316345,
                                                                                    "operator_type": "FILTER",
                                                                                    "operator_cardinality": 8641,
                                                                                    "cumulative_rows_scanned": 20176643,
                                                                                    "operator_rows_scanned": 0,
                                                                                    "operator_timing": 0.000031497999999999996,
                                                                                    "result_set_size": 553024,
                                                                                    "children": [
                                                                                        {
                                                                                            "operator_name": "HASH_GROUP_BY",
                                                                                            "cpu_time": 97.71807003499688,
                                                                                            "extra_info": {
                                                                                                "Groups": [
                                                                                                    "#0",
                                                                                                    "#1",
                                                                                                    "#2"
                                                                                                ],
                                                                                                "Aggregates": [
                                                                                                    "count(DISTINCT #3)",
                                                                                                    "sum(#4)",
                                                                                                    "sum(#5)"
                                                                                                ],
                                                                                                "Estimated Cardinality": "1260710"
                                                                                            },
                                                                                            "cumulative_cardinality": 2915307704,
                                                                                            "operator_type": "HASH_GROUP_BY",
                                                                                            "operator_cardinality": 11215,
                                                                                            "cumulative_rows_scanned": 20176643,
                                                                                            "operator_rows_scanned": 0,
                                                                                            "operator_timing": 80.13481966199824,
                                                                                            "result_set_size": 717760,
                                                                                            "children": [
                                                                                                {
                                                                                                    "operator_name": "PROJECTION",
                                                                                                    "cpu_time": 17.583250372998656,
                                                                                                    "extra_info": {
                                                                                                        "Projections": [
                                                                                                            "id",
                                                                                                            "displayname",
                                                                                                            "reputation",
                                                                                                            "id",
                                                                                                            "CASE  WHEN ((votetypeid = 2)) THEN (1) ELSE 0 END",
                                                                                                            "CASE  WHEN ((votetypeid = 3)) THEN (1) ELSE 0 END"
                                                                                                        ],
                                                                                                        "Estimated Cardinality": "12744093"
                                                                                                    },
                                                                                                    "cumulative_cardinality": 2915296489,
                                                                                                    "operator_type": "PROJECTION",
                                                                                                    "operator_cardinality": 1451915020,
                                                                                                    "cumulative_rows_scanned": 20176643,
                                                                                                    "operator_rows_scanned": 0,
                                                                                                    "operator_timing": 5.301301786999926,
                                                                                                    "result_set_size": 52268940720,
                                                                                                    "children": [
                                                                                                        {
                                                                                                            "operator_name": "HASH_JOIN",
                                                                                                            "cpu_time": 12.28194858599873,
                                                                                                            "extra_info": {
                                                                                                                "Join Type": "LEFT",
                                                                                                                "Conditions": "id = userid",
                                                                                                                "Estimated Cardinality": "12744093"
                                                                                                            },
                                                                                                            "cumulative_cardinality": 1463381469,
                                                                                                            "operator_type": "HASH_JOIN",
                                                                                                            "operator_cardinality": 1451915020,
                                                                                                            "cumulative_rows_scanned": 20176643,
                                                                                                            "operator_rows_scanned": 0,
                                                                                                            "operator_timing": 11.447013308998732,
                                                                                                            "result_set_size": 49365110680,
                                                                                                            "children": [
                                                                                                                {
                                                                                                                    "operator_name": "HASH_JOIN",
                                                                                                                    "cpu_time": 0.8226234829999968,
                                                                                                                    "extra_info": {
                                                                                                                        "Join Type": "RIGHT",
                                                                                                                        "Conditions": "userid = id",
                                                                                                                        "Estimated Cardinality": "12744093"
                                                                                                                    },
                                                                                                                    "cumulative_cardinality": 9144725,
                                                                                                                    "operator_type": "HASH_JOIN",
                                                                                                                    "operator_cardinality": 5674211,
                                                                                                                    "cumulative_rows_scanned": 17854919,
                                                                                                                    "operator_rows_scanned": 0,
                                                                                                                    "operator_timing": 0.3694213049999968,
                                                                                                                    "result_set_size": 170226330,
                                                                                                                    "children": [
                                                                                                                        {
                                                                                                                            "operator_name": "READ_PARQUET ",
                                                                                                                            "cpu_time": 0.1491840510000001,
                                                                                                                            "extra_info": {
                                                                                                                                "Function": "READ_PARQUET",
                                                                                                                                "Projections": [
                                                                                                                                    "votetypeid",
                                                                                                                                    "userid"
                                                                                                                                ],
                                                                                                                                "Estimated Cardinality": "12744093"
                                                                                                                            },
                                                                                                                            "cumulative_cardinality": 36790,
                                                                                                                            "operator_type": "TABLE_SCAN",
                                                                                                                            "operator_cardinality": 36790,
                                                                                                                            "cumulative_rows_scanned": 12744093,
                                                                                                                            "operator_rows_scanned": 12744093,
                                                                                                                            "operator_timing": 0.1491840510000001,
                                                                                                                            "result_set_size": 220740,
                                                                                                                            "children": []
                                                                                                                        },
                                                                                                                        {
                                                                                                                            "operator_name": "HASH_JOIN",
                                                                                                                            "cpu_time": 0.30401812699999986,
                                                                                                                            "extra_info": {
                                                                                                                                "Join Type": "RIGHT",
                                                                                                                                "Conditions": "owneruserid = id",
                                                                                                                                "Estimated Cardinality": "770023"
                                                                                                                            },
                                                                                                                            "cumulative_cardinality": 3433724,
                                                                                                                            "operator_type": "HASH_JOIN",
                                                                                                                            "operator_cardinality": 573272,
                                                                                                                            "cumulative_rows_scanned": 5110826,
                                                                                                                            "operator_rows_scanned": 0,
                                                                                                                            "operator_timing": 0.039045654999999894,
                                                                                                                            "result_set_size": 16051616,
                                                                                                                            "children": [
                                                                                                                                {
                                                                                                                                    "operator_name": "READ_PARQUET ",
                                                                                                                                    "cpu_time": 0.16733113799999993,
                                                                                                                                    "extra_info": {
                                                                                                                                        "Function": "READ_PARQUET",
                                                                                                                                        "Projections": [
                                                                                                                                            "id",
                                                                                                                                            "owneruserid"
                                                                                                                                        ],
                                                                                                                                        "Filters": "posttypeid=1",
                                                                                                                                        "Estimated Cardinality": "770023"
                                                                                                                                    },
                                                                                                                                    "cumulative_cardinality": 1588527,
                                                                                                                                    "operator_type": "TABLE_SCAN",
                                                                                                                                    "operator_cardinality": 1588527,
                                                                                                                                    "cumulative_rows_scanned": 3850116,
                                                                                                                                    "operator_rows_scanned": 3850116,
                                                                                                                                    "operator_timing": 0.16733113799999993,
                                                                                                                                    "result_set_size": 12708216,
                                                                                                                                    "children": []
                                                                                                                                },
                                                                                                                                {
                                                                                                                                    "operator_name": "FILTER",
                                                                                                                                    "cpu_time": 0.09764133400000002,
                                                                                                                                    "extra_info": {
                                                                                                                                        "Expression": "(CASE  WHEN ((reputation > 1000)) THEN ('High') WHEN (((reputation >= 500) AND (reputation <= 1000))) THEN ('Medium') ELSE 'Low' END = 'High')",
                                                                                                                                        "Estimated Cardinality": "252142"
                                                                                                                                    },
                                                                                                                                    "cumulative_cardinality": 1271925,
                                                                                                                                    "operator_type": "FILTER",
                                                                                                                                    "operator_cardinality": 11215,
                                                                                                                                    "cumulative_rows_scanned": 1260710,
                                                                                                                                    "operator_rows_scanned": 0,
                                                                                                                                    "operator_timing": 0.013733680000000005,
                                                                                                                                    "result_set_size": 269160,
                                                                                                                                    "children": [
                                                                                                                                        {
                                                                                                                                            "operator_name": "READ_PARQUET ",
                                                                                                                                            "cpu_time": 0.08390765400000003,
                                                                                                                                            "extra_info": {
                                                                                                                                                "Function": "READ_PARQUET",
                                                                                                                                                "Projections": [
                                                                                                                                                    "id",
                                                                                                                                                    "reputation",
                                                                                                                                                    "displayname"
                                                                                                                                                ],
                                                                                                                                                "Estimated Cardinality": "1260710"
                                                                                                                                            },
                                                                                                                                            "cumulative_cardinality": 1260710,
                                                                                                                                            "operator_type": "TABLE_SCAN",
                                                                                                                                            "operator_cardinality": 1260710,
                                                                                                                                            "cumulative_rows_scanned": 1260710,
                                                                                                                                            "operator_rows_scanned": 1260710,
                                                                                                                                            "operator_timing": 0.08390765400000003,
                                                                                                                                            "result_set_size": 30257040,
                                                                                                                                            "children": []
                                                                                                                                        }
                                                                                                                                    ]
                                                                                                                                }
                                                                                                                            ]
                                                                                                                        }
                                                                                                                    ]
                                                                                                                },
                                                                                                                {
                                                                                                                    "operator_name": "READ_PARQUET ",
                                                                                                                    "cpu_time": 0.012311794000000036,
                                                                                                                    "extra_info": {
                                                                                                                        "Function": "READ_PARQUET",
                                                                                                                        "Projections": "userid",
                                                                                                                        "Estimated Cardinality": "2321724"
                                                                                                                    },
                                                                                                                    "cumulative_cardinality": 2321724,
                                                                                                                    "operator_type": "TABLE_SCAN",
                                                                                                                    "operator_cardinality": 2321724,
                                                                                                                    "cumulative_rows_scanned": 2321724,
                                                                                                                    "operator_rows_scanned": 2321724,
                                                                                                                    "operator_timing": 0.012311794000000036,
                                                                                                                    "result_set_size": 9286896,
                                                                                                                    "children": []
                                                                                                                }
                                                                                                            ]
                                                                                                        }
                                                                                                    ]
                                                                                                }
                                                                                            ]
                                                                                        }
                                                                                    ]
                                                                                }
                                                                            ]
                                                                        }
                                                                    ]
                                                                }
                                                            ]
                                                        }
                                                    ]
                                                }
                                            ]
                                        },
                                        {
                                            "operator_name": "HASH_JOIN",
                                            "cpu_time": 0.2443221989999998,
                                            "extra_info": {
                                                "Join Type": "SINGLE",
                                                "Conditions": "UserId IS NOT DISTINCT FROM UserId",
                                                "Estimated Cardinality": "552897"
                                            },
                                            "cumulative_cardinality": 18367378,
                                            "operator_type": "HASH_JOIN",
                                            "operator_cardinality": 8641,
                                            "cumulative_rows_scanned": 7241822,
                                            "operator_rows_scanned": 0,
                                            "operator_timing": 0.0006575670000000001,
                                            "result_set_size": 967792,
                                            "children": [
                                                {
                                                    "operator_name": "COLUMN_DATA_SCAN",
                                                    "cpu_time": 0.000048910000000000004,
                                                    "extra_info": {
                                                        "Estimated Cardinality": "552897"
                                                    },
                                                    "cumulative_cardinality": 8641,
                                                    "operator_type": "COLUMN_DATA_SCAN",
                                                    "operator_cardinality": 8641,
                                                    "cumulative_rows_scanned": 0,
                                                    "operator_rows_scanned": 0,
                                                    "operator_timing": 0.000048910000000000004,
                                                    "result_set_size": 864100,
                                                    "children": []
                                                },
                                                {
                                                    "operator_name": "PROJECTION",
                                                    "cpu_time": 0.24361572199999978,
                                                    "extra_info": {
                                                        "Projections": [
                                                            "CASE  WHEN ((count_star() IS NULL)) THEN (0) ELSE count_star() END",
                                                            "UserId"
                                                        ],
                                                        "Estimated Cardinality": "552897"
                                                    },
                                                    "cumulative_cardinality": 18350096,
                                                    "operator_type": "PROJECTION",
                                                    "operator_cardinality": 8641,
                                                    "cumulative_rows_scanned": 7241822,
                                                    "operator_rows_scanned": 0,
                                                    "operator_timing": 0.000019246,
                                                    "result_set_size": 103692,
                                                    "children": [
                                                        {
                                                            "operator_name": "HASH_JOIN",
                                                            "cpu_time": 0.24359647599999978,
                                                            "extra_info": {
                                                                "Join Type": "RIGHT",
                                                                "Conditions": "#0 IS NOT DISTINCT FROM UserId",
                                                                "Estimated Cardinality": "552897"
                                                            },
                                                            "cumulative_cardinality": 18341455,
                                                            "operator_type": "HASH_JOIN",
                                                            "operator_cardinality": 8641,
                                                            "cumulative_rows_scanned": 7241822,
                                                            "operator_rows_scanned": 0,
                                                            "operator_timing": 0.000527135,
                                                            "result_set_size": 103692,
                                                            "children": [
                                                                {
                                                                    "operator_name": "HASH_GROUP_BY",
                                                                    "cpu_time": 0.24306934099999977,
                                                                    "extra_info": {
                                                                        "Groups": "#0",
                                                                        "Aggregates": "count_star()",
                                                                        "Estimated Cardinality": "552897"
                                                                    },
                                                                    "cumulative_cardinality": 18332814,
                                                                    "operator_type": "HASH_GROUP_BY",
                                                                    "operator_cardinality": 8635,
                                                                    "cumulative_rows_scanned": 7241822,
                                                                    "operator_rows_scanned": 0,
                                                                    "operator_timing": 0.03870992299999998,
                                                                    "result_set_size": 103620,
                                                                    "children": [
                                                                        {
                                                                            "operator_name": "PROJECTION",
                                                                            "cpu_time": 0.2043594179999998,
                                                                            "extra_info": {
                                                                                "Projections": "UserId",
                                                                                "Estimated Cardinality": "1105795"
                                                                            },
                                                                            "cumulative_cardinality": 18324179,
                                                                            "operator_type": "PROJECTION",
                                                                            "operator_cardinality": 3799438,
                                                                            "cumulative_rows_scanned": 7241822,
                                                                            "operator_rows_scanned": 0,
                                                                            "operator_timing": 0.0003701540000000049,
                                                                            "result_set_size": 15197752,
                                                                            "children": [
                                                                                {
                                                                                    "operator_name": "PROJECTION",
                                                                                    "cpu_time": 0.20398926399999978,
                                                                                    "extra_info": {
                                                                                        "Projections": "UserId",
                                                                                        "Estimated Cardinality": "1105795"
                                                                                    },
                                                                                    "cumulative_cardinality": 14524741,
                                                                                    "operator_type": "PROJECTION",
                                                                                    "operator_cardinality": 3799438,
                                                                                    "cumulative_rows_scanned": 7241822,
                                                                                    "operator_rows_scanned": 0,
                                                                                    "operator_timing": 0.00043413699999999,
                                                                                    "result_set_size": 15197752,
                                                                                    "children": [
                                                                                        {
                                                                                            "operator_name": "HASH_JOIN",
                                                                                            "cpu_time": 0.20355512699999978,
                                                                                            "extra_info": {
                                                                                                "Join Type": "INNER",
                                                                                                "Conditions": "userid = UserId",
                                                                                                "Estimated Cardinality": "1105795"
                                                                                            },
                                                                                            "cumulative_cardinality": 10725303,
                                                                                            "operator_type": "HASH_JOIN",
                                                                                            "operator_cardinality": 3799438,
                                                                                            "cumulative_rows_scanned": 7241822,
                                                                                            "operator_rows_scanned": 0,
                                                                                            "operator_timing": 0.10429812299999966,
                                                                                            "result_set_size": 30395504,
                                                                                            "children": [
                                                                                                {
                                                                                                    "operator_name": "READ_PARQUET ",
                                                                                                    "cpu_time": 0.09925700400000013,
                                                                                                    "extra_info": {
                                                                                                        "Function": "READ_PARQUET",
                                                                                                        "Projections": "userid",
                                                                                                        "Estimated Cardinality": "7241822"
                                                                                                    },
                                                                                                    "cumulative_cardinality": 6925865,
                                                                                                    "operator_type": "TABLE_SCAN",
                                                                                                    "operator_cardinality": 6925865,
                                                                                                    "cumulative_rows_scanned": 7241822,
                                                                                                    "operator_rows_scanned": 7241822,
                                                                                                    "operator_timing": 0.09925700400000013,
                                                                                                    "result_set_size": 27703460,
                                                                                                    "children": []
                                                                                                },
                                                                                                {
                                                                                                    "operator_name": "DELIM_SCAN",
                                                                                                    "cpu_time": 0.0,
                                                                                                    "extra_info": {
                                                                                                        "Delim Index": "1",
                                                                                                        "Estimated Cardinality": "192505"
                                                                                                    },
                                                                                                    "cumulative_cardinality": 0,
                                                                                                    "operator_type": "DELIM_SCAN",
                                                                                                    "operator_cardinality": 0,
                                                                                                    "cumulative_rows_scanned": 0,
                                                                                                    "operator_rows_scanned": 0,
                                                                                                    "operator_timing": 0.0,
                                                                                                    "result_set_size": 0,
                                                                                                    "children": []
                                                                                                }
                                                                                            ]
                                                                                        }
                                                                                    ]
                                                                                }
                                                                            ]
                                                                        }
                                                                    ]
                                                                },
                                                                {
                                                                    "operator_name": "DELIM_SCAN",
                                                                    "cpu_time": 0.0,
                                                                    "extra_info": {
                                                                        "Delim Index": "1",
                                                                        "Estimated Cardinality": "192505"
                                                                    },
                                                                    "cumulative_cardinality": 0,
                                                                    "operator_type": "DELIM_SCAN",
                                                                    "operator_cardinality": 0,
                                                                    "cumulative_rows_scanned": 0,
                                                                    "operator_rows_scanned": 0,
                                                                    "operator_timing": 0.0,
                                                                    "result_set_size": 0,
                                                                    "children": []
                                                                }
                                                            ]
                                                        }
                                                    ]
                                                }
                                            ]
                                        },
                                        {
                                            "operator_name": "HASH_GROUP_BY",
                                            "cpu_time": 0.000059539,
                                            "extra_info": {
                                                "Groups": "#4",
                                                "Aggregates": "",
                                                "Estimated Cardinality": "552897"
                                            },
                                            "cumulative_cardinality": 17282,
                                            "operator_type": "HASH_GROUP_BY",
                                            "operator_cardinality": 17282,
                                            "cumulative_rows_scanned": 0,
                                            "operator_rows_scanned": 0,
                                            "operator_timing": 0.000059539,
                                            "result_set_size": 69128,
                                            "children": []
                                        }
                                    ]
                                }
                            ]
                        }
                    ]
                }
            ]
        }
    ]
}