{
    "rows_returned": 10,
    "query_name": "\nWITH RankedPosts AS (\n    SELECT \n        p.Id AS PostId,\n        p.Title,\n        p.CreationDate,\n        p.Score,\n        p.ViewCount,\n        u.DisplayName AS OwnerName,\n        COUNT(c.Id) AS CommentCount,\n        RANK() OVER (ORDER BY COUNT(c.Id) DESC) AS CommentRank,\n        p.OwnerUserId\n    FROM \n        Posts p\n    JOIN \n        Users u ON p.OwnerUserId = u.Id\n    LEFT JOIN \n        Comments c ON p.Id = c.PostId\n    WHERE \n        p.PostTypeId = 1 \n    GROUP BY \n        p.Id, p.Title, p.CreationDate, p.Score, p.ViewCount, u.DisplayName, p.OwnerUserId\n),\nTopPosts AS (\n    SELECT \n        rp.*, \n        pt.Name AS PostType,\n        COALESCE(badgeCount.BadgeCount, 0) AS UserBadges\n    FROM \n        RankedPosts rp\n    JOIN \n        PostTypes pt ON pt.Id = 1 \n    LEFT JOIN (\n        SELECT \n            UserId, \n            COUNT(*) AS BadgeCount \n        FROM \n            Badges \n        GROUP BY \n            UserId\n    ) badgeCount ON badgeCount.UserId = rp.OwnerUserId\n)\nSELECT \n    PostId,\n    Title,\n    CreationDate,\n    Score,\n    ViewCount,\n    OwnerName,\n    CommentCount,\n    PostType,\n    UserBadges\nFROM \n    TopPosts\nWHERE \n    UserBadges > 0\nORDER BY \n    Score DESC, CommentCount DESC\nLIMIT 10;\n",
    "blocked_thread_time": 0.0,
    "cpu_time": 3.0638644229999987,
    "extra_info": {},
    "cumulative_cardinality": 47230451,
    "cumulative_rows_scanned": 14674380,
    "result_set_size": 840,
    "latency": 3.553459815,
    "children": [
        {
            "operator_name": "STREAMING_LIMIT",
            "cpu_time": 3.0638644229999987,
            "extra_info": {},
            "cumulative_cardinality": 47230451,
            "operator_type": "STREAMING_LIMIT",
            "operator_cardinality": 10,
            "cumulative_rows_scanned": 14674380,
            "operator_rows_scanned": 0,
            "operator_timing": 0.000002015,
            "result_set_size": 840,
            "children": [
                {
                    "operator_name": "PROJECTION",
                    "cpu_time": 3.0638624079999985,
                    "extra_info": {
                        "Projections": [
                            "#0",
                            "#1",
                            "#2",
                            "__internal_decompress_integral_integer(#3, -72)",
                            "#4",
                            "#5",
                            "#6",
                            "#7",
                            "#8"
                        ],
                        "Estimated Cardinality": "385010"
                    },
                    "cumulative_cardinality": 47230441,
                    "operator_type": "PROJECTION",
                    "operator_cardinality": 4096,
                    "cumulative_rows_scanned": 14674380,
                    "operator_rows_scanned": 0,
                    "operator_timing": 0.000009638,
                    "result_set_size": 344064,
                    "children": [
                        {
                            "operator_name": "ORDER_BY",
                            "cpu_time": 3.0638527699999987,
                            "extra_info": {
                                "Order By": [
                                    "TopPosts.Score DESC",
                                    "TopPosts.CommentCount DESC"
                                ]
                            },
                            "cumulative_cardinality": 47226345,
                            "operator_type": "ORDER_BY",
                            "operator_cardinality": 4096,
                            "cumulative_rows_scanned": 14674380,
                            "operator_rows_scanned": 0,
                            "operator_timing": 0.14853150699999984,
                            "result_set_size": 335872,
                            "children": [
                                {
                                    "operator_name": "PROJECTION",
                                    "cpu_time": 2.9153212629999987,
                                    "extra_info": {
                                        "Projections": [
                                            "#0",
                                            "#1",
                                            "#2",
                                            "__internal_compress_integral_usmallint(#3, -72)",
                                            "#4",
                                            "#5",
                                            "#6",
                                            "#7",
                                            "#8"
                                        ],
                                        "Estimated Cardinality": "385010"
                                    },
                                    "cumulative_cardinality": 47222249,
                                    "operator_type": "PROJECTION",
                                    "operator_cardinality": 1565310,
                                    "cumulative_rows_scanned": 14674380,
                                    "operator_rows_scanned": 0,
                                    "operator_timing": 0.001906176,
                                    "result_set_size": 128355420,
                                    "children": [
                                        {
                                            "operator_name": "PROJECTION",
                                            "cpu_time": 2.913415086999999,
                                            "extra_info": {
                                                "Projections": [
                                                    "PostId",
                                                    "title",
                                                    "creationdate",
                                                    "score",
                                                    "viewcount",
                                                    "OwnerName",
                                                    "CommentCount",
                                                    "PostType",
                                                    "UserBadges"
                                                ],
                                                "Estimated Cardinality": "385010"
                                            },
                                            "cumulative_cardinality": 45656939,
                                            "operator_type": "PROJECTION",
                                            "operator_cardinality": 1565310,
                                            "cumulative_rows_scanned": 14674380,
                                            "operator_rows_scanned": 0,
                                            "operator_timing": 0.019862378999999982,
                                            "result_set_size": 131486040,
                                            "children": [
                                                {
                                                    "operator_name": "HASH_JOIN",
                                                    "cpu_time": 2.8935527079999988,
                                                    "extra_info": {
                                                        "Join Type": "INNER",
                                                        "Conditions": "owneruserid = userid",
                                                        "Estimated Cardinality": "385010"
                                                    },
                                                    "cumulative_cardinality": 44091629,
                                                    "operator_type": "HASH_JOIN",
                                                    "operator_cardinality": 1565310,
                                                    "cumulative_rows_scanned": 14674380,
                                                    "operator_rows_scanned": 0,
                                                    "operator_timing": 0.10636684499999996,
                                                    "result_set_size": 131486040,
                                                    "children": [
                                                        {
                                                            "operator_name": "PROJECTION",
                                                            "cpu_time": 2.7096264899999984,
                                                            "extra_info": {
                                                                "Projections": [
                                                                    "PostId",
                                                                    "title",
                                                                    "creationdate",
                                                                    "score",
                                                                    "viewcount",
                                                                    "OwnerName",
                                                                    "CommentCount",
                                                                    "owneruserid"
                                                                ],
                                                                "Estimated Cardinality": "3850116"
                                                            },
                                                            "cumulative_cardinality": 36235807,
                                                            "operator_type": "PROJECTION",
                                                            "operator_cardinality": 1589662,
                                                            "cumulative_rows_scanned": 12352648,
                                                            "operator_rows_scanned": 0,
                                                            "operator_timing": 0.00037713499999999676,
                                                            "result_set_size": 101738368,
                                                            "children": [
                                                                {
                                                                    "operator_name": "PROJECTION",
                                                                    "cpu_time": 2.7092493549999985,
                                                                    "extra_info": {
                                                                        "Projections": [
                                                                            "#0",
                                                                            "#1",
                                                                            "#2",
                                                                            "#3",
                                                                            "#4",
                                                                            "#5",
                                                                            "#6",
                                                                            "#7"
                                                                        ],
                                                                        "Estimated Cardinality": "3850116"
                                                                    },
                                                                    "cumulative_cardinality": 34646145,
                                                                    "operator_type": "PROJECTION",
                                                                    "operator_cardinality": 1589662,
                                                                    "cumulative_rows_scanned": 12352648,
                                                                    "operator_rows_scanned": 0,
                                                                    "operator_timing": 0.0003917529999999978,
                                                                    "result_set_size": 101738368,
                                                                    "children": [
                                                                        {
                                                                            "operator_name": "FILTER",
                                                                            "cpu_time": 2.7088576019999984,
                                                                            "extra_info": {
                                                                                "Expression": "(owneruserid BETWEEN 2 AND 1416532)",
                                                                                "Estimated Cardinality": "3850116"
                                                                            },
                                                                            "cumulative_cardinality": 33056483,
                                                                            "operator_type": "FILTER",
                                                                            "operator_cardinality": 1589662,
                                                                            "cumulative_rows_scanned": 12352648,
                                                                            "operator_rows_scanned": 0,
                                                                            "operator_timing": 0.004864342000000006,
                                                                            "result_set_size": 114455664,
                                                                            "children": [
                                                                                {
                                                                                    "operator_name": "PROJECTION",
                                                                                    "cpu_time": 2.7039932599999985,
                                                                                    "extra_info": {
                                                                                        "Projections": [
                                                                                            "#0",
                                                                                            "#1",
                                                                                            "#2",
                                                                                            "#3",
                                                                                            "#4",
                                                                                            "#5",
                                                                                            "#6",
                                                                                            "#7",
                                                                                            "#8"
                                                                                        ],
                                                                                        "Estimated Cardinality": "3850116"
                                                                                    },
                                                                                    "cumulative_cardinality": 31466821,
                                                                                    "operator_type": "PROJECTION",
                                                                                    "operator_cardinality": 1589663,
                                                                                    "cumulative_rows_scanned": 12352648,
                                                                                    "operator_rows_scanned": 0,
                                                                                    "operator_timing": 0.00045765099999999686,
                                                                                    "result_set_size": 114455736,
                                                                                    "children": [
                                                                                        {
                                                                                            "operator_name": "WINDOW",
                                                                                            "cpu_time": 2.7035356089999985,
                                                                                            "extra_info": {
                                                                                                "Projections": "RANK() OVER (ORDER BY count(id) DESC NULLS LAST)"
                                                                                            },
                                                                                            "cumulative_cardinality": 29877158,
                                                                                            "operator_type": "WINDOW",
                                                                                            "operator_cardinality": 1589663,
                                                                                            "cumulative_rows_scanned": 12352648,
                                                                                            "operator_rows_scanned": 0,
                                                                                            "operator_timing": 0.15505780000000002,
                                                                                            "result_set_size": 114455736,
                                                                                            "children": [
                                                                                                {
                                                                                                    "operator_name": "PROJECTION",
                                                                                                    "cpu_time": 2.5484778089999987,
                                                                                                    "extra_info": {
                                                                                                        "Projections": [
                                                                                                            "#0",
                                                                                                            "#1",
                                                                                                            "#2",
                                                                                                            "__internal_decompress_integral_integer(#3, -72)",
                                                                                                            "#4",
                                                                                                            "#5",
                                                                                                            "#6",
                                                                                                            "#7"
                                                                                                        ],
                                                                                                        "Estimated Cardinality": "3850116"
                                                                                                    },
                                                                                                    "cumulative_cardinality": 28287495,
                                                                                                    "operator_type": "PROJECTION",
                                                                                                    "operator_cardinality": 1589663,
                                                                                                    "cumulative_rows_scanned": 12352648,
                                                                                                    "operator_rows_scanned": 0,
                                                                                                    "operator_timing": 0.000826267,
                                                                                                    "result_set_size": 101738432,
                                                                                                    "children": [
                                                                                                        {
                                                                                                            "operator_name": "HASH_GROUP_BY",
                                                                                                            "cpu_time": 2.5476515419999988,
                                                                                                            "extra_info": {
                                                                                                                "Groups": [
                                                                                                                    "#0",
                                                                                                                    "#1",
                                                                                                                    "#2",
                                                                                                                    "#3",
                                                                                                                    "#4",
                                                                                                                    "#5",
                                                                                                                    "#6"
                                                                                                                ],
                                                                                                                "Aggregates": "count(#7)",
                                                                                                                "Estimated Cardinality": "3850116"
                                                                                                            },
                                                                                                            "cumulative_cardinality": 26697832,
                                                                                                            "operator_type": "HASH_GROUP_BY",
                                                                                                            "operator_cardinality": 1589663,
                                                                                                            "cumulative_rows_scanned": 12352648,
                                                                                                            "operator_rows_scanned": 0,
                                                                                                            "operator_timing": 0.9109470869999983,
                                                                                                            "result_set_size": 98559106,
                                                                                                            "children": [
                                                                                                                {
                                                                                                                    "operator_name": "PROJECTION",
                                                                                                                    "cpu_time": 1.6367044550000007,
                                                                                                                    "extra_info": {
                                                                                                                        "Projections": [
                                                                                                                            "id",
                                                                                                                            "title",
                                                                                                                            "creationdate",
                                                                                                                            "score",
                                                                                                                            "viewcount",
                                                                                                                            "displayname",
                                                                                                                            "owneruserid",
                                                                                                                            "id"
                                                                                                                        ],
                                                                                                                        "Estimated Cardinality": "7241822"
                                                                                                                    },
                                                                                                                    "cumulative_cardinality": 25108169,
                                                                                                                    "operator_type": "PROJECTION",
                                                                                                                    "operator_cardinality": 4449281,
                                                                                                                    "cumulative_rows_scanned": 12352648,
                                                                                                                    "operator_rows_scanned": 0,
                                                                                                                    "operator_timing": 0.0019779069999999836,
                                                                                                                    "result_set_size": 258058298,
                                                                                                                    "children": [
                                                                                                                        {
                                                                                                                            "operator_name": "PROJECTION",
                                                                                                                            "cpu_time": 1.6347265480000008,
                                                                                                                            "extra_info": {
                                                                                                                                "Projections": [
                                                                                                                                    "#0",
                                                                                                                                    "#1",
                                                                                                                                    "#2",
                                                                                                                                    "#3",
                                                                                                                                    "__internal_compress_integral_usmallint(#4, -72)",
                                                                                                                                    "#5",
                                                                                                                                    "#6",
                                                                                                                                    "#7"
                                                                                                                                ],
                                                                                                                                "Estimated Cardinality": "7241822"
                                                                                                                            },
                                                                                                                            "cumulative_cardinality": 20658888,
                                                                                                                            "operator_type": "PROJECTION",
                                                                                                                            "operator_cardinality": 4449281,
                                                                                                                            "cumulative_rows_scanned": 12352648,
                                                                                                                            "operator_rows_scanned": 0,
                                                                                                                            "operator_timing": 0.004370116999999995,
                                                                                                                            "result_set_size": 258058298,
                                                                                                                            "children": [
                                                                                                                                {
                                                                                                                                    "operator_name": "HASH_JOIN",
                                                                                                                                    "cpu_time": 1.630356431000001,
                                                                                                                                    "extra_info": {
                                                                                                                                        "Join Type": "RIGHT",
                                                                                                                                        "Conditions": "postid = id",
                                                                                                                                        "Estimated Cardinality": "7241822"
                                                                                                                                    },
                                                                                                                                    "cumulative_cardinality": 16209607,
                                                                                                                                    "operator_type": "HASH_JOIN",
                                                                                                                                    "operator_cardinality": 4449281,
                                                                                                                                    "cumulative_rows_scanned": 12352648,
                                                                                                                                    "operator_rows_scanned": 0,
                                                                                                                                    "operator_timing": 0.5698588910000004,
                                                                                                                                    "result_set_size": 266956860,
                                                                                                                                    "children": [
                                                                                                                                        {
                                                                                                                                            "operator_name": "READ_PARQUET ",
                                                                                                                                            "cpu_time": 0.14500524299999995,
                                                                                                                                            "extra_info": {
                                                                                                                                                "Function": "READ_PARQUET",
                                                                                                                                                "Projections": [
                                                                                                                                                    "id",
                                                                                                                                                    "postid"
                                                                                                                                                ],
                                                                                                                                                "Estimated Cardinality": "7241822"
                                                                                                                                            },
                                                                                                                                            "cumulative_cardinality": 7241822,
                                                                                                                                            "operator_type": "TABLE_SCAN",
                                                                                                                                            "operator_cardinality": 7241822,
                                                                                                                                            "cumulative_rows_scanned": 7241822,
                                                                                                                                            "operator_rows_scanned": 7241822,
                                                                                                                                            "operator_timing": 0.14500524299999995,
                                                                                                                                            "result_set_size": 57934576,
                                                                                                                                            "children": []
                                                                                                                                        },
                                                                                                                                        {
                                                                                                                                            "operator_name": "HASH_JOIN",
                                                                                                                                            "cpu_time": 0.9154922970000007,
                                                                                                                                            "extra_info": {
                                                                                                                                                "Join Type": "INNER",
                                                                                                                                                "Conditions": "id = owneruserid",
                                                                                                                                                "Estimated Cardinality": "770023"
                                                                                                                                            },
                                                                                                                                            "cumulative_cardinality": 4518504,
                                                                                                                                            "operator_type": "HASH_JOIN",
                                                                                                                                            "operator_cardinality": 1589663,
                                                                                                                                            "cumulative_rows_scanned": 5110826,
                                                                                                                                            "operator_rows_scanned": 0,
                                                                                                                                            "operator_timing": 0.2863804590000003,
                                                                                                                                            "result_set_size": 89021128,
                                                                                                                                            "children": [
                                                                                                                                                {
                                                                                                                                                    "operator_name": "READ_PARQUET ",
                                                                                                                                                    "cpu_time": 0.09147184099999991,
                                                                                                                                                    "extra_info": {
                                                                                                                                                        "Function": "READ_PARQUET",
                                                                                                                                                        "Projections": [
                                                                                                                                                            "id",
                                                                                                                                                            "displayname"
                                                                                                                                                        ],
                                                                                                                                                        "Filters": "id<=1416539",
                                                                                                                                                        "Estimated Cardinality": "1260710"
                                                                                                                                                    },
                                                                                                                                                    "cumulative_cardinality": 1260677,
                                                                                                                                                    "operator_type": "TABLE_SCAN",
                                                                                                                                                    "operator_cardinality": 1260677,
                                                                                                                                                    "cumulative_rows_scanned": 1260710,
                                                                                                                                                    "operator_rows_scanned": 1260710,
                                                                                                                                                    "operator_timing": 0.09147184099999991,
                                                                                                                                                    "result_set_size": 25213540,
                                                                                                                                                    "children": []
                                                                                                                                                },
                                                                                                                                                {
                                                                                                                                                    "operator_name": "READ_PARQUET ",
                                                                                                                                                    "cpu_time": 0.5376399970000004,
                                                                                                                                                    "extra_info": {
                                                                                                                                                        "Function": "READ_PARQUET",
                                                                                                                                                        "Projections": [
                                                                                                                                                            "id",
                                                                                                                                                            "creationdate",
                                                                                                                                                            "score",
                                                                                                                                                            "viewcount",
                                                                                                                                                            "owneruserid",
                                                                                                                                                            "title"
                                                                                                                                                        ],
                                                                                                                                                        "Filters": "posttypeid=1",
                                                                                                                                                        "Estimated Cardinality": "770023"
                                                                                                                                                    },
                                                                                                                                                    "cumulative_cardinality": 1668164,
                                                                                                                                                    "operator_type": "TABLE_SCAN",
                                                                                                                                                    "operator_cardinality": 1668164,
                                                                                                                                                    "cumulative_rows_scanned": 3850116,
                                                                                                                                                    "operator_rows_scanned": 3850116,
                                                                                                                                                    "operator_timing": 0.5376399970000004,
                                                                                                                                                    "result_set_size": 66726560,
                                                                                                                                                    "children": []
                                                                                                                                                }
                                                                                                                                            ]
                                                                                                                                        }
                                                                                                                                    ]
                                                                                                                                }
                                                                                                                            ]
                                                                                                                        }
                                                                                                                    ]
                                                                                                                }
                                                                                                            ]
                                                                                                        }
                                                                                                    ]
                                                                                                }
                                                                                            ]
                                                                                        }
                                                                                    ]
                                                                                }
                                                                            ]
                                                                        }
                                                                    ]
                                                                }
                                                            ]
                                                        },
                                                        {
                                                            "operator_name": "CROSS_PRODUCT",
                                                            "cpu_time": 0.07755937299999993,
                                                            "extra_info": {},
                                                            "cumulative_cardinality": 6290512,
                                                            "operator_type": "CROSS_PRODUCT",
                                                            "operator_cardinality": 549021,
                                                            "cumulative_rows_scanned": 2321732,
                                                            "operator_rows_scanned": 0,
                                                            "operator_timing": 0.00034674600000000004,
                                                            "result_set_size": 15372588,
                                                            "children": [
                                                                {
                                                                    "operator_name": "FILTER",
                                                                    "cpu_time": 0.07690090399999994,
                                                                    "extra_info": {
                                                                        "Expression": "(COALESCE(BadgeCount, 0) > 0)",
                                                                        "Estimated Cardinality": "232172"
                                                                    },
                                                                    "cumulative_cardinality": 5741490,
                                                                    "operator_type": "FILTER",
                                                                    "operator_cardinality": 549021,
                                                                    "cumulative_rows_scanned": 2321724,
                                                                    "operator_rows_scanned": 0,
                                                                    "operator_timing": 0.004503699000000002,
                                                                    "result_set_size": 6588252,
                                                                    "children": [
                                                                        {
                                                                            "operator_name": "HASH_GROUP_BY",
                                                                            "cpu_time": 0.07239720499999994,
                                                                            "extra_info": {
                                                                                "Groups": "#0",
                                                                                "Aggregates": "count_star()",
                                                                                "Estimated Cardinality": "1160862"
                                                                            },
                                                                            "cumulative_cardinality": 5192469,
                                                                            "operator_type": "HASH_GROUP_BY",
                                                                            "operator_cardinality": 549021,
                                                                            "cumulative_rows_scanned": 2321724,
                                                                            "operator_rows_scanned": 0,
                                                                            "operator_timing": 0.05959097499999993,
                                                                            "result_set_size": 6588252,
                                                                            "children": [
                                                                                {
                                                                                    "operator_name": "PROJECTION",
                                                                                    "cpu_time": 0.012806230000000005,
                                                                                    "extra_info": {
                                                                                        "Projections": "userid",
                                                                                        "Estimated Cardinality": "2321724"
                                                                                    },
                                                                                    "cumulative_cardinality": 4643448,
                                                                                    "operator_type": "PROJECTION",
                                                                                    "operator_cardinality": 2321724,
                                                                                    "cumulative_rows_scanned": 2321724,
                                                                                    "operator_rows_scanned": 0,
                                                                                    "operator_timing": 0.00019230399999999948,
                                                                                    "result_set_size": 9286896,
                                                                                    "children": [
                                                                                        {
                                                                                            "operator_name": "READ_PARQUET ",
                                                                                            "cpu_time": 0.012613926000000006,
                                                                                            "extra_info": {
                                                                                                "Function": "READ_PARQUET",
                                                                                                "Projections": "userid",
                                                                                                "Estimated Cardinality": "2321724"
                                                                                            },
                                                                                            "cumulative_cardinality": 2321724,
                                                                                            "operator_type": "TABLE_SCAN",
                                                                                            "operator_cardinality": 2321724,
                                                                                            "cumulative_rows_scanned": 2321724,
                                                                                            "operator_rows_scanned": 2321724,
                                                                                            "operator_timing": 0.012613926000000006,
                                                                                            "result_set_size": 9286896,
                                                                                            "children": []
                                                                                        }
                                                                                    ]
                                                                                }
                                                                            ]
                                                                        }
                                                                    ]
                                                                },
                                                                {
                                                                    "operator_name": "READ_PARQUET ",
                                                                    "cpu_time": 0.000311723,
                                                                    "extra_info": {
                                                                        "Function": "READ_PARQUET",
                                                                        "Projections": "name",
                                                                        "Filters": "id=1",
                                                                        "Estimated Cardinality": "1"
                                                                    },
                                                                    "cumulative_cardinality": 1,
                                                                    "operator_type": "TABLE_SCAN",
                                                                    "operator_cardinality": 1,
                                                                    "cumulative_rows_scanned": 8,
                                                                    "operator_rows_scanned": 8,
                                                                    "operator_timing": 0.000311723,
                                                                    "result_set_size": 16,
                                                                    "children": []
                                                                }
                                                            ]
                                                        }
                                                    ]
                                                }
                                            ]
                                        }
                                    ]
                                }
                            ]
                        }
                    ]
                }
            ]
        }
    ]
}