{
    "rows_returned": 50,
    "query_name": "\nSELECT \n    u.DisplayName AS UserDisplayName,\n    COUNT(p.Id) AS PostCount,\n    SUM(CASE WHEN pt.Name = 'Question' THEN 1 ELSE 0 END) AS QuestionCount,\n    SUM(CASE WHEN pt.Name = 'Answer' THEN 1 ELSE 0 END) AS AnswerCount,\n    AVG(u.Reputation) AS AverageReputation,\n    COUNT(DISTINCT b.Id) AS BadgeCount,\n    SUM(v.BountyAmount) AS TotalBountyAmount\nFROM \n    Users u\n    LEFT JOIN Posts p ON u.Id = p.OwnerUserId\n    LEFT JOIN PostTypes pt ON p.PostTypeId = pt.Id\n    LEFT JOIN Badges b ON u.Id = b.UserId\n    LEFT JOIN Votes v ON p.Id = v.PostId\nWHERE \n    u.CreationDate > '2020-01-01'\nGROUP BY \n    u.Id, u.DisplayName, u.Reputation\nHAVING \n    COUNT(p.Id) > 10\nORDER BY \n    AverageReputation DESC\nLIMIT 50;\n",
    "blocked_thread_time": 0.0,
    "cpu_time": 3.0791937190000014,
    "extra_info": {},
    "cumulative_cardinality": 52805337,
    "cumulative_rows_scanned": 20176651,
    "result_set_size": 4400,
    "latency": 3.574278108,
    "children": [
        {
            "operator_name": "STREAMING_LIMIT",
            "cpu_time": 3.0791937190000014,
            "extra_info": {},
            "cumulative_cardinality": 52805337,
            "operator_type": "STREAMING_LIMIT",
            "operator_cardinality": 50,
            "cumulative_rows_scanned": 20176651,
            "operator_rows_scanned": 0,
            "operator_timing": 0.000001723,
            "result_set_size": 4400,
            "children": [
                {
                    "operator_name": "ORDER_BY",
                    "cpu_time": 3.0791919960000014,
                    "extra_info": {
                        "Order By": "avg(u.Reputation) DESC"
                    },
                    "cumulative_cardinality": 52805287,
                    "operator_type": "ORDER_BY",
                    "operator_cardinality": 4096,
                    "cumulative_rows_scanned": 20176651,
                    "operator_rows_scanned": 0,
                    "operator_timing": 0.0016917419999999998,
                    "result_set_size": 360448,
                    "children": [
                        {
                            "operator_name": "PROJECTION",
                            "cpu_time": 3.077500254000001,
                            "extra_info": {
                                "Projections": [
                                    "UserDisplayName",
                                    "PostCount",
                                    "QuestionCount",
                                    "AnswerCount",
                                    "AverageReputation",
                                    "BadgeCount",
                                    "TotalBountyAmount"
                                ],
                                "Estimated Cardinality": "252142"
                            },
                            "cumulative_cardinality": 52801191,
                            "operator_type": "PROJECTION",
                            "operator_cardinality": 34097,
                            "cumulative_rows_scanned": 20176651,
                            "operator_rows_scanned": 0,
                            "operator_timing": 0.000017505000000000003,
                            "result_set_size": 3000536,
                            "children": [
                                {
                                    "operator_name": "FILTER",
                                    "cpu_time": 3.077482749000001,
                                    "extra_info": {
                                        "Expression": "(count(id) > 10)",
                                        "Estimated Cardinality": "252142"
                                    },
                                    "cumulative_cardinality": 52767094,
                                    "operator_type": "FILTER",
                                    "operator_cardinality": 34097,
                                    "cumulative_rows_scanned": 20176651,
                                    "operator_rows_scanned": 0,
                                    "operator_timing": 0.002233119,
                                    "result_set_size": 3273312,
                                    "children": [
                                        {
                                            "operator_name": "HASH_GROUP_BY",
                                            "cpu_time": 3.075249630000001,
                                            "extra_info": {
                                                "Groups": [
                                                    "#0",
                                                    "#1",
                                                    "#2"
                                                ],
                                                "Aggregates": [
                                                    "count(#3)",
                                                    "sum(#4)",
                                                    "sum(#5)",
                                                    "avg(#6)",
                                                    "count(DISTINCT #7)",
                                                    "sum(#8)"
                                                ],
                                                "Estimated Cardinality": "1260710"
                                            },
                                            "cumulative_cardinality": 52732997,
                                            "operator_type": "HASH_GROUP_BY",
                                            "operator_cardinality": 656461,
                                            "cumulative_rows_scanned": 20176651,
                                            "operator_rows_scanned": 0,
                                            "operator_timing": 1.3397811020000017,
                                            "result_set_size": 63020256,
                                            "children": [
                                                {
                                                    "operator_name": "PROJECTION",
                                                    "cpu_time": 1.735468527999999,
                                                    "extra_info": {
                                                        "Projections": [
                                                            "id",
                                                            "displayname",
                                                            "reputation",
                                                            "id",
                                                            "CASE  WHEN ((name = 'Question')) THEN (1) ELSE 0 END",
                                                            "CASE  WHEN ((name = 'Answer')) THEN (1) ELSE 0 END",
                                                            "reputation",
                                                            "id",
                                                            "bountyamount"
                                                        ],
                                                        "Estimated Cardinality": "12744093"
                                                    },
                                                    "cumulative_cardinality": 52076536,
                                                    "operator_type": "PROJECTION",
                                                    "operator_cardinality": 14099659,
                                                    "cumulative_rows_scanned": 20176651,
                                                    "operator_rows_scanned": 0,
                                                    "operator_timing": 0.09048943099999977,
                                                    "result_set_size": 676783632,
                                                    "children": [
                                                        {
                                                            "operator_name": "HASH_JOIN",
                                                            "cpu_time": 1.6449790969999993,
                                                            "extra_info": {
                                                                "Join Type": "RIGHT",
                                                                "Conditions": "postid = id",
                                                                "Estimated Cardinality": "12744093"
                                                            },
                                                            "cumulative_cardinality": 37976877,
                                                            "operator_type": "HASH_JOIN",
                                                            "operator_cardinality": 14099659,
                                                            "cumulative_rows_scanned": 20176651,
                                                            "operator_rows_scanned": 0,
                                                            "operator_timing": 0.9807454529999993,
                                                            "result_set_size": 733182268,
                                                            "children": [
                                                                {
                                                                    "operator_name": "READ_PARQUET ",
                                                                    "cpu_time": 0.1857135909999995,
                                                                    "extra_info": {
                                                                        "Function": "READ_PARQUET",
                                                                        "Projections": [
                                                                            "postid",
                                                                            "bountyamount"
                                                                        ],
                                                                        "Estimated Cardinality": "12744093"
                                                                    },
                                                                    "cumulative_cardinality": 12358298,
                                                                    "operator_type": "TABLE_SCAN",
                                                                    "operator_cardinality": 12358298,
                                                                    "cumulative_rows_scanned": 12744093,
                                                                    "operator_rows_scanned": 12744093,
                                                                    "operator_timing": 0.1857135909999995,
                                                                    "result_set_size": 98866384,
                                                                    "children": []
                                                                },
                                                                {
                                                                    "operator_name": "HASH_JOIN",
                                                                    "cpu_time": 0.4785200530000004,
                                                                    "extra_info": {
                                                                        "Join Type": "LEFT",
                                                                        "Conditions": "id = userid",
                                                                        "Estimated Cardinality": "3850116"
                                                                    },
                                                                    "cumulative_cardinality": 11518920,
                                                                    "operator_type": "HASH_JOIN",
                                                                    "operator_cardinality": 6266411,
                                                                    "cumulative_rows_scanned": 7432558,
                                                                    "operator_rows_scanned": 0,
                                                                    "operator_timing": 0.19789085500000017,
                                                                    "result_set_size": 300787728,
                                                                    "children": [
                                                                        {
                                                                            "operator_name": "HASH_JOIN",
                                                                            "cpu_time": 0.2579317450000002,
                                                                            "extra_info": {
                                                                                "Join Type": "LEFT",
                                                                                "Conditions": "posttypeid = id",
                                                                                "Estimated Cardinality": "3850116"
                                                                            },
                                                                            "cumulative_cardinality": 2930785,
                                                                            "operator_type": "HASH_JOIN",
                                                                            "operator_cardinality": 944726,
                                                                            "cumulative_rows_scanned": 5110834,
                                                                            "operator_rows_scanned": 0,
                                                                            "operator_timing": 0.009600786000000004,
                                                                            "result_set_size": 41567944,
                                                                            "children": [
                                                                                {
                                                                                    "operator_name": "HASH_JOIN",
                                                                                    "cpu_time": 0.2480297660000002,
                                                                                    "extra_info": {
                                                                                        "Join Type": "RIGHT",
                                                                                        "Conditions": "owneruserid = id",
                                                                                        "Estimated Cardinality": "3850116"
                                                                                    },
                                                                                    "cumulative_cardinality": 1986051,
                                                                                    "operator_type": "HASH_JOIN",
                                                                                    "operator_cardinality": 944726,
                                                                                    "cumulative_rows_scanned": 5110826,
                                                                                    "operator_rows_scanned": 0,
                                                                                    "operator_timing": 0.07126946300000003,
                                                                                    "result_set_size": 28341780,
                                                                                    "children": [
                                                                                        {
                                                                                            "operator_name": "READ_PARQUET ",
                                                                                            "cpu_time": 0.08664130600000013,
                                                                                            "extra_info": {
                                                                                                "Function": "READ_PARQUET",
                                                                                                "Projections": [
                                                                                                    "id",
                                                                                                    "posttypeid",
                                                                                                    "owneruserid"
                                                                                                ],
                                                                                                "Estimated Cardinality": "3850116"
                                                                                            },
                                                                                            "cumulative_cardinality": 384864,
                                                                                            "operator_type": "TABLE_SCAN",
                                                                                            "operator_cardinality": 384864,
                                                                                            "cumulative_rows_scanned": 3850116,
                                                                                            "operator_rows_scanned": 3850116,
                                                                                            "operator_timing": 0.08664130600000013,
                                                                                            "result_set_size": 3848640,
                                                                                            "children": []
                                                                                        },
                                                                                        {
                                                                                            "operator_name": "READ_PARQUET ",
                                                                                            "cpu_time": 0.09011899700000002,
                                                                                            "extra_info": {
                                                                                                "Function": "READ_PARQUET",
                                                                                                "Projections": [
                                                                                                    "id",
                                                                                                    "reputation",
                                                                                                    "displayname"
                                                                                                ],
                                                                                                "Filters": "creationdate>'2020-01-01 00:00:00'::TIMESTAMP",
                                                                                                "Estimated Cardinality": "252142"
                                                                                            },
                                                                                            "cumulative_cardinality": 656461,
                                                                                            "operator_type": "TABLE_SCAN",
                                                                                            "operator_cardinality": 656461,
                                                                                            "cumulative_rows_scanned": 1260710,
                                                                                            "operator_rows_scanned": 1260710,
                                                                                            "operator_timing": 0.09011899700000002,
                                                                                            "result_set_size": 15755064,
                                                                                            "children": []
                                                                                        }
                                                                                    ]
                                                                                },
                                                                                {
                                                                                    "operator_name": "READ_PARQUET ",
                                                                                    "cpu_time": 0.000301193,
                                                                                    "extra_info": {
                                                                                        "Function": "READ_PARQUET",
                                                                                        "Projections": [
                                                                                            "id",
                                                                                            "name"
                                                                                        ],
                                                                                        "Estimated Cardinality": "8"
                                                                                    },
                                                                                    "cumulative_cardinality": 8,
                                                                                    "operator_type": "TABLE_SCAN",
                                                                                    "operator_cardinality": 8,
                                                                                    "cumulative_rows_scanned": 8,
                                                                                    "operator_rows_scanned": 8,
                                                                                    "operator_timing": 0.000301193,
                                                                                    "result_set_size": 144,
                                                                                    "children": []
                                                                                }
                                                                            ]
                                                                        },
                                                                        {
                                                                            "operator_name": "READ_PARQUET ",
                                                                            "cpu_time": 0.022697452999999968,
                                                                            "extra_info": {
                                                                                "Function": "READ_PARQUET",
                                                                                "Projections": [
                                                                                    "id",
                                                                                    "userid"
                                                                                ],
                                                                                "Estimated Cardinality": "2321724"
                                                                            },
                                                                            "cumulative_cardinality": 2321724,
                                                                            "operator_type": "TABLE_SCAN",
                                                                            "operator_cardinality": 2321724,
                                                                            "cumulative_rows_scanned": 2321724,
                                                                            "operator_rows_scanned": 2321724,
                                                                            "operator_timing": 0.022697452999999968,
                                                                            "result_set_size": 18573792,
                                                                            "children": []
                                                                        }
                                                                    ]
                                                                }
                                                            ]
                                                        }
                                                    ]
                                                }
                                            ]
                                        }
                                    ]
                                }
                            ]
                        }
                    ]
                }
            ]
        }
    ]
}