{
    "rows_returned": 50,
    "query_name": "WITH UserVoteStats AS (\n    SELECT \n        U.Id AS UserId,\n        U.DisplayName,\n        SUM(CASE WHEN V.VoteTypeId = 2 THEN 1 ELSE 0 END) AS UpVotes,\n        SUM(CASE WHEN V.VoteTypeId = 3 THEN 1 ELSE 0 END) AS DownVotes,\n        COUNT(DISTINCT P.Id) AS TotalPosts\n    FROM \n        Users U\n    LEFT JOIN \n        Votes V ON U.Id = V.UserId\n    LEFT JOIN \n        Posts P ON V.PostId = P.Id\n    GROUP BY \n        U.Id, U.DisplayName\n),\nPostStatistics AS (\n    SELECT \n        P.OwnerUserId,\n        COUNT(P.Id) AS TotalPosts,\n        AVG(P.Score) AS AverageScore,\n        SUM(CASE WHEN PH.PostHistoryTypeId = 10 THEN 1 ELSE 0 END) AS TimesClosed,\n        SUM(CASE WHEN PH.PostHistoryTypeId = 11 THEN 1 ELSE 0 END) AS TimesReopened,\n        SUM(CASE WHEN PH.PostHistoryTypeId IN (52, 53) THEN 1 ELSE 0 END) AS HotQuestionChanges\n    FROM \n        Posts P\n    LEFT JOIN \n        PostHistory PH ON P.Id = PH.PostId\n    GROUP BY \n        P.OwnerUserId\n),\nCombinedStats AS (\n    SELECT \n        U.Id AS UserId,\n        U.DisplayName,\n        U.Reputation,\n        UVS.UpVotes,\n        UVS.DownVotes,\n        PS.TotalPosts AS UserTotalPosts,\n        PS.AverageScore,\n        PS.TimesClosed,\n        PS.TimesReopened,\n        PS.HotQuestionChanges\n    FROM \n        UserVoteStats UVS\n    JOIN \n        PostStatistics PS ON UVS.UserId = PS.OwnerUserId\n    JOIN \n        Users U ON U.Id = PS.OwnerUserId\n)\nSELECT \n    UserId,\n    DisplayName,\n    Reputation,\n    UpVotes,\n    DownVotes,\n    UserTotalPosts,\n    AverageScore,\n    TimesClosed,\n    TimesReopened,\n    HotQuestionChanges\nFROM \n    CombinedStats\nWHERE \n    Reputation > 1000\nORDER BY \n    UpVotes DESC, AverageScore DESC\nLIMIT 50;\n",
    "blocked_thread_time": 0.0,
    "cpu_time": 2.601244803999989,
    "extra_info": {},
    "cumulative_cardinality": 66852157,
    "cumulative_rows_scanned": 34760989,
    "result_set_size": 6000,
    "latency": 2.941324144,
    "children": [
        {
            "operator_name": "STREAMING_LIMIT",
            "cpu_time": 2.601244803999989,
            "extra_info": {},
            "cumulative_cardinality": 66852157,
            "operator_type": "STREAMING_LIMIT",
            "operator_cardinality": 50,
            "cumulative_rows_scanned": 34760989,
            "operator_rows_scanned": 0,
            "operator_timing": 0.000001933,
            "result_set_size": 6000,
            "children": [
                {
                    "operator_name": "ORDER_BY",
                    "cpu_time": 2.601242870999989,
                    "extra_info": {
                        "Order By": [
                            "CombinedStats.UpVotes DESC",
                            "CombinedStats.AverageScore DESC"
                        ]
                    },
                    "cumulative_cardinality": 66852107,
                    "operator_type": "ORDER_BY",
                    "operator_cardinality": 4096,
                    "cumulative_rows_scanned": 34760989,
                    "operator_rows_scanned": 0,
                    "operator_timing": 0.0012527449999999998,
                    "result_set_size": 491520,
                    "children": [
                        {
                            "operator_name": "PROJECTION",
                            "cpu_time": 2.599990125999989,
                            "extra_info": {
                                "Projections": [
                                    "UserId",
                                    "displayname",
                                    "reputation",
                                    "UpVotes",
                                    "DownVotes",
                                    "UserTotalPosts",
                                    "AverageScore",
                                    "TimesClosed",
                                    "TimesReopened",
                                    "HotQuestionChanges"
                                ],
                                "Estimated Cardinality": "770023"
                            },
                            "cumulative_cardinality": 66848011,
                            "operator_type": "PROJECTION",
                            "operator_cardinality": 11214,
                            "cumulative_rows_scanned": 34760989,
                            "operator_rows_scanned": 0,
                            "operator_timing": 0.000031085,
                            "result_set_size": 1345680,
                            "children": [
                                {
                                    "operator_name": "HASH_JOIN",
                                    "cpu_time": 2.5999590409999893,
                                    "extra_info": {
                                        "Join Type": "INNER",
                                        "Conditions": "owneruserid = UserId",
                                        "Estimated Cardinality": "770023"
                                    },
                                    "cumulative_cardinality": 66836797,
                                    "operator_type": "HASH_JOIN",
                                    "operator_cardinality": 11214,
                                    "cumulative_rows_scanned": 34760989,
                                    "operator_rows_scanned": 0,
                                    "operator_timing": 0.006104333,
                                    "result_set_size": 1345680,
                                    "children": [
                                        {
                                            "operator_name": "HASH_GROUP_BY",
                                            "cpu_time": 1.6220000079999886,
                                            "extra_info": {
                                                "Groups": "#0",
                                                "Aggregates": [
                                                    "count_star()",
                                                    "avg(#1)",
                                                    "sum(#2)",
                                                    "sum(#3)",
                                                    "sum(#4)"
                                                ],
                                                "Estimated Cardinality": "3850116"
                                            },
                                            "cumulative_cardinality": 55252840,
                                            "operator_type": "HASH_GROUP_BY",
                                            "operator_cardinality": 371632,
                                            "cumulative_rows_scanned": 15645360,
                                            "operator_rows_scanned": 0,
                                            "operator_timing": 0.4262673260000006,
                                            "result_set_size": 25270976,
                                            "children": [
                                                {
                                                    "operator_name": "PROJECTION",
                                                    "cpu_time": 1.1957326819999878,
                                                    "extra_info": {
                                                        "Projections": [
                                                            "owneruserid",
                                                            "score",
                                                            "CASE  WHEN ((posthistorytypeid = 10)) THEN (1) ELSE 0 END",
                                                            "CASE  WHEN ((posthistorytypeid = 11)) THEN (1) ELSE 0 END",
                                                            "CASE  WHEN ((posthistorytypeid IN (52, 53))) THEN (1) ELSE 0 END"
                                                        ],
                                                        "Estimated Cardinality": "11795244"
                                                    },
                                                    "cumulative_cardinality": 54881208,
                                                    "operator_type": "PROJECTION",
                                                    "operator_cardinality": 11795244,
                                                    "cumulative_rows_scanned": 15645360,
                                                    "operator_rows_scanned": 0,
                                                    "operator_timing": 0.16244164800000033,
                                                    "result_set_size": 235904880,
                                                    "children": [
                                                        {
                                                            "operator_name": "PROJECTION",
                                                            "cpu_time": 1.0332910339999875,
                                                            "extra_info": {
                                                                "Projections": [
                                                                    "#0",
                                                                    "#1",
                                                                    "__internal_decompress_integral_integer(#2, -72)",
                                                                    "#3"
                                                                ],
                                                                "Estimated Cardinality": "11795244"
                                                            },
                                                            "cumulative_cardinality": 43085964,
                                                            "operator_type": "PROJECTION",
                                                            "operator_cardinality": 11795244,
                                                            "cumulative_rows_scanned": 15645360,
                                                            "operator_rows_scanned": 0,
                                                            "operator_timing": 0.004940683999999955,
                                                            "result_set_size": 165133416,
                                                            "children": [
                                                                {
                                                                    "operator_name": "HASH_JOIN",
                                                                    "cpu_time": 1.0283503499999875,
                                                                    "extra_info": {
                                                                        "Join Type": "RIGHT",
                                                                        "Conditions": "postid = id",
                                                                        "Estimated Cardinality": "11795244"
                                                                    },
                                                                    "cumulative_cardinality": 31290720,
                                                                    "operator_type": "HASH_JOIN",
                                                                    "operator_cardinality": 11795244,
                                                                    "cumulative_rows_scanned": 15645360,
                                                                    "operator_rows_scanned": 0,
                                                                    "operator_timing": 0.7581070569999879,
                                                                    "result_set_size": 141542928,
                                                                    "children": [
                                                                        {
                                                                            "operator_name": "READ_PARQUET ",
                                                                            "cpu_time": 0.20587166499999965,
                                                                            "extra_info": {
                                                                                "Function": "READ_PARQUET",
                                                                                "Projections": [
                                                                                    "posthistorytypeid",
                                                                                    "postid"
                                                                                ],
                                                                                "Estimated Cardinality": "11795244"
                                                                            },
                                                                            "cumulative_cardinality": 11795244,
                                                                            "operator_type": "TABLE_SCAN",
                                                                            "operator_cardinality": 11795244,
                                                                            "cumulative_rows_scanned": 11795244,
                                                                            "operator_rows_scanned": 11795244,
                                                                            "operator_timing": 0.20587166499999965,
                                                                            "result_set_size": 70771464,
                                                                            "children": []
                                                                        },
                                                                        {
                                                                            "operator_name": "PROJECTION",
                                                                            "cpu_time": 0.064371628,
                                                                            "extra_info": {
                                                                                "Projections": [
                                                                                    "#0",
                                                                                    "__internal_compress_integral_usmallint(#1, -72)",
                                                                                    "#2"
                                                                                ],
                                                                                "Estimated Cardinality": "3850116"
                                                                            },
                                                                            "cumulative_cardinality": 7700232,
                                                                            "operator_type": "PROJECTION",
                                                                            "operator_cardinality": 3850116,
                                                                            "cumulative_rows_scanned": 3850116,
                                                                            "operator_rows_scanned": 0,
                                                                            "operator_timing": 0.0013781850000000068,
                                                                            "result_set_size": 38501160,
                                                                            "children": [
                                                                                {
                                                                                    "operator_name": "READ_PARQUET ",
                                                                                    "cpu_time": 0.062993443,
                                                                                    "extra_info": {
                                                                                        "Function": "READ_PARQUET",
                                                                                        "Projections": [
                                                                                            "id",
                                                                                            "score",
                                                                                            "owneruserid"
                                                                                        ],
                                                                                        "Estimated Cardinality": "3850116"
                                                                                    },
                                                                                    "cumulative_cardinality": 3850116,
                                                                                    "operator_type": "TABLE_SCAN",
                                                                                    "operator_cardinality": 3850116,
                                                                                    "cumulative_rows_scanned": 3850116,
                                                                                    "operator_rows_scanned": 3850116,
                                                                                    "operator_timing": 0.062993443,
                                                                                    "result_set_size": 46201392,
                                                                                    "children": []
                                                                                }
                                                                            ]
                                                                        }
                                                                    ]
                                                                }
                                                            ]
                                                        }
                                                    ]
                                                }
                                            ]
                                        },
                                        {
                                            "operator_name": "FILTER",
                                            "cpu_time": 0.971854700000001,
                                            "extra_info": {
                                                "Expression": "(UserId <= 1416539)",
                                                "Estimated Cardinality": "252142"
                                            },
                                            "cumulative_cardinality": 11572743,
                                            "operator_type": "FILTER",
                                            "operator_cardinality": 11215,
                                            "cumulative_rows_scanned": 19115629,
                                            "operator_rows_scanned": 0,
                                            "operator_timing": 0.000040775,
                                            "result_set_size": 628040,
                                            "children": [
                                                {
                                                    "operator_name": "HASH_JOIN",
                                                    "cpu_time": 0.971813925000001,
                                                    "extra_info": {
                                                        "Join Type": "INNER",
                                                        "Conditions": "UserId = id",
                                                        "Estimated Cardinality": "252142"
                                                    },
                                                    "cumulative_cardinality": 11561528,
                                                    "operator_type": "HASH_JOIN",
                                                    "operator_cardinality": 11215,
                                                    "cumulative_rows_scanned": 19115629,
                                                    "operator_rows_scanned": 0,
                                                    "operator_timing": 0.016589948000000066,
                                                    "result_set_size": 628040,
                                                    "children": [
                                                        {
                                                            "operator_name": "PROJECTION",
                                                            "cpu_time": 0.901874799000001,
                                                            "extra_info": {
                                                                "Projections": [
                                                                    "UserId",
                                                                    "UpVotes",
                                                                    "DownVotes"
                                                                ],
                                                                "Estimated Cardinality": "1260710"
                                                            },
                                                            "cumulative_cardinality": 11539098,
                                                            "operator_type": "PROJECTION",
                                                            "operator_cardinality": 1260710,
                                                            "cumulative_rows_scanned": 17854919,
                                                            "operator_rows_scanned": 0,
                                                            "operator_timing": 0.00011322199999999957,
                                                            "result_set_size": 45385560,
                                                            "children": [
                                                                {
                                                                    "operator_name": "HASH_GROUP_BY",
                                                                    "cpu_time": 0.901761577000001,
                                                                    "extra_info": {
                                                                        "Groups": [
                                                                            "#0",
                                                                            "#1"
                                                                        ],
                                                                        "Aggregates": [
                                                                            "sum(#2)",
                                                                            "sum(#3)"
                                                                        ],
                                                                        "Estimated Cardinality": "1260710"
                                                                    },
                                                                    "cumulative_cardinality": 10278388,
                                                                    "operator_type": "HASH_GROUP_BY",
                                                                    "operator_cardinality": 1260710,
                                                                    "cumulative_rows_scanned": 17854919,
                                                                    "operator_rows_scanned": 0,
                                                                    "operator_timing": 0.290120115,
                                                                    "result_set_size": 65556920,
                                                                    "children": [
                                                                        {
                                                                            "operator_name": "PROJECTION",
                                                                            "cpu_time": 0.611641462000001,
                                                                            "extra_info": {
                                                                                "Projections": [
                                                                                    "id",
                                                                                    "displayname",
                                                                                    "CASE  WHEN ((votetypeid = 2)) THEN (1) ELSE 0 END",
                                                                                    "CASE  WHEN ((votetypeid = 3)) THEN (1) ELSE 0 END"
                                                                                ],
                                                                                "Estimated Cardinality": "12744093"
                                                                            },
                                                                            "cumulative_cardinality": 9017678,
                                                                            "operator_type": "PROJECTION",
                                                                            "operator_cardinality": 1288855,
                                                                            "cumulative_rows_scanned": 17854919,
                                                                            "operator_rows_scanned": 0,
                                                                            "operator_timing": 0.002396548000000003,
                                                                            "result_set_size": 36087940,
                                                                            "children": [
                                                                                {
                                                                                    "operator_name": "HASH_JOIN",
                                                                                    "cpu_time": 0.609244914000001,
                                                                                    "extra_info": {
                                                                                        "Join Type": "LEFT",
                                                                                        "Conditions": "postid = id",
                                                                                        "Estimated Cardinality": "12744093"
                                                                                    },
                                                                                    "cumulative_cardinality": 7728823,
                                                                                    "operator_type": "HASH_JOIN",
                                                                                    "operator_cardinality": 1288855,
                                                                                    "cumulative_rows_scanned": 17854919,
                                                                                    "operator_rows_scanned": 0,
                                                                                    "operator_timing": 0.18811368200000003,
                                                                                    "result_set_size": 33510230,
                                                                                    "children": [
                                                                                        {
                                                                                            "operator_name": "HASH_JOIN",
                                                                                            "cpu_time": 0.40005038000000104,
                                                                                            "extra_info": {
                                                                                                "Join Type": "RIGHT",
                                                                                                "Conditions": "userid = id",
                                                                                                "Estimated Cardinality": "12744093"
                                                                                            },
                                                                                            "cumulative_cardinality": 2589852,
                                                                                            "operator_type": "HASH_JOIN",
                                                                                            "operator_cardinality": 1288855,
                                                                                            "cumulative_rows_scanned": 14004803,
                                                                                            "operator_rows_scanned": 0,
                                                                                            "operator_timing": 0.11318869300000095,
                                                                                            "result_set_size": 33510230,
                                                                                            "children": [
                                                                                                {
                                                                                                    "operator_name": "READ_PARQUET ",
                                                                                                    "cpu_time": 0.2090041280000001,
                                                                                                    "extra_info": {
                                                                                                        "Function": "READ_PARQUET",
                                                                                                        "Projections": [
                                                                                                            "postid",
                                                                                                            "votetypeid",
                                                                                                            "userid"
                                                                                                        ],
                                                                                                        "Estimated Cardinality": "12744093"
                                                                                                    },
                                                                                                    "cumulative_cardinality": 40287,
                                                                                                    "operator_type": "TABLE_SCAN",
                                                                                                    "operator_cardinality": 40287,
                                                                                                    "cumulative_rows_scanned": 12744093,
                                                                                                    "operator_rows_scanned": 12744093,
                                                                                                    "operator_timing": 0.2090041280000001,
                                                                                                    "result_set_size": 402870,
                                                                                                    "children": []
                                                                                                },
                                                                                                {
                                                                                                    "operator_name": "READ_PARQUET ",
                                                                                                    "cpu_time": 0.077857559,
                                                                                                    "extra_info": {
                                                                                                        "Function": "READ_PARQUET",
                                                                                                        "Projections": [
                                                                                                            "id",
                                                                                                            "displayname"
                                                                                                        ],
                                                                                                        "Estimated Cardinality": "1260710"
                                                                                                    },
                                                                                                    "cumulative_cardinality": 1260710,
                                                                                                    "operator_type": "TABLE_SCAN",
                                                                                                    "operator_cardinality": 1260710,
                                                                                                    "cumulative_rows_scanned": 1260710,
                                                                                                    "operator_rows_scanned": 1260710,
                                                                                                    "operator_timing": 0.077857559,
                                                                                                    "result_set_size": 25214200,
                                                                                                    "children": []
                                                                                                }
                                                                                            ]
                                                                                        },
                                                                                        {
                                                                                            "operator_name": "READ_PARQUET ",
                                                                                            "cpu_time": 0.021080852000000008,
                                                                                            "extra_info": {
                                                                                                "Function": "READ_PARQUET",
                                                                                                "Projections": "id",
                                                                                                "Estimated Cardinality": "3850116"
                                                                                            },
                                                                                            "cumulative_cardinality": 3850116,
                                                                                            "operator_type": "TABLE_SCAN",
                                                                                            "operator_cardinality": 3850116,
                                                                                            "cumulative_rows_scanned": 3850116,
                                                                                            "operator_rows_scanned": 3850116,
                                                                                            "operator_timing": 0.021080852000000008,
                                                                                            "result_set_size": 15400464,
                                                                                            "children": []
                                                                                        }
                                                                                    ]
                                                                                }
                                                                            ]
                                                                        }
                                                                    ]
                                                                }
                                                            ]
                                                        },
                                                        {
                                                            "operator_name": "READ_PARQUET ",
                                                            "cpu_time": 0.05334917799999997,
                                                            "extra_info": {
                                                                "Function": "READ_PARQUET",
                                                                "Projections": [
                                                                    "id",
                                                                    "reputation",
                                                                    "displayname"
                                                                ],
                                                                "Filters": "reputation>1000",
                                                                "Estimated Cardinality": "252142"
                                                            },
                                                            "cumulative_cardinality": 11215,
                                                            "operator_type": "TABLE_SCAN",
                                                            "operator_cardinality": 11215,
                                                            "cumulative_rows_scanned": 1260710,
                                                            "operator_rows_scanned": 1260710,
                                                            "operator_timing": 0.05334917799999997,
                                                            "result_set_size": 269160,
                                                            "children": []
                                                        }
                                                    ]
                                                }
                                            ]
                                        }
                                    ]
                                }
                            ]
                        }
                    ]
                }
            ]
        }
    ]
}