{
    "rows_returned": 112150,
    "query_name": "\nWITH UserStats AS (\n    SELECT \n        U.Id AS UserId,\n        U.Reputation,\n        U.DisplayName,\n        U.Views,\n        U.UpVotes,\n        U.DownVotes,\n        COUNT(DISTINCT P.Id) AS TotalPosts,\n        COUNT(DISTINCT CASE WHEN P.PostTypeId = 1 THEN P.Id END) AS TotalQuestions,\n        COUNT(DISTINCT CASE WHEN P.PostTypeId = 2 THEN P.Id END) AS TotalAnswers,\n        SUM(COALESCE(P.Score, 0)) AS TotalScore\n    FROM Users U\n    LEFT JOIN Posts P ON U.Id = P.OwnerUserId\n    GROUP BY U.Id, U.Reputation, U.DisplayName, U.Views, U.UpVotes, U.DownVotes\n),\nTopTags AS (\n    SELECT \n        T.TagName,\n        COUNT(PL.PostId) AS LinkCount\n    FROM Tags T\n    JOIN PostLinks PL ON T.Id = PL.RelatedPostId\n    GROUP BY T.TagName\n    ORDER BY LinkCount DESC\n    LIMIT 10\n),\nPopularBadges AS (\n    SELECT \n        B.Name,\n        COUNT(B.Id) AS BadgeCount,\n        U.Id AS UserId\n    FROM Badges B\n    JOIN Users U ON B.UserId = U.Id\n    GROUP BY B.Name, U.Id\n    ORDER BY BadgeCount DESC\n    LIMIT 5\n)\nSELECT \n    US.UserId,\n    US.DisplayName,\n    US.Reputation,\n    US.Views,\n    US.TotalPosts,\n    US.TotalQuestions,\n    US.TotalAnswers,\n    US.TotalScore,\n    TT.TagName,\n    PB.Name AS PopularBadge\nFROM UserStats US\nCROSS JOIN TopTags TT\nLEFT JOIN PopularBadges PB ON US.UserId = PB.UserId\nWHERE US.Reputation > 1000\nORDER BY US.Reputation DESC, US.TotalScore DESC;\n",
    "blocked_thread_time": 0.0,
    "cpu_time": 1.939662339999998,
    "extra_info": {},
    "cumulative_cardinality": 23316653,
    "cumulative_rows_scanned": 9108227,
    "result_set_size": 11215000,
    "latency": 2.946605861,
    "children": [
        {
            "operator_name": "ORDER_BY",
            "cpu_time": 1.939662339999998,
            "extra_info": {
                "Order By": [
                    "US.Reputation DESC",
                    "US.TotalScore DESC"
                ]
            },
            "cumulative_cardinality": 23316653,
            "operator_type": "ORDER_BY",
            "operator_cardinality": 112150,
            "cumulative_rows_scanned": 9108227,
            "operator_rows_scanned": 0,
            "operator_timing": 0.010619984999999997,
            "result_set_size": 11215000,
            "children": [
                {
                    "operator_name": "PROJECTION",
                    "cpu_time": 1.929042354999998,
                    "extra_info": {
                        "Projections": [
                            "UserId",
                            "displayname",
                            "reputation",
                            "views",
                            "TotalPosts",
                            "TotalQuestions",
                            "TotalAnswers",
                            "TotalScore",
                            "tagname",
                            "PopularBadge"
                        ],
                        "Estimated Cardinality": "12607100"
                    },
                    "cumulative_cardinality": 23204503,
                    "operator_type": "PROJECTION",
                    "operator_cardinality": 112150,
                    "cumulative_rows_scanned": 9108227,
                    "operator_rows_scanned": 0,
                    "operator_timing": 0.00003441700000000001,
                    "result_set_size": 11215000,
                    "children": [
                        {
                            "operator_name": "HASH_JOIN",
                            "cpu_time": 1.929007937999998,
                            "extra_info": {
                                "Join Type": "LEFT",
                                "Conditions": "UserId = UserId",
                                "Estimated Cardinality": "12607100"
                            },
                            "cumulative_cardinality": 23092353,
                            "operator_type": "HASH_JOIN",
                            "operator_cardinality": 112150,
                            "cumulative_rows_scanned": 9108227,
                            "operator_rows_scanned": 0,
                            "operator_timing": 0.0014347489999999997,
                            "result_set_size": 11215000,
                            "children": [
                                {
                                    "operator_name": "CROSS_PRODUCT",
                                    "cpu_time": 1.3713725119999982,
                                    "extra_info": {},
                                    "cumulative_cardinality": 11046163,
                                    "operator_type": "CROSS_PRODUCT",
                                    "operator_cardinality": 112150,
                                    "cumulative_rows_scanned": 5525793,
                                    "operator_rows_scanned": 0,
                                    "operator_timing": 0.000186643,
                                    "result_set_size": 10317800,
                                    "children": [
                                        {
                                            "operator_name": "PROJECTION",
                                            "cpu_time": 1.3613783819999983,
                                            "extra_info": {
                                                "Projections": [
                                                    "UserId",
                                                    "reputation",
                                                    "displayname",
                                                    "views",
                                                    "TotalPosts",
                                                    "TotalQuestions",
                                                    "TotalAnswers",
                                                    "TotalScore"
                                                ],
                                                "Estimated Cardinality": "1260710"
                                            },
                                            "cumulative_cardinality": 10917691,
                                            "operator_type": "PROJECTION",
                                            "operator_cardinality": 11215,
                                            "cumulative_rows_scanned": 5110826,
                                            "operator_rows_scanned": 0,
                                            "operator_timing": 0.0000033660000000000005,
                                            "result_set_size": 762620,
                                            "children": [
                                                {
                                                    "operator_name": "PROJECTION",
                                                    "cpu_time": 1.3613750159999982,
                                                    "extra_info": {
                                                        "Projections": [
                                                            "#0",
                                                            "#1",
                                                            "#2",
                                                            "#3",
                                                            "#4",
                                                            "__internal_decompress_integral_integer(#5, 0)",
                                                            "#6",
                                                            "#7",
                                                            "#8",
                                                            "#9"
                                                        ],
                                                        "Estimated Cardinality": "1260710"
                                                    },
                                                    "cumulative_cardinality": 10906476,
                                                    "operator_type": "PROJECTION",
                                                    "operator_cardinality": 11215,
                                                    "cumulative_rows_scanned": 5110826,
                                                    "operator_rows_scanned": 0,
                                                    "operator_timing": 0.000013003,
                                                    "result_set_size": 852340,
                                                    "children": [
                                                        {
                                                            "operator_name": "HASH_GROUP_BY",
                                                            "cpu_time": 1.3613620129999982,
                                                            "extra_info": {
                                                                "Groups": [
                                                                    "#0",
                                                                    "#1",
                                                                    "#2",
                                                                    "#3",
                                                                    "#4",
                                                                    "#5"
                                                                ],
                                                                "Aggregates": [
                                                                    "count(DISTINCT #6)",
                                                                    "count(DISTINCT #7)",
                                                                    "count(DISTINCT #8)",
                                                                    "sum(#9)"
                                                                ],
                                                                "Estimated Cardinality": "1260710"
                                                            },
                                                            "cumulative_cardinality": 10895261,
                                                            "operator_type": "HASH_GROUP_BY",
                                                            "operator_cardinality": 11215,
                                                            "cumulative_rows_scanned": 5110826,
                                                            "operator_rows_scanned": 0,
                                                            "operator_timing": 0.9749958379999986,
                                                            "result_set_size": 829910,
                                                            "children": [
                                                                {
                                                                    "operator_name": "PROJECTION",
                                                                    "cpu_time": 0.3863661749999996,
                                                                    "extra_info": {
                                                                        "Projections": [
                                                                            "id",
                                                                            "reputation",
                                                                            "displayname",
                                                                            "views",
                                                                            "upvotes",
                                                                            "downvotes",
                                                                            "id",
                                                                            "CASE  WHEN ((posttypeid = 1)) THEN (id) ELSE NULL END",
                                                                            "CASE  WHEN ((posttypeid = 2)) THEN (id) ELSE NULL END",
                                                                            "COALESCE(score, 0)"
                                                                        ],
                                                                        "Estimated Cardinality": "3850116"
                                                                    },
                                                                    "cumulative_cardinality": 10884046,
                                                                    "operator_type": "PROJECTION",
                                                                    "operator_cardinality": 2396486,
                                                                    "cumulative_rows_scanned": 5110826,
                                                                    "operator_rows_scanned": 0,
                                                                    "operator_timing": 0.06324484999999994,
                                                                    "result_set_size": 119824300,
                                                                    "children": [
                                                                        {
                                                                            "operator_name": "PROJECTION",
                                                                            "cpu_time": 0.3231213249999997,
                                                                            "extra_info": {
                                                                                "Projections": [
                                                                                    "#0",
                                                                                    "#1",
                                                                                    "#2",
                                                                                    "#3",
                                                                                    "#4",
                                                                                    "#5",
                                                                                    "#6",
                                                                                    "#7",
                                                                                    "__internal_compress_integral_usmallint(#8, 0)"
                                                                                ],
                                                                                "Estimated Cardinality": "3850116"
                                                                            },
                                                                            "cumulative_cardinality": 8487560,
                                                                            "operator_type": "PROJECTION",
                                                                            "operator_cardinality": 2396486,
                                                                            "cumulative_rows_scanned": 5110826,
                                                                            "operator_rows_scanned": 0,
                                                                            "operator_timing": 0.002098273000000004,
                                                                            "result_set_size": 105445384,
                                                                            "children": [
                                                                                {
                                                                                    "operator_name": "HASH_JOIN",
                                                                                    "cpu_time": 0.3210230519999997,
                                                                                    "extra_info": {
                                                                                        "Join Type": "RIGHT",
                                                                                        "Conditions": "owneruserid = id",
                                                                                        "Estimated Cardinality": "3850116"
                                                                                    },
                                                                                    "cumulative_cardinality": 6091074,
                                                                                    "operator_type": "HASH_JOIN",
                                                                                    "operator_cardinality": 2396486,
                                                                                    "cumulative_rows_scanned": 5110826,
                                                                                    "operator_rows_scanned": 0,
                                                                                    "operator_timing": 0.1141307879999999,
                                                                                    "result_set_size": 110238356,
                                                                                    "children": [
                                                                                        {
                                                                                            "operator_name": "READ_PARQUET ",
                                                                                            "cpu_time": 0.13510400599999983,
                                                                                            "extra_info": {
                                                                                                "Function": "READ_PARQUET",
                                                                                                "Projections": [
                                                                                                    "id",
                                                                                                    "posttypeid",
                                                                                                    "score",
                                                                                                    "owneruserid"
                                                                                                ],
                                                                                                "Estimated Cardinality": "3850116"
                                                                                            },
                                                                                            "cumulative_cardinality": 3683373,
                                                                                            "operator_type": "TABLE_SCAN",
                                                                                            "operator_cardinality": 3683373,
                                                                                            "cumulative_rows_scanned": 3850116,
                                                                                            "operator_rows_scanned": 3850116,
                                                                                            "operator_timing": 0.13510400599999983,
                                                                                            "result_set_size": 51567222,
                                                                                            "children": []
                                                                                        },
                                                                                        {
                                                                                            "operator_name": "READ_PARQUET ",
                                                                                            "cpu_time": 0.07178825799999994,
                                                                                            "extra_info": {
                                                                                                "Function": "READ_PARQUET",
                                                                                                "Projections": [
                                                                                                    "id",
                                                                                                    "reputation",
                                                                                                    "displayname",
                                                                                                    "views",
                                                                                                    "upvotes",
                                                                                                    "downvotes"
                                                                                                ],
                                                                                                "Filters": "reputation>1000",
                                                                                                "Estimated Cardinality": "252142"
                                                                                            },
                                                                                            "cumulative_cardinality": 11215,
                                                                                            "operator_type": "TABLE_SCAN",
                                                                                            "operator_cardinality": 11215,
                                                                                            "cumulative_rows_scanned": 1260710,
                                                                                            "operator_rows_scanned": 1260710,
                                                                                            "operator_timing": 0.07178825799999994,
                                                                                            "result_set_size": 403740,
                                                                                            "children": []
                                                                                        }
                                                                                    ]
                                                                                }
                                                                            ]
                                                                        }
                                                                    ]
                                                                }
                                                            ]
                                                        }
                                                    ]
                                                }
                                            ]
                                        },
                                        {
                                            "operator_name": "STREAMING_LIMIT",
                                            "cpu_time": 0.009807486999999995,
                                            "extra_info": {},
                                            "cumulative_cardinality": 16322,
                                            "operator_type": "STREAMING_LIMIT",
                                            "operator_cardinality": 10,
                                            "cumulative_rows_scanned": 414967,
                                            "operator_rows_scanned": 0,
                                            "operator_timing": 0.000002715,
                                            "result_set_size": 240,
                                            "children": [
                                                {
                                                    "operator_name": "ORDER_BY",
                                                    "cpu_time": 0.009804771999999995,
                                                    "extra_info": {
                                                        "Order By": "count(PL.PostId) DESC"
                                                    },
                                                    "cumulative_cardinality": 16312,
                                                    "operator_type": "ORDER_BY",
                                                    "operator_cardinality": 262,
                                                    "cumulative_rows_scanned": 414967,
                                                    "operator_rows_scanned": 0,
                                                    "operator_timing": 0.000055966,
                                                    "result_set_size": 6288,
                                                    "children": [
                                                        {
                                                            "operator_name": "HASH_GROUP_BY",
                                                            "cpu_time": 0.009748805999999995,
                                                            "extra_info": {
                                                                "Groups": "#0",
                                                                "Aggregates": "count_star()",
                                                                "Estimated Cardinality": "1976"
                                                            },
                                                            "cumulative_cardinality": 16050,
                                                            "operator_type": "HASH_GROUP_BY",
                                                            "operator_cardinality": 262,
                                                            "cumulative_rows_scanned": 414967,
                                                            "operator_rows_scanned": 0,
                                                            "operator_timing": 0.000263975,
                                                            "result_set_size": 6288,
                                                            "children": [
                                                                {
                                                                    "operator_name": "PROJECTION",
                                                                    "cpu_time": 0.009484830999999996,
                                                                    "extra_info": {
                                                                        "Projections": "tagname",
                                                                        "Estimated Cardinality": "412991"
                                                                    },
                                                                    "cumulative_cardinality": 15788,
                                                                    "operator_type": "PROJECTION",
                                                                    "operator_cardinality": 2657,
                                                                    "cumulative_rows_scanned": 414967,
                                                                    "operator_rows_scanned": 0,
                                                                    "operator_timing": 7.009999999999999e-7,
                                                                    "result_set_size": 42512,
                                                                    "children": [
                                                                        {
                                                                            "operator_name": "HASH_JOIN",
                                                                            "cpu_time": 0.009484129999999995,
                                                                            "extra_info": {
                                                                                "Join Type": "INNER",
                                                                                "Conditions": "relatedpostid = id",
                                                                                "Estimated Cardinality": "412991"
                                                                            },
                                                                            "cumulative_cardinality": 13131,
                                                                            "operator_type": "HASH_JOIN",
                                                                            "operator_cardinality": 2657,
                                                                            "cumulative_rows_scanned": 414967,
                                                                            "operator_rows_scanned": 0,
                                                                            "operator_timing": 0.000880949,
                                                                            "result_set_size": 63768,
                                                                            "children": [
                                                                                {
                                                                                    "operator_name": "READ_PARQUET ",
                                                                                    "cpu_time": 0.008035198999999995,
                                                                                    "extra_info": {
                                                                                        "Function": "READ_PARQUET",
                                                                                        "Projections": [
                                                                                            "postid",
                                                                                            "relatedpostid"
                                                                                        ],
                                                                                        "Filters": "relatedpostid<=7945",
                                                                                        "Estimated Cardinality": "412991"
                                                                                    },
                                                                                    "cumulative_cardinality": 8498,
                                                                                    "operator_type": "TABLE_SCAN",
                                                                                    "operator_cardinality": 8498,
                                                                                    "cumulative_rows_scanned": 412991,
                                                                                    "operator_rows_scanned": 412991,
                                                                                    "operator_timing": 0.008035198999999995,
                                                                                    "result_set_size": 67984,
                                                                                    "children": []
                                                                                },
                                                                                {
                                                                                    "operator_name": "READ_PARQUET ",
                                                                                    "cpu_time": 0.0005679820000000001,
                                                                                    "extra_info": {
                                                                                        "Function": "READ_PARQUET",
                                                                                        "Projections": [
                                                                                            "id",
                                                                                            "tagname"
                                                                                        ],
                                                                                        "Estimated Cardinality": "1976"
                                                                                    },
                                                                                    "cumulative_cardinality": 1976,
                                                                                    "operator_type": "TABLE_SCAN",
                                                                                    "operator_cardinality": 1976,
                                                                                    "cumulative_rows_scanned": 1976,
                                                                                    "operator_rows_scanned": 1976,
                                                                                    "operator_timing": 0.0005679820000000001,
                                                                                    "result_set_size": 39520,
                                                                                    "children": []
                                                                                }
                                                                            ]
                                                                        }
                                                                    ]
                                                                }
                                                            ]
                                                        }
                                                    ]
                                                }
                                            ]
                                        }
                                    ]
                                },
                                {
                                    "operator_name": "STREAMING_LIMIT",
                                    "cpu_time": 0.5562006769999998,
                                    "extra_info": {},
                                    "cumulative_cardinality": 11934040,
                                    "operator_type": "STREAMING_LIMIT",
                                    "operator_cardinality": 5,
                                    "cumulative_rows_scanned": 3582434,
                                    "operator_rows_scanned": 0,
                                    "operator_timing": 4.2099999999999997e-7,
                                    "result_set_size": 140,
                                    "children": [
                                        {
                                            "operator_name": "ORDER_BY",
                                            "cpu_time": 0.5562002559999998,
                                            "extra_info": {
                                                "Order By": "count(B.Id) DESC"
                                            },
                                            "cumulative_cardinality": 11934035,
                                            "operator_type": "ORDER_BY",
                                            "operator_cardinality": 4096,
                                            "cumulative_rows_scanned": 3582434,
                                            "operator_rows_scanned": 0,
                                            "operator_timing": 0.046698512000000005,
                                            "result_set_size": 114688,
                                            "children": [
                                                {
                                                    "operator_name": "PROJECTION",
                                                    "cpu_time": 0.5095017439999998,
                                                    "extra_info": {
                                                        "Projections": [
                                                            "name",
                                                            "BadgeCount",
                                                            "UserId"
                                                        ],
                                                        "Estimated Cardinality": "1160862"
                                                    },
                                                    "cumulative_cardinality": 11929939,
                                                    "operator_type": "PROJECTION",
                                                    "operator_cardinality": 1852048,
                                                    "cumulative_rows_scanned": 3582434,
                                                    "operator_rows_scanned": 0,
                                                    "operator_timing": 0.00015548799999999898,
                                                    "result_set_size": 51857344,
                                                    "children": [
                                                        {
                                                            "operator_name": "HASH_GROUP_BY",
                                                            "cpu_time": 0.5093462559999998,
                                                            "extra_info": {
                                                                "Groups": [
                                                                    "#0",
                                                                    "#1"
                                                                ],
                                                                "Aggregates": "count_star()",
                                                                "Estimated Cardinality": "1160862"
                                                            },
                                                            "cumulative_cardinality": 10077891,
                                                            "operator_type": "HASH_GROUP_BY",
                                                            "operator_cardinality": 1852048,
                                                            "cumulative_rows_scanned": 3582434,
                                                            "operator_rows_scanned": 0,
                                                            "operator_timing": 0.2671008380000001,
                                                            "result_set_size": 51857344,
                                                            "children": [
                                                                {
                                                                    "operator_name": "PROJECTION",
                                                                    "cpu_time": 0.2422454179999997,
                                                                    "extra_info": {
                                                                        "Projections": [
                                                                            "name",
                                                                            "id"
                                                                        ],
                                                                        "Estimated Cardinality": "2321724"
                                                                    },
                                                                    "cumulative_cardinality": 8225843,
                                                                    "operator_type": "PROJECTION",
                                                                    "operator_cardinality": 2321724,
                                                                    "cumulative_rows_scanned": 3582434,
                                                                    "operator_rows_scanned": 0,
                                                                    "operator_timing": 0.0002768029999999989,
                                                                    "result_set_size": 46434480,
                                                                    "children": [
                                                                        {
                                                                            "operator_name": "HASH_JOIN",
                                                                            "cpu_time": 0.24196861499999972,
                                                                            "extra_info": {
                                                                                "Join Type": "INNER",
                                                                                "Conditions": "userid = id",
                                                                                "Estimated Cardinality": "2321724"
                                                                            },
                                                                            "cumulative_cardinality": 5904119,
                                                                            "operator_type": "HASH_JOIN",
                                                                            "operator_cardinality": 2321724,
                                                                            "cumulative_rows_scanned": 3582434,
                                                                            "operator_rows_scanned": 0,
                                                                            "operator_timing": 0.16393261099999976,
                                                                            "result_set_size": 55721376,
                                                                            "children": [
                                                                                {
                                                                                    "operator_name": "READ_PARQUET ",
                                                                                    "cpu_time": 0.06567468399999997,
                                                                                    "extra_info": {
                                                                                        "Function": "READ_PARQUET",
                                                                                        "Projections": [
                                                                                            "id",
                                                                                            "userid",
                                                                                            "name"
                                                                                        ],
                                                                                        "Estimated Cardinality": "2321724"
                                                                                    },
                                                                                    "cumulative_cardinality": 2321724,
                                                                                    "operator_type": "TABLE_SCAN",
                                                                                    "operator_cardinality": 2321724,
                                                                                    "cumulative_rows_scanned": 2321724,
                                                                                    "operator_rows_scanned": 2321724,
                                                                                    "operator_timing": 0.06567468399999997,
                                                                                    "result_set_size": 55721376,
                                                                                    "children": []
                                                                                },
                                                                                {
                                                                                    "operator_name": "READ_PARQUET ",
                                                                                    "cpu_time": 0.01236132000000001,
                                                                                    "extra_info": {
                                                                                        "Function": "READ_PARQUET",
                                                                                        "Projections": "id",
                                                                                        "Filters": "id>=2 AND id<=1416532",
                                                                                        "Estimated Cardinality": "1260710"
                                                                                    },
                                                                                    "cumulative_cardinality": 1260671,
                                                                                    "operator_type": "TABLE_SCAN",
                                                                                    "operator_cardinality": 1260671,
                                                                                    "cumulative_rows_scanned": 1260710,
                                                                                    "operator_rows_scanned": 1260710,
                                                                                    "operator_timing": 0.01236132000000001,
                                                                                    "result_set_size": 5042684,
                                                                                    "children": []
                                                                                }
                                                                            ]
                                                                        }
                                                                    ]
                                                                }
                                                            ]
                                                        }
                                                    ]
                                                }
                                            ]
                                        }
                                    ]
                                }
                            ]
                        }
                    ]
                }
            ]
        }
    ]
}