{
    "rows_returned": 10,
    "query_name": "WITH UserBadgeCounts AS (\n    SELECT \n        u.Id AS UserId, \n        COUNT(b.Id) AS BadgeCount\n    FROM \n        Users u\n    LEFT JOIN \n        Badges b ON u.Id = b.UserId\n    GROUP BY \n        u.Id\n),\nPostStats AS (\n    SELECT \n        p.OwnerUserId,\n        COUNT(p.Id) AS PostCount,\n        SUM(p.Score) AS TotalScore,\n        AVG(p.ViewCount) AS AverageViews\n    FROM \n        Posts p\n    WHERE \n        p.CreationDate >= cast('2024-10-01 12:34:56' as timestamp) - INTERVAL '1 year'\n    GROUP BY \n        p.OwnerUserId\n),\nActiveUsers AS (\n    SELECT \n        Users.Id, \n        Users.DisplayName, \n        COALESCE(ub.BadgeCount, 0) AS BadgeCount, \n        COALESCE(ps.PostCount, 0) AS PostCount, \n        COALESCE(ps.TotalScore, 0) AS TotalScore, \n        COALESCE(ps.AverageViews, 0) AS AverageViews\n    FROM \n        Users\n    LEFT JOIN \n        UserBadgeCounts ub ON Users.Id = ub.UserId\n    LEFT JOIN \n        PostStats ps ON Users.Id = ps.OwnerUserId\n)\nSELECT \n    au.Id,\n    au.DisplayName,\n    au.BadgeCount,\n    au.PostCount,\n    au.TotalScore,\n    au.AverageViews\nFROM \n    ActiveUsers au\nWHERE \n    au.BadgeCount > 0 \n    AND au.PostCount > 3 \nORDER BY \n    au.TotalScore DESC, \n    au.AverageViews DESC\nLIMIT 10;",
    "blocked_thread_time": 0.0,
    "cpu_time": 0.5619693029999997,
    "extra_info": {},
    "cumulative_cardinality": 16099197,
    "cumulative_rows_scanned": 8693260,
    "result_set_size": 600,
    "latency": 0.643998519,
    "children": [
        {
            "operator_name": "STREAMING_LIMIT",
            "cpu_time": 0.5619693029999997,
            "extra_info": {},
            "cumulative_cardinality": 16099197,
            "operator_type": "STREAMING_LIMIT",
            "operator_cardinality": 10,
            "cumulative_rows_scanned": 8693260,
            "operator_rows_scanned": 0,
            "operator_timing": 0.000001462,
            "result_set_size": 600,
            "children": [
                {
                    "operator_name": "ORDER_BY",
                    "cpu_time": 0.5619678409999997,
                    "extra_info": {
                        "Order By": [
                            "au.TotalScore DESC",
                            "au.AverageViews DESC"
                        ]
                    },
                    "cumulative_cardinality": 16099187,
                    "operator_type": "ORDER_BY",
                    "operator_cardinality": 4096,
                    "cumulative_rows_scanned": 8693260,
                    "operator_rows_scanned": 0,
                    "operator_timing": 0.0005287250000000001,
                    "result_set_size": 245760,
                    "children": [
                        {
                            "operator_name": "PROJECTION",
                            "cpu_time": 0.5614391159999997,
                            "extra_info": {
                                "Projections": [
                                    "id",
                                    "displayname",
                                    "BadgeCount",
                                    "PostCount",
                                    "TotalScore",
                                    "AverageViews"
                                ],
                                "Estimated Cardinality": "15400"
                            },
                            "cumulative_cardinality": 16095091,
                            "operator_type": "PROJECTION",
                            "operator_cardinality": 6529,
                            "cumulative_rows_scanned": 8693260,
                            "operator_rows_scanned": 0,
                            "operator_timing": 0.0006535219999999999,
                            "result_set_size": 391740,
                            "children": [
                                {
                                    "operator_name": "HASH_JOIN",
                                    "cpu_time": 0.5607855939999997,
                                    "extra_info": {
                                        "Join Type": "INNER",
                                        "Conditions": "UserId = id",
                                        "Estimated Cardinality": "15400"
                                    },
                                    "cumulative_cardinality": 16088562,
                                    "operator_type": "HASH_JOIN",
                                    "operator_cardinality": 6529,
                                    "cumulative_rows_scanned": 8693260,
                                    "operator_rows_scanned": 0,
                                    "operator_timing": 0.006576126000000002,
                                    "result_set_size": 391740,
                                    "children": [
                                        {
                                            "operator_name": "FILTER",
                                            "cpu_time": 0.41756644499999984,
                                            "extra_info": {
                                                "Expression": "(COALESCE(BadgeCount, 0) > 0)",
                                                "Estimated Cardinality": "252142"
                                            },
                                            "cumulative_cardinality": 14492311,
                                            "operator_type": "FILTER",
                                            "operator_cardinality": 549021,
                                            "cumulative_rows_scanned": 3582434,
                                            "operator_rows_scanned": 0,
                                            "operator_timing": 0.009104182000000011,
                                            "result_set_size": 6588252,
                                            "children": [
                                                {
                                                    "operator_name": "HASH_GROUP_BY",
                                                    "cpu_time": 0.4084622629999998,
                                                    "extra_info": {
                                                        "Groups": "#0",
                                                        "Aggregates": "count(#1)",
                                                        "Estimated Cardinality": "1260710"
                                                    },
                                                    "cumulative_cardinality": 13943290,
                                                    "operator_type": "HASH_GROUP_BY",
                                                    "operator_cardinality": 1260679,
                                                    "cumulative_rows_scanned": 3582434,
                                                    "operator_rows_scanned": 0,
                                                    "operator_timing": 0.17640606,
                                                    "result_set_size": 15128148,
                                                    "children": [
                                                        {
                                                            "operator_name": "PROJECTION",
                                                            "cpu_time": 0.23205620299999982,
                                                            "extra_info": {
                                                                "Projections": [
                                                                    "id",
                                                                    "id"
                                                                ],
                                                                "Estimated Cardinality": "2321724"
                                                            },
                                                            "cumulative_cardinality": 12682611,
                                                            "operator_type": "PROJECTION",
                                                            "operator_cardinality": 3033382,
                                                            "cumulative_rows_scanned": 3582434,
                                                            "operator_rows_scanned": 0,
                                                            "operator_timing": 0.00031437899999999907,
                                                            "result_set_size": 24267056,
                                                            "children": [
                                                                {
                                                                    "operator_name": "FILTER",
                                                                    "cpu_time": 0.23174182399999982,
                                                                    "extra_info": {
                                                                        "Expression": "(id <= 1416539)",
                                                                        "Estimated Cardinality": "2321724"
                                                                    },
                                                                    "cumulative_cardinality": 9649229,
                                                                    "operator_type": "FILTER",
                                                                    "operator_cardinality": 3033382,
                                                                    "cumulative_rows_scanned": 3582434,
                                                                    "operator_rows_scanned": 0,
                                                                    "operator_timing": 0.0037456580000000007,
                                                                    "result_set_size": 24267056,
                                                                    "children": [
                                                                        {
                                                                            "operator_name": "HASH_JOIN",
                                                                            "cpu_time": 0.2279961659999998,
                                                                            "extra_info": {
                                                                                "Join Type": "RIGHT",
                                                                                "Conditions": "userid = id",
                                                                                "Estimated Cardinality": "2321724"
                                                                            },
                                                                            "cumulative_cardinality": 6615847,
                                                                            "operator_type": "HASH_JOIN",
                                                                            "operator_cardinality": 3033413,
                                                                            "cumulative_rows_scanned": 3582434,
                                                                            "operator_rows_scanned": 0,
                                                                            "operator_timing": 0.17477840799999986,
                                                                            "result_set_size": 24267304,
                                                                            "children": [
                                                                                {
                                                                                    "operator_name": "READ_PARQUET ",
                                                                                    "cpu_time": 0.04666748399999995,
                                                                                    "extra_info": {
                                                                                        "Function": "READ_PARQUET",
                                                                                        "Projections": [
                                                                                            "id",
                                                                                            "userid"
                                                                                        ],
                                                                                        "Estimated Cardinality": "2321724"
                                                                                    },
                                                                                    "cumulative_cardinality": 2321724,
                                                                                    "operator_type": "TABLE_SCAN",
                                                                                    "operator_cardinality": 2321724,
                                                                                    "cumulative_rows_scanned": 2321724,
                                                                                    "operator_rows_scanned": 2321724,
                                                                                    "operator_timing": 0.04666748399999995,
                                                                                    "result_set_size": 18573792,
                                                                                    "children": []
                                                                                },
                                                                                {
                                                                                    "operator_name": "READ_PARQUET ",
                                                                                    "cpu_time": 0.006550274000000006,
                                                                                    "extra_info": {
                                                                                        "Function": "READ_PARQUET",
                                                                                        "Projections": "id",
                                                                                        "Estimated Cardinality": "1260710"
                                                                                    },
                                                                                    "cumulative_cardinality": 1260710,
                                                                                    "operator_type": "TABLE_SCAN",
                                                                                    "operator_cardinality": 1260710,
                                                                                    "cumulative_rows_scanned": 1260710,
                                                                                    "operator_rows_scanned": 1260710,
                                                                                    "operator_timing": 0.006550274000000006,
                                                                                    "result_set_size": 5042840,
                                                                                    "children": []
                                                                                }
                                                                            ]
                                                                        }
                                                                    ]
                                                                }
                                                            ]
                                                        }
                                                    ]
                                                }
                                            ]
                                        },
                                        {
                                            "operator_name": "HASH_JOIN",
                                            "cpu_time": 0.13664302299999992,
                                            "extra_info": {
                                                "Join Type": "INNER",
                                                "Conditions": "id = owneruserid",
                                                "Estimated Cardinality": "77002"
                                            },
                                            "cumulative_cardinality": 1589722,
                                            "operator_type": "HASH_JOIN",
                                            "operator_cardinality": 6530,
                                            "cumulative_rows_scanned": 5110826,
                                            "operator_rows_scanned": 0,
                                            "operator_timing": 0.015587022000000056,
                                            "result_set_size": 339560,
                                            "children": [
                                                {
                                                    "operator_name": "READ_PARQUET ",
                                                    "cpu_time": 0.08649330699999987,
                                                    "extra_info": {
                                                        "Function": "READ_PARQUET",
                                                        "Projections": [
                                                            "id",
                                                            "displayname"
                                                        ],
                                                        "Filters": "id<=1416539",
                                                        "Estimated Cardinality": "1260710"
                                                    },
                                                    "cumulative_cardinality": 1253124,
                                                    "operator_type": "TABLE_SCAN",
                                                    "operator_cardinality": 1253124,
                                                    "cumulative_rows_scanned": 1260710,
                                                    "operator_rows_scanned": 1260710,
                                                    "operator_timing": 0.08649330699999987,
                                                    "result_set_size": 25062480,
                                                    "children": []
                                                },
                                                {
                                                    "operator_name": "FILTER",
                                                    "cpu_time": 0.034562694000000005,
                                                    "extra_info": {
                                                        "Expression": "(COALESCE(PostCount, 0) > 3)",
                                                        "Estimated Cardinality": "77002"
                                                    },
                                                    "cumulative_cardinality": 330068,
                                                    "operator_type": "FILTER",
                                                    "operator_cardinality": 6531,
                                                    "cumulative_rows_scanned": 3850116,
                                                    "operator_rows_scanned": 0,
                                                    "operator_timing": 0.00030511000000000004,
                                                    "result_set_size": 235116,
                                                    "children": [
                                                        {
                                                            "operator_name": "HASH_GROUP_BY",
                                                            "cpu_time": 0.03425758400000001,
                                                            "extra_info": {
                                                                "Groups": "#0",
                                                                "Aggregates": [
                                                                    "count_star()",
                                                                    "sum(#1)",
                                                                    "avg(#2)"
                                                                ],
                                                                "Estimated Cardinality": "385011"
                                                            },
                                                            "cumulative_cardinality": 323537,
                                                            "operator_type": "HASH_GROUP_BY",
                                                            "operator_cardinality": 32453,
                                                            "cumulative_rows_scanned": 3850116,
                                                            "operator_rows_scanned": 0,
                                                            "operator_timing": 0.005774767000000001,
                                                            "result_set_size": 1168308,
                                                            "children": [
                                                                {
                                                                    "operator_name": "PROJECTION",
                                                                    "cpu_time": 0.028482817000000007,
                                                                    "extra_info": {
                                                                        "Projections": [
                                                                            "owneruserid",
                                                                            "score",
                                                                            "viewcount"
                                                                        ],
                                                                        "Estimated Cardinality": "770023"
                                                                    },
                                                                    "cumulative_cardinality": 291084,
                                                                    "operator_type": "PROJECTION",
                                                                    "operator_cardinality": 145542,
                                                                    "cumulative_rows_scanned": 3850116,
                                                                    "operator_rows_scanned": 0,
                                                                    "operator_timing": 0.00001886,
                                                                    "result_set_size": 1746504,
                                                                    "children": [
                                                                        {
                                                                            "operator_name": "READ_PARQUET ",
                                                                            "cpu_time": 0.02846395700000001,
                                                                            "extra_info": {
                                                                                "Function": "READ_PARQUET",
                                                                                "Projections": [
                                                                                    "id",
                                                                                    "score",
                                                                                    "viewcount",
                                                                                    "owneruserid"
                                                                                ],
                                                                                "Filters": "creationdate>='2023-10-01 12:34:56'::TIMESTAMP",
                                                                                "Estimated Cardinality": "770023"
                                                                            },
                                                                            "cumulative_cardinality": 145542,
                                                                            "operator_type": "TABLE_SCAN",
                                                                            "operator_cardinality": 145542,
                                                                            "cumulative_rows_scanned": 3850116,
                                                                            "operator_rows_scanned": 3850116,
                                                                            "operator_timing": 0.02846395700000001,
                                                                            "result_set_size": 2328672,
                                                                            "children": []
                                                                        }
                                                                    ]
                                                                }
                                                            ]
                                                        }
                                                    ]
                                                }
                                            ]
                                        }
                                    ]
                                }
                            ]
                        }
                    ]
                }
            ]
        }
    ]
}