{
    "rows_returned": 10,
    "query_name": "WITH UserBadgeCounts AS (\n    SELECT \n        u.Id AS UserId,\n        COUNT(b.Id) AS BadgeCount\n    FROM \n        Users u\n    LEFT JOIN \n        Badges b ON u.Id = b.UserId\n    GROUP BY \n        u.Id\n),\nPostMetrics AS (\n    SELECT \n        p.OwnerUserId,\n        COUNT(p.Id) AS PostCount,\n        SUM(p.Score) AS TotalScore,\n        SUM(CASE WHEN p.PostTypeId = 1 THEN 1 ELSE 0 END) AS QuestionCount,\n        SUM(CASE WHEN p.PostTypeId = 2 THEN 1 ELSE 0 END) AS AnswerCount,\n        SUM(CASE WHEN p.ViewCount > 100 THEN 1 ELSE 0 END) AS PopularPostCount\n    FROM \n        Posts p\n    GROUP BY \n        p.OwnerUserId\n),\nTopUsers AS (\n    SELECT \n        u.Id,\n        u.DisplayName,\n        COALESCE(pc.PostCount, 0) AS PostCount,\n        COALESCE(pc.TotalScore, 0) AS TotalScore,\n        COALESCE(uc.BadgeCount, 0) AS BadgeCount\n    FROM \n        Users u\n    LEFT JOIN \n        PostMetrics pc ON u.Id = pc.OwnerUserId\n    LEFT JOIN \n        UserBadgeCounts uc ON u.Id = uc.UserId\n    WHERE \n        u.Reputation > 1000\n)\nSELECT \n    tu.DisplayName,\n    tu.PostCount,\n    tu.TotalScore,\n    tu.BadgeCount,\n    CASE \n        WHEN tu.PostCount > 50 THEN 'High Contributor'\n        WHEN tu.PostCount BETWEEN 20 AND 50 THEN 'Moderate Contributor'\n        ELSE 'New Contributor'\n    END AS ContributorLevel\nFROM \n    TopUsers tu\nORDER BY \n    tu.TotalScore DESC, \n    tu.PostCount DESC\nLIMIT 10;\n",
    "blocked_thread_time": 0.0,
    "cpu_time": 0.6806600100000002,
    "extra_info": {},
    "cumulative_cardinality": 19042015,
    "cumulative_rows_scanned": 8693260,
    "result_set_size": 640,
    "latency": 0.729935521,
    "children": [
        {
            "operator_name": "STREAMING_LIMIT",
            "cpu_time": 0.6806600100000002,
            "extra_info": {},
            "cumulative_cardinality": 19042015,
            "operator_type": "STREAMING_LIMIT",
            "operator_cardinality": 10,
            "cumulative_rows_scanned": 8693260,
            "operator_rows_scanned": 0,
            "operator_timing": 0.000001683,
            "result_set_size": 640,
            "children": [
                {
                    "operator_name": "ORDER_BY",
                    "cpu_time": 0.6806583270000002,
                    "extra_info": {
                        "Order By": [
                            "tu.TotalScore DESC",
                            "tu.PostCount DESC"
                        ]
                    },
                    "cumulative_cardinality": 19042005,
                    "operator_type": "ORDER_BY",
                    "operator_cardinality": 4096,
                    "cumulative_rows_scanned": 8693260,
                    "operator_rows_scanned": 0,
                    "operator_timing": 0.0015891699999999998,
                    "result_set_size": 262144,
                    "children": [
                        {
                            "operator_name": "PROJECTION",
                            "cpu_time": 0.6790691570000001,
                            "extra_info": {
                                "Projections": [
                                    "displayname",
                                    "PostCount",
                                    "TotalScore",
                                    "BadgeCount",
                                    "ContributorLevel"
                                ],
                                "Estimated Cardinality": "1925058"
                            },
                            "cumulative_cardinality": 19037909,
                            "operator_type": "PROJECTION",
                            "operator_cardinality": 11215,
                            "cumulative_rows_scanned": 8693260,
                            "operator_rows_scanned": 0,
                            "operator_timing": 0.0004384929999999999,
                            "result_set_size": 717760,
                            "children": [
                                {
                                    "operator_name": "PROJECTION",
                                    "cpu_time": 0.6786306640000002,
                                    "extra_info": {
                                        "Projections": [
                                            "displayname",
                                            "PostCount",
                                            "TotalScore",
                                            "BadgeCount"
                                        ],
                                        "Estimated Cardinality": "1925058"
                                    },
                                    "cumulative_cardinality": 19026694,
                                    "operator_type": "PROJECTION",
                                    "operator_cardinality": 11215,
                                    "cumulative_rows_scanned": 8693260,
                                    "operator_rows_scanned": 0,
                                    "operator_timing": 0.00121672,
                                    "result_set_size": 538320,
                                    "children": [
                                        {
                                            "operator_name": "HASH_JOIN",
                                            "cpu_time": 0.6774139440000002,
                                            "extra_info": {
                                                "Join Type": "LEFT",
                                                "Conditions": "id = UserId",
                                                "Estimated Cardinality": "1925058"
                                            },
                                            "cumulative_cardinality": 19015479,
                                            "operator_type": "HASH_JOIN",
                                            "operator_cardinality": 11215,
                                            "cumulative_rows_scanned": 8693260,
                                            "operator_rows_scanned": 0,
                                            "operator_timing": 0.050228226999999986,
                                            "result_set_size": 538320,
                                            "children": [
                                                {
                                                    "operator_name": "HASH_JOIN",
                                                    "cpu_time": 0.22903774199999996,
                                                    "extra_info": {
                                                        "Join Type": "RIGHT",
                                                        "Conditions": "owneruserid = id",
                                                        "Estimated Cardinality": "1925058"
                                                    },
                                                    "cumulative_cardinality": 8094294,
                                                    "operator_type": "HASH_JOIN",
                                                    "operator_cardinality": 11215,
                                                    "cumulative_rows_scanned": 5110826,
                                                    "operator_rows_scanned": 0,
                                                    "operator_timing": 0.008412303999999994,
                                                    "result_set_size": 493460,
                                                    "children": [
                                                        {
                                                            "operator_name": "HASH_GROUP_BY",
                                                            "cpu_time": 0.16719346499999999,
                                                            "extra_info": {
                                                                "Groups": "#0",
                                                                "Aggregates": [
                                                                    "count_star()",
                                                                    "sum(#1)"
                                                                ],
                                                                "Estimated Cardinality": "1925058"
                                                            },
                                                            "cumulative_cardinality": 8071864,
                                                            "operator_type": "HASH_GROUP_BY",
                                                            "operator_cardinality": 371632,
                                                            "cumulative_rows_scanned": 3850116,
                                                            "operator_rows_scanned": 0,
                                                            "operator_timing": 0.10334581500000001,
                                                            "result_set_size": 10405696,
                                                            "children": [
                                                                {
                                                                    "operator_name": "PROJECTION",
                                                                    "cpu_time": 0.06384764999999996,
                                                                    "extra_info": {
                                                                        "Projections": [
                                                                            "owneruserid",
                                                                            "score"
                                                                        ],
                                                                        "Estimated Cardinality": "3850116"
                                                                    },
                                                                    "cumulative_cardinality": 7700232,
                                                                    "operator_type": "PROJECTION",
                                                                    "operator_cardinality": 3850116,
                                                                    "cumulative_rows_scanned": 3850116,
                                                                    "operator_rows_scanned": 0,
                                                                    "operator_timing": 0.0003267060000000013,
                                                                    "result_set_size": 30800928,
                                                                    "children": [
                                                                        {
                                                                            "operator_name": "READ_PARQUET ",
                                                                            "cpu_time": 0.06352094399999997,
                                                                            "extra_info": {
                                                                                "Function": "READ_PARQUET",
                                                                                "Projections": [
                                                                                    "id",
                                                                                    "score",
                                                                                    "owneruserid"
                                                                                ],
                                                                                "Estimated Cardinality": "3850116"
                                                                            },
                                                                            "cumulative_cardinality": 3850116,
                                                                            "operator_type": "TABLE_SCAN",
                                                                            "operator_cardinality": 3850116,
                                                                            "cumulative_rows_scanned": 3850116,
                                                                            "operator_rows_scanned": 3850116,
                                                                            "operator_timing": 0.06352094399999997,
                                                                            "result_set_size": 46201392,
                                                                            "children": []
                                                                        }
                                                                    ]
                                                                }
                                                            ]
                                                        },
                                                        {
                                                            "operator_name": "READ_PARQUET ",
                                                            "cpu_time": 0.053431973,
                                                            "extra_info": {
                                                                "Function": "READ_PARQUET",
                                                                "Projections": [
                                                                    "id",
                                                                    "displayname"
                                                                ],
                                                                "Filters": "reputation>1000",
                                                                "Estimated Cardinality": "252142"
                                                            },
                                                            "cumulative_cardinality": 11215,
                                                            "operator_type": "TABLE_SCAN",
                                                            "operator_cardinality": 11215,
                                                            "cumulative_rows_scanned": 1260710,
                                                            "operator_rows_scanned": 1260710,
                                                            "operator_timing": 0.053431973,
                                                            "result_set_size": 224300,
                                                            "children": []
                                                        }
                                                    ]
                                                },
                                                {
                                                    "operator_name": "HASH_GROUP_BY",
                                                    "cpu_time": 0.3981479750000002,
                                                    "extra_info": {
                                                        "Groups": "#0",
                                                        "Aggregates": "count(#1)",
                                                        "Estimated Cardinality": "1260710"
                                                    },
                                                    "cumulative_cardinality": 10909970,
                                                    "operator_type": "HASH_GROUP_BY",
                                                    "operator_cardinality": 1260710,
                                                    "cumulative_rows_scanned": 3582434,
                                                    "operator_rows_scanned": 0,
                                                    "operator_timing": 0.1700623240000001,
                                                    "result_set_size": 15128520,
                                                    "children": [
                                                        {
                                                            "operator_name": "PROJECTION",
                                                            "cpu_time": 0.2280856510000001,
                                                            "extra_info": {
                                                                "Projections": [
                                                                    "id",
                                                                    "id"
                                                                ],
                                                                "Estimated Cardinality": "2321724"
                                                            },
                                                            "cumulative_cardinality": 9649260,
                                                            "operator_type": "PROJECTION",
                                                            "operator_cardinality": 3033413,
                                                            "cumulative_rows_scanned": 3582434,
                                                            "operator_rows_scanned": 0,
                                                            "operator_timing": 0.0003495859999999985,
                                                            "result_set_size": 24267304,
                                                            "children": [
                                                                {
                                                                    "operator_name": "HASH_JOIN",
                                                                    "cpu_time": 0.22773606500000013,
                                                                    "extra_info": {
                                                                        "Join Type": "RIGHT",
                                                                        "Conditions": "userid = id",
                                                                        "Estimated Cardinality": "2321724"
                                                                    },
                                                                    "cumulative_cardinality": 6615847,
                                                                    "operator_type": "HASH_JOIN",
                                                                    "operator_cardinality": 3033413,
                                                                    "cumulative_rows_scanned": 3582434,
                                                                    "operator_rows_scanned": 0,
                                                                    "operator_timing": 0.17412518800000015,
                                                                    "result_set_size": 24267304,
                                                                    "children": [
                                                                        {
                                                                            "operator_name": "READ_PARQUET ",
                                                                            "cpu_time": 0.04671622699999997,
                                                                            "extra_info": {
                                                                                "Function": "READ_PARQUET",
                                                                                "Projections": [
                                                                                    "id",
                                                                                    "userid"
                                                                                ],
                                                                                "Estimated Cardinality": "2321724"
                                                                            },
                                                                            "cumulative_cardinality": 2321724,
                                                                            "operator_type": "TABLE_SCAN",
                                                                            "operator_cardinality": 2321724,
                                                                            "cumulative_rows_scanned": 2321724,
                                                                            "operator_rows_scanned": 2321724,
                                                                            "operator_timing": 0.04671622699999997,
                                                                            "result_set_size": 18573792,
                                                                            "children": []
                                                                        },
                                                                        {
                                                                            "operator_name": "READ_PARQUET ",
                                                                            "cpu_time": 0.006894650000000004,
                                                                            "extra_info": {
                                                                                "Function": "READ_PARQUET",
                                                                                "Projections": "id",
                                                                                "Estimated Cardinality": "1260710"
                                                                            },
                                                                            "cumulative_cardinality": 1260710,
                                                                            "operator_type": "TABLE_SCAN",
                                                                            "operator_cardinality": 1260710,
                                                                            "cumulative_rows_scanned": 1260710,
                                                                            "operator_rows_scanned": 1260710,
                                                                            "operator_timing": 0.006894650000000004,
                                                                            "result_set_size": 5042840,
                                                                            "children": []
                                                                        }
                                                                    ]
                                                                }
                                                            ]
                                                        }
                                                    ]
                                                }
                                            ]
                                        }
                                    ]
                                }
                            ]
                        }
                    ]
                }
            ]
        }
    ]
}