{
    "rows_returned": 43781,
    "query_name": "WITH UserBadgeCounts AS (\n    SELECT \n        U.Id AS UserId,\n        COUNT(B.Id) AS BadgeCount\n    FROM \n        Users U\n    LEFT JOIN \n        Badges B ON U.Id = B.UserId\n    GROUP BY \n        U.Id\n),\nPostVoteStats AS (\n    SELECT \n        P.Id AS PostId,\n        COUNT(V.Id) AS VoteCount,\n        SUM(CASE WHEN V.VoteTypeId = 2 THEN 1 ELSE 0 END) AS UpVotes,\n        SUM(CASE WHEN V.VoteTypeId = 3 THEN 1 ELSE 0 END) AS DownVotes\n    FROM \n        Posts P\n    LEFT JOIN \n        Votes V ON P.Id = V.PostId\n    GROUP BY \n        P.Id\n),\nClosedPostDetails AS (\n    SELECT \n        P.Id AS PostId,\n        COUNT(PH.Id) AS CloseCount,\n        MAX(PH.CreationDate) AS LastClosedDate\n    FROM \n        Posts P\n    JOIN \n        PostHistory PH ON P.Id = PH.PostId\n    WHERE \n        PH.PostHistoryTypeId = 10\n    GROUP BY \n        P.Id\n),\nUserPostStats AS (\n    SELECT \n        U.Id AS UserId,\n        COUNT(P.Id) AS TotalPosts,\n        COALESCE(CLOSED.CloseCount, 0) AS ClosedPosts,\n        COALESCE(PS.VoteCount, 0) AS TotalVotes,\n        COALESCE(PS.UpVotes, 0) AS TotalUpVotes,\n        COALESCE(PS.DownVotes, 0) AS TotalDownVotes,\n        COALESCE(UBC.BadgeCount, 0) AS BadgeCount\n    FROM \n        Users U\n    LEFT JOIN \n        Posts P ON U.Id = P.OwnerUserId\n    LEFT JOIN \n        PostVoteStats PS ON P.Id = PS.PostId\n    LEFT JOIN \n        ClosedPostDetails CLOSED ON P.Id = CLOSED.PostId\n    LEFT JOIN \n        UserBadgeCounts UBC ON U.Id = UBC.UserId\n    GROUP BY \n        U.Id, CLOSED.CloseCount, PS.VoteCount, PS.UpVotes, PS.DownVotes, UBC.BadgeCount\n)\nSELECT \n    U.DisplayName,\n    U.Reputation,\n    U.CreationDate,\n    USP.TotalPosts,\n    USP.ClosedPosts,\n    USP.TotalVotes,\n    USP.TotalUpVotes,\n    USP.TotalDownVotes,\n    USP.BadgeCount\nFROM \n    UserPostStats USP\nJOIN \n    Users U ON USP.UserId = U.Id\nWHERE \n    USP.TotalPosts > 10\nORDER BY \n    U.Reputation DESC, USP.TotalPosts DESC;\n",
    "blocked_thread_time": 0.0,
    "cpu_time": 4.160802150000003,
    "extra_info": {},
    "cumulative_cardinality": 89683934,
    "cumulative_rows_scanned": 42193539,
    "result_set_size": 4027852,
    "latency": 4.723050301,
    "children": [
        {
            "operator_name": "ORDER_BY",
            "cpu_time": 4.160802150000003,
            "extra_info": {
                "Order By": [
                    "U.Reputation DESC",
                    "USP.TotalPosts DESC"
                ]
            },
            "cumulative_cardinality": 89683934,
            "operator_type": "ORDER_BY",
            "operator_cardinality": 43781,
            "cumulative_rows_scanned": 42193539,
            "operator_rows_scanned": 0,
            "operator_timing": 0.003430305000000002,
            "result_set_size": 4027852,
            "children": [
                {
                    "operator_name": "PROJECTION",
                    "cpu_time": 4.157371845000003,
                    "extra_info": {
                        "Projections": [
                            "displayname",
                            "reputation",
                            "creationdate",
                            "TotalPosts",
                            "ClosedPosts",
                            "TotalVotes",
                            "TotalUpVotes",
                            "TotalDownVotes",
                            "BadgeCount"
                        ],
                        "Estimated Cardinality": "252142"
                    },
                    "cumulative_cardinality": 89640153,
                    "operator_type": "PROJECTION",
                    "operator_cardinality": 43781,
                    "cumulative_rows_scanned": 42193539,
                    "operator_rows_scanned": 0,
                    "operator_timing": 0.00008157500000000002,
                    "result_set_size": 4027852,
                    "children": [
                        {
                            "operator_name": "HASH_JOIN",
                            "cpu_time": 4.1572902700000025,
                            "extra_info": {
                                "Join Type": "INNER",
                                "Conditions": "id = UserId",
                                "Estimated Cardinality": "252142"
                            },
                            "cumulative_cardinality": 89596372,
                            "operator_type": "HASH_JOIN",
                            "operator_cardinality": 43781,
                            "cumulative_rows_scanned": 42193539,
                            "operator_rows_scanned": 0,
                            "operator_timing": 0.014840719999999984,
                            "result_set_size": 4027852,
                            "children": [
                                {
                                    "operator_name": "READ_PARQUET ",
                                    "cpu_time": 0.10674712999999995,
                                    "extra_info": {
                                        "Function": "READ_PARQUET",
                                        "Projections": [
                                            "id",
                                            "reputation",
                                            "creationdate",
                                            "displayname"
                                        ],
                                        "Estimated Cardinality": "1260710"
                                    },
                                    "cumulative_cardinality": 1221425,
                                    "operator_type": "TABLE_SCAN",
                                    "operator_cardinality": 1221425,
                                    "cumulative_rows_scanned": 1260710,
                                    "operator_rows_scanned": 1260710,
                                    "operator_timing": 0.10674712999999995,
                                    "result_set_size": 39085600,
                                    "children": []
                                },
                                {
                                    "operator_name": "PROJECTION",
                                    "cpu_time": 4.0357024200000025,
                                    "extra_info": {
                                        "Projections": [
                                            "UserId",
                                            "TotalPosts",
                                            "ClosedPosts",
                                            "TotalVotes",
                                            "TotalUpVotes",
                                            "TotalDownVotes",
                                            "BadgeCount"
                                        ],
                                        "Estimated Cardinality": "252142"
                                    },
                                    "cumulative_cardinality": 88331166,
                                    "operator_type": "PROJECTION",
                                    "operator_cardinality": 43781,
                                    "cumulative_rows_scanned": 40932829,
                                    "operator_rows_scanned": 0,
                                    "operator_timing": 0.004421447,
                                    "result_set_size": 2977108,
                                    "children": [
                                        {
                                            "operator_name": "FILTER",
                                            "cpu_time": 4.031280973000002,
                                            "extra_info": {
                                                "Expression": "(TotalPosts > 10)",
                                                "Estimated Cardinality": "252142"
                                            },
                                            "cumulative_cardinality": 88287385,
                                            "operator_type": "FILTER",
                                            "operator_cardinality": 43781,
                                            "cumulative_rows_scanned": 40932829,
                                            "operator_rows_scanned": 0,
                                            "operator_timing": 0.0035589360000000065,
                                            "result_set_size": 2977108,
                                            "children": [
                                                {
                                                    "operator_name": "HASH_GROUP_BY",
                                                    "cpu_time": 4.027722037000002,
                                                    "extra_info": {
                                                        "Groups": [
                                                            "#0",
                                                            "#1",
                                                            "#2",
                                                            "#3",
                                                            "#4",
                                                            "#5"
                                                        ],
                                                        "Aggregates": "count(#6)",
                                                        "Estimated Cardinality": "1260710"
                                                    },
                                                    "cumulative_cardinality": 88243604,
                                                    "operator_type": "HASH_GROUP_BY",
                                                    "operator_cardinality": 2023308,
                                                    "cumulative_rows_scanned": 40932829,
                                                    "operator_rows_scanned": 0,
                                                    "operator_timing": 0.5343277579999999,
                                                    "result_set_size": 137584944,
                                                    "children": [
                                                        {
                                                            "operator_name": "PROJECTION",
                                                            "cpu_time": 3.4933942790000017,
                                                            "extra_info": {
                                                                "Projections": [
                                                                    "id",
                                                                    "CloseCount",
                                                                    "VoteCount",
                                                                    "UpVotes",
                                                                    "DownVotes",
                                                                    "BadgeCount",
                                                                    "id"
                                                                ],
                                                                "Estimated Cardinality": "3850116"
                                                            },
                                                            "cumulative_cardinality": 86220296,
                                                            "operator_type": "PROJECTION",
                                                            "operator_cardinality": 4574495,
                                                            "cumulative_rows_scanned": 40932829,
                                                            "operator_rows_scanned": 0,
                                                            "operator_timing": 0.001469620000000001,
                                                            "result_set_size": 292767680,
                                                            "children": [
                                                                {
                                                                    "operator_name": "HASH_JOIN",
                                                                    "cpu_time": 3.4919246590000017,
                                                                    "extra_info": {
                                                                        "Join Type": "LEFT",
                                                                        "Conditions": "id = UserId",
                                                                        "Estimated Cardinality": "3850116"
                                                                    },
                                                                    "cumulative_cardinality": 81645801,
                                                                    "operator_type": "HASH_JOIN",
                                                                    "operator_cardinality": 4574495,
                                                                    "cumulative_rows_scanned": 40932829,
                                                                    "operator_rows_scanned": 0,
                                                                    "operator_timing": 0.22317073500000006,
                                                                    "result_set_size": 292767680,
                                                                    "children": [
                                                                        {
                                                                            "operator_name": "HASH_JOIN",
                                                                            "cpu_time": 2.9087402410000016,
                                                                            "extra_info": {
                                                                                "Join Type": "LEFT",
                                                                                "Conditions": "id = PostId",
                                                                                "Estimated Cardinality": "3850116"
                                                                            },
                                                                            "cumulative_cardinality": 66161336,
                                                                            "operator_type": "HASH_JOIN",
                                                                            "operator_cardinality": 4574495,
                                                                            "cumulative_rows_scanned": 37350395,
                                                                            "operator_rows_scanned": 0,
                                                                            "operator_timing": 0.08627541800000046,
                                                                            "result_set_size": 256171720,
                                                                            "children": [
                                                                                {
                                                                                    "operator_name": "HASH_JOIN",
                                                                                    "cpu_time": 2.4882796200000015,
                                                                                    "extra_info": {
                                                                                        "Join Type": "RIGHT",
                                                                                        "Conditions": "PostId = id",
                                                                                        "Estimated Cardinality": "3850116"
                                                                                    },
                                                                                    "cumulative_cardinality": 57251853,
                                                                                    "operator_type": "HASH_JOIN",
                                                                                    "operator_cardinality": 4574495,
                                                                                    "cumulative_rows_scanned": 21705035,
                                                                                    "operator_rows_scanned": 0,
                                                                                    "operator_timing": 0.3378738759999998,
                                                                                    "result_set_size": 219575760,
                                                                                    "children": [
                                                                                        {
                                                                                            "operator_name": "HASH_GROUP_BY",
                                                                                            "cpu_time": 1.8831575320000016,
                                                                                            "extra_info": {
                                                                                                "Groups": "#0",
                                                                                                "Aggregates": [
                                                                                                    "count(#1)",
                                                                                                    "sum(#2)",
                                                                                                    "sum(#3)"
                                                                                                ],
                                                                                                "Estimated Cardinality": "3850116"
                                                                                            },
                                                                                            "cumulative_cardinality": 43156737,
                                                                                            "operator_type": "HASH_GROUP_BY",
                                                                                            "operator_cardinality": 3850116,
                                                                                            "cumulative_rows_scanned": 16594209,
                                                                                            "operator_rows_scanned": 0,
                                                                                            "operator_timing": 0.9168491510000022,
                                                                                            "result_set_size": 169405104,
                                                                                            "children": [
                                                                                                {
                                                                                                    "operator_name": "PROJECTION",
                                                                                                    "cpu_time": 0.9663083809999993,
                                                                                                    "extra_info": {
                                                                                                        "Projections": [
                                                                                                            "id",
                                                                                                            "id",
                                                                                                            "CASE  WHEN ((votetypeid = 2)) THEN (1) ELSE 0 END",
                                                                                                            "CASE  WHEN ((votetypeid = 3)) THEN (1) ELSE 0 END"
                                                                                                        ],
                                                                                                        "Estimated Cardinality": "12744093"
                                                                                                    },
                                                                                                    "cumulative_cardinality": 39306621,
                                                                                                    "operator_type": "PROJECTION",
                                                                                                    "operator_cardinality": 11356206,
                                                                                                    "cumulative_rows_scanned": 16594209,
                                                                                                    "operator_rows_scanned": 0,
                                                                                                    "operator_timing": 0.07797645099999982,
                                                                                                    "result_set_size": 181699296,
                                                                                                    "children": [
                                                                                                        {
                                                                                                            "operator_name": "HASH_JOIN",
                                                                                                            "cpu_time": 0.8883319299999994,
                                                                                                            "extra_info": {
                                                                                                                "Join Type": "RIGHT",
                                                                                                                "Conditions": "postid = id",
                                                                                                                "Estimated Cardinality": "12744093"
                                                                                                            },
                                                                                                            "cumulative_cardinality": 27950415,
                                                                                                            "operator_type": "HASH_JOIN",
                                                                                                            "operator_cardinality": 11356206,
                                                                                                            "cumulative_rows_scanned": 16594209,
                                                                                                            "operator_rows_scanned": 0,
                                                                                                            "operator_timing": 0.5880938489999987,
                                                                                                            "result_set_size": 113562060,
                                                                                                            "children": [
                                                                                                                {
                                                                                                                    "operator_name": "READ_PARQUET ",
                                                                                                                    "cpu_time": 0.28293424800000083,
                                                                                                                    "extra_info": {
                                                                                                                        "Function": "READ_PARQUET",
                                                                                                                        "Projections": [
                                                                                                                            "id",
                                                                                                                            "postid",
                                                                                                                            "votetypeid"
                                                                                                                        ],
                                                                                                                        "Estimated Cardinality": "12744093"
                                                                                                                    },
                                                                                                                    "cumulative_cardinality": 12744093,
                                                                                                                    "operator_type": "TABLE_SCAN",
                                                                                                                    "operator_cardinality": 12744093,
                                                                                                                    "cumulative_rows_scanned": 12744093,
                                                                                                                    "operator_rows_scanned": 12744093,
                                                                                                                    "operator_timing": 0.28293424800000083,
                                                                                                                    "result_set_size": 127440930,
                                                                                                                    "children": []
                                                                                                                },
                                                                                                                {
                                                                                                                    "operator_name": "READ_PARQUET ",
                                                                                                                    "cpu_time": 0.01730383299999992,
                                                                                                                    "extra_info": {
                                                                                                                        "Function": "READ_PARQUET",
                                                                                                                        "Projections": "id",
                                                                                                                        "Estimated Cardinality": "3850116"
                                                                                                                    },
                                                                                                                    "cumulative_cardinality": 3850116,
                                                                                                                    "operator_type": "TABLE_SCAN",
                                                                                                                    "operator_cardinality": 3850116,
                                                                                                                    "cumulative_rows_scanned": 3850116,
                                                                                                                    "operator_rows_scanned": 3850116,
                                                                                                                    "operator_timing": 0.01730383299999992,
                                                                                                                    "result_set_size": 15400464,
                                                                                                                    "children": []
                                                                                                                }
                                                                                                            ]
                                                                                                        }
                                                                                                    ]
                                                                                                }
                                                                                            ]
                                                                                        },
                                                                                        {
                                                                                            "operator_name": "HASH_JOIN",
                                                                                            "cpu_time": 0.2672482120000001,
                                                                                            "extra_info": {
                                                                                                "Join Type": "RIGHT",
                                                                                                "Conditions": "owneruserid = id",
                                                                                                "Estimated Cardinality": "3850116"
                                                                                            },
                                                                                            "cumulative_cardinality": 9520621,
                                                                                            "operator_type": "HASH_JOIN",
                                                                                            "operator_cardinality": 4574495,
                                                                                            "cumulative_rows_scanned": 5110826,
                                                                                            "operator_rows_scanned": 0,
                                                                                            "operator_timing": 0.18015974400000018,
                                                                                            "result_set_size": 36595960,
                                                                                            "children": [
                                                                                                {
                                                                                                    "operator_name": "READ_PARQUET ",
                                                                                                    "cpu_time": 0.08094687599999992,
                                                                                                    "extra_info": {
                                                                                                        "Function": "READ_PARQUET",
                                                                                                        "Projections": [
                                                                                                            "id",
                                                                                                            "owneruserid"
                                                                                                        ],
                                                                                                        "Estimated Cardinality": "3850116"
                                                                                                    },
                                                                                                    "cumulative_cardinality": 3685416,
                                                                                                    "operator_type": "TABLE_SCAN",
                                                                                                    "operator_cardinality": 3685416,
                                                                                                    "cumulative_rows_scanned": 3850116,
                                                                                                    "operator_rows_scanned": 3850116,
                                                                                                    "operator_timing": 0.08094687599999992,
                                                                                                    "result_set_size": 29483328,
                                                                                                    "children": []
                                                                                                },
                                                                                                {
                                                                                                    "operator_name": "READ_PARQUET ",
                                                                                                    "cpu_time": 0.006141592000000009,
                                                                                                    "extra_info": {
                                                                                                        "Function": "READ_PARQUET",
                                                                                                        "Projections": "id",
                                                                                                        "Estimated Cardinality": "1260710"
                                                                                                    },
                                                                                                    "cumulative_cardinality": 1260710,
                                                                                                    "operator_type": "TABLE_SCAN",
                                                                                                    "operator_cardinality": 1260710,
                                                                                                    "cumulative_rows_scanned": 1260710,
                                                                                                    "operator_rows_scanned": 1260710,
                                                                                                    "operator_timing": 0.006141592000000009,
                                                                                                    "result_set_size": 5042840,
                                                                                                    "children": []
                                                                                                }
                                                                                            ]
                                                                                        }
                                                                                    ]
                                                                                },
                                                                                {
                                                                                    "operator_name": "HASH_GROUP_BY",
                                                                                    "cpu_time": 0.33418520299999965,
                                                                                    "extra_info": {
                                                                                        "Groups": "#0",
                                                                                        "Aggregates": "count_star()",
                                                                                        "Estimated Cardinality": "1179524"
                                                                                    },
                                                                                    "cumulative_cardinality": 4334988,
                                                                                    "operator_type": "HASH_GROUP_BY",
                                                                                    "operator_cardinality": 120507,
                                                                                    "cumulative_rows_scanned": 15645360,
                                                                                    "operator_rows_scanned": 0,
                                                                                    "operator_timing": 0.010950767000000002,
                                                                                    "result_set_size": 1446084,
                                                                                    "children": [
                                                                                        {
                                                                                            "operator_name": "PROJECTION",
                                                                                            "cpu_time": 0.3232344359999996,
                                                                                            "extra_info": {
                                                                                                "Projections": "id",
                                                                                                "Estimated Cardinality": "2359048"
                                                                                            },
                                                                                            "cumulative_cardinality": 4214481,
                                                                                            "operator_type": "PROJECTION",
                                                                                            "operator_cardinality": 121464,
                                                                                            "cumulative_rows_scanned": 15645360,
                                                                                            "operator_rows_scanned": 0,
                                                                                            "operator_timing": 0.00012430300000000011,
                                                                                            "result_set_size": 485856,
                                                                                            "children": [
                                                                                                {
                                                                                                    "operator_name": "HASH_JOIN",
                                                                                                    "cpu_time": 0.32311013299999963,
                                                                                                    "extra_info": {
                                                                                                        "Join Type": "INNER",
                                                                                                        "Conditions": "id = postid",
                                                                                                        "Estimated Cardinality": "2359048"
                                                                                                    },
                                                                                                    "cumulative_cardinality": 4093017,
                                                                                                    "operator_type": "HASH_JOIN",
                                                                                                    "operator_cardinality": 121464,
                                                                                                    "cumulative_rows_scanned": 15645360,
                                                                                                    "operator_rows_scanned": 0,
                                                                                                    "operator_timing": 0.0872435089999996,
                                                                                                    "result_set_size": 1457568,
                                                                                                    "children": [
                                                                                                        {
                                                                                                            "operator_name": "READ_PARQUET ",
                                                                                                            "cpu_time": 0.03506722500000002,
                                                                                                            "extra_info": {
                                                                                                                "Function": "READ_PARQUET",
                                                                                                                "Projections": "id",
                                                                                                                "Estimated Cardinality": "3850116"
                                                                                                            },
                                                                                                            "cumulative_cardinality": 3850089,
                                                                                                            "operator_type": "TABLE_SCAN",
                                                                                                            "operator_cardinality": 3850089,
                                                                                                            "cumulative_rows_scanned": 3850116,
                                                                                                            "operator_rows_scanned": 3850116,
                                                                                                            "operator_timing": 0.03506722500000002,
                                                                                                            "result_set_size": 15400356,
                                                                                                            "children": []
                                                                                                        },
                                                                                                        {
                                                                                                            "operator_name": "READ_PARQUET ",
                                                                                                            "cpu_time": 0.20079939900000002,
                                                                                                            "extra_info": {
                                                                                                                "Function": "READ_PARQUET",
                                                                                                                "Projections": [
                                                                                                                    "id",
                                                                                                                    "postid"
                                                                                                                ],
                                                                                                                "Filters": "posthistorytypeid=10",
                                                                                                                "Estimated Cardinality": "2359048"
                                                                                                            },
                                                                                                            "cumulative_cardinality": 121464,
                                                                                                            "operator_type": "TABLE_SCAN",
                                                                                                            "operator_cardinality": 121464,
                                                                                                            "cumulative_rows_scanned": 11795244,
                                                                                                            "operator_rows_scanned": 11795244,
                                                                                                            "operator_timing": 0.20079939900000002,
                                                                                                            "result_set_size": 971712,
                                                                                                            "children": []
                                                                                                        }
                                                                                                    ]
                                                                                                }
                                                                                            ]
                                                                                        }
                                                                                    ]
                                                                                }
                                                                            ]
                                                                        },
                                                                        {
                                                                            "operator_name": "HASH_GROUP_BY",
                                                                            "cpu_time": 0.36001368300000003,
                                                                            "extra_info": {
                                                                                "Groups": "#0",
                                                                                "Aggregates": "count(#1)",
                                                                                "Estimated Cardinality": "1260710"
                                                                            },
                                                                            "cumulative_cardinality": 10909970,
                                                                            "operator_type": "HASH_GROUP_BY",
                                                                            "operator_cardinality": 1260710,
                                                                            "cumulative_rows_scanned": 3582434,
                                                                            "operator_rows_scanned": 0,
                                                                            "operator_timing": 0.15466296499999999,
                                                                            "result_set_size": 15128520,
                                                                            "children": [
                                                                                {
                                                                                    "operator_name": "PROJECTION",
                                                                                    "cpu_time": 0.20535071800000002,
                                                                                    "extra_info": {
                                                                                        "Projections": [
                                                                                            "id",
                                                                                            "id"
                                                                                        ],
                                                                                        "Estimated Cardinality": "2321724"
                                                                                    },
                                                                                    "cumulative_cardinality": 9649260,
                                                                                    "operator_type": "PROJECTION",
                                                                                    "operator_cardinality": 3033413,
                                                                                    "cumulative_rows_scanned": 3582434,
                                                                                    "operator_rows_scanned": 0,
                                                                                    "operator_timing": 0.00035875399999999873,
                                                                                    "result_set_size": 24267304,
                                                                                    "children": [
                                                                                        {
                                                                                            "operator_name": "HASH_JOIN",
                                                                                            "cpu_time": 0.20499196400000003,
                                                                                            "extra_info": {
                                                                                                "Join Type": "RIGHT",
                                                                                                "Conditions": "userid = id",
                                                                                                "Estimated Cardinality": "2321724"
                                                                                            },
                                                                                            "cumulative_cardinality": 6615847,
                                                                                            "operator_type": "HASH_JOIN",
                                                                                            "operator_cardinality": 3033413,
                                                                                            "cumulative_rows_scanned": 3582434,
                                                                                            "operator_rows_scanned": 0,
                                                                                            "operator_timing": 0.15547791500000002,
                                                                                            "result_set_size": 24267304,
                                                                                            "children": [
                                                                                                {
                                                                                                    "operator_name": "READ_PARQUET ",
                                                                                                    "cpu_time": 0.04328340900000002,
                                                                                                    "extra_info": {
                                                                                                        "Function": "READ_PARQUET",
                                                                                                        "Projections": [
                                                                                                            "id",
                                                                                                            "userid"
                                                                                                        ],
                                                                                                        "Estimated Cardinality": "2321724"
                                                                                                    },
                                                                                                    "cumulative_cardinality": 2321724,
                                                                                                    "operator_type": "TABLE_SCAN",
                                                                                                    "operator_cardinality": 2321724,
                                                                                                    "cumulative_rows_scanned": 2321724,
                                                                                                    "operator_rows_scanned": 2321724,
                                                                                                    "operator_timing": 0.04328340900000002,
                                                                                                    "result_set_size": 18573792,
                                                                                                    "children": []
                                                                                                },
                                                                                                {
                                                                                                    "operator_name": "READ_PARQUET ",
                                                                                                    "cpu_time": 0.006230639999999991,
                                                                                                    "extra_info": {
                                                                                                        "Function": "READ_PARQUET",
                                                                                                        "Projections": "id",
                                                                                                        "Estimated Cardinality": "1260710"
                                                                                                    },
                                                                                                    "cumulative_cardinality": 1260710,
                                                                                                    "operator_type": "TABLE_SCAN",
                                                                                                    "operator_cardinality": 1260710,
                                                                                                    "cumulative_rows_scanned": 1260710,
                                                                                                    "operator_rows_scanned": 1260710,
                                                                                                    "operator_timing": 0.006230639999999991,
                                                                                                    "result_set_size": 5042840,
                                                                                                    "children": []
                                                                                                }
                                                                                            ]
                                                                                        }
                                                                                    ]
                                                                                }
                                                                            ]
                                                                        }
                                                                    ]
                                                                }
                                                            ]
                                                        }
                                                    ]
                                                }
                                            ]
                                        }
                                    ]
                                }
                            ]
                        }
                    ]
                }
            ]
        }
    ]
}