{
    "rows_returned": 20,
    "query_name": "WITH UserBadgeCounts AS (\n    SELECT UserId, COUNT(*) AS BadgeCount\n    FROM Badges\n    GROUP BY UserId\n),\nTopUsers AS (\n    SELECT U.Id, U.DisplayName, U.Reputation, U.CreationDate, U.LastAccessDate, COALESCE(UB.BadgeCount, 0) AS BadgeCount\n    FROM Users U\n    LEFT JOIN UserBadgeCounts UB ON U.Id = UB.UserId\n    WHERE U.Reputation > 1000\n    ORDER BY U.Reputation DESC\n    LIMIT 10\n),\nPostStatistics AS (\n    SELECT P.OwnerUserId, COUNT(*) AS PostCount, SUM(P.Score) AS TotalScore, AVG(P.ViewCount) AS AvgViewCount\n    FROM Posts P\n    GROUP BY P.OwnerUserId\n),\nPostUserStats AS (\n    SELECT T.Id AS UserId, T.DisplayName, PS.PostCount, PS.TotalScore, PS.AvgViewCount, T.BadgeCount\n    FROM TopUsers T\n    LEFT JOIN PostStatistics PS ON T.Id = PS.OwnerUserId\n)\n\nSELECT P.Title, P.CreationDate, PS.DisplayName, PS.BadgeCount, PS.TotalScore, PS.AvgViewCount\nFROM Posts P\nJOIN PostUserStats PS ON P.OwnerUserId = PS.UserId\nWHERE P.CreationDate >= cast('2024-10-01 12:34:56' as timestamp) - INTERVAL '1 year' AND P.Score > 0\nORDER BY PS.TotalScore DESC, P.CreationDate DESC\nLIMIT 20;",
    "blocked_thread_time": 0.0,
    "cpu_time": 0.40489202900000004,
    "extra_info": {},
    "cumulative_cardinality": 13400538,
    "cumulative_rows_scanned": 11282666,
    "result_set_size": 1440,
    "latency": 0.435246318,
    "children": [
        {
            "operator_name": "STREAMING_LIMIT",
            "cpu_time": 0.40489202900000004,
            "extra_info": {},
            "cumulative_cardinality": 13400538,
            "operator_type": "STREAMING_LIMIT",
            "operator_cardinality": 20,
            "cumulative_rows_scanned": 11282666,
            "operator_rows_scanned": 0,
            "operator_timing": 0.000001202,
            "result_set_size": 1440,
            "children": [
                {
                    "operator_name": "ORDER_BY",
                    "cpu_time": 0.40489082700000006,
                    "extra_info": {
                        "Order By": [
                            "PS.TotalScore DESC",
                            "P.CreationDate DESC"
                        ]
                    },
                    "cumulative_cardinality": 13400518,
                    "operator_type": "ORDER_BY",
                    "operator_cardinality": 1575,
                    "cumulative_rows_scanned": 11282666,
                    "operator_rows_scanned": 0,
                    "operator_timing": 0.000169588,
                    "result_set_size": 113400,
                    "children": [
                        {
                            "operator_name": "PROJECTION",
                            "cpu_time": 0.40472123900000007,
                            "extra_info": {
                                "Projections": [
                                    "title",
                                    "creationdate",
                                    "displayname",
                                    "BadgeCount",
                                    "TotalScore",
                                    "AvgViewCount"
                                ],
                                "Estimated Cardinality": "1175796"
                            },
                            "cumulative_cardinality": 13398943,
                            "operator_type": "PROJECTION",
                            "operator_cardinality": 1575,
                            "cumulative_rows_scanned": 11282666,
                            "operator_rows_scanned": 0,
                            "operator_timing": 0.000002194,
                            "result_set_size": 113400,
                            "children": [
                                {
                                    "operator_name": "HASH_JOIN",
                                    "cpu_time": 0.40471904500000006,
                                    "extra_info": {
                                        "Join Type": "INNER",
                                        "Conditions": "UserId = owneruserid",
                                        "Estimated Cardinality": "1175796"
                                    },
                                    "cumulative_cardinality": 13397368,
                                    "operator_type": "HASH_JOIN",
                                    "operator_cardinality": 1575,
                                    "cumulative_rows_scanned": 11282666,
                                    "operator_rows_scanned": 0,
                                    "operator_timing": 0.006849814000000001,
                                    "result_set_size": 126000,
                                    "children": [
                                        {
                                            "operator_name": "PROJECTION",
                                            "cpu_time": 0.33599485700000004,
                                            "extra_info": {
                                                "Projections": [
                                                    "UserId",
                                                    "displayname",
                                                    "TotalScore",
                                                    "AvgViewCount",
                                                    "BadgeCount"
                                                ],
                                                "Estimated Cardinality": "1925058"
                                            },
                                            "cumulative_cardinality": 13302114,
                                            "operator_type": "PROJECTION",
                                            "operator_cardinality": 10,
                                            "cumulative_rows_scanned": 7432550,
                                            "operator_rows_scanned": 0,
                                            "operator_timing": 0.000001593,
                                            "result_set_size": 520,
                                            "children": [
                                                {
                                                    "operator_name": "FILTER",
                                                    "cpu_time": 0.335993264,
                                                    "extra_info": {
                                                        "Expression": "(UserId <= 1416539)",
                                                        "Estimated Cardinality": "1925058"
                                                    },
                                                    "cumulative_cardinality": 13302104,
                                                    "operator_type": "FILTER",
                                                    "operator_cardinality": 10,
                                                    "cumulative_rows_scanned": 7432550,
                                                    "operator_rows_scanned": 0,
                                                    "operator_timing": 0.00001608,
                                                    "result_set_size": 520,
                                                    "children": [
                                                        {
                                                            "operator_name": "HASH_JOIN",
                                                            "cpu_time": 0.33597718400000004,
                                                            "extra_info": {
                                                                "Join Type": "RIGHT",
                                                                "Conditions": "owneruserid = id",
                                                                "Estimated Cardinality": "1925058"
                                                            },
                                                            "cumulative_cardinality": 13302094,
                                                            "operator_type": "HASH_JOIN",
                                                            "operator_cardinality": 10,
                                                            "cumulative_rows_scanned": 7432550,
                                                            "operator_rows_scanned": 0,
                                                            "operator_timing": 0.001393968999999999,
                                                            "result_set_size": 520,
                                                            "children": [
                                                                {
                                                                    "operator_name": "HASH_GROUP_BY",
                                                                    "cpu_time": 0.19582866700000007,
                                                                    "extra_info": {
                                                                        "Groups": "#0",
                                                                        "Aggregates": [
                                                                            "sum(#1)",
                                                                            "avg(#2)"
                                                                        ],
                                                                        "Estimated Cardinality": "1925058"
                                                                    },
                                                                    "cumulative_cardinality": 8071864,
                                                                    "operator_type": "HASH_GROUP_BY",
                                                                    "operator_cardinality": 371632,
                                                                    "cumulative_rows_scanned": 3850116,
                                                                    "operator_rows_scanned": 0,
                                                                    "operator_timing": 0.12806368199999998,
                                                                    "result_set_size": 10405696,
                                                                    "children": [
                                                                        {
                                                                            "operator_name": "PROJECTION",
                                                                            "cpu_time": 0.06776498500000008,
                                                                            "extra_info": {
                                                                                "Projections": [
                                                                                    "owneruserid",
                                                                                    "score",
                                                                                    "viewcount"
                                                                                ],
                                                                                "Estimated Cardinality": "3850116"
                                                                            },
                                                                            "cumulative_cardinality": 7700232,
                                                                            "operator_type": "PROJECTION",
                                                                            "operator_cardinality": 3850116,
                                                                            "cumulative_rows_scanned": 3850116,
                                                                            "operator_rows_scanned": 0,
                                                                            "operator_timing": 0.00043663199999999545,
                                                                            "result_set_size": 46201392,
                                                                            "children": [
                                                                                {
                                                                                    "operator_name": "READ_PARQUET ",
                                                                                    "cpu_time": 0.06732835300000009,
                                                                                    "extra_info": {
                                                                                        "Function": "READ_PARQUET",
                                                                                        "Projections": [
                                                                                            "score",
                                                                                            "viewcount",
                                                                                            "owneruserid"
                                                                                        ],
                                                                                        "Estimated Cardinality": "3850116"
                                                                                    },
                                                                                    "cumulative_cardinality": 3850116,
                                                                                    "operator_type": "TABLE_SCAN",
                                                                                    "operator_cardinality": 3850116,
                                                                                    "cumulative_rows_scanned": 3850116,
                                                                                    "operator_rows_scanned": 3850116,
                                                                                    "operator_timing": 0.06732835300000009,
                                                                                    "result_set_size": 46201392,
                                                                                    "children": []
                                                                                }
                                                                            ]
                                                                        }
                                                                    ]
                                                                },
                                                                {
                                                                    "operator_name": "STREAMING_LIMIT",
                                                                    "cpu_time": 0.13875454799999998,
                                                                    "extra_info": {},
                                                                    "cumulative_cardinality": 5230220,
                                                                    "operator_type": "STREAMING_LIMIT",
                                                                    "operator_cardinality": 10,
                                                                    "cumulative_rows_scanned": 3582434,
                                                                    "operator_rows_scanned": 0,
                                                                    "operator_timing": 0.000001233,
                                                                    "result_set_size": 320,
                                                                    "children": [
                                                                        {
                                                                            "operator_name": "ORDER_BY",
                                                                            "cpu_time": 0.138753315,
                                                                            "extra_info": {
                                                                                "Order By": "U.Reputation DESC"
                                                                            },
                                                                            "cumulative_cardinality": 5230210,
                                                                            "operator_type": "ORDER_BY",
                                                                            "operator_cardinality": 4096,
                                                                            "cumulative_rows_scanned": 3582434,
                                                                            "operator_rows_scanned": 0,
                                                                            "operator_timing": 0.000443567,
                                                                            "result_set_size": 131072,
                                                                            "children": [
                                                                                {
                                                                                    "operator_name": "PROJECTION",
                                                                                    "cpu_time": 0.13830974799999998,
                                                                                    "extra_info": {
                                                                                        "Projections": [
                                                                                            "id",
                                                                                            "displayname",
                                                                                            "reputation",
                                                                                            "BadgeCount"
                                                                                        ],
                                                                                        "Estimated Cardinality": "1160862"
                                                                                    },
                                                                                    "cumulative_cardinality": 5226114,
                                                                                    "operator_type": "PROJECTION",
                                                                                    "operator_cardinality": 11215,
                                                                                    "cumulative_rows_scanned": 3582434,
                                                                                    "operator_rows_scanned": 0,
                                                                                    "operator_timing": 0.00033294099999999996,
                                                                                    "result_set_size": 358880,
                                                                                    "children": [
                                                                                        {
                                                                                            "operator_name": "HASH_JOIN",
                                                                                            "cpu_time": 0.13797680699999998,
                                                                                            "extra_info": {
                                                                                                "Join Type": "RIGHT",
                                                                                                "Conditions": "userid = id",
                                                                                                "Estimated Cardinality": "1160862"
                                                                                            },
                                                                                            "cumulative_cardinality": 5214899,
                                                                                            "operator_type": "HASH_JOIN",
                                                                                            "operator_cardinality": 11215,
                                                                                            "cumulative_rows_scanned": 3582434,
                                                                                            "operator_rows_scanned": 0,
                                                                                            "operator_timing": 0.009502645999999995,
                                                                                            "result_set_size": 358880,
                                                                                            "children": [
                                                                                                {
                                                                                                    "operator_name": "HASH_GROUP_BY",
                                                                                                    "cpu_time": 0.07543767499999998,
                                                                                                    "extra_info": {
                                                                                                        "Groups": "#0",
                                                                                                        "Aggregates": "count_star()",
                                                                                                        "Estimated Cardinality": "1160862"
                                                                                                    },
                                                                                                    "cumulative_cardinality": 5192469,
                                                                                                    "operator_type": "HASH_GROUP_BY",
                                                                                                    "operator_cardinality": 549021,
                                                                                                    "cumulative_rows_scanned": 2321724,
                                                                                                    "operator_rows_scanned": 0,
                                                                                                    "operator_timing": 0.060831862999999986,
                                                                                                    "result_set_size": 6588252,
                                                                                                    "children": [
                                                                                                        {
                                                                                                            "operator_name": "PROJECTION",
                                                                                                            "cpu_time": 0.014605811999999994,
                                                                                                            "extra_info": {
                                                                                                                "Projections": "userid",
                                                                                                                "Estimated Cardinality": "2321724"
                                                                                                            },
                                                                                                            "cumulative_cardinality": 4643448,
                                                                                                            "operator_type": "PROJECTION",
                                                                                                            "operator_cardinality": 2321724,
                                                                                                            "cumulative_rows_scanned": 2321724,
                                                                                                            "operator_rows_scanned": 0,
                                                                                                            "operator_timing": 0.0001736729999999992,
                                                                                                            "result_set_size": 9286896,
                                                                                                            "children": [
                                                                                                                {
                                                                                                                    "operator_name": "READ_PARQUET ",
                                                                                                                    "cpu_time": 0.014432138999999995,
                                                                                                                    "extra_info": {
                                                                                                                        "Function": "READ_PARQUET",
                                                                                                                        "Projections": "userid",
                                                                                                                        "Estimated Cardinality": "2321724"
                                                                                                                    },
                                                                                                                    "cumulative_cardinality": 2321724,
                                                                                                                    "operator_type": "TABLE_SCAN",
                                                                                                                    "operator_cardinality": 2321724,
                                                                                                                    "cumulative_rows_scanned": 2321724,
                                                                                                                    "operator_rows_scanned": 2321724,
                                                                                                                    "operator_timing": 0.014432138999999995,
                                                                                                                    "result_set_size": 9286896,
                                                                                                                    "children": []
                                                                                                                }
                                                                                                            ]
                                                                                                        }
                                                                                                    ]
                                                                                                },
                                                                                                {
                                                                                                    "operator_name": "READ_PARQUET ",
                                                                                                    "cpu_time": 0.053036486,
                                                                                                    "extra_info": {
                                                                                                        "Function": "READ_PARQUET",
                                                                                                        "Projections": [
                                                                                                            "id",
                                                                                                            "reputation",
                                                                                                            "displayname"
                                                                                                        ],
                                                                                                        "Filters": "reputation>1000",
                                                                                                        "Estimated Cardinality": "252142"
                                                                                                    },
                                                                                                    "cumulative_cardinality": 11215,
                                                                                                    "operator_type": "TABLE_SCAN",
                                                                                                    "operator_cardinality": 11215,
                                                                                                    "cumulative_rows_scanned": 1260710,
                                                                                                    "operator_rows_scanned": 1260710,
                                                                                                    "operator_timing": 0.053036486,
                                                                                                    "result_set_size": 269160,
                                                                                                    "children": []
                                                                                                }
                                                                                            ]
                                                                                        }
                                                                                    ]
                                                                                }
                                                                            ]
                                                                        }
                                                                    ]
                                                                }
                                                            ]
                                                        }
                                                    ]
                                                }
                                            ]
                                        },
                                        {
                                            "operator_name": "READ_PARQUET ",
                                            "cpu_time": 0.06187437399999999,
                                            "extra_info": {
                                                "Function": "READ_PARQUET",
                                                "Projections": [
                                                    "creationdate",
                                                    "owneruserid",
                                                    "title"
                                                ],
                                                "Filters": [
                                                    "creationdate>='2023-10-01 12:34:56'::TIMESTAMP",
                                                    "score>0"
                                                ],
                                                "Estimated Cardinality": "770023"
                                            },
                                            "cumulative_cardinality": 93679,
                                            "operator_type": "TABLE_SCAN",
                                            "operator_cardinality": 93679,
                                            "cumulative_rows_scanned": 3850116,
                                            "operator_rows_scanned": 3850116,
                                            "operator_timing": 0.06187437399999999,
                                            "result_set_size": 2623012,
                                            "children": []
                                        }
                                    ]
                                }
                            ]
                        }
                    ]
                }
            ]
        }
    ]
}