{
    "rows_returned": 0,
    "query_name": "WITH UserVotes AS (\n    SELECT \n        v.UserId,\n        COUNT(CASE WHEN v.VoteTypeId IN (2, 3) THEN 1 END) AS VoteCount,\n        SUM(CASE WHEN v.VoteTypeId = 2 THEN 1 WHEN v.VoteTypeId = 3 THEN -1 END) AS NetVotes\n    FROM Votes v\n    GROUP BY v.UserId\n),\nPopularPosts AS (\n    SELECT \n        p.Id,\n        p.Title,\n        p.Score,\n        ROW_NUMBER() OVER (ORDER BY p.Score DESC) AS Rank\n    FROM Posts p\n    WHERE p.PostTypeId = 1\n),\nPostBadges AS (\n    SELECT \n        b.UserId,\n        COUNT(DISTINCT b.Id) AS BadgeCount\n    FROM Badges b\n    GROUP BY b.UserId\n),\nUserReputation AS (\n    SELECT \n        u.Id,\n        u.Reputation,\n        COALESCE(uv.VoteCount, 0) AS TotalVotes,\n        COALESCE(pb.BadgeCount, 0) AS TotalBadges\n    FROM Users u\n    LEFT JOIN UserVotes uv ON u.Id = uv.UserId\n    LEFT JOIN PostBadges pb ON u.Id = pb.UserId\n)\nSELECT \n    ur.Id,\n    ur.Reputation,\n    ur.TotalVotes,\n    ur.TotalBadges,\n    pp.Title,\n    pp.Score\nFROM UserReputation ur\nJOIN PopularPosts pp ON ur.Reputation > 5000\nWHERE ur.TotalVotes > 50\nORDER BY ur.Reputation DESC, pp.Score DESC\nLIMIT 10;\n",
    "blocked_thread_time": 0.0,
    "cpu_time": 0.8626584680000001,
    "extra_info": {},
    "cumulative_cardinality": 11408555,
    "cumulative_rows_scanned": 20176643,
    "result_set_size": 0,
    "latency": 1.04452957,
    "children": [
        {
            "operator_name": "STREAMING_LIMIT",
            "cpu_time": 0.8626584680000001,
            "extra_info": {},
            "cumulative_cardinality": 11408555,
            "operator_type": "STREAMING_LIMIT",
            "operator_cardinality": 0,
            "cumulative_rows_scanned": 20176643,
            "operator_rows_scanned": 0,
            "operator_timing": 0.0,
            "result_set_size": 0,
            "children": [
                {
                    "operator_name": "PROJECTION",
                    "cpu_time": 0.8626584680000001,
                    "extra_info": {
                        "Projections": [
                            "#0",
                            "#1",
                            "#2",
                            "#3",
                            "#4",
                            "__internal_decompress_integral_integer(#5, -72)"
                        ],
                        "Estimated Cardinality": "893890439826"
                    },
                    "cumulative_cardinality": 11408555,
                    "operator_type": "PROJECTION",
                    "operator_cardinality": 0,
                    "cumulative_rows_scanned": 20176643,
                    "operator_rows_scanned": 0,
                    "operator_timing": 0.0,
                    "result_set_size": 0,
                    "children": [
                        {
                            "operator_name": "ORDER_BY",
                            "cpu_time": 0.8626584680000001,
                            "extra_info": {
                                "Order By": [
                                    "ur.Reputation DESC",
                                    "pp.Score DESC"
                                ]
                            },
                            "cumulative_cardinality": 11408555,
                            "operator_type": "ORDER_BY",
                            "operator_cardinality": 0,
                            "cumulative_rows_scanned": 20176643,
                            "operator_rows_scanned": 0,
                            "operator_timing": 3.41e-7,
                            "result_set_size": 0,
                            "children": [
                                {
                                    "operator_name": "PROJECTION",
                                    "cpu_time": 0.8626581270000001,
                                    "extra_info": {
                                        "Projections": [
                                            "#0",
                                            "#1",
                                            "#2",
                                            "#3",
                                            "#4",
                                            "__internal_compress_integral_usmallint(#5, -72)"
                                        ],
                                        "Estimated Cardinality": "893890439826"
                                    },
                                    "cumulative_cardinality": 11408555,
                                    "operator_type": "PROJECTION",
                                    "operator_cardinality": 0,
                                    "cumulative_rows_scanned": 20176643,
                                    "operator_rows_scanned": 0,
                                    "operator_timing": 0.0,
                                    "result_set_size": 0,
                                    "children": [
                                        {
                                            "operator_name": "CROSS_PRODUCT",
                                            "cpu_time": 0.8626581270000001,
                                            "extra_info": {},
                                            "cumulative_cardinality": 11408555,
                                            "operator_type": "CROSS_PRODUCT",
                                            "operator_cardinality": 0,
                                            "cumulative_rows_scanned": 20176643,
                                            "operator_rows_scanned": 0,
                                            "operator_timing": 0.04866439200000006,
                                            "result_set_size": 0,
                                            "children": [
                                                {
                                                    "operator_name": "PROJECTION",
                                                    "cpu_time": 0.36597902999999965,
                                                    "extra_info": {
                                                        "Projections": [
                                                            "id",
                                                            "reputation",
                                                            "TotalVotes",
                                                            "TotalBadges"
                                                        ],
                                                        "Estimated Cardinality": "1160862"
                                                    },
                                                    "cumulative_cardinality": 4735899,
                                                    "operator_type": "PROJECTION",
                                                    "operator_cardinality": 0,
                                                    "cumulative_rows_scanned": 16326527,
                                                    "operator_rows_scanned": 0,
                                                    "operator_timing": 0.0,
                                                    "result_set_size": 0,
                                                    "children": [
                                                        {
                                                            "operator_name": "HASH_JOIN",
                                                            "cpu_time": 0.36597902999999965,
                                                            "extra_info": {
                                                                "Join Type": "RIGHT",
                                                                "Conditions": "userid = id",
                                                                "Estimated Cardinality": "1160862"
                                                            },
                                                            "cumulative_cardinality": 4735899,
                                                            "operator_type": "HASH_JOIN",
                                                            "operator_cardinality": 0,
                                                            "cumulative_rows_scanned": 16326527,
                                                            "operator_rows_scanned": 0,
                                                            "operator_timing": 0.000018655,
                                                            "result_set_size": 0,
                                                            "children": [
                                                                {
                                                                    "operator_name": "HASH_GROUP_BY",
                                                                    "cpu_time": 0.18267203699999968,
                                                                    "extra_info": {
                                                                        "Groups": "#0",
                                                                        "Aggregates": "count(DISTINCT #1)",
                                                                        "Estimated Cardinality": "1160862"
                                                                    },
                                                                    "cumulative_cardinality": 4645496,
                                                                    "operator_type": "HASH_GROUP_BY",
                                                                    "operator_cardinality": 2048,
                                                                    "cumulative_rows_scanned": 2321724,
                                                                    "operator_rows_scanned": 0,
                                                                    "operator_timing": 0.15935249999999967,
                                                                    "result_set_size": 24576,
                                                                    "children": [
                                                                        {
                                                                            "operator_name": "PROJECTION",
                                                                            "cpu_time": 0.023319537000000015,
                                                                            "extra_info": {
                                                                                "Projections": [
                                                                                    "userid",
                                                                                    "id"
                                                                                ],
                                                                                "Estimated Cardinality": "2321724"
                                                                            },
                                                                            "cumulative_cardinality": 4643448,
                                                                            "operator_type": "PROJECTION",
                                                                            "operator_cardinality": 2321724,
                                                                            "cumulative_rows_scanned": 2321724,
                                                                            "operator_rows_scanned": 0,
                                                                            "operator_timing": 0.00023850000000000002,
                                                                            "result_set_size": 18573792,
                                                                            "children": [
                                                                                {
                                                                                    "operator_name": "READ_PARQUET ",
                                                                                    "cpu_time": 0.023081037000000016,
                                                                                    "extra_info": {
                                                                                        "Function": "READ_PARQUET",
                                                                                        "Projections": [
                                                                                            "id",
                                                                                            "userid"
                                                                                        ],
                                                                                        "Estimated Cardinality": "2321724"
                                                                                    },
                                                                                    "cumulative_cardinality": 2321724,
                                                                                    "operator_type": "TABLE_SCAN",
                                                                                    "operator_cardinality": 2321724,
                                                                                    "cumulative_rows_scanned": 2321724,
                                                                                    "operator_rows_scanned": 2321724,
                                                                                    "operator_timing": 0.023081037000000016,
                                                                                    "result_set_size": 18573792,
                                                                                    "children": []
                                                                                }
                                                                            ]
                                                                        }
                                                                    ]
                                                                },
                                                                {
                                                                    "operator_name": "HASH_JOIN",
                                                                    "cpu_time": 0.18328833799999997,
                                                                    "extra_info": {
                                                                        "Join Type": "INNER",
                                                                        "Conditions": "userid = id",
                                                                        "Estimated Cardinality": "254881"
                                                                    },
                                                                    "cumulative_cardinality": 90403,
                                                                    "operator_type": "HASH_JOIN",
                                                                    "operator_cardinality": 0,
                                                                    "cumulative_rows_scanned": 14004803,
                                                                    "operator_rows_scanned": 0,
                                                                    "operator_timing": 0.000403283,
                                                                    "result_set_size": 0,
                                                                    "children": [
                                                                        {
                                                                            "operator_name": "FILTER",
                                                                            "cpu_time": 0.16656380399999995,
                                                                            "extra_info": {
                                                                                "Expression": "(COALESCE(VoteCount, 0) > 50)",
                                                                                "Estimated Cardinality": "1274409"
                                                                            },
                                                                            "cumulative_cardinality": 85545,
                                                                            "operator_type": "FILTER",
                                                                            "operator_cardinality": 0,
                                                                            "cumulative_rows_scanned": 12744093,
                                                                            "operator_rows_scanned": 0,
                                                                            "operator_timing": 0.000111877,
                                                                            "result_set_size": 0,
                                                                            "children": [
                                                                                {
                                                                                    "operator_name": "HASH_GROUP_BY",
                                                                                    "cpu_time": 0.16645192699999994,
                                                                                    "extra_info": {
                                                                                        "Groups": "#0",
                                                                                        "Aggregates": "count(#1)",
                                                                                        "Estimated Cardinality": "6372046"
                                                                                    },
                                                                                    "cumulative_cardinality": 85545,
                                                                                    "operator_type": "HASH_GROUP_BY",
                                                                                    "operator_cardinality": 12097,
                                                                                    "cumulative_rows_scanned": 12744093,
                                                                                    "operator_rows_scanned": 0,
                                                                                    "operator_timing": 0.008773609000000014,
                                                                                    "result_set_size": 145164,
                                                                                    "children": [
                                                                                        {
                                                                                            "operator_name": "PROJECTION",
                                                                                            "cpu_time": 0.15767831799999993,
                                                                                            "extra_info": {
                                                                                                "Projections": [
                                                                                                    "userid",
                                                                                                    "CASE  WHEN ((votetypeid IN (2, 3))) THEN (1) ELSE NULL END"
                                                                                                ],
                                                                                                "Estimated Cardinality": "12744093"
                                                                                            },
                                                                                            "cumulative_cardinality": 73448,
                                                                                            "operator_type": "PROJECTION",
                                                                                            "operator_cardinality": 36724,
                                                                                            "cumulative_rows_scanned": 12744093,
                                                                                            "operator_rows_scanned": 0,
                                                                                            "operator_timing": 0.02126420800000004,
                                                                                            "result_set_size": 293792,
                                                                                            "children": [
                                                                                                {
                                                                                                    "operator_name": "READ_PARQUET ",
                                                                                                    "cpu_time": 0.1364141099999999,
                                                                                                    "extra_info": {
                                                                                                        "Function": "READ_PARQUET",
                                                                                                        "Projections": [
                                                                                                            "votetypeid",
                                                                                                            "userid"
                                                                                                        ],
                                                                                                        "Estimated Cardinality": "12744093"
                                                                                                    },
                                                                                                    "cumulative_cardinality": 36724,
                                                                                                    "operator_type": "TABLE_SCAN",
                                                                                                    "operator_cardinality": 36724,
                                                                                                    "cumulative_rows_scanned": 12744093,
                                                                                                    "operator_rows_scanned": 12744093,
                                                                                                    "operator_timing": 0.1364141099999999,
                                                                                                    "result_set_size": 220344,
                                                                                                    "children": []
                                                                                                }
                                                                                            ]
                                                                                        }
                                                                                    ]
                                                                                }
                                                                            ]
                                                                        },
                                                                        {
                                                                            "operator_name": "FILTER",
                                                                            "cpu_time": 0.016321251000000002,
                                                                            "extra_info": {
                                                                                "Expression": "(id <= 1400285)",
                                                                                "Estimated Cardinality": "252142"
                                                                            },
                                                                            "cumulative_cardinality": 4858,
                                                                            "operator_type": "FILTER",
                                                                            "operator_cardinality": 2429,
                                                                            "cumulative_rows_scanned": 1260710,
                                                                            "operator_rows_scanned": 0,
                                                                            "operator_timing": 0.0002707260000000006,
                                                                            "result_set_size": 19432,
                                                                            "children": [
                                                                                {
                                                                                    "operator_name": "READ_PARQUET ",
                                                                                    "cpu_time": 0.016050525000000003,
                                                                                    "extra_info": {
                                                                                        "Function": "READ_PARQUET",
                                                                                        "Projections": [
                                                                                            "id",
                                                                                            "reputation"
                                                                                        ],
                                                                                        "Filters": "reputation>5000",
                                                                                        "Estimated Cardinality": "252142"
                                                                                    },
                                                                                    "cumulative_cardinality": 2429,
                                                                                    "operator_type": "TABLE_SCAN",
                                                                                    "operator_cardinality": 2429,
                                                                                    "cumulative_rows_scanned": 1260710,
                                                                                    "operator_rows_scanned": 1260710,
                                                                                    "operator_timing": 0.016050525000000003,
                                                                                    "result_set_size": 19432,
                                                                                    "children": []
                                                                                }
                                                                            ]
                                                                        }
                                                                    ]
                                                                }
                                                            ]
                                                        }
                                                    ]
                                                },
                                                {
                                                    "operator_name": "PROJECTION",
                                                    "cpu_time": 0.4480147050000004,
                                                    "extra_info": {
                                                        "Projections": [
                                                            "title",
                                                            "score"
                                                        ],
                                                        "Estimated Cardinality": "770023"
                                                    },
                                                    "cumulative_cardinality": 6672656,
                                                    "operator_type": "PROJECTION",
                                                    "operator_cardinality": 1668164,
                                                    "cumulative_rows_scanned": 3850116,
                                                    "operator_rows_scanned": 0,
                                                    "operator_timing": 0.00012311699999999925,
                                                    "result_set_size": 33363280,
                                                    "children": [
                                                        {
                                                            "operator_name": "PROJECTION",
                                                            "cpu_time": 0.4478915880000004,
                                                            "extra_info": {
                                                                "Projections": [
                                                                    "#0",
                                                                    "#1",
                                                                    "#2"
                                                                ],
                                                                "Estimated Cardinality": "770023"
                                                            },
                                                            "cumulative_cardinality": 5004492,
                                                            "operator_type": "PROJECTION",
                                                            "operator_cardinality": 1668164,
                                                            "cumulative_rows_scanned": 3850116,
                                                            "operator_rows_scanned": 0,
                                                            "operator_timing": 0.00015561599999999918,
                                                            "result_set_size": 46708592,
                                                            "children": [
                                                                {
                                                                    "operator_name": "WINDOW",
                                                                    "cpu_time": 0.44773597200000037,
                                                                    "extra_info": {
                                                                        "Projections": "ROW_NUMBER() OVER (ORDER BY score DESC NULLS LAST)"
                                                                    },
                                                                    "cumulative_cardinality": 3336328,
                                                                    "operator_type": "WINDOW",
                                                                    "operator_cardinality": 1668164,
                                                                    "cumulative_rows_scanned": 3850116,
                                                                    "operator_rows_scanned": 0,
                                                                    "operator_timing": 0.08809118200000002,
                                                                    "result_set_size": 46708592,
                                                                    "children": [
                                                                        {
                                                                            "operator_name": "READ_PARQUET ",
                                                                            "cpu_time": 0.3596447900000004,
                                                                            "extra_info": {
                                                                                "Function": "READ_PARQUET",
                                                                                "Projections": [
                                                                                    "score",
                                                                                    "title"
                                                                                ],
                                                                                "Filters": "posttypeid=1",
                                                                                "Estimated Cardinality": "770023"
                                                                            },
                                                                            "cumulative_cardinality": 1668164,
                                                                            "operator_type": "TABLE_SCAN",
                                                                            "operator_cardinality": 1668164,
                                                                            "cumulative_rows_scanned": 3850116,
                                                                            "operator_rows_scanned": 3850116,
                                                                            "operator_timing": 0.3596447900000004,
                                                                            "result_set_size": 33363280,
                                                                            "children": []
                                                                        }
                                                                    ]
                                                                }
                                                            ]
                                                        }
                                                    ]
                                                }
                                            ]
                                        }
                                    ]
                                }
                            ]
                        }
                    ]
                }
            ]
        }
    ]
}