{
    "rows_returned": 10,
    "query_name": "WITH UserBadges AS (\n    SELECT u.Id AS UserId, COUNT(b.Id) AS BadgeCount\n    FROM Users u\n    LEFT JOIN Badges b ON u.Id = b.UserId\n    GROUP BY u.Id\n),\nPostStats AS (\n    SELECT p.OwnerUserId, COUNT(p.Id) AS PostCount, SUM(p.Score) AS TotalScore, SUM(p.ViewCount) AS TotalViews\n    FROM Posts p\n    WHERE p.CreationDate >= cast('2024-10-01 12:34:56' as timestamp) - INTERVAL '1 year'\n    GROUP BY p.OwnerUserId\n),\nVoteSummary AS (\n    SELECT v.UserId, COUNT(v.Id) AS VoteCount, SUM(CASE WHEN vt.Name = 'UpMod' THEN 1 ELSE 0 END) AS UpvoteCount\n    FROM Votes v\n    JOIN VoteTypes vt ON v.VoteTypeId = vt.Id\n    GROUP BY v.UserId\n),\nUserPerformance AS (\n    SELECT u.Id, u.DisplayName, COALESCE(ub.BadgeCount, 0) AS BadgeCount,\n           COALESCE(ps.PostCount, 0) AS PostCount, COALESCE(ps.TotalScore, 0) AS TotalScore,\n           COALESCE(ps.TotalViews, 0) AS TotalViews, COALESCE(vs.VoteCount, 0) AS VoteCount,\n           COALESCE(vs.UpvoteCount, 0) AS UpvoteCount\n    FROM Users u\n    LEFT JOIN UserBadges ub ON u.Id = ub.UserId\n    LEFT JOIN PostStats ps ON u.Id = ps.OwnerUserId\n    LEFT JOIN VoteSummary vs ON u.Id = vs.UserId\n)\nSELECT u.DisplayName, u.BadgeCount, u.PostCount, u.TotalScore, u.TotalViews, u.VoteCount, u.UpvoteCount\nFROM UserPerformance u\nWHERE u.PostCount > 0\nORDER BY u.TotalScore DESC, u.VoteCount DESC\nLIMIT 10;",
    "blocked_thread_time": 0.0,
    "cpu_time": 1.015359537,
    "extra_info": {},
    "cumulative_cardinality": 53393896,
    "cumulative_rows_scanned": 21437368,
    "result_set_size": 880,
    "latency": 1.121128949,
    "children": [
        {
            "operator_name": "STREAMING_LIMIT",
            "cpu_time": 1.015359537,
            "extra_info": {},
            "cumulative_cardinality": 53393896,
            "operator_type": "STREAMING_LIMIT",
            "operator_cardinality": 10,
            "cumulative_rows_scanned": 21437368,
            "operator_rows_scanned": 0,
            "operator_timing": 0.000001593,
            "result_set_size": 880,
            "children": [
                {
                    "operator_name": "ORDER_BY",
                    "cpu_time": 1.015357944,
                    "extra_info": {
                        "Order By": [
                            "u.TotalScore DESC",
                            "u.VoteCount DESC"
                        ]
                    },
                    "cumulative_cardinality": 53393886,
                    "operator_type": "ORDER_BY",
                    "operator_cardinality": 4096,
                    "cumulative_rows_scanned": 21437368,
                    "operator_rows_scanned": 0,
                    "operator_timing": 0.002402056,
                    "result_set_size": 360448,
                    "children": [
                        {
                            "operator_name": "PROJECTION",
                            "cpu_time": 1.012955888,
                            "extra_info": {
                                "Projections": [
                                    "displayname",
                                    "BadgeCount",
                                    "PostCount",
                                    "TotalScore",
                                    "TotalViews",
                                    "VoteCount",
                                    "UpvoteCount"
                                ],
                                "Estimated Cardinality": "6372046"
                            },
                            "cumulative_cardinality": 53389790,
                            "operator_type": "PROJECTION",
                            "operator_cardinality": 32452,
                            "cumulative_rows_scanned": 21437368,
                            "operator_rows_scanned": 0,
                            "operator_timing": 0.0012528410000000002,
                            "result_set_size": 2855776,
                            "children": [
                                {
                                    "operator_name": "HASH_JOIN",
                                    "cpu_time": 1.0117030470000001,
                                    "extra_info": {
                                        "Join Type": "RIGHT",
                                        "Conditions": "userid = id",
                                        "Estimated Cardinality": "6372046"
                                    },
                                    "cumulative_cardinality": 53357338,
                                    "operator_type": "HASH_JOIN",
                                    "operator_cardinality": 32452,
                                    "cumulative_rows_scanned": 21437368,
                                    "operator_rows_scanned": 0,
                                    "operator_timing": 0.005054327000000002,
                                    "result_set_size": 2855776,
                                    "children": [
                                        {
                                            "operator_name": "HASH_GROUP_BY",
                                            "cpu_time": 0.4130642890000002,
                                            "extra_info": {
                                                "Groups": "#0",
                                                "Aggregates": [
                                                    "count_star()",
                                                    "sum(#1)"
                                                ],
                                                "Estimated Cardinality": "6372046"
                                            },
                                            "cumulative_cardinality": 38244437,
                                            "operator_type": "HASH_GROUP_BY",
                                            "operator_cardinality": 12143,
                                            "cumulative_rows_scanned": 12744108,
                                            "operator_rows_scanned": 0,
                                            "operator_timing": 0.08067618799999948,
                                            "result_set_size": 340004,
                                            "children": [
                                                {
                                                    "operator_name": "PROJECTION",
                                                    "cpu_time": 0.3323881010000007,
                                                    "extra_info": {
                                                        "Projections": [
                                                            "userid",
                                                            "CASE  WHEN ((name = 'UpMod')) THEN (1) ELSE 0 END"
                                                        ],
                                                        "Estimated Cardinality": "12744093"
                                                    },
                                                    "cumulative_cardinality": 38232294,
                                                    "operator_type": "PROJECTION",
                                                    "operator_cardinality": 12744093,
                                                    "cumulative_rows_scanned": 12744108,
                                                    "operator_rows_scanned": 0,
                                                    "operator_timing": 0.06597007599999972,
                                                    "result_set_size": 101952744,
                                                    "children": [
                                                        {
                                                            "operator_name": "HASH_JOIN",
                                                            "cpu_time": 0.266418025000001,
                                                            "extra_info": {
                                                                "Join Type": "INNER",
                                                                "Conditions": "votetypeid = id",
                                                                "Estimated Cardinality": "12744093"
                                                            },
                                                            "cumulative_cardinality": 25488201,
                                                            "operator_type": "HASH_JOIN",
                                                            "operator_cardinality": 12744093,
                                                            "cumulative_rows_scanned": 12744108,
                                                            "operator_rows_scanned": 0,
                                                            "operator_timing": 0.03354373400000062,
                                                            "result_set_size": 254881860,
                                                            "children": [
                                                                {
                                                                    "operator_name": "READ_PARQUET ",
                                                                    "cpu_time": 0.23257295800000038,
                                                                    "extra_info": {
                                                                        "Function": "READ_PARQUET",
                                                                        "Projections": [
                                                                            "id",
                                                                            "votetypeid",
                                                                            "userid"
                                                                        ],
                                                                        "Estimated Cardinality": "12744093"
                                                                    },
                                                                    "cumulative_cardinality": 12744093,
                                                                    "operator_type": "TABLE_SCAN",
                                                                    "operator_cardinality": 12744093,
                                                                    "cumulative_rows_scanned": 12744093,
                                                                    "operator_rows_scanned": 12744093,
                                                                    "operator_timing": 0.23257295800000038,
                                                                    "result_set_size": 127440930,
                                                                    "children": []
                                                                },
                                                                {
                                                                    "operator_name": "READ_PARQUET ",
                                                                    "cpu_time": 0.000301333,
                                                                    "extra_info": {
                                                                        "Function": "READ_PARQUET",
                                                                        "Projections": [
                                                                            "id",
                                                                            "name"
                                                                        ],
                                                                        "Estimated Cardinality": "15"
                                                                    },
                                                                    "cumulative_cardinality": 15,
                                                                    "operator_type": "TABLE_SCAN",
                                                                    "operator_cardinality": 15,
                                                                    "cumulative_rows_scanned": 15,
                                                                    "operator_rows_scanned": 15,
                                                                    "operator_timing": 0.000301333,
                                                                    "result_set_size": 270,
                                                                    "children": []
                                                                }
                                                            ]
                                                        }
                                                    ]
                                                }
                                            ]
                                        },
                                        {
                                            "operator_name": "HASH_JOIN",
                                            "cpu_time": 0.593584431,
                                            "extra_info": {
                                                "Join Type": "INNER",
                                                "Conditions": "id = owneruserid",
                                                "Estimated Cardinality": "77002"
                                            },
                                            "cumulative_cardinality": 15080449,
                                            "operator_type": "HASH_JOIN",
                                            "operator_cardinality": 32452,
                                            "cumulative_rows_scanned": 8693260,
                                            "operator_rows_scanned": 0,
                                            "operator_timing": 0.026134593000000005,
                                            "result_set_size": 2206736,
                                            "children": [
                                                {
                                                    "operator_name": "FILTER",
                                                    "cpu_time": 0.535670987,
                                                    "extra_info": {
                                                        "Expression": "(id <= 1416539)",
                                                        "Estimated Cardinality": "1260710"
                                                    },
                                                    "cumulative_cardinality": 14692007,
                                                    "operator_type": "FILTER",
                                                    "operator_cardinality": 1260679,
                                                    "cumulative_rows_scanned": 4843144,
                                                    "operator_rows_scanned": 0,
                                                    "operator_timing": 0.002241907999999999,
                                                    "result_set_size": 35299012,
                                                    "children": [
                                                        {
                                                            "operator_name": "HASH_JOIN",
                                                            "cpu_time": 0.533429079,
                                                            "extra_info": {
                                                                "Join Type": "LEFT",
                                                                "Conditions": "id = UserId",
                                                                "Estimated Cardinality": "1260710"
                                                            },
                                                            "cumulative_cardinality": 13431328,
                                                            "operator_type": "HASH_JOIN",
                                                            "operator_cardinality": 1260679,
                                                            "cumulative_rows_scanned": 4843144,
                                                            "operator_rows_scanned": 0,
                                                            "operator_timing": 0.09758813199999998,
                                                            "result_set_size": 35299012,
                                                            "children": [
                                                                {
                                                                    "operator_name": "READ_PARQUET ",
                                                                    "cpu_time": 0.081360321,
                                                                    "extra_info": {
                                                                        "Function": "READ_PARQUET",
                                                                        "Projections": [
                                                                            "id",
                                                                            "displayname"
                                                                        ],
                                                                        "Estimated Cardinality": "1260710"
                                                                    },
                                                                    "cumulative_cardinality": 1260679,
                                                                    "operator_type": "TABLE_SCAN",
                                                                    "operator_cardinality": 1260679,
                                                                    "cumulative_rows_scanned": 1260710,
                                                                    "operator_rows_scanned": 1260710,
                                                                    "operator_timing": 0.081360321,
                                                                    "result_set_size": 25213580,
                                                                    "children": []
                                                                },
                                                                {
                                                                    "operator_name": "HASH_GROUP_BY",
                                                                    "cpu_time": 0.354480626,
                                                                    "extra_info": {
                                                                        "Groups": "#0",
                                                                        "Aggregates": "count(#1)",
                                                                        "Estimated Cardinality": "1260710"
                                                                    },
                                                                    "cumulative_cardinality": 10909970,
                                                                    "operator_type": "HASH_GROUP_BY",
                                                                    "operator_cardinality": 1260710,
                                                                    "cumulative_rows_scanned": 3582434,
                                                                    "operator_rows_scanned": 0,
                                                                    "operator_timing": 0.151960602,
                                                                    "result_set_size": 15128520,
                                                                    "children": [
                                                                        {
                                                                            "operator_name": "PROJECTION",
                                                                            "cpu_time": 0.20252002400000002,
                                                                            "extra_info": {
                                                                                "Projections": [
                                                                                    "id",
                                                                                    "id"
                                                                                ],
                                                                                "Estimated Cardinality": "2321724"
                                                                            },
                                                                            "cumulative_cardinality": 9649260,
                                                                            "operator_type": "PROJECTION",
                                                                            "operator_cardinality": 3033413,
                                                                            "cumulative_rows_scanned": 3582434,
                                                                            "operator_rows_scanned": 0,
                                                                            "operator_timing": 0.0003668059999999992,
                                                                            "result_set_size": 24267304,
                                                                            "children": [
                                                                                {
                                                                                    "operator_name": "HASH_JOIN",
                                                                                    "cpu_time": 0.20215321800000002,
                                                                                    "extra_info": {
                                                                                        "Join Type": "RIGHT",
                                                                                        "Conditions": "userid = id",
                                                                                        "Estimated Cardinality": "2321724"
                                                                                    },
                                                                                    "cumulative_cardinality": 6615847,
                                                                                    "operator_type": "HASH_JOIN",
                                                                                    "operator_cardinality": 3033413,
                                                                                    "cumulative_rows_scanned": 3582434,
                                                                                    "operator_rows_scanned": 0,
                                                                                    "operator_timing": 0.15244259600000004,
                                                                                    "result_set_size": 24267304,
                                                                                    "children": [
                                                                                        {
                                                                                            "operator_name": "READ_PARQUET ",
                                                                                            "cpu_time": 0.04356289899999998,
                                                                                            "extra_info": {
                                                                                                "Function": "READ_PARQUET",
                                                                                                "Projections": [
                                                                                                    "id",
                                                                                                    "userid"
                                                                                                ],
                                                                                                "Estimated Cardinality": "2321724"
                                                                                            },
                                                                                            "cumulative_cardinality": 2321724,
                                                                                            "operator_type": "TABLE_SCAN",
                                                                                            "operator_cardinality": 2321724,
                                                                                            "cumulative_rows_scanned": 2321724,
                                                                                            "operator_rows_scanned": 2321724,
                                                                                            "operator_timing": 0.04356289899999998,
                                                                                            "result_set_size": 18573792,
                                                                                            "children": []
                                                                                        },
                                                                                        {
                                                                                            "operator_name": "READ_PARQUET ",
                                                                                            "cpu_time": 0.006147723000000004,
                                                                                            "extra_info": {
                                                                                                "Function": "READ_PARQUET",
                                                                                                "Projections": "id",
                                                                                                "Estimated Cardinality": "1260710"
                                                                                            },
                                                                                            "cumulative_cardinality": 1260710,
                                                                                            "operator_type": "TABLE_SCAN",
                                                                                            "operator_cardinality": 1260710,
                                                                                            "cumulative_rows_scanned": 1260710,
                                                                                            "operator_rows_scanned": 1260710,
                                                                                            "operator_timing": 0.006147723000000004,
                                                                                            "result_set_size": 5042840,
                                                                                            "children": []
                                                                                        }
                                                                                    ]
                                                                                }
                                                                            ]
                                                                        }
                                                                    ]
                                                                }
                                                            ]
                                                        }
                                                    ]
                                                },
                                                {
                                                    "operator_name": "FILTER",
                                                    "cpu_time": 0.031778851,
                                                    "extra_info": {
                                                        "Expression": "(COALESCE(PostCount, 0) > 0)",
                                                        "Estimated Cardinality": "77002"
                                                    },
                                                    "cumulative_cardinality": 355990,
                                                    "operator_type": "FILTER",
                                                    "operator_cardinality": 32453,
                                                    "cumulative_rows_scanned": 3850116,
                                                    "operator_rows_scanned": 0,
                                                    "operator_timing": 0.00025636699999999997,
                                                    "result_set_size": 1427932,
                                                    "children": [
                                                        {
                                                            "operator_name": "HASH_GROUP_BY",
                                                            "cpu_time": 0.031522483999999996,
                                                            "extra_info": {
                                                                "Groups": "#0",
                                                                "Aggregates": [
                                                                    "count_star()",
                                                                    "sum(#1)",
                                                                    "sum(#2)"
                                                                ],
                                                                "Estimated Cardinality": "385011"
                                                            },
                                                            "cumulative_cardinality": 323537,
                                                            "operator_type": "HASH_GROUP_BY",
                                                            "operator_cardinality": 32453,
                                                            "cumulative_rows_scanned": 3850116,
                                                            "operator_rows_scanned": 0,
                                                            "operator_timing": 0.005314798999999999,
                                                            "result_set_size": 1427932,
                                                            "children": [
                                                                {
                                                                    "operator_name": "PROJECTION",
                                                                    "cpu_time": 0.026207684999999998,
                                                                    "extra_info": {
                                                                        "Projections": [
                                                                            "owneruserid",
                                                                            "score",
                                                                            "viewcount"
                                                                        ],
                                                                        "Estimated Cardinality": "770023"
                                                                    },
                                                                    "cumulative_cardinality": 291084,
                                                                    "operator_type": "PROJECTION",
                                                                    "operator_cardinality": 145542,
                                                                    "cumulative_rows_scanned": 3850116,
                                                                    "operator_rows_scanned": 0,
                                                                    "operator_timing": 0.000017322999999999993,
                                                                    "result_set_size": 1746504,
                                                                    "children": [
                                                                        {
                                                                            "operator_name": "READ_PARQUET ",
                                                                            "cpu_time": 0.026190362,
                                                                            "extra_info": {
                                                                                "Function": "READ_PARQUET",
                                                                                "Projections": [
                                                                                    "id",
                                                                                    "score",
                                                                                    "viewcount",
                                                                                    "owneruserid"
                                                                                ],
                                                                                "Filters": "creationdate>='2023-10-01 12:34:56'::TIMESTAMP",
                                                                                "Estimated Cardinality": "770023"
                                                                            },
                                                                            "cumulative_cardinality": 145542,
                                                                            "operator_type": "TABLE_SCAN",
                                                                            "operator_cardinality": 145542,
                                                                            "cumulative_rows_scanned": 3850116,
                                                                            "operator_rows_scanned": 3850116,
                                                                            "operator_timing": 0.026190362,
                                                                            "result_set_size": 2328672,
                                                                            "children": []
                                                                        }
                                                                    ]
                                                                }
                                                            ]
                                                        }
                                                    ]
                                                }
                                            ]
                                        }
                                    ]
                                }
                            ]
                        }
                    ]
                }
            ]
        }
    ]
}