{
    "rows_returned": 322,
    "query_name": "WITH UserActivity AS (\n    SELECT \n        U.Id AS UserId,\n        U.DisplayName,\n        U.Reputation,\n        COALESCE(SUM(CASE WHEN P.PostTypeId = 2 THEN 1 ELSE 0 END), 0) AS AnswerCount,\n        COALESCE(SUM(CASE WHEN P.PostTypeId = 1 THEN 1 ELSE 0 END), 0) AS QuestionCount,\n        COALESCE(SUM(CASE WHEN V.VoteTypeId = 2 THEN 1 ELSE 0 END), 0) AS Upvotes,\n        COALESCE(SUM(CASE WHEN V.VoteTypeId = 3 THEN 1 ELSE 0 END), 0) AS Downvotes\n    FROM \n        Users U\n    LEFT JOIN \n        Posts P ON U.Id = P.OwnerUserId\n    LEFT JOIN \n        Votes V ON P.Id = V.PostId\n    GROUP BY \n        U.Id, U.DisplayName, U.Reputation\n),\nPostStatistics AS (\n    SELECT \n        P.Id AS PostId,\n        P.Title,\n        P.CreationDate,\n        P.ViewCount,\n        P.Score,\n        U.DisplayName AS OwnerDisplayName,\n        COALESCE(COUNT(CASE WHEN C.Id IS NOT NULL THEN 1 END), 0) AS CommentCount,\n        COALESCE(SUM(CASE WHEN V.VoteTypeId = 2 THEN 1 ELSE 0 END), 0) AS UpvoteCount,\n        COALESCE(SUM(CASE WHEN V.VoteTypeId = 3 THEN 1 ELSE 0 END), 0) AS DownvoteCount\n    FROM \n        Posts P\n    LEFT JOIN \n        Users U ON P.OwnerUserId = U.Id\n    LEFT JOIN \n        Comments C ON P.Id = C.PostId\n    LEFT JOIN \n        Votes V ON P.Id = V.PostId\n    GROUP BY \n        P.Id, P.Title, P.CreationDate, P.ViewCount, P.Score, U.DisplayName\n),\nTopUsers AS (\n    SELECT \n        UserId,\n        DisplayName,\n        Reputation,\n        AnswerCount + QuestionCount AS ActivityScore\n    FROM \n        UserActivity\n    ORDER BY \n        ActivityScore DESC\n    LIMIT 10\n)\n\nSELECT \n    PS.Title,\n    PS.CreationDate,\n    PS.ViewCount,\n    PS.Score,\n    PS.CommentCount,\n    PS.UpvoteCount,\n    PS.DownvoteCount,\n    TU.DisplayName AS TopUser,\n    TU.Reputation\nFROM \n    PostStatistics PS\nJOIN \n    TopUsers TU ON PS.OwnerDisplayName = TU.DisplayName\nWHERE \n    PS.ViewCount > 100\nORDER BY \n    PS.Score DESC, PS.ViewCount DESC;\n",
    "blocked_thread_time": 0.0,
    "cpu_time": 6.638173928999993,
    "extra_info": {},
    "cumulative_cardinality": 169629242,
    "cumulative_rows_scanned": 42951660,
    "result_set_size": 29624,
    "latency": 7.879912141,
    "children": [
        {
            "operator_name": "PROJECTION",
            "cpu_time": 6.638173928999993,
            "extra_info": {
                "Projections": [
                    "#0",
                    "#1",
                    "#2",
                    "__internal_decompress_integral_integer(#3, -72)",
                    "#4",
                    "#5",
                    "#6",
                    "#7",
                    "#8"
                ],
                "Estimated Cardinality": "30"
            },
            "cumulative_cardinality": 169629242,
            "operator_type": "PROJECTION",
            "operator_cardinality": 322,
            "cumulative_rows_scanned": 42951660,
            "operator_rows_scanned": 0,
            "operator_timing": 0.000001924,
            "result_set_size": 29624,
            "children": [
                {
                    "operator_name": "ORDER_BY",
                    "cpu_time": 6.638172004999992,
                    "extra_info": {
                        "Order By": [
                            "PS.Score DESC",
                            "PS.ViewCount DESC"
                        ]
                    },
                    "cumulative_cardinality": 169628920,
                    "operator_type": "ORDER_BY",
                    "operator_cardinality": 322,
                    "cumulative_rows_scanned": 42951660,
                    "operator_rows_scanned": 0,
                    "operator_timing": 0.00010199,
                    "result_set_size": 28980,
                    "children": [
                        {
                            "operator_name": "PROJECTION",
                            "cpu_time": 6.638070014999992,
                            "extra_info": {
                                "Projections": [
                                    "#0",
                                    "#1",
                                    "#2",
                                    "__internal_compress_integral_usmallint(#3, -72)",
                                    "#4",
                                    "#5",
                                    "#6",
                                    "#7",
                                    "#8"
                                ],
                                "Estimated Cardinality": "30"
                            },
                            "cumulative_cardinality": 169628598,
                            "operator_type": "PROJECTION",
                            "operator_cardinality": 322,
                            "cumulative_rows_scanned": 42951660,
                            "operator_rows_scanned": 0,
                            "operator_timing": 0.00000565,
                            "result_set_size": 28980,
                            "children": [
                                {
                                    "operator_name": "PROJECTION",
                                    "cpu_time": 6.638064364999992,
                                    "extra_info": {
                                        "Projections": [
                                            "title",
                                            "creationdate",
                                            "viewcount",
                                            "score",
                                            "CommentCount",
                                            "UpvoteCount",
                                            "DownvoteCount",
                                            "TopUser",
                                            "reputation"
                                        ],
                                        "Estimated Cardinality": "30"
                                    },
                                    "cumulative_cardinality": 169628276,
                                    "operator_type": "PROJECTION",
                                    "operator_cardinality": 322,
                                    "cumulative_rows_scanned": 42951660,
                                    "operator_rows_scanned": 0,
                                    "operator_timing": 0.000003656,
                                    "result_set_size": 29624,
                                    "children": [
                                        {
                                            "operator_name": "HASH_JOIN",
                                            "cpu_time": 6.638060708999992,
                                            "extra_info": {
                                                "Join Type": "INNER",
                                                "Conditions": "OwnerDisplayName = displayname",
                                                "Estimated Cardinality": "30"
                                            },
                                            "cumulative_cardinality": 169627954,
                                            "operator_type": "HASH_JOIN",
                                            "operator_cardinality": 322,
                                            "cumulative_rows_scanned": 42951660,
                                            "operator_rows_scanned": 0,
                                            "operator_timing": 0.03865570199999995,
                                            "result_set_size": 29624,
                                            "children": [
                                                {
                                                    "operator_name": "PROJECTION",
                                                    "cpu_time": 4.109347342999997,
                                                    "extra_info": {
                                                        "Projections": [
                                                            "title",
                                                            "creationdate",
                                                            "viewcount",
                                                            "score",
                                                            "OwnerDisplayName",
                                                            "CommentCount",
                                                            "UpvoteCount",
                                                            "DownvoteCount"
                                                        ],
                                                        "Estimated Cardinality": "3850116"
                                                    },
                                                    "cumulative_cardinality": 103782712,
                                                    "operator_type": "PROJECTION",
                                                    "operator_cardinality": 1042469,
                                                    "cumulative_rows_scanned": 25096741,
                                                    "operator_rows_scanned": 0,
                                                    "operator_timing": 0.019473173000000007,
                                                    "result_set_size": 91737272,
                                                    "children": [
                                                        {
                                                            "operator_name": "PROJECTION",
                                                            "cpu_time": 4.089874169999997,
                                                            "extra_info": {
                                                                "Projections": [
                                                                    "#0",
                                                                    "#1",
                                                                    "#2",
                                                                    "#3",
                                                                    "__internal_decompress_integral_integer(#4, -72)",
                                                                    "#5",
                                                                    "#6",
                                                                    "#7",
                                                                    "#8"
                                                                ],
                                                                "Estimated Cardinality": "3850116"
                                                            },
                                                            "cumulative_cardinality": 102740243,
                                                            "operator_type": "PROJECTION",
                                                            "operator_cardinality": 1042469,
                                                            "cumulative_rows_scanned": 25096741,
                                                            "operator_rows_scanned": 0,
                                                            "operator_timing": 0.0004640949999999998,
                                                            "result_set_size": 95907148,
                                                            "children": [
                                                                {
                                                                    "operator_name": "HASH_GROUP_BY",
                                                                    "cpu_time": 4.089410074999997,
                                                                    "extra_info": {
                                                                        "Groups": [
                                                                            "#0",
                                                                            "#1",
                                                                            "#2",
                                                                            "#3",
                                                                            "#4",
                                                                            "#5"
                                                                        ],
                                                                        "Aggregates": [
                                                                            "count(#6)",
                                                                            "sum(#7)",
                                                                            "sum(#8)"
                                                                        ],
                                                                        "Estimated Cardinality": "3850116"
                                                                    },
                                                                    "cumulative_cardinality": 101697774,
                                                                    "operator_type": "HASH_GROUP_BY",
                                                                    "operator_cardinality": 1042469,
                                                                    "cumulative_rows_scanned": 25096741,
                                                                    "operator_rows_scanned": 0,
                                                                    "operator_timing": 1.4445148279999969,
                                                                    "result_set_size": 93822210,
                                                                    "children": [
                                                                        {
                                                                            "operator_name": "PROJECTION",
                                                                            "cpu_time": 2.6448952470000004,
                                                                            "extra_info": {
                                                                                "Projections": [
                                                                                    "id",
                                                                                    "title",
                                                                                    "creationdate",
                                                                                    "viewcount",
                                                                                    "score",
                                                                                    "displayname",
                                                                                    "CASE  WHEN ((id IS NOT NULL)) THEN (1) ELSE NULL END",
                                                                                    "CASE  WHEN ((votetypeid = 2)) THEN (1) ELSE 0 END",
                                                                                    "CASE  WHEN ((votetypeid = 3)) THEN (1) ELSE 0 END"
                                                                                ],
                                                                                "Estimated Cardinality": "12744093"
                                                                            },
                                                                            "cumulative_cardinality": 100655305,
                                                                            "operator_type": "PROJECTION",
                                                                            "operator_cardinality": 14348909,
                                                                            "cumulative_rows_scanned": 25096741,
                                                                            "operator_rows_scanned": 0,
                                                                            "operator_timing": 0.11250926700000008,
                                                                            "result_set_size": 889632358,
                                                                            "children": [
                                                                                {
                                                                                    "operator_name": "PROJECTION",
                                                                                    "cpu_time": 2.5323859800000004,
                                                                                    "extra_info": {
                                                                                        "Projections": [
                                                                                            "#0",
                                                                                            "#1",
                                                                                            "#2",
                                                                                            "#3",
                                                                                            "__internal_compress_integral_usmallint(#4, -72)",
                                                                                            "#5",
                                                                                            "#6",
                                                                                            "#7"
                                                                                        ],
                                                                                        "Estimated Cardinality": "12744093"
                                                                                    },
                                                                                    "cumulative_cardinality": 86306396,
                                                                                    "operator_type": "PROJECTION",
                                                                                    "operator_cardinality": 14348909,
                                                                                    "cumulative_rows_scanned": 25096741,
                                                                                    "operator_rows_scanned": 0,
                                                                                    "operator_timing": 0.031243185,
                                                                                    "result_set_size": 803538904,
                                                                                    "children": [
                                                                                        {
                                                                                            "operator_name": "PROJECTION",
                                                                                            "cpu_time": 2.5011427950000003,
                                                                                            "extra_info": {
                                                                                                "Projections": [
                                                                                                    "#0",
                                                                                                    "#1",
                                                                                                    "#2",
                                                                                                    "#3",
                                                                                                    "#4",
                                                                                                    "#5",
                                                                                                    "#6",
                                                                                                    "__internal_decompress_integral_smallint(#7, 1)"
                                                                                                ],
                                                                                                "Estimated Cardinality": "12744093"
                                                                                            },
                                                                                            "cumulative_cardinality": 71957487,
                                                                                            "operator_type": "PROJECTION",
                                                                                            "operator_cardinality": 14348909,
                                                                                            "cumulative_rows_scanned": 25096741,
                                                                                            "operator_rows_scanned": 0,
                                                                                            "operator_timing": 0.039765103000000177,
                                                                                            "result_set_size": 832236722,
                                                                                            "children": [
                                                                                                {
                                                                                                    "operator_name": "HASH_JOIN",
                                                                                                    "cpu_time": 2.461377692,
                                                                                                    "extra_info": {
                                                                                                        "Join Type": "LEFT",
                                                                                                        "Conditions": "id = postid",
                                                                                                        "Estimated Cardinality": "12744093"
                                                                                                    },
                                                                                                    "cumulative_cardinality": 57608578,
                                                                                                    "operator_type": "HASH_JOIN",
                                                                                                    "operator_cardinality": 14348909,
                                                                                                    "cumulative_rows_scanned": 25096741,
                                                                                                    "operator_rows_scanned": 0,
                                                                                                    "operator_timing": 0.9134421500000017,
                                                                                                    "result_set_size": 817887813,
                                                                                                    "children": [
                                                                                                        {
                                                                                                            "operator_name": "PROJECTION",
                                                                                                            "cpu_time": 1.414035343999999,
                                                                                                            "extra_info": {
                                                                                                                "Projections": [
                                                                                                                    "#0",
                                                                                                                    "#1",
                                                                                                                    "#2",
                                                                                                                    "#3",
                                                                                                                    "__internal_decompress_integral_integer(#4, -72)",
                                                                                                                    "#5",
                                                                                                                    "#6"
                                                                                                                ],
                                                                                                                "Estimated Cardinality": "7241822"
                                                                                                            },
                                                                                                            "cumulative_cardinality": 17771483,
                                                                                                            "operator_type": "PROJECTION",
                                                                                                            "operator_cardinality": 3071374,
                                                                                                            "cumulative_rows_scanned": 12352648,
                                                                                                            "operator_rows_scanned": 0,
                                                                                                            "operator_timing": 0.018583383999999994,
                                                                                                            "result_set_size": 171996944,
                                                                                                            "children": [
                                                                                                                {
                                                                                                                    "operator_name": "HASH_JOIN",
                                                                                                                    "cpu_time": 1.395451959999999,
                                                                                                                    "extra_info": {
                                                                                                                        "Join Type": "RIGHT",
                                                                                                                        "Conditions": "postid = id",
                                                                                                                        "Estimated Cardinality": "7241822"
                                                                                                                    },
                                                                                                                    "cumulative_cardinality": 14700109,
                                                                                                                    "operator_type": "HASH_JOIN",
                                                                                                                    "operator_cardinality": 3071374,
                                                                                                                    "cumulative_rows_scanned": 12352648,
                                                                                                                    "operator_rows_scanned": 0,
                                                                                                                    "operator_timing": 0.475271753999999,
                                                                                                                    "result_set_size": 165854196,
                                                                                                                    "children": [
                                                                                                                        {
                                                                                                                            "operator_name": "READ_PARQUET ",
                                                                                                                            "cpu_time": 0.15001199499999981,
                                                                                                                            "extra_info": {
                                                                                                                                "Function": "READ_PARQUET",
                                                                                                                                "Projections": [
                                                                                                                                    "id",
                                                                                                                                    "postid"
                                                                                                                                ],
                                                                                                                                "Estimated Cardinality": "7241822"
                                                                                                                            },
                                                                                                                            "cumulative_cardinality": 7241761,
                                                                                                                            "operator_type": "TABLE_SCAN",
                                                                                                                            "operator_cardinality": 7241761,
                                                                                                                            "cumulative_rows_scanned": 7241822,
                                                                                                                            "operator_rows_scanned": 7241822,
                                                                                                                            "operator_timing": 0.15001199499999981,
                                                                                                                            "result_set_size": 57934088,
                                                                                                                            "children": []
                                                                                                                        },
                                                                                                                        {
                                                                                                                            "operator_name": "PROJECTION",
                                                                                                                            "cpu_time": 0.7701682110000003,
                                                                                                                            "extra_info": {
                                                                                                                                "Projections": [
                                                                                                                                    "#0",
                                                                                                                                    "#1",
                                                                                                                                    "#2",
                                                                                                                                    "__internal_compress_integral_usmallint(#3, -72)",
                                                                                                                                    "#4",
                                                                                                                                    "#5"
                                                                                                                                ],
                                                                                                                                "Estimated Cardinality": "1260710"
                                                                                                                            },
                                                                                                                            "cumulative_cardinality": 4386974,
                                                                                                                            "operator_type": "PROJECTION",
                                                                                                                            "operator_cardinality": 1042469,
                                                                                                                            "cumulative_rows_scanned": 5110826,
                                                                                                                            "operator_rows_scanned": 0,
                                                                                                                            "operator_timing": 0.0012126060000000002,
                                                                                                                            "result_set_size": 52123450,
                                                                                                                            "children": [
                                                                                                                                {
                                                                                                                                    "operator_name": "HASH_JOIN",
                                                                                                                                    "cpu_time": 0.7689556050000004,
                                                                                                                                    "extra_info": {
                                                                                                                                        "Join Type": "RIGHT",
                                                                                                                                        "Conditions": "id = owneruserid",
                                                                                                                                        "Estimated Cardinality": "1260710"
                                                                                                                                    },
                                                                                                                                    "cumulative_cardinality": 3344505,
                                                                                                                                    "operator_type": "HASH_JOIN",
                                                                                                                                    "operator_cardinality": 1042469,
                                                                                                                                    "cumulative_rows_scanned": 5110826,
                                                                                                                                    "operator_rows_scanned": 0,
                                                                                                                                    "operator_timing": 0.21814098299999996,
                                                                                                                                    "result_set_size": 54208388,
                                                                                                                                    "children": [
                                                                                                                                        {
                                                                                                                                            "operator_name": "READ_PARQUET ",
                                                                                                                                            "cpu_time": 0.08625300600000005,
                                                                                                                                            "extra_info": {
                                                                                                                                                "Function": "READ_PARQUET",
                                                                                                                                                "Projections": [
                                                                                                                                                    "id",
                                                                                                                                                    "displayname"
                                                                                                                                                ],
                                                                                                                                                "Estimated Cardinality": "1260710"
                                                                                                                                            },
                                                                                                                                            "cumulative_cardinality": 1259567,
                                                                                                                                            "operator_type": "TABLE_SCAN",
                                                                                                                                            "operator_cardinality": 1259567,
                                                                                                                                            "cumulative_rows_scanned": 1260710,
                                                                                                                                            "operator_rows_scanned": 1260710,
                                                                                                                                            "operator_timing": 0.08625300600000005,
                                                                                                                                            "result_set_size": 25191340,
                                                                                                                                            "children": []
                                                                                                                                        },
                                                                                                                                        {
                                                                                                                                            "operator_name": "READ_PARQUET ",
                                                                                                                                            "cpu_time": 0.4645616160000003,
                                                                                                                                            "extra_info": {
                                                                                                                                                "Function": "READ_PARQUET",
                                                                                                                                                "Projections": [
                                                                                                                                                    "id",
                                                                                                                                                    "creationdate",
                                                                                                                                                    "score",
                                                                                                                                                    "viewcount",
                                                                                                                                                    "owneruserid",
                                                                                                                                                    "title"
                                                                                                                                                ],
                                                                                                                                                "Filters": "viewcount>100",
                                                                                                                                                "Estimated Cardinality": "770023"
                                                                                                                                            },
                                                                                                                                            "cumulative_cardinality": 1042469,
                                                                                                                                            "operator_type": "TABLE_SCAN",
                                                                                                                                            "operator_cardinality": 1042469,
                                                                                                                                            "cumulative_rows_scanned": 3850116,
                                                                                                                                            "operator_rows_scanned": 3850116,
                                                                                                                                            "operator_timing": 0.4645616160000003,
                                                                                                                                            "result_set_size": 41698760,
                                                                                                                                            "children": []
                                                                                                                                        }
                                                                                                                                    ]
                                                                                                                                }
                                                                                                                            ]
                                                                                                                        }
                                                                                                                    ]
                                                                                                                }
                                                                                                            ]
                                                                                                        },
                                                                                                        {
                                                                                                            "operator_name": "PROJECTION",
                                                                                                            "cpu_time": 0.13390019799999928,
                                                                                                            "extra_info": {
                                                                                                                "Projections": [
                                                                                                                    "#0",
                                                                                                                    "__internal_compress_integral_utinyint(#1, 1)"
                                                                                                                ],
                                                                                                                "Estimated Cardinality": "12744093"
                                                                                                            },
                                                                                                            "cumulative_cardinality": 25488186,
                                                                                                            "operator_type": "PROJECTION",
                                                                                                            "operator_cardinality": 12744093,
                                                                                                            "cumulative_rows_scanned": 12744093,
                                                                                                            "operator_rows_scanned": 0,
                                                                                                            "operator_timing": 0.003617484999999982,
                                                                                                            "result_set_size": 63720465,
                                                                                                            "children": [
                                                                                                                {
                                                                                                                    "operator_name": "READ_PARQUET ",
                                                                                                                    "cpu_time": 0.1302827129999993,
                                                                                                                    "extra_info": {
                                                                                                                        "Function": "READ_PARQUET",
                                                                                                                        "Projections": [
                                                                                                                            "postid",
                                                                                                                            "votetypeid"
                                                                                                                        ],
                                                                                                                        "Estimated Cardinality": "12744093"
                                                                                                                    },
                                                                                                                    "cumulative_cardinality": 12744093,
                                                                                                                    "operator_type": "TABLE_SCAN",
                                                                                                                    "operator_cardinality": 12744093,
                                                                                                                    "cumulative_rows_scanned": 12744093,
                                                                                                                    "operator_rows_scanned": 12744093,
                                                                                                                    "operator_timing": 0.1302827129999993,
                                                                                                                    "result_set_size": 76464558,
                                                                                                                    "children": []
                                                                                                                }
                                                                                                            ]
                                                                                                        }
                                                                                                    ]
                                                                                                }
                                                                                            ]
                                                                                        }
                                                                                    ]
                                                                                }
                                                                            ]
                                                                        }
                                                                    ]
                                                                }
                                                            ]
                                                        }
                                                    ]
                                                },
                                                {
                                                    "operator_name": "STREAMING_LIMIT",
                                                    "cpu_time": 2.490057663999996,
                                                    "extra_info": {},
                                                    "cumulative_cardinality": 65844920,
                                                    "operator_type": "STREAMING_LIMIT",
                                                    "operator_cardinality": 10,
                                                    "cumulative_rows_scanned": 17854919,
                                                    "operator_rows_scanned": 0,
                                                    "operator_timing": 0.000003587,
                                                    "result_set_size": 360,
                                                    "children": [
                                                        {
                                                            "operator_name": "ORDER_BY",
                                                            "cpu_time": 2.490054076999996,
                                                            "extra_info": {
                                                                "Order By": "(UserActivity.AnswerCount + UserActivity.QuestionCount) DESC"
                                                            },
                                                            "cumulative_cardinality": 65844910,
                                                            "operator_type": "ORDER_BY",
                                                            "operator_cardinality": 4096,
                                                            "cumulative_rows_scanned": 17854919,
                                                            "operator_rows_scanned": 0,
                                                            "operator_timing": 0.04486286999999995,
                                                            "result_set_size": 147456,
                                                            "children": [
                                                                {
                                                                    "operator_name": "PROJECTION",
                                                                    "cpu_time": 2.445191206999996,
                                                                    "extra_info": {
                                                                        "Projections": [
                                                                            "displayname",
                                                                            "reputation",
                                                                            "ActivityScore"
                                                                        ],
                                                                        "Estimated Cardinality": "1260710"
                                                                    },
                                                                    "cumulative_cardinality": 65840814,
                                                                    "operator_type": "PROJECTION",
                                                                    "operator_cardinality": 1260710,
                                                                    "cumulative_rows_scanned": 17854919,
                                                                    "operator_rows_scanned": 0,
                                                                    "operator_timing": 0.014033230000000022,
                                                                    "result_set_size": 45385560,
                                                                    "children": [
                                                                        {
                                                                            "operator_name": "PROJECTION",
                                                                            "cpu_time": 2.4311579769999963,
                                                                            "extra_info": {
                                                                                "Projections": [
                                                                                    "displayname",
                                                                                    "reputation",
                                                                                    "AnswerCount",
                                                                                    "QuestionCount"
                                                                                ],
                                                                                "Estimated Cardinality": "1260710"
                                                                            },
                                                                            "cumulative_cardinality": 64580104,
                                                                            "operator_type": "PROJECTION",
                                                                            "operator_cardinality": 1260710,
                                                                            "cumulative_rows_scanned": 17854919,
                                                                            "operator_rows_scanned": 0,
                                                                            "operator_timing": 0.018037715000000003,
                                                                            "result_set_size": 65556920,
                                                                            "children": [
                                                                                {
                                                                                    "operator_name": "HASH_GROUP_BY",
                                                                                    "cpu_time": 2.413120261999996,
                                                                                    "extra_info": {
                                                                                        "Groups": [
                                                                                            "#0",
                                                                                            "#1",
                                                                                            "#2"
                                                                                        ],
                                                                                        "Aggregates": [
                                                                                            "sum(#3)",
                                                                                            "sum(#4)"
                                                                                        ],
                                                                                        "Estimated Cardinality": "1260710"
                                                                                    },
                                                                                    "cumulative_cardinality": 63319394,
                                                                                    "operator_type": "HASH_GROUP_BY",
                                                                                    "operator_cardinality": 1260710,
                                                                                    "cumulative_rows_scanned": 17854919,
                                                                                    "operator_rows_scanned": 0,
                                                                                    "operator_timing": 0.841447614999999,
                                                                                    "result_set_size": 70599760,
                                                                                    "children": [
                                                                                        {
                                                                                            "operator_name": "PROJECTION",
                                                                                            "cpu_time": 1.571672646999997,
                                                                                            "extra_info": {
                                                                                                "Projections": [
                                                                                                    "id",
                                                                                                    "displayname",
                                                                                                    "reputation",
                                                                                                    "CASE  WHEN ((posttypeid = 2)) THEN (1) ELSE 0 END",
                                                                                                    "CASE  WHEN ((posttypeid = 1)) THEN (1) ELSE 0 END"
                                                                                                ],
                                                                                                "Estimated Cardinality": "12744093"
                                                                                            },
                                                                                            "cumulative_cardinality": 62058684,
                                                                                            "operator_type": "PROJECTION",
                                                                                            "operator_cardinality": 11739825,
                                                                                            "cumulative_rows_scanned": 17854919,
                                                                                            "operator_rows_scanned": 0,
                                                                                            "operator_timing": 0.047481593000000016,
                                                                                            "result_set_size": 375674400,
                                                                                            "children": [
                                                                                                {
                                                                                                    "operator_name": "PROJECTION",
                                                                                                    "cpu_time": 1.524191053999997,
                                                                                                    "extra_info": {
                                                                                                        "Projections": [
                                                                                                            "#0",
                                                                                                            "#2",
                                                                                                            "#3",
                                                                                                            "#4",
                                                                                                            "__internal_decompress_integral_smallint(#1, 1)"
                                                                                                        ],
                                                                                                        "Estimated Cardinality": "12744093"
                                                                                                    },
                                                                                                    "cumulative_cardinality": 50318859,
                                                                                                    "operator_type": "PROJECTION",
                                                                                                    "operator_cardinality": 11739825,
                                                                                                    "cumulative_rows_scanned": 17854919,
                                                                                                    "operator_rows_scanned": 0,
                                                                                                    "operator_timing": 0.005491110000000023,
                                                                                                    "result_set_size": 352194750,
                                                                                                    "children": [
                                                                                                        {
                                                                                                            "operator_name": "HASH_JOIN",
                                                                                                            "cpu_time": 1.5186999439999969,
                                                                                                            "extra_info": {
                                                                                                                "Join Type": "RIGHT",
                                                                                                                "Conditions": "postid = id",
                                                                                                                "Estimated Cardinality": "12744093"
                                                                                                            },
                                                                                                            "cumulative_cardinality": 38579034,
                                                                                                            "operator_type": "HASH_JOIN",
                                                                                                            "operator_cardinality": 11739825,
                                                                                                            "cumulative_rows_scanned": 17854919,
                                                                                                            "operator_rows_scanned": 0,
                                                                                                            "operator_timing": 0.9070675489999959,
                                                                                                            "result_set_size": 340454925,
                                                                                                            "children": [
                                                                                                                {
                                                                                                                    "operator_name": "READ_PARQUET ",
                                                                                                                    "cpu_time": 0.14607927700000026,
                                                                                                                    "extra_info": {
                                                                                                                        "Function": "READ_PARQUET",
                                                                                                                        "Projections": "postid",
                                                                                                                        "Estimated Cardinality": "12744093"
                                                                                                                    },
                                                                                                                    "cumulative_cardinality": 12744093,
                                                                                                                    "operator_type": "TABLE_SCAN",
                                                                                                                    "operator_cardinality": 12744093,
                                                                                                                    "cumulative_rows_scanned": 12744093,
                                                                                                                    "operator_rows_scanned": 12744093,
                                                                                                                    "operator_timing": 0.14607927700000026,
                                                                                                                    "result_set_size": 50976372,
                                                                                                                    "children": []
                                                                                                                },
                                                                                                                {
                                                                                                                    "operator_name": "PROJECTION",
                                                                                                                    "cpu_time": 0.4655531180000007,
                                                                                                                    "extra_info": {
                                                                                                                        "Projections": [
                                                                                                                            "#0",
                                                                                                                            "__internal_compress_integral_utinyint(#1, 1)",
                                                                                                                            "#2",
                                                                                                                            "#3",
                                                                                                                            "#4"
                                                                                                                        ],
                                                                                                                        "Estimated Cardinality": "3850116"
                                                                                                                    },
                                                                                                                    "cumulative_cardinality": 14095116,
                                                                                                                    "operator_type": "PROJECTION",
                                                                                                                    "operator_cardinality": 4574495,
                                                                                                                    "cumulative_rows_scanned": 5110826,
                                                                                                                    "operator_rows_scanned": 0,
                                                                                                                    "operator_timing": 0.002319713,
                                                                                                                    "result_set_size": 132660355,
                                                                                                                    "children": [
                                                                                                                        {
                                                                                                                            "operator_name": "HASH_JOIN",
                                                                                                                            "cpu_time": 0.4632334050000007,
                                                                                                                            "extra_info": {
                                                                                                                                "Join Type": "RIGHT",
                                                                                                                                "Conditions": "owneruserid = id",
                                                                                                                                "Estimated Cardinality": "3850116"
                                                                                                                            },
                                                                                                                            "cumulative_cardinality": 9520621,
                                                                                                                            "operator_type": "HASH_JOIN",
                                                                                                                            "operator_cardinality": 4574495,
                                                                                                                            "cumulative_rows_scanned": 5110826,
                                                                                                                            "operator_rows_scanned": 0,
                                                                                                                            "operator_timing": 0.27275346200000045,
                                                                                                                            "result_set_size": 137234850,
                                                                                                                            "children": [
                                                                                                                                {
                                                                                                                                    "operator_name": "READ_PARQUET ",
                                                                                                                                    "cpu_time": 0.10659282600000028,
                                                                                                                                    "extra_info": {
                                                                                                                                        "Function": "READ_PARQUET",
                                                                                                                                        "Projections": [
                                                                                                                                            "id",
                                                                                                                                            "posttypeid",
                                                                                                                                            "owneruserid"
                                                                                                                                        ],
                                                                                                                                        "Estimated Cardinality": "3850116"
                                                                                                                                    },
                                                                                                                                    "cumulative_cardinality": 3685416,
                                                                                                                                    "operator_type": "TABLE_SCAN",
                                                                                                                                    "operator_cardinality": 3685416,
                                                                                                                                    "cumulative_rows_scanned": 3850116,
                                                                                                                                    "operator_rows_scanned": 3850116,
                                                                                                                                    "operator_timing": 0.10659282600000028,
                                                                                                                                    "result_set_size": 36854160,
                                                                                                                                    "children": []
                                                                                                                                },
                                                                                                                                {
                                                                                                                                    "operator_name": "READ_PARQUET ",
                                                                                                                                    "cpu_time": 0.08388711700000001,
                                                                                                                                    "extra_info": {
                                                                                                                                        "Function": "READ_PARQUET",
                                                                                                                                        "Projections": [
                                                                                                                                            "id",
                                                                                                                                            "reputation",
                                                                                                                                            "displayname"
                                                                                                                                        ],
                                                                                                                                        "Estimated Cardinality": "1260710"
                                                                                                                                    },
                                                                                                                                    "cumulative_cardinality": 1260710,
                                                                                                                                    "operator_type": "TABLE_SCAN",
                                                                                                                                    "operator_cardinality": 1260710,
                                                                                                                                    "cumulative_rows_scanned": 1260710,
                                                                                                                                    "operator_rows_scanned": 1260710,
                                                                                                                                    "operator_timing": 0.08388711700000001,
                                                                                                                                    "result_set_size": 30257040,
                                                                                                                                    "children": []
                                                                                                                                }
                                                                                                                            ]
                                                                                                                        }
                                                                                                                    ]
                                                                                                                }
                                                                                                            ]
                                                                                                        }
                                                                                                    ]
                                                                                                }
                                                                                            ]
                                                                                        }
                                                                                    ]
                                                                                }
                                                                            ]
                                                                        }
                                                                    ]
                                                                }
                                                            ]
                                                        }
                                                    ]
                                                }
                                            ]
                                        }
                                    ]
                                }
                            ]
                        }
                    ]
                }
            ]
        }
    ]
}