{
    "rows_returned": 10,
    "query_name": "\nWITH RankedVotes AS (\n    SELECT p.Id AS PostId, \n           v.VoteTypeId, \n           COUNT(v.Id) AS VoteCount,\n           ROW_NUMBER() OVER(PARTITION BY p.Id ORDER BY COUNT(v.Id) DESC) AS Rank\n    FROM Posts p\n    LEFT JOIN Votes v ON p.Id = v.PostId\n    WHERE p.CreationDate >= TIMESTAMP '2024-10-01 12:34:56' - INTERVAL '1 year'\n    GROUP BY p.Id, v.VoteTypeId\n),\nTopPosts AS (\n    SELECT p.Id, \n           p.Title, \n           SUM(CASE WHEN rv.VoteTypeId = 2 THEN rv.VoteCount ELSE 0 END) AS Upvotes,\n           SUM(CASE WHEN rv.VoteTypeId = 3 THEN rv.VoteCount ELSE 0 END) AS Downvotes,\n           COUNT(c.Id) AS CommentCount,\n           COUNT(b.Id) AS BadgeCount,\n           p.CreationDate,\n           p.ViewCount\n    FROM Posts p\n    LEFT JOIN RankedVotes rv ON p.Id = rv.PostId\n    LEFT JOIN Comments c ON p.Id = c.PostId\n    LEFT JOIN Badges b ON p.OwnerUserId = b.UserId\n    WHERE p.PostTypeId = 1\n    GROUP BY p.Id, p.Title, p.CreationDate, p.ViewCount\n    HAVING COUNT(c.Id) > 5\n    ORDER BY Upvotes DESC \n    LIMIT 10\n)\nSELECT tp.Title, \n       tp.Upvotes, \n       tp.Downvotes, \n       tp.CommentCount, \n       tp.BadgeCount, \n       tp.ViewCount, \n       EXTRACT(YEAR FROM tp.CreationDate) AS CreationYear\nFROM TopPosts tp\nORDER BY tp.Upvotes DESC, tp.CreationDate DESC;\n",
    "blocked_thread_time": 0.0,
    "cpu_time": 13.090474028000104,
    "extra_info": {},
    "cumulative_cardinality": 400490172,
    "cumulative_rows_scanned": 30007871,
    "result_set_size": 760,
    "latency": 15.437600856,
    "children": [
        {
            "operator_name": "PROJECTION",
            "cpu_time": 13.090474028000104,
            "extra_info": {
                "Projections": [
                    "#0",
                    "#1",
                    "#2",
                    "#3",
                    "#4",
                    "#5",
                    "__internal_decompress_integral_bigint(#6, 2010)"
                ],
                "Estimated Cardinality": "10"
            },
            "cumulative_cardinality": 400490172,
            "operator_type": "PROJECTION",
            "operator_cardinality": 10,
            "cumulative_rows_scanned": 30007871,
            "operator_rows_scanned": 0,
            "operator_timing": 0.000014457,
            "result_set_size": 760,
            "children": [
                {
                    "operator_name": "ORDER_BY",
                    "cpu_time": 13.090459571000103,
                    "extra_info": {
                        "Order By": [
                            "tp.Upvotes DESC",
                            "creationdate DESC"
                        ]
                    },
                    "cumulative_cardinality": 400490162,
                    "operator_type": "ORDER_BY",
                    "operator_cardinality": 10,
                    "cumulative_rows_scanned": 30007871,
                    "operator_rows_scanned": 0,
                    "operator_timing": 0.000101641,
                    "result_set_size": 690,
                    "children": [
                        {
                            "operator_name": "PROJECTION",
                            "cpu_time": 13.090357930000103,
                            "extra_info": {
                                "Projections": [
                                    "#0",
                                    "#1",
                                    "#2",
                                    "#3",
                                    "#4",
                                    "#5",
                                    "__internal_compress_integral_utinyint(#6, 2010)",
                                    "#7"
                                ],
                                "Estimated Cardinality": "10"
                            },
                            "cumulative_cardinality": 400490152,
                            "operator_type": "PROJECTION",
                            "operator_cardinality": 10,
                            "cumulative_rows_scanned": 30007871,
                            "operator_rows_scanned": 0,
                            "operator_timing": 0.00002168,
                            "result_set_size": 770,
                            "children": [
                                {
                                    "operator_name": "PROJECTION",
                                    "cpu_time": 13.090336250000103,
                                    "extra_info": {
                                        "Projections": [
                                            "title",
                                            "Upvotes",
                                            "Downvotes",
                                            "CommentCount",
                                            "BadgeCount",
                                            "viewcount",
                                            "CreationYear",
                                            "creationdate"
                                        ],
                                        "Estimated Cardinality": "10"
                                    },
                                    "cumulative_cardinality": 400490142,
                                    "operator_type": "PROJECTION",
                                    "operator_cardinality": 10,
                                    "cumulative_rows_scanned": 30007871,
                                    "operator_rows_scanned": 0,
                                    "operator_timing": 0.000048491,
                                    "result_set_size": 840,
                                    "children": [
                                        {
                                            "operator_name": "STREAMING_LIMIT",
                                            "cpu_time": 13.090287759000104,
                                            "extra_info": {},
                                            "cumulative_cardinality": 400490132,
                                            "operator_type": "STREAMING_LIMIT",
                                            "operator_cardinality": 10,
                                            "cumulative_rows_scanned": 30007871,
                                            "operator_rows_scanned": 0,
                                            "operator_timing": 0.000002965,
                                            "result_set_size": 760,
                                            "children": [
                                                {
                                                    "operator_name": "ORDER_BY",
                                                    "cpu_time": 13.090284794000103,
                                                    "extra_info": {
                                                        "Order By": "sum(CASE  WHEN ((rv.VoteTypeId = 2)) THEN (rv.VoteCount) ELSE 0 END) DESC"
                                                    },
                                                    "cumulative_cardinality": 400490122,
                                                    "operator_type": "ORDER_BY",
                                                    "operator_cardinality": 4096,
                                                    "cumulative_rows_scanned": 30007871,
                                                    "operator_rows_scanned": 0,
                                                    "operator_timing": 0.056136433,
                                                    "result_set_size": 311296,
                                                    "children": [
                                                        {
                                                            "operator_name": "PROJECTION",
                                                            "cpu_time": 13.034148361000103,
                                                            "extra_info": {
                                                                "Projections": [
                                                                    "title",
                                                                    "Upvotes",
                                                                    "Downvotes",
                                                                    "CommentCount",
                                                                    "BadgeCount",
                                                                    "creationdate",
                                                                    "viewcount"
                                                                ],
                                                                "Estimated Cardinality": "770023"
                                                            },
                                                            "cumulative_cardinality": 400486026,
                                                            "operator_type": "PROJECTION",
                                                            "operator_cardinality": 998869,
                                                            "cumulative_rows_scanned": 30007871,
                                                            "operator_rows_scanned": 0,
                                                            "operator_timing": 0.0001934819999999994,
                                                            "result_set_size": 75914044,
                                                            "children": [
                                                                {
                                                                    "operator_name": "PROJECTION",
                                                                    "cpu_time": 13.033954879000103,
                                                                    "extra_info": {
                                                                        "Projections": [
                                                                            "#1",
                                                                            "#2",
                                                                            "#3",
                                                                            "#4",
                                                                            "#5",
                                                                            "#6",
                                                                            "#7"
                                                                        ],
                                                                        "Estimated Cardinality": "770023"
                                                                    },
                                                                    "cumulative_cardinality": 399487157,
                                                                    "operator_type": "PROJECTION",
                                                                    "operator_cardinality": 998869,
                                                                    "cumulative_rows_scanned": 30007871,
                                                                    "operator_rows_scanned": 0,
                                                                    "operator_timing": 0.0001960239999999996,
                                                                    "result_set_size": 75914044,
                                                                    "children": [
                                                                        {
                                                                            "operator_name": "FILTER",
                                                                            "cpu_time": 13.033758855000103,
                                                                            "extra_info": {
                                                                                "Expression": "(count(id) > 5)",
                                                                                "Estimated Cardinality": "770023"
                                                                            },
                                                                            "cumulative_cardinality": 398488288,
                                                                            "operator_type": "FILTER",
                                                                            "operator_cardinality": 998869,
                                                                            "cumulative_rows_scanned": 30007871,
                                                                            "operator_rows_scanned": 0,
                                                                            "operator_timing": 0.0068767470000000025,
                                                                            "result_set_size": 79909520,
                                                                            "children": [
                                                                                {
                                                                                    "operator_name": "HASH_GROUP_BY",
                                                                                    "cpu_time": 13.026882108000104,
                                                                                    "extra_info": {
                                                                                        "Groups": [
                                                                                            "#0",
                                                                                            "#1",
                                                                                            "#2",
                                                                                            "#3"
                                                                                        ],
                                                                                        "Aggregates": [
                                                                                            "count(#4)",
                                                                                            "sum(#5)",
                                                                                            "sum(#6)",
                                                                                            "count(#7)"
                                                                                        ],
                                                                                        "Estimated Cardinality": "3850116"
                                                                                    },
                                                                                    "cumulative_cardinality": 397489419,
                                                                                    "operator_type": "HASH_GROUP_BY",
                                                                                    "operator_cardinality": 1668164,
                                                                                    "cumulative_rows_scanned": 30007871,
                                                                                    "operator_rows_scanned": 0,
                                                                                    "operator_timing": 8.838102020000091,
                                                                                    "result_set_size": 133453120,
                                                                                    "children": [
                                                                                        {
                                                                                            "operator_name": "PROJECTION",
                                                                                            "cpu_time": 4.188780088000012,
                                                                                            "extra_info": {
                                                                                                "Projections": [
                                                                                                    "id",
                                                                                                    "title",
                                                                                                    "creationdate",
                                                                                                    "viewcount",
                                                                                                    "id",
                                                                                                    "CASE  WHEN ((votetypeid = 2)) THEN (VoteCount) ELSE 0 END",
                                                                                                    "CASE  WHEN ((votetypeid = 3)) THEN (VoteCount) ELSE 0 END",
                                                                                                    "id"
                                                                                                ],
                                                                                                "Estimated Cardinality": "7241822"
                                                                                            },
                                                                                            "cumulative_cardinality": 395821255,
                                                                                            "operator_type": "PROJECTION",
                                                                                            "operator_cardinality": 184564294,
                                                                                            "cumulative_rows_scanned": 30007871,
                                                                                            "operator_rows_scanned": 0,
                                                                                            "operator_timing": 0.5643975630000059,
                                                                                            "result_set_size": 10335600464,
                                                                                            "children": [
                                                                                                {
                                                                                                    "operator_name": "HASH_JOIN",
                                                                                                    "cpu_time": 3.6243825250000063,
                                                                                                    "extra_info": {
                                                                                                        "Join Type": "LEFT",
                                                                                                        "Conditions": "owneruserid = userid",
                                                                                                        "Estimated Cardinality": "7241822"
                                                                                                    },
                                                                                                    "cumulative_cardinality": 211256961,
                                                                                                    "operator_type": "HASH_JOIN",
                                                                                                    "operator_cardinality": 184564294,
                                                                                                    "cumulative_rows_scanned": 30007871,
                                                                                                    "operator_rows_scanned": 0,
                                                                                                    "operator_timing": 2.1939425940000064,
                                                                                                    "result_set_size": 9228214700,
                                                                                                    "children": [
                                                                                                        {
                                                                                                            "operator_name": "PROJECTION",
                                                                                                            "cpu_time": 1.4086896910000004,
                                                                                                            "extra_info": {
                                                                                                                "Projections": [
                                                                                                                    "#0",
                                                                                                                    "__internal_decompress_integral_smallint(#1, 1)",
                                                                                                                    "#2",
                                                                                                                    "#3",
                                                                                                                    "#4",
                                                                                                                    "#5",
                                                                                                                    "#6",
                                                                                                                    "#7"
                                                                                                                ],
                                                                                                                "Estimated Cardinality": "7241822"
                                                                                                            },
                                                                                                            "cumulative_cardinality": 24370943,
                                                                                                            "operator_type": "PROJECTION",
                                                                                                            "operator_cardinality": 4749382,
                                                                                                            "cumulative_rows_scanned": 27686147,
                                                                                                            "operator_rows_scanned": 0,
                                                                                                            "operator_timing": 0.004092060999999999,
                                                                                                            "result_set_size": 237469100,
                                                                                                            "children": [
                                                                                                                {
                                                                                                                    "operator_name": "HASH_JOIN",
                                                                                                                    "cpu_time": 1.4045976300000005,
                                                                                                                    "extra_info": {
                                                                                                                        "Join Type": "RIGHT",
                                                                                                                        "Conditions": "postid = id",
                                                                                                                        "Estimated Cardinality": "7241822"
                                                                                                                    },
                                                                                                                    "cumulative_cardinality": 19621561,
                                                                                                                    "operator_type": "HASH_JOIN",
                                                                                                                    "operator_cardinality": 4749382,
                                                                                                                    "cumulative_rows_scanned": 27686147,
                                                                                                                    "operator_rows_scanned": 0,
                                                                                                                    "operator_timing": 0.4717721559999999,
                                                                                                                    "result_set_size": 232719718,
                                                                                                                    "children": [
                                                                                                                        {
                                                                                                                            "operator_name": "READ_PARQUET ",
                                                                                                                            "cpu_time": 0.13643387500000007,
                                                                                                                            "extra_info": {
                                                                                                                                "Function": "READ_PARQUET",
                                                                                                                                "Projections": [
                                                                                                                                    "id",
                                                                                                                                    "postid"
                                                                                                                                ],
                                                                                                                                "Estimated Cardinality": "7241822"
                                                                                                                            },
                                                                                                                            "cumulative_cardinality": 7241822,
                                                                                                                            "operator_type": "TABLE_SCAN",
                                                                                                                            "operator_cardinality": 7241822,
                                                                                                                            "cumulative_rows_scanned": 7241822,
                                                                                                                            "operator_rows_scanned": 7241822,
                                                                                                                            "operator_timing": 0.13643387500000007,
                                                                                                                            "result_set_size": 57934576,
                                                                                                                            "children": []
                                                                                                                        },
                                                                                                                        {
                                                                                                                            "operator_name": "PROJECTION",
                                                                                                                            "cpu_time": 0.7963915990000004,
                                                                                                                            "extra_info": {
                                                                                                                                "Projections": [
                                                                                                                                    "__internal_compress_integral_utinyint(#0, 1)",
                                                                                                                                    "#1",
                                                                                                                                    "#2",
                                                                                                                                    "#3",
                                                                                                                                    "#4",
                                                                                                                                    "#5",
                                                                                                                                    "#6"
                                                                                                                                ],
                                                                                                                                "Estimated Cardinality": "3850116"
                                                                                                                            },
                                                                                                                            "cumulative_cardinality": 7630357,
                                                                                                                            "operator_type": "PROJECTION",
                                                                                                                            "operator_cardinality": 1686199,
                                                                                                                            "cumulative_rows_scanned": 20444325,
                                                                                                                            "operator_rows_scanned": 0,
                                                                                                                            "operator_timing": 0.0010252400000000002,
                                                                                                                            "result_set_size": 75878955,
                                                                                                                            "children": [
                                                                                                                                {
                                                                                                                                    "operator_name": "HASH_JOIN",
                                                                                                                                    "cpu_time": 0.7953663590000004,
                                                                                                                                    "extra_info": {
                                                                                                                                        "Join Type": "RIGHT",
                                                                                                                                        "Conditions": "PostId = id",
                                                                                                                                        "Estimated Cardinality": "3850116"
                                                                                                                                    },
                                                                                                                                    "cumulative_cardinality": 5944158,
                                                                                                                                    "operator_type": "HASH_JOIN",
                                                                                                                                    "operator_cardinality": 1686199,
                                                                                                                                    "cumulative_rows_scanned": 20444325,
                                                                                                                                    "operator_rows_scanned": 0,
                                                                                                                                    "operator_timing": 0.1947354330000001,
                                                                                                                                    "result_set_size": 77565154,
                                                                                                                                    "children": [
                                                                                                                                        {
                                                                                                                                            "operator_name": "PROJECTION",
                                                                                                                                            "cpu_time": 0.10953386,
                                                                                                                                            "extra_info": {
                                                                                                                                                "Projections": [
                                                                                                                                                    "PostId",
                                                                                                                                                    "votetypeid",
                                                                                                                                                    "VoteCount"
                                                                                                                                                ],
                                                                                                                                                "Estimated Cardinality": "3850116"
                                                                                                                                            },
                                                                                                                                            "cumulative_cardinality": 2589795,
                                                                                                                                            "operator_type": "PROJECTION",
                                                                                                                                            "operator_cardinality": 196514,
                                                                                                                                            "cumulative_rows_scanned": 16594209,
                                                                                                                                            "operator_rows_scanned": 0,
                                                                                                                                            "operator_timing": 0.00002136,
                                                                                                                                            "result_set_size": 2751196,
                                                                                                                                            "children": [
                                                                                                                                                {
                                                                                                                                                    "operator_name": "PROJECTION",
                                                                                                                                                    "cpu_time": 0.1095125,
                                                                                                                                                    "extra_info": {
                                                                                                                                                        "Projections": [
                                                                                                                                                            "#0",
                                                                                                                                                            "#1",
                                                                                                                                                            "#2",
                                                                                                                                                            "#3"
                                                                                                                                                        ],
                                                                                                                                                        "Estimated Cardinality": "3850116"
                                                                                                                                                    },
                                                                                                                                                    "cumulative_cardinality": 2393281,
                                                                                                                                                    "operator_type": "PROJECTION",
                                                                                                                                                    "operator_cardinality": 196514,
                                                                                                                                                    "cumulative_rows_scanned": 16594209,
                                                                                                                                                    "operator_rows_scanned": 0,
                                                                                                                                                    "operator_timing": 0.00003075499999999999,
                                                                                                                                                    "result_set_size": 4323308,
                                                                                                                                                    "children": [
                                                                                                                                                        {
                                                                                                                                                            "operator_name": "WINDOW",
                                                                                                                                                            "cpu_time": 0.109481745,
                                                                                                                                                            "extra_info": {
                                                                                                                                                                "Projections": "ROW_NUMBER() OVER (PARTITION BY id ORDER BY count(id) DESC NULLS LAST)"
                                                                                                                                                            },
                                                                                                                                                            "cumulative_cardinality": 2196767,
                                                                                                                                                            "operator_type": "WINDOW",
                                                                                                                                                            "operator_cardinality": 196514,
                                                                                                                                                            "cumulative_rows_scanned": 16594209,
                                                                                                                                                            "operator_rows_scanned": 0,
                                                                                                                                                            "operator_timing": 0.02511693,
                                                                                                                                                            "result_set_size": 4323308,
                                                                                                                                                            "children": [
                                                                                                                                                                {
                                                                                                                                                                    "operator_name": "PROJECTION",
                                                                                                                                                                    "cpu_time": 0.08436481500000001,
                                                                                                                                                                    "extra_info": {
                                                                                                                                                                        "Projections": [
                                                                                                                                                                            "#0",
                                                                                                                                                                            "__internal_decompress_integral_smallint(#1, 1)",
                                                                                                                                                                            "#2"
                                                                                                                                                                        ],
                                                                                                                                                                        "Estimated Cardinality": "3850116"
                                                                                                                                                                    },
                                                                                                                                                                    "cumulative_cardinality": 2000253,
                                                                                                                                                                    "operator_type": "PROJECTION",
                                                                                                                                                                    "operator_cardinality": 196514,
                                                                                                                                                                    "cumulative_rows_scanned": 16594209,
                                                                                                                                                                    "operator_rows_scanned": 0,
                                                                                                                                                                    "operator_timing": 0.00004888500000000001,
                                                                                                                                                                    "result_set_size": 2751196,
                                                                                                                                                                    "children": [
                                                                                                                                                                        {
                                                                                                                                                                            "operator_name": "HASH_GROUP_BY",
                                                                                                                                                                            "cpu_time": 0.08431593000000001,
                                                                                                                                                                            "extra_info": {
                                                                                                                                                                                "Groups": [
                                                                                                                                                                                    "#0",
                                                                                                                                                                                    "#1"
                                                                                                                                                                                ],
                                                                                                                                                                                "Aggregates": "count(#2)",
                                                                                                                                                                                "Estimated Cardinality": "3850116"
                                                                                                                                                                            },
                                                                                                                                                                            "cumulative_cardinality": 1803739,
                                                                                                                                                                            "operator_type": "HASH_GROUP_BY",
                                                                                                                                                                            "operator_cardinality": 196514,
                                                                                                                                                                            "cumulative_rows_scanned": 16594209,
                                                                                                                                                                            "operator_rows_scanned": 0,
                                                                                                                                                                            "operator_timing": 0.020372009,
                                                                                                                                                                            "result_set_size": 2554682,
                                                                                                                                                                            "children": [
                                                                                                                                                                                {
                                                                                                                                                                                    "operator_name": "PROJECTION",
                                                                                                                                                                                    "cpu_time": 0.06394392100000001,
                                                                                                                                                                                    "extra_info": {
                                                                                                                                                                                        "Projections": [
                                                                                                                                                                                            "id",
                                                                                                                                                                                            "votetypeid",
                                                                                                                                                                                            "id"
                                                                                                                                                                                        ],
                                                                                                                                                                                        "Estimated Cardinality": "12744093"
                                                                                                                                                                                    },
                                                                                                                                                                                    "cumulative_cardinality": 1607225,
                                                                                                                                                                                    "operator_type": "PROJECTION",
                                                                                                                                                                                    "operator_cardinality": 339719,
                                                                                                                                                                                    "cumulative_rows_scanned": 16594209,
                                                                                                                                                                                    "operator_rows_scanned": 0,
                                                                                                                                                                                    "operator_timing": 0.00007976300000000008,
                                                                                                                                                                                    "result_set_size": 3057471,
                                                                                                                                                                                    "children": [
                                                                                                                                                                                        {
                                                                                                                                                                                            "operator_name": "PROJECTION",
                                                                                                                                                                                            "cpu_time": 0.06386415800000002,
                                                                                                                                                                                            "extra_info": {
                                                                                                                                                                                                "Projections": [
                                                                                                                                                                                                    "#0",
                                                                                                                                                                                                    "__internal_compress_integral_utinyint(#1, 1)",
                                                                                                                                                                                                    "#2"
                                                                                                                                                                                                ],
                                                                                                                                                                                                "Estimated Cardinality": "12744093"
                                                                                                                                                                                            },
                                                                                                                                                                                            "cumulative_cardinality": 1267506,
                                                                                                                                                                                            "operator_type": "PROJECTION",
                                                                                                                                                                                            "operator_cardinality": 339719,
                                                                                                                                                                                            "cumulative_rows_scanned": 16594209,
                                                                                                                                                                                            "operator_rows_scanned": 0,
                                                                                                                                                                                            "operator_timing": 0.0002450860000000002,
                                                                                                                                                                                            "result_set_size": 3057471,
                                                                                                                                                                                            "children": [
                                                                                                                                                                                                {
                                                                                                                                                                                                    "operator_name": "HASH_JOIN",
                                                                                                                                                                                                    "cpu_time": 0.06361907200000001,
                                                                                                                                                                                                    "extra_info": {
                                                                                                                                                                                                        "Join Type": "RIGHT",
                                                                                                                                                                                                        "Conditions": "postid = id",
                                                                                                                                                                                                        "Estimated Cardinality": "12744093"
                                                                                                                                                                                                    },
                                                                                                                                                                                                    "cumulative_cardinality": 927787,
                                                                                                                                                                                                    "operator_type": "HASH_JOIN",
                                                                                                                                                                                                    "operator_cardinality": 339719,
                                                                                                                                                                                                    "cumulative_rows_scanned": 16594209,
                                                                                                                                                                                                    "operator_rows_scanned": 0,
                                                                                                                                                                                                    "operator_timing": 0.015595056999999989,
                                                                                                                                                                                                    "result_set_size": 3397190,
                                                                                                                                                                                                    "children": [
                                                                                                                                                                                                        {
                                                                                                                                                                                                            "operator_name": "READ_PARQUET ",
                                                                                                                                                                                                            "cpu_time": 0.03351985100000001,
                                                                                                                                                                                                            "extra_info": {
                                                                                                                                                                                                                "Function": "READ_PARQUET",
                                                                                                                                                                                                                "Projections": [
                                                                                                                                                                                                                    "id",
                                                                                                                                                                                                                    "postid",
                                                                                                                                                                                                                    "votetypeid"
                                                                                                                                                                                                                ],
                                                                                                                                                                                                                "Estimated Cardinality": "12744093"
                                                                                                                                                                                                            },
                                                                                                                                                                                                            "cumulative_cardinality": 442526,
                                                                                                                                                                                                            "operator_type": "TABLE_SCAN",
                                                                                                                                                                                                            "operator_cardinality": 442526,
                                                                                                                                                                                                            "cumulative_rows_scanned": 12744093,
                                                                                                                                                                                                            "operator_rows_scanned": 12744093,
                                                                                                                                                                                                            "operator_timing": 0.03351985100000001,
                                                                                                                                                                                                            "result_set_size": 4425260,
                                                                                                                                                                                                            "children": []
                                                                                                                                                                                                        },
                                                                                                                                                                                                        {
                                                                                                                                                                                                            "operator_name": "READ_PARQUET ",
                                                                                                                                                                                                            "cpu_time": 0.014504164000000012,
                                                                                                                                                                                                            "extra_info": {
                                                                                                                                                                                                                "Function": "READ_PARQUET",
                                                                                                                                                                                                                "Projections": "id",
                                                                                                                                                                                                                "Filters": "creationdate>='2023-10-01 12:34:56'::TIMESTAMP",
                                                                                                                                                                                                                "Estimated Cardinality": "770023"
                                                                                                                                                                                                            },
                                                                                                                                                                                                            "cumulative_cardinality": 145542,
                                                                                                                                                                                                            "operator_type": "TABLE_SCAN",
                                                                                                                                                                                                            "operator_cardinality": 145542,
                                                                                                                                                                                                            "cumulative_rows_scanned": 3850116,
                                                                                                                                                                                                            "operator_rows_scanned": 3850116,
                                                                                                                                                                                                            "operator_timing": 0.014504164000000012,
                                                                                                                                                                                                            "result_set_size": 582168,
                                                                                                                                                                                                            "children": []
                                                                                                                                                                                                        }
                                                                                                                                                                                                    ]
                                                                                                                                                                                                }
                                                                                                                                                                                            ]
                                                                                                                                                                                        }
                                                                                                                                                                                    ]
                                                                                                                                                                                }
                                                                                                                                                                            ]
                                                                                                                                                                        }
                                                                                                                                                                    ]
                                                                                                                                                                }
                                                                                                                                                            ]
                                                                                                                                                        }
                                                                                                                                                    ]
                                                                                                                                                }
                                                                                                                                            ]
                                                                                                                                        },
                                                                                                                                        {
                                                                                                                                            "operator_name": "READ_PARQUET ",
                                                                                                                                            "cpu_time": 0.49109706600000025,
                                                                                                                                            "extra_info": {
                                                                                                                                                "Function": "READ_PARQUET",
                                                                                                                                                "Projections": [
                                                                                                                                                    "id",
                                                                                                                                                    "creationdate",
                                                                                                                                                    "viewcount",
                                                                                                                                                    "owneruserid",
                                                                                                                                                    "title"
                                                                                                                                                ],
                                                                                                                                                "Filters": "posttypeid=1",
                                                                                                                                                "Estimated Cardinality": "770023"
                                                                                                                                            },
                                                                                                                                            "cumulative_cardinality": 1668164,
                                                                                                                                            "operator_type": "TABLE_SCAN",
                                                                                                                                            "operator_cardinality": 1668164,
                                                                                                                                            "cumulative_rows_scanned": 3850116,
                                                                                                                                            "operator_rows_scanned": 3850116,
                                                                                                                                            "operator_timing": 0.49109706600000025,
                                                                                                                                            "result_set_size": 60053904,
                                                                                                                                            "children": []
                                                                                                                                        }
                                                                                                                                    ]
                                                                                                                                }
                                                                                                                            ]
                                                                                                                        }
                                                                                                                    ]
                                                                                                                }
                                                                                                            ]
                                                                                                        },
                                                                                                        {
                                                                                                            "operator_name": "READ_PARQUET ",
                                                                                                            "cpu_time": 0.021750240000000004,
                                                                                                            "extra_info": {
                                                                                                                "Function": "READ_PARQUET",
                                                                                                                "Projections": [
                                                                                                                    "id",
                                                                                                                    "userid"
                                                                                                                ],
                                                                                                                "Estimated Cardinality": "2321724"
                                                                                                            },
                                                                                                            "cumulative_cardinality": 2321724,
                                                                                                            "operator_type": "TABLE_SCAN",
                                                                                                            "operator_cardinality": 2321724,
                                                                                                            "cumulative_rows_scanned": 2321724,
                                                                                                            "operator_rows_scanned": 2321724,
                                                                                                            "operator_timing": 0.021750240000000004,
                                                                                                            "result_set_size": 18573792,
                                                                                                            "children": []
                                                                                                        }
                                                                                                    ]
                                                                                                }
                                                                                            ]
                                                                                        }
                                                                                    ]
                                                                                }
                                                                            ]
                                                                        }
                                                                    ]
                                                                }
                                                            ]
                                                        }
                                                    ]
                                                }
                                            ]
                                        }
                                    ]
                                }
                            ]
                        }
                    ]
                }
            ]
        }
    ]
}