{
    "rows_returned": 10,
    "query_name": "SELECT \n    u.DisplayName AS UserName, \n    p.Title AS PostTitle, \n    COUNT(c.Id) AS CommentCount, \n    SUM(CASE WHEN v.VoteTypeId = 2 THEN 1 ELSE 0 END) AS UpVotes,\n    SUM(CASE WHEN v.VoteTypeId = 3 THEN 1 ELSE 0 END) AS DownVotes,\n    MAX(b.Date) AS LastBadgeDate\nFROM \n    Users u \nJOIN \n    Posts p ON u.Id = p.OwnerUserId \nLEFT JOIN \n    Comments c ON p.Id = c.PostId \nLEFT JOIN \n    Votes v ON p.Id = v.PostId \nLEFT JOIN \n    Badges b ON u.Id = b.UserId \nWHERE \n    p.CreationDate >= cast('2024-10-01 12:34:56' as timestamp) - INTERVAL '1 year' \n    AND p.PostTypeId = 1 \n    AND p.Score > 0 \nGROUP BY \n    u.DisplayName, \n    p.Title \nORDER BY \n    UpVotes DESC, \n    CommentCount DESC \nLIMIT 10;",
    "blocked_thread_time": 0.0,
    "cpu_time": 1.8056057019999991,
    "extra_info": {},
    "cumulative_cardinality": 57942648,
    "cumulative_rows_scanned": 27418465,
    "result_set_size": 800,
    "latency": 2.098975635,
    "children": [
        {
            "operator_name": "STREAMING_LIMIT",
            "cpu_time": 1.8056057019999991,
            "extra_info": {},
            "cumulative_cardinality": 57942648,
            "operator_type": "STREAMING_LIMIT",
            "operator_cardinality": 10,
            "cumulative_rows_scanned": 27418465,
            "operator_rows_scanned": 0,
            "operator_timing": 0.000001663,
            "result_set_size": 800,
            "children": [
                {
                    "operator_name": "ORDER_BY",
                    "cpu_time": 1.8056040389999992,
                    "extra_info": {
                        "Order By": [
                            "sum(CASE  WHEN ((v.VoteTypeId = 2)) THEN (1) ELSE 0 END) DESC",
                            "count(c.Id) DESC"
                        ]
                    },
                    "cumulative_cardinality": 57942638,
                    "operator_type": "ORDER_BY",
                    "operator_cardinality": 4096,
                    "cumulative_rows_scanned": 27418465,
                    "operator_rows_scanned": 0,
                    "operator_timing": 0.002592062,
                    "result_set_size": 327680,
                    "children": [
                        {
                            "operator_name": "HASH_GROUP_BY",
                            "cpu_time": 1.8030119769999993,
                            "extra_info": {
                                "Groups": [
                                    "#0",
                                    "#1"
                                ],
                                "Aggregates": [
                                    "count(#2)",
                                    "sum(#3)",
                                    "sum(#4)",
                                    "max(#5)"
                                ],
                                "Estimated Cardinality": "3850116"
                            },
                            "cumulative_cardinality": 57938542,
                            "operator_type": "HASH_GROUP_BY",
                            "operator_cardinality": 39573,
                            "cumulative_rows_scanned": 27418465,
                            "operator_rows_scanned": 0,
                            "operator_timing": 0.6450296670000009,
                            "result_set_size": 3165840,
                            "children": [
                                {
                                    "operator_name": "PROJECTION",
                                    "cpu_time": 1.1579823099999984,
                                    "extra_info": {
                                        "Projections": [
                                            "displayname",
                                            "title",
                                            "id",
                                            "CASE  WHEN ((votetypeid = 2)) THEN (1) ELSE 0 END",
                                            "CASE  WHEN ((votetypeid = 3)) THEN (1) ELSE 0 END",
                                            "date"
                                        ],
                                        "Estimated Cardinality": "12744093"
                                    },
                                    "cumulative_cardinality": 57898969,
                                    "operator_type": "PROJECTION",
                                    "operator_cardinality": 13759878,
                                    "cumulative_rows_scanned": 27418465,
                                    "operator_rows_scanned": 0,
                                    "operator_timing": 0.06606542900000022,
                                    "result_set_size": 715513656,
                                    "children": [
                                        {
                                            "operator_name": "HASH_JOIN",
                                            "cpu_time": 1.0919168809999982,
                                            "extra_info": {
                                                "Join Type": "LEFT",
                                                "Conditions": "id = userid",
                                                "Estimated Cardinality": "12744093"
                                            },
                                            "cumulative_cardinality": 44139091,
                                            "operator_type": "HASH_JOIN",
                                            "operator_cardinality": 13759878,
                                            "cumulative_rows_scanned": 27418465,
                                            "operator_rows_scanned": 0,
                                            "operator_timing": 0.20978984899999967,
                                            "result_set_size": 632954388,
                                            "children": [
                                                {
                                                    "operator_name": "PROJECTION",
                                                    "cpu_time": 0.8417901659999986,
                                                    "extra_info": {
                                                        "Projections": [
                                                            "#1",
                                                            "#2",
                                                            "#3",
                                                            "#0",
                                                            "__internal_decompress_integral_smallint(#4, 1)"
                                                        ],
                                                        "Estimated Cardinality": "12744093"
                                                    },
                                                    "cumulative_cardinality": 28057489,
                                                    "operator_type": "PROJECTION",
                                                    "operator_cardinality": 409946,
                                                    "cumulative_rows_scanned": 25096741,
                                                    "operator_rows_scanned": 0,
                                                    "operator_timing": 0.0002448099999999998,
                                                    "result_set_size": 17217732,
                                                    "children": [
                                                        {
                                                            "operator_name": "HASH_JOIN",
                                                            "cpu_time": 0.8415453559999986,
                                                            "extra_info": {
                                                                "Join Type": "LEFT",
                                                                "Conditions": "id = postid",
                                                                "Estimated Cardinality": "12744093"
                                                            },
                                                            "cumulative_cardinality": 27647543,
                                                            "operator_type": "HASH_JOIN",
                                                            "operator_cardinality": 409946,
                                                            "cumulative_rows_scanned": 25096741,
                                                            "operator_rows_scanned": 0,
                                                            "operator_timing": 0.5157675589999992,
                                                            "result_set_size": 16807786,
                                                            "children": [
                                                                {
                                                                    "operator_name": "HASH_JOIN",
                                                                    "cpu_time": 0.19346074599999996,
                                                                    "extra_info": {
                                                                        "Join Type": "RIGHT",
                                                                        "Conditions": "postid = id",
                                                                        "Estimated Cardinality": "7241822"
                                                                    },
                                                                    "cumulative_cardinality": 1749411,
                                                                    "operator_type": "HASH_JOIN",
                                                                    "operator_cardinality": 121918,
                                                                    "cumulative_rows_scanned": 12352648,
                                                                    "operator_rows_scanned": 0,
                                                                    "operator_timing": 0.013664717,
                                                                    "result_set_size": 5364392,
                                                                    "children": [
                                                                        {
                                                                            "operator_name": "READ_PARQUET ",
                                                                            "cpu_time": 0.012888027999999998,
                                                                            "extra_info": {
                                                                                "Function": "READ_PARQUET",
                                                                                "Projections": [
                                                                                    "id",
                                                                                    "postid"
                                                                                ],
                                                                                "Estimated Cardinality": "7241822"
                                                                            },
                                                                            "cumulative_cardinality": 287058,
                                                                            "operator_type": "TABLE_SCAN",
                                                                            "operator_cardinality": 287058,
                                                                            "cumulative_rows_scanned": 7241822,
                                                                            "operator_rows_scanned": 7241822,
                                                                            "operator_timing": 0.012888027999999998,
                                                                            "result_set_size": 2296464,
                                                                            "children": []
                                                                        },
                                                                        {
                                                                            "operator_name": "HASH_JOIN",
                                                                            "cpu_time": 0.16690800099999997,
                                                                            "extra_info": {
                                                                                "Join Type": "INNER",
                                                                                "Conditions": "id = owneruserid",
                                                                                "Estimated Cardinality": "770023"
                                                                            },
                                                                            "cumulative_cardinality": 1340435,
                                                                            "operator_type": "HASH_JOIN",
                                                                            "operator_cardinality": 39574,
                                                                            "cumulative_rows_scanned": 5110826,
                                                                            "operator_rows_scanned": 0,
                                                                            "operator_timing": 0.01533588799999999,
                                                                            "result_set_size": 1582960,
                                                                            "children": [
                                                                                {
                                                                                    "operator_name": "READ_PARQUET ",
                                                                                    "cpu_time": 0.083084057,
                                                                                    "extra_info": {
                                                                                        "Function": "READ_PARQUET",
                                                                                        "Projections": [
                                                                                            "id",
                                                                                            "displayname"
                                                                                        ],
                                                                                        "Filters": "id<=1416539",
                                                                                        "Estimated Cardinality": "1260710"
                                                                                    },
                                                                                    "cumulative_cardinality": 1260558,
                                                                                    "operator_type": "TABLE_SCAN",
                                                                                    "operator_cardinality": 1260558,
                                                                                    "cumulative_rows_scanned": 1260710,
                                                                                    "operator_rows_scanned": 1260710,
                                                                                    "operator_timing": 0.083084057,
                                                                                    "result_set_size": 25211160,
                                                                                    "children": []
                                                                                },
                                                                                {
                                                                                    "operator_name": "READ_PARQUET ",
                                                                                    "cpu_time": 0.06848805599999996,
                                                                                    "extra_info": {
                                                                                        "Function": "READ_PARQUET",
                                                                                        "Projections": [
                                                                                            "id",
                                                                                            "owneruserid",
                                                                                            "title"
                                                                                        ],
                                                                                        "Filters": [
                                                                                            "creationdate>='2023-10-01 12:34:56'::TIMESTAMP",
                                                                                            "posttypeid=1",
                                                                                            "score>0"
                                                                                        ],
                                                                                        "Estimated Cardinality": "770023"
                                                                                    },
                                                                                    "cumulative_cardinality": 40303,
                                                                                    "operator_type": "TABLE_SCAN",
                                                                                    "operator_cardinality": 40303,
                                                                                    "cumulative_rows_scanned": 3850116,
                                                                                    "operator_rows_scanned": 3850116,
                                                                                    "operator_timing": 0.06848805599999996,
                                                                                    "result_set_size": 967272,
                                                                                    "children": []
                                                                                }
                                                                            ]
                                                                        }
                                                                    ]
                                                                },
                                                                {
                                                                    "operator_name": "PROJECTION",
                                                                    "cpu_time": 0.1323170509999995,
                                                                    "extra_info": {
                                                                        "Projections": [
                                                                            "#0",
                                                                            "__internal_compress_integral_utinyint(#1, 1)"
                                                                        ],
                                                                        "Estimated Cardinality": "12744093"
                                                                    },
                                                                    "cumulative_cardinality": 25488186,
                                                                    "operator_type": "PROJECTION",
                                                                    "operator_cardinality": 12744093,
                                                                    "cumulative_rows_scanned": 12744093,
                                                                    "operator_rows_scanned": 0,
                                                                    "operator_timing": 0.0034740309999999083,
                                                                    "result_set_size": 63720465,
                                                                    "children": [
                                                                        {
                                                                            "operator_name": "READ_PARQUET ",
                                                                            "cpu_time": 0.1288430199999996,
                                                                            "extra_info": {
                                                                                "Function": "READ_PARQUET",
                                                                                "Projections": [
                                                                                    "postid",
                                                                                    "votetypeid"
                                                                                ],
                                                                                "Estimated Cardinality": "12744093"
                                                                            },
                                                                            "cumulative_cardinality": 12744093,
                                                                            "operator_type": "TABLE_SCAN",
                                                                            "operator_cardinality": 12744093,
                                                                            "cumulative_rows_scanned": 12744093,
                                                                            "operator_rows_scanned": 12744093,
                                                                            "operator_timing": 0.1288430199999996,
                                                                            "result_set_size": 76464558,
                                                                            "children": []
                                                                        }
                                                                    ]
                                                                }
                                                            ]
                                                        }
                                                    ]
                                                },
                                                {
                                                    "operator_name": "READ_PARQUET ",
                                                    "cpu_time": 0.04033686599999991,
                                                    "extra_info": {
                                                        "Function": "READ_PARQUET",
                                                        "Projections": [
                                                            "userid",
                                                            "date"
                                                        ],
                                                        "Estimated Cardinality": "2321724"
                                                    },
                                                    "cumulative_cardinality": 2321724,
                                                    "operator_type": "TABLE_SCAN",
                                                    "operator_cardinality": 2321724,
                                                    "cumulative_rows_scanned": 2321724,
                                                    "operator_rows_scanned": 2321724,
                                                    "operator_timing": 0.04033686599999991,
                                                    "result_set_size": 27860688,
                                                    "children": []
                                                }
                                            ]
                                        }
                                    ]
                                }
                            ]
                        }
                    ]
                }
            ]
        }
    ]
}