{
    "rows_returned": 10,
    "query_name": "WITH PostVoteStats AS (\n    SELECT \n        p.Id AS PostId,\n        COUNT(CASE WHEN v.VoteTypeId = 2 THEN 1 END) AS UpVotes,\n        COUNT(CASE WHEN v.VoteTypeId = 3 THEN 1 END) AS DownVotes,\n        COUNT(v.Id) AS TotalVotes\n    FROM \n        Posts p\n    LEFT JOIN \n        Votes v ON p.Id = v.PostId\n    GROUP BY \n        p.Id\n),\nUserBadgeCounts AS (\n    SELECT \n        u.Id AS UserId,\n        COUNT(b.Id) AS BadgeCount,\n        COUNT(CASE WHEN b.Class = 1 THEN 1 END) AS GoldBadges,\n        COUNT(CASE WHEN b.Class = 2 THEN 1 END) AS SilverBadges,\n        COUNT(CASE WHEN b.Class = 3 THEN 1 END) AS BronzeBadges\n    FROM \n        Users u\n    LEFT JOIN \n        Badges b ON u.Id = b.UserId\n    GROUP BY \n        u.Id\n),\nPostDetails AS (\n    SELECT \n        p.Id,\n        p.Title,\n        p.CreationDate,\n        p.OwnerUserId,\n        ps.UpVotes,\n        ps.DownVotes,\n        ps.TotalVotes,\n        COALESCE(ub.BadgeCount, 0) AS UserBadgeCount,\n        COALESCE(ub.GoldBadges, 0) AS UserGoldBadges,\n        COALESCE(ub.SilverBadges, 0) AS UserSilverBadges,\n        COALESCE(ub.BronzeBadges, 0) AS UserBronzeBadges\n    FROM \n        Posts p\n    LEFT JOIN \n        PostVoteStats ps ON p.Id = ps.PostId\n    LEFT JOIN \n        UserBadgeCounts ub ON p.OwnerUserId = ub.UserId\n)\nSELECT \n    pd.Id AS PostId,\n    pd.Title,\n    pd.CreationDate,\n    u.DisplayName AS OwnerDisplayName,\n    pd.UpVotes,\n    pd.DownVotes,\n    pd.TotalVotes,\n    pd.UserBadgeCount,\n    pd.UserGoldBadges,\n    pd.UserSilverBadges,\n    pd.UserBronzeBadges\nFROM \n    PostDetails pd\nJOIN \n    Users u ON pd.OwnerUserId = u.Id\nWHERE \n    pd.TotalVotes > 5 \nORDER BY \n    pd.TotalVotes DESC, \n    pd.CreationDate ASC\nLIMIT 10;\n",
    "blocked_thread_time": 0.0,
    "cpu_time": 2.9152130879999945,
    "extra_info": {},
    "cumulative_cardinality": 61462672,
    "cumulative_rows_scanned": 25287469,
    "result_set_size": 1000,
    "latency": 3.319468623,
    "children": [
        {
            "operator_name": "STREAMING_LIMIT",
            "cpu_time": 2.9152130879999945,
            "extra_info": {},
            "cumulative_cardinality": 61462672,
            "operator_type": "STREAMING_LIMIT",
            "operator_cardinality": 10,
            "cumulative_rows_scanned": 25287469,
            "operator_rows_scanned": 0,
            "operator_timing": 0.0000015429999999999999,
            "result_set_size": 1000,
            "children": [
                {
                    "operator_name": "ORDER_BY",
                    "cpu_time": 2.9152115449999942,
                    "extra_info": {
                        "Order By": [
                            "pd.TotalVotes DESC",
                            "pd.CreationDate ASC"
                        ]
                    },
                    "cumulative_cardinality": 61462662,
                    "operator_type": "ORDER_BY",
                    "operator_cardinality": 4096,
                    "cumulative_rows_scanned": 25287469,
                    "operator_rows_scanned": 0,
                    "operator_timing": 0.03049710999999999,
                    "result_set_size": 409600,
                    "children": [
                        {
                            "operator_name": "PROJECTION",
                            "cpu_time": 2.8847144349999945,
                            "extra_info": {
                                "Projections": [
                                    "PostId",
                                    "title",
                                    "creationdate",
                                    "OwnerDisplayName",
                                    "UpVotes",
                                    "DownVotes",
                                    "TotalVotes",
                                    "UserBadgeCount",
                                    "UserGoldBadges",
                                    "UserSilverBadges",
                                    "UserBronzeBadges"
                                ],
                                "Estimated Cardinality": "1260710"
                            },
                            "cumulative_cardinality": 61458566,
                            "operator_type": "PROJECTION",
                            "operator_cardinality": 367893,
                            "cumulative_rows_scanned": 25287469,
                            "operator_rows_scanned": 0,
                            "operator_timing": 0.00018519499999999982,
                            "result_set_size": 36789300,
                            "children": [
                                {
                                    "operator_name": "HASH_JOIN",
                                    "cpu_time": 2.8845292399999947,
                                    "extra_info": {
                                        "Join Type": "INNER",
                                        "Conditions": "owneruserid = id",
                                        "Estimated Cardinality": "1260710"
                                    },
                                    "cumulative_cardinality": 61090673,
                                    "operator_type": "HASH_JOIN",
                                    "operator_cardinality": 367893,
                                    "cumulative_rows_scanned": 25287469,
                                    "operator_rows_scanned": 0,
                                    "operator_timing": 0.08095703599999998,
                                    "result_set_size": 39732444,
                                    "children": [
                                        {
                                            "operator_name": "PROJECTION",
                                            "cpu_time": 2.7242677699999946,
                                            "extra_info": {
                                                "Projections": [
                                                    "id",
                                                    "title",
                                                    "creationdate",
                                                    "owneruserid",
                                                    "UpVotes",
                                                    "DownVotes",
                                                    "TotalVotes",
                                                    "UserBadgeCount",
                                                    "UserGoldBadges",
                                                    "UserSilverBadges",
                                                    "UserBronzeBadges"
                                                ],
                                                "Estimated Cardinality": "1260710"
                                            },
                                            "cumulative_cardinality": 59462101,
                                            "operator_type": "PROJECTION",
                                            "operator_cardinality": 386333,
                                            "cumulative_rows_scanned": 24026759,
                                            "operator_rows_scanned": 0,
                                            "operator_timing": 0.013393260999999997,
                                            "result_set_size": 33997304,
                                            "children": [
                                                {
                                                    "operator_name": "HASH_JOIN",
                                                    "cpu_time": 2.7108745089999946,
                                                    "extra_info": {
                                                        "Join Type": "RIGHT",
                                                        "Conditions": "UserId = owneruserid",
                                                        "Estimated Cardinality": "1260710"
                                                    },
                                                    "cumulative_cardinality": 59075768,
                                                    "operator_type": "HASH_JOIN",
                                                    "operator_cardinality": 386333,
                                                    "cumulative_rows_scanned": 24026759,
                                                    "operator_rows_scanned": 0,
                                                    "operator_timing": 0.08434113800000002,
                                                    "result_set_size": 33997304,
                                                    "children": [
                                                        {
                                                            "operator_name": "HASH_GROUP_BY",
                                                            "cpu_time": 0.4827399169999994,
                                                            "extra_info": {
                                                                "Groups": "#0",
                                                                "Aggregates": [
                                                                    "count(#1)",
                                                                    "count(#2)",
                                                                    "count(#3)",
                                                                    "count(#4)"
                                                                ],
                                                                "Estimated Cardinality": "1260710"
                                                            },
                                                            "cumulative_cardinality": 10909970,
                                                            "operator_type": "HASH_GROUP_BY",
                                                            "operator_cardinality": 1260710,
                                                            "cumulative_rows_scanned": 3582434,
                                                            "operator_rows_scanned": 0,
                                                            "operator_timing": 0.25138289699999994,
                                                            "result_set_size": 45385560,
                                                            "children": [
                                                                {
                                                                    "operator_name": "PROJECTION",
                                                                    "cpu_time": 0.23135701999999944,
                                                                    "extra_info": {
                                                                        "Projections": [
                                                                            "id",
                                                                            "id",
                                                                            "CASE  WHEN ((class = 1)) THEN (1) ELSE NULL END",
                                                                            "CASE  WHEN ((class = 2)) THEN (1) ELSE NULL END",
                                                                            "CASE  WHEN ((class = 3)) THEN (1) ELSE NULL END"
                                                                        ],
                                                                        "Estimated Cardinality": "2321724"
                                                                    },
                                                                    "cumulative_cardinality": 9649260,
                                                                    "operator_type": "PROJECTION",
                                                                    "operator_cardinality": 3033413,
                                                                    "cumulative_rows_scanned": 3582434,
                                                                    "operator_rows_scanned": 0,
                                                                    "operator_timing": 0.01552158600000004,
                                                                    "result_set_size": 60668260,
                                                                    "children": [
                                                                        {
                                                                            "operator_name": "HASH_JOIN",
                                                                            "cpu_time": 0.2158354339999994,
                                                                            "extra_info": {
                                                                                "Join Type": "RIGHT",
                                                                                "Conditions": "userid = id",
                                                                                "Estimated Cardinality": "2321724"
                                                                            },
                                                                            "cumulative_cardinality": 6615847,
                                                                            "operator_type": "HASH_JOIN",
                                                                            "operator_cardinality": 3033413,
                                                                            "cumulative_rows_scanned": 3582434,
                                                                            "operator_rows_scanned": 0,
                                                                            "operator_timing": 0.16332349199999938,
                                                                            "result_set_size": 30334130,
                                                                            "children": [
                                                                                {
                                                                                    "operator_name": "READ_PARQUET ",
                                                                                    "cpu_time": 0.046223600000000045,
                                                                                    "extra_info": {
                                                                                        "Function": "READ_PARQUET",
                                                                                        "Projections": [
                                                                                            "id",
                                                                                            "userid",
                                                                                            "class"
                                                                                        ],
                                                                                        "Estimated Cardinality": "2321724"
                                                                                    },
                                                                                    "cumulative_cardinality": 2321724,
                                                                                    "operator_type": "TABLE_SCAN",
                                                                                    "operator_cardinality": 2321724,
                                                                                    "cumulative_rows_scanned": 2321724,
                                                                                    "operator_rows_scanned": 2321724,
                                                                                    "operator_timing": 0.046223600000000045,
                                                                                    "result_set_size": 23217240,
                                                                                    "children": []
                                                                                },
                                                                                {
                                                                                    "operator_name": "READ_PARQUET ",
                                                                                    "cpu_time": 0.006288341999999983,
                                                                                    "extra_info": {
                                                                                        "Function": "READ_PARQUET",
                                                                                        "Projections": "id",
                                                                                        "Estimated Cardinality": "1260710"
                                                                                    },
                                                                                    "cumulative_cardinality": 1260710,
                                                                                    "operator_type": "TABLE_SCAN",
                                                                                    "operator_cardinality": 1260710,
                                                                                    "cumulative_rows_scanned": 1260710,
                                                                                    "operator_rows_scanned": 1260710,
                                                                                    "operator_timing": 0.006288341999999983,
                                                                                    "result_set_size": 5042840,
                                                                                    "children": []
                                                                                }
                                                                            ]
                                                                        }
                                                                    ]
                                                                }
                                                            ]
                                                        },
                                                        {
                                                            "operator_name": "HASH_JOIN",
                                                            "cpu_time": 2.143793453999995,
                                                            "extra_info": {
                                                                "Join Type": "INNER",
                                                                "Conditions": "id = PostId",
                                                                "Estimated Cardinality": "770023"
                                                            },
                                                            "cumulative_cardinality": 47779465,
                                                            "operator_type": "HASH_JOIN",
                                                            "operator_cardinality": 386333,
                                                            "cumulative_rows_scanned": 20444325,
                                                            "operator_rows_scanned": 0,
                                                            "operator_timing": 0.10253330099999969,
                                                            "result_set_size": 21634648,
                                                            "children": [
                                                                {
                                                                    "operator_name": "READ_PARQUET ",
                                                                    "cpu_time": 0.37825520700000065,
                                                                    "extra_info": {
                                                                        "Function": "READ_PARQUET",
                                                                        "Projections": [
                                                                            "id",
                                                                            "creationdate",
                                                                            "owneruserid",
                                                                            "title"
                                                                        ],
                                                                        "Estimated Cardinality": "3850116"
                                                                    },
                                                                    "cumulative_cardinality": 3850062,
                                                                    "operator_type": "TABLE_SCAN",
                                                                    "operator_cardinality": 3850062,
                                                                    "cumulative_rows_scanned": 3850116,
                                                                    "operator_rows_scanned": 3850116,
                                                                    "operator_timing": 0.37825520700000065,
                                                                    "result_set_size": 123201984,
                                                                    "children": []
                                                                },
                                                                {
                                                                    "operator_name": "FILTER",
                                                                    "cpu_time": 1.6630049459999945,
                                                                    "extra_info": {
                                                                        "Expression": "(TotalVotes > 5)",
                                                                        "Estimated Cardinality": "770023"
                                                                    },
                                                                    "cumulative_cardinality": 43543070,
                                                                    "operator_type": "FILTER",
                                                                    "operator_cardinality": 386333,
                                                                    "cumulative_rows_scanned": 16594209,
                                                                    "operator_rows_scanned": 0,
                                                                    "operator_timing": 0.005062764000000034,
                                                                    "result_set_size": 10817324,
                                                                    "children": [
                                                                        {
                                                                            "operator_name": "HASH_GROUP_BY",
                                                                            "cpu_time": 1.6579421819999944,
                                                                            "extra_info": {
                                                                                "Groups": "#0",
                                                                                "Aggregates": [
                                                                                    "count(#1)",
                                                                                    "count(#2)",
                                                                                    "count(#3)"
                                                                                ],
                                                                                "Estimated Cardinality": "3850116"
                                                                            },
                                                                            "cumulative_cardinality": 43156737,
                                                                            "operator_type": "HASH_GROUP_BY",
                                                                            "operator_cardinality": 3850116,
                                                                            "cumulative_rows_scanned": 16594209,
                                                                            "operator_rows_scanned": 0,
                                                                            "operator_timing": 0.6909712629999997,
                                                                            "result_set_size": 107803248,
                                                                            "children": [
                                                                                {
                                                                                    "operator_name": "PROJECTION",
                                                                                    "cpu_time": 0.9669709189999947,
                                                                                    "extra_info": {
                                                                                        "Projections": [
                                                                                            "id",
                                                                                            "CASE  WHEN ((votetypeid = 2)) THEN (1) ELSE NULL END",
                                                                                            "CASE  WHEN ((votetypeid = 3)) THEN (1) ELSE NULL END",
                                                                                            "id"
                                                                                        ],
                                                                                        "Estimated Cardinality": "12744093"
                                                                                    },
                                                                                    "cumulative_cardinality": 39306621,
                                                                                    "operator_type": "PROJECTION",
                                                                                    "operator_cardinality": 11356206,
                                                                                    "cumulative_rows_scanned": 16594209,
                                                                                    "operator_rows_scanned": 0,
                                                                                    "operator_timing": 0.08752151499999986,
                                                                                    "result_set_size": 181699296,
                                                                                    "children": [
                                                                                        {
                                                                                            "operator_name": "HASH_JOIN",
                                                                                            "cpu_time": 0.8794494039999948,
                                                                                            "extra_info": {
                                                                                                "Join Type": "RIGHT",
                                                                                                "Conditions": "postid = id",
                                                                                                "Estimated Cardinality": "12744093"
                                                                                            },
                                                                                            "cumulative_cardinality": 27950415,
                                                                                            "operator_type": "HASH_JOIN",
                                                                                            "operator_cardinality": 11356206,
                                                                                            "cumulative_rows_scanned": 16594209,
                                                                                            "operator_rows_scanned": 0,
                                                                                            "operator_timing": 0.5892250229999952,
                                                                                            "result_set_size": 113562060,
                                                                                            "children": [
                                                                                                {
                                                                                                    "operator_name": "READ_PARQUET ",
                                                                                                    "cpu_time": 0.2725635369999996,
                                                                                                    "extra_info": {
                                                                                                        "Function": "READ_PARQUET",
                                                                                                        "Projections": [
                                                                                                            "id",
                                                                                                            "postid",
                                                                                                            "votetypeid"
                                                                                                        ],
                                                                                                        "Estimated Cardinality": "12744093"
                                                                                                    },
                                                                                                    "cumulative_cardinality": 12744093,
                                                                                                    "operator_type": "TABLE_SCAN",
                                                                                                    "operator_cardinality": 12744093,
                                                                                                    "cumulative_rows_scanned": 12744093,
                                                                                                    "operator_rows_scanned": 12744093,
                                                                                                    "operator_timing": 0.2725635369999996,
                                                                                                    "result_set_size": 127440930,
                                                                                                    "children": []
                                                                                                },
                                                                                                {
                                                                                                    "operator_name": "READ_PARQUET ",
                                                                                                    "cpu_time": 0.017660843999999985,
                                                                                                    "extra_info": {
                                                                                                        "Function": "READ_PARQUET",
                                                                                                        "Projections": "id",
                                                                                                        "Estimated Cardinality": "3850116"
                                                                                                    },
                                                                                                    "cumulative_cardinality": 3850116,
                                                                                                    "operator_type": "TABLE_SCAN",
                                                                                                    "operator_cardinality": 3850116,
                                                                                                    "cumulative_rows_scanned": 3850116,
                                                                                                    "operator_rows_scanned": 3850116,
                                                                                                    "operator_timing": 0.017660843999999985,
                                                                                                    "result_set_size": 15400464,
                                                                                                    "children": []
                                                                                                }
                                                                                            ]
                                                                                        }
                                                                                    ]
                                                                                }
                                                                            ]
                                                                        }
                                                                    ]
                                                                }
                                                            ]
                                                        }
                                                    ]
                                                }
                                            ]
                                        },
                                        {
                                            "operator_name": "READ_PARQUET ",
                                            "cpu_time": 0.07930443399999991,
                                            "extra_info": {
                                                "Function": "READ_PARQUET",
                                                "Projections": [
                                                    "id",
                                                    "displayname"
                                                ],
                                                "Filters": "id<=1416539",
                                                "Estimated Cardinality": "1260710"
                                            },
                                            "cumulative_cardinality": 1260679,
                                            "operator_type": "TABLE_SCAN",
                                            "operator_cardinality": 1260679,
                                            "cumulative_rows_scanned": 1260710,
                                            "operator_rows_scanned": 1260710,
                                            "operator_timing": 0.07930443399999991,
                                            "result_set_size": 25213580,
                                            "children": []
                                        }
                                    ]
                                }
                            ]
                        }
                    ]
                }
            ]
        }
    ]
}