{
    "rows_returned": 50,
    "query_name": "WITH UserStats AS (\n    SELECT \n        U.Id AS UserId,\n        U.DisplayName,\n        U.Reputation,\n        COUNT(DISTINCT P.Id) AS PostCount,\n        SUM(CASE WHEN PT.Name = 'Answer' THEN 1 ELSE 0 END) AS AnswerCount,\n        SUM(CASE WHEN PT.Name = 'Question' THEN 1 ELSE 0 END) AS QuestionCount,\n        SUM(U.UpVotes) AS TotalUpVotes,\n        SUM(U.DownVotes) AS TotalDownVotes\n    FROM Users U\n    LEFT JOIN Posts P ON U.Id = P.OwnerUserId\n    LEFT JOIN PostTypes PT ON P.PostTypeId = PT.Id\n    GROUP BY U.Id, U.DisplayName, U.Reputation\n),\nBadgeStats AS (\n    SELECT \n        B.UserId, \n        COUNT(B.Id) AS BadgeCount, \n        MAX(B.Class) AS HighestBadgeClass\n    FROM Badges B\n    GROUP BY B.UserId\n),\nPostStats AS (\n    SELECT \n        P.OwnerUserId,\n        COUNT(C.Id) AS CommentCount,\n        MAX(P.Score) AS MaxPostScore,\n        AVG(P.ViewCount) AS AvgPostViews\n    FROM Posts P\n    LEFT JOIN Comments C ON P.Id = C.PostId\n    GROUP BY P.OwnerUserId\n)\nSELECT \n    U.DisplayName,\n    U.Reputation,\n    US.PostCount,\n    US.QuestionCount,\n    US.AnswerCount,\n    US.TotalUpVotes,\n    US.TotalDownVotes,\n    COALESCE(BS.BadgeCount, 0) AS BadgeCount,\n    COALESCE(BS.HighestBadgeClass, 0) AS HighestBadgeClass,\n    COALESCE(PS.CommentCount, 0) AS CommentCount,\n    COALESCE(PS.MaxPostScore, 0) AS MaxPostScore,\n    COALESCE(PS.AvgPostViews, 0) AS AvgPostViews\nFROM UserStats US\nJOIN Users U ON U.Id = US.UserId\nLEFT JOIN BadgeStats BS ON U.Id = BS.UserId\nLEFT JOIN PostStats PS ON U.Id = PS.OwnerUserId\nWHERE U.Reputation > 1000\nORDER BY U.Reputation DESC, US.PostCount DESC\nLIMIT 50;\n",
    "blocked_thread_time": 0.0,
    "cpu_time": 3.1831618109999997,
    "extra_info": {},
    "cumulative_cardinality": 74377418,
    "cumulative_rows_scanned": 19785206,
    "result_set_size": 6100,
    "latency": 4.110054956,
    "children": [
        {
            "operator_name": "STREAMING_LIMIT",
            "cpu_time": 3.1831618109999997,
            "extra_info": {},
            "cumulative_cardinality": 74377418,
            "operator_type": "STREAMING_LIMIT",
            "operator_cardinality": 50,
            "cumulative_rows_scanned": 19785206,
            "operator_rows_scanned": 0,
            "operator_timing": 0.000002144,
            "result_set_size": 6100,
            "children": [
                {
                    "operator_name": "ORDER_BY",
                    "cpu_time": 3.1831596669999995,
                    "extra_info": {
                        "Order By": [
                            "U.Reputation DESC",
                            "US.PostCount DESC"
                        ]
                    },
                    "cumulative_cardinality": 74377368,
                    "operator_type": "ORDER_BY",
                    "operator_cardinality": 4096,
                    "cumulative_rows_scanned": 19785206,
                    "operator_rows_scanned": 0,
                    "operator_timing": 0.001264953,
                    "result_set_size": 499712,
                    "children": [
                        {
                            "operator_name": "PROJECTION",
                            "cpu_time": 3.1818947139999993,
                            "extra_info": {
                                "Projections": [
                                    "displayname",
                                    "reputation",
                                    "PostCount",
                                    "QuestionCount",
                                    "AnswerCount",
                                    "TotalUpVotes",
                                    "TotalDownVotes",
                                    "BadgeCount",
                                    "HighestBadgeClass",
                                    "CommentCount",
                                    "MaxPostScore",
                                    "AvgPostViews"
                                ],
                                "Estimated Cardinality": "3850116"
                            },
                            "cumulative_cardinality": 74373272,
                            "operator_type": "PROJECTION",
                            "operator_cardinality": 11215,
                            "cumulative_rows_scanned": 19785206,
                            "operator_rows_scanned": 0,
                            "operator_timing": 0.0013882810000000005,
                            "result_set_size": 1368230,
                            "children": [
                                {
                                    "operator_name": "HASH_JOIN",
                                    "cpu_time": 3.1805064329999992,
                                    "extra_info": {
                                        "Join Type": "RIGHT",
                                        "Conditions": "owneruserid = id",
                                        "Estimated Cardinality": "3850116"
                                    },
                                    "cumulative_cardinality": 74362057,
                                    "operator_type": "HASH_JOIN",
                                    "operator_cardinality": 11215,
                                    "cumulative_rows_scanned": 19785206,
                                    "operator_rows_scanned": 0,
                                    "operator_timing": 0.007157619000000001,
                                    "result_set_size": 1547670,
                                    "children": [
                                        {
                                            "operator_name": "HASH_GROUP_BY",
                                            "cpu_time": 1.0887521899999983,
                                            "extra_info": {
                                                "Groups": "#0",
                                                "Aggregates": [
                                                    "count(#1)",
                                                    "max(#2)",
                                                    "avg(#3)"
                                                ],
                                                "Estimated Cardinality": "3850116"
                                            },
                                            "cumulative_cardinality": 42098484,
                                            "operator_type": "HASH_GROUP_BY",
                                            "operator_cardinality": 371632,
                                            "cumulative_rows_scanned": 11091938,
                                            "operator_rows_scanned": 0,
                                            "operator_timing": 0.2751860439999999,
                                            "result_set_size": 8919168,
                                            "children": [
                                                {
                                                    "operator_name": "PROJECTION",
                                                    "cpu_time": 0.8135661459999985,
                                                    "extra_info": {
                                                        "Projections": [
                                                            "owneruserid",
                                                            "id",
                                                            "score",
                                                            "viewcount"
                                                        ],
                                                        "Estimated Cardinality": "7241822"
                                                    },
                                                    "cumulative_cardinality": 41726852,
                                                    "operator_type": "PROJECTION",
                                                    "operator_cardinality": 8928266,
                                                    "cumulative_rows_scanned": 11091938,
                                                    "operator_rows_scanned": 0,
                                                    "operator_timing": 0.0011744639999999953,
                                                    "result_set_size": 142852256,
                                                    "children": [
                                                        {
                                                            "operator_name": "PROJECTION",
                                                            "cpu_time": 0.8123916819999986,
                                                            "extra_info": {
                                                                "Projections": [
                                                                    "#0",
                                                                    "__internal_decompress_integral_integer(#1, -72)",
                                                                    "#2",
                                                                    "#3"
                                                                ],
                                                                "Estimated Cardinality": "7241822"
                                                            },
                                                            "cumulative_cardinality": 32798586,
                                                            "operator_type": "PROJECTION",
                                                            "operator_cardinality": 8928266,
                                                            "cumulative_rows_scanned": 11091938,
                                                            "operator_rows_scanned": 0,
                                                            "operator_timing": 0.0033931539999999894,
                                                            "result_set_size": 142852256,
                                                            "children": [
                                                                {
                                                                    "operator_name": "HASH_JOIN",
                                                                    "cpu_time": 0.8089985279999986,
                                                                    "extra_info": {
                                                                        "Join Type": "RIGHT",
                                                                        "Conditions": "postid = id",
                                                                        "Estimated Cardinality": "7241822"
                                                                    },
                                                                    "cumulative_cardinality": 23870320,
                                                                    "operator_type": "HASH_JOIN",
                                                                    "operator_cardinality": 8928266,
                                                                    "cumulative_rows_scanned": 11091938,
                                                                    "operator_rows_scanned": 0,
                                                                    "operator_timing": 0.587486562999999,
                                                                    "result_set_size": 124995724,
                                                                    "children": [
                                                                        {
                                                                            "operator_name": "READ_PARQUET ",
                                                                            "cpu_time": 0.13406753599999982,
                                                                            "extra_info": {
                                                                                "Function": "READ_PARQUET",
                                                                                "Projections": [
                                                                                    "id",
                                                                                    "postid"
                                                                                ],
                                                                                "Estimated Cardinality": "7241822"
                                                                            },
                                                                            "cumulative_cardinality": 7241822,
                                                                            "operator_type": "TABLE_SCAN",
                                                                            "operator_cardinality": 7241822,
                                                                            "cumulative_rows_scanned": 7241822,
                                                                            "operator_rows_scanned": 7241822,
                                                                            "operator_timing": 0.13406753599999982,
                                                                            "result_set_size": 57934576,
                                                                            "children": []
                                                                        },
                                                                        {
                                                                            "operator_name": "PROJECTION",
                                                                            "cpu_time": 0.08744442899999973,
                                                                            "extra_info": {
                                                                                "Projections": [
                                                                                    "#0",
                                                                                    "__internal_compress_integral_usmallint(#1, -72)",
                                                                                    "#2",
                                                                                    "#3"
                                                                                ],
                                                                                "Estimated Cardinality": "3850116"
                                                                            },
                                                                            "cumulative_cardinality": 7700232,
                                                                            "operator_type": "PROJECTION",
                                                                            "operator_cardinality": 3850116,
                                                                            "cumulative_rows_scanned": 3850116,
                                                                            "operator_rows_scanned": 0,
                                                                            "operator_timing": 0.001456876000000001,
                                                                            "result_set_size": 53901624,
                                                                            "children": [
                                                                                {
                                                                                    "operator_name": "READ_PARQUET ",
                                                                                    "cpu_time": 0.08598755299999973,
                                                                                    "extra_info": {
                                                                                        "Function": "READ_PARQUET",
                                                                                        "Projections": [
                                                                                            "id",
                                                                                            "score",
                                                                                            "viewcount",
                                                                                            "owneruserid"
                                                                                        ],
                                                                                        "Estimated Cardinality": "3850116"
                                                                                    },
                                                                                    "cumulative_cardinality": 3850116,
                                                                                    "operator_type": "TABLE_SCAN",
                                                                                    "operator_cardinality": 3850116,
                                                                                    "cumulative_rows_scanned": 3850116,
                                                                                    "operator_rows_scanned": 3850116,
                                                                                    "operator_timing": 0.08598755299999973,
                                                                                    "result_set_size": 61601856,
                                                                                    "children": []
                                                                                }
                                                                            ]
                                                                        }
                                                                    ]
                                                                }
                                                            ]
                                                        }
                                                    ]
                                                }
                                            ]
                                        },
                                        {
                                            "operator_name": "HASH_JOIN",
                                            "cpu_time": 2.084596624000001,
                                            "extra_info": {
                                                "Join Type": "RIGHT",
                                                "Conditions": "userid = id",
                                                "Estimated Cardinality": "1160862"
                                            },
                                            "cumulative_cardinality": 32252358,
                                            "operator_type": "HASH_JOIN",
                                            "operator_cardinality": 11215,
                                            "cumulative_rows_scanned": 8693268,
                                            "operator_rows_scanned": 0,
                                            "operator_timing": 0.007822363999999998,
                                            "result_set_size": 1278510,
                                            "children": [
                                                {
                                                    "operator_name": "HASH_GROUP_BY",
                                                    "cpu_time": 0.10669618199999993,
                                                    "extra_info": {
                                                        "Groups": "#0",
                                                        "Aggregates": [
                                                            "count_star()",
                                                            "max(#1)"
                                                        ],
                                                        "Estimated Cardinality": "1160862"
                                                    },
                                                    "cumulative_cardinality": 5192469,
                                                    "operator_type": "HASH_GROUP_BY",
                                                    "operator_cardinality": 549021,
                                                    "cumulative_rows_scanned": 2321724,
                                                    "operator_rows_scanned": 0,
                                                    "operator_timing": 0.07797980299999996,
                                                    "result_set_size": 7686294,
                                                    "children": [
                                                        {
                                                            "operator_name": "PROJECTION",
                                                            "cpu_time": 0.02871637899999997,
                                                            "extra_info": {
                                                                "Projections": [
                                                                    "userid",
                                                                    "class"
                                                                ],
                                                                "Estimated Cardinality": "2321724"
                                                            },
                                                            "cumulative_cardinality": 4643448,
                                                            "operator_type": "PROJECTION",
                                                            "operator_cardinality": 2321724,
                                                            "cumulative_rows_scanned": 2321724,
                                                            "operator_rows_scanned": 0,
                                                            "operator_timing": 0.00021800999999999933,
                                                            "result_set_size": 13930344,
                                                            "children": [
                                                                {
                                                                    "operator_name": "READ_PARQUET ",
                                                                    "cpu_time": 0.02849836899999997,
                                                                    "extra_info": {
                                                                        "Function": "READ_PARQUET",
                                                                        "Projections": [
                                                                            "id",
                                                                            "userid",
                                                                            "class"
                                                                        ],
                                                                        "Estimated Cardinality": "2321724"
                                                                    },
                                                                    "cumulative_cardinality": 2321724,
                                                                    "operator_type": "TABLE_SCAN",
                                                                    "operator_cardinality": 2321724,
                                                                    "cumulative_rows_scanned": 2321724,
                                                                    "operator_rows_scanned": 2321724,
                                                                    "operator_timing": 0.02849836899999997,
                                                                    "result_set_size": 23217240,
                                                                    "children": []
                                                                }
                                                            ]
                                                        }
                                                    ]
                                                },
                                                {
                                                    "operator_name": "HASH_JOIN",
                                                    "cpu_time": 1.9700780780000011,
                                                    "extra_info": {
                                                        "Join Type": "INNER",
                                                        "Conditions": "UserId = id",
                                                        "Estimated Cardinality": "252142"
                                                    },
                                                    "cumulative_cardinality": 27048674,
                                                    "operator_type": "HASH_JOIN",
                                                    "operator_cardinality": 11215,
                                                    "cumulative_rows_scanned": 6371544,
                                                    "operator_rows_scanned": 0,
                                                    "operator_timing": 0.015981326999999986,
                                                    "result_set_size": 1121500,
                                                    "children": [
                                                        {
                                                            "operator_name": "PROJECTION",
                                                            "cpu_time": 1.902484503000001,
                                                            "extra_info": {
                                                                "Projections": [
                                                                    "UserId",
                                                                    "PostCount",
                                                                    "AnswerCount",
                                                                    "QuestionCount",
                                                                    "TotalUpVotes",
                                                                    "TotalDownVotes"
                                                                ],
                                                                "Estimated Cardinality": "1260710"
                                                            },
                                                            "cumulative_cardinality": 27026244,
                                                            "operator_type": "PROJECTION",
                                                            "operator_cardinality": 1260710,
                                                            "cumulative_rows_scanned": 5110834,
                                                            "operator_rows_scanned": 0,
                                                            "operator_timing": 0.00016627700000000054,
                                                            "result_set_size": 95813960,
                                                            "children": [
                                                                {
                                                                    "operator_name": "HASH_GROUP_BY",
                                                                    "cpu_time": 1.9023182260000011,
                                                                    "extra_info": {
                                                                        "Groups": [
                                                                            "#0",
                                                                            "#1",
                                                                            "#2"
                                                                        ],
                                                                        "Aggregates": [
                                                                            "count(DISTINCT #3)",
                                                                            "sum(#4)",
                                                                            "sum(#5)",
                                                                            "sum(#6)",
                                                                            "sum(#7)"
                                                                        ],
                                                                        "Estimated Cardinality": "1260710"
                                                                    },
                                                                    "cumulative_cardinality": 25765534,
                                                                    "operator_type": "HASH_GROUP_BY",
                                                                    "operator_cardinality": 1260710,
                                                                    "cumulative_rows_scanned": 5110834,
                                                                    "operator_rows_scanned": 0,
                                                                    "operator_timing": 1.3136495240000012,
                                                                    "result_set_size": 121028160,
                                                                    "children": [
                                                                        {
                                                                            "operator_name": "PROJECTION",
                                                                            "cpu_time": 0.5886687019999999,
                                                                            "extra_info": {
                                                                                "Projections": [
                                                                                    "id",
                                                                                    "displayname",
                                                                                    "reputation",
                                                                                    "id",
                                                                                    "CASE  WHEN ((name = 'Answer')) THEN (1) ELSE 0 END",
                                                                                    "CASE  WHEN ((name = 'Question')) THEN (1) ELSE 0 END",
                                                                                    "upvotes",
                                                                                    "downvotes"
                                                                                ],
                                                                                "Estimated Cardinality": "3850116"
                                                                            },
                                                                            "cumulative_cardinality": 24504824,
                                                                            "operator_type": "PROJECTION",
                                                                            "operator_cardinality": 4574495,
                                                                            "cumulative_rows_scanned": 5110834,
                                                                            "operator_rows_scanned": 0,
                                                                            "operator_timing": 0.0419795609999999,
                                                                            "result_set_size": 201277780,
                                                                            "children": [
                                                                                {
                                                                                    "operator_name": "HASH_JOIN",
                                                                                    "cpu_time": 0.546689141,
                                                                                    "extra_info": {
                                                                                        "Join Type": "LEFT",
                                                                                        "Conditions": "posttypeid = id",
                                                                                        "Estimated Cardinality": "3850116"
                                                                                    },
                                                                                    "cumulative_cardinality": 19930329,
                                                                                    "operator_type": "HASH_JOIN",
                                                                                    "operator_cardinality": 4574495,
                                                                                    "cumulative_rows_scanned": 5110834,
                                                                                    "operator_rows_scanned": 0,
                                                                                    "operator_timing": 0.07392331199999988,
                                                                                    "result_set_size": 237873740,
                                                                                    "children": [
                                                                                        {
                                                                                            "operator_name": "PROJECTION",
                                                                                            "cpu_time": 0.47246546800000017,
                                                                                            "extra_info": {
                                                                                                "Projections": [
                                                                                                    "#0",
                                                                                                    "#1",
                                                                                                    "#2",
                                                                                                    "#3",
                                                                                                    "#4",
                                                                                                    "#5",
                                                                                                    "__internal_decompress_integral_integer(#6, 0)"
                                                                                                ],
                                                                                                "Estimated Cardinality": "3850116"
                                                                                            },
                                                                                            "cumulative_cardinality": 15355826,
                                                                                            "operator_type": "PROJECTION",
                                                                                            "operator_cardinality": 4574495,
                                                                                            "cumulative_rows_scanned": 5110826,
                                                                                            "operator_rows_scanned": 0,
                                                                                            "operator_timing": 0.002783578999999999,
                                                                                            "result_set_size": 173830810,
                                                                                            "children": [
                                                                                                {
                                                                                                    "operator_name": "HASH_JOIN",
                                                                                                    "cpu_time": 0.4696818890000002,
                                                                                                    "extra_info": {
                                                                                                        "Join Type": "RIGHT",
                                                                                                        "Conditions": "owneruserid = id",
                                                                                                        "Estimated Cardinality": "3850116"
                                                                                                    },
                                                                                                    "cumulative_cardinality": 10781331,
                                                                                                    "operator_type": "HASH_JOIN",
                                                                                                    "operator_cardinality": 4574495,
                                                                                                    "cumulative_rows_scanned": 5110826,
                                                                                                    "operator_rows_scanned": 0,
                                                                                                    "operator_timing": 0.27807829500000025,
                                                                                                    "result_set_size": 164681820,
                                                                                                    "children": [
                                                                                                        {
                                                                                                            "operator_name": "READ_PARQUET ",
                                                                                                            "cpu_time": 0.09839591099999996,
                                                                                                            "extra_info": {
                                                                                                                "Function": "READ_PARQUET",
                                                                                                                "Projections": [
                                                                                                                    "id",
                                                                                                                    "posttypeid",
                                                                                                                    "owneruserid"
                                                                                                                ],
                                                                                                                "Estimated Cardinality": "3850116"
                                                                                                            },
                                                                                                            "cumulative_cardinality": 3685416,
                                                                                                            "operator_type": "TABLE_SCAN",
                                                                                                            "operator_cardinality": 3685416,
                                                                                                            "cumulative_rows_scanned": 3850116,
                                                                                                            "operator_rows_scanned": 3850116,
                                                                                                            "operator_timing": 0.09839591099999996,
                                                                                                            "result_set_size": 36854160,
                                                                                                            "children": []
                                                                                                        },
                                                                                                        {
                                                                                                            "operator_name": "PROJECTION",
                                                                                                            "cpu_time": 0.093207683,
                                                                                                            "extra_info": {
                                                                                                                "Projections": [
                                                                                                                    "#0",
                                                                                                                    "#1",
                                                                                                                    "#2",
                                                                                                                    "#3",
                                                                                                                    "__internal_compress_integral_usmallint(#4, 0)"
                                                                                                                ],
                                                                                                                "Estimated Cardinality": "1260710"
                                                                                                            },
                                                                                                            "cumulative_cardinality": 2521420,
                                                                                                            "operator_type": "PROJECTION",
                                                                                                            "operator_cardinality": 1260710,
                                                                                                            "cumulative_rows_scanned": 1260710,
                                                                                                            "operator_rows_scanned": 0,
                                                                                                            "operator_timing": 0.0005986669999999989,
                                                                                                            "result_set_size": 37821300,
                                                                                                            "children": [
                                                                                                                {
                                                                                                                    "operator_name": "READ_PARQUET ",
                                                                                                                    "cpu_time": 0.092609016,
                                                                                                                    "extra_info": {
                                                                                                                        "Function": "READ_PARQUET",
                                                                                                                        "Projections": [
                                                                                                                            "id",
                                                                                                                            "reputation",
                                                                                                                            "displayname",
                                                                                                                            "upvotes",
                                                                                                                            "downvotes"
                                                                                                                        ],
                                                                                                                        "Estimated Cardinality": "1260710"
                                                                                                                    },
                                                                                                                    "cumulative_cardinality": 1260710,
                                                                                                                    "operator_type": "TABLE_SCAN",
                                                                                                                    "operator_cardinality": 1260710,
                                                                                                                    "cumulative_rows_scanned": 1260710,
                                                                                                                    "operator_rows_scanned": 1260710,
                                                                                                                    "operator_timing": 0.092609016,
                                                                                                                    "result_set_size": 40342720,
                                                                                                                    "children": []
                                                                                                                }
                                                                                                            ]
                                                                                                        }
                                                                                                    ]
                                                                                                }
                                                                                            ]
                                                                                        },
                                                                                        {
                                                                                            "operator_name": "READ_PARQUET ",
                                                                                            "cpu_time": 0.000300361,
                                                                                            "extra_info": {
                                                                                                "Function": "READ_PARQUET",
                                                                                                "Projections": [
                                                                                                    "id",
                                                                                                    "name"
                                                                                                ],
                                                                                                "Estimated Cardinality": "8"
                                                                                            },
                                                                                            "cumulative_cardinality": 8,
                                                                                            "operator_type": "TABLE_SCAN",
                                                                                            "operator_cardinality": 8,
                                                                                            "cumulative_rows_scanned": 8,
                                                                                            "operator_rows_scanned": 8,
                                                                                            "operator_timing": 0.000300361,
                                                                                            "result_set_size": 144,
                                                                                            "children": []
                                                                                        }
                                                                                    ]
                                                                                }
                                                                            ]
                                                                        }
                                                                    ]
                                                                }
                                                            ]
                                                        },
                                                        {
                                                            "operator_name": "READ_PARQUET ",
                                                            "cpu_time": 0.051612248,
                                                            "extra_info": {
                                                                "Function": "READ_PARQUET",
                                                                "Projections": [
                                                                    "id",
                                                                    "reputation",
                                                                    "displayname"
                                                                ],
                                                                "Filters": "reputation>1000",
                                                                "Estimated Cardinality": "252142"
                                                            },
                                                            "cumulative_cardinality": 11215,
                                                            "operator_type": "TABLE_SCAN",
                                                            "operator_cardinality": 11215,
                                                            "cumulative_rows_scanned": 1260710,
                                                            "operator_rows_scanned": 1260710,
                                                            "operator_timing": 0.051612248,
                                                            "result_set_size": 269160,
                                                            "children": []
                                                        }
                                                    ]
                                                }
                                            ]
                                        }
                                    ]
                                }
                            ]
                        }
                    ]
                }
            ]
        }
    ]
}