{
    "rows_returned": 10,
    "query_name": "WITH RankedPosts AS (\n    SELECT \n        p.Id,\n        p.Title,\n        p.CreationDate,\n        p.Score,\n        p.OwnerUserId,\n        RANK() OVER (PARTITION BY p.OwnerUserId ORDER BY p.Score DESC) AS UserPostRank\n    FROM \n        Posts p\n    WHERE \n        p.PostTypeId = 1 AND \n        p.Score > 0\n),\nPostVoteCounts AS (\n    SELECT \n        v.PostId,\n        COUNT(CASE WHEN v.VoteTypeId = 2 THEN 1 END) AS UpVotes,\n        COUNT(CASE WHEN v.VoteTypeId = 3 THEN 1 END) AS DownVotes\n    FROM \n        Votes v\n    GROUP BY \n        v.PostId\n),\nUserBadges AS (\n    SELECT \n        b.UserId,\n        COUNT(CASE WHEN b.Class = 1 THEN 1 END) AS GoldBadges,\n        COUNT(CASE WHEN b.Class = 2 THEN 1 END) AS SilverBadges,\n        COUNT(CASE WHEN b.Class = 3 THEN 1 END) AS BronzeBadges\n    FROM \n        Badges b\n    GROUP BY \n        b.UserId\n)\nSELECT \n    u.DisplayName,\n    COUNT(DISTINCT rp.Id) AS QuestionCount,\n    SUM(pvc.UpVotes) AS TotalUpVotes,\n    SUM(pvc.DownVotes) AS TotalDownVotes,\n    CASE \n        WHEN ub.GoldBadges IS NULL THEN 0 ELSE ub.GoldBadges \n    END AS GoldBadges,\n    CASE \n        WHEN ub.SilverBadges IS NULL THEN 0 ELSE ub.SilverBadges \n    END AS SilverBadges,\n    CASE \n        WHEN ub.BronzeBadges IS NULL THEN 0 ELSE ub.BronzeBadges \n    END AS BronzeBadges,\n    MAX(rp.CreationDate) AS LatestPostDate\nFROM \n    Users u\nLEFT JOIN \n    RankedPosts rp ON u.Id = rp.OwnerUserId\nLEFT JOIN \n    PostVoteCounts pvc ON rp.Id = pvc.PostId\nLEFT JOIN \n    UserBadges ub ON u.Id = ub.UserId\nWHERE \n    u.Reputation > 1000\nGROUP BY \n    u.DisplayName, ub.GoldBadges, ub.SilverBadges, ub.BronzeBadges\nHAVING \n    COUNT(DISTINCT rp.Id) > 5\nORDER BY \n    TotalUpVotes DESC, QuestionCount DESC\nLIMIT 10;\n",
    "blocked_thread_time": 0.0,
    "cpu_time": 1.7635898719999985,
    "extra_info": {},
    "cumulative_cardinality": 40737456,
    "cumulative_rows_scanned": 20176643,
    "result_set_size": 880,
    "latency": 2.00978845,
    "children": [
        {
            "operator_name": "STREAMING_LIMIT",
            "cpu_time": 1.7635898719999985,
            "extra_info": {},
            "cumulative_cardinality": 40737456,
            "operator_type": "STREAMING_LIMIT",
            "operator_cardinality": 10,
            "cumulative_rows_scanned": 20176643,
            "operator_rows_scanned": 0,
            "operator_timing": 0.000002535,
            "result_set_size": 880,
            "children": [
                {
                    "operator_name": "ORDER_BY",
                    "cpu_time": 1.7635873369999986,
                    "extra_info": {
                        "Order By": [
                            "sum(pvc.UpVotes) DESC",
                            "count(DISTINCT rp.Id) DESC"
                        ]
                    },
                    "cumulative_cardinality": 40737446,
                    "operator_type": "ORDER_BY",
                    "operator_cardinality": 4096,
                    "cumulative_rows_scanned": 20176643,
                    "operator_rows_scanned": 0,
                    "operator_timing": 0.000684709,
                    "result_set_size": 360448,
                    "children": [
                        {
                            "operator_name": "PROJECTION",
                            "cpu_time": 1.7629026279999986,
                            "extra_info": {
                                "Projections": [
                                    "displayname",
                                    "QuestionCount",
                                    "TotalUpVotes",
                                    "TotalDownVotes",
                                    "GoldBadges",
                                    "SilverBadges",
                                    "BronzeBadges",
                                    "LatestPostDate"
                                ],
                                "Estimated Cardinality": "252142"
                            },
                            "cumulative_cardinality": 40733350,
                            "operator_type": "PROJECTION",
                            "operator_cardinality": 8410,
                            "cumulative_rows_scanned": 20176643,
                            "operator_rows_scanned": 0,
                            "operator_timing": 0.000053769000000000006,
                            "result_set_size": 740080,
                            "children": [
                                {
                                    "operator_name": "FILTER",
                                    "cpu_time": 1.7628488589999987,
                                    "extra_info": {
                                        "Expression": "(count(DISTINCT id) > 5)",
                                        "Estimated Cardinality": "252142"
                                    },
                                    "cumulative_cardinality": 40724940,
                                    "operator_type": "FILTER",
                                    "operator_cardinality": 8410,
                                    "cumulative_rows_scanned": 20176643,
                                    "operator_rows_scanned": 0,
                                    "operator_timing": 0.00010310199999999999,
                                    "result_set_size": 740080,
                                    "children": [
                                        {
                                            "operator_name": "HASH_GROUP_BY",
                                            "cpu_time": 1.7627457569999987,
                                            "extra_info": {
                                                "Groups": [
                                                    "#0",
                                                    "#1",
                                                    "#2",
                                                    "#3"
                                                ],
                                                "Aggregates": [
                                                    "count(DISTINCT #4)",
                                                    "sum(#5)",
                                                    "sum(#6)",
                                                    "max(#7)"
                                                ],
                                                "Estimated Cardinality": "1260710"
                                            },
                                            "cumulative_cardinality": 40716530,
                                            "operator_type": "HASH_GROUP_BY",
                                            "operator_cardinality": 11213,
                                            "cumulative_rows_scanned": 20176643,
                                            "operator_rows_scanned": 0,
                                            "operator_timing": 0.09577448199999995,
                                            "result_set_size": 986744,
                                            "children": [
                                                {
                                                    "operator_name": "PROJECTION",
                                                    "cpu_time": 1.6669712749999988,
                                                    "extra_info": {
                                                        "Projections": [
                                                            "displayname",
                                                            "GoldBadges",
                                                            "SilverBadges",
                                                            "BronzeBadges",
                                                            "id",
                                                            "UpVotes",
                                                            "DownVotes",
                                                            "creationdate"
                                                        ],
                                                        "Estimated Cardinality": "6372046"
                                                    },
                                                    "cumulative_cardinality": 40705317,
                                                    "operator_type": "PROJECTION",
                                                    "operator_cardinality": 421880,
                                                    "cumulative_rows_scanned": 20176643,
                                                    "operator_rows_scanned": 0,
                                                    "operator_timing": 0.0010317899999999964,
                                                    "result_set_size": 28687840,
                                                    "children": [
                                                        {
                                                            "operator_name": "HASH_JOIN",
                                                            "cpu_time": 1.6659394849999987,
                                                            "extra_info": {
                                                                "Join Type": "LEFT",
                                                                "Conditions": "id = userid",
                                                                "Estimated Cardinality": "6372046"
                                                            },
                                                            "cumulative_cardinality": 40283437,
                                                            "operator_type": "HASH_JOIN",
                                                            "operator_cardinality": 421880,
                                                            "cumulative_rows_scanned": 20176643,
                                                            "operator_rows_scanned": 0,
                                                            "operator_timing": 0.06095994099999995,
                                                            "result_set_size": 28687840,
                                                            "children": [
                                                                {
                                                                    "operator_name": "HASH_JOIN",
                                                                    "cpu_time": 1.4823084129999988,
                                                                    "extra_info": {
                                                                        "Join Type": "RIGHT",
                                                                        "Conditions": "postid = id",
                                                                        "Estimated Cardinality": "6372046"
                                                                    },
                                                                    "cumulative_cardinality": 34669088,
                                                                    "operator_type": "HASH_JOIN",
                                                                    "operator_cardinality": 421880,
                                                                    "cumulative_rows_scanned": 17854919,
                                                                    "operator_rows_scanned": 0,
                                                                    "operator_timing": 0.1130156050000002,
                                                                    "result_set_size": 20250240,
                                                                    "children": [
                                                                        {
                                                                            "operator_name": "HASH_GROUP_BY",
                                                                            "cpu_time": 0.8928001999999984,
                                                                            "extra_info": {
                                                                                "Groups": "#0",
                                                                                "Aggregates": [
                                                                                    "count(#1)",
                                                                                    "count(#2)"
                                                                                ],
                                                                                "Estimated Cardinality": "6372046"
                                                                            },
                                                                            "cumulative_cardinality": 29453413,
                                                                            "operator_type": "HASH_GROUP_BY",
                                                                            "operator_cardinality": 3965227,
                                                                            "cumulative_rows_scanned": 12744093,
                                                                            "operator_rows_scanned": 0,
                                                                            "operator_timing": 0.6398238649999987,
                                                                            "result_set_size": 79304540,
                                                                            "children": [
                                                                                {
                                                                                    "operator_name": "PROJECTION",
                                                                                    "cpu_time": 0.2529763349999997,
                                                                                    "extra_info": {
                                                                                        "Projections": [
                                                                                            "postid",
                                                                                            "CASE  WHEN ((votetypeid = 2)) THEN (1) ELSE NULL END",
                                                                                            "CASE  WHEN ((votetypeid = 3)) THEN (1) ELSE NULL END"
                                                                                        ],
                                                                                        "Estimated Cardinality": "12744093"
                                                                                    },
                                                                                    "cumulative_cardinality": 25488186,
                                                                                    "operator_type": "PROJECTION",
                                                                                    "operator_cardinality": 12744093,
                                                                                    "cumulative_rows_scanned": 12744093,
                                                                                    "operator_rows_scanned": 0,
                                                                                    "operator_timing": 0.11634171900000015,
                                                                                    "result_set_size": 152929116,
                                                                                    "children": [
                                                                                        {
                                                                                            "operator_name": "READ_PARQUET ",
                                                                                            "cpu_time": 0.13663461599999954,
                                                                                            "extra_info": {
                                                                                                "Function": "READ_PARQUET",
                                                                                                "Projections": [
                                                                                                    "postid",
                                                                                                    "votetypeid"
                                                                                                ],
                                                                                                "Estimated Cardinality": "12744093"
                                                                                            },
                                                                                            "cumulative_cardinality": 12744093,
                                                                                            "operator_type": "TABLE_SCAN",
                                                                                            "operator_cardinality": 12744093,
                                                                                            "cumulative_rows_scanned": 12744093,
                                                                                            "operator_rows_scanned": 12744093,
                                                                                            "operator_timing": 0.13663461599999954,
                                                                                            "result_set_size": 76464558,
                                                                                            "children": []
                                                                                        }
                                                                                    ]
                                                                                }
                                                                            ]
                                                                        },
                                                                        {
                                                                            "operator_name": "HASH_JOIN",
                                                                            "cpu_time": 0.47649260800000015,
                                                                            "extra_info": {
                                                                                "Join Type": "RIGHT",
                                                                                "Conditions": "owneruserid = id",
                                                                                "Estimated Cardinality": "770023"
                                                                            },
                                                                            "cumulative_cardinality": 4793795,
                                                                            "operator_type": "HASH_JOIN",
                                                                            "operator_cardinality": 421880,
                                                                            "cumulative_rows_scanned": 5110826,
                                                                            "operator_rows_scanned": 0,
                                                                            "operator_timing": 0.016804694999999998,
                                                                            "result_set_size": 13500160,
                                                                            "children": [
                                                                                {
                                                                                    "operator_name": "PROJECTION",
                                                                                    "cpu_time": 0.4048986240000001,
                                                                                    "extra_info": {
                                                                                        "Projections": [
                                                                                            "id",
                                                                                            "creationdate",
                                                                                            "owneruserid"
                                                                                        ],
                                                                                        "Estimated Cardinality": "770023"
                                                                                    },
                                                                                    "cumulative_cardinality": 4360700,
                                                                                    "operator_type": "PROJECTION",
                                                                                    "operator_cardinality": 1090175,
                                                                                    "cumulative_rows_scanned": 3850116,
                                                                                    "operator_rows_scanned": 0,
                                                                                    "operator_timing": 0.00010245699999999996,
                                                                                    "result_set_size": 17442800,
                                                                                    "children": [
                                                                                        {
                                                                                            "operator_name": "PROJECTION",
                                                                                            "cpu_time": 0.4047961670000001,
                                                                                            "extra_info": {
                                                                                                "Projections": [
                                                                                                    "#0",
                                                                                                    "#1",
                                                                                                    "#2",
                                                                                                    "#3",
                                                                                                    "#4"
                                                                                                ],
                                                                                                "Estimated Cardinality": "770023"
                                                                                            },
                                                                                            "cumulative_cardinality": 3270525,
                                                                                            "operator_type": "PROJECTION",
                                                                                            "operator_cardinality": 1090175,
                                                                                            "cumulative_rows_scanned": 3850116,
                                                                                            "operator_rows_scanned": 0,
                                                                                            "operator_timing": 0.0001211499999999999,
                                                                                            "result_set_size": 30524900,
                                                                                            "children": [
                                                                                                {
                                                                                                    "operator_name": "WINDOW",
                                                                                                    "cpu_time": 0.4046750170000001,
                                                                                                    "extra_info": {
                                                                                                        "Projections": "RANK() OVER (PARTITION BY owneruserid ORDER BY score DESC NULLS LAST)"
                                                                                                    },
                                                                                                    "cumulative_cardinality": 2180350,
                                                                                                    "operator_type": "WINDOW",
                                                                                                    "operator_cardinality": 1090175,
                                                                                                    "cumulative_rows_scanned": 3850116,
                                                                                                    "operator_rows_scanned": 0,
                                                                                                    "operator_timing": 0.18465483300000002,
                                                                                                    "result_set_size": 30524900,
                                                                                                    "children": [
                                                                                                        {
                                                                                                            "operator_name": "READ_PARQUET ",
                                                                                                            "cpu_time": 0.22002018400000006,
                                                                                                            "extra_info": {
                                                                                                                "Function": "READ_PARQUET",
                                                                                                                "Projections": [
                                                                                                                    "id",
                                                                                                                    "creationdate",
                                                                                                                    "score",
                                                                                                                    "owneruserid"
                                                                                                                ],
                                                                                                                "Filters": [
                                                                                                                    "posttypeid=1",
                                                                                                                    "score>0"
                                                                                                                ],
                                                                                                                "Estimated Cardinality": "770023"
                                                                                                            },
                                                                                                            "cumulative_cardinality": 1090175,
                                                                                                            "operator_type": "TABLE_SCAN",
                                                                                                            "operator_cardinality": 1090175,
                                                                                                            "cumulative_rows_scanned": 3850116,
                                                                                                            "operator_rows_scanned": 3850116,
                                                                                                            "operator_timing": 0.22002018400000006,
                                                                                                            "result_set_size": 21803500,
                                                                                                            "children": []
                                                                                                        }
                                                                                                    ]
                                                                                                }
                                                                                            ]
                                                                                        }
                                                                                    ]
                                                                                },
                                                                                {
                                                                                    "operator_name": "READ_PARQUET ",
                                                                                    "cpu_time": 0.05478928900000006,
                                                                                    "extra_info": {
                                                                                        "Function": "READ_PARQUET",
                                                                                        "Projections": [
                                                                                            "id",
                                                                                            "displayname"
                                                                                        ],
                                                                                        "Filters": "reputation>1000",
                                                                                        "Estimated Cardinality": "252142"
                                                                                    },
                                                                                    "cumulative_cardinality": 11215,
                                                                                    "operator_type": "TABLE_SCAN",
                                                                                    "operator_cardinality": 11215,
                                                                                    "cumulative_rows_scanned": 1260710,
                                                                                    "operator_rows_scanned": 1260710,
                                                                                    "operator_timing": 0.05478928900000006,
                                                                                    "result_set_size": 224300,
                                                                                    "children": []
                                                                                }
                                                                            ]
                                                                        }
                                                                    ]
                                                                },
                                                                {
                                                                    "operator_name": "HASH_GROUP_BY",
                                                                    "cpu_time": 0.12267113100000002,
                                                                    "extra_info": {
                                                                        "Groups": "#0",
                                                                        "Aggregates": [
                                                                            "count(#1)",
                                                                            "count(#2)",
                                                                            "count(#3)"
                                                                        ],
                                                                        "Estimated Cardinality": "1160862"
                                                                    },
                                                                    "cumulative_cardinality": 5192469,
                                                                    "operator_type": "HASH_GROUP_BY",
                                                                    "operator_cardinality": 549021,
                                                                    "cumulative_rows_scanned": 2321724,
                                                                    "operator_rows_scanned": 0,
                                                                    "operator_timing": 0.09010544800000003,
                                                                    "result_set_size": 15372588,
                                                                    "children": [
                                                                        {
                                                                            "operator_name": "PROJECTION",
                                                                            "cpu_time": 0.03256568299999998,
                                                                            "extra_info": {
                                                                                "Projections": [
                                                                                    "userid",
                                                                                    "CASE  WHEN ((class = 1)) THEN (1) ELSE NULL END",
                                                                                    "CASE  WHEN ((class = 2)) THEN (1) ELSE NULL END",
                                                                                    "CASE  WHEN ((class = 3)) THEN (1) ELSE NULL END"
                                                                                ],
                                                                                "Estimated Cardinality": "2321724"
                                                                            },
                                                                            "cumulative_cardinality": 4643448,
                                                                            "operator_type": "PROJECTION",
                                                                            "operator_cardinality": 2321724,
                                                                            "cumulative_rows_scanned": 2321724,
                                                                            "operator_rows_scanned": 0,
                                                                            "operator_timing": 0.013338893999999936,
                                                                            "result_set_size": 37147584,
                                                                            "children": [
                                                                                {
                                                                                    "operator_name": "READ_PARQUET ",
                                                                                    "cpu_time": 0.01922678900000004,
                                                                                    "extra_info": {
                                                                                        "Function": "READ_PARQUET",
                                                                                        "Projections": [
                                                                                            "userid",
                                                                                            "class"
                                                                                        ],
                                                                                        "Estimated Cardinality": "2321724"
                                                                                    },
                                                                                    "cumulative_cardinality": 2321724,
                                                                                    "operator_type": "TABLE_SCAN",
                                                                                    "operator_cardinality": 2321724,
                                                                                    "cumulative_rows_scanned": 2321724,
                                                                                    "operator_rows_scanned": 2321724,
                                                                                    "operator_timing": 0.01922678900000004,
                                                                                    "result_set_size": 13930344,
                                                                                    "children": []
                                                                                }
                                                                            ]
                                                                        }
                                                                    ]
                                                                }
                                                            ]
                                                        }
                                                    ]
                                                }
                                            ]
                                        }
                                    ]
                                }
                            ]
                        }
                    ]
                }
            ]
        }
    ]
}