{
    "rows_returned": 0,
    "query_name": "\nWITH UserStats AS (\n    SELECT \n        u.Id AS UserId, \n        u.DisplayName, \n        u.Reputation, \n        COUNT(DISTINCT p.Id) AS TotalPosts, \n        SUM(CASE WHEN p.PostTypeId = 1 THEN 1 ELSE 0 END) AS QuestionCount,\n        SUM(CASE WHEN p.PostTypeId = 2 THEN 1 ELSE 0 END) AS AnswerCount,\n        SUM(CASE WHEN p.PostTypeId = 2 AND p.AcceptedAnswerId IS NOT NULL THEN 1 ELSE 0 END) AS AcceptedAnswerCount,\n        SUM(CASE WHEN b.UserId IS NOT NULL THEN 1 ELSE 0 END) AS BadgeCount\n    FROM \n        Users u\n    LEFT JOIN \n        Posts p ON u.Id = p.OwnerUserId\n    LEFT JOIN \n        Badges b ON u.Id = b.UserId\n    GROUP BY \n        u.Id, u.DisplayName, u.Reputation\n),\nPostEngagement AS (\n    SELECT \n        p.Id AS PostId, \n        p.Title, \n        p.ViewCount, \n        p.Score, \n        COUNT(c.Id) AS CommentCount,\n        COUNT(v.Id) AS VoteCount\n    FROM \n        Posts p\n    LEFT JOIN \n        Comments c ON p.Id = c.PostId\n    LEFT JOIN \n        Votes v ON p.Id = v.PostId\n    WHERE \n        p.CreationDate >= CURRENT_DATE - INTERVAL '30 days'\n    GROUP BY \n        p.Id, p.Title, p.ViewCount, p.Score\n),\nUserPostEngagement AS (\n    SELECT \n        us.DisplayName,\n        us.Reputation,\n        us.TotalPosts,\n        us.QuestionCount,\n        us.AnswerCount,\n        us.AcceptedAnswerCount,\n        pe.PostId,\n        pe.Title,\n        pe.ViewCount,\n        pe.Score,\n        pe.CommentCount,\n        pe.VoteCount\n    FROM \n        UserStats us\n    JOIN \n        PostEngagement pe ON us.UserId = pe.PostId\n)\nSELECT \n    DisplayName AS UserDisplayName,\n    Reputation,\n    TotalPosts,\n    QuestionCount,\n    AnswerCount,\n    AcceptedAnswerCount,\n    Title AS RecentPostTitle,\n    ViewCount,\n    Score,\n    CommentCount,\n    VoteCount\nFROM \n    UserPostEngagement\nORDER BY \n    Reputation DESC, \n    TotalPosts DESC\nLIMIT 10;\n",
    "blocked_thread_time": 0.0,
    "cpu_time": 58.55156411600115,
    "extra_info": {},
    "cumulative_cardinality": 1185286249,
    "cumulative_rows_scanned": 27418465,
    "result_set_size": 0,
    "latency": 68.466951355,
    "children": [
        {
            "operator_name": "STREAMING_LIMIT",
            "cpu_time": 58.55156411600115,
            "extra_info": {},
            "cumulative_cardinality": 1185286249,
            "operator_type": "STREAMING_LIMIT",
            "operator_cardinality": 0,
            "cumulative_rows_scanned": 27418465,
            "operator_rows_scanned": 0,
            "operator_timing": 0.0,
            "result_set_size": 0,
            "children": [
                {
                    "operator_name": "ORDER_BY",
                    "cpu_time": 58.55156411600115,
                    "extra_info": {
                        "Order By": [
                            "UserPostEngagement.Reputation DESC",
                            "UserPostEngagement.TotalPosts DESC"
                        ]
                    },
                    "cumulative_cardinality": 1185286249,
                    "operator_type": "ORDER_BY",
                    "operator_cardinality": 0,
                    "cumulative_rows_scanned": 27418465,
                    "operator_rows_scanned": 0,
                    "operator_timing": 2.81e-7,
                    "result_set_size": 0,
                    "children": [
                        {
                            "operator_name": "PROJECTION",
                            "cpu_time": 58.551563835001154,
                            "extra_info": {
                                "Projections": [
                                    "displayname",
                                    "reputation",
                                    "TotalPosts",
                                    "QuestionCount",
                                    "AnswerCount",
                                    "AcceptedAnswerCount",
                                    "title",
                                    "viewcount",
                                    "score",
                                    "CommentCount",
                                    "VoteCount"
                                ],
                                "Estimated Cardinality": "3850116"
                            },
                            "cumulative_cardinality": 1185286249,
                            "operator_type": "PROJECTION",
                            "operator_cardinality": 0,
                            "cumulative_rows_scanned": 27418465,
                            "operator_rows_scanned": 0,
                            "operator_timing": 0.0,
                            "result_set_size": 0,
                            "children": [
                                {
                                    "operator_name": "HASH_JOIN",
                                    "cpu_time": 58.551563835001154,
                                    "extra_info": {
                                        "Join Type": "INNER",
                                        "Conditions": "PostId = UserId",
                                        "Estimated Cardinality": "3850116"
                                    },
                                    "cumulative_cardinality": 1185286249,
                                    "operator_type": "HASH_JOIN",
                                    "operator_cardinality": 0,
                                    "cumulative_rows_scanned": 27418465,
                                    "operator_rows_scanned": 0,
                                    "operator_timing": 0.10463141599999999,
                                    "result_set_size": 0,
                                    "children": [
                                        {
                                            "operator_name": "HASH_GROUP_BY",
                                            "cpu_time": 0.00500911,
                                            "extra_info": {
                                                "Groups": [
                                                    "#0",
                                                    "#1",
                                                    "#2",
                                                    "#3"
                                                ],
                                                "Aggregates": [
                                                    "count(#4)",
                                                    "count(#5)"
                                                ],
                                                "Estimated Cardinality": "3850116"
                                            },
                                            "cumulative_cardinality": 4096,
                                            "operator_type": "HASH_GROUP_BY",
                                            "operator_cardinality": 0,
                                            "cumulative_rows_scanned": 19985915,
                                            "operator_rows_scanned": 0,
                                            "operator_timing": 0.000001833,
                                            "result_set_size": 0,
                                            "children": [
                                                {
                                                    "operator_name": "PROJECTION",
                                                    "cpu_time": 0.005007277,
                                                    "extra_info": {
                                                        "Projections": [
                                                            "id",
                                                            "title",
                                                            "viewcount",
                                                            "score",
                                                            "id",
                                                            "id"
                                                        ],
                                                        "Estimated Cardinality": "12744093"
                                                    },
                                                    "cumulative_cardinality": 4096,
                                                    "operator_type": "PROJECTION",
                                                    "operator_cardinality": 0,
                                                    "cumulative_rows_scanned": 19985915,
                                                    "operator_rows_scanned": 0,
                                                    "operator_timing": 0.0,
                                                    "result_set_size": 0,
                                                    "children": [
                                                        {
                                                            "operator_name": "HASH_JOIN",
                                                            "cpu_time": 0.005007277,
                                                            "extra_info": {
                                                                "Join Type": "RIGHT",
                                                                "Conditions": "postid = id",
                                                                "Estimated Cardinality": "12744093"
                                                            },
                                                            "cumulative_cardinality": 4096,
                                                            "operator_type": "HASH_JOIN",
                                                            "operator_cardinality": 0,
                                                            "cumulative_rows_scanned": 19985915,
                                                            "operator_rows_scanned": 0,
                                                            "operator_timing": 0.000024988000000000002,
                                                            "result_set_size": 0,
                                                            "children": [
                                                                {
                                                                    "operator_name": "READ_PARQUET ",
                                                                    "cpu_time": 0.002579159,
                                                                    "extra_info": {
                                                                        "Function": "READ_PARQUET",
                                                                        "Projections": [
                                                                            "id",
                                                                            "postid"
                                                                        ],
                                                                        "Estimated Cardinality": "12744093"
                                                                    },
                                                                    "cumulative_cardinality": 2048,
                                                                    "operator_type": "TABLE_SCAN",
                                                                    "operator_cardinality": 2048,
                                                                    "cumulative_rows_scanned": 12744093,
                                                                    "operator_rows_scanned": 12744093,
                                                                    "operator_timing": 0.002579159,
                                                                    "result_set_size": 16384,
                                                                    "children": []
                                                                },
                                                                {
                                                                    "operator_name": "HASH_JOIN",
                                                                    "cpu_time": 0.00240313,
                                                                    "extra_info": {
                                                                        "Join Type": "RIGHT",
                                                                        "Conditions": "postid = id",
                                                                        "Estimated Cardinality": "7241822"
                                                                    },
                                                                    "cumulative_cardinality": 2048,
                                                                    "operator_type": "HASH_JOIN",
                                                                    "operator_cardinality": 0,
                                                                    "cumulative_rows_scanned": 7241822,
                                                                    "operator_rows_scanned": 0,
                                                                    "operator_timing": 0.000019225,
                                                                    "result_set_size": 0,
                                                                    "children": [
                                                                        {
                                                                            "operator_name": "READ_PARQUET ",
                                                                            "cpu_time": 0.002383794,
                                                                            "extra_info": {
                                                                                "Function": "READ_PARQUET",
                                                                                "Projections": [
                                                                                    "id",
                                                                                    "postid"
                                                                                ],
                                                                                "Estimated Cardinality": "7241822"
                                                                            },
                                                                            "cumulative_cardinality": 2048,
                                                                            "operator_type": "TABLE_SCAN",
                                                                            "operator_cardinality": 2048,
                                                                            "cumulative_rows_scanned": 7241822,
                                                                            "operator_rows_scanned": 7241822,
                                                                            "operator_timing": 0.002383794,
                                                                            "result_set_size": 16384,
                                                                            "children": []
                                                                        },
                                                                        {
                                                                            "operator_name": "EMPTY_RESULT",
                                                                            "cpu_time": 1.11e-7,
                                                                            "extra_info": {},
                                                                            "cumulative_cardinality": 0,
                                                                            "operator_type": "EMPTY_RESULT",
                                                                            "operator_cardinality": 0,
                                                                            "cumulative_rows_scanned": 0,
                                                                            "operator_rows_scanned": 0,
                                                                            "operator_timing": 1.11e-7,
                                                                            "result_set_size": 0,
                                                                            "children": []
                                                                        }
                                                                    ]
                                                                }
                                                            ]
                                                        }
                                                    ]
                                                }
                                            ]
                                        },
                                        {
                                            "operator_name": "HASH_GROUP_BY",
                                            "cpu_time": 58.441923309001155,
                                            "extra_info": {
                                                "Groups": [
                                                    "#0",
                                                    "#1",
                                                    "#2"
                                                ],
                                                "Aggregates": [
                                                    "count(DISTINCT #3)",
                                                    "sum(#4)",
                                                    "sum(#5)",
                                                    "sum(#6)"
                                                ],
                                                "Estimated Cardinality": "1260710"
                                            },
                                            "cumulative_cardinality": 1185282153,
                                            "operator_type": "HASH_GROUP_BY",
                                            "operator_cardinality": 1260710,
                                            "cumulative_rows_scanned": 7432550,
                                            "operator_rows_scanned": 0,
                                            "operator_timing": 43.03598376300101,
                                            "result_set_size": 100856800,
                                            "children": [
                                                {
                                                    "operator_name": "PROJECTION",
                                                    "cpu_time": 15.405939546000145,
                                                    "extra_info": {
                                                        "Projections": [
                                                            "id",
                                                            "displayname",
                                                            "reputation",
                                                            "id",
                                                            "CASE  WHEN ((posttypeid = 1)) THEN (1) ELSE 0 END",
                                                            "CASE  WHEN ((posttypeid = 2)) THEN (1) ELSE 0 END",
                                                            "CASE  WHEN (((acceptedanswerid IS NOT NULL) AND (posttypeid = 2))) THEN (1) ELSE 0 END"
                                                        ],
                                                        "Estimated Cardinality": "3850116"
                                                    },
                                                    "cumulative_cardinality": 1184021443,
                                                    "operator_type": "PROJECTION",
                                                    "operator_cardinality": 586089549,
                                                    "cumulative_rows_scanned": 7432550,
                                                    "operator_rows_scanned": 0,
                                                    "operator_timing": 7.452654357000235,
                                                    "result_set_size": 23443581960,
                                                    "children": [
                                                        {
                                                            "operator_name": "HASH_JOIN",
                                                            "cpu_time": 7.953285188999909,
                                                            "extra_info": {
                                                                "Join Type": "LEFT",
                                                                "Conditions": "id = userid",
                                                                "Estimated Cardinality": "3850116"
                                                            },
                                                            "cumulative_cardinality": 597931894,
                                                            "operator_type": "HASH_JOIN",
                                                            "operator_cardinality": 586089549,
                                                            "cumulative_rows_scanned": 7432550,
                                                            "operator_rows_scanned": 0,
                                                            "operator_timing": 7.274114451999909,
                                                            "result_set_size": 22271402862,
                                                            "children": [
                                                                {
                                                                    "operator_name": "HASH_JOIN",
                                                                    "cpu_time": 0.6577216430000006,
                                                                    "extra_info": {
                                                                        "Join Type": "RIGHT",
                                                                        "Conditions": "owneruserid = id",
                                                                        "Estimated Cardinality": "3850116"
                                                                    },
                                                                    "cumulative_cardinality": 9520621,
                                                                    "operator_type": "HASH_JOIN",
                                                                    "operator_cardinality": 4574495,
                                                                    "cumulative_rows_scanned": 5110826,
                                                                    "operator_rows_scanned": 0,
                                                                    "operator_timing": 0.32536545100000064,
                                                                    "result_set_size": 155532830,
                                                                    "children": [
                                                                        {
                                                                            "operator_name": "READ_PARQUET ",
                                                                            "cpu_time": 0.24764536299999998,
                                                                            "extra_info": {
                                                                                "Function": "READ_PARQUET",
                                                                                "Projections": [
                                                                                    "id",
                                                                                    "posttypeid",
                                                                                    "acceptedanswerid",
                                                                                    "owneruserid"
                                                                                ],
                                                                                "Estimated Cardinality": "3850116"
                                                                            },
                                                                            "cumulative_cardinality": 3685416,
                                                                            "operator_type": "TABLE_SCAN",
                                                                            "operator_cardinality": 3685416,
                                                                            "cumulative_rows_scanned": 3850116,
                                                                            "operator_rows_scanned": 3850116,
                                                                            "operator_timing": 0.24764536299999998,
                                                                            "result_set_size": 51595824,
                                                                            "children": []
                                                                        },
                                                                        {
                                                                            "operator_name": "READ_PARQUET ",
                                                                            "cpu_time": 0.08471082899999997,
                                                                            "extra_info": {
                                                                                "Function": "READ_PARQUET",
                                                                                "Projections": [
                                                                                    "id",
                                                                                    "reputation",
                                                                                    "displayname"
                                                                                ],
                                                                                "Estimated Cardinality": "1260710"
                                                                            },
                                                                            "cumulative_cardinality": 1260710,
                                                                            "operator_type": "TABLE_SCAN",
                                                                            "operator_cardinality": 1260710,
                                                                            "cumulative_rows_scanned": 1260710,
                                                                            "operator_rows_scanned": 1260710,
                                                                            "operator_timing": 0.08471082899999997,
                                                                            "result_set_size": 30257040,
                                                                            "children": []
                                                                        }
                                                                    ]
                                                                },
                                                                {
                                                                    "operator_name": "READ_PARQUET ",
                                                                    "cpu_time": 0.02144909400000002,
                                                                    "extra_info": {
                                                                        "Function": "READ_PARQUET",
                                                                        "Projections": "userid",
                                                                        "Estimated Cardinality": "2321724"
                                                                    },
                                                                    "cumulative_cardinality": 2321724,
                                                                    "operator_type": "TABLE_SCAN",
                                                                    "operator_cardinality": 2321724,
                                                                    "cumulative_rows_scanned": 2321724,
                                                                    "operator_rows_scanned": 2321724,
                                                                    "operator_timing": 0.02144909400000002,
                                                                    "result_set_size": 9286896,
                                                                    "children": []
                                                                }
                                                            ]
                                                        }
                                                    ]
                                                }
                                            ]
                                        }
                                    ]
                                }
                            ]
                        }
                    ]
                }
            ]
        }
    ]
}