{
    "rows_returned": 50,
    "query_name": "\nWITH UserStats AS (\n    SELECT \n        u.Id AS UserId,\n        u.DisplayName,\n        u.Reputation,\n        COUNT(DISTINCT p.Id) AS PostCount,\n        SUM(CASE WHEN p.PostTypeId = 1 THEN 1 ELSE 0 END) AS QuestionCount,\n        SUM(CASE WHEN p.PostTypeId = 2 THEN 1 ELSE 0 END) AS AnswerCount,\n        SUM(CASE WHEN p.PostTypeId IN (10, 11, 12) THEN 1 ELSE 0 END) AS ClosedPosts,\n        SUM(CASE WHEN v.VoteTypeId = 2 THEN 1 ELSE 0 END) AS UpVotes,\n        SUM(CASE WHEN v.VoteTypeId = 3 THEN 1 ELSE 0 END) AS DownVotes\n    FROM Users u\n    LEFT JOIN Posts p ON u.Id = p.OwnerUserId\n    LEFT JOIN Votes v ON p.Id = v.PostId\n    GROUP BY u.Id, u.DisplayName, u.Reputation\n), BadgeStats AS (\n    SELECT \n        b.UserId,\n        COUNT(b.Id) AS BadgeCount,\n        COUNT(CASE WHEN b.Class = 1 THEN 1 END) AS GoldBadges,\n        COUNT(CASE WHEN b.Class = 2 THEN 1 END) AS SilverBadges,\n        COUNT(CASE WHEN b.Class = 3 THEN 1 END) AS BronzeBadges\n    FROM Badges b\n    GROUP BY b.UserId\n), PostHistoryStats AS (\n    SELECT \n        ph.UserId,\n        COUNT(ph.Id) AS EditCount,\n        SUM(CASE WHEN ph.PostHistoryTypeId IN (4, 5, 6) THEN 1 ELSE 0 END) AS TitleEdits,\n        SUM(CASE WHEN ph.PostHistoryTypeId IN (10, 11) THEN 1 ELSE 0 END) AS ClosedPostChanges\n    FROM PostHistory ph\n    GROUP BY ph.UserId\n)\nSELECT \n    us.UserId,\n    us.DisplayName,\n    us.Reputation,\n    us.PostCount,\n    us.QuestionCount,\n    us.AnswerCount,\n    us.ClosedPosts,\n    us.UpVotes,\n    us.DownVotes,\n    bs.BadgeCount,\n    bs.GoldBadges,\n    bs.SilverBadges,\n    bs.BronzeBadges,\n    phs.EditCount,\n    phs.TitleEdits,\n    phs.ClosedPostChanges\nFROM UserStats us\nLEFT JOIN BadgeStats bs ON us.UserId = bs.UserId\nLEFT JOIN PostHistoryStats phs ON us.UserId = phs.UserId\nWHERE us.Reputation > 1000\nORDER BY us.Reputation DESC, us.PostCount DESC\nLIMIT 50;\n",
    "blocked_thread_time": 0.0,
    "cpu_time": 3.1323044499999946,
    "extra_info": {},
    "cumulative_cardinality": 73979585,
    "cumulative_rows_scanned": 31971887,
    "result_set_size": 9200,
    "latency": 3.864532389,
    "children": [
        {
            "operator_name": "STREAMING_LIMIT",
            "cpu_time": 3.1323044499999946,
            "extra_info": {},
            "cumulative_cardinality": 73979585,
            "operator_type": "STREAMING_LIMIT",
            "operator_cardinality": 50,
            "cumulative_rows_scanned": 31971887,
            "operator_rows_scanned": 0,
            "operator_timing": 0.000001803,
            "result_set_size": 9200,
            "children": [
                {
                    "operator_name": "ORDER_BY",
                    "cpu_time": 3.1323026469999946,
                    "extra_info": {
                        "Order By": [
                            "us.Reputation DESC",
                            "us.PostCount DESC"
                        ]
                    },
                    "cumulative_cardinality": 73979535,
                    "operator_type": "ORDER_BY",
                    "operator_cardinality": 4096,
                    "cumulative_rows_scanned": 31971887,
                    "operator_rows_scanned": 0,
                    "operator_timing": 0.0015924430000000005,
                    "result_set_size": 753664,
                    "children": [
                        {
                            "operator_name": "PROJECTION",
                            "cpu_time": 3.130710203999995,
                            "extra_info": {
                                "Projections": [
                                    "UserId",
                                    "displayname",
                                    "reputation",
                                    "PostCount",
                                    "QuestionCount",
                                    "AnswerCount",
                                    "ClosedPosts",
                                    "UpVotes",
                                    "DownVotes",
                                    "BadgeCount",
                                    "GoldBadges",
                                    "SilverBadges",
                                    "BronzeBadges",
                                    "EditCount",
                                    "TitleEdits",
                                    "ClosedPostChanges"
                                ],
                                "Estimated Cardinality": "5897622"
                            },
                            "cumulative_cardinality": 73975439,
                            "operator_type": "PROJECTION",
                            "operator_cardinality": 11215,
                            "cumulative_rows_scanned": 31971887,
                            "operator_rows_scanned": 0,
                            "operator_timing": 0.00004894500000000001,
                            "result_set_size": 2063560,
                            "children": [
                                {
                                    "operator_name": "HASH_JOIN",
                                    "cpu_time": 3.1306612589999947,
                                    "extra_info": {
                                        "Join Type": "RIGHT",
                                        "Conditions": "userid = UserId",
                                        "Estimated Cardinality": "5897622"
                                    },
                                    "cumulative_cardinality": 73964224,
                                    "operator_type": "HASH_JOIN",
                                    "operator_cardinality": 11215,
                                    "cumulative_rows_scanned": 31971887,
                                    "operator_rows_scanned": 0,
                                    "operator_timing": 0.006472623000000001,
                                    "result_set_size": 2153280,
                                    "children": [
                                        {
                                            "operator_name": "HASH_GROUP_BY",
                                            "cpu_time": 0.7414621069999988,
                                            "extra_info": {
                                                "Groups": "#0",
                                                "Aggregates": [
                                                    "count_star()",
                                                    "sum(#1)",
                                                    "sum(#2)"
                                                ],
                                                "Estimated Cardinality": "5897622"
                                            },
                                            "cumulative_cardinality": 23964605,
                                            "operator_type": "HASH_GROUP_BY",
                                            "operator_cardinality": 374117,
                                            "cumulative_rows_scanned": 11795244,
                                            "operator_rows_scanned": 0,
                                            "operator_timing": 0.2865412929999992,
                                            "result_set_size": 16461148,
                                            "children": [
                                                {
                                                    "operator_name": "PROJECTION",
                                                    "cpu_time": 0.4549208139999996,
                                                    "extra_info": {
                                                        "Projections": [
                                                            "userid",
                                                            "CASE  WHEN ((posthistorytypeid IN (4, 5, 6))) THEN (1) ELSE 0 END",
                                                            "CASE  WHEN ((posthistorytypeid IN (10, 11))) THEN (1) ELSE 0 END"
                                                        ],
                                                        "Estimated Cardinality": "11795244"
                                                    },
                                                    "cumulative_cardinality": 23590488,
                                                    "operator_type": "PROJECTION",
                                                    "operator_cardinality": 11795244,
                                                    "cumulative_rows_scanned": 11795244,
                                                    "operator_rows_scanned": 0,
                                                    "operator_timing": 0.26581347299999963,
                                                    "result_set_size": 141542928,
                                                    "children": [
                                                        {
                                                            "operator_name": "READ_PARQUET ",
                                                            "cpu_time": 0.18910734099999998,
                                                            "extra_info": {
                                                                "Function": "READ_PARQUET",
                                                                "Projections": [
                                                                    "id",
                                                                    "posthistorytypeid",
                                                                    "userid"
                                                                ],
                                                                "Estimated Cardinality": "11795244"
                                                            },
                                                            "cumulative_cardinality": 11795244,
                                                            "operator_type": "TABLE_SCAN",
                                                            "operator_cardinality": 11795244,
                                                            "cumulative_rows_scanned": 11795244,
                                                            "operator_rows_scanned": 11795244,
                                                            "operator_timing": 0.18910734099999998,
                                                            "result_set_size": 117952440,
                                                            "children": []
                                                        }
                                                    ]
                                                }
                                            ]
                                        },
                                        {
                                            "operator_name": "HASH_JOIN",
                                            "cpu_time": 2.382726528999996,
                                            "extra_info": {
                                                "Join Type": "LEFT",
                                                "Conditions": "UserId = userid",
                                                "Estimated Cardinality": "1260710"
                                            },
                                            "cumulative_cardinality": 49988404,
                                            "operator_type": "HASH_JOIN",
                                            "operator_cardinality": 11215,
                                            "cumulative_rows_scanned": 20176643,
                                            "operator_rows_scanned": 0,
                                            "operator_timing": 0.02625028199999999,
                                            "result_set_size": 1659820,
                                            "children": [
                                                {
                                                    "operator_name": "HASH_GROUP_BY",
                                                    "cpu_time": 2.2005826249999965,
                                                    "extra_info": {
                                                        "Groups": [
                                                            "#0",
                                                            "#1",
                                                            "#2"
                                                        ],
                                                        "Aggregates": [
                                                            "count(DISTINCT #3)",
                                                            "sum(#4)",
                                                            "sum(#5)",
                                                            "sum(#6)",
                                                            "sum(#7)",
                                                            "sum(#8)"
                                                        ],
                                                        "Estimated Cardinality": "1260710"
                                                    },
                                                    "cumulative_cardinality": 44784720,
                                                    "operator_type": "HASH_GROUP_BY",
                                                    "operator_cardinality": 11215,
                                                    "cumulative_rows_scanned": 17854919,
                                                    "operator_rows_scanned": 0,
                                                    "operator_timing": 0.8772728890000026,
                                                    "result_set_size": 1256080,
                                                    "children": [
                                                        {
                                                            "operator_name": "PROJECTION",
                                                            "cpu_time": 1.323309735999994,
                                                            "extra_info": {
                                                                "Projections": [
                                                                    "id",
                                                                    "displayname",
                                                                    "reputation",
                                                                    "id",
                                                                    "CASE  WHEN ((posttypeid = 1)) THEN (1) ELSE 0 END",
                                                                    "CASE  WHEN ((posttypeid = 2)) THEN (1) ELSE 0 END",
                                                                    "CASE  WHEN ((posttypeid IN (10, 11, 12))) THEN (1) ELSE 0 END",
                                                                    "CASE  WHEN ((votetypeid = 2)) THEN (1) ELSE 0 END",
                                                                    "CASE  WHEN ((votetypeid = 3)) THEN (1) ELSE 0 END"
                                                                ],
                                                                "Estimated Cardinality": "12744093"
                                                            },
                                                            "cumulative_cardinality": 44773505,
                                                            "operator_type": "PROJECTION",
                                                            "operator_cardinality": 7847284,
                                                            "cumulative_rows_scanned": 17854919,
                                                            "operator_rows_scanned": 0,
                                                            "operator_timing": 0.15364713799999882,
                                                            "result_set_size": 376669632,
                                                            "children": [
                                                                {
                                                                    "operator_name": "PROJECTION",
                                                                    "cpu_time": 1.169662597999995,
                                                                    "extra_info": {
                                                                        "Projections": [
                                                                            "#0",
                                                                            "#1",
                                                                            "__internal_decompress_integral_smallint(#2, 1)",
                                                                            "#3",
                                                                            "#4",
                                                                            "#5"
                                                                        ],
                                                                        "Estimated Cardinality": "12744093"
                                                                    },
                                                                    "cumulative_cardinality": 36926221,
                                                                    "operator_type": "PROJECTION",
                                                                    "operator_cardinality": 7847284,
                                                                    "cumulative_rows_scanned": 17854919,
                                                                    "operator_rows_scanned": 0,
                                                                    "operator_timing": 0.005477816999999926,
                                                                    "result_set_size": 251113088,
                                                                    "children": [
                                                                        {
                                                                            "operator_name": "HASH_JOIN",
                                                                            "cpu_time": 1.1641847809999952,
                                                                            "extra_info": {
                                                                                "Join Type": "RIGHT",
                                                                                "Conditions": "postid = id",
                                                                                "Estimated Cardinality": "12744093"
                                                                            },
                                                                            "cumulative_cardinality": 29078937,
                                                                            "operator_type": "HASH_JOIN",
                                                                            "operator_cardinality": 7847284,
                                                                            "cumulative_rows_scanned": 17854919,
                                                                            "operator_rows_scanned": 0,
                                                                            "operator_timing": 0.6873840929999959,
                                                                            "result_set_size": 243265804,
                                                                            "children": [
                                                                                {
                                                                                    "operator_name": "READ_PARQUET ",
                                                                                    "cpu_time": 0.22451515199999958,
                                                                                    "extra_info": {
                                                                                        "Function": "READ_PARQUET",
                                                                                        "Projections": [
                                                                                            "postid",
                                                                                            "votetypeid"
                                                                                        ],
                                                                                        "Estimated Cardinality": "12744093"
                                                                                    },
                                                                                    "cumulative_cardinality": 12744093,
                                                                                    "operator_type": "TABLE_SCAN",
                                                                                    "operator_cardinality": 12744093,
                                                                                    "cumulative_rows_scanned": 12744093,
                                                                                    "operator_rows_scanned": 12744093,
                                                                                    "operator_timing": 0.22451515199999958,
                                                                                    "result_set_size": 76464558,
                                                                                    "children": []
                                                                                },
                                                                                {
                                                                                    "operator_name": "PROJECTION",
                                                                                    "cpu_time": 0.25228553599999964,
                                                                                    "extra_info": {
                                                                                        "Projections": [
                                                                                            "#0",
                                                                                            "__internal_compress_integral_utinyint(#1, 1)",
                                                                                            "#2",
                                                                                            "#3",
                                                                                            "#4"
                                                                                        ],
                                                                                        "Estimated Cardinality": "3850116"
                                                                                    },
                                                                                    "cumulative_cardinality": 8487560,
                                                                                    "operator_type": "PROJECTION",
                                                                                    "operator_cardinality": 2396486,
                                                                                    "cumulative_rows_scanned": 5110826,
                                                                                    "operator_rows_scanned": 0,
                                                                                    "operator_timing": 0.0016021119999999997,
                                                                                    "result_set_size": 69498094,
                                                                                    "children": [
                                                                                        {
                                                                                            "operator_name": "HASH_JOIN",
                                                                                            "cpu_time": 0.25068342399999965,
                                                                                            "extra_info": {
                                                                                                "Join Type": "RIGHT",
                                                                                                "Conditions": "owneruserid = id",
                                                                                                "Estimated Cardinality": "3850116"
                                                                                            },
                                                                                            "cumulative_cardinality": 6091074,
                                                                                            "operator_type": "HASH_JOIN",
                                                                                            "operator_cardinality": 2396486,
                                                                                            "cumulative_rows_scanned": 5110826,
                                                                                            "operator_rows_scanned": 0,
                                                                                            "operator_timing": 0.09207418699999978,
                                                                                            "result_set_size": 71894580,
                                                                                            "children": [
                                                                                                {
                                                                                                    "operator_name": "READ_PARQUET ",
                                                                                                    "cpu_time": 0.10641409899999983,
                                                                                                    "extra_info": {
                                                                                                        "Function": "READ_PARQUET",
                                                                                                        "Projections": [
                                                                                                            "id",
                                                                                                            "posttypeid",
                                                                                                            "owneruserid"
                                                                                                        ],
                                                                                                        "Estimated Cardinality": "3850116"
                                                                                                    },
                                                                                                    "cumulative_cardinality": 3683373,
                                                                                                    "operator_type": "TABLE_SCAN",
                                                                                                    "operator_cardinality": 3683373,
                                                                                                    "cumulative_rows_scanned": 3850116,
                                                                                                    "operator_rows_scanned": 3850116,
                                                                                                    "operator_timing": 0.10641409899999983,
                                                                                                    "result_set_size": 36833730,
                                                                                                    "children": []
                                                                                                },
                                                                                                {
                                                                                                    "operator_name": "READ_PARQUET ",
                                                                                                    "cpu_time": 0.05219513800000004,
                                                                                                    "extra_info": {
                                                                                                        "Function": "READ_PARQUET",
                                                                                                        "Projections": [
                                                                                                            "id",
                                                                                                            "reputation",
                                                                                                            "displayname"
                                                                                                        ],
                                                                                                        "Filters": "reputation>1000",
                                                                                                        "Estimated Cardinality": "252142"
                                                                                                    },
                                                                                                    "cumulative_cardinality": 11215,
                                                                                                    "operator_type": "TABLE_SCAN",
                                                                                                    "operator_cardinality": 11215,
                                                                                                    "cumulative_rows_scanned": 1260710,
                                                                                                    "operator_rows_scanned": 1260710,
                                                                                                    "operator_timing": 0.05219513800000004,
                                                                                                    "result_set_size": 269160,
                                                                                                    "children": []
                                                                                                }
                                                                                            ]
                                                                                        }
                                                                                    ]
                                                                                }
                                                                            ]
                                                                        }
                                                                    ]
                                                                }
                                                            ]
                                                        }
                                                    ]
                                                },
                                                {
                                                    "operator_name": "HASH_GROUP_BY",
                                                    "cpu_time": 0.15589362199999987,
                                                    "extra_info": {
                                                        "Groups": "#0",
                                                        "Aggregates": [
                                                            "count_star()",
                                                            "count(#1)",
                                                            "count(#2)",
                                                            "count(#3)"
                                                        ],
                                                        "Estimated Cardinality": "1160862"
                                                    },
                                                    "cumulative_cardinality": 5192469,
                                                    "operator_type": "HASH_GROUP_BY",
                                                    "operator_cardinality": 549021,
                                                    "cumulative_rows_scanned": 2321724,
                                                    "operator_rows_scanned": 0,
                                                    "operator_timing": 0.11170232499999988,
                                                    "result_set_size": 19764756,
                                                    "children": [
                                                        {
                                                            "operator_name": "PROJECTION",
                                                            "cpu_time": 0.044191296999999984,
                                                            "extra_info": {
                                                                "Projections": [
                                                                    "userid",
                                                                    "CASE  WHEN ((class = 1)) THEN (1) ELSE NULL END",
                                                                    "CASE  WHEN ((class = 2)) THEN (1) ELSE NULL END",
                                                                    "CASE  WHEN ((class = 3)) THEN (1) ELSE NULL END"
                                                                ],
                                                                "Estimated Cardinality": "2321724"
                                                            },
                                                            "cumulative_cardinality": 4643448,
                                                            "operator_type": "PROJECTION",
                                                            "operator_cardinality": 2321724,
                                                            "cumulative_rows_scanned": 2321724,
                                                            "operator_rows_scanned": 0,
                                                            "operator_timing": 0.013292799999999947,
                                                            "result_set_size": 37147584,
                                                            "children": [
                                                                {
                                                                    "operator_name": "READ_PARQUET ",
                                                                    "cpu_time": 0.030898497000000035,
                                                                    "extra_info": {
                                                                        "Function": "READ_PARQUET",
                                                                        "Projections": [
                                                                            "id",
                                                                            "userid",
                                                                            "class"
                                                                        ],
                                                                        "Estimated Cardinality": "2321724"
                                                                    },
                                                                    "cumulative_cardinality": 2321724,
                                                                    "operator_type": "TABLE_SCAN",
                                                                    "operator_cardinality": 2321724,
                                                                    "cumulative_rows_scanned": 2321724,
                                                                    "operator_rows_scanned": 2321724,
                                                                    "operator_timing": 0.030898497000000035,
                                                                    "result_set_size": 23217240,
                                                                    "children": []
                                                                }
                                                            ]
                                                        }
                                                    ]
                                                }
                                            ]
                                        }
                                    ]
                                }
                            ]
                        }
                    ]
                }
            ]
        }
    ]
}