{
    "rows_returned": 10,
    "query_name": "\nWITH UserReputation AS (\n    SELECT \n        UserId,\n        SUM(CASE WHEN VoteTypeId = 2 THEN 1 ELSE 0 END) AS Upvotes,\n        SUM(CASE WHEN VoteTypeId = 3 THEN 1 ELSE 0 END) AS Downvotes,\n        SUM(CASE WHEN VoteTypeId = 2 THEN 1 ELSE -1 END) AS ReputationChange\n    FROM \n        Votes\n    GROUP BY \n        UserId\n),\n\nPostDetails AS (\n    SELECT \n        p.Id AS PostId,\n        p.OwnerUserId,\n        p.Title,\n        p.CreationDate,\n        p.Score,\n        p.ViewCount,\n        COALESCE(SUM(CASE WHEN c.Id IS NOT NULL THEN 1 ELSE 0 END), 0) AS CommentCount,\n        COALESCE(SUM(CASE WHEN ph.PostHistoryTypeId = 10 THEN 1 ELSE 0 END), 0) AS ClosedCount,\n        COALESCE(SUM(CASE WHEN ph.PostHistoryTypeId = 11 THEN 1 ELSE 0 END), 0) AS ReopenedCount\n    FROM \n        Posts p\n    LEFT JOIN \n        Comments c ON p.Id = c.PostId\n    LEFT JOIN \n        PostHistory ph ON p.Id = ph.PostId\n    GROUP BY \n        p.Id, p.OwnerUserId, p.Title, p.CreationDate, p.Score, p.ViewCount\n),\n\nUserStats AS (\n    SELECT \n        u.Id AS UserId,\n        u.DisplayName,\n        u.Reputation,\n        ur.Upvotes,\n        ur.Downvotes,\n        ur.ReputationChange,\n        COUNT(DISTINCT pd.PostId) AS TotalPosts,\n        SUM(pd.Score) AS TotalScore,\n        COALESCE(SUM(pd.CommentCount), 0) AS TotalComments,\n        COALESCE(SUM(pd.ClosedCount), 0) AS TotalClosed,\n        COALESCE(SUM(pd.ReopenedCount), 0) AS TotalReopened\n    FROM \n        Users u\n    LEFT JOIN \n        UserReputation ur ON u.Id = ur.UserId\n    LEFT JOIN \n        PostDetails pd ON u.Id = pd.OwnerUserId\n    GROUP BY \n        u.Id, u.DisplayName, u.Reputation, ur.Upvotes, ur.Downvotes, ur.ReputationChange\n)\n\nSELECT \n    us.UserId, \n    us.DisplayName, \n    us.Reputation, \n    us.TotalPosts, \n    us.TotalScore, \n    us.TotalComments, \n    us.TotalClosed, \n    us.TotalReopened\nFROM \n    UserStats us\nWHERE \n    us.Reputation > 1000\nORDER BY \n    us.Reputation DESC, us.TotalScore DESC\nLIMIT 10;\n",
    "blocked_thread_time": 0.0,
    "cpu_time": 7.853759071000023,
    "extra_info": {},
    "cumulative_cardinality": 225938169,
    "cumulative_rows_scanned": 36891985,
    "result_set_size": 960,
    "latency": 9.365976996,
    "children": [
        {
            "operator_name": "STREAMING_LIMIT",
            "cpu_time": 7.853759071000023,
            "extra_info": {},
            "cumulative_cardinality": 225938169,
            "operator_type": "STREAMING_LIMIT",
            "operator_cardinality": 10,
            "cumulative_rows_scanned": 36891985,
            "operator_rows_scanned": 0,
            "operator_timing": 0.0000016540000000000002,
            "result_set_size": 960,
            "children": [
                {
                    "operator_name": "ORDER_BY",
                    "cpu_time": 7.853757417000023,
                    "extra_info": {
                        "Order By": [
                            "us.Reputation DESC",
                            "us.TotalScore DESC"
                        ]
                    },
                    "cumulative_cardinality": 225938159,
                    "operator_type": "ORDER_BY",
                    "operator_cardinality": 4096,
                    "cumulative_rows_scanned": 36891985,
                    "operator_rows_scanned": 0,
                    "operator_timing": 0.0006509059999999999,
                    "result_set_size": 393216,
                    "children": [
                        {
                            "operator_name": "PROJECTION",
                            "cpu_time": 7.853106511000023,
                            "extra_info": {
                                "Projections": [
                                    "UserId",
                                    "displayname",
                                    "reputation",
                                    "TotalPosts",
                                    "TotalScore",
                                    "TotalComments",
                                    "TotalClosed",
                                    "TotalReopened"
                                ],
                                "Estimated Cardinality": "1260710"
                            },
                            "cumulative_cardinality": 225934063,
                            "operator_type": "PROJECTION",
                            "operator_cardinality": 11215,
                            "cumulative_rows_scanned": 36891985,
                            "operator_rows_scanned": 0,
                            "operator_timing": 0.000255989,
                            "result_set_size": 1076640,
                            "children": [
                                {
                                    "operator_name": "HASH_GROUP_BY",
                                    "cpu_time": 7.852850522000023,
                                    "extra_info": {
                                        "Groups": [
                                            "#0",
                                            "#1",
                                            "#2",
                                            "#3",
                                            "#4",
                                            "#5"
                                        ],
                                        "Aggregates": [
                                            "count(DISTINCT #6)",
                                            "sum(#7)",
                                            "sum(#8)",
                                            "sum(#9)",
                                            "sum(#10)"
                                        ],
                                        "Estimated Cardinality": "1260710"
                                    },
                                    "cumulative_cardinality": 225922848,
                                    "operator_type": "HASH_GROUP_BY",
                                    "operator_cardinality": 11215,
                                    "cumulative_rows_scanned": 36891985,
                                    "operator_rows_scanned": 0,
                                    "operator_timing": 0.445967341,
                                    "result_set_size": 1614960,
                                    "children": [
                                        {
                                            "operator_name": "PROJECTION",
                                            "cpu_time": 7.406883181000023,
                                            "extra_info": {
                                                "Projections": [
                                                    "id",
                                                    "displayname",
                                                    "reputation",
                                                    "Upvotes",
                                                    "Downvotes",
                                                    "ReputationChange",
                                                    "PostId",
                                                    "score",
                                                    "CommentCount",
                                                    "ClosedCount",
                                                    "ReopenedCount"
                                                ],
                                                "Estimated Cardinality": "6372046"
                                            },
                                            "cumulative_cardinality": 225911633,
                                            "operator_type": "PROJECTION",
                                            "operator_cardinality": 2396486,
                                            "cumulative_rows_scanned": 36891985,
                                            "operator_rows_scanned": 0,
                                            "operator_timing": 0.0008549750000000025,
                                            "result_set_size": 306750208,
                                            "children": [
                                                {
                                                    "operator_name": "PROJECTION",
                                                    "cpu_time": 7.406028206000022,
                                                    "extra_info": {
                                                        "Projections": [
                                                            "#0",
                                                            "#1",
                                                            "#2",
                                                            "#3",
                                                            "#4",
                                                            "#5",
                                                            "#6",
                                                            "__internal_decompress_integral_integer(#7, -72)",
                                                            "#8",
                                                            "#9",
                                                            "#10"
                                                        ],
                                                        "Estimated Cardinality": "6372046"
                                                    },
                                                    "cumulative_cardinality": 223515147,
                                                    "operator_type": "PROJECTION",
                                                    "operator_cardinality": 2396486,
                                                    "cumulative_rows_scanned": 36891985,
                                                    "operator_rows_scanned": 0,
                                                    "operator_timing": 0.004586363000000003,
                                                    "result_set_size": 306750208,
                                                    "children": [
                                                        {
                                                            "operator_name": "HASH_JOIN",
                                                            "cpu_time": 7.401441843000023,
                                                            "extra_info": {
                                                                "Join Type": "LEFT",
                                                                "Conditions": "id = owneruserid",
                                                                "Estimated Cardinality": "6372046"
                                                            },
                                                            "cumulative_cardinality": 221118661,
                                                            "operator_type": "HASH_JOIN",
                                                            "operator_cardinality": 2396486,
                                                            "cumulative_rows_scanned": 36891985,
                                                            "operator_rows_scanned": 0,
                                                            "operator_timing": 0.33022587600000014,
                                                            "result_set_size": 301957236,
                                                            "children": [
                                                                {
                                                                    "operator_name": "HASH_JOIN",
                                                                    "cpu_time": 0.4153255419999995,
                                                                    "extra_info": {
                                                                        "Join Type": "RIGHT",
                                                                        "Conditions": "userid = id",
                                                                        "Estimated Cardinality": "6372046"
                                                                    },
                                                                    "cumulative_cardinality": 25522759,
                                                                    "operator_type": "HASH_JOIN",
                                                                    "operator_cardinality": 11215,
                                                                    "cumulative_rows_scanned": 14004803,
                                                                    "operator_rows_scanned": 0,
                                                                    "operator_timing": 0.003941212999999998,
                                                                    "result_set_size": 807480,
                                                                    "children": [
                                                                        {
                                                                            "operator_name": "HASH_GROUP_BY",
                                                                            "cpu_time": 0.3561753999999994,
                                                                            "extra_info": {
                                                                                "Groups": "#0",
                                                                                "Aggregates": [
                                                                                    "sum(#1)",
                                                                                    "sum(#2)",
                                                                                    "sum(#3)"
                                                                                ],
                                                                                "Estimated Cardinality": "6372046"
                                                                            },
                                                                            "cumulative_cardinality": 25500329,
                                                                            "operator_type": "HASH_GROUP_BY",
                                                                            "operator_cardinality": 12143,
                                                                            "cumulative_rows_scanned": 12744093,
                                                                            "operator_rows_scanned": 0,
                                                                            "operator_timing": 0.13841336699999973,
                                                                            "result_set_size": 631436,
                                                                            "children": [
                                                                                {
                                                                                    "operator_name": "PROJECTION",
                                                                                    "cpu_time": 0.2177620329999997,
                                                                                    "extra_info": {
                                                                                        "Projections": [
                                                                                            "userid",
                                                                                            "CASE  WHEN ((votetypeid = 2)) THEN (1) ELSE 0 END",
                                                                                            "CASE  WHEN ((votetypeid = 3)) THEN (1) ELSE 0 END",
                                                                                            "CASE  WHEN ((votetypeid = 2)) THEN (1) ELSE -1 END"
                                                                                        ],
                                                                                        "Estimated Cardinality": "12744093"
                                                                                    },
                                                                                    "cumulative_cardinality": 25488186,
                                                                                    "operator_type": "PROJECTION",
                                                                                    "operator_cardinality": 12744093,
                                                                                    "cumulative_rows_scanned": 12744093,
                                                                                    "operator_rows_scanned": 0,
                                                                                    "operator_timing": 0.14113789599999946,
                                                                                    "result_set_size": 203905488,
                                                                                    "children": [
                                                                                        {
                                                                                            "operator_name": "READ_PARQUET ",
                                                                                            "cpu_time": 0.07662413700000023,
                                                                                            "extra_info": {
                                                                                                "Function": "READ_PARQUET",
                                                                                                "Projections": [
                                                                                                    "votetypeid",
                                                                                                    "userid"
                                                                                                ],
                                                                                                "Estimated Cardinality": "12744093"
                                                                                            },
                                                                                            "cumulative_cardinality": 12744093,
                                                                                            "operator_type": "TABLE_SCAN",
                                                                                            "operator_cardinality": 12744093,
                                                                                            "cumulative_rows_scanned": 12744093,
                                                                                            "operator_rows_scanned": 12744093,
                                                                                            "operator_timing": 0.07662413700000023,
                                                                                            "result_set_size": 76464558,
                                                                                            "children": []
                                                                                        }
                                                                                    ]
                                                                                }
                                                                            ]
                                                                        },
                                                                        {
                                                                            "operator_name": "READ_PARQUET ",
                                                                            "cpu_time": 0.055208929000000045,
                                                                            "extra_info": {
                                                                                "Function": "READ_PARQUET",
                                                                                "Projections": [
                                                                                    "id",
                                                                                    "reputation",
                                                                                    "displayname"
                                                                                ],
                                                                                "Filters": "reputation>1000",
                                                                                "Estimated Cardinality": "252142"
                                                                            },
                                                                            "cumulative_cardinality": 11215,
                                                                            "operator_type": "TABLE_SCAN",
                                                                            "operator_cardinality": 11215,
                                                                            "cumulative_rows_scanned": 1260710,
                                                                            "operator_rows_scanned": 1260710,
                                                                            "operator_timing": 0.055208929000000045,
                                                                            "result_set_size": 269160,
                                                                            "children": []
                                                                        }
                                                                    ]
                                                                },
                                                                {
                                                                    "operator_name": "PROJECTION",
                                                                    "cpu_time": 6.655890425000023,
                                                                    "extra_info": {
                                                                        "Projections": [
                                                                            "#0",
                                                                            "#1",
                                                                            "__internal_compress_integral_usmallint(#2, -72)",
                                                                            "#3",
                                                                            "#4",
                                                                            "#5"
                                                                        ],
                                                                        "Estimated Cardinality": "3850116"
                                                                    },
                                                                    "cumulative_cardinality": 193199416,
                                                                    "operator_type": "PROJECTION",
                                                                    "operator_cardinality": 3850116,
                                                                    "cumulative_rows_scanned": 22887182,
                                                                    "operator_rows_scanned": 0,
                                                                    "operator_timing": 0.0014945320000000002,
                                                                    "result_set_size": 223306728,
                                                                    "children": [
                                                                        {
                                                                            "operator_name": "PROJECTION",
                                                                            "cpu_time": 6.654395893000023,
                                                                            "extra_info": {
                                                                                "Projections": [
                                                                                    "PostId",
                                                                                    "owneruserid",
                                                                                    "score",
                                                                                    "CommentCount",
                                                                                    "ClosedCount",
                                                                                    "ReopenedCount"
                                                                                ],
                                                                                "Estimated Cardinality": "3850116"
                                                                            },
                                                                            "cumulative_cardinality": 189349300,
                                                                            "operator_type": "PROJECTION",
                                                                            "operator_cardinality": 3850116,
                                                                            "cumulative_rows_scanned": 22887182,
                                                                            "operator_rows_scanned": 0,
                                                                            "operator_timing": 0.07152563200000002,
                                                                            "result_set_size": 231006960,
                                                                            "children": [
                                                                                {
                                                                                    "operator_name": "PROJECTION",
                                                                                    "cpu_time": 6.582870261000023,
                                                                                    "extra_info": {
                                                                                        "Projections": [
                                                                                            "#0",
                                                                                            "#1",
                                                                                            "#2",
                                                                                            "#3",
                                                                                            "__internal_decompress_integral_integer(#4, -72)",
                                                                                            "#5",
                                                                                            "#6",
                                                                                            "#7",
                                                                                            "#8"
                                                                                        ],
                                                                                        "Estimated Cardinality": "3850116"
                                                                                    },
                                                                                    "cumulative_cardinality": 185499184,
                                                                                    "operator_type": "PROJECTION",
                                                                                    "operator_cardinality": 3850116,
                                                                                    "cumulative_rows_scanned": 22887182,
                                                                                    "operator_rows_scanned": 0,
                                                                                    "operator_timing": 0.001839881000000006,
                                                                                    "result_set_size": 338810208,
                                                                                    "children": [
                                                                                        {
                                                                                            "operator_name": "HASH_GROUP_BY",
                                                                                            "cpu_time": 6.581030380000023,
                                                                                            "extra_info": {
                                                                                                "Groups": [
                                                                                                    "#0",
                                                                                                    "#1",
                                                                                                    "#2",
                                                                                                    "#3",
                                                                                                    "#4",
                                                                                                    "#5"
                                                                                                ],
                                                                                                "Aggregates": [
                                                                                                    "sum(#6)",
                                                                                                    "sum(#7)",
                                                                                                    "sum(#8)"
                                                                                                ],
                                                                                                "Estimated Cardinality": "3850116"
                                                                                            },
                                                                                            "cumulative_cardinality": 181649068,
                                                                                            "operator_type": "HASH_GROUP_BY",
                                                                                            "operator_cardinality": 3850116,
                                                                                            "cumulative_rows_scanned": 22887182,
                                                                                            "operator_rows_scanned": 0,
                                                                                            "operator_timing": 3.5488985830000215,
                                                                                            "result_set_size": 331109976,
                                                                                            "children": [
                                                                                                {
                                                                                                    "operator_name": "PROJECTION",
                                                                                                    "cpu_time": 3.032131797000001,
                                                                                                    "extra_info": {
                                                                                                        "Projections": [
                                                                                                            "id",
                                                                                                            "owneruserid",
                                                                                                            "title",
                                                                                                            "creationdate",
                                                                                                            "score",
                                                                                                            "viewcount",
                                                                                                            "CASE  WHEN ((id IS NOT NULL)) THEN (1) ELSE 0 END",
                                                                                                            "CASE  WHEN ((posthistorytypeid = 10)) THEN (1) ELSE 0 END",
                                                                                                            "CASE  WHEN ((posthistorytypeid = 11)) THEN (1) ELSE 0 END"
                                                                                                        ],
                                                                                                        "Estimated Cardinality": "11795244"
                                                                                                    },
                                                                                                    "cumulative_cardinality": 177798952,
                                                                                                    "operator_type": "PROJECTION",
                                                                                                    "operator_cardinality": 33547065,
                                                                                                    "cumulative_rows_scanned": 22887182,
                                                                                                    "operator_rows_scanned": 0,
                                                                                                    "operator_timing": 0.21001572499999963,
                                                                                                    "result_set_size": 1677353250,
                                                                                                    "children": [
                                                                                                        {
                                                                                                            "operator_name": "PROJECTION",
                                                                                                            "cpu_time": 2.8221160720000014,
                                                                                                            "extra_info": {
                                                                                                                "Projections": [
                                                                                                                    "#0",
                                                                                                                    "#1",
                                                                                                                    "__internal_compress_integral_usmallint(#2, -72)",
                                                                                                                    "#3",
                                                                                                                    "#4",
                                                                                                                    "#5",
                                                                                                                    "#6",
                                                                                                                    "#7"
                                                                                                                ],
                                                                                                                "Estimated Cardinality": "11795244"
                                                                                                            },
                                                                                                            "cumulative_cardinality": 144251887,
                                                                                                            "operator_type": "PROJECTION",
                                                                                                            "operator_cardinality": 33547065,
                                                                                                            "cumulative_rows_scanned": 22887182,
                                                                                                            "operator_rows_scanned": 0,
                                                                                                            "operator_timing": 0.034121364999999654,
                                                                                                            "result_set_size": 1476070860,
                                                                                                            "children": [
                                                                                                                {
                                                                                                                    "operator_name": "PROJECTION",
                                                                                                                    "cpu_time": 2.7879947070000015,
                                                                                                                    "extra_info": {
                                                                                                                        "Projections": [
                                                                                                                            "#0",
                                                                                                                            "#1",
                                                                                                                            "#2",
                                                                                                                            "#3",
                                                                                                                            "#4",
                                                                                                                            "#5",
                                                                                                                            "#6",
                                                                                                                            "__internal_decompress_integral_smallint(#7, 1)"
                                                                                                                        ],
                                                                                                                        "Estimated Cardinality": "11795244"
                                                                                                                    },
                                                                                                                    "cumulative_cardinality": 110704822,
                                                                                                                    "operator_type": "PROJECTION",
                                                                                                                    "operator_cardinality": 33547065,
                                                                                                                    "cumulative_rows_scanned": 22887182,
                                                                                                                    "operator_rows_scanned": 0,
                                                                                                                    "operator_timing": 0.05880386399999977,
                                                                                                                    "result_set_size": 1543164990,
                                                                                                                    "children": [
                                                                                                                        {
                                                                                                                            "operator_name": "HASH_JOIN",
                                                                                                                            "cpu_time": 2.729190843000002,
                                                                                                                            "extra_info": {
                                                                                                                                "Join Type": "LEFT",
                                                                                                                                "Conditions": "id = postid",
                                                                                                                                "Estimated Cardinality": "11795244"
                                                                                                                            },
                                                                                                                            "cumulative_cardinality": 77157757,
                                                                                                                            "operator_type": "HASH_JOIN",
                                                                                                                            "operator_cardinality": 33547065,
                                                                                                                            "cumulative_rows_scanned": 22887182,
                                                                                                                            "operator_rows_scanned": 0,
                                                                                                                            "operator_timing": 1.3977209560000008,
                                                                                                                            "result_set_size": 1509617925,
                                                                                                                            "children": [
                                                                                                                                {
                                                                                                                                    "operator_name": "HASH_JOIN",
                                                                                                                                    "cpu_time": 1.2062615090000013,
                                                                                                                                    "extra_info": {
                                                                                                                                        "Join Type": "LEFT",
                                                                                                                                        "Conditions": "id = postid",
                                                                                                                                        "Estimated Cardinality": "7241822"
                                                                                                                                    },
                                                                                                                                    "cumulative_cardinality": 20020204,
                                                                                                                                    "operator_type": "HASH_JOIN",
                                                                                                                                    "operator_cardinality": 8928266,
                                                                                                                                    "cumulative_rows_scanned": 11091938,
                                                                                                                                    "operator_rows_scanned": 0,
                                                                                                                                    "operator_timing": 0.6416568530000012,
                                                                                                                                    "result_set_size": 392843704,
                                                                                                                                    "children": [
                                                                                                                                        {
                                                                                                                                            "operator_name": "READ_PARQUET ",
                                                                                                                                            "cpu_time": 0.4870958920000003,
                                                                                                                                            "extra_info": {
                                                                                                                                                "Function": "READ_PARQUET",
                                                                                                                                                "Projections": [
                                                                                                                                                    "id",
                                                                                                                                                    "creationdate",
                                                                                                                                                    "score",
                                                                                                                                                    "viewcount",
                                                                                                                                                    "owneruserid",
                                                                                                                                                    "title"
                                                                                                                                                ],
                                                                                                                                                "Estimated Cardinality": "3850116"
                                                                                                                                            },
                                                                                                                                            "cumulative_cardinality": 3850116,
                                                                                                                                            "operator_type": "TABLE_SCAN",
                                                                                                                                            "operator_cardinality": 3850116,
                                                                                                                                            "cumulative_rows_scanned": 3850116,
                                                                                                                                            "operator_rows_scanned": 3850116,
                                                                                                                                            "operator_timing": 0.4870958920000003,
                                                                                                                                            "result_set_size": 154004640,
                                                                                                                                            "children": []
                                                                                                                                        },
                                                                                                                                        {
                                                                                                                                            "operator_name": "READ_PARQUET ",
                                                                                                                                            "cpu_time": 0.07750876399999976,
                                                                                                                                            "extra_info": {
                                                                                                                                                "Function": "READ_PARQUET",
                                                                                                                                                "Projections": [
                                                                                                                                                    "id",
                                                                                                                                                    "postid"
                                                                                                                                                ],
                                                                                                                                                "Estimated Cardinality": "7241822"
                                                                                                                                            },
                                                                                                                                            "cumulative_cardinality": 7241822,
                                                                                                                                            "operator_type": "TABLE_SCAN",
                                                                                                                                            "operator_cardinality": 7241822,
                                                                                                                                            "cumulative_rows_scanned": 7241822,
                                                                                                                                            "operator_rows_scanned": 7241822,
                                                                                                                                            "operator_timing": 0.07750876399999976,
                                                                                                                                            "result_set_size": 57934576,
                                                                                                                                            "children": []
                                                                                                                                        }
                                                                                                                                    ]
                                                                                                                                },
                                                                                                                                {
                                                                                                                                    "operator_name": "PROJECTION",
                                                                                                                                    "cpu_time": 0.12520837799999965,
                                                                                                                                    "extra_info": {
                                                                                                                                        "Projections": [
                                                                                                                                            "__internal_compress_integral_utinyint(#0, 1)",
                                                                                                                                            "#1"
                                                                                                                                        ],
                                                                                                                                        "Estimated Cardinality": "11795244"
                                                                                                                                    },
                                                                                                                                    "cumulative_cardinality": 23590488,
                                                                                                                                    "operator_type": "PROJECTION",
                                                                                                                                    "operator_cardinality": 11795244,
                                                                                                                                    "cumulative_rows_scanned": 11795244,
                                                                                                                                    "operator_rows_scanned": 0,
                                                                                                                                    "operator_timing": 0.003019238999999992,
                                                                                                                                    "result_set_size": 58976220,
                                                                                                                                    "children": [
                                                                                                                                        {
                                                                                                                                            "operator_name": "READ_PARQUET ",
                                                                                                                                            "cpu_time": 0.12218913899999966,
                                                                                                                                            "extra_info": {
                                                                                                                                                "Function": "READ_PARQUET",
                                                                                                                                                "Projections": [
                                                                                                                                                    "posthistorytypeid",
                                                                                                                                                    "postid"
                                                                                                                                                ],
                                                                                                                                                "Estimated Cardinality": "11795244"
                                                                                                                                            },
                                                                                                                                            "cumulative_cardinality": 11795244,
                                                                                                                                            "operator_type": "TABLE_SCAN",
                                                                                                                                            "operator_cardinality": 11795244,
                                                                                                                                            "cumulative_rows_scanned": 11795244,
                                                                                                                                            "operator_rows_scanned": 11795244,
                                                                                                                                            "operator_timing": 0.12218913899999966,
                                                                                                                                            "result_set_size": 70771464,
                                                                                                                                            "children": []
                                                                                                                                        }
                                                                                                                                    ]
                                                                                                                                }
                                                                                                                            ]
                                                                                                                        }
                                                                                                                    ]
                                                                                                                }
                                                                                                            ]
                                                                                                        }
                                                                                                    ]
                                                                                                }
                                                                                            ]
                                                                                        }
                                                                                    ]
                                                                                }
                                                                            ]
                                                                        }
                                                                    ]
                                                                }
                                                            ]
                                                        }
                                                    ]
                                                }
                                            ]
                                        }
                                    ]
                                }
                            ]
                        }
                    ]
                }
            ]
        }
    ]
}