{
    "rows_returned": 0,
    "query_name": "\nWITH UserStats AS (\n    SELECT \n        U.Id AS UserId,\n        U.DisplayName,\n        U.Reputation,\n        COUNT(DISTINCT P.Id) AS PostCount,\n        SUM(CASE WHEN P.PostTypeId = 1 THEN 1 ELSE 0 END) AS QuestionCount,\n        SUM(CASE WHEN P.PostTypeId = 2 THEN 1 ELSE 0 END) AS AnswerCount,\n        SUM(CASE WHEN V.VoteTypeId = 2 THEN 1 ELSE 0 END) AS UpVotes,\n        SUM(CASE WHEN V.VoteTypeId = 3 THEN 1 ELSE 0 END) AS DownVotes,\n        SUM(CASE WHEN B.Class = 1 THEN 1 ELSE 0 END) AS GoldBadges,\n        SUM(CASE WHEN B.Class = 2 THEN 1 ELSE 0 END) AS SilverBadges,\n        SUM(CASE WHEN B.Class = 3 THEN 1 ELSE 0 END) AS BronzeBadges\n    FROM \n        Users U\n    LEFT JOIN \n        Posts P ON U.Id = P.OwnerUserId\n    LEFT JOIN \n        Votes V ON P.Id = V.PostId\n    LEFT JOIN \n        Badges B ON U.Id = B.UserId\n    GROUP BY \n        U.Id, U.DisplayName, U.Reputation\n),\nPostStats AS (\n    SELECT \n        P.Id AS PostId,\n        P.Title,\n        P.CreationDate,\n        P.ViewCount,\n        P.Score,\n        COUNT(CASE WHEN C.Id IS NOT NULL THEN 1 END) AS CommentCount,\n        COUNT(CASE WHEN PH.Id IS NOT NULL THEN 1 END) AS HistoryCount\n    FROM \n        Posts P\n    LEFT JOIN \n        Comments C ON P.Id = C.PostId\n    LEFT JOIN \n        PostHistory PH ON P.Id = PH.PostId\n    GROUP BY \n        P.Id, P.Title, P.CreationDate, P.ViewCount, P.Score\n),\nTopUsers AS (\n    SELECT \n        UserId,\n        DisplayName,\n        Reputation,\n        PostCount,\n        QuestionCount,\n        AnswerCount,\n        UpVotes,\n        DownVotes,\n        GoldBadges,\n        SilverBadges,\n        BronzeBadges\n    FROM \n        UserStats\n    WHERE \n        Reputation > 1000\n    ORDER BY \n        Reputation DESC\n    LIMIT 10\n),\nTopPosts AS (\n    SELECT \n        PostId,\n        Title,\n        CreationDate,\n        ViewCount,\n        Score,\n        CommentCount,\n        HistoryCount\n    FROM \n        PostStats\n    ORDER BY \n        Score DESC, ViewCount DESC\n    LIMIT 5\n)\nSELECT \n    U.UserId,\n    U.DisplayName,\n    U.Reputation,\n    P.PostId,\n    P.Title AS PostTitle,\n    P.CreationDate AS PostCreationDate,\n    P.ViewCount AS PostViewCount,\n    P.Score AS PostScore,\n    P.CommentCount AS PostCommentCount,\n    P.HistoryCount AS PostHistoryCount\nFROM \n    TopUsers U\nJOIN \n    TopPosts P ON U.UserId = P.PostId\nORDER BY \n    U.Reputation DESC, P.Score DESC;\n",
    "blocked_thread_time": 0.0,
    "cpu_time": 70.22607894099892,
    "extra_info": {},
    "cumulative_cardinality": 4752947401,
    "cumulative_rows_scanned": 43063825,
    "result_set_size": 0,
    "latency": 77.912622677,
    "children": [
        {
            "operator_name": "PROJECTION",
            "cpu_time": 70.22607894099892,
            "extra_info": {
                "Projections": [
                    "#0",
                    "#1",
                    "#2",
                    "#3",
                    "#4",
                    "#5",
                    "#6",
                    "__internal_decompress_integral_integer(#7, -72)",
                    "#8",
                    "#9"
                ],
                "Estimated Cardinality": "0"
            },
            "cumulative_cardinality": 4752947401,
            "operator_type": "PROJECTION",
            "operator_cardinality": 0,
            "cumulative_rows_scanned": 43063825,
            "operator_rows_scanned": 0,
            "operator_timing": 0.0,
            "result_set_size": 0,
            "children": [
                {
                    "operator_name": "ORDER_BY",
                    "cpu_time": 70.22607894099892,
                    "extra_info": {
                        "Order By": [
                            "U.Reputation DESC",
                            "P.Score DESC"
                        ]
                    },
                    "cumulative_cardinality": 4752947401,
                    "operator_type": "ORDER_BY",
                    "operator_cardinality": 0,
                    "cumulative_rows_scanned": 43063825,
                    "operator_rows_scanned": 0,
                    "operator_timing": 1e-7,
                    "result_set_size": 0,
                    "children": [
                        {
                            "operator_name": "PROJECTION",
                            "cpu_time": 70.22607884099892,
                            "extra_info": {
                                "Projections": [
                                    "#0",
                                    "#1",
                                    "#2",
                                    "#3",
                                    "#4",
                                    "#5",
                                    "#6",
                                    "__internal_compress_integral_usmallint(#7, -72)",
                                    "#8",
                                    "#9"
                                ],
                                "Estimated Cardinality": "0"
                            },
                            "cumulative_cardinality": 4752947401,
                            "operator_type": "PROJECTION",
                            "operator_cardinality": 0,
                            "cumulative_rows_scanned": 43063825,
                            "operator_rows_scanned": 0,
                            "operator_timing": 0.0,
                            "result_set_size": 0,
                            "children": [
                                {
                                    "operator_name": "PROJECTION",
                                    "cpu_time": 70.22607884099892,
                                    "extra_info": {
                                        "Projections": [
                                            "UserId",
                                            "displayname",
                                            "reputation",
                                            "PostId",
                                            "PostTitle",
                                            "PostCreationDate",
                                            "PostViewCount",
                                            "PostScore",
                                            "PostCommentCount",
                                            "PostHistoryCount"
                                        ],
                                        "Estimated Cardinality": "0"
                                    },
                                    "cumulative_cardinality": 4752947401,
                                    "operator_type": "PROJECTION",
                                    "operator_cardinality": 0,
                                    "cumulative_rows_scanned": 43063825,
                                    "operator_rows_scanned": 0,
                                    "operator_timing": 0.0,
                                    "result_set_size": 0,
                                    "children": [
                                        {
                                            "operator_name": "HASH_JOIN",
                                            "cpu_time": 70.22607884099892,
                                            "extra_info": {
                                                "Join Type": "INNER",
                                                "Conditions": "UserId = PostId",
                                                "Estimated Cardinality": "0"
                                            },
                                            "cumulative_cardinality": 4752947401,
                                            "operator_type": "HASH_JOIN",
                                            "operator_cardinality": 0,
                                            "cumulative_rows_scanned": 43063825,
                                            "operator_rows_scanned": 0,
                                            "operator_timing": 0.000296785,
                                            "result_set_size": 0,
                                            "children": [
                                                {
                                                    "operator_name": "FILTER",
                                                    "cpu_time": 63.87718427599892,
                                                    "extra_info": {
                                                        "Expression": "(UserId >= 1)",
                                                        "Estimated Cardinality": "10"
                                                    },
                                                    "cumulative_cardinality": 4596153826,
                                                    "operator_type": "FILTER",
                                                    "operator_cardinality": 10,
                                                    "cumulative_rows_scanned": 20176643,
                                                    "operator_rows_scanned": 0,
                                                    "operator_timing": 0.000010068,
                                                    "result_set_size": 240,
                                                    "children": [
                                                        {
                                                            "operator_name": "STREAMING_LIMIT",
                                                            "cpu_time": 63.87717420799892,
                                                            "extra_info": {},
                                                            "cumulative_cardinality": 4596153816,
                                                            "operator_type": "STREAMING_LIMIT",
                                                            "operator_cardinality": 10,
                                                            "cumulative_rows_scanned": 20176643,
                                                            "operator_rows_scanned": 0,
                                                            "operator_timing": 0.000002445,
                                                            "result_set_size": 240,
                                                            "children": [
                                                                {
                                                                    "operator_name": "ORDER_BY",
                                                                    "cpu_time": 63.87717176299892,
                                                                    "extra_info": {
                                                                        "Order By": "UserStats.Reputation DESC"
                                                                    },
                                                                    "cumulative_cardinality": 4596153806,
                                                                    "operator_type": "ORDER_BY",
                                                                    "operator_cardinality": 4096,
                                                                    "cumulative_rows_scanned": 20176643,
                                                                    "operator_rows_scanned": 0,
                                                                    "operator_timing": 0.00031962599999999994,
                                                                    "result_set_size": 98304,
                                                                    "children": [
                                                                        {
                                                                            "operator_name": "HASH_GROUP_BY",
                                                                            "cpu_time": 63.87685213699892,
                                                                            "extra_info": {
                                                                                "Groups": [
                                                                                    "#0",
                                                                                    "#1",
                                                                                    "#2"
                                                                                ],
                                                                                "Aggregates": "",
                                                                                "Estimated Cardinality": "1260710"
                                                                            },
                                                                            "cumulative_cardinality": 4596149710,
                                                                            "operator_type": "HASH_GROUP_BY",
                                                                            "operator_cardinality": 11215,
                                                                            "cumulative_rows_scanned": 20176643,
                                                                            "operator_rows_scanned": 0,
                                                                            "operator_timing": 51.06832784900052,
                                                                            "result_set_size": 269160,
                                                                            "children": [
                                                                                {
                                                                                    "operator_name": "PROJECTION",
                                                                                    "cpu_time": 12.8085242879984,
                                                                                    "extra_info": {
                                                                                        "Projections": [
                                                                                            "id",
                                                                                            "displayname",
                                                                                            "reputation"
                                                                                        ],
                                                                                        "Estimated Cardinality": "12744093"
                                                                                    },
                                                                                    "cumulative_cardinality": 4596138495,
                                                                                    "operator_type": "PROJECTION",
                                                                                    "operator_cardinality": 2283567160,
                                                                                    "cumulative_rows_scanned": 20176643,
                                                                                    "operator_rows_scanned": 0,
                                                                                    "operator_timing": 0.2057116109997124,
                                                                                    "result_set_size": 54805611840,
                                                                                    "children": [
                                                                                        {
                                                                                            "operator_name": "HASH_JOIN",
                                                                                            "cpu_time": 12.602812676998688,
                                                                                            "extra_info": {
                                                                                                "Join Type": "LEFT",
                                                                                                "Conditions": "id = userid",
                                                                                                "Estimated Cardinality": "12744093"
                                                                                            },
                                                                                            "cumulative_cardinality": 2312571335,
                                                                                            "operator_type": "HASH_JOIN",
                                                                                            "operator_cardinality": 2283567160,
                                                                                            "cumulative_rows_scanned": 20176643,
                                                                                            "operator_rows_scanned": 0,
                                                                                            "operator_timing": 11.558504668998694,
                                                                                            "result_set_size": 63939880480,
                                                                                            "children": [
                                                                                                {
                                                                                                    "operator_name": "HASH_JOIN",
                                                                                                    "cpu_time": 1.0307235019999939,
                                                                                                    "extra_info": {
                                                                                                        "Join Type": "RIGHT",
                                                                                                        "Conditions": "postid = id",
                                                                                                        "Estimated Cardinality": "12744093"
                                                                                                    },
                                                                                                    "cumulative_cardinality": 26682451,
                                                                                                    "operator_type": "HASH_JOIN",
                                                                                                    "operator_cardinality": 7847284,
                                                                                                    "cumulative_rows_scanned": 17854919,
                                                                                                    "operator_rows_scanned": 0,
                                                                                                    "operator_timing": 0.6223937539999939,
                                                                                                    "result_set_size": 219723952,
                                                                                                    "children": [
                                                                                                        {
                                                                                                            "operator_name": "READ_PARQUET ",
                                                                                                            "cpu_time": 0.1804876980000002,
                                                                                                            "extra_info": {
                                                                                                                "Function": "READ_PARQUET",
                                                                                                                "Projections": "postid",
                                                                                                                "Estimated Cardinality": "12744093"
                                                                                                            },
                                                                                                            "cumulative_cardinality": 12744093,
                                                                                                            "operator_type": "TABLE_SCAN",
                                                                                                            "operator_cardinality": 12744093,
                                                                                                            "cumulative_rows_scanned": 12744093,
                                                                                                            "operator_rows_scanned": 12744093,
                                                                                                            "operator_timing": 0.1804876980000002,
                                                                                                            "result_set_size": 50976372,
                                                                                                            "children": []
                                                                                                        },
                                                                                                        {
                                                                                                            "operator_name": "HASH_JOIN",
                                                                                                            "cpu_time": 0.2278420499999998,
                                                                                                            "extra_info": {
                                                                                                                "Join Type": "RIGHT",
                                                                                                                "Conditions": "owneruserid = id",
                                                                                                                "Estimated Cardinality": "3850116"
                                                                                                            },
                                                                                                            "cumulative_cardinality": 6091074,
                                                                                                            "operator_type": "HASH_JOIN",
                                                                                                            "operator_cardinality": 2396486,
                                                                                                            "cumulative_rows_scanned": 5110826,
                                                                                                            "operator_rows_scanned": 0,
                                                                                                            "operator_timing": 0.08670000499999989,
                                                                                                            "result_set_size": 67101608,
                                                                                                            "children": [
                                                                                                                {
                                                                                                                    "operator_name": "READ_PARQUET ",
                                                                                                                    "cpu_time": 0.08595896799999996,
                                                                                                                    "extra_info": {
                                                                                                                        "Function": "READ_PARQUET",
                                                                                                                        "Projections": [
                                                                                                                            "id",
                                                                                                                            "owneruserid"
                                                                                                                        ],
                                                                                                                        "Estimated Cardinality": "3850116"
                                                                                                                    },
                                                                                                                    "cumulative_cardinality": 3683373,
                                                                                                                    "operator_type": "TABLE_SCAN",
                                                                                                                    "operator_cardinality": 3683373,
                                                                                                                    "cumulative_rows_scanned": 3850116,
                                                                                                                    "operator_rows_scanned": 3850116,
                                                                                                                    "operator_timing": 0.08595896799999996,
                                                                                                                    "result_set_size": 29466984,
                                                                                                                    "children": []
                                                                                                                },
                                                                                                                {
                                                                                                                    "operator_name": "READ_PARQUET ",
                                                                                                                    "cpu_time": 0.055183076999999976,
                                                                                                                    "extra_info": {
                                                                                                                        "Function": "READ_PARQUET",
                                                                                                                        "Projections": [
                                                                                                                            "id",
                                                                                                                            "reputation",
                                                                                                                            "displayname"
                                                                                                                        ],
                                                                                                                        "Filters": "reputation>1000",
                                                                                                                        "Estimated Cardinality": "252142"
                                                                                                                    },
                                                                                                                    "cumulative_cardinality": 11215,
                                                                                                                    "operator_type": "TABLE_SCAN",
                                                                                                                    "operator_cardinality": 11215,
                                                                                                                    "cumulative_rows_scanned": 1260710,
                                                                                                                    "operator_rows_scanned": 1260710,
                                                                                                                    "operator_timing": 0.055183076999999976,
                                                                                                                    "result_set_size": 269160,
                                                                                                                    "children": []
                                                                                                                }
                                                                                                            ]
                                                                                                        }
                                                                                                    ]
                                                                                                },
                                                                                                {
                                                                                                    "operator_name": "READ_PARQUET ",
                                                                                                    "cpu_time": 0.013584506000000014,
                                                                                                    "extra_info": {
                                                                                                        "Function": "READ_PARQUET",
                                                                                                        "Projections": "userid",
                                                                                                        "Estimated Cardinality": "2321724"
                                                                                                    },
                                                                                                    "cumulative_cardinality": 2321724,
                                                                                                    "operator_type": "TABLE_SCAN",
                                                                                                    "operator_cardinality": 2321724,
                                                                                                    "cumulative_rows_scanned": 2321724,
                                                                                                    "operator_rows_scanned": 2321724,
                                                                                                    "operator_timing": 0.013584506000000014,
                                                                                                    "result_set_size": 9286896,
                                                                                                    "children": []
                                                                                                }
                                                                                            ]
                                                                                        }
                                                                                    ]
                                                                                }
                                                                            ]
                                                                        }
                                                                    ]
                                                                }
                                                            ]
                                                        }
                                                    ]
                                                },
                                                {
                                                    "operator_name": "FILTER",
                                                    "cpu_time": 6.3485977799999915,
                                                    "extra_info": {
                                                        "Expression": "(PostId <= 1416570)",
                                                        "Estimated Cardinality": "5"
                                                    },
                                                    "cumulative_cardinality": 156793575,
                                                    "operator_type": "FILTER",
                                                    "operator_cardinality": 5,
                                                    "cumulative_rows_scanned": 22887182,
                                                    "operator_rows_scanned": 0,
                                                    "operator_timing": 0.000009518,
                                                    "result_set_size": 260,
                                                    "children": [
                                                        {
                                                            "operator_name": "STREAMING_LIMIT",
                                                            "cpu_time": 6.348588261999992,
                                                            "extra_info": {},
                                                            "cumulative_cardinality": 156793570,
                                                            "operator_type": "STREAMING_LIMIT",
                                                            "operator_cardinality": 5,
                                                            "cumulative_rows_scanned": 22887182,
                                                            "operator_rows_scanned": 0,
                                                            "operator_timing": 0.0000043679999999999995,
                                                            "result_set_size": 260,
                                                            "children": [
                                                                {
                                                                    "operator_name": "PROJECTION",
                                                                    "cpu_time": 6.348583893999992,
                                                                    "extra_info": {
                                                                        "Projections": [
                                                                            "#0",
                                                                            "#1",
                                                                            "#2",
                                                                            "#3",
                                                                            "__internal_decompress_integral_integer(#4, -72)",
                                                                            "#5",
                                                                            "#6"
                                                                        ],
                                                                        "Estimated Cardinality": "3850116"
                                                                    },
                                                                    "cumulative_cardinality": 156793565,
                                                                    "operator_type": "PROJECTION",
                                                                    "operator_cardinality": 4096,
                                                                    "cumulative_rows_scanned": 22887182,
                                                                    "operator_rows_scanned": 0,
                                                                    "operator_timing": 0.000014747,
                                                                    "result_set_size": 212992,
                                                                    "children": [
                                                                        {
                                                                            "operator_name": "ORDER_BY",
                                                                            "cpu_time": 6.348569146999992,
                                                                            "extra_info": {
                                                                                "Order By": [
                                                                                    "PostStats.Score DESC",
                                                                                    "PostStats.ViewCount DESC"
                                                                                ]
                                                                            },
                                                                            "cumulative_cardinality": 156789469,
                                                                            "operator_type": "ORDER_BY",
                                                                            "operator_cardinality": 4096,
                                                                            "cumulative_rows_scanned": 22887182,
                                                                            "operator_rows_scanned": 0,
                                                                            "operator_timing": 0.1842790399999999,
                                                                            "result_set_size": 204800,
                                                                            "children": [
                                                                                {
                                                                                    "operator_name": "PROJECTION",
                                                                                    "cpu_time": 6.164290106999992,
                                                                                    "extra_info": {
                                                                                        "Projections": [
                                                                                            "#0",
                                                                                            "#1",
                                                                                            "#2",
                                                                                            "#3",
                                                                                            "__internal_compress_integral_usmallint(#4, -72)",
                                                                                            "#5",
                                                                                            "#6"
                                                                                        ],
                                                                                        "Estimated Cardinality": "3850116"
                                                                                    },
                                                                                    "cumulative_cardinality": 156785373,
                                                                                    "operator_type": "PROJECTION",
                                                                                    "operator_cardinality": 3850116,
                                                                                    "cumulative_rows_scanned": 22887182,
                                                                                    "operator_rows_scanned": 0,
                                                                                    "operator_timing": 0.0016331770000000093,
                                                                                    "result_set_size": 192505800,
                                                                                    "children": [
                                                                                        {
                                                                                            "operator_name": "PROJECTION",
                                                                                            "cpu_time": 6.162656929999992,
                                                                                            "extra_info": {
                                                                                                "Projections": [
                                                                                                    "#0",
                                                                                                    "#1",
                                                                                                    "#2",
                                                                                                    "#3",
                                                                                                    "__internal_decompress_integral_integer(#4, -72)",
                                                                                                    "#5",
                                                                                                    "#6"
                                                                                                ],
                                                                                                "Estimated Cardinality": "3850116"
                                                                                            },
                                                                                            "cumulative_cardinality": 152935257,
                                                                                            "operator_type": "PROJECTION",
                                                                                            "operator_cardinality": 3850116,
                                                                                            "cumulative_rows_scanned": 22887182,
                                                                                            "operator_rows_scanned": 0,
                                                                                            "operator_timing": 0.001719863000000006,
                                                                                            "result_set_size": 200206032,
                                                                                            "children": [
                                                                                                {
                                                                                                    "operator_name": "HASH_GROUP_BY",
                                                                                                    "cpu_time": 6.160937066999992,
                                                                                                    "extra_info": {
                                                                                                        "Groups": [
                                                                                                            "#0",
                                                                                                            "#1",
                                                                                                            "#2",
                                                                                                            "#3",
                                                                                                            "#4"
                                                                                                        ],
                                                                                                        "Aggregates": [
                                                                                                            "count(#5)",
                                                                                                            "count(#6)"
                                                                                                        ],
                                                                                                        "Estimated Cardinality": "3850116"
                                                                                                    },
                                                                                                    "cumulative_cardinality": 149085141,
                                                                                                    "operator_type": "HASH_GROUP_BY",
                                                                                                    "operator_cardinality": 3850116,
                                                                                                    "cumulative_rows_scanned": 22887182,
                                                                                                    "operator_rows_scanned": 0,
                                                                                                    "operator_timing": 3.008444304999997,
                                                                                                    "result_set_size": 192505800,
                                                                                                    "children": [
                                                                                                        {
                                                                                                            "operator_name": "PROJECTION",
                                                                                                            "cpu_time": 3.1524927619999943,
                                                                                                            "extra_info": {
                                                                                                                "Projections": [
                                                                                                                    "id",
                                                                                                                    "title",
                                                                                                                    "creationdate",
                                                                                                                    "viewcount",
                                                                                                                    "score",
                                                                                                                    "CASE  WHEN ((id IS NOT NULL)) THEN (1) ELSE NULL END",
                                                                                                                    "CASE  WHEN ((id IS NOT NULL)) THEN (1) ELSE NULL END"
                                                                                                                ],
                                                                                                                "Estimated Cardinality": "11795244"
                                                                                                            },
                                                                                                            "cumulative_cardinality": 145235025,
                                                                                                            "operator_type": "PROJECTION",
                                                                                                            "operator_cardinality": 33547065,
                                                                                                            "cumulative_rows_scanned": 22887182,
                                                                                                            "operator_rows_scanned": 0,
                                                                                                            "operator_timing": 0.15853734799999933,
                                                                                                            "result_set_size": 1408976730,
                                                                                                            "children": [
                                                                                                                {
                                                                                                                    "operator_name": "PROJECTION",
                                                                                                                    "cpu_time": 2.993955413999995,
                                                                                                                    "extra_info": {
                                                                                                                        "Projections": [
                                                                                                                            "#0",
                                                                                                                            "#1",
                                                                                                                            "#2",
                                                                                                                            "__internal_compress_integral_usmallint(#3, -72)",
                                                                                                                            "#4",
                                                                                                                            "#5",
                                                                                                                            "#6"
                                                                                                                        ],
                                                                                                                        "Estimated Cardinality": "11795244"
                                                                                                                    },
                                                                                                                    "cumulative_cardinality": 111687960,
                                                                                                                    "operator_type": "PROJECTION",
                                                                                                                    "operator_cardinality": 33547065,
                                                                                                                    "cumulative_rows_scanned": 22887182,
                                                                                                                    "operator_rows_scanned": 0,
                                                                                                                    "operator_timing": 0.09810610399999978,
                                                                                                                    "result_set_size": 1408976730,
                                                                                                                    "children": [
                                                                                                                        {
                                                                                                                            "operator_name": "HASH_JOIN",
                                                                                                                            "cpu_time": 2.895849309999995,
                                                                                                                            "extra_info": {
                                                                                                                                "Join Type": "LEFT",
                                                                                                                                "Conditions": "id = postid",
                                                                                                                                "Estimated Cardinality": "11795244"
                                                                                                                            },
                                                                                                                            "cumulative_cardinality": 78140895,
                                                                                                                            "operator_type": "HASH_JOIN",
                                                                                                                            "operator_cardinality": 33547065,
                                                                                                                            "cumulative_rows_scanned": 22887182,
                                                                                                                            "operator_rows_scanned": 0,
                                                                                                                            "operator_timing": 1.3154926979999975,
                                                                                                                            "result_set_size": 1476070860,
                                                                                                                            "children": [
                                                                                                                                {
                                                                                                                                    "operator_name": "PROJECTION",
                                                                                                                                    "cpu_time": 1.444875069999997,
                                                                                                                                    "extra_info": {
                                                                                                                                        "Projections": [
                                                                                                                                            "#0",
                                                                                                                                            "#1",
                                                                                                                                            "#2",
                                                                                                                                            "__internal_decompress_integral_integer(#3, -72)",
                                                                                                                                            "#4",
                                                                                                                                            "#5"
                                                                                                                                        ],
                                                                                                                                        "Estimated Cardinality": "7241822"
                                                                                                                                    },
                                                                                                                                    "cumulative_cardinality": 32798586,
                                                                                                                                    "operator_type": "PROJECTION",
                                                                                                                                    "operator_cardinality": 8928266,
                                                                                                                                    "cumulative_rows_scanned": 11091938,
                                                                                                                                    "operator_rows_scanned": 0,
                                                                                                                                    "operator_timing": 0.021353532000000015,
                                                                                                                                    "result_set_size": 357130640,
                                                                                                                                    "children": [
                                                                                                                                        {
                                                                                                                                            "operator_name": "HASH_JOIN",
                                                                                                                                            "cpu_time": 1.423521537999997,
                                                                                                                                            "extra_info": {
                                                                                                                                                "Join Type": "RIGHT",
                                                                                                                                                "Conditions": "postid = id",
                                                                                                                                                "Estimated Cardinality": "7241822"
                                                                                                                                            },
                                                                                                                                            "cumulative_cardinality": 23870320,
                                                                                                                                            "operator_type": "HASH_JOIN",
                                                                                                                                            "operator_cardinality": 8928266,
                                                                                                                                            "cumulative_rows_scanned": 11091938,
                                                                                                                                            "operator_rows_scanned": 0,
                                                                                                                                            "operator_timing": 0.8685321699999966,
                                                                                                                                            "result_set_size": 339274108,
                                                                                                                                            "children": [
                                                                                                                                                {
                                                                                                                                                    "operator_name": "READ_PARQUET ",
                                                                                                                                                    "cpu_time": 0.14477199700000046,
                                                                                                                                                    "extra_info": {
                                                                                                                                                        "Function": "READ_PARQUET",
                                                                                                                                                        "Projections": [
                                                                                                                                                            "id",
                                                                                                                                                            "postid"
                                                                                                                                                        ],
                                                                                                                                                        "Estimated Cardinality": "7241822"
                                                                                                                                                    },
                                                                                                                                                    "cumulative_cardinality": 7241822,
                                                                                                                                                    "operator_type": "TABLE_SCAN",
                                                                                                                                                    "operator_cardinality": 7241822,
                                                                                                                                                    "cumulative_rows_scanned": 7241822,
                                                                                                                                                    "operator_rows_scanned": 7241822,
                                                                                                                                                    "operator_timing": 0.14477199700000046,
                                                                                                                                                    "result_set_size": 57934576,
                                                                                                                                                    "children": []
                                                                                                                                                },
                                                                                                                                                {
                                                                                                                                                    "operator_name": "PROJECTION",
                                                                                                                                                    "cpu_time": 0.4102173709999999,
                                                                                                                                                    "extra_info": {
                                                                                                                                                        "Projections": [
                                                                                                                                                            "#0",
                                                                                                                                                            "#1",
                                                                                                                                                            "__internal_compress_integral_usmallint(#2, -72)",
                                                                                                                                                            "#3",
                                                                                                                                                            "#4"
                                                                                                                                                        ],
                                                                                                                                                        "Estimated Cardinality": "3850116"
                                                                                                                                                    },
                                                                                                                                                    "cumulative_cardinality": 7700232,
                                                                                                                                                    "operator_type": "PROJECTION",
                                                                                                                                                    "operator_cardinality": 3850116,
                                                                                                                                                    "cumulative_rows_scanned": 3850116,
                                                                                                                                                    "operator_rows_scanned": 0,
                                                                                                                                                    "operator_timing": 0.0023323890000000037,
                                                                                                                                                    "result_set_size": 130903944,
                                                                                                                                                    "children": [
                                                                                                                                                        {
                                                                                                                                                            "operator_name": "READ_PARQUET ",
                                                                                                                                                            "cpu_time": 0.4078849819999999,
                                                                                                                                                            "extra_info": {
                                                                                                                                                                "Function": "READ_PARQUET",
                                                                                                                                                                "Projections": [
                                                                                                                                                                    "id",
                                                                                                                                                                    "creationdate",
                                                                                                                                                                    "score",
                                                                                                                                                                    "viewcount",
                                                                                                                                                                    "title"
                                                                                                                                                                ],
                                                                                                                                                                "Estimated Cardinality": "3850116"
                                                                                                                                                            },
                                                                                                                                                            "cumulative_cardinality": 3850116,
                                                                                                                                                            "operator_type": "TABLE_SCAN",
                                                                                                                                                            "operator_cardinality": 3850116,
                                                                                                                                                            "cumulative_rows_scanned": 3850116,
                                                                                                                                                            "operator_rows_scanned": 3850116,
                                                                                                                                                            "operator_timing": 0.4078849819999999,
                                                                                                                                                            "result_set_size": 138604176,
                                                                                                                                                            "children": []
                                                                                                                                                        }
                                                                                                                                                    ]
                                                                                                                                                }
                                                                                                                                            ]
                                                                                                                                        }
                                                                                                                                    ]
                                                                                                                                },
                                                                                                                                {
                                                                                                                                    "operator_name": "READ_PARQUET ",
                                                                                                                                    "cpu_time": 0.13548154200000057,
                                                                                                                                    "extra_info": {
                                                                                                                                        "Function": "READ_PARQUET",
                                                                                                                                        "Projections": [
                                                                                                                                            "id",
                                                                                                                                            "postid"
                                                                                                                                        ],
                                                                                                                                        "Estimated Cardinality": "11795244"
                                                                                                                                    },
                                                                                                                                    "cumulative_cardinality": 11795244,
                                                                                                                                    "operator_type": "TABLE_SCAN",
                                                                                                                                    "operator_cardinality": 11795244,
                                                                                                                                    "cumulative_rows_scanned": 11795244,
                                                                                                                                    "operator_rows_scanned": 11795244,
                                                                                                                                    "operator_timing": 0.13548154200000057,
                                                                                                                                    "result_set_size": 94361952,
                                                                                                                                    "children": []
                                                                                                                                }
                                                                                                                            ]
                                                                                                                        }
                                                                                                                    ]
                                                                                                                }
                                                                                                            ]
                                                                                                        }
                                                                                                    ]
                                                                                                }
                                                                                            ]
                                                                                        }
                                                                                    ]
                                                                                }
                                                                            ]
                                                                        }
                                                                    ]
                                                                }
                                                            ]
                                                        }
                                                    ]
                                                }
                                            ]
                                        }
                                    ]
                                }
                            ]
                        }
                    ]
                }
            ]
        }
    ]
}