{
    "rows_returned": 10,
    "query_name": "\nWITH UserStats AS (\n    SELECT \n        U.Id AS UserId,\n        U.DisplayName,\n        U.Reputation,\n        U.UpVotes,\n        U.DownVotes,\n        COUNT(DISTINCT P.Id) AS PostCount,\n        SUM(CASE WHEN P.PostTypeId = 1 THEN 1 ELSE 0 END) AS QuestionCount,\n        SUM(CASE WHEN P.PostTypeId = 2 THEN 1 ELSE 0 END) AS AnswerCount,\n        SUM(CASE WHEN V.VoteTypeId = 2 THEN 1 ELSE 0 END) AS UpVotesReceived,\n        SUM(CASE WHEN V.VoteTypeId = 3 THEN 1 ELSE 0 END) AS DownVotesReceived,\n        AVG(P.Score) AS AvgPostScore\n    FROM Users U\n    LEFT JOIN Posts P ON U.Id = P.OwnerUserId\n    LEFT JOIN Votes V ON P.Id = V.PostId\n    GROUP BY U.Id, U.DisplayName, U.Reputation, U.UpVotes, U.DownVotes\n),\nBadgeCounts AS (\n    SELECT \n        B.UserId,\n        COUNT(B.Id) AS BadgeCount,\n        SUM(CASE WHEN B.Class = 1 THEN 1 ELSE 0 END) AS GoldBadges,\n        SUM(CASE WHEN B.Class = 2 THEN 1 ELSE 0 END) AS SilverBadges,\n        SUM(CASE WHEN B.Class = 3 THEN 1 ELSE 0 END) AS BronzeBadges\n    FROM Badges B\n    GROUP BY B.UserId\n),\nCombinedStats AS (\n    SELECT \n        US.UserId,\n        US.DisplayName,\n        US.Reputation,\n        US.PostCount,\n        US.QuestionCount,\n        US.AnswerCount,\n        COALESCE(BC.BadgeCount, 0) AS BadgeCount,\n        COALESCE(BC.GoldBadges, 0) AS GoldBadges,\n        COALESCE(BC.SilverBadges, 0) AS SilverBadges,\n        COALESCE(BC.BronzeBadges, 0) AS BronzeBadges,\n        US.UpVotesReceived,\n        US.DownVotesReceived,\n        US.AvgPostScore\n    FROM UserStats US\n    LEFT JOIN BadgeCounts BC ON US.UserId = BC.UserId\n)\nSELECT \n    C.DisplayName,\n    C.Reputation,\n    C.PostCount,\n    C.QuestionCount,\n    C.AnswerCount,\n    C.BadgeCount,\n    C.GoldBadges,\n    C.SilverBadges,\n    C.BronzeBadges,\n    C.UpVotesReceived,\n    C.DownVotesReceived,\n    C.AvgPostScore\nFROM CombinedStats C\nWHERE C.Reputation > 1000 \nORDER BY C.Reputation DESC, C.PostCount DESC\nLIMIT 10;\n",
    "blocked_thread_time": 0.0,
    "cpu_time": 2.500978447999999,
    "extra_info": {},
    "cumulative_cardinality": 57873439,
    "cumulative_rows_scanned": 20176643,
    "result_set_size": 1560,
    "latency": 3.222911207,
    "children": [
        {
            "operator_name": "STREAMING_LIMIT",
            "cpu_time": 2.500978447999999,
            "extra_info": {},
            "cumulative_cardinality": 57873439,
            "operator_type": "STREAMING_LIMIT",
            "operator_cardinality": 10,
            "cumulative_rows_scanned": 20176643,
            "operator_rows_scanned": 0,
            "operator_timing": 0.000002564,
            "result_set_size": 1560,
            "children": [
                {
                    "operator_name": "ORDER_BY",
                    "cpu_time": 2.500975883999999,
                    "extra_info": {
                        "Order By": [
                            "C.Reputation DESC",
                            "C.PostCount DESC"
                        ]
                    },
                    "cumulative_cardinality": 57873429,
                    "operator_type": "ORDER_BY",
                    "operator_cardinality": 4096,
                    "cumulative_rows_scanned": 20176643,
                    "operator_rows_scanned": 0,
                    "operator_timing": 0.0009051409999999999,
                    "result_set_size": 638976,
                    "children": [
                        {
                            "operator_name": "PROJECTION",
                            "cpu_time": 2.500070742999999,
                            "extra_info": {
                                "Projections": [
                                    "displayname",
                                    "reputation",
                                    "PostCount",
                                    "QuestionCount",
                                    "AnswerCount",
                                    "BadgeCount",
                                    "GoldBadges",
                                    "SilverBadges",
                                    "BronzeBadges",
                                    "UpVotesReceived",
                                    "DownVotesReceived",
                                    "AvgPostScore"
                                ],
                                "Estimated Cardinality": "1260710"
                            },
                            "cumulative_cardinality": 57869333,
                            "operator_type": "PROJECTION",
                            "operator_cardinality": 11215,
                            "cumulative_rows_scanned": 20176643,
                            "operator_rows_scanned": 0,
                            "operator_timing": 0.000327272,
                            "result_set_size": 1749540,
                            "children": [
                                {
                                    "operator_name": "HASH_JOIN",
                                    "cpu_time": 2.499743470999999,
                                    "extra_info": {
                                        "Join Type": "LEFT",
                                        "Conditions": "UserId = userid",
                                        "Estimated Cardinality": "1260710"
                                    },
                                    "cumulative_cardinality": 57858118,
                                    "operator_type": "HASH_JOIN",
                                    "operator_cardinality": 11215,
                                    "cumulative_rows_scanned": 20176643,
                                    "operator_rows_scanned": 0,
                                    "operator_timing": 0.03284028900000001,
                                    "result_set_size": 1749540,
                                    "children": [
                                        {
                                            "operator_name": "PROJECTION",
                                            "cpu_time": 2.258251372999999,
                                            "extra_info": {
                                                "Projections": [
                                                    "UserId",
                                                    "displayname",
                                                    "reputation",
                                                    "PostCount",
                                                    "QuestionCount",
                                                    "AnswerCount",
                                                    "UpVotesReceived",
                                                    "DownVotesReceived",
                                                    "AvgPostScore"
                                                ],
                                                "Estimated Cardinality": "1260710"
                                            },
                                            "cumulative_cardinality": 52654434,
                                            "operator_type": "PROJECTION",
                                            "operator_cardinality": 11215,
                                            "cumulative_rows_scanned": 17854919,
                                            "operator_rows_scanned": 0,
                                            "operator_timing": 0.000003365,
                                            "result_set_size": 1166360,
                                            "children": [
                                                {
                                                    "operator_name": "PROJECTION",
                                                    "cpu_time": 2.258248007999999,
                                                    "extra_info": {
                                                        "Projections": [
                                                            "#0",
                                                            "#1",
                                                            "#2",
                                                            "#3",
                                                            "__internal_decompress_integral_integer(#4, 0)",
                                                            "#5",
                                                            "#6",
                                                            "#7",
                                                            "#8",
                                                            "#9",
                                                            "#10"
                                                        ],
                                                        "Estimated Cardinality": "1260710"
                                                    },
                                                    "cumulative_cardinality": 52643219,
                                                    "operator_type": "PROJECTION",
                                                    "operator_cardinality": 11215,
                                                    "cumulative_rows_scanned": 17854919,
                                                    "operator_rows_scanned": 0,
                                                    "operator_timing": 0.000017303,
                                                    "result_set_size": 1256080,
                                                    "children": [
                                                        {
                                                            "operator_name": "HASH_GROUP_BY",
                                                            "cpu_time": 2.258230704999999,
                                                            "extra_info": {
                                                                "Groups": [
                                                                    "#0",
                                                                    "#1",
                                                                    "#2",
                                                                    "#3",
                                                                    "#4"
                                                                ],
                                                                "Aggregates": [
                                                                    "count(DISTINCT #5)",
                                                                    "sum(#6)",
                                                                    "sum(#7)",
                                                                    "sum(#8)",
                                                                    "sum(#9)",
                                                                    "avg(#10)"
                                                                ],
                                                                "Estimated Cardinality": "1260710"
                                                            },
                                                            "cumulative_cardinality": 52632004,
                                                            "operator_type": "HASH_GROUP_BY",
                                                            "operator_cardinality": 11215,
                                                            "cumulative_rows_scanned": 17854919,
                                                            "operator_rows_scanned": 0,
                                                            "operator_timing": 0.9315797910000041,
                                                            "result_set_size": 1233650,
                                                            "children": [
                                                                {
                                                                    "operator_name": "PROJECTION",
                                                                    "cpu_time": 1.326650913999995,
                                                                    "extra_info": {
                                                                        "Projections": [
                                                                            "id",
                                                                            "displayname",
                                                                            "reputation",
                                                                            "upvotes",
                                                                            "downvotes",
                                                                            "id",
                                                                            "CASE  WHEN ((posttypeid = 1)) THEN (1) ELSE 0 END",
                                                                            "CASE  WHEN ((posttypeid = 2)) THEN (1) ELSE 0 END",
                                                                            "CASE  WHEN ((votetypeid = 2)) THEN (1) ELSE 0 END",
                                                                            "CASE  WHEN ((votetypeid = 3)) THEN (1) ELSE 0 END",
                                                                            "score"
                                                                        ],
                                                                        "Estimated Cardinality": "12744093"
                                                                    },
                                                                    "cumulative_cardinality": 52620789,
                                                                    "operator_type": "PROJECTION",
                                                                    "operator_cardinality": 7847284,
                                                                    "cumulative_rows_scanned": 17854919,
                                                                    "operator_rows_scanned": 0,
                                                                    "operator_timing": 0.09269349399999974,
                                                                    "result_set_size": 423753336,
                                                                    "children": [
                                                                        {
                                                                            "operator_name": "PROJECTION",
                                                                            "cpu_time": 1.2339574199999952,
                                                                            "extra_info": {
                                                                                "Projections": [
                                                                                    "#0",
                                                                                    "#1",
                                                                                    "#2",
                                                                                    "#3",
                                                                                    "#4",
                                                                                    "#5",
                                                                                    "#6",
                                                                                    "#7",
                                                                                    "__internal_compress_integral_usmallint(#8, 0)"
                                                                                ],
                                                                                "Estimated Cardinality": "12744093"
                                                                            },
                                                                            "cumulative_cardinality": 44773505,
                                                                            "operator_type": "PROJECTION",
                                                                            "operator_cardinality": 7847284,
                                                                            "cumulative_rows_scanned": 17854919,
                                                                            "operator_rows_scanned": 0,
                                                                            "operator_timing": 0.0061724650000001945,
                                                                            "result_set_size": 329585928,
                                                                            "children": [
                                                                                {
                                                                                    "operator_name": "PROJECTION",
                                                                                    "cpu_time": 1.227784954999995,
                                                                                    "extra_info": {
                                                                                        "Projections": [
                                                                                            "#0",
                                                                                            "#1",
                                                                                            "__internal_decompress_integral_smallint(#2, 1)",
                                                                                            "__internal_decompress_integral_integer(#3, -72)",
                                                                                            "#4",
                                                                                            "#5",
                                                                                            "#6",
                                                                                            "#7",
                                                                                            "__internal_decompress_integral_integer(#8, 0)"
                                                                                        ],
                                                                                        "Estimated Cardinality": "12744093"
                                                                                    },
                                                                                    "cumulative_cardinality": 36926221,
                                                                                    "operator_type": "PROJECTION",
                                                                                    "operator_cardinality": 7847284,
                                                                                    "cumulative_rows_scanned": 17854919,
                                                                                    "operator_rows_scanned": 0,
                                                                                    "operator_timing": 0.011960432999999854,
                                                                                    "result_set_size": 345280496,
                                                                                    "children": [
                                                                                        {
                                                                                            "operator_name": "HASH_JOIN",
                                                                                            "cpu_time": 1.2158245219999952,
                                                                                            "extra_info": {
                                                                                                "Join Type": "RIGHT",
                                                                                                "Conditions": "postid = id",
                                                                                                "Estimated Cardinality": "12744093"
                                                                                            },
                                                                                            "cumulative_cardinality": 29078937,
                                                                                            "operator_type": "HASH_JOIN",
                                                                                            "operator_cardinality": 7847284,
                                                                                            "cumulative_rows_scanned": 17854919,
                                                                                            "operator_rows_scanned": 0,
                                                                                            "operator_timing": 0.6823442689999959,
                                                                                            "result_set_size": 306044076,
                                                                                            "children": [
                                                                                                {
                                                                                                    "operator_name": "READ_PARQUET ",
                                                                                                    "cpu_time": 0.2246690259999993,
                                                                                                    "extra_info": {
                                                                                                        "Function": "READ_PARQUET",
                                                                                                        "Projections": [
                                                                                                            "postid",
                                                                                                            "votetypeid"
                                                                                                        ],
                                                                                                        "Estimated Cardinality": "12744093"
                                                                                                    },
                                                                                                    "cumulative_cardinality": 12744093,
                                                                                                    "operator_type": "TABLE_SCAN",
                                                                                                    "operator_cardinality": 12744093,
                                                                                                    "cumulative_rows_scanned": 12744093,
                                                                                                    "operator_rows_scanned": 12744093,
                                                                                                    "operator_timing": 0.2246690259999993,
                                                                                                    "result_set_size": 76464558,
                                                                                                    "children": []
                                                                                                },
                                                                                                {
                                                                                                    "operator_name": "PROJECTION",
                                                                                                    "cpu_time": 0.30881122699999997,
                                                                                                    "extra_info": {
                                                                                                        "Projections": [
                                                                                                            "#0",
                                                                                                            "__internal_compress_integral_utinyint(#1, 1)",
                                                                                                            "__internal_compress_integral_usmallint(#2, -72)",
                                                                                                            "#3",
                                                                                                            "#4",
                                                                                                            "#5",
                                                                                                            "#6",
                                                                                                            "__internal_compress_integral_usmallint(#7, 0)"
                                                                                                        ],
                                                                                                        "Estimated Cardinality": "3850116"
                                                                                                    },
                                                                                                    "cumulative_cardinality": 8487560,
                                                                                                    "operator_type": "PROJECTION",
                                                                                                    "operator_cardinality": 2396486,
                                                                                                    "cumulative_rows_scanned": 5110826,
                                                                                                    "operator_rows_scanned": 0,
                                                                                                    "operator_timing": 0.0037781979999999913,
                                                                                                    "result_set_size": 88669982,
                                                                                                    "children": [
                                                                                                        {
                                                                                                            "operator_name": "HASH_JOIN",
                                                                                                            "cpu_time": 0.30503302899999996,
                                                                                                            "extra_info": {
                                                                                                                "Join Type": "RIGHT",
                                                                                                                "Conditions": "owneruserid = id",
                                                                                                                "Estimated Cardinality": "3850116"
                                                                                                            },
                                                                                                            "cumulative_cardinality": 6091074,
                                                                                                            "operator_type": "HASH_JOIN",
                                                                                                            "operator_cardinality": 2396486,
                                                                                                            "cumulative_rows_scanned": 5110826,
                                                                                                            "operator_rows_scanned": 0,
                                                                                                            "operator_timing": 0.10351265399999988,
                                                                                                            "result_set_size": 100652412,
                                                                                                            "children": [
                                                                                                                {
                                                                                                                    "operator_name": "READ_PARQUET ",
                                                                                                                    "cpu_time": 0.13433285800000003,
                                                                                                                    "extra_info": {
                                                                                                                        "Function": "READ_PARQUET",
                                                                                                                        "Projections": [
                                                                                                                            "id",
                                                                                                                            "posttypeid",
                                                                                                                            "score",
                                                                                                                            "owneruserid"
                                                                                                                        ],
                                                                                                                        "Estimated Cardinality": "3850116"
                                                                                                                    },
                                                                                                                    "cumulative_cardinality": 3683373,
                                                                                                                    "operator_type": "TABLE_SCAN",
                                                                                                                    "operator_cardinality": 3683373,
                                                                                                                    "cumulative_rows_scanned": 3850116,
                                                                                                                    "operator_rows_scanned": 3850116,
                                                                                                                    "operator_timing": 0.13433285800000003,
                                                                                                                    "result_set_size": 51567222,
                                                                                                                    "children": []
                                                                                                                },
                                                                                                                {
                                                                                                                    "operator_name": "READ_PARQUET ",
                                                                                                                    "cpu_time": 0.06718751700000003,
                                                                                                                    "extra_info": {
                                                                                                                        "Function": "READ_PARQUET",
                                                                                                                        "Projections": [
                                                                                                                            "id",
                                                                                                                            "reputation",
                                                                                                                            "displayname",
                                                                                                                            "upvotes",
                                                                                                                            "downvotes"
                                                                                                                        ],
                                                                                                                        "Filters": "reputation>1000",
                                                                                                                        "Estimated Cardinality": "252142"
                                                                                                                    },
                                                                                                                    "cumulative_cardinality": 11215,
                                                                                                                    "operator_type": "TABLE_SCAN",
                                                                                                                    "operator_cardinality": 11215,
                                                                                                                    "cumulative_rows_scanned": 1260710,
                                                                                                                    "operator_rows_scanned": 1260710,
                                                                                                                    "operator_timing": 0.06718751700000003,
                                                                                                                    "result_set_size": 358880,
                                                                                                                    "children": []
                                                                                                                }
                                                                                                            ]
                                                                                                        }
                                                                                                    ]
                                                                                                }
                                                                                            ]
                                                                                        }
                                                                                    ]
                                                                                }
                                                                            ]
                                                                        }
                                                                    ]
                                                                }
                                                            ]
                                                        }
                                                    ]
                                                }
                                            ]
                                        },
                                        {
                                            "operator_name": "HASH_GROUP_BY",
                                            "cpu_time": 0.20865180899999983,
                                            "extra_info": {
                                                "Groups": "#0",
                                                "Aggregates": [
                                                    "count_star()",
                                                    "sum(#1)",
                                                    "sum(#2)",
                                                    "sum(#3)"
                                                ],
                                                "Estimated Cardinality": "1160862"
                                            },
                                            "cumulative_cardinality": 5192469,
                                            "operator_type": "HASH_GROUP_BY",
                                            "operator_cardinality": 549021,
                                            "cumulative_rows_scanned": 2321724,
                                            "operator_rows_scanned": 0,
                                            "operator_timing": 0.16212494399999985,
                                            "result_set_size": 32941260,
                                            "children": [
                                                {
                                                    "operator_name": "PROJECTION",
                                                    "cpu_time": 0.04652686499999997,
                                                    "extra_info": {
                                                        "Projections": [
                                                            "userid",
                                                            "CASE  WHEN ((class = 1)) THEN (1) ELSE 0 END",
                                                            "CASE  WHEN ((class = 2)) THEN (1) ELSE 0 END",
                                                            "CASE  WHEN ((class = 3)) THEN (1) ELSE 0 END"
                                                        ],
                                                        "Estimated Cardinality": "2321724"
                                                    },
                                                    "cumulative_cardinality": 4643448,
                                                    "operator_type": "PROJECTION",
                                                    "operator_cardinality": 2321724,
                                                    "cumulative_rows_scanned": 2321724,
                                                    "operator_rows_scanned": 0,
                                                    "operator_timing": 0.013573343999999968,
                                                    "result_set_size": 37147584,
                                                    "children": [
                                                        {
                                                            "operator_name": "READ_PARQUET ",
                                                            "cpu_time": 0.032953521000000006,
                                                            "extra_info": {
                                                                "Function": "READ_PARQUET",
                                                                "Projections": [
                                                                    "id",
                                                                    "userid",
                                                                    "class"
                                                                ],
                                                                "Estimated Cardinality": "2321724"
                                                            },
                                                            "cumulative_cardinality": 2321724,
                                                            "operator_type": "TABLE_SCAN",
                                                            "operator_cardinality": 2321724,
                                                            "cumulative_rows_scanned": 2321724,
                                                            "operator_rows_scanned": 2321724,
                                                            "operator_timing": 0.032953521000000006,
                                                            "result_set_size": 23217240,
                                                            "children": []
                                                        }
                                                    ]
                                                }
                                            ]
                                        }
                                    ]
                                }
                            ]
                        }
                    ]
                }
            ]
        }
    ]
}