{
    "rows_returned": 50,
    "query_name": "\nWITH UserStats AS (\n    SELECT\n        u.Id AS UserId,\n        u.DisplayName,\n        u.Reputation,\n        COUNT(DISTINCT p.Id) AS PostCount,\n        SUM(CASE WHEN p.PostTypeId = 1 THEN 1 ELSE 0 END) AS QuestionCount,\n        SUM(CASE WHEN p.PostTypeId = 2 THEN 1 ELSE 0 END) AS AnswerCount,\n        SUM(CASE WHEN p.Score > 0 THEN 1 ELSE 0 END) AS PositiveScoreCount,\n        SUM(CASE WHEN p.Score < 0 THEN 1 ELSE 0 END) AS NegativeScoreCount,\n        AVG(CASE WHEN v.VoteTypeId = 2 THEN 1 ELSE 0 END) AS AvgUpVotes,\n        AVG(CASE WHEN v.VoteTypeId = 3 THEN 1 ELSE 0 END) AS AvgDownVotes\n    FROM \n        Users u\n    LEFT JOIN \n        Posts p ON u.Id = p.OwnerUserId\n    LEFT JOIN \n        Votes v ON p.Id = v.PostId\n    GROUP BY \n        u.Id, u.DisplayName, u.Reputation\n),\nBadgeCounts AS (\n    SELECT\n        UserId,\n        COUNT(*) AS BadgeCount,\n        SUM(CASE WHEN Class = 1 THEN 1 ELSE 0 END) AS GoldBadges,\n        SUM(CASE WHEN Class = 2 THEN 1 ELSE 0 END) AS SilverBadges,\n        SUM(CASE WHEN Class = 3 THEN 1 ELSE 0 END) AS BronzeBadges\n    FROM \n        Badges\n    GROUP BY \n        UserId\n)\nSELECT \n    us.UserId,\n    us.DisplayName,\n    us.Reputation,\n    us.PostCount,\n    us.QuestionCount,\n    us.AnswerCount,\n    us.PositiveScoreCount,\n    us.NegativeScoreCount,\n    COALESCE(bc.BadgeCount, 0) AS BadgeCount,\n    COALESCE(bc.GoldBadges, 0) AS GoldBadges,\n    COALESCE(bc.SilverBadges, 0) AS SilverBadges,\n    COALESCE(bc.BronzeBadges, 0) AS BronzeBadges\nFROM \n    UserStats us\nLEFT JOIN \n    BadgeCounts bc ON us.UserId = bc.UserId\nORDER BY \n    us.Reputation DESC, \n    us.PostCount DESC \nLIMIT 50;\n",
    "blocked_thread_time": 0.0,
    "cpu_time": 4.229963195000002,
    "extra_info": {},
    "cumulative_cardinality": 71037429,
    "cumulative_rows_scanned": 20176643,
    "result_set_size": 7600,
    "latency": 5.857303769,
    "children": [
        {
            "operator_name": "STREAMING_LIMIT",
            "cpu_time": 4.229963195000002,
            "extra_info": {},
            "cumulative_cardinality": 71037429,
            "operator_type": "STREAMING_LIMIT",
            "operator_cardinality": 50,
            "cumulative_rows_scanned": 20176643,
            "operator_rows_scanned": 0,
            "operator_timing": 0.000005561,
            "result_set_size": 7600,
            "children": [
                {
                    "operator_name": "ORDER_BY",
                    "cpu_time": 4.229957634000002,
                    "extra_info": {
                        "Order By": [
                            "us.Reputation DESC",
                            "us.PostCount DESC"
                        ]
                    },
                    "cumulative_cardinality": 71037379,
                    "operator_type": "ORDER_BY",
                    "operator_cardinality": 4096,
                    "cumulative_rows_scanned": 20176643,
                    "operator_rows_scanned": 0,
                    "operator_timing": 0.12627083899999994,
                    "result_set_size": 622592,
                    "children": [
                        {
                            "operator_name": "PROJECTION",
                            "cpu_time": 4.1036867950000016,
                            "extra_info": {
                                "Projections": [
                                    "UserId",
                                    "displayname",
                                    "reputation",
                                    "PostCount",
                                    "QuestionCount",
                                    "AnswerCount",
                                    "PositiveScoreCount",
                                    "NegativeScoreCount",
                                    "BadgeCount",
                                    "GoldBadges",
                                    "SilverBadges",
                                    "BronzeBadges"
                                ],
                                "Estimated Cardinality": "1260710"
                            },
                            "cumulative_cardinality": 71033283,
                            "operator_type": "PROJECTION",
                            "operator_cardinality": 1260710,
                            "cumulative_rows_scanned": 20176643,
                            "operator_rows_scanned": 0,
                            "operator_timing": 0.04511235700000005,
                            "result_set_size": 191627920,
                            "children": [
                                {
                                    "operator_name": "HASH_JOIN",
                                    "cpu_time": 4.058574438000002,
                                    "extra_info": {
                                        "Join Type": "LEFT",
                                        "Conditions": "UserId = userid",
                                        "Estimated Cardinality": "1260710"
                                    },
                                    "cumulative_cardinality": 69772573,
                                    "operator_type": "HASH_JOIN",
                                    "operator_cardinality": 1260710,
                                    "cumulative_rows_scanned": 20176643,
                                    "operator_rows_scanned": 0,
                                    "operator_timing": 0.1051441879999999,
                                    "result_set_size": 196670760,
                                    "children": [
                                        {
                                            "operator_name": "HASH_GROUP_BY",
                                            "cpu_time": 3.767739523000002,
                                            "extra_info": {
                                                "Groups": [
                                                    "#0",
                                                    "#1",
                                                    "#2"
                                                ],
                                                "Aggregates": [
                                                    "count(DISTINCT #3)",
                                                    "sum(#4)",
                                                    "sum(#5)",
                                                    "sum(#6)",
                                                    "sum(#7)"
                                                ],
                                                "Estimated Cardinality": "1260710"
                                            },
                                            "cumulative_cardinality": 63319394,
                                            "operator_type": "HASH_GROUP_BY",
                                            "operator_cardinality": 1260710,
                                            "cumulative_rows_scanned": 17854919,
                                            "operator_rows_scanned": 0,
                                            "operator_timing": 2.0527659530000006,
                                            "result_set_size": 121028160,
                                            "children": [
                                                {
                                                    "operator_name": "PROJECTION",
                                                    "cpu_time": 1.7149735700000015,
                                                    "extra_info": {
                                                        "Projections": [
                                                            "id",
                                                            "displayname",
                                                            "reputation",
                                                            "id",
                                                            "CASE  WHEN ((posttypeid = 1)) THEN (1) ELSE 0 END",
                                                            "CASE  WHEN ((posttypeid = 2)) THEN (1) ELSE 0 END",
                                                            "CASE  WHEN ((score > 0)) THEN (1) ELSE 0 END",
                                                            "CASE  WHEN ((score < 0)) THEN (1) ELSE 0 END"
                                                        ],
                                                        "Estimated Cardinality": "12744093"
                                                    },
                                                    "cumulative_cardinality": 62058684,
                                                    "operator_type": "PROJECTION",
                                                    "operator_cardinality": 11739825,
                                                    "cumulative_rows_scanned": 17854919,
                                                    "operator_rows_scanned": 0,
                                                    "operator_timing": 0.09542993199999988,
                                                    "result_set_size": 516552300,
                                                    "children": [
                                                        {
                                                            "operator_name": "PROJECTION",
                                                            "cpu_time": 1.6195436380000017,
                                                            "extra_info": {
                                                                "Projections": [
                                                                    "#0",
                                                                    "#1",
                                                                    "__internal_decompress_integral_smallint(#2, 1)",
                                                                    "__internal_decompress_integral_integer(#3, -72)",
                                                                    "#4",
                                                                    "#5",
                                                                    "#6"
                                                                ],
                                                                "Estimated Cardinality": "12744093"
                                                            },
                                                            "cumulative_cardinality": 50318859,
                                                            "operator_type": "PROJECTION",
                                                            "operator_cardinality": 11739825,
                                                            "cumulative_rows_scanned": 17854919,
                                                            "operator_rows_scanned": 0,
                                                            "operator_timing": 0.010537453000000096,
                                                            "result_set_size": 446113350,
                                                            "children": [
                                                                {
                                                                    "operator_name": "HASH_JOIN",
                                                                    "cpu_time": 1.6090061850000015,
                                                                    "extra_info": {
                                                                        "Join Type": "RIGHT",
                                                                        "Conditions": "postid = id",
                                                                        "Estimated Cardinality": "12744093"
                                                                    },
                                                                    "cumulative_cardinality": 38579034,
                                                                    "operator_type": "HASH_JOIN",
                                                                    "operator_cardinality": 11739825,
                                                                    "cumulative_rows_scanned": 17854919,
                                                                    "operator_rows_scanned": 0,
                                                                    "operator_timing": 0.951167824000001,
                                                                    "result_set_size": 410893875,
                                                                    "children": [
                                                                        {
                                                                            "operator_name": "READ_PARQUET ",
                                                                            "cpu_time": 0.15737316700000056,
                                                                            "extra_info": {
                                                                                "Function": "READ_PARQUET",
                                                                                "Projections": "postid",
                                                                                "Estimated Cardinality": "12744093"
                                                                            },
                                                                            "cumulative_cardinality": 12744093,
                                                                            "operator_type": "TABLE_SCAN",
                                                                            "operator_cardinality": 12744093,
                                                                            "cumulative_rows_scanned": 12744093,
                                                                            "operator_rows_scanned": 12744093,
                                                                            "operator_timing": 0.15737316700000056,
                                                                            "result_set_size": 50976372,
                                                                            "children": []
                                                                        },
                                                                        {
                                                                            "operator_name": "PROJECTION",
                                                                            "cpu_time": 0.5004651940000001,
                                                                            "extra_info": {
                                                                                "Projections": [
                                                                                    "#0",
                                                                                    "__internal_compress_integral_utinyint(#1, 1)",
                                                                                    "__internal_compress_integral_usmallint(#2, -72)",
                                                                                    "#3",
                                                                                    "#4",
                                                                                    "#5"
                                                                                ],
                                                                                "Estimated Cardinality": "3850116"
                                                                            },
                                                                            "cumulative_cardinality": 14095116,
                                                                            "operator_type": "PROJECTION",
                                                                            "operator_cardinality": 4574495,
                                                                            "cumulative_rows_scanned": 5110826,
                                                                            "operator_rows_scanned": 0,
                                                                            "operator_timing": 0.004011368,
                                                                            "result_set_size": 141809345,
                                                                            "children": [
                                                                                {
                                                                                    "operator_name": "HASH_JOIN",
                                                                                    "cpu_time": 0.49645382600000015,
                                                                                    "extra_info": {
                                                                                        "Join Type": "RIGHT",
                                                                                        "Conditions": "owneruserid = id",
                                                                                        "Estimated Cardinality": "3850116"
                                                                                    },
                                                                                    "cumulative_cardinality": 9520621,
                                                                                    "operator_type": "HASH_JOIN",
                                                                                    "operator_cardinality": 4574495,
                                                                                    "cumulative_rows_scanned": 5110826,
                                                                                    "operator_rows_scanned": 0,
                                                                                    "operator_timing": 0.28013062100000036,
                                                                                    "result_set_size": 155532830,
                                                                                    "children": [
                                                                                        {
                                                                                            "operator_name": "READ_PARQUET ",
                                                                                            "cpu_time": 0.12972931699999987,
                                                                                            "extra_info": {
                                                                                                "Function": "READ_PARQUET",
                                                                                                "Projections": [
                                                                                                    "id",
                                                                                                    "posttypeid",
                                                                                                    "score",
                                                                                                    "owneruserid"
                                                                                                ],
                                                                                                "Estimated Cardinality": "3850116"
                                                                                            },
                                                                                            "cumulative_cardinality": 3685416,
                                                                                            "operator_type": "TABLE_SCAN",
                                                                                            "operator_cardinality": 3685416,
                                                                                            "cumulative_rows_scanned": 3850116,
                                                                                            "operator_rows_scanned": 3850116,
                                                                                            "operator_timing": 0.12972931699999987,
                                                                                            "result_set_size": 51595824,
                                                                                            "children": []
                                                                                        },
                                                                                        {
                                                                                            "operator_name": "READ_PARQUET ",
                                                                                            "cpu_time": 0.08659388799999994,
                                                                                            "extra_info": {
                                                                                                "Function": "READ_PARQUET",
                                                                                                "Projections": [
                                                                                                    "id",
                                                                                                    "reputation",
                                                                                                    "displayname"
                                                                                                ],
                                                                                                "Estimated Cardinality": "1260710"
                                                                                            },
                                                                                            "cumulative_cardinality": 1260710,
                                                                                            "operator_type": "TABLE_SCAN",
                                                                                            "operator_cardinality": 1260710,
                                                                                            "cumulative_rows_scanned": 1260710,
                                                                                            "operator_rows_scanned": 1260710,
                                                                                            "operator_timing": 0.08659388799999994,
                                                                                            "result_set_size": 30257040,
                                                                                            "children": []
                                                                                        }
                                                                                    ]
                                                                                }
                                                                            ]
                                                                        }
                                                                    ]
                                                                }
                                                            ]
                                                        }
                                                    ]
                                                }
                                            ]
                                        },
                                        {
                                            "operator_name": "HASH_GROUP_BY",
                                            "cpu_time": 0.1856907270000002,
                                            "extra_info": {
                                                "Groups": "#0",
                                                "Aggregates": [
                                                    "count_star()",
                                                    "sum(#1)",
                                                    "sum(#2)",
                                                    "sum(#3)"
                                                ],
                                                "Estimated Cardinality": "1160862"
                                            },
                                            "cumulative_cardinality": 5192469,
                                            "operator_type": "HASH_GROUP_BY",
                                            "operator_cardinality": 549021,
                                            "cumulative_rows_scanned": 2321724,
                                            "operator_rows_scanned": 0,
                                            "operator_timing": 0.15301250900000024,
                                            "result_set_size": 32941260,
                                            "children": [
                                                {
                                                    "operator_name": "PROJECTION",
                                                    "cpu_time": 0.03267821799999995,
                                                    "extra_info": {
                                                        "Projections": [
                                                            "userid",
                                                            "CASE  WHEN ((class = 1)) THEN (1) ELSE 0 END",
                                                            "CASE  WHEN ((class = 2)) THEN (1) ELSE 0 END",
                                                            "CASE  WHEN ((class = 3)) THEN (1) ELSE 0 END"
                                                        ],
                                                        "Estimated Cardinality": "2321724"
                                                    },
                                                    "cumulative_cardinality": 4643448,
                                                    "operator_type": "PROJECTION",
                                                    "operator_cardinality": 2321724,
                                                    "cumulative_rows_scanned": 2321724,
                                                    "operator_rows_scanned": 0,
                                                    "operator_timing": 0.014101837999999964,
                                                    "result_set_size": 37147584,
                                                    "children": [
                                                        {
                                                            "operator_name": "READ_PARQUET ",
                                                            "cpu_time": 0.018576379999999993,
                                                            "extra_info": {
                                                                "Function": "READ_PARQUET",
                                                                "Projections": [
                                                                    "userid",
                                                                    "class"
                                                                ],
                                                                "Estimated Cardinality": "2321724"
                                                            },
                                                            "cumulative_cardinality": 2321724,
                                                            "operator_type": "TABLE_SCAN",
                                                            "operator_cardinality": 2321724,
                                                            "cumulative_rows_scanned": 2321724,
                                                            "operator_rows_scanned": 2321724,
                                                            "operator_timing": 0.018576379999999993,
                                                            "result_set_size": 13930344,
                                                            "children": []
                                                        }
                                                    ]
                                                }
                                            ]
                                        }
                                    ]
                                }
                            ]
                        }
                    ]
                }
            ]
        }
    ]
}