{
    "rows_returned": 50,
    "query_name": "\nWITH UserPostStats AS (\n    SELECT u.Id AS UserId,\n           u.DisplayName,\n           COUNT(DISTINCT p.Id) AS TotalPosts,\n           SUM(CASE WHEN p.PostTypeId = 1 THEN 1 ELSE 0 END) AS TotalQuestions,\n           SUM(CASE WHEN p.PostTypeId = 2 THEN 1 ELSE 0 END) AS TotalAnswers,\n           AVG(u.Reputation) AS AverageReputation,\n           SUM(CASE WHEN v.VoteTypeId = 2 THEN 1 ELSE 0 END) AS TotalUpvotes,\n           SUM(CASE WHEN v.VoteTypeId = 3 THEN 1 ELSE 0 END) AS TotalDownvotes\n    FROM Users u\n    LEFT JOIN Posts p ON u.Id = p.OwnerUserId\n    LEFT JOIN Votes v ON p.Id = v.PostId\n    GROUP BY u.Id, u.DisplayName\n),\nPostInteractions AS (\n    SELECT p.Id AS PostId,\n           p.Title,\n           p.CreationDate,\n           COUNT(c.Id) AS CommentCount,\n           COUNT(pl.RelatedPostId) AS RelatedPostLinks,\n           MAX(CASE WHEN ph.PostHistoryTypeId = 10 THEN ph.CreationDate END) AS ClosedDate,\n           MAX(CASE WHEN ph.PostHistoryTypeId = 11 THEN ph.CreationDate END) AS ReopenedDate\n    FROM Posts p\n    LEFT JOIN Comments c ON p.Id = c.PostId\n    LEFT JOIN PostLinks pl ON p.Id = pl.PostId\n    LEFT JOIN PostHistory ph ON p.Id = ph.PostId\n    GROUP BY p.Id, p.Title, p.CreationDate\n),\nCombinedStats AS (\n    SELECT ups.UserId,\n           ups.DisplayName,\n           ups.TotalPosts,\n           ups.TotalQuestions,\n           ups.TotalAnswers,\n           ups.AverageReputation,\n           ups.TotalUpvotes,\n           ups.TotalDownvotes,\n           pi.PostId,\n           pi.Title,\n           pi.CreationDate,\n           pi.CommentCount,\n           pi.RelatedPostLinks,\n           pi.ClosedDate,\n           pi.ReopenedDate\n    FROM UserPostStats ups\n    JOIN PostInteractions pi ON ups.UserId = pi.PostId  \n)\nSELECT *,\n       CASE \n           WHEN ClosedDate IS NOT NULL THEN 'Closed'\n           WHEN ReopenedDate IS NOT NULL THEN 'Reopened'\n           ELSE 'Active'\n       END AS PostStatus\nFROM CombinedStats\nWHERE AverageReputation > 100\nORDER BY TotalPosts DESC, AverageReputation DESC\nLIMIT 50;\n",
    "blocked_thread_time": 0.0,
    "cpu_time": 9.712840346000007,
    "extra_info": {},
    "cumulative_cardinality": 178101484,
    "cumulative_rows_scanned": 41155092,
    "result_set_size": 8800,
    "latency": 11.451927266,
    "children": [
        {
            "operator_name": "STREAMING_LIMIT",
            "cpu_time": 9.712840346000007,
            "extra_info": {},
            "cumulative_cardinality": 178101484,
            "operator_type": "STREAMING_LIMIT",
            "operator_cardinality": 50,
            "cumulative_rows_scanned": 41155092,
            "operator_rows_scanned": 0,
            "operator_timing": 0.000001572,
            "result_set_size": 8800,
            "children": [
                {
                    "operator_name": "PROJECTION",
                    "cpu_time": 9.712838774000007,
                    "extra_info": {
                        "Projections": [
                            "#0",
                            "#1",
                            "#2",
                            "#3",
                            "#4",
                            "#5",
                            "#6",
                            "#7",
                            "#8",
                            "#9",
                            "#10",
                            "#11",
                            "#12",
                            "#13",
                            "#14",
                            "__internal_decompress_string(#15)"
                        ],
                        "Estimated Cardinality": "770023"
                    },
                    "cumulative_cardinality": 178101434,
                    "operator_type": "PROJECTION",
                    "operator_cardinality": 4096,
                    "cumulative_rows_scanned": 41155092,
                    "operator_rows_scanned": 0,
                    "operator_timing": 0.00004867,
                    "result_set_size": 720896,
                    "children": [
                        {
                            "operator_name": "ORDER_BY",
                            "cpu_time": 9.712790104000007,
                            "extra_info": {
                                "Order By": [
                                    "CombinedStats.TotalPosts DESC",
                                    "CombinedStats.AverageReputation DESC"
                                ]
                            },
                            "cumulative_cardinality": 178097338,
                            "operator_type": "ORDER_BY",
                            "operator_cardinality": 4096,
                            "cumulative_rows_scanned": 41155092,
                            "operator_rows_scanned": 0,
                            "operator_timing": 0.021899603000000007,
                            "result_set_size": 720896,
                            "children": [
                                {
                                    "operator_name": "PROJECTION",
                                    "cpu_time": 9.690890501000007,
                                    "extra_info": {
                                        "Projections": [
                                            "#0",
                                            "#1",
                                            "#2",
                                            "#3",
                                            "#4",
                                            "#5",
                                            "#6",
                                            "#7",
                                            "#8",
                                            "#9",
                                            "#10",
                                            "#11",
                                            "#12",
                                            "#13",
                                            "#14",
                                            "__internal_compress_string_hugeint(#15)"
                                        ],
                                        "Estimated Cardinality": "770023"
                                    },
                                    "cumulative_cardinality": 178093242,
                                    "operator_type": "PROJECTION",
                                    "operator_cardinality": 163697,
                                    "cumulative_rows_scanned": 41155092,
                                    "operator_rows_scanned": 0,
                                    "operator_timing": 0.0019557369999999986,
                                    "result_set_size": 28810672,
                                    "children": [
                                        {
                                            "operator_name": "PROJECTION",
                                            "cpu_time": 9.688934764000008,
                                            "extra_info": {
                                                "Projections": [
                                                    "UserId",
                                                    "displayname",
                                                    "TotalPosts",
                                                    "TotalQuestions",
                                                    "TotalAnswers",
                                                    "AverageReputation",
                                                    "TotalUpvotes",
                                                    "TotalDownvotes",
                                                    "PostId",
                                                    "title",
                                                    "creationdate",
                                                    "CommentCount",
                                                    "RelatedPostLinks",
                                                    "ClosedDate",
                                                    "ReopenedDate",
                                                    "PostStatus"
                                                ],
                                                "Estimated Cardinality": "770023"
                                            },
                                            "cumulative_cardinality": 177929545,
                                            "operator_type": "PROJECTION",
                                            "operator_cardinality": 163697,
                                            "cumulative_rows_scanned": 41155092,
                                            "operator_rows_scanned": 0,
                                            "operator_timing": 0.004106719999999999,
                                            "result_set_size": 28810672,
                                            "children": [
                                                {
                                                    "operator_name": "PROJECTION",
                                                    "cpu_time": 9.684828044000009,
                                                    "extra_info": {
                                                        "Projections": [
                                                            "UserId",
                                                            "displayname",
                                                            "TotalPosts",
                                                            "TotalQuestions",
                                                            "TotalAnswers",
                                                            "AverageReputation",
                                                            "TotalUpvotes",
                                                            "TotalDownvotes",
                                                            "PostId",
                                                            "title",
                                                            "creationdate",
                                                            "CommentCount",
                                                            "RelatedPostLinks",
                                                            "ClosedDate",
                                                            "ReopenedDate"
                                                        ],
                                                        "Estimated Cardinality": "770023"
                                                    },
                                                    "cumulative_cardinality": 177765848,
                                                    "operator_type": "PROJECTION",
                                                    "operator_cardinality": 163697,
                                                    "cumulative_rows_scanned": 41155092,
                                                    "operator_rows_scanned": 0,
                                                    "operator_timing": 0.0004019889999999997,
                                                    "result_set_size": 26191520,
                                                    "children": [
                                                        {
                                                            "operator_name": "HASH_JOIN",
                                                            "cpu_time": 9.684426055000008,
                                                            "extra_info": {
                                                                "Join Type": "INNER",
                                                                "Conditions": "PostId = UserId",
                                                                "Estimated Cardinality": "770023"
                                                            },
                                                            "cumulative_cardinality": 177602151,
                                                            "operator_type": "HASH_JOIN",
                                                            "operator_cardinality": 163697,
                                                            "cumulative_rows_scanned": 41155092,
                                                            "operator_rows_scanned": 0,
                                                            "operator_timing": 0.05133616099999994,
                                                            "result_set_size": 25536732,
                                                            "children": [
                                                                {
                                                                    "operator_name": "HASH_GROUP_BY",
                                                                    "cpu_time": 5.6388930070000045,
                                                                    "extra_info": {
                                                                        "Groups": [
                                                                            "#0",
                                                                            "#1",
                                                                            "#2"
                                                                        ],
                                                                        "Aggregates": [
                                                                            "count(#3)",
                                                                            "count(#4)",
                                                                            "max(#5)",
                                                                            "max(#6)"
                                                                        ],
                                                                        "Estimated Cardinality": "3850116"
                                                                    },
                                                                    "cumulative_cardinality": 102186641,
                                                                    "operator_type": "HASH_GROUP_BY",
                                                                    "operator_cardinality": 1156110,
                                                                    "cumulative_rows_scanned": 23300173,
                                                                    "operator_rows_scanned": 0,
                                                                    "operator_timing": 0.9311803460000002,
                                                                    "result_set_size": 69366600,
                                                                    "children": [
                                                                        {
                                                                            "operator_name": "PROJECTION",
                                                                            "cpu_time": 4.707712661000004,
                                                                            "extra_info": {
                                                                                "Projections": [
                                                                                    "id",
                                                                                    "title",
                                                                                    "creationdate",
                                                                                    "id",
                                                                                    "relatedpostid",
                                                                                    "CASE  WHEN ((posthistorytypeid = 10)) THEN (creationdate) ELSE NULL END",
                                                                                    "CASE  WHEN ((posthistorytypeid = 11)) THEN (creationdate) ELSE NULL END"
                                                                                ],
                                                                                "Estimated Cardinality": "11795244"
                                                                            },
                                                                            "cumulative_cardinality": 101030531,
                                                                            "operator_type": "PROJECTION",
                                                                            "operator_cardinality": 10819793,
                                                                            "cumulative_rows_scanned": 23300173,
                                                                            "operator_rows_scanned": 0,
                                                                            "operator_timing": 0.07344305599999998,
                                                                            "result_set_size": 562629236,
                                                                            "children": [
                                                                                {
                                                                                    "operator_name": "FILTER",
                                                                                    "cpu_time": 4.634269605000004,
                                                                                    "extra_info": {
                                                                                        "Expression": "(id <= 1416570)",
                                                                                        "Estimated Cardinality": "11795244"
                                                                                    },
                                                                                    "cumulative_cardinality": 90210738,
                                                                                    "operator_type": "FILTER",
                                                                                    "operator_cardinality": 10819793,
                                                                                    "cumulative_rows_scanned": 23300173,
                                                                                    "operator_rows_scanned": 0,
                                                                                    "operator_timing": 0.13366053300000053,
                                                                                    "result_set_size": 497710478,
                                                                                    "children": [
                                                                                        {
                                                                                            "operator_name": "HASH_JOIN",
                                                                                            "cpu_time": 4.500609072000003,
                                                                                            "extra_info": {
                                                                                                "Join Type": "RIGHT",
                                                                                                "Conditions": "postid = id",
                                                                                                "Estimated Cardinality": "11795244"
                                                                                            },
                                                                                            "cumulative_cardinality": 79390945,
                                                                                            "operator_type": "HASH_JOIN",
                                                                                            "operator_cardinality": 37641164,
                                                                                            "cumulative_rows_scanned": 23300173,
                                                                                            "operator_rows_scanned": 0,
                                                                                            "operator_timing": 2.637602553999996,
                                                                                            "result_set_size": 1731493544,
                                                                                            "children": [
                                                                                                {
                                                                                                    "operator_name": "READ_PARQUET ",
                                                                                                    "cpu_time": 0.3652034160000021,
                                                                                                    "extra_info": {
                                                                                                        "Function": "READ_PARQUET",
                                                                                                        "Projections": [
                                                                                                            "posthistorytypeid",
                                                                                                            "postid",
                                                                                                            "creationdate"
                                                                                                        ],
                                                                                                        "Estimated Cardinality": "11795244"
                                                                                                    },
                                                                                                    "cumulative_cardinality": 11795244,
                                                                                                    "operator_type": "TABLE_SCAN",
                                                                                                    "operator_cardinality": 11795244,
                                                                                                    "cumulative_rows_scanned": 11795244,
                                                                                                    "operator_rows_scanned": 11795244,
                                                                                                    "operator_timing": 0.3652034160000021,
                                                                                                    "result_set_size": 165133416,
                                                                                                    "children": []
                                                                                                },
                                                                                                {
                                                                                                    "operator_name": "HASH_JOIN",
                                                                                                    "cpu_time": 1.497803102000005,
                                                                                                    "extra_info": {
                                                                                                        "Join Type": "LEFT",
                                                                                                        "Conditions": "id = postid",
                                                                                                        "Estimated Cardinality": "7241822"
                                                                                                    },
                                                                                                    "cumulative_cardinality": 29954537,
                                                                                                    "operator_type": "HASH_JOIN",
                                                                                                    "operator_cardinality": 9521342,
                                                                                                    "cumulative_rows_scanned": 11504929,
                                                                                                    "operator_rows_scanned": 0,
                                                                                                    "operator_timing": 0.2562455770000015,
                                                                                                    "result_set_size": 342768312,
                                                                                                    "children": [
                                                                                                        {
                                                                                                            "operator_name": "HASH_JOIN",
                                                                                                            "cpu_time": 1.2364561190000034,
                                                                                                            "extra_info": {
                                                                                                                "Join Type": "RIGHT",
                                                                                                                "Conditions": "postid = id",
                                                                                                                "Estimated Cardinality": "7241822"
                                                                                                            },
                                                                                                            "cumulative_cardinality": 20020204,
                                                                                                            "operator_type": "HASH_JOIN",
                                                                                                            "operator_cardinality": 8928266,
                                                                                                            "cumulative_rows_scanned": 11091938,
                                                                                                            "operator_rows_scanned": 0,
                                                                                                            "operator_timing": 0.762071992000003,
                                                                                                            "result_set_size": 285704512,
                                                                                                            "children": [
                                                                                                                {
                                                                                                                    "operator_name": "READ_PARQUET ",
                                                                                                                    "cpu_time": 0.1288725769999996,
                                                                                                                    "extra_info": {
                                                                                                                        "Function": "READ_PARQUET",
                                                                                                                        "Projections": [
                                                                                                                            "id",
                                                                                                                            "postid"
                                                                                                                        ],
                                                                                                                        "Estimated Cardinality": "7241822"
                                                                                                                    },
                                                                                                                    "cumulative_cardinality": 7241822,
                                                                                                                    "operator_type": "TABLE_SCAN",
                                                                                                                    "operator_cardinality": 7241822,
                                                                                                                    "cumulative_rows_scanned": 7241822,
                                                                                                                    "operator_rows_scanned": 7241822,
                                                                                                                    "operator_timing": 0.1288725769999996,
                                                                                                                    "result_set_size": 57934576,
                                                                                                                    "children": []
                                                                                                                },
                                                                                                                {
                                                                                                                    "operator_name": "READ_PARQUET ",
                                                                                                                    "cpu_time": 0.34551155000000083,
                                                                                                                    "extra_info": {
                                                                                                                        "Function": "READ_PARQUET",
                                                                                                                        "Projections": [
                                                                                                                            "id",
                                                                                                                            "creationdate",
                                                                                                                            "title"
                                                                                                                        ],
                                                                                                                        "Estimated Cardinality": "3850116"
                                                                                                                    },
                                                                                                                    "cumulative_cardinality": 3850116,
                                                                                                                    "operator_type": "TABLE_SCAN",
                                                                                                                    "operator_cardinality": 3850116,
                                                                                                                    "cumulative_rows_scanned": 3850116,
                                                                                                                    "operator_rows_scanned": 3850116,
                                                                                                                    "operator_timing": 0.34551155000000083,
                                                                                                                    "result_set_size": 107803248,
                                                                                                                    "children": []
                                                                                                                }
                                                                                                            ]
                                                                                                        },
                                                                                                        {
                                                                                                            "operator_name": "READ_PARQUET ",
                                                                                                            "cpu_time": 0.005101406000000004,
                                                                                                            "extra_info": {
                                                                                                                "Function": "READ_PARQUET",
                                                                                                                "Projections": [
                                                                                                                    "postid",
                                                                                                                    "relatedpostid"
                                                                                                                ],
                                                                                                                "Estimated Cardinality": "412991"
                                                                                                            },
                                                                                                            "cumulative_cardinality": 412991,
                                                                                                            "operator_type": "TABLE_SCAN",
                                                                                                            "operator_cardinality": 412991,
                                                                                                            "cumulative_rows_scanned": 412991,
                                                                                                            "operator_rows_scanned": 412991,
                                                                                                            "operator_timing": 0.005101406000000004,
                                                                                                            "result_set_size": 3303928,
                                                                                                            "children": []
                                                                                                        }
                                                                                                    ]
                                                                                                }
                                                                                            ]
                                                                                        }
                                                                                    ]
                                                                                }
                                                                            ]
                                                                        }
                                                                    ]
                                                                },
                                                                {
                                                                    "operator_name": "FILTER",
                                                                    "cpu_time": 3.9941968870000037,
                                                                    "extra_info": {
                                                                        "Expression": "(AverageReputation > 100.0)",
                                                                        "Estimated Cardinality": "252142"
                                                                    },
                                                                    "cumulative_cardinality": 75251813,
                                                                    "operator_type": "FILTER",
                                                                    "operator_cardinality": 194389,
                                                                    "cumulative_rows_scanned": 17854919,
                                                                    "operator_rows_scanned": 0,
                                                                    "operator_timing": 0.009193047999999999,
                                                                    "result_set_size": 19438900,
                                                                    "children": [
                                                                        {
                                                                            "operator_name": "HASH_GROUP_BY",
                                                                            "cpu_time": 3.9850038390000035,
                                                                            "extra_info": {
                                                                                "Groups": [
                                                                                    "#0",
                                                                                    "#1"
                                                                                ],
                                                                                "Aggregates": [
                                                                                    "count(DISTINCT #2)",
                                                                                    "sum(#3)",
                                                                                    "sum(#4)",
                                                                                    "avg(#5)",
                                                                                    "sum(#6)",
                                                                                    "sum(#7)"
                                                                                ],
                                                                                "Estimated Cardinality": "1260710"
                                                                            },
                                                                            "cumulative_cardinality": 75057424,
                                                                            "operator_type": "HASH_GROUP_BY",
                                                                            "operator_cardinality": 1260709,
                                                                            "cumulative_rows_scanned": 17854919,
                                                                            "operator_rows_scanned": 0,
                                                                            "operator_timing": 2.218794733000003,
                                                                            "result_set_size": 126070900,
                                                                            "children": [
                                                                                {
                                                                                    "operator_name": "PROJECTION",
                                                                                    "cpu_time": 1.7662091060000007,
                                                                                    "extra_info": {
                                                                                        "Projections": [
                                                                                            "id",
                                                                                            "displayname",
                                                                                            "id",
                                                                                            "CASE  WHEN ((posttypeid = 1)) THEN (1) ELSE 0 END",
                                                                                            "CASE  WHEN ((posttypeid = 2)) THEN (1) ELSE 0 END",
                                                                                            "reputation",
                                                                                            "CASE  WHEN ((votetypeid = 2)) THEN (1) ELSE 0 END",
                                                                                            "CASE  WHEN ((votetypeid = 3)) THEN (1) ELSE 0 END"
                                                                                        ],
                                                                                        "Estimated Cardinality": "12744093"
                                                                                    },
                                                                                    "cumulative_cardinality": 73796715,
                                                                                    "operator_type": "PROJECTION",
                                                                                    "operator_cardinality": 11739227,
                                                                                    "cumulative_rows_scanned": 17854919,
                                                                                    "operator_rows_scanned": 0,
                                                                                    "operator_timing": 0.12384764400000102,
                                                                                    "result_set_size": 516525988,
                                                                                    "children": [
                                                                                        {
                                                                                            "operator_name": "PROJECTION",
                                                                                            "cpu_time": 1.6423614619999998,
                                                                                            "extra_info": {
                                                                                                "Projections": [
                                                                                                    "#0",
                                                                                                    "#1",
                                                                                                    "__internal_decompress_integral_smallint(#2, 1)",
                                                                                                    "#3",
                                                                                                    "#4",
                                                                                                    "#5"
                                                                                                ],
                                                                                                "Estimated Cardinality": "12744093"
                                                                                            },
                                                                                            "cumulative_cardinality": 62057488,
                                                                                            "operator_type": "PROJECTION",
                                                                                            "operator_cardinality": 11739227,
                                                                                            "cumulative_rows_scanned": 17854919,
                                                                                            "operator_rows_scanned": 0,
                                                                                            "operator_timing": 0.0064584949999999235,
                                                                                            "result_set_size": 375655264,
                                                                                            "children": [
                                                                                                {
                                                                                                    "operator_name": "FILTER",
                                                                                                    "cpu_time": 1.6359029669999998,
                                                                                                    "extra_info": {
                                                                                                        "Expression": "(#3 >= 1)",
                                                                                                        "Estimated Cardinality": "12744093"
                                                                                                    },
                                                                                                    "cumulative_cardinality": 50318261,
                                                                                                    "operator_type": "FILTER",
                                                                                                    "operator_cardinality": 11739227,
                                                                                                    "cumulative_rows_scanned": 17854919,
                                                                                                    "operator_rows_scanned": 0,
                                                                                                    "operator_timing": 0.016559296000000133,
                                                                                                    "result_set_size": 363916037,
                                                                                                    "children": [
                                                                                                        {
                                                                                                            "operator_name": "HASH_JOIN",
                                                                                                            "cpu_time": 1.6193436709999998,
                                                                                                            "extra_info": {
                                                                                                                "Join Type": "RIGHT",
                                                                                                                "Conditions": "postid = id",
                                                                                                                "Estimated Cardinality": "12744093"
                                                                                                            },
                                                                                                            "cumulative_cardinality": 38579034,
                                                                                                            "operator_type": "HASH_JOIN",
                                                                                                            "operator_cardinality": 11739825,
                                                                                                            "cumulative_rows_scanned": 17854919,
                                                                                                            "operator_rows_scanned": 0,
                                                                                                            "operator_timing": 0.9294146279999991,
                                                                                                            "result_set_size": 363934575,
                                                                                                            "children": [
                                                                                                                {
                                                                                                                    "operator_name": "READ_PARQUET ",
                                                                                                                    "cpu_time": 0.21796264900000026,
                                                                                                                    "extra_info": {
                                                                                                                        "Function": "READ_PARQUET",
                                                                                                                        "Projections": [
                                                                                                                            "postid",
                                                                                                                            "votetypeid"
                                                                                                                        ],
                                                                                                                        "Estimated Cardinality": "12744093"
                                                                                                                    },
                                                                                                                    "cumulative_cardinality": 12744093,
                                                                                                                    "operator_type": "TABLE_SCAN",
                                                                                                                    "operator_cardinality": 12744093,
                                                                                                                    "cumulative_rows_scanned": 12744093,
                                                                                                                    "operator_rows_scanned": 12744093,
                                                                                                                    "operator_timing": 0.21796264900000026,
                                                                                                                    "result_set_size": 76464558,
                                                                                                                    "children": []
                                                                                                                },
                                                                                                                {
                                                                                                                    "operator_name": "PROJECTION",
                                                                                                                    "cpu_time": 0.4719663940000006,
                                                                                                                    "extra_info": {
                                                                                                                        "Projections": [
                                                                                                                            "#0",
                                                                                                                            "__internal_compress_integral_utinyint(#1, 1)",
                                                                                                                            "#2",
                                                                                                                            "#3",
                                                                                                                            "#4"
                                                                                                                        ],
                                                                                                                        "Estimated Cardinality": "3850116"
                                                                                                                    },
                                                                                                                    "cumulative_cardinality": 14095116,
                                                                                                                    "operator_type": "PROJECTION",
                                                                                                                    "operator_cardinality": 4574495,
                                                                                                                    "cumulative_rows_scanned": 5110826,
                                                                                                                    "operator_rows_scanned": 0,
                                                                                                                    "operator_timing": 0.0022824910000000024,
                                                                                                                    "result_set_size": 132660355,
                                                                                                                    "children": [
                                                                                                                        {
                                                                                                                            "operator_name": "HASH_JOIN",
                                                                                                                            "cpu_time": 0.4696839030000006,
                                                                                                                            "extra_info": {
                                                                                                                                "Join Type": "RIGHT",
                                                                                                                                "Conditions": "owneruserid = id",
                                                                                                                                "Estimated Cardinality": "3850116"
                                                                                                                            },
                                                                                                                            "cumulative_cardinality": 9520621,
                                                                                                                            "operator_type": "HASH_JOIN",
                                                                                                                            "operator_cardinality": 4574495,
                                                                                                                            "cumulative_rows_scanned": 5110826,
                                                                                                                            "operator_rows_scanned": 0,
                                                                                                                            "operator_timing": 0.2763055810000007,
                                                                                                                            "result_set_size": 137234850,
                                                                                                                            "children": [
                                                                                                                                {
                                                                                                                                    "operator_name": "READ_PARQUET ",
                                                                                                                                    "cpu_time": 0.10830764899999994,
                                                                                                                                    "extra_info": {
                                                                                                                                        "Function": "READ_PARQUET",
                                                                                                                                        "Projections": [
                                                                                                                                            "id",
                                                                                                                                            "posttypeid",
                                                                                                                                            "owneruserid"
                                                                                                                                        ],
                                                                                                                                        "Estimated Cardinality": "3850116"
                                                                                                                                    },
                                                                                                                                    "cumulative_cardinality": 3685416,
                                                                                                                                    "operator_type": "TABLE_SCAN",
                                                                                                                                    "operator_cardinality": 3685416,
                                                                                                                                    "cumulative_rows_scanned": 3850116,
                                                                                                                                    "operator_rows_scanned": 3850116,
                                                                                                                                    "operator_timing": 0.10830764899999994,
                                                                                                                                    "result_set_size": 36854160,
                                                                                                                                    "children": []
                                                                                                                                },
                                                                                                                                {
                                                                                                                                    "operator_name": "READ_PARQUET ",
                                                                                                                                    "cpu_time": 0.08507067299999996,
                                                                                                                                    "extra_info": {
                                                                                                                                        "Function": "READ_PARQUET",
                                                                                                                                        "Projections": [
                                                                                                                                            "id",
                                                                                                                                            "reputation",
                                                                                                                                            "displayname"
                                                                                                                                        ],
                                                                                                                                        "Estimated Cardinality": "1260710"
                                                                                                                                    },
                                                                                                                                    "cumulative_cardinality": 1260710,
                                                                                                                                    "operator_type": "TABLE_SCAN",
                                                                                                                                    "operator_cardinality": 1260710,
                                                                                                                                    "cumulative_rows_scanned": 1260710,
                                                                                                                                    "operator_rows_scanned": 1260710,
                                                                                                                                    "operator_timing": 0.08507067299999996,
                                                                                                                                    "result_set_size": 30257040,
                                                                                                                                    "children": []
                                                                                                                                }
                                                                                                                            ]
                                                                                                                        }
                                                                                                                    ]
                                                                                                                }
                                                                                                            ]
                                                                                                        }
                                                                                                    ]
                                                                                                }
                                                                                            ]
                                                                                        }
                                                                                    ]
                                                                                }
                                                                            ]
                                                                        }
                                                                    ]
                                                                }
                                                            ]
                                                        }
                                                    ]
                                                }
                                            ]
                                        }
                                    ]
                                }
                            ]
                        }
                    ]
                }
            ]
        }
    ]
}