{
    "rows_returned": 100,
    "query_name": "WITH RecentPosts AS (\n    SELECT \n        p.Id AS PostId, \n        p.Title, \n        p.CreationDate, \n        p.Score, \n        p.ViewCount, \n        p.AnswerCount, \n        p.CommentCount, \n        u.DisplayName AS AuthorName\n    FROM \n        Posts p\n    JOIN \n        Users u ON p.OwnerUserId = u.Id\n    WHERE \n        p.CreationDate >= cast('2024-10-01 12:34:56' as timestamp) - INTERVAL '30 days'\n        AND p.PostTypeId = 1\n),\nPostVotes AS (\n    SELECT \n        v.PostId,\n        SUM(CASE WHEN v.VoteTypeId = 2 THEN 1 ELSE 0 END) AS UpVotes,\n        SUM(CASE WHEN v.VoteTypeId = 3 THEN 1 ELSE 0 END) AS DownVotes\n    FROM \n        Votes v\n    GROUP BY \n        v.PostId\n),\nPostHistorySummaries AS (\n    SELECT \n        ph.PostId,\n        COUNT(CASE WHEN ph.PostHistoryTypeId IN (10, 11, 12) THEN 1 END) AS CloseActionCount,\n        COUNT(CASE WHEN ph.PostHistoryTypeId IN (24, 24) THEN 1 END) AS EditActionCount\n    FROM \n        PostHistory ph\n    GROUP BY \n        ph.PostId\n)\nSELECT \n    rp.PostId,\n    rp.Title,\n    rp.CreationDate,\n    rp.Score,\n    rp.ViewCount,\n    rp.AnswerCount,\n    rp.CommentCount,\n    COALESCE(pv.UpVotes, 0) AS TotalUpVotes,\n    COALESCE(pv.DownVotes, 0) AS TotalDownVotes,\n    COALESCE(phs.CloseActionCount, 0) AS TotalCloseActions,\n    COALESCE(phs.EditActionCount, 0) AS TotalEditActions,\n    rp.AuthorName\nFROM \n    RecentPosts rp\nLEFT JOIN \n    PostVotes pv ON rp.PostId = pv.PostId\nLEFT JOIN \n    PostHistorySummaries phs ON rp.PostId = phs.PostId\nORDER BY \n    rp.Score DESC, \n    rp.CreationDate DESC\nLIMIT 100;",
    "blocked_thread_time": 0.0,
    "cpu_time": 2.5557876150000007,
    "extra_info": {},
    "cumulative_cardinality": 58197205,
    "cumulative_rows_scanned": 29650163,
    "result_set_size": 10800,
    "latency": 2.881283464,
    "children": [
        {
            "operator_name": "STREAMING_LIMIT",
            "cpu_time": 2.5557876150000007,
            "extra_info": {},
            "cumulative_cardinality": 58197205,
            "operator_type": "STREAMING_LIMIT",
            "operator_cardinality": 100,
            "cumulative_rows_scanned": 29650163,
            "operator_rows_scanned": 0,
            "operator_timing": 0.000002645,
            "result_set_size": 10800,
            "children": [
                {
                    "operator_name": "PROJECTION",
                    "cpu_time": 2.555784970000001,
                    "extra_info": {
                        "Projections": [
                            "#0",
                            "#1",
                            "#2",
                            "__internal_decompress_integral_integer(#3, -72)",
                            "#4",
                            "__internal_decompress_integral_integer(#5, 0)",
                            "__internal_decompress_integral_integer(#6, 0)",
                            "#7",
                            "#8",
                            "#9",
                            "#10",
                            "#11"
                        ],
                        "Estimated Cardinality": "6372046"
                    },
                    "cumulative_cardinality": 58197105,
                    "operator_type": "PROJECTION",
                    "operator_cardinality": 3429,
                    "cumulative_rows_scanned": 29650163,
                    "operator_rows_scanned": 0,
                    "operator_timing": 0.000007854,
                    "result_set_size": 370332,
                    "children": [
                        {
                            "operator_name": "ORDER_BY",
                            "cpu_time": 2.5557771160000007,
                            "extra_info": {
                                "Order By": [
                                    "rp.Score DESC",
                                    "rp.CreationDate DESC"
                                ]
                            },
                            "cumulative_cardinality": 58193676,
                            "operator_type": "ORDER_BY",
                            "operator_cardinality": 3429,
                            "cumulative_rows_scanned": 29650163,
                            "operator_rows_scanned": 0,
                            "operator_timing": 0.001026478,
                            "result_set_size": 342900,
                            "children": [
                                {
                                    "operator_name": "PROJECTION",
                                    "cpu_time": 2.5547506380000007,
                                    "extra_info": {
                                        "Projections": [
                                            "#0",
                                            "#1",
                                            "#2",
                                            "__internal_compress_integral_usmallint(#3, -72)",
                                            "#4",
                                            "__internal_compress_integral_utinyint(#5, 0)",
                                            "__internal_compress_integral_utinyint(#6, 0)",
                                            "#7",
                                            "#8",
                                            "#9",
                                            "#10",
                                            "#11"
                                        ],
                                        "Estimated Cardinality": "6372046"
                                    },
                                    "cumulative_cardinality": 58190247,
                                    "operator_type": "PROJECTION",
                                    "operator_cardinality": 5081,
                                    "cumulative_rows_scanned": 29650163,
                                    "operator_rows_scanned": 0,
                                    "operator_timing": 0.00008225299999999999,
                                    "result_set_size": 508100,
                                    "children": [
                                        {
                                            "operator_name": "PROJECTION",
                                            "cpu_time": 2.5546683850000007,
                                            "extra_info": {
                                                "Projections": [
                                                    "PostId",
                                                    "title",
                                                    "creationdate",
                                                    "score",
                                                    "viewcount",
                                                    "answercount",
                                                    "commentcount",
                                                    "TotalUpVotes",
                                                    "TotalDownVotes",
                                                    "TotalCloseActions",
                                                    "TotalEditActions",
                                                    "AuthorName"
                                                ],
                                                "Estimated Cardinality": "6372046"
                                            },
                                            "cumulative_cardinality": 58185166,
                                            "operator_type": "PROJECTION",
                                            "operator_cardinality": 5081,
                                            "cumulative_rows_scanned": 29650163,
                                            "operator_rows_scanned": 0,
                                            "operator_timing": 0.0008196519999999999,
                                            "result_set_size": 548748,
                                            "children": [
                                                {
                                                    "operator_name": "HASH_JOIN",
                                                    "cpu_time": 2.5538487330000006,
                                                    "extra_info": {
                                                        "Join Type": "LEFT",
                                                        "Conditions": "PostId = postid",
                                                        "Estimated Cardinality": "6372046"
                                                    },
                                                    "cumulative_cardinality": 58180085,
                                                    "operator_type": "HASH_JOIN",
                                                    "operator_cardinality": 5081,
                                                    "cumulative_rows_scanned": 29650163,
                                                    "operator_rows_scanned": 0,
                                                    "operator_timing": 0.20999901299999996,
                                                    "result_set_size": 548748,
                                                    "children": [
                                                        {
                                                            "operator_name": "HASH_JOIN",
                                                            "cpu_time": 1.272235733,
                                                            "extra_info": {
                                                                "Join Type": "RIGHT",
                                                                "Conditions": "postid = PostId",
                                                                "Estimated Cardinality": "6372046"
                                                            },
                                                            "cumulative_cardinality": 30734400,
                                                            "operator_type": "HASH_JOIN",
                                                            "operator_cardinality": 5081,
                                                            "cumulative_rows_scanned": 17854919,
                                                            "operator_rows_scanned": 0,
                                                            "operator_timing": 0.031005328000000013,
                                                            "result_set_size": 467452,
                                                            "children": [
                                                                {
                                                                    "operator_name": "HASH_GROUP_BY",
                                                                    "cpu_time": 1.031089957,
                                                                    "extra_info": {
                                                                        "Groups": "#0",
                                                                        "Aggregates": [
                                                                            "sum(#1)",
                                                                            "sum(#2)"
                                                                        ],
                                                                        "Estimated Cardinality": "6372046"
                                                                    },
                                                                    "cumulative_cardinality": 29453413,
                                                                    "operator_type": "HASH_GROUP_BY",
                                                                    "operator_cardinality": 3965227,
                                                                    "cumulative_rows_scanned": 12744093,
                                                                    "operator_rows_scanned": 0,
                                                                    "operator_timing": 0.7792923450000003,
                                                                    "result_set_size": 142748172,
                                                                    "children": [
                                                                        {
                                                                            "operator_name": "PROJECTION",
                                                                            "cpu_time": 0.2517976119999997,
                                                                            "extra_info": {
                                                                                "Projections": [
                                                                                    "postid",
                                                                                    "CASE  WHEN ((votetypeid = 2)) THEN (1) ELSE 0 END",
                                                                                    "CASE  WHEN ((votetypeid = 3)) THEN (1) ELSE 0 END"
                                                                                ],
                                                                                "Estimated Cardinality": "12744093"
                                                                            },
                                                                            "cumulative_cardinality": 25488186,
                                                                            "operator_type": "PROJECTION",
                                                                            "operator_cardinality": 12744093,
                                                                            "cumulative_rows_scanned": 12744093,
                                                                            "operator_rows_scanned": 0,
                                                                            "operator_timing": 0.10267371499999992,
                                                                            "result_set_size": 152929116,
                                                                            "children": [
                                                                                {
                                                                                    "operator_name": "READ_PARQUET ",
                                                                                    "cpu_time": 0.14912389699999978,
                                                                                    "extra_info": {
                                                                                        "Function": "READ_PARQUET",
                                                                                        "Projections": [
                                                                                            "postid",
                                                                                            "votetypeid"
                                                                                        ],
                                                                                        "Estimated Cardinality": "12744093"
                                                                                    },
                                                                                    "cumulative_cardinality": 12744093,
                                                                                    "operator_type": "TABLE_SCAN",
                                                                                    "operator_cardinality": 12744093,
                                                                                    "cumulative_rows_scanned": 12744093,
                                                                                    "operator_rows_scanned": 12744093,
                                                                                    "operator_timing": 0.14912389699999978,
                                                                                    "result_set_size": 76464558,
                                                                                    "children": []
                                                                                }
                                                                            ]
                                                                        }
                                                                    ]
                                                                },
                                                                {
                                                                    "operator_name": "PROJECTION",
                                                                    "cpu_time": 0.210140448,
                                                                    "extra_info": {
                                                                        "Projections": [
                                                                            "PostId",
                                                                            "title",
                                                                            "creationdate",
                                                                            "score",
                                                                            "viewcount",
                                                                            "answercount",
                                                                            "commentcount",
                                                                            "AuthorName"
                                                                        ],
                                                                        "Estimated Cardinality": "770023"
                                                                    },
                                                                    "cumulative_cardinality": 1275906,
                                                                    "operator_type": "PROJECTION",
                                                                    "operator_cardinality": 5081,
                                                                    "cumulative_rows_scanned": 5110826,
                                                                    "operator_rows_scanned": 0,
                                                                    "operator_timing": 0.0000106,
                                                                    "result_set_size": 304860,
                                                                    "children": [
                                                                        {
                                                                            "operator_name": "HASH_JOIN",
                                                                            "cpu_time": 0.210129848,
                                                                            "extra_info": {
                                                                                "Join Type": "INNER",
                                                                                "Conditions": "id = owneruserid",
                                                                                "Estimated Cardinality": "770023"
                                                                            },
                                                                            "cumulative_cardinality": 1270825,
                                                                            "operator_type": "HASH_JOIN",
                                                                            "operator_cardinality": 5081,
                                                                            "cumulative_rows_scanned": 5110826,
                                                                            "operator_rows_scanned": 0,
                                                                            "operator_timing": 0.011447535000000054,
                                                                            "result_set_size": 304860,
                                                                            "children": [
                                                                                {
                                                                                    "operator_name": "READ_PARQUET ",
                                                                                    "cpu_time": 0.08750561199999997,
                                                                                    "extra_info": {
                                                                                        "Function": "READ_PARQUET",
                                                                                        "Projections": [
                                                                                            "id",
                                                                                            "displayname"
                                                                                        ],
                                                                                        "Filters": "id<=1416539",
                                                                                        "Estimated Cardinality": "1260710"
                                                                                    },
                                                                                    "cumulative_cardinality": 1260648,
                                                                                    "operator_type": "TABLE_SCAN",
                                                                                    "operator_cardinality": 1260648,
                                                                                    "cumulative_rows_scanned": 1260710,
                                                                                    "operator_rows_scanned": 1260710,
                                                                                    "operator_timing": 0.08750561199999997,
                                                                                    "result_set_size": 25212960,
                                                                                    "children": []
                                                                                },
                                                                                {
                                                                                    "operator_name": "READ_PARQUET ",
                                                                                    "cpu_time": 0.11117670099999999,
                                                                                    "extra_info": {
                                                                                        "Function": "READ_PARQUET",
                                                                                        "Projections": [
                                                                                            "id",
                                                                                            "creationdate",
                                                                                            "score",
                                                                                            "viewcount",
                                                                                            "owneruserid",
                                                                                            "title",
                                                                                            "answercount",
                                                                                            "commentcount"
                                                                                        ],
                                                                                        "Filters": [
                                                                                            "creationdate>='2024-09-01 12:34:56'::TIMESTAMP",
                                                                                            "posttypeid=1"
                                                                                        ],
                                                                                        "Estimated Cardinality": "770023"
                                                                                    },
                                                                                    "cumulative_cardinality": 5096,
                                                                                    "operator_type": "TABLE_SCAN",
                                                                                    "operator_cardinality": 5096,
                                                                                    "cumulative_rows_scanned": 3850116,
                                                                                    "operator_rows_scanned": 3850116,
                                                                                    "operator_timing": 0.11117670099999999,
                                                                                    "result_set_size": 244608,
                                                                                    "children": []
                                                                                }
                                                                            ]
                                                                        }
                                                                    ]
                                                                }
                                                            ]
                                                        },
                                                        {
                                                            "operator_name": "HASH_GROUP_BY",
                                                            "cpu_time": 1.0716139870000005,
                                                            "extra_info": {
                                                                "Groups": "#0",
                                                                "Aggregates": [
                                                                    "count(#1)",
                                                                    "count(#2)"
                                                                ],
                                                                "Estimated Cardinality": "5897622"
                                                            },
                                                            "cumulative_cardinality": 27440604,
                                                            "operator_type": "HASH_GROUP_BY",
                                                            "operator_cardinality": 3850116,
                                                            "cumulative_rows_scanned": 11795244,
                                                            "operator_rows_scanned": 0,
                                                            "operator_timing": 0.7057679150000011,
                                                            "result_set_size": 77002320,
                                                            "children": [
                                                                {
                                                                    "operator_name": "PROJECTION",
                                                                    "cpu_time": 0.3658460719999994,
                                                                    "extra_info": {
                                                                        "Projections": [
                                                                            "postid",
                                                                            "CASE  WHEN ((posthistorytypeid IN (10, 11, 12))) THEN (1) ELSE NULL END",
                                                                            "CASE  WHEN ((posthistorytypeid IN (24, 24))) THEN (1) ELSE NULL END"
                                                                        ],
                                                                        "Estimated Cardinality": "11795244"
                                                                    },
                                                                    "cumulative_cardinality": 23590488,
                                                                    "operator_type": "PROJECTION",
                                                                    "operator_cardinality": 11795244,
                                                                    "cumulative_rows_scanned": 11795244,
                                                                    "operator_rows_scanned": 0,
                                                                    "operator_timing": 0.2370732589999995,
                                                                    "result_set_size": 141542928,
                                                                    "children": [
                                                                        {
                                                                            "operator_name": "READ_PARQUET ",
                                                                            "cpu_time": 0.1287728129999999,
                                                                            "extra_info": {
                                                                                "Function": "READ_PARQUET",
                                                                                "Projections": [
                                                                                    "posthistorytypeid",
                                                                                    "postid"
                                                                                ],
                                                                                "Estimated Cardinality": "11795244"
                                                                            },
                                                                            "cumulative_cardinality": 11795244,
                                                                            "operator_type": "TABLE_SCAN",
                                                                            "operator_cardinality": 11795244,
                                                                            "cumulative_rows_scanned": 11795244,
                                                                            "operator_rows_scanned": 11795244,
                                                                            "operator_timing": 0.1287728129999999,
                                                                            "result_set_size": 70771464,
                                                                            "children": []
                                                                        }
                                                                    ]
                                                                }
                                                            ]
                                                        }
                                                    ]
                                                }
                                            ]
                                        }
                                    ]
                                }
                            ]
                        }
                    ]
                }
            ]
        }
    ]
}