{
    "rows_returned": 100,
    "query_name": "WITH UserScores AS (\n    SELECT \n        U.Id AS UserId,\n        U.DisplayName,\n        U.Reputation,\n        U.CreationDate,\n        U.LastAccessDate,\n        COALESCE(UP.NumPosts, 0) AS NumPosts,\n        COALESCE(UP.NumAnswers, 0) AS NumAnswers,\n        COALESCE(UP.NumComments, 0) AS NumComments,\n        COALESCE(B.NumBadges, 0) AS NumBadges\n    FROM Users U\n    LEFT JOIN (\n        SELECT \n            OwnerUserId,\n            COUNT(*) AS NumPosts,\n            SUM(CASE WHEN PostTypeId = 2 THEN 1 ELSE 0 END) AS NumAnswers,\n            SUM(CASE WHEN PostTypeId = 1 THEN 1 ELSE 0 END) AS NumQuestions,\n            SUM(CASE WHEN PostTypeId NOT IN (1,2) THEN 1 ELSE 0 END) AS NumComments  \n        FROM Posts \n        GROUP BY OwnerUserId\n    ) UP ON U.Id = UP.OwnerUserId\n    LEFT JOIN (\n        SELECT \n            UserId,\n            COUNT(*) AS NumBadges\n        FROM Badges \n        GROUP BY UserId\n    ) B ON U.Id = B.UserId\n), UserActivity AS (\n    SELECT \n        UserId,\n        COUNT(*) AS ActivityCount,\n        MAX(CreationDate) AS LastActivityDate\n    FROM (\n        SELECT UserId, CreationDate FROM Votes\n        UNION ALL\n        SELECT UserId, CreationDate FROM Comments\n        UNION ALL\n        SELECT OwnerUserId AS UserId, CreationDate FROM Posts\n    ) AS Activities\n    GROUP BY UserId\n)\nSELECT \n    US.DisplayName,\n    US.Reputation,\n    US.NumPosts,\n    US.NumAnswers,\n    US.NumComments,\n    US.NumBadges,\n    UA.ActivityCount,\n    UA.LastActivityDate\nFROM UserScores US\nJOIN UserActivity UA ON US.UserId = UA.UserId\nWHERE US.Reputation > 1000\nORDER BY US.Reputation DESC, UA.ActivityCount DESC\nLIMIT 100;",
    "blocked_thread_time": 0.0,
    "cpu_time": 1.0391556000000004,
    "extra_info": {},
    "cumulative_cardinality": 116311288,
    "cumulative_rows_scanned": 31268581,
    "result_set_size": 8400,
    "latency": 1.154154045,
    "children": [
        {
            "operator_name": "STREAMING_LIMIT",
            "cpu_time": 1.0391556000000004,
            "extra_info": {},
            "cumulative_cardinality": 116311288,
            "operator_type": "STREAMING_LIMIT",
            "operator_cardinality": 100,
            "cumulative_rows_scanned": 31268581,
            "operator_rows_scanned": 0,
            "operator_timing": 0.0000016839999999999999,
            "result_set_size": 8400,
            "children": [
                {
                    "operator_name": "ORDER_BY",
                    "cpu_time": 1.0391539160000005,
                    "extra_info": {
                        "Order By": [
                            "US.Reputation DESC",
                            "UA.ActivityCount DESC"
                        ]
                    },
                    "cumulative_cardinality": 116311188,
                    "operator_type": "ORDER_BY",
                    "operator_cardinality": 4096,
                    "cumulative_rows_scanned": 31268581,
                    "operator_rows_scanned": 0,
                    "operator_timing": 0.0007809309999999999,
                    "result_set_size": 344064,
                    "children": [
                        {
                            "operator_name": "PROJECTION",
                            "cpu_time": 1.0383729850000005,
                            "extra_info": {
                                "Projections": [
                                    "displayname",
                                    "reputation",
                                    "NumPosts",
                                    "NumAnswers",
                                    "NumComments",
                                    "NumBadges",
                                    "ActivityCount",
                                    "LastActivityDate"
                                ],
                                "Estimated Cardinality": "19459763"
                            },
                            "cumulative_cardinality": 116307092,
                            "operator_type": "PROJECTION",
                            "operator_cardinality": 11215,
                            "cumulative_rows_scanned": 31268581,
                            "operator_rows_scanned": 0,
                            "operator_timing": 0.000019337000000000005,
                            "result_set_size": 942060,
                            "children": [
                                {
                                    "operator_name": "HASH_JOIN",
                                    "cpu_time": 1.0383536480000006,
                                    "extra_info": {
                                        "Join Type": "INNER",
                                        "Conditions": "userid = UserId",
                                        "Estimated Cardinality": "19459763"
                                    },
                                    "cumulative_cardinality": 116295877,
                                    "operator_type": "HASH_JOIN",
                                    "operator_cardinality": 11215,
                                    "cumulative_rows_scanned": 31268581,
                                    "operator_rows_scanned": 0,
                                    "operator_timing": 0.006466731000000002,
                                    "result_set_size": 1031780,
                                    "children": [
                                        {
                                            "operator_name": "HASH_GROUP_BY",
                                            "cpu_time": 0.6488280330000009,
                                            "extra_info": {
                                                "Groups": "#0",
                                                "Aggregates": [
                                                    "count_star()",
                                                    "max(#1)"
                                                ],
                                                "Estimated Cardinality": "12744093"
                                            },
                                            "cumulative_cardinality": 102964254,
                                            "operator_type": "HASH_GROUP_BY",
                                            "operator_cardinality": 378308,
                                            "cumulative_rows_scanned": 23836031,
                                            "operator_rows_scanned": 0,
                                            "operator_timing": 0.3308326600000003,
                                            "result_set_size": 7566160,
                                            "children": [
                                                {
                                                    "operator_name": "PROJECTION",
                                                    "cpu_time": 0.31799537300000064,
                                                    "extra_info": {
                                                        "Projections": [
                                                            "userid",
                                                            "creationdate"
                                                        ],
                                                        "Estimated Cardinality": "23836031"
                                                    },
                                                    "cumulative_cardinality": 102585946,
                                                    "operator_type": "PROJECTION",
                                                    "operator_cardinality": 23836031,
                                                    "cumulative_rows_scanned": 23836031,
                                                    "operator_rows_scanned": 0,
                                                    "operator_timing": 0.0016204980000000117,
                                                    "result_set_size": 286032372,
                                                    "children": [
                                                        {
                                                            "operator_name": "UNION",
                                                            "cpu_time": 0.3163748750000006,
                                                            "extra_info": {},
                                                            "cumulative_cardinality": 78749915,
                                                            "operator_type": "UNION",
                                                            "operator_cardinality": 23836031,
                                                            "cumulative_rows_scanned": 23836031,
                                                            "operator_rows_scanned": 0,
                                                            "operator_timing": 0.0,
                                                            "result_set_size": 0,
                                                            "children": [
                                                                {
                                                                    "operator_name": "UNION",
                                                                    "cpu_time": 0.23927709800000063,
                                                                    "extra_info": {},
                                                                    "cumulative_cardinality": 47213652,
                                                                    "operator_type": "UNION",
                                                                    "operator_cardinality": 19985915,
                                                                    "cumulative_rows_scanned": 19985915,
                                                                    "operator_rows_scanned": 0,
                                                                    "operator_timing": 0.0,
                                                                    "result_set_size": 0,
                                                                    "children": [
                                                                        {
                                                                            "operator_name": "READ_PARQUET ",
                                                                            "cpu_time": 0.08498985100000038,
                                                                            "extra_info": {
                                                                                "Function": "READ_PARQUET",
                                                                                "Projections": [
                                                                                    "userid",
                                                                                    "creationdate"
                                                                                ],
                                                                                "Estimated Cardinality": "12744093"
                                                                            },
                                                                            "cumulative_cardinality": 12744093,
                                                                            "operator_type": "TABLE_SCAN",
                                                                            "operator_cardinality": 12744093,
                                                                            "cumulative_rows_scanned": 12744093,
                                                                            "operator_rows_scanned": 12744093,
                                                                            "operator_timing": 0.08498985100000038,
                                                                            "result_set_size": 152929116,
                                                                            "children": []
                                                                        },
                                                                        {
                                                                            "operator_name": "PROJECTION",
                                                                            "cpu_time": 0.15428724700000024,
                                                                            "extra_info": {
                                                                                "Projections": [
                                                                                    "userid",
                                                                                    "creationdate"
                                                                                ],
                                                                                "Estimated Cardinality": "7241822"
                                                                            },
                                                                            "cumulative_cardinality": 14483644,
                                                                            "operator_type": "PROJECTION",
                                                                            "operator_cardinality": 7241822,
                                                                            "cumulative_rows_scanned": 7241822,
                                                                            "operator_rows_scanned": 0,
                                                                            "operator_timing": 0.0005290509999999927,
                                                                            "result_set_size": 86901864,
                                                                            "children": [
                                                                                {
                                                                                    "operator_name": "READ_PARQUET ",
                                                                                    "cpu_time": 0.15375819600000024,
                                                                                    "extra_info": {
                                                                                        "Function": "READ_PARQUET",
                                                                                        "Projections": [
                                                                                            "creationdate",
                                                                                            "userid"
                                                                                        ],
                                                                                        "Estimated Cardinality": "7241822"
                                                                                    },
                                                                                    "cumulative_cardinality": 7241822,
                                                                                    "operator_type": "TABLE_SCAN",
                                                                                    "operator_cardinality": 7241822,
                                                                                    "cumulative_rows_scanned": 7241822,
                                                                                    "operator_rows_scanned": 7241822,
                                                                                    "operator_timing": 0.15375819600000024,
                                                                                    "result_set_size": 86901864,
                                                                                    "children": []
                                                                                }
                                                                            ]
                                                                        }
                                                                    ]
                                                                },
                                                                {
                                                                    "operator_name": "PROJECTION",
                                                                    "cpu_time": 0.07709777699999996,
                                                                    "extra_info": {
                                                                        "Projections": [
                                                                            "UserId",
                                                                            "creationdate"
                                                                        ],
                                                                        "Estimated Cardinality": "3850116"
                                                                    },
                                                                    "cumulative_cardinality": 7700232,
                                                                    "operator_type": "PROJECTION",
                                                                    "operator_cardinality": 3850116,
                                                                    "cumulative_rows_scanned": 3850116,
                                                                    "operator_rows_scanned": 0,
                                                                    "operator_timing": 0.00032262700000000117,
                                                                    "result_set_size": 46201392,
                                                                    "children": [
                                                                        {
                                                                            "operator_name": "READ_PARQUET ",
                                                                            "cpu_time": 0.07677514999999996,
                                                                            "extra_info": {
                                                                                "Function": "READ_PARQUET",
                                                                                "Projections": [
                                                                                    "creationdate",
                                                                                    "owneruserid"
                                                                                ],
                                                                                "Estimated Cardinality": "3850116"
                                                                            },
                                                                            "cumulative_cardinality": 3850116,
                                                                            "operator_type": "TABLE_SCAN",
                                                                            "operator_cardinality": 3850116,
                                                                            "cumulative_rows_scanned": 3850116,
                                                                            "operator_rows_scanned": 3850116,
                                                                            "operator_timing": 0.07677514999999996,
                                                                            "result_set_size": 46201392,
                                                                            "children": []
                                                                        }
                                                                    ]
                                                                }
                                                            ]
                                                        }
                                                    ]
                                                }
                                            ]
                                        },
                                        {
                                            "operator_name": "PROJECTION",
                                            "cpu_time": 0.3830588839999999,
                                            "extra_info": {
                                                "Projections": [
                                                    "UserId",
                                                    "displayname",
                                                    "reputation",
                                                    "NumPosts",
                                                    "NumAnswers",
                                                    "NumComments",
                                                    "NumBadges"
                                                ],
                                                "Estimated Cardinality": "1925058"
                                            },
                                            "cumulative_cardinality": 13320408,
                                            "operator_type": "PROJECTION",
                                            "operator_cardinality": 11215,
                                            "cumulative_rows_scanned": 7432550,
                                            "operator_rows_scanned": 0,
                                            "operator_timing": 0.0011781270000000004,
                                            "result_set_size": 807480,
                                            "children": [
                                                {
                                                    "operator_name": "FILTER",
                                                    "cpu_time": 0.3818807569999999,
                                                    "extra_info": {
                                                        "Expression": "(UserId <= 1416539)",
                                                        "Estimated Cardinality": "1925058"
                                                    },
                                                    "cumulative_cardinality": 13309193,
                                                    "operator_type": "FILTER",
                                                    "operator_cardinality": 11215,
                                                    "cumulative_rows_scanned": 7432550,
                                                    "operator_rows_scanned": 0,
                                                    "operator_timing": 0.00006726800000000001,
                                                    "result_set_size": 807480,
                                                    "children": [
                                                        {
                                                            "operator_name": "HASH_JOIN",
                                                            "cpu_time": 0.3818134889999999,
                                                            "extra_info": {
                                                                "Join Type": "LEFT",
                                                                "Conditions": "id = userid",
                                                                "Estimated Cardinality": "1925058"
                                                            },
                                                            "cumulative_cardinality": 13297978,
                                                            "operator_type": "HASH_JOIN",
                                                            "operator_cardinality": 11215,
                                                            "cumulative_rows_scanned": 7432550,
                                                            "operator_rows_scanned": 0,
                                                            "operator_timing": 0.021054507999999996,
                                                            "result_set_size": 807480,
                                                            "children": [
                                                                {
                                                                    "operator_name": "HASH_JOIN",
                                                                    "cpu_time": 0.28687870099999996,
                                                                    "extra_info": {
                                                                        "Join Type": "RIGHT",
                                                                        "Conditions": "owneruserid = id",
                                                                        "Estimated Cardinality": "1925058"
                                                                    },
                                                                    "cumulative_cardinality": 8094294,
                                                                    "operator_type": "HASH_JOIN",
                                                                    "operator_cardinality": 11215,
                                                                    "cumulative_rows_scanned": 5110826,
                                                                    "operator_rows_scanned": 0,
                                                                    "operator_timing": 0.008920757999999996,
                                                                    "result_set_size": 717760,
                                                                    "children": [
                                                                        {
                                                                            "operator_name": "HASH_GROUP_BY",
                                                                            "cpu_time": 0.22467183099999993,
                                                                            "extra_info": {
                                                                                "Groups": "#0",
                                                                                "Aggregates": [
                                                                                    "count_star()",
                                                                                    "sum(#1)",
                                                                                    "sum(#2)"
                                                                                ],
                                                                                "Estimated Cardinality": "1925058"
                                                                            },
                                                                            "cumulative_cardinality": 8071864,
                                                                            "operator_type": "HASH_GROUP_BY",
                                                                            "operator_cardinality": 371632,
                                                                            "cumulative_rows_scanned": 3850116,
                                                                            "operator_rows_scanned": 0,
                                                                            "operator_timing": 0.11899500599999997,
                                                                            "result_set_size": 16351808,
                                                                            "children": [
                                                                                {
                                                                                    "operator_name": "PROJECTION",
                                                                                    "cpu_time": 0.10567682499999997,
                                                                                    "extra_info": {
                                                                                        "Projections": [
                                                                                            "owneruserid",
                                                                                            "CASE  WHEN ((posttypeid = 2)) THEN (1) ELSE 0 END",
                                                                                            "CASE  WHEN ((posttypeid NOT IN (1, 2))) THEN (1) ELSE 0 END"
                                                                                        ],
                                                                                        "Estimated Cardinality": "3850116"
                                                                                    },
                                                                                    "cumulative_cardinality": 7700232,
                                                                                    "operator_type": "PROJECTION",
                                                                                    "operator_cardinality": 3850116,
                                                                                    "cumulative_rows_scanned": 3850116,
                                                                                    "operator_rows_scanned": 0,
                                                                                    "operator_timing": 0.068022693,
                                                                                    "result_set_size": 46201392,
                                                                                    "children": [
                                                                                        {
                                                                                            "operator_name": "READ_PARQUET ",
                                                                                            "cpu_time": 0.037654131999999986,
                                                                                            "extra_info": {
                                                                                                "Function": "READ_PARQUET",
                                                                                                "Projections": [
                                                                                                    "posttypeid",
                                                                                                    "owneruserid"
                                                                                                ],
                                                                                                "Estimated Cardinality": "3850116"
                                                                                            },
                                                                                            "cumulative_cardinality": 3850116,
                                                                                            "operator_type": "TABLE_SCAN",
                                                                                            "operator_cardinality": 3850116,
                                                                                            "cumulative_rows_scanned": 3850116,
                                                                                            "operator_rows_scanned": 3850116,
                                                                                            "operator_timing": 0.037654131999999986,
                                                                                            "result_set_size": 23100696,
                                                                                            "children": []
                                                                                        }
                                                                                    ]
                                                                                }
                                                                            ]
                                                                        },
                                                                        {
                                                                            "operator_name": "READ_PARQUET ",
                                                                            "cpu_time": 0.053286112000000024,
                                                                            "extra_info": {
                                                                                "Function": "READ_PARQUET",
                                                                                "Projections": [
                                                                                    "id",
                                                                                    "reputation",
                                                                                    "displayname"
                                                                                ],
                                                                                "Filters": "reputation>1000",
                                                                                "Estimated Cardinality": "252142"
                                                                            },
                                                                            "cumulative_cardinality": 11215,
                                                                            "operator_type": "TABLE_SCAN",
                                                                            "operator_cardinality": 11215,
                                                                            "cumulative_rows_scanned": 1260710,
                                                                            "operator_rows_scanned": 1260710,
                                                                            "operator_timing": 0.053286112000000024,
                                                                            "result_set_size": 269160,
                                                                            "children": []
                                                                        }
                                                                    ]
                                                                },
                                                                {
                                                                    "operator_name": "HASH_GROUP_BY",
                                                                    "cpu_time": 0.07388027999999999,
                                                                    "extra_info": {
                                                                        "Groups": "#0",
                                                                        "Aggregates": "count_star()",
                                                                        "Estimated Cardinality": "1160862"
                                                                    },
                                                                    "cumulative_cardinality": 5192469,
                                                                    "operator_type": "HASH_GROUP_BY",
                                                                    "operator_cardinality": 549021,
                                                                    "cumulative_rows_scanned": 2321724,
                                                                    "operator_rows_scanned": 0,
                                                                    "operator_timing": 0.061387553,
                                                                    "result_set_size": 6588252,
                                                                    "children": [
                                                                        {
                                                                            "operator_name": "PROJECTION",
                                                                            "cpu_time": 0.012492726999999995,
                                                                            "extra_info": {
                                                                                "Projections": "userid",
                                                                                "Estimated Cardinality": "2321724"
                                                                            },
                                                                            "cumulative_cardinality": 4643448,
                                                                            "operator_type": "PROJECTION",
                                                                            "operator_cardinality": 2321724,
                                                                            "cumulative_rows_scanned": 2321724,
                                                                            "operator_rows_scanned": 0,
                                                                            "operator_timing": 0.00017697699999999952,
                                                                            "result_set_size": 9286896,
                                                                            "children": [
                                                                                {
                                                                                    "operator_name": "READ_PARQUET ",
                                                                                    "cpu_time": 0.012315749999999995,
                                                                                    "extra_info": {
                                                                                        "Function": "READ_PARQUET",
                                                                                        "Projections": "userid",
                                                                                        "Estimated Cardinality": "2321724"
                                                                                    },
                                                                                    "cumulative_cardinality": 2321724,
                                                                                    "operator_type": "TABLE_SCAN",
                                                                                    "operator_cardinality": 2321724,
                                                                                    "cumulative_rows_scanned": 2321724,
                                                                                    "operator_rows_scanned": 2321724,
                                                                                    "operator_timing": 0.012315749999999995,
                                                                                    "result_set_size": 9286896,
                                                                                    "children": []
                                                                                }
                                                                            ]
                                                                        }
                                                                    ]
                                                                }
                                                            ]
                                                        }
                                                    ]
                                                }
                                            ]
                                        }
                                    ]
                                }
                            ]
                        }
                    ]
                }
            ]
        }
    ]
}