{
    "rows_returned": 10,
    "query_name": "\nWITH RankedPosts AS (\n    SELECT \n        p.Id AS PostId,\n        p.Title,\n        p.ViewCount,\n        p.Score,\n        p.CreationDate,\n        ROW_NUMBER() OVER (PARTITION BY p.OwnerUserId ORDER BY p.Score DESC, p.CreationDate DESC) AS Rank,\n        p.OwnerUserId\n    FROM \n        Posts p\n    WHERE \n        p.PostTypeId = 1 \n),\nTopUsers AS (\n    SELECT \n        u.Id AS UserId,\n        u.DisplayName,\n        COUNT(p.Id) AS QuestionCount,\n        SUM(COALESCE(b.Class, 0)) AS TotalBadges,\n        SUM(p.Score) AS TotalScore\n    FROM \n        Users u\n    LEFT JOIN \n        Posts p ON u.Id = p.OwnerUserId AND p.PostTypeId = 1\n    LEFT JOIN \n        Badges b ON u.Id = b.UserId\n    GROUP BY \n        u.Id, u.DisplayName\n    ORDER BY \n        QuestionCount DESC, TotalScore DESC\n    LIMIT 10\n)\nSELECT \n    tu.DisplayName,\n    tu.QuestionCount,\n    tu.TotalBadges,\n    MAX(rp.ViewCount) AS MaxViewCount,\n    MAX(rp.Score) AS MaxScore,\n    COUNT(DISTINCT rp.PostId) AS TotalPosts,\n    (SELECT COUNT(*) FROM Posts WHERE OwnerUserId = tu.UserId AND PostTypeId = 2) AS AnswerCount\nFROM \n    TopUsers tu\nJOIN \n    RankedPosts rp ON tu.UserId = rp.OwnerUserId\nGROUP BY \n    tu.UserId, tu.DisplayName, tu.QuestionCount, tu.TotalBadges\nHAVING \n    COUNT(DISTINCT rp.PostId) > 5\nORDER BY \n    tu.QuestionCount DESC, MaxScore DESC;\n",
    "blocked_thread_time": 0.0,
    "cpu_time": 5.716396244000007,
    "extra_info": {},
    "cumulative_cardinality": 204321270,
    "cumulative_rows_scanned": 15132782,
    "result_set_size": 640,
    "latency": 6.599143559,
    "children": [
        {
            "operator_name": "ORDER_BY",
            "cpu_time": 5.716396244000007,
            "extra_info": {
                "Order By": [
                    "tu.QuestionCount DESC",
                    "max(rp.Score) DESC"
                ]
            },
            "cumulative_cardinality": 204321270,
            "operator_type": "ORDER_BY",
            "operator_cardinality": 10,
            "cumulative_rows_scanned": 15132782,
            "operator_rows_scanned": 0,
            "operator_timing": 0.000062396,
            "result_set_size": 640,
            "children": [
                {
                    "operator_name": "PROJECTION",
                    "cpu_time": 5.716333848000008,
                    "extra_info": {
                        "Projections": [
                            "displayname",
                            "QuestionCount",
                            "TotalBadges",
                            "MaxViewCount",
                            "MaxScore",
                            "TotalPosts",
                            "AnswerCount"
                        ],
                        "Estimated Cardinality": "0"
                    },
                    "cumulative_cardinality": 204321260,
                    "operator_type": "PROJECTION",
                    "operator_cardinality": 10,
                    "cumulative_rows_scanned": 15132782,
                    "operator_rows_scanned": 0,
                    "operator_timing": 7.41e-7,
                    "result_set_size": 640,
                    "children": [
                        {
                            "operator_name": "LEFT_DELIM_JOIN",
                            "cpu_time": 5.716333107000008,
                            "extra_info": {
                                "Join Type": "SINGLE",
                                "Conditions": "UserId IS NOT DISTINCT FROM UserId",
                                "Estimated Cardinality": "0",
                                "Delim Index": "1"
                            },
                            "cumulative_cardinality": 204321250,
                            "operator_type": "LEFT_DELIM_JOIN",
                            "operator_cardinality": 0,
                            "cumulative_rows_scanned": 15132782,
                            "operator_rows_scanned": 0,
                            "operator_timing": 0.000102111,
                            "result_set_size": 0,
                            "children": [
                                {
                                    "operator_name": "FILTER",
                                    "cpu_time": 5.620968063000007,
                                    "extra_info": {
                                        "Expression": "(count(DISTINCT PostId) > 5)",
                                        "Estimated Cardinality": "0"
                                    },
                                    "cumulative_cardinality": 203537611,
                                    "operator_type": "FILTER",
                                    "operator_cardinality": 10,
                                    "cumulative_rows_scanned": 11282666,
                                    "operator_rows_scanned": 0,
                                    "operator_timing": 0.000025778000000000003,
                                    "result_set_size": 600,
                                    "children": [
                                        {
                                            "operator_name": "HASH_GROUP_BY",
                                            "cpu_time": 5.620942285000007,
                                            "extra_info": {
                                                "Groups": [
                                                    "#0",
                                                    "#1",
                                                    "#2",
                                                    "#3"
                                                ],
                                                "Aggregates": [
                                                    "count(DISTINCT #4)",
                                                    "max(#5)",
                                                    "max(#6)"
                                                ],
                                                "Estimated Cardinality": "3"
                                            },
                                            "cumulative_cardinality": 203537601,
                                            "operator_type": "HASH_GROUP_BY",
                                            "operator_cardinality": 10,
                                            "cumulative_rows_scanned": 11282666,
                                            "operator_rows_scanned": 0,
                                            "operator_timing": 0.0017014959999999998,
                                            "result_set_size": 600,
                                            "children": [
                                                {
                                                    "operator_name": "PROJECTION",
                                                    "cpu_time": 5.619240789000007,
                                                    "extra_info": {
                                                        "Projections": [
                                                            "UserId",
                                                            "displayname",
                                                            "QuestionCount",
                                                            "TotalBadges",
                                                            "PostId",
                                                            "viewcount",
                                                            "score"
                                                        ],
                                                        "Estimated Cardinality": "6"
                                                    },
                                                    "cumulative_cardinality": 203537591,
                                                    "operator_type": "PROJECTION",
                                                    "operator_cardinality": 10366,
                                                    "cumulative_rows_scanned": 11282666,
                                                    "operator_rows_scanned": 0,
                                                    "operator_timing": 0.000006513000000000002,
                                                    "result_set_size": 580496,
                                                    "children": [
                                                        {
                                                            "operator_name": "HASH_JOIN",
                                                            "cpu_time": 5.619234276000007,
                                                            "extra_info": {
                                                                "Join Type": "INNER",
                                                                "Conditions": "owneruserid = UserId",
                                                                "Estimated Cardinality": "6"
                                                            },
                                                            "cumulative_cardinality": 203527225,
                                                            "operator_type": "HASH_JOIN",
                                                            "operator_cardinality": 10366,
                                                            "cumulative_rows_scanned": 11282666,
                                                            "operator_rows_scanned": 0,
                                                            "operator_timing": 0.0032168600000000037,
                                                            "result_set_size": 580496,
                                                            "children": [
                                                                {
                                                                    "operator_name": "PROJECTION",
                                                                    "cpu_time": 0.5964717030000002,
                                                                    "extra_info": {
                                                                        "Projections": [
                                                                            "PostId",
                                                                            "viewcount",
                                                                            "score",
                                                                            "owneruserid"
                                                                        ],
                                                                        "Estimated Cardinality": "770023"
                                                                    },
                                                                    "cumulative_cardinality": 6672656,
                                                                    "operator_type": "PROJECTION",
                                                                    "operator_cardinality": 1668164,
                                                                    "cumulative_rows_scanned": 3850116,
                                                                    "operator_rows_scanned": 0,
                                                                    "operator_timing": 0.0001313169999999997,
                                                                    "result_set_size": 26690624,
                                                                    "children": [
                                                                        {
                                                                            "operator_name": "PROJECTION",
                                                                            "cpu_time": 0.5963403860000002,
                                                                            "extra_info": {
                                                                                "Projections": [
                                                                                    "#0",
                                                                                    "#1",
                                                                                    "#2",
                                                                                    "#3",
                                                                                    "#4",
                                                                                    "#5"
                                                                                ],
                                                                                "Estimated Cardinality": "770023"
                                                                            },
                                                                            "cumulative_cardinality": 5004492,
                                                                            "operator_type": "PROJECTION",
                                                                            "operator_cardinality": 1668164,
                                                                            "cumulative_rows_scanned": 3850116,
                                                                            "operator_rows_scanned": 0,
                                                                            "operator_timing": 0.00015991099999999956,
                                                                            "result_set_size": 53381248,
                                                                            "children": [
                                                                                {
                                                                                    "operator_name": "WINDOW",
                                                                                    "cpu_time": 0.5961804750000002,
                                                                                    "extra_info": {
                                                                                        "Projections": "ROW_NUMBER() OVER (PARTITION BY owneruserid ORDER BY score DESC NULLS LAST, creationdate DESC NULLS LAST)"
                                                                                    },
                                                                                    "cumulative_cardinality": 3336328,
                                                                                    "operator_type": "WINDOW",
                                                                                    "operator_cardinality": 1668164,
                                                                                    "cumulative_rows_scanned": 3850116,
                                                                                    "operator_rows_scanned": 0,
                                                                                    "operator_timing": 0.3508425090000001,
                                                                                    "result_set_size": 53381248,
                                                                                    "children": [
                                                                                        {
                                                                                            "operator_name": "READ_PARQUET ",
                                                                                            "cpu_time": 0.2453379660000001,
                                                                                            "extra_info": {
                                                                                                "Function": "READ_PARQUET",
                                                                                                "Projections": [
                                                                                                    "id",
                                                                                                    "creationdate",
                                                                                                    "score",
                                                                                                    "viewcount",
                                                                                                    "owneruserid"
                                                                                                ],
                                                                                                "Filters": "posttypeid=1",
                                                                                                "Estimated Cardinality": "770023"
                                                                                            },
                                                                                            "cumulative_cardinality": 1668164,
                                                                                            "operator_type": "TABLE_SCAN",
                                                                                            "operator_cardinality": 1668164,
                                                                                            "cumulative_rows_scanned": 3850116,
                                                                                            "operator_rows_scanned": 3850116,
                                                                                            "operator_timing": 0.2453379660000001,
                                                                                            "result_set_size": 40035936,
                                                                                            "children": []
                                                                                        }
                                                                                    ]
                                                                                }
                                                                            ]
                                                                        }
                                                                    ]
                                                                },
                                                                {
                                                                    "operator_name": "PROJECTION",
                                                                    "cpu_time": 5.019545713000007,
                                                                    "extra_info": {
                                                                        "Projections": [
                                                                            "#0",
                                                                            "#1",
                                                                            "#2",
                                                                            "#3"
                                                                        ],
                                                                        "Estimated Cardinality": "10"
                                                                    },
                                                                    "cumulative_cardinality": 196844203,
                                                                    "operator_type": "PROJECTION",
                                                                    "operator_cardinality": 10,
                                                                    "cumulative_rows_scanned": 7432550,
                                                                    "operator_rows_scanned": 0,
                                                                    "operator_timing": 0.000001172,
                                                                    "result_set_size": 440,
                                                                    "children": [
                                                                        {
                                                                            "operator_name": "FILTER",
                                                                            "cpu_time": 5.019544541000007,
                                                                            "extra_info": {
                                                                                "Expression": "(UserId <= 1416539)",
                                                                                "Estimated Cardinality": "10"
                                                                            },
                                                                            "cumulative_cardinality": 196844193,
                                                                            "operator_type": "FILTER",
                                                                            "operator_cardinality": 10,
                                                                            "cumulative_rows_scanned": 7432550,
                                                                            "operator_rows_scanned": 0,
                                                                            "operator_timing": 0.000022522,
                                                                            "result_set_size": 600,
                                                                            "children": [
                                                                                {
                                                                                    "operator_name": "STREAMING_LIMIT",
                                                                                    "cpu_time": 5.019522019000007,
                                                                                    "extra_info": {},
                                                                                    "cumulative_cardinality": 196844183,
                                                                                    "operator_type": "STREAMING_LIMIT",
                                                                                    "operator_cardinality": 10,
                                                                                    "cumulative_rows_scanned": 7432550,
                                                                                    "operator_rows_scanned": 0,
                                                                                    "operator_timing": 0.000005529,
                                                                                    "result_set_size": 600,
                                                                                    "children": [
                                                                                        {
                                                                                            "operator_name": "ORDER_BY",
                                                                                            "cpu_time": 5.019516490000007,
                                                                                            "extra_info": {
                                                                                                "Order By": [
                                                                                                    "count(p.Id) DESC",
                                                                                                    "sum(p.Score) DESC"
                                                                                                ]
                                                                                            },
                                                                                            "cumulative_cardinality": 196844173,
                                                                                            "operator_type": "ORDER_BY",
                                                                                            "operator_cardinality": 4096,
                                                                                            "cumulative_rows_scanned": 7432550,
                                                                                            "operator_rows_scanned": 0,
                                                                                            "operator_timing": 0.057046484999999945,
                                                                                            "result_set_size": 245760,
                                                                                            "children": [
                                                                                                {
                                                                                                    "operator_name": "HASH_GROUP_BY",
                                                                                                    "cpu_time": 4.962470005000007,
                                                                                                    "extra_info": {
                                                                                                        "Groups": [
                                                                                                            "#0",
                                                                                                            "#1"
                                                                                                        ],
                                                                                                        "Aggregates": [
                                                                                                            "count(#2)",
                                                                                                            "sum(#3)",
                                                                                                            "sum(#4)"
                                                                                                        ],
                                                                                                        "Estimated Cardinality": "1260710"
                                                                                                    },
                                                                                                    "cumulative_cardinality": 196840077,
                                                                                                    "operator_type": "HASH_GROUP_BY",
                                                                                                    "operator_cardinality": 1260710,
                                                                                                    "cumulative_rows_scanned": 7432550,
                                                                                                    "operator_rows_scanned": 0,
                                                                                                    "operator_timing": 2.2404277460000044,
                                                                                                    "result_set_size": 75642600,
                                                                                                    "children": [
                                                                                                        {
                                                                                                            "operator_name": "PROJECTION",
                                                                                                            "cpu_time": 2.722042259000003,
                                                                                                            "extra_info": {
                                                                                                                "Projections": [
                                                                                                                    "id",
                                                                                                                    "displayname",
                                                                                                                    "id",
                                                                                                                    "COALESCE(class, 0)",
                                                                                                                    "score"
                                                                                                                ],
                                                                                                                "Estimated Cardinality": "2321724"
                                                                                                            },
                                                                                                            "cumulative_cardinality": 195579367,
                                                                                                            "operator_type": "PROJECTION",
                                                                                                            "operator_cardinality": 61762323,
                                                                                                            "cumulative_rows_scanned": 7432550,
                                                                                                            "operator_rows_scanned": 0,
                                                                                                            "operator_timing": 0.41013559600000504,
                                                                                                            "result_set_size": 1852869690,
                                                                                                            "children": [
                                                                                                                {
                                                                                                                    "operator_name": "PROJECTION",
                                                                                                                    "cpu_time": 2.311906662999998,
                                                                                                                    "extra_info": {
                                                                                                                        "Projections": [
                                                                                                                            "#0",
                                                                                                                            "#1",
                                                                                                                            "#2",
                                                                                                                            "#3",
                                                                                                                            "__internal_decompress_integral_integer(#4, -72)"
                                                                                                                        ],
                                                                                                                        "Estimated Cardinality": "2321724"
                                                                                                                    },
                                                                                                                    "cumulative_cardinality": 133817044,
                                                                                                                    "operator_type": "PROJECTION",
                                                                                                                    "operator_cardinality": 61762323,
                                                                                                                    "cumulative_rows_scanned": 7432550,
                                                                                                                    "operator_rows_scanned": 0,
                                                                                                                    "operator_timing": 0.03022349299999998,
                                                                                                                    "result_set_size": 1852869690,
                                                                                                                    "children": [
                                                                                                                        {
                                                                                                                            "operator_name": "HASH_JOIN",
                                                                                                                            "cpu_time": 2.281683169999998,
                                                                                                                            "extra_info": {
                                                                                                                                "Join Type": "RIGHT",
                                                                                                                                "Conditions": "userid = id",
                                                                                                                                "Estimated Cardinality": "2321724"
                                                                                                                            },
                                                                                                                            "cumulative_cardinality": 72054721,
                                                                                                                            "operator_type": "HASH_JOIN",
                                                                                                                            "operator_cardinality": 61762323,
                                                                                                                            "cumulative_rows_scanned": 7432550,
                                                                                                                            "operator_rows_scanned": 0,
                                                                                                                            "operator_timing": 1.8429445019999982,
                                                                                                                            "result_set_size": 1729345044,
                                                                                                                            "children": [
                                                                                                                                {
                                                                                                                                    "operator_name": "READ_PARQUET ",
                                                                                                                                    "cpu_time": 0.048808396000000046,
                                                                                                                                    "extra_info": {
                                                                                                                                        "Function": "READ_PARQUET",
                                                                                                                                        "Projections": [
                                                                                                                                            "userid",
                                                                                                                                            "class"
                                                                                                                                        ],
                                                                                                                                        "Estimated Cardinality": "2321724"
                                                                                                                                    },
                                                                                                                                    "cumulative_cardinality": 2321724,
                                                                                                                                    "operator_type": "TABLE_SCAN",
                                                                                                                                    "operator_cardinality": 2321724,
                                                                                                                                    "cumulative_rows_scanned": 2321724,
                                                                                                                                    "operator_rows_scanned": 2321724,
                                                                                                                                    "operator_timing": 0.048808396000000046,
                                                                                                                                    "result_set_size": 13930344,
                                                                                                                                    "children": []
                                                                                                                                },
                                                                                                                                {
                                                                                                                                    "operator_name": "PROJECTION",
                                                                                                                                    "cpu_time": 0.3899302719999999,
                                                                                                                                    "extra_info": {
                                                                                                                                        "Projections": [
                                                                                                                                            "#0",
                                                                                                                                            "#1",
                                                                                                                                            "#2",
                                                                                                                                            "__internal_compress_integral_usmallint(#3, -72)"
                                                                                                                                        ],
                                                                                                                                        "Estimated Cardinality": "1260710"
                                                                                                                                    },
                                                                                                                                    "cumulative_cardinality": 7970674,
                                                                                                                                    "operator_type": "PROJECTION",
                                                                                                                                    "operator_cardinality": 2520900,
                                                                                                                                    "cumulative_rows_scanned": 5110826,
                                                                                                                                    "operator_rows_scanned": 0,
                                                                                                                                    "operator_timing": 0.001271473999999999,
                                                                                                                                    "result_set_size": 65543400,
                                                                                                                                    "children": [
                                                                                                                                        {
                                                                                                                                            "operator_name": "HASH_JOIN",
                                                                                                                                            "cpu_time": 0.3886587979999999,
                                                                                                                                            "extra_info": {
                                                                                                                                                "Join Type": "LEFT",
                                                                                                                                                "Conditions": "id = owneruserid",
                                                                                                                                                "Estimated Cardinality": "1260710"
                                                                                                                                            },
                                                                                                                                            "cumulative_cardinality": 5449774,
                                                                                                                                            "operator_type": "HASH_JOIN",
                                                                                                                                            "operator_cardinality": 2520900,
                                                                                                                                            "cumulative_rows_scanned": 5110826,
                                                                                                                                            "operator_rows_scanned": 0,
                                                                                                                                            "operator_timing": 0.1589781889999999,
                                                                                                                                            "result_set_size": 70585200,
                                                                                                                                            "children": [
                                                                                                                                                {
                                                                                                                                                    "operator_name": "READ_PARQUET ",
                                                                                                                                                    "cpu_time": 0.08018038499999991,
                                                                                                                                                    "extra_info": {
                                                                                                                                                        "Function": "READ_PARQUET",
                                                                                                                                                        "Projections": [
                                                                                                                                                            "id",
                                                                                                                                                            "displayname"
                                                                                                                                                        ],
                                                                                                                                                        "Estimated Cardinality": "1260710"
                                                                                                                                                    },
                                                                                                                                                    "cumulative_cardinality": 1260710,
                                                                                                                                                    "operator_type": "TABLE_SCAN",
                                                                                                                                                    "operator_cardinality": 1260710,
                                                                                                                                                    "cumulative_rows_scanned": 1260710,
                                                                                                                                                    "operator_rows_scanned": 1260710,
                                                                                                                                                    "operator_timing": 0.08018038499999991,
                                                                                                                                                    "result_set_size": 25214200,
                                                                                                                                                    "children": []
                                                                                                                                                },
                                                                                                                                                {
                                                                                                                                                    "operator_name": "READ_PARQUET ",
                                                                                                                                                    "cpu_time": 0.14950022400000013,
                                                                                                                                                    "extra_info": {
                                                                                                                                                        "Function": "READ_PARQUET",
                                                                                                                                                        "Projections": [
                                                                                                                                                            "id",
                                                                                                                                                            "score",
                                                                                                                                                            "owneruserid"
                                                                                                                                                        ],
                                                                                                                                                        "Filters": "posttypeid=1",
                                                                                                                                                        "Estimated Cardinality": "770023"
                                                                                                                                                    },
                                                                                                                                                    "cumulative_cardinality": 1668164,
                                                                                                                                                    "operator_type": "TABLE_SCAN",
                                                                                                                                                    "operator_cardinality": 1668164,
                                                                                                                                                    "cumulative_rows_scanned": 3850116,
                                                                                                                                                    "operator_rows_scanned": 3850116,
                                                                                                                                                    "operator_timing": 0.14950022400000013,
                                                                                                                                                    "result_set_size": 20017968,
                                                                                                                                                    "children": []
                                                                                                                                                }
                                                                                                                                            ]
                                                                                                                                        }
                                                                                                                                    ]
                                                                                                                                }
                                                                                                                            ]
                                                                                                                        }
                                                                                                                    ]
                                                                                                                }
                                                                                                            ]
                                                                                                        }
                                                                                                    ]
                                                                                                }
                                                                                            ]
                                                                                        }
                                                                                    ]
                                                                                }
                                                                            ]
                                                                        }
                                                                    ]
                                                                }
                                                            ]
                                                        }
                                                    ]
                                                }
                                            ]
                                        }
                                    ]
                                },
                                {
                                    "operator_name": "HASH_JOIN",
                                    "cpu_time": 0.09525201299999977,
                                    "extra_info": {
                                        "Join Type": "SINGLE",
                                        "Conditions": "UserId IS NOT DISTINCT FROM UserId",
                                        "Estimated Cardinality": "0"
                                    },
                                    "cumulative_cardinality": 783619,
                                    "operator_type": "HASH_JOIN",
                                    "operator_cardinality": 10,
                                    "cumulative_rows_scanned": 3850116,
                                    "operator_rows_scanned": 0,
                                    "operator_timing": 0.00012040599999999999,
                                    "result_set_size": 640,
                                    "children": [
                                        {
                                            "operator_name": "COLUMN_DATA_SCAN",
                                            "cpu_time": 0.000008846,
                                            "extra_info": {
                                                "Estimated Cardinality": "0"
                                            },
                                            "cumulative_cardinality": 10,
                                            "operator_type": "COLUMN_DATA_SCAN",
                                            "operator_cardinality": 10,
                                            "cumulative_rows_scanned": 0,
                                            "operator_rows_scanned": 0,
                                            "operator_timing": 0.000008846,
                                            "result_set_size": 600,
                                            "children": []
                                        },
                                        {
                                            "operator_name": "PROJECTION",
                                            "cpu_time": 0.09512276099999978,
                                            "extra_info": {
                                                "Projections": [
                                                    "CASE  WHEN ((count_star() IS NULL)) THEN (0) ELSE count_star() END",
                                                    "UserId"
                                                ],
                                                "Estimated Cardinality": "0"
                                            },
                                            "cumulative_cardinality": 783599,
                                            "operator_type": "PROJECTION",
                                            "operator_cardinality": 10,
                                            "cumulative_rows_scanned": 3850116,
                                            "operator_rows_scanned": 0,
                                            "operator_timing": 0.000006061,
                                            "result_set_size": 120,
                                            "children": [
                                                {
                                                    "operator_name": "HASH_JOIN",
                                                    "cpu_time": 0.09511669999999978,
                                                    "extra_info": {
                                                        "Join Type": "LEFT",
                                                        "Conditions": "UserId IS NOT DISTINCT FROM #0",
                                                        "Estimated Cardinality": "0"
                                                    },
                                                    "cumulative_cardinality": 783589,
                                                    "operator_type": "HASH_JOIN",
                                                    "operator_cardinality": 10,
                                                    "cumulative_rows_scanned": 3850116,
                                                    "operator_rows_scanned": 0,
                                                    "operator_timing": 0.00011563600000000002,
                                                    "result_set_size": 120,
                                                    "children": [
                                                        {
                                                            "operator_name": "DELIM_SCAN",
                                                            "cpu_time": 0.0,
                                                            "extra_info": {
                                                                "Delim Index": "1",
                                                                "Estimated Cardinality": "0"
                                                            },
                                                            "cumulative_cardinality": 0,
                                                            "operator_type": "DELIM_SCAN",
                                                            "operator_cardinality": 0,
                                                            "cumulative_rows_scanned": 0,
                                                            "operator_rows_scanned": 0,
                                                            "operator_timing": 0.0,
                                                            "result_set_size": 0,
                                                            "children": []
                                                        },
                                                        {
                                                            "operator_name": "HASH_GROUP_BY",
                                                            "cpu_time": 0.09500106399999977,
                                                            "extra_info": {
                                                                "Groups": "#0",
                                                                "Aggregates": "count_star()",
                                                                "Estimated Cardinality": "0"
                                                            },
                                                            "cumulative_cardinality": 783579,
                                                            "operator_type": "HASH_GROUP_BY",
                                                            "operator_cardinality": 10,
                                                            "cumulative_rows_scanned": 3850116,
                                                            "operator_rows_scanned": 0,
                                                            "operator_timing": 0.000198101,
                                                            "result_set_size": 120,
                                                            "children": [
                                                                {
                                                                    "operator_name": "PROJECTION",
                                                                    "cpu_time": 0.09480296299999977,
                                                                    "extra_info": {
                                                                        "Projections": "UserId",
                                                                        "Estimated Cardinality": "0"
                                                                    },
                                                                    "cumulative_cardinality": 783569,
                                                                    "operator_type": "PROJECTION",
                                                                    "operator_cardinality": 11955,
                                                                    "cumulative_rows_scanned": 3850116,
                                                                    "operator_rows_scanned": 0,
                                                                    "operator_timing": 0.000001251,
                                                                    "result_set_size": 47820,
                                                                    "children": [
                                                                        {
                                                                            "operator_name": "PROJECTION",
                                                                            "cpu_time": 0.09480171199999977,
                                                                            "extra_info": {
                                                                                "Projections": "UserId",
                                                                                "Estimated Cardinality": "0"
                                                                            },
                                                                            "cumulative_cardinality": 771614,
                                                                            "operator_type": "PROJECTION",
                                                                            "operator_cardinality": 11955,
                                                                            "cumulative_rows_scanned": 3850116,
                                                                            "operator_rows_scanned": 0,
                                                                            "operator_timing": 0.000001504,
                                                                            "result_set_size": 47820,
                                                                            "children": [
                                                                                {
                                                                                    "operator_name": "HASH_JOIN",
                                                                                    "cpu_time": 0.09480020799999977,
                                                                                    "extra_info": {
                                                                                        "Join Type": "INNER",
                                                                                        "Conditions": "owneruserid = UserId",
                                                                                        "Estimated Cardinality": "0"
                                                                                    },
                                                                                    "cumulative_cardinality": 759659,
                                                                                    "operator_type": "HASH_JOIN",
                                                                                    "operator_cardinality": 11955,
                                                                                    "cumulative_rows_scanned": 3850116,
                                                                                    "operator_rows_scanned": 0,
                                                                                    "operator_timing": 0.0032953709999999988,
                                                                                    "result_set_size": 95640,
                                                                                    "children": [
                                                                                        {
                                                                                            "operator_name": "READ_PARQUET ",
                                                                                            "cpu_time": 0.09150483699999977,
                                                                                            "extra_info": {
                                                                                                "Function": "READ_PARQUET",
                                                                                                "Projections": "owneruserid",
                                                                                                "Filters": "posttypeid=2",
                                                                                                "Estimated Cardinality": "770023"
                                                                                            },
                                                                                            "cumulative_cardinality": 747704,
                                                                                            "operator_type": "TABLE_SCAN",
                                                                                            "operator_cardinality": 747704,
                                                                                            "cumulative_rows_scanned": 3850116,
                                                                                            "operator_rows_scanned": 3850116,
                                                                                            "operator_timing": 0.09150483699999977,
                                                                                            "result_set_size": 2990816,
                                                                                            "children": []
                                                                                        },
                                                                                        {
                                                                                            "operator_name": "DELIM_SCAN",
                                                                                            "cpu_time": 0.0,
                                                                                            "extra_info": {
                                                                                                "Delim Index": "1",
                                                                                                "Estimated Cardinality": "0"
                                                                                            },
                                                                                            "cumulative_cardinality": 0,
                                                                                            "operator_type": "DELIM_SCAN",
                                                                                            "operator_cardinality": 0,
                                                                                            "cumulative_rows_scanned": 0,
                                                                                            "operator_rows_scanned": 0,
                                                                                            "operator_timing": 0.0,
                                                                                            "result_set_size": 0,
                                                                                            "children": []
                                                                                        }
                                                                                    ]
                                                                                }
                                                                            ]
                                                                        }
                                                                    ]
                                                                }
                                                            ]
                                                        }
                                                    ]
                                                }
                                            ]
                                        }
                                    ]
                                },
                                {
                                    "operator_name": "HASH_GROUP_BY",
                                    "cpu_time": 0.00001092,
                                    "extra_info": {
                                        "Groups": "#0",
                                        "Aggregates": "",
                                        "Estimated Cardinality": "0"
                                    },
                                    "cumulative_cardinality": 20,
                                    "operator_type": "HASH_GROUP_BY",
                                    "operator_cardinality": 20,
                                    "cumulative_rows_scanned": 0,
                                    "operator_rows_scanned": 0,
                                    "operator_timing": 0.00001092,
                                    "result_set_size": 80,
                                    "children": []
                                }
                            ]
                        }
                    ]
                }
            ]
        }
    ]
}