{
    "rows_returned": 10,
    "query_name": "WITH UserBadges AS (\n    SELECT \n        u.Id AS UserId, \n        u.DisplayName, \n        COUNT(b.Id) AS BadgeCount\n    FROM \n        Users u\n    LEFT JOIN \n        Badges b ON u.Id = b.UserId\n    GROUP BY \n        u.Id, u.DisplayName\n),\nRecentPosts AS (\n    SELECT \n        p.Id AS PostId,\n        p.OwnerUserId,\n        p.Title,\n        p.CreationDate,\n        p.Score,\n        COUNT(c.Id) AS CommentCount\n    FROM \n        Posts p\n    LEFT JOIN \n        Comments c ON p.Id = c.PostId\n    WHERE \n        p.CreationDate >= cast('2024-10-01 12:34:56' as timestamp) - INTERVAL '30 days'\n    GROUP BY \n        p.Id, p.OwnerUserId, p.Title, p.CreationDate, p.Score\n),\nTopUsers AS (\n    SELECT \n        ub.UserId,\n        ub.DisplayName,\n        ub.BadgeCount,\n        COUNT(rp.PostId) AS RecentPostCount\n    FROM\n        UserBadges ub\n    JOIN \n        RecentPosts rp ON ub.UserId = rp.OwnerUserId\n    GROUP BY \n        ub.UserId, ub.DisplayName, ub.BadgeCount\n    ORDER BY \n        ub.BadgeCount DESC, RecentPostCount DESC\n)\nSELECT \n    tu.DisplayName,\n    tu.BadgeCount,\n    tu.RecentPostCount\nFROM \n    TopUsers tu\nWHERE \n    tu.BadgeCount > 0\nLIMIT 10;",
    "blocked_thread_time": 0.0,
    "cpu_time": 0.799849079,
    "extra_info": {},
    "cumulative_cardinality": 14655114,
    "cumulative_rows_scanned": 14674372,
    "result_set_size": 320,
    "latency": 0.854985764,
    "children": [
        {
            "operator_name": "STREAMING_LIMIT",
            "cpu_time": 0.799849079,
            "extra_info": {},
            "cumulative_cardinality": 14655114,
            "operator_type": "STREAMING_LIMIT",
            "operator_cardinality": 10,
            "cumulative_rows_scanned": 14674372,
            "operator_rows_scanned": 0,
            "operator_timing": 0.000001523,
            "result_set_size": 320,
            "children": [
                {
                    "operator_name": "ORDER_BY",
                    "cpu_time": 0.799847556,
                    "extra_info": {
                        "Order By": [
                            "ub.BadgeCount DESC",
                            "count(rp.PostId) DESC"
                        ]
                    },
                    "cumulative_cardinality": 14655104,
                    "operator_type": "ORDER_BY",
                    "operator_cardinality": 4096,
                    "cumulative_rows_scanned": 14674372,
                    "operator_rows_scanned": 0,
                    "operator_timing": 0.00019941200000000002,
                    "result_set_size": 131072,
                    "children": [
                        {
                            "operator_name": "PROJECTION",
                            "cpu_time": 0.7996481440000001,
                            "extra_info": {
                                "Projections": [
                                    "displayname",
                                    "BadgeCount",
                                    "RecentPostCount"
                                ],
                                "Estimated Cardinality": "385011"
                            },
                            "cumulative_cardinality": 14651008,
                            "operator_type": "PROJECTION",
                            "operator_cardinality": 4308,
                            "cumulative_rows_scanned": 14674372,
                            "operator_rows_scanned": 0,
                            "operator_timing": 0.000001252,
                            "result_set_size": 137856,
                            "children": [
                                {
                                    "operator_name": "HASH_GROUP_BY",
                                    "cpu_time": 0.799646892,
                                    "extra_info": {
                                        "Groups": [
                                            "#0",
                                            "#1",
                                            "#2"
                                        ],
                                        "Aggregates": "count_star()",
                                        "Estimated Cardinality": "385011"
                                    },
                                    "cumulative_cardinality": 14646700,
                                    "operator_type": "HASH_GROUP_BY",
                                    "operator_cardinality": 4308,
                                    "cumulative_rows_scanned": 14674372,
                                    "operator_rows_scanned": 0,
                                    "operator_timing": 0.0007196920000000001,
                                    "result_set_size": 155088,
                                    "children": [
                                        {
                                            "operator_name": "PROJECTION",
                                            "cpu_time": 0.7989272000000001,
                                            "extra_info": {
                                                "Projections": [
                                                    "UserId",
                                                    "displayname",
                                                    "BadgeCount"
                                                ],
                                                "Estimated Cardinality": "770023"
                                            },
                                            "cumulative_cardinality": 14642392,
                                            "operator_type": "PROJECTION",
                                            "operator_cardinality": 9678,
                                            "cumulative_rows_scanned": 14674372,
                                            "operator_rows_scanned": 0,
                                            "operator_timing": 0.0000020039999999999998,
                                            "result_set_size": 270984,
                                            "children": [
                                                {
                                                    "operator_name": "HASH_JOIN",
                                                    "cpu_time": 0.798925196,
                                                    "extra_info": {
                                                        "Join Type": "INNER",
                                                        "Conditions": "owneruserid = UserId",
                                                        "Estimated Cardinality": "770023"
                                                    },
                                                    "cumulative_cardinality": 14632714,
                                                    "operator_type": "HASH_JOIN",
                                                    "operator_cardinality": 9678,
                                                    "cumulative_rows_scanned": 14674372,
                                                    "operator_rows_scanned": 0,
                                                    "operator_timing": 0.03271098900000001,
                                                    "result_set_size": 348408,
                                                    "children": [
                                                        {
                                                            "operator_name": "PROJECTION",
                                                            "cpu_time": 0.07646422900000002,
                                                            "extra_info": {
                                                                "Projections": [
                                                                    "PostId",
                                                                    "owneruserid"
                                                                ],
                                                                "Estimated Cardinality": "3850116"
                                                            },
                                                            "cumulative_cardinality": 130725,
                                                            "operator_type": "PROJECTION",
                                                            "operator_cardinality": 9927,
                                                            "cumulative_rows_scanned": 11091938,
                                                            "operator_rows_scanned": 0,
                                                            "operator_timing": 0.0000013849999999999999,
                                                            "result_set_size": 79416,
                                                            "children": [
                                                                {
                                                                    "operator_name": "PROJECTION",
                                                                    "cpu_time": 0.07646284400000002,
                                                                    "extra_info": {
                                                                        "Projections": [
                                                                            "#0",
                                                                            "#1",
                                                                            "#2",
                                                                            "#3",
                                                                            "__internal_decompress_integral_integer(#4, -72)"
                                                                        ],
                                                                        "Estimated Cardinality": "3850116"
                                                                    },
                                                                    "cumulative_cardinality": 120798,
                                                                    "operator_type": "PROJECTION",
                                                                    "operator_cardinality": 9927,
                                                                    "cumulative_rows_scanned": 11091938,
                                                                    "operator_rows_scanned": 0,
                                                                    "operator_timing": 0.000006431000000000001,
                                                                    "result_set_size": 357372,
                                                                    "children": [
                                                                        {
                                                                            "operator_name": "HASH_GROUP_BY",
                                                                            "cpu_time": 0.07645641300000001,
                                                                            "extra_info": {
                                                                                "Groups": [
                                                                                    "#0",
                                                                                    "#1",
                                                                                    "#2",
                                                                                    "#3",
                                                                                    "#4"
                                                                                ],
                                                                                "Aggregates": "",
                                                                                "Estimated Cardinality": "3850116"
                                                                            },
                                                                            "cumulative_cardinality": 110871,
                                                                            "operator_type": "HASH_GROUP_BY",
                                                                            "operator_cardinality": 9927,
                                                                            "cumulative_rows_scanned": 11091938,
                                                                            "operator_rows_scanned": 0,
                                                                            "operator_timing": 0.0023912460000000005,
                                                                            "result_set_size": 337518,
                                                                            "children": [
                                                                                {
                                                                                    "operator_name": "PROJECTION",
                                                                                    "cpu_time": 0.07406516700000002,
                                                                                    "extra_info": {
                                                                                        "Projections": [
                                                                                            "id",
                                                                                            "owneruserid",
                                                                                            "title",
                                                                                            "creationdate",
                                                                                            "score"
                                                                                        ],
                                                                                        "Estimated Cardinality": "7241822"
                                                                                    },
                                                                                    "cumulative_cardinality": 100944,
                                                                                    "operator_type": "PROJECTION",
                                                                                    "operator_cardinality": 23844,
                                                                                    "cumulative_rows_scanned": 11091938,
                                                                                    "operator_rows_scanned": 0,
                                                                                    "operator_timing": 0.000007554000000000001,
                                                                                    "result_set_size": 810696,
                                                                                    "children": [
                                                                                        {
                                                                                            "operator_name": "PROJECTION",
                                                                                            "cpu_time": 0.07405761300000001,
                                                                                            "extra_info": {
                                                                                                "Projections": [
                                                                                                    "#0",
                                                                                                    "#1",
                                                                                                    "#2",
                                                                                                    "__internal_compress_integral_usmallint(#3, -72)",
                                                                                                    "#4",
                                                                                                    "#5"
                                                                                                ],
                                                                                                "Estimated Cardinality": "7241822"
                                                                                            },
                                                                                            "cumulative_cardinality": 77100,
                                                                                            "operator_type": "PROJECTION",
                                                                                            "operator_cardinality": 23844,
                                                                                            "cumulative_rows_scanned": 11091938,
                                                                                            "operator_rows_scanned": 0,
                                                                                            "operator_timing": 0.000023061999999999997,
                                                                                            "result_set_size": 906072,
                                                                                            "children": [
                                                                                                {
                                                                                                    "operator_name": "HASH_JOIN",
                                                                                                    "cpu_time": 0.074034551,
                                                                                                    "extra_info": {
                                                                                                        "Join Type": "RIGHT",
                                                                                                        "Conditions": "postid = id",
                                                                                                        "Estimated Cardinality": "7241822"
                                                                                                    },
                                                                                                    "cumulative_cardinality": 53256,
                                                                                                    "operator_type": "HASH_JOIN",
                                                                                                    "operator_cardinality": 23844,
                                                                                                    "cumulative_rows_scanned": 11091938,
                                                                                                    "operator_rows_scanned": 0,
                                                                                                    "operator_timing": 0.0018384529999999999,
                                                                                                    "result_set_size": 953760,
                                                                                                    "children": [
                                                                                                        {
                                                                                                            "operator_name": "READ_PARQUET ",
                                                                                                            "cpu_time": 0.007784653,
                                                                                                            "extra_info": {
                                                                                                                "Function": "READ_PARQUET",
                                                                                                                "Projections": "postid",
                                                                                                                "Estimated Cardinality": "7241822"
                                                                                                            },
                                                                                                            "cumulative_cardinality": 19485,
                                                                                                            "operator_type": "TABLE_SCAN",
                                                                                                            "operator_cardinality": 19485,
                                                                                                            "cumulative_rows_scanned": 7241822,
                                                                                                            "operator_rows_scanned": 7241822,
                                                                                                            "operator_timing": 0.007784653,
                                                                                                            "result_set_size": 77940,
                                                                                                            "children": []
                                                                                                        },
                                                                                                        {
                                                                                                            "operator_name": "READ_PARQUET ",
                                                                                                            "cpu_time": 0.064411445,
                                                                                                            "extra_info": {
                                                                                                                "Function": "READ_PARQUET",
                                                                                                                "Projections": [
                                                                                                                    "id",
                                                                                                                    "creationdate",
                                                                                                                    "score",
                                                                                                                    "owneruserid",
                                                                                                                    "title"
                                                                                                                ],
                                                                                                                "Filters": "creationdate>='2024-09-01 12:34:56'::TIMESTAMP",
                                                                                                                "Estimated Cardinality": "770023"
                                                                                                            },
                                                                                                            "cumulative_cardinality": 9927,
                                                                                                            "operator_type": "TABLE_SCAN",
                                                                                                            "operator_cardinality": 9927,
                                                                                                            "cumulative_rows_scanned": 3850116,
                                                                                                            "operator_rows_scanned": 3850116,
                                                                                                            "operator_timing": 0.064411445,
                                                                                                            "result_set_size": 357372,
                                                                                                            "children": []
                                                                                                        }
                                                                                                    ]
                                                                                                }
                                                                                            ]
                                                                                        }
                                                                                    ]
                                                                                }
                                                                            ]
                                                                        }
                                                                    ]
                                                                }
                                                            ]
                                                        },
                                                        {
                                                            "operator_name": "FILTER",
                                                            "cpu_time": 0.6897499779999999,
                                                            "extra_info": {
                                                                "Expression": "(BadgeCount > 0)",
                                                                "Estimated Cardinality": "252142"
                                                            },
                                                            "cumulative_cardinality": 14492311,
                                                            "operator_type": "FILTER",
                                                            "operator_cardinality": 549021,
                                                            "cumulative_rows_scanned": 3582434,
                                                            "operator_rows_scanned": 0,
                                                            "operator_timing": 0.0015819800000000026,
                                                            "result_set_size": 15372588,
                                                            "children": [
                                                                {
                                                                    "operator_name": "HASH_GROUP_BY",
                                                                    "cpu_time": 0.688167998,
                                                                    "extra_info": {
                                                                        "Groups": [
                                                                            "#0",
                                                                            "#1"
                                                                        ],
                                                                        "Aggregates": "count(#2)",
                                                                        "Estimated Cardinality": "1260710"
                                                                    },
                                                                    "cumulative_cardinality": 13943290,
                                                                    "operator_type": "HASH_GROUP_BY",
                                                                    "operator_cardinality": 1260679,
                                                                    "cumulative_rows_scanned": 3582434,
                                                                    "operator_rows_scanned": 0,
                                                                    "operator_timing": 0.3320490020000001,
                                                                    "result_set_size": 35299012,
                                                                    "children": [
                                                                        {
                                                                            "operator_name": "PROJECTION",
                                                                            "cpu_time": 0.35611899599999985,
                                                                            "extra_info": {
                                                                                "Projections": [
                                                                                    "id",
                                                                                    "displayname",
                                                                                    "id"
                                                                                ],
                                                                                "Estimated Cardinality": "2321724"
                                                                            },
                                                                            "cumulative_cardinality": 12682611,
                                                                            "operator_type": "PROJECTION",
                                                                            "operator_cardinality": 3033382,
                                                                            "cumulative_rows_scanned": 3582434,
                                                                            "operator_rows_scanned": 0,
                                                                            "operator_timing": 0.00040829099999999986,
                                                                            "result_set_size": 72801168,
                                                                            "children": [
                                                                                {
                                                                                    "operator_name": "FILTER",
                                                                                    "cpu_time": 0.35571070499999985,
                                                                                    "extra_info": {
                                                                                        "Expression": "(id <= 1416539)",
                                                                                        "Estimated Cardinality": "2321724"
                                                                                    },
                                                                                    "cumulative_cardinality": 9649229,
                                                                                    "operator_type": "FILTER",
                                                                                    "operator_cardinality": 3033382,
                                                                                    "cumulative_rows_scanned": 3582434,
                                                                                    "operator_rows_scanned": 0,
                                                                                    "operator_timing": 0.0037624609999999965,
                                                                                    "result_set_size": 72801168,
                                                                                    "children": [
                                                                                        {
                                                                                            "operator_name": "HASH_JOIN",
                                                                                            "cpu_time": 0.35194824399999985,
                                                                                            "extra_info": {
                                                                                                "Join Type": "RIGHT",
                                                                                                "Conditions": "userid = id",
                                                                                                "Estimated Cardinality": "2321724"
                                                                                            },
                                                                                            "cumulative_cardinality": 6615847,
                                                                                            "operator_type": "HASH_JOIN",
                                                                                            "operator_cardinality": 3033413,
                                                                                            "cumulative_rows_scanned": 3582434,
                                                                                            "operator_rows_scanned": 0,
                                                                                            "operator_timing": 0.22727729199999988,
                                                                                            "result_set_size": 72801912,
                                                                                            "children": [
                                                                                                {
                                                                                                    "operator_name": "READ_PARQUET ",
                                                                                                    "cpu_time": 0.04798984799999996,
                                                                                                    "extra_info": {
                                                                                                        "Function": "READ_PARQUET",
                                                                                                        "Projections": [
                                                                                                            "id",
                                                                                                            "userid"
                                                                                                        ],
                                                                                                        "Estimated Cardinality": "2321724"
                                                                                                    },
                                                                                                    "cumulative_cardinality": 2321724,
                                                                                                    "operator_type": "TABLE_SCAN",
                                                                                                    "operator_cardinality": 2321724,
                                                                                                    "cumulative_rows_scanned": 2321724,
                                                                                                    "operator_rows_scanned": 2321724,
                                                                                                    "operator_timing": 0.04798984799999996,
                                                                                                    "result_set_size": 18573792,
                                                                                                    "children": []
                                                                                                },
                                                                                                {
                                                                                                    "operator_name": "READ_PARQUET ",
                                                                                                    "cpu_time": 0.076681104,
                                                                                                    "extra_info": {
                                                                                                        "Function": "READ_PARQUET",
                                                                                                        "Projections": [
                                                                                                            "id",
                                                                                                            "displayname"
                                                                                                        ],
                                                                                                        "Estimated Cardinality": "1260710"
                                                                                                    },
                                                                                                    "cumulative_cardinality": 1260710,
                                                                                                    "operator_type": "TABLE_SCAN",
                                                                                                    "operator_cardinality": 1260710,
                                                                                                    "cumulative_rows_scanned": 1260710,
                                                                                                    "operator_rows_scanned": 1260710,
                                                                                                    "operator_timing": 0.076681104,
                                                                                                    "result_set_size": 25214200,
                                                                                                    "children": []
                                                                                                }
                                                                                            ]
                                                                                        }
                                                                                    ]
                                                                                }
                                                                            ]
                                                                        }
                                                                    ]
                                                                }
                                                            ]
                                                        }
                                                    ]
                                                }
                                            ]
                                        }
                                    ]
                                }
                            ]
                        }
                    ]
                }
            ]
        }
    ]
}