{
    "rows_returned": 50,
    "query_name": "SELECT \n    U.DisplayName AS UserName,\n    U.Reputation,\n    COUNT(DISTINCT P.Id) AS TotalPosts,\n    SUM(CASE WHEN P.PostTypeId = 1 THEN 1 ELSE 0 END) AS TotalQuestions,\n    SUM(CASE WHEN P.PostTypeId = 2 THEN 1 ELSE 0 END) AS TotalAnswers,\n    SUM(CASE WHEN P.ClosedDate IS NOT NULL THEN 1 ELSE 0 END) AS TotalClosedPosts,\n    AVG(COALESCE(P.ViewCount, 0)) AS AverageViews,\n    AVG(COALESCE(P.Score, 0)) AS AverageScore\nFROM \n    Users U\nJOIN \n    Posts P ON U.Id = P.OwnerUserId\nLEFT JOIN \n    Votes V ON P.Id = V.PostId AND V.VoteTypeId IN (2, 3) \nWHERE \n    U.Reputation > (SELECT AVG(Reputation) FROM Users) \nGROUP BY \n    U.Id, U.DisplayName, U.Reputation\nHAVING \n    COUNT(DISTINCT P.Id) > 10 \nORDER BY \n    TotalPosts DESC, U.Reputation DESC\nLIMIT 50;",
    "blocked_thread_time": 0.0,
    "cpu_time": 3.4481947820000043,
    "extra_info": {},
    "cumulative_cardinality": 49657062,
    "cumulative_rows_scanned": 19115629,
    "result_set_size": 4600,
    "latency": 4.153644485,
    "children": [
        {
            "operator_name": "STREAMING_LIMIT",
            "cpu_time": 3.4481947820000043,
            "extra_info": {},
            "cumulative_cardinality": 49657062,
            "operator_type": "STREAMING_LIMIT",
            "operator_cardinality": 50,
            "cumulative_rows_scanned": 19115629,
            "operator_rows_scanned": 0,
            "operator_timing": 0.000003667,
            "result_set_size": 4600,
            "children": [
                {
                    "operator_name": "ORDER_BY",
                    "cpu_time": 3.448191115000004,
                    "extra_info": {
                        "Order By": [
                            "count(DISTINCT P.Id) DESC",
                            "U.Reputation DESC"
                        ]
                    },
                    "cumulative_cardinality": 49657012,
                    "operator_type": "ORDER_BY",
                    "operator_cardinality": 4096,
                    "cumulative_rows_scanned": 19115629,
                    "operator_rows_scanned": 0,
                    "operator_timing": 0.0023247330000000003,
                    "result_set_size": 376832,
                    "children": [
                        {
                            "operator_name": "PROJECTION",
                            "cpu_time": 3.445866382000004,
                            "extra_info": {
                                "Projections": [
                                    "UserName",
                                    "reputation",
                                    "TotalPosts",
                                    "TotalQuestions",
                                    "TotalAnswers",
                                    "TotalClosedPosts",
                                    "AverageViews",
                                    "AverageScore"
                                ],
                                "Estimated Cardinality": "0"
                            },
                            "cumulative_cardinality": 49652916,
                            "operator_type": "PROJECTION",
                            "operator_cardinality": 35849,
                            "cumulative_rows_scanned": 19115629,
                            "operator_rows_scanned": 0,
                            "operator_timing": 0.000027756,
                            "result_set_size": 3298108,
                            "children": [
                                {
                                    "operator_name": "FILTER",
                                    "cpu_time": 3.445838626000004,
                                    "extra_info": {
                                        "Expression": "(count(DISTINCT id) > 10)",
                                        "Estimated Cardinality": "0"
                                    },
                                    "cumulative_cardinality": 49617067,
                                    "operator_type": "FILTER",
                                    "operator_cardinality": 35849,
                                    "cumulative_rows_scanned": 19115629,
                                    "operator_rows_scanned": 0,
                                    "operator_timing": 0.0007157480000000001,
                                    "result_set_size": 3441504,
                                    "children": [
                                        {
                                            "operator_name": "HASH_GROUP_BY",
                                            "cpu_time": 3.445122878000004,
                                            "extra_info": {
                                                "Groups": [
                                                    "#0",
                                                    "#1",
                                                    "#2"
                                                ],
                                                "Aggregates": [
                                                    "count(DISTINCT #3)",
                                                    "sum(#4)",
                                                    "sum(#5)",
                                                    "sum(#6)",
                                                    "avg(#7)",
                                                    "avg(#8)"
                                                ],
                                                "Estimated Cardinality": "3"
                                            },
                                            "cumulative_cardinality": 49581218,
                                            "operator_type": "HASH_GROUP_BY",
                                            "operator_cardinality": 117805,
                                            "cumulative_rows_scanned": 19115629,
                                            "operator_rows_scanned": 0,
                                            "operator_timing": 1.3839676060000052,
                                            "result_set_size": 11309280,
                                            "children": [
                                                {
                                                    "operator_name": "PROJECTION",
                                                    "cpu_time": 2.061155271999999,
                                                    "extra_info": {
                                                        "Projections": [
                                                            "id",
                                                            "displayname",
                                                            "reputation",
                                                            "id",
                                                            "CASE  WHEN ((posttypeid = 1)) THEN (1) ELSE 0 END",
                                                            "CASE  WHEN ((posttypeid = 2)) THEN (1) ELSE 0 END",
                                                            "CASE  WHEN ((closeddate IS NOT NULL)) THEN (1) ELSE 0 END",
                                                            "COALESCE(viewcount, 0)",
                                                            "score"
                                                        ],
                                                        "Estimated Cardinality": "7"
                                                    },
                                                    "cumulative_cardinality": 49463413,
                                                    "operator_type": "PROJECTION",
                                                    "operator_cardinality": 8955116,
                                                    "cumulative_rows_scanned": 19115629,
                                                    "operator_rows_scanned": 0,
                                                    "operator_timing": 0.2486414419999994,
                                                    "result_set_size": 429845568,
                                                    "children": [
                                                        {
                                                            "operator_name": "NESTED_LOOP_JOIN",
                                                            "cpu_time": 1.8125138299999994,
                                                            "extra_info": {
                                                                "Join Type": "INNER",
                                                                "Conditions": "CAST(reputation AS DOUBLE) > SUBQUERY",
                                                                "Estimated Cardinality": "7"
                                                            },
                                                            "cumulative_cardinality": 40508297,
                                                            "operator_type": "NESTED_LOOP_JOIN",
                                                            "operator_cardinality": 8955116,
                                                            "cumulative_rows_scanned": 19115629,
                                                            "operator_rows_scanned": 0,
                                                            "operator_timing": 0.19030663000000012,
                                                            "result_set_size": 555217192,
                                                            "children": [
                                                                {
                                                                    "operator_name": "HASH_JOIN",
                                                                    "cpu_time": 1.6104889489999994,
                                                                    "extra_info": {
                                                                        "Join Type": "LEFT",
                                                                        "Conditions": "id = postid",
                                                                        "Estimated Cardinality": "3850116"
                                                                    },
                                                                    "cumulative_cardinality": 29031757,
                                                                    "operator_type": "HASH_JOIN",
                                                                    "operator_cardinality": 9772383,
                                                                    "cumulative_rows_scanned": 17854919,
                                                                    "operator_rows_scanned": 0,
                                                                    "operator_timing": 0.7685297070000001,
                                                                    "result_set_size": 527708682,
                                                                    "children": [
                                                                        {
                                                                            "operator_name": "HASH_JOIN",
                                                                            "cpu_time": 0.5678528319999996,
                                                                            "extra_info": {
                                                                                "Join Type": "INNER",
                                                                                "Conditions": "owneruserid = id",
                                                                                "Estimated Cardinality": "3850116"
                                                                            },
                                                                            "cumulative_cardinality": 8631511,
                                                                            "operator_type": "HASH_JOIN",
                                                                            "operator_cardinality": 3685416,
                                                                            "cumulative_rows_scanned": 5110826,
                                                                            "operator_rows_scanned": 0,
                                                                            "operator_timing": 0.29569844099999965,
                                                                            "result_set_size": 184270800,
                                                                            "children": [
                                                                                {
                                                                                    "operator_name": "READ_PARQUET ",
                                                                                    "cpu_time": 0.18038803699999995,
                                                                                    "extra_info": {
                                                                                        "Function": "READ_PARQUET",
                                                                                        "Projections": [
                                                                                            "id",
                                                                                            "posttypeid",
                                                                                            "score",
                                                                                            "viewcount",
                                                                                            "owneruserid",
                                                                                            "closeddate"
                                                                                        ],
                                                                                        "Estimated Cardinality": "3850116"
                                                                                    },
                                                                                    "cumulative_cardinality": 3685416,
                                                                                    "operator_type": "TABLE_SCAN",
                                                                                    "operator_cardinality": 3685416,
                                                                                    "cumulative_rows_scanned": 3850116,
                                                                                    "operator_rows_scanned": 3850116,
                                                                                    "operator_timing": 0.18038803699999995,
                                                                                    "result_set_size": 95820816,
                                                                                    "children": []
                                                                                },
                                                                                {
                                                                                    "operator_name": "READ_PARQUET ",
                                                                                    "cpu_time": 0.09176635400000004,
                                                                                    "extra_info": {
                                                                                        "Function": "READ_PARQUET",
                                                                                        "Projections": [
                                                                                            "id",
                                                                                            "reputation",
                                                                                            "displayname"
                                                                                        ],
                                                                                        "Filters": "id<=1416539",
                                                                                        "Estimated Cardinality": "1260710"
                                                                                    },
                                                                                    "cumulative_cardinality": 1260679,
                                                                                    "operator_type": "TABLE_SCAN",
                                                                                    "operator_cardinality": 1260679,
                                                                                    "cumulative_rows_scanned": 1260710,
                                                                                    "operator_rows_scanned": 1260710,
                                                                                    "operator_timing": 0.09176635400000004,
                                                                                    "result_set_size": 30256296,
                                                                                    "children": []
                                                                                }
                                                                            ]
                                                                        },
                                                                        {
                                                                            "operator_name": "READ_PARQUET ",
                                                                            "cpu_time": 0.27410640999999974,
                                                                            "extra_info": {
                                                                                "Function": "READ_PARQUET",
                                                                                "Projections": "postid",
                                                                                "Filters": "votetypeid>=2 AND votetypeid<=3",
                                                                                "Estimated Cardinality": "2548818"
                                                                            },
                                                                            "cumulative_cardinality": 10627863,
                                                                            "operator_type": "TABLE_SCAN",
                                                                            "operator_cardinality": 10627863,
                                                                            "cumulative_rows_scanned": 12744093,
                                                                            "operator_rows_scanned": 12744093,
                                                                            "operator_timing": 0.27410640999999974,
                                                                            "result_set_size": 42511452,
                                                                            "children": []
                                                                        }
                                                                    ]
                                                                },
                                                                {
                                                                    "operator_name": "PROJECTION",
                                                                    "cpu_time": 0.011718250999999994,
                                                                    "extra_info": {
                                                                        "Projections": [
                                                                            "CASE  WHEN ((#1 > 1)) THEN (error('More than one row returned by a subquery used as an expression - scalar subqueries can only return a single row.",
                                                                            "Use \"SET scalar_subquery_error_on_multiple_rows=false\" to revert to previous behavior of returning a random row.')) ELSE #0 END"
                                                                        ],
                                                                        "Estimated Cardinality": "1"
                                                                    },
                                                                    "cumulative_cardinality": 2521424,
                                                                    "operator_type": "PROJECTION",
                                                                    "operator_cardinality": 1,
                                                                    "cumulative_rows_scanned": 1260710,
                                                                    "operator_rows_scanned": 0,
                                                                    "operator_timing": 0.00000564,
                                                                    "result_set_size": 8,
                                                                    "children": [
                                                                        {
                                                                            "operator_name": "UNGROUPED_AGGREGATE",
                                                                            "cpu_time": 0.011712610999999994,
                                                                            "extra_info": {
                                                                                "Aggregates": [
                                                                                    "\"first\"(#0)",
                                                                                    "count_star()"
                                                                                ]
                                                                            },
                                                                            "cumulative_cardinality": 2521423,
                                                                            "operator_type": "UNGROUPED_AGGREGATE",
                                                                            "operator_cardinality": 1,
                                                                            "cumulative_rows_scanned": 1260710,
                                                                            "operator_rows_scanned": 0,
                                                                            "operator_timing": 0.000002715,
                                                                            "result_set_size": 16,
                                                                            "children": [
                                                                                {
                                                                                    "operator_name": "PROJECTION",
                                                                                    "cpu_time": 0.011709895999999994,
                                                                                    "extra_info": {
                                                                                        "Projections": "#0",
                                                                                        "Estimated Cardinality": "1"
                                                                                    },
                                                                                    "cumulative_cardinality": 2521422,
                                                                                    "operator_type": "PROJECTION",
                                                                                    "operator_cardinality": 1,
                                                                                    "cumulative_rows_scanned": 1260710,
                                                                                    "operator_rows_scanned": 0,
                                                                                    "operator_timing": 2.31e-7,
                                                                                    "result_set_size": 8,
                                                                                    "children": [
                                                                                        {
                                                                                            "operator_name": "UNGROUPED_AGGREGATE",
                                                                                            "cpu_time": 0.011709664999999994,
                                                                                            "extra_info": {
                                                                                                "Aggregates": "avg(#0)"
                                                                                            },
                                                                                            "cumulative_cardinality": 2521421,
                                                                                            "operator_type": "UNGROUPED_AGGREGATE",
                                                                                            "operator_cardinality": 1,
                                                                                            "cumulative_rows_scanned": 1260710,
                                                                                            "operator_rows_scanned": 0,
                                                                                            "operator_timing": 0.004804344999999998,
                                                                                            "result_set_size": 8,
                                                                                            "children": [
                                                                                                {
                                                                                                    "operator_name": "PROJECTION",
                                                                                                    "cpu_time": 0.006905319999999997,
                                                                                                    "extra_info": {
                                                                                                        "Projections": "reputation",
                                                                                                        "Estimated Cardinality": "1260710"
                                                                                                    },
                                                                                                    "cumulative_cardinality": 2521420,
                                                                                                    "operator_type": "PROJECTION",
                                                                                                    "operator_cardinality": 1260710,
                                                                                                    "cumulative_rows_scanned": 1260710,
                                                                                                    "operator_rows_scanned": 0,
                                                                                                    "operator_timing": 0.00004816799999999978,
                                                                                                    "result_set_size": 5042840,
                                                                                                    "children": [
                                                                                                        {
                                                                                                            "operator_name": "READ_PARQUET ",
                                                                                                            "cpu_time": 0.0068571519999999974,
                                                                                                            "extra_info": {
                                                                                                                "Function": "READ_PARQUET",
                                                                                                                "Projections": "reputation",
                                                                                                                "Estimated Cardinality": "1260710"
                                                                                                            },
                                                                                                            "cumulative_cardinality": 1260710,
                                                                                                            "operator_type": "TABLE_SCAN",
                                                                                                            "operator_cardinality": 1260710,
                                                                                                            "cumulative_rows_scanned": 1260710,
                                                                                                            "operator_rows_scanned": 1260710,
                                                                                                            "operator_timing": 0.0068571519999999974,
                                                                                                            "result_set_size": 5042840,
                                                                                                            "children": []
                                                                                                        }
                                                                                                    ]
                                                                                                }
                                                                                            ]
                                                                                        }
                                                                                    ]
                                                                                }
                                                                            ]
                                                                        }
                                                                    ]
                                                                }
                                                            ]
                                                        }
                                                    ]
                                                }
                                            ]
                                        }
                                    ]
                                }
                            ]
                        }
                    ]
                }
            ]
        }
    ]
}