{
    "rows_returned": 10,
    "query_name": "WITH UserVotes AS (\n    SELECT \n        U.Id AS UserId,\n        U.DisplayName,\n        SUM(CASE WHEN V.VoteTypeId = 2 THEN 1 ELSE 0 END) AS UpVotes,\n        SUM(CASE WHEN V.VoteTypeId = 3 THEN 1 ELSE 0 END) AS DownVotes,\n        COUNT(DISTINCT P.Id) AS PostCount\n    FROM Users U\n    LEFT JOIN Votes V ON U.Id = V.UserId\n    LEFT JOIN Posts P ON V.PostId = P.Id\n    WHERE U.Reputation > 1000\n    GROUP BY U.Id, U.DisplayName\n),\nTopPosters AS (\n    SELECT \n        U.Id AS UserId,\n        U.DisplayName,\n        COUNT(P.Id) AS TotalPosts,\n        SUM(P.ViewCount) AS TotalViews,\n        SUM(P.Score) AS TotalScore\n    FROM Users U\n    INNER JOIN Posts P ON U.Id = P.OwnerUserId\n    GROUP BY U.Id, U.DisplayName\n    HAVING COUNT(P.Id) > 10\n),\nCombinedStats AS (\n    SELECT \n        UV.UserId,\n        UV.DisplayName,\n        UV.UpVotes,\n        UV.DownVotes,\n        TP.TotalPosts,\n        TP.TotalViews,\n        TP.TotalScore\n    FROM UserVotes UV\n    JOIN TopPosters TP ON UV.UserId = TP.UserId\n)\nSELECT \n    DisplayName,\n    UpVotes,\n    DownVotes,\n    TotalPosts,\n    TotalViews,\n    TotalScore,\n    (UpVotes * 1.0 / NULLIF(DownVotes, 0)) AS VoteRatio,\n    (TotalScore * 1.0 / NULLIF(TotalPosts, 0)) AS AvgScorePerPost\nFROM CombinedStats\nORDER BY VoteRatio DESC, TotalScore DESC\nLIMIT 10;\n",
    "blocked_thread_time": 0.0,
    "cpu_time": 1.2329244220000009,
    "extra_info": {},
    "cumulative_cardinality": 16847737,
    "cumulative_rows_scanned": 22965745,
    "result_set_size": 1040,
    "latency": 1.327938054,
    "children": [
        {
            "operator_name": "STREAMING_LIMIT",
            "cpu_time": 1.2329244220000009,
            "extra_info": {},
            "cumulative_cardinality": 16847737,
            "operator_type": "STREAMING_LIMIT",
            "operator_cardinality": 10,
            "cumulative_rows_scanned": 22965745,
            "operator_rows_scanned": 0,
            "operator_timing": 0.000002164,
            "result_set_size": 1040,
            "children": [
                {
                    "operator_name": "ORDER_BY",
                    "cpu_time": 1.2329222580000008,
                    "extra_info": {
                        "Order By": [
                            "((CombinedStats.UpVotes * 1.0) / \"nullif\"(CombinedStats.DownVotes, 0)) DESC",
                            "CombinedStats.TotalScore DESC"
                        ]
                    },
                    "cumulative_cardinality": 16847727,
                    "operator_type": "ORDER_BY",
                    "operator_cardinality": 4096,
                    "cumulative_rows_scanned": 22965745,
                    "operator_rows_scanned": 0,
                    "operator_timing": 0.000762602,
                    "result_set_size": 425984,
                    "children": [
                        {
                            "operator_name": "PROJECTION",
                            "cpu_time": 1.2321596560000008,
                            "extra_info": {
                                "Projections": [
                                    "displayname",
                                    "UpVotes",
                                    "DownVotes",
                                    "TotalPosts",
                                    "TotalViews",
                                    "TotalScore",
                                    "VoteRatio",
                                    "AvgScorePerPost"
                                ],
                                "Estimated Cardinality": "252142"
                            },
                            "cumulative_cardinality": 16843631,
                            "operator_type": "PROJECTION",
                            "operator_cardinality": 10883,
                            "cumulative_rows_scanned": 22965745,
                            "operator_rows_scanned": 0,
                            "operator_timing": 0.0009061450000000001,
                            "result_set_size": 1131832,
                            "children": [
                                {
                                    "operator_name": "HASH_JOIN",
                                    "cpu_time": 1.2312535110000007,
                                    "extra_info": {
                                        "Join Type": "INNER",
                                        "Conditions": "UserId = UserId",
                                        "Estimated Cardinality": "252142"
                                    },
                                    "cumulative_cardinality": 16832748,
                                    "operator_type": "HASH_JOIN",
                                    "operator_cardinality": 10883,
                                    "cumulative_rows_scanned": 22965745,
                                    "operator_rows_scanned": 0,
                                    "operator_timing": 0.003816308,
                                    "result_set_size": 957704,
                                    "children": [
                                        {
                                            "operator_name": "HASH_GROUP_BY",
                                            "cpu_time": 0.505864418,
                                            "extra_info": {
                                                "Groups": [
                                                    "#0",
                                                    "#1"
                                                ],
                                                "Aggregates": [
                                                    "sum(#2)",
                                                    "sum(#3)"
                                                ],
                                                "Estimated Cardinality": "1260710"
                                            },
                                            "cumulative_cardinality": 4059631,
                                            "operator_type": "HASH_GROUP_BY",
                                            "operator_cardinality": 11215,
                                            "cumulative_rows_scanned": 17854919,
                                            "operator_rows_scanned": 0,
                                            "operator_timing": 0.0030236810000000007,
                                            "result_set_size": 583180,
                                            "children": [
                                                {
                                                    "operator_name": "PROJECTION",
                                                    "cpu_time": 0.502840737,
                                                    "extra_info": {
                                                        "Projections": [
                                                            "id",
                                                            "displayname",
                                                            "CASE  WHEN ((votetypeid = 2)) THEN (1) ELSE 0 END",
                                                            "CASE  WHEN ((votetypeid = 3)) THEN (1) ELSE 0 END"
                                                        ],
                                                        "Estimated Cardinality": "12744093"
                                                    },
                                                    "cumulative_cardinality": 4048416,
                                                    "operator_type": "PROJECTION",
                                                    "operator_cardinality": 30059,
                                                    "cumulative_rows_scanned": 17854919,
                                                    "operator_rows_scanned": 0,
                                                    "operator_timing": 0.00014855599999999996,
                                                    "result_set_size": 841652,
                                                    "children": [
                                                        {
                                                            "operator_name": "PROJECTION",
                                                            "cpu_time": 0.502692181,
                                                            "extra_info": {
                                                                "Projections": [
                                                                    "#0",
                                                                    "#1",
                                                                    "#2"
                                                                ],
                                                                "Estimated Cardinality": "12744093"
                                                            },
                                                            "cumulative_cardinality": 4018357,
                                                            "operator_type": "PROJECTION",
                                                            "operator_cardinality": 30059,
                                                            "cumulative_rows_scanned": 17854919,
                                                            "operator_rows_scanned": 0,
                                                            "operator_timing": 0.000008564,
                                                            "result_set_size": 661298,
                                                            "children": [
                                                                {
                                                                    "operator_name": "FILTER",
                                                                    "cpu_time": 0.502683617,
                                                                    "extra_info": {
                                                                        "Expression": "(id <= 1416539)",
                                                                        "Estimated Cardinality": "12744093"
                                                                    },
                                                                    "cumulative_cardinality": 3988298,
                                                                    "operator_type": "FILTER",
                                                                    "operator_cardinality": 30059,
                                                                    "cumulative_rows_scanned": 17854919,
                                                                    "operator_rows_scanned": 0,
                                                                    "operator_timing": 0.00008321499999999997,
                                                                    "result_set_size": 781534,
                                                                    "children": [
                                                                        {
                                                                            "operator_name": "HASH_JOIN",
                                                                            "cpu_time": 0.502600402,
                                                                            "extra_info": {
                                                                                "Join Type": "LEFT",
                                                                                "Conditions": "postid = id",
                                                                                "Estimated Cardinality": "12744093"
                                                                            },
                                                                            "cumulative_cardinality": 3958239,
                                                                            "operator_type": "HASH_JOIN",
                                                                            "operator_cardinality": 30059,
                                                                            "cumulative_rows_scanned": 17854919,
                                                                            "operator_rows_scanned": 0,
                                                                            "operator_timing": 0.18630285600000002,
                                                                            "result_set_size": 781534,
                                                                            "children": [
                                                                                {
                                                                                    "operator_name": "HASH_JOIN",
                                                                                    "cpu_time": 0.29642972200000006,
                                                                                    "extra_info": {
                                                                                        "Join Type": "RIGHT",
                                                                                        "Conditions": "userid = id",
                                                                                        "Estimated Cardinality": "12744093"
                                                                                    },
                                                                                    "cumulative_cardinality": 78064,
                                                                                    "operator_type": "HASH_JOIN",
                                                                                    "operator_cardinality": 30059,
                                                                                    "cumulative_rows_scanned": 14004803,
                                                                                    "operator_rows_scanned": 0,
                                                                                    "operator_timing": 0.03262313599999949,
                                                                                    "result_set_size": 781534,
                                                                                    "children": [
                                                                                        {
                                                                                            "operator_name": "READ_PARQUET ",
                                                                                            "cpu_time": 0.20972220400000052,
                                                                                            "extra_info": {
                                                                                                "Function": "READ_PARQUET",
                                                                                                "Projections": [
                                                                                                    "postid",
                                                                                                    "votetypeid",
                                                                                                    "userid"
                                                                                                ],
                                                                                                "Estimated Cardinality": "12744093"
                                                                                            },
                                                                                            "cumulative_cardinality": 36790,
                                                                                            "operator_type": "TABLE_SCAN",
                                                                                            "operator_cardinality": 36790,
                                                                                            "cumulative_rows_scanned": 12744093,
                                                                                            "operator_rows_scanned": 12744093,
                                                                                            "operator_timing": 0.20972220400000052,
                                                                                            "result_set_size": 367900,
                                                                                            "children": []
                                                                                        },
                                                                                        {
                                                                                            "operator_name": "READ_PARQUET ",
                                                                                            "cpu_time": 0.05408438200000002,
                                                                                            "extra_info": {
                                                                                                "Function": "READ_PARQUET",
                                                                                                "Projections": [
                                                                                                    "id",
                                                                                                    "displayname"
                                                                                                ],
                                                                                                "Filters": "reputation>1000",
                                                                                                "Estimated Cardinality": "252142"
                                                                                            },
                                                                                            "cumulative_cardinality": 11215,
                                                                                            "operator_type": "TABLE_SCAN",
                                                                                            "operator_cardinality": 11215,
                                                                                            "cumulative_rows_scanned": 1260710,
                                                                                            "operator_rows_scanned": 1260710,
                                                                                            "operator_timing": 0.05408438200000002,
                                                                                            "result_set_size": 224300,
                                                                                            "children": []
                                                                                        }
                                                                                    ]
                                                                                },
                                                                                {
                                                                                    "operator_name": "READ_PARQUET ",
                                                                                    "cpu_time": 0.01986782399999993,
                                                                                    "extra_info": {
                                                                                        "Function": "READ_PARQUET",
                                                                                        "Projections": "id",
                                                                                        "Estimated Cardinality": "3850116"
                                                                                    },
                                                                                    "cumulative_cardinality": 3850116,
                                                                                    "operator_type": "TABLE_SCAN",
                                                                                    "operator_cardinality": 3850116,
                                                                                    "cumulative_rows_scanned": 3850116,
                                                                                    "operator_rows_scanned": 3850116,
                                                                                    "operator_timing": 0.01986782399999993,
                                                                                    "result_set_size": 15400464,
                                                                                    "children": []
                                                                                }
                                                                            ]
                                                                        }
                                                                    ]
                                                                }
                                                            ]
                                                        }
                                                    ]
                                                }
                                            ]
                                        },
                                        {
                                            "operator_name": "PROJECTION",
                                            "cpu_time": 0.7215727850000008,
                                            "extra_info": {
                                                "Projections": [
                                                    "#0",
                                                    "#2",
                                                    "#3",
                                                    "#4"
                                                ],
                                                "Estimated Cardinality": "252142"
                                            },
                                            "cumulative_cardinality": 12762234,
                                            "operator_type": "PROJECTION",
                                            "operator_cardinality": 36838,
                                            "cumulative_rows_scanned": 5110826,
                                            "operator_rows_scanned": 0,
                                            "operator_timing": 0.00003298100000000002,
                                            "result_set_size": 1620872,
                                            "children": [
                                                {
                                                    "operator_name": "FILTER",
                                                    "cpu_time": 0.7215398040000007,
                                                    "extra_info": {
                                                        "Expression": "(TotalPosts > 10)",
                                                        "Estimated Cardinality": "252142"
                                                    },
                                                    "cumulative_cardinality": 12725396,
                                                    "operator_type": "FILTER",
                                                    "operator_cardinality": 36838,
                                                    "cumulative_rows_scanned": 5110826,
                                                    "operator_rows_scanned": 0,
                                                    "operator_timing": 0.0005933969999999998,
                                                    "result_set_size": 2210280,
                                                    "children": [
                                                        {
                                                            "operator_name": "HASH_GROUP_BY",
                                                            "cpu_time": 0.7209464070000007,
                                                            "extra_info": {
                                                                "Groups": [
                                                                    "#0",
                                                                    "#1"
                                                                ],
                                                                "Aggregates": [
                                                                    "count_star()",
                                                                    "sum(#2)",
                                                                    "sum(#3)"
                                                                ],
                                                                "Estimated Cardinality": "1260710"
                                                            },
                                                            "cumulative_cardinality": 12688558,
                                                            "operator_type": "HASH_GROUP_BY",
                                                            "operator_cardinality": 371631,
                                                            "cumulative_rows_scanned": 5110826,
                                                            "operator_rows_scanned": 0,
                                                            "operator_timing": 0.23789001699999995,
                                                            "result_set_size": 22297860,
                                                            "children": [
                                                                {
                                                                    "operator_name": "PROJECTION",
                                                                    "cpu_time": 0.48305639000000067,
                                                                    "extra_info": {
                                                                        "Projections": [
                                                                            "id",
                                                                            "displayname",
                                                                            "viewcount",
                                                                            "score"
                                                                        ],
                                                                        "Estimated Cardinality": "3850116"
                                                                    },
                                                                    "cumulative_cardinality": 12316927,
                                                                    "operator_type": "PROJECTION",
                                                                    "operator_cardinality": 3685416,
                                                                    "cumulative_rows_scanned": 5110826,
                                                                    "operator_rows_scanned": 0,
                                                                    "operator_timing": 0.0007398389999999983,
                                                                    "result_set_size": 103191648,
                                                                    "children": [
                                                                        {
                                                                            "operator_name": "HASH_JOIN",
                                                                            "cpu_time": 0.48231655100000065,
                                                                            "extra_info": {
                                                                                "Join Type": "INNER",
                                                                                "Conditions": "owneruserid = id",
                                                                                "Estimated Cardinality": "3850116"
                                                                            },
                                                                            "cumulative_cardinality": 8631511,
                                                                            "operator_type": "HASH_JOIN",
                                                                            "operator_cardinality": 3685416,
                                                                            "cumulative_rows_scanned": 5110826,
                                                                            "operator_rows_scanned": 0,
                                                                            "operator_timing": 0.23555136100000024,
                                                                            "result_set_size": 103191648,
                                                                            "children": [
                                                                                {
                                                                                    "operator_name": "READ_PARQUET ",
                                                                                    "cpu_time": 0.16389688200000033,
                                                                                    "extra_info": {
                                                                                        "Function": "READ_PARQUET",
                                                                                        "Projections": [
                                                                                            "id",
                                                                                            "score",
                                                                                            "viewcount",
                                                                                            "owneruserid"
                                                                                        ],
                                                                                        "Estimated Cardinality": "3850116"
                                                                                    },
                                                                                    "cumulative_cardinality": 3685416,
                                                                                    "operator_type": "TABLE_SCAN",
                                                                                    "operator_cardinality": 3685416,
                                                                                    "cumulative_rows_scanned": 3850116,
                                                                                    "operator_rows_scanned": 3850116,
                                                                                    "operator_timing": 0.16389688200000033,
                                                                                    "result_set_size": 58966656,
                                                                                    "children": []
                                                                                },
                                                                                {
                                                                                    "operator_name": "READ_PARQUET ",
                                                                                    "cpu_time": 0.08286830800000004,
                                                                                    "extra_info": {
                                                                                        "Function": "READ_PARQUET",
                                                                                        "Projections": [
                                                                                            "id",
                                                                                            "displayname"
                                                                                        ],
                                                                                        "Filters": "id<=1416539",
                                                                                        "Estimated Cardinality": "1260710"
                                                                                    },
                                                                                    "cumulative_cardinality": 1260679,
                                                                                    "operator_type": "TABLE_SCAN",
                                                                                    "operator_cardinality": 1260679,
                                                                                    "cumulative_rows_scanned": 1260710,
                                                                                    "operator_rows_scanned": 1260710,
                                                                                    "operator_timing": 0.08286830800000004,
                                                                                    "result_set_size": 25213580,
                                                                                    "children": []
                                                                                }
                                                                            ]
                                                                        }
                                                                    ]
                                                                }
                                                            ]
                                                        }
                                                    ]
                                                }
                                            ]
                                        }
                                    ]
                                }
                            ]
                        }
                    ]
                }
            ]
        }
    ]
}