{
    "rows_returned": 100,
    "query_name": "\nWITH UserBadges AS (\n    SELECT \n        u.Id AS UserId,\n        u.DisplayName,\n        COUNT(b.Id) AS BadgeCount,\n        SUM(CASE WHEN b.Class = 1 THEN 1 ELSE 0 END) AS GoldBadges,\n        SUM(CASE WHEN b.Class = 2 THEN 1 ELSE 0 END) AS SilverBadges,\n        SUM(CASE WHEN b.Class = 3 THEN 1 ELSE 0 END) AS BronzeBadges\n    FROM \n        Users u\n    LEFT JOIN \n        Badges b ON u.Id = b.UserId\n    GROUP BY \n        u.Id, u.DisplayName\n),\nPostStats AS (\n    SELECT \n        p.OwnerUserId,\n        COUNT(p.Id) AS TotalPosts,\n        COUNT(CASE WHEN p.PostTypeId = 1 THEN 1 END) AS Questions,\n        COUNT(CASE WHEN p.PostTypeId = 2 THEN 1 END) AS Answers,\n        SUM(p.Score) AS TotalScore,\n        SUM(p.ViewCount) AS TotalViews,\n        MAX(p.CreationDate) AS LastPostDate\n    FROM \n        Posts p\n    GROUP BY \n        p.OwnerUserId\n)\nSELECT \n    ub.UserId,\n    ub.DisplayName,\n    ub.BadgeCount AS TotalBadges,\n    ub.GoldBadges,\n    ub.SilverBadges,\n    ub.BronzeBadges,\n    ps.TotalPosts,\n    ps.Questions,\n    ps.Answers,\n    ps.TotalScore,\n    ps.TotalViews,\n    ps.LastPostDate\nFROM \n    UserBadges ub\nLEFT JOIN \n    PostStats ps ON ub.UserId = ps.OwnerUserId\nWHERE \n    ub.BadgeCount > 0\nORDER BY \n    ub.BadgeCount DESC,\n    ps.TotalScore DESC\nLIMIT 100;\n",
    "blocked_thread_time": 0.0,
    "cpu_time": 1.5323116050000005,
    "extra_info": {},
    "cumulative_cardinality": 20633093,
    "cumulative_rows_scanned": 7432550,
    "result_set_size": 14000,
    "latency": 1.710445128,
    "children": [
        {
            "operator_name": "STREAMING_LIMIT",
            "cpu_time": 1.5323116050000005,
            "extra_info": {},
            "cumulative_cardinality": 20633093,
            "operator_type": "STREAMING_LIMIT",
            "operator_cardinality": 100,
            "cumulative_rows_scanned": 7432550,
            "operator_rows_scanned": 0,
            "operator_timing": 0.000004448,
            "result_set_size": 14000,
            "children": [
                {
                    "operator_name": "ORDER_BY",
                    "cpu_time": 1.5323071570000004,
                    "extra_info": {
                        "Order By": [
                            "ub.BadgeCount DESC",
                            "ps.TotalScore DESC"
                        ]
                    },
                    "cumulative_cardinality": 20632993,
                    "operator_type": "ORDER_BY",
                    "operator_cardinality": 4096,
                    "cumulative_rows_scanned": 7432550,
                    "operator_rows_scanned": 0,
                    "operator_timing": 0.056516842,
                    "result_set_size": 573440,
                    "children": [
                        {
                            "operator_name": "PROJECTION",
                            "cpu_time": 1.4757903150000005,
                            "extra_info": {
                                "Projections": [
                                    "UserId",
                                    "displayname",
                                    "TotalBadges",
                                    "GoldBadges",
                                    "SilverBadges",
                                    "BronzeBadges",
                                    "TotalPosts",
                                    "Questions",
                                    "Answers",
                                    "TotalScore",
                                    "TotalViews",
                                    "LastPostDate"
                                ],
                                "Estimated Cardinality": "1925058"
                            },
                            "cumulative_cardinality": 20628897,
                            "operator_type": "PROJECTION",
                            "operator_cardinality": 549021,
                            "cumulative_rows_scanned": 7432550,
                            "operator_rows_scanned": 0,
                            "operator_timing": 0.0002017740000000001,
                            "result_set_size": 76862940,
                            "children": [
                                {
                                    "operator_name": "HASH_JOIN",
                                    "cpu_time": 1.4755885410000005,
                                    "extra_info": {
                                        "Join Type": "RIGHT",
                                        "Conditions": "owneruserid = UserId",
                                        "Estimated Cardinality": "1925058"
                                    },
                                    "cumulative_cardinality": 20079876,
                                    "operator_type": "HASH_JOIN",
                                    "operator_cardinality": 549021,
                                    "cumulative_rows_scanned": 7432550,
                                    "operator_rows_scanned": 0,
                                    "operator_timing": 0.06525833900000001,
                                    "result_set_size": 79059024,
                                    "children": [
                                        {
                                            "operator_name": "HASH_GROUP_BY",
                                            "cpu_time": 0.41059623700000014,
                                            "extra_info": {
                                                "Groups": "#0",
                                                "Aggregates": [
                                                    "count_star()",
                                                    "count(#1)",
                                                    "count(#2)",
                                                    "sum(#3)",
                                                    "sum(#4)",
                                                    "max(#5)"
                                                ],
                                                "Estimated Cardinality": "1925058"
                                            },
                                            "cumulative_cardinality": 8071864,
                                            "operator_type": "HASH_GROUP_BY",
                                            "operator_cardinality": 371632,
                                            "cumulative_rows_scanned": 3850116,
                                            "operator_rows_scanned": 0,
                                            "operator_timing": 0.20291964800000004,
                                            "result_set_size": 25270976,
                                            "children": [
                                                {
                                                    "operator_name": "PROJECTION",
                                                    "cpu_time": 0.20767658900000013,
                                                    "extra_info": {
                                                        "Projections": [
                                                            "owneruserid",
                                                            "CASE  WHEN ((posttypeid = 1)) THEN (1) ELSE NULL END",
                                                            "CASE  WHEN ((posttypeid = 2)) THEN (1) ELSE NULL END",
                                                            "score",
                                                            "viewcount",
                                                            "creationdate"
                                                        ],
                                                        "Estimated Cardinality": "3850116"
                                                    },
                                                    "cumulative_cardinality": 7700232,
                                                    "operator_type": "PROJECTION",
                                                    "operator_cardinality": 3850116,
                                                    "cumulative_rows_scanned": 3850116,
                                                    "operator_rows_scanned": 0,
                                                    "operator_timing": 0.053541026000000096,
                                                    "result_set_size": 107803248,
                                                    "children": [
                                                        {
                                                            "operator_name": "READ_PARQUET ",
                                                            "cpu_time": 0.15413556300000003,
                                                            "extra_info": {
                                                                "Function": "READ_PARQUET",
                                                                "Projections": [
                                                                    "id",
                                                                    "posttypeid",
                                                                    "creationdate",
                                                                    "score",
                                                                    "viewcount",
                                                                    "owneruserid"
                                                                ],
                                                                "Estimated Cardinality": "3850116"
                                                            },
                                                            "cumulative_cardinality": 3850116,
                                                            "operator_type": "TABLE_SCAN",
                                                            "operator_cardinality": 3850116,
                                                            "cumulative_rows_scanned": 3850116,
                                                            "operator_rows_scanned": 3850116,
                                                            "operator_timing": 0.15413556300000003,
                                                            "result_set_size": 100103016,
                                                            "children": []
                                                        }
                                                    ]
                                                }
                                            ]
                                        },
                                        {
                                            "operator_name": "FILTER",
                                            "cpu_time": 0.9997339650000004,
                                            "extra_info": {
                                                "Expression": "(BadgeCount > 0)",
                                                "Estimated Cardinality": "252142"
                                            },
                                            "cumulative_cardinality": 11458991,
                                            "operator_type": "FILTER",
                                            "operator_cardinality": 549021,
                                            "cumulative_rows_scanned": 3582434,
                                            "operator_rows_scanned": 0,
                                            "operator_timing": 0.0018290910000000017,
                                            "result_set_size": 41725596,
                                            "children": [
                                                {
                                                    "operator_name": "HASH_GROUP_BY",
                                                    "cpu_time": 0.9979048740000005,
                                                    "extra_info": {
                                                        "Groups": [
                                                            "#0",
                                                            "#1"
                                                        ],
                                                        "Aggregates": [
                                                            "count(#2)",
                                                            "sum(#3)",
                                                            "sum(#4)",
                                                            "sum(#5)"
                                                        ],
                                                        "Estimated Cardinality": "1260710"
                                                    },
                                                    "cumulative_cardinality": 10909970,
                                                    "operator_type": "HASH_GROUP_BY",
                                                    "operator_cardinality": 1260710,
                                                    "cumulative_rows_scanned": 3582434,
                                                    "operator_rows_scanned": 0,
                                                    "operator_timing": 0.6113073610000002,
                                                    "result_set_size": 95813960,
                                                    "children": [
                                                        {
                                                            "operator_name": "PROJECTION",
                                                            "cpu_time": 0.3865975130000003,
                                                            "extra_info": {
                                                                "Projections": [
                                                                    "id",
                                                                    "displayname",
                                                                    "id",
                                                                    "CASE  WHEN ((class = 1)) THEN (1) ELSE 0 END",
                                                                    "CASE  WHEN ((class = 2)) THEN (1) ELSE 0 END",
                                                                    "CASE  WHEN ((class = 3)) THEN (1) ELSE 0 END"
                                                                ],
                                                                "Estimated Cardinality": "2321724"
                                                            },
                                                            "cumulative_cardinality": 9649260,
                                                            "operator_type": "PROJECTION",
                                                            "operator_cardinality": 3033413,
                                                            "cumulative_rows_scanned": 3582434,
                                                            "operator_rows_scanned": 0,
                                                            "operator_timing": 0.01645427000000005,
                                                            "result_set_size": 109202868,
                                                            "children": [
                                                                {
                                                                    "operator_name": "HASH_JOIN",
                                                                    "cpu_time": 0.37014324300000023,
                                                                    "extra_info": {
                                                                        "Join Type": "RIGHT",
                                                                        "Conditions": "userid = id",
                                                                        "Estimated Cardinality": "2321724"
                                                                    },
                                                                    "cumulative_cardinality": 6615847,
                                                                    "operator_type": "HASH_JOIN",
                                                                    "operator_cardinality": 3033413,
                                                                    "cumulative_rows_scanned": 3582434,
                                                                    "operator_rows_scanned": 0,
                                                                    "operator_timing": 0.2288376990000002,
                                                                    "result_set_size": 78868738,
                                                                    "children": [
                                                                        {
                                                                            "operator_name": "READ_PARQUET ",
                                                                            "cpu_time": 0.062367647000000026,
                                                                            "extra_info": {
                                                                                "Function": "READ_PARQUET",
                                                                                "Projections": [
                                                                                    "id",
                                                                                    "userid",
                                                                                    "class"
                                                                                ],
                                                                                "Estimated Cardinality": "2321724"
                                                                            },
                                                                            "cumulative_cardinality": 2321724,
                                                                            "operator_type": "TABLE_SCAN",
                                                                            "operator_cardinality": 2321724,
                                                                            "cumulative_rows_scanned": 2321724,
                                                                            "operator_rows_scanned": 2321724,
                                                                            "operator_timing": 0.062367647000000026,
                                                                            "result_set_size": 23217240,
                                                                            "children": []
                                                                        },
                                                                        {
                                                                            "operator_name": "READ_PARQUET ",
                                                                            "cpu_time": 0.07893789699999999,
                                                                            "extra_info": {
                                                                                "Function": "READ_PARQUET",
                                                                                "Projections": [
                                                                                    "id",
                                                                                    "displayname"
                                                                                ],
                                                                                "Estimated Cardinality": "1260710"
                                                                            },
                                                                            "cumulative_cardinality": 1260710,
                                                                            "operator_type": "TABLE_SCAN",
                                                                            "operator_cardinality": 1260710,
                                                                            "cumulative_rows_scanned": 1260710,
                                                                            "operator_rows_scanned": 1260710,
                                                                            "operator_timing": 0.07893789699999999,
                                                                            "result_set_size": 25214200,
                                                                            "children": []
                                                                        }
                                                                    ]
                                                                }
                                                            ]
                                                        }
                                                    ]
                                                }
                                            ]
                                        }
                                    ]
                                }
                            ]
                        }
                    ]
                }
            ]
        }
    ]
}