{
    "rows_returned": 10,
    "query_name": "\nWITH RankedPosts AS (\n    SELECT \n        p.Id,\n        p.Title,\n        p.CreationDate,\n        p.Score,\n        p.ViewCount,\n        COUNT(a.Id) AS AnswerCount,\n        MAX(CASE WHEN ph.PostHistoryTypeId = 10 THEN ph.CreationDate END) AS ClosedDate,\n        DENSE_RANK() OVER (PARTITION BY p.OwnerUserId ORDER BY p.CreationDate DESC) AS UserPostRank,\n        p.OwnerUserId\n    FROM \n        Posts p\n    LEFT JOIN \n        Posts a ON p.Id = a.ParentId\n    LEFT JOIN \n        PostHistory ph ON p.Id = ph.PostId\n    WHERE \n        p.PostTypeId = 1 \n    GROUP BY \n        p.Id, p.Title, p.CreationDate, p.Score, p.ViewCount, p.OwnerUserId\n),\nUserStatistics AS (\n    SELECT \n        u.Id AS UserId,\n        u.DisplayName,\n        u.Reputation,\n        COUNT(DISTINCT p.Id) AS TotalPosts,\n        SUM(CASE WHEN p.Score > 0 THEN 1 ELSE 0 END) AS PositivePosts,\n        AVG(p.Score) AS AverageScore\n    FROM \n        Users u\n    JOIN \n        Posts p ON u.Id = p.OwnerUserId\n    GROUP BY \n        u.Id, u.DisplayName, u.Reputation\n),\nTopClosedPosts AS (\n    SELECT \n        rp.Id,\n        rp.Title,\n        rp.CreationDate,\n        rp.Score,\n        rp.ViewCount,\n        rp.ClosedDate,\n        us.DisplayName AS UserDisplayName,\n        us.Reputation AS UserReputation\n    FROM \n        RankedPosts rp\n    JOIN \n        UserStatistics us ON rp.OwnerUserId = us.UserId\n    WHERE \n        rp.ClosedDate IS NOT NULL\n)\nSELECT \n    tcp.Title,\n    tcp.CreationDate,\n    tcp.Score,\n    tcp.ViewCount,\n    tcp.ClosedDate,\n    tcp.UserDisplayName,\n    tcp.UserReputation\nFROM \n    TopClosedPosts tcp\nORDER BY \n    tcp.ClosedDate DESC \nFETCH FIRST 10 ROWS ONLY;\n",
    "blocked_thread_time": 0.0,
    "cpu_time": 5.626229477999997,
    "extra_info": {},
    "cumulative_cardinality": 91285563,
    "cumulative_rows_scanned": 24606302,
    "result_set_size": 600,
    "latency": 6.28836114,
    "children": [
        {
            "operator_name": "STREAMING_LIMIT",
            "cpu_time": 5.626229477999997,
            "extra_info": {},
            "cumulative_cardinality": 91285563,
            "operator_type": "STREAMING_LIMIT",
            "operator_cardinality": 10,
            "cumulative_rows_scanned": 24606302,
            "operator_rows_scanned": 0,
            "operator_timing": 0.000001283,
            "result_set_size": 600,
            "children": [
                {
                    "operator_name": "PROJECTION",
                    "cpu_time": 5.626228194999998,
                    "extra_info": {
                        "Projections": [
                            "#0",
                            "#1",
                            "__internal_decompress_integral_integer(#2, -72)",
                            "#3",
                            "#4",
                            "#5",
                            "#6"
                        ],
                        "Estimated Cardinality": "770023"
                    },
                    "cumulative_cardinality": 91285553,
                    "operator_type": "PROJECTION",
                    "operator_cardinality": 4096,
                    "cumulative_rows_scanned": 24606302,
                    "operator_rows_scanned": 0,
                    "operator_timing": 0.000004028,
                    "result_set_size": 245760,
                    "children": [
                        {
                            "operator_name": "ORDER_BY",
                            "cpu_time": 5.6262241669999975,
                            "extra_info": {
                                "Order By": "tcp.ClosedDate DESC"
                            },
                            "cumulative_cardinality": 91281457,
                            "operator_type": "ORDER_BY",
                            "operator_cardinality": 4096,
                            "cumulative_rows_scanned": 24606302,
                            "operator_rows_scanned": 0,
                            "operator_timing": 0.009560243000000005,
                            "result_set_size": 237568,
                            "children": [
                                {
                                    "operator_name": "PROJECTION",
                                    "cpu_time": 5.616663923999997,
                                    "extra_info": {
                                        "Projections": [
                                            "#0",
                                            "#1",
                                            "__internal_compress_integral_usmallint(#2, -72)",
                                            "#3",
                                            "#4",
                                            "#5",
                                            "#6"
                                        ],
                                        "Estimated Cardinality": "770023"
                                    },
                                    "cumulative_cardinality": 91277361,
                                    "operator_type": "PROJECTION",
                                    "operator_cardinality": 114815,
                                    "cumulative_rows_scanned": 24606302,
                                    "operator_rows_scanned": 0,
                                    "operator_timing": 0.00014744800000000008,
                                    "result_set_size": 6659270,
                                    "children": [
                                        {
                                            "operator_name": "PROJECTION",
                                            "cpu_time": 5.6165164759999975,
                                            "extra_info": {
                                                "Projections": [
                                                    "title",
                                                    "creationdate",
                                                    "score",
                                                    "viewcount",
                                                    "ClosedDate",
                                                    "UserDisplayName",
                                                    "UserReputation"
                                                ],
                                                "Estimated Cardinality": "770023"
                                            },
                                            "cumulative_cardinality": 91162546,
                                            "operator_type": "PROJECTION",
                                            "operator_cardinality": 114815,
                                            "cumulative_rows_scanned": 24606302,
                                            "operator_rows_scanned": 0,
                                            "operator_timing": 0.00006960100000000003,
                                            "result_set_size": 6888900,
                                            "children": [
                                                {
                                                    "operator_name": "HASH_JOIN",
                                                    "cpu_time": 5.616446874999998,
                                                    "extra_info": {
                                                        "Join Type": "INNER",
                                                        "Conditions": "UserId = owneruserid",
                                                        "Estimated Cardinality": "770023"
                                                    },
                                                    "cumulative_cardinality": 91047731,
                                                    "operator_type": "HASH_JOIN",
                                                    "operator_cardinality": 114815,
                                                    "cumulative_rows_scanned": 24606302,
                                                    "operator_rows_scanned": 0,
                                                    "operator_timing": 0.026130840999999985,
                                                    "result_set_size": 6888900,
                                                    "children": [
                                                        {
                                                            "operator_name": "HASH_GROUP_BY",
                                                            "cpu_time": 0.5724908890000002,
                                                            "extra_info": {
                                                                "Groups": [
                                                                    "#0",
                                                                    "#1",
                                                                    "#2"
                                                                ],
                                                                "Aggregates": "",
                                                                "Estimated Cardinality": "1260710"
                                                            },
                                                            "cumulative_cardinality": 12688558,
                                                            "operator_type": "HASH_GROUP_BY",
                                                            "operator_cardinality": 371631,
                                                            "cumulative_rows_scanned": 5110826,
                                                            "operator_rows_scanned": 0,
                                                            "operator_timing": 0.1846962130000001,
                                                            "result_set_size": 8919144,
                                                            "children": [
                                                                {
                                                                    "operator_name": "PROJECTION",
                                                                    "cpu_time": 0.38779467600000017,
                                                                    "extra_info": {
                                                                        "Projections": [
                                                                            "id",
                                                                            "displayname",
                                                                            "reputation"
                                                                        ],
                                                                        "Estimated Cardinality": "3850116"
                                                                    },
                                                                    "cumulative_cardinality": 12316927,
                                                                    "operator_type": "PROJECTION",
                                                                    "operator_cardinality": 3685416,
                                                                    "cumulative_rows_scanned": 5110826,
                                                                    "operator_rows_scanned": 0,
                                                                    "operator_timing": 0.0006201959999999986,
                                                                    "result_set_size": 88449984,
                                                                    "children": [
                                                                        {
                                                                            "operator_name": "HASH_JOIN",
                                                                            "cpu_time": 0.38717448000000015,
                                                                            "extra_info": {
                                                                                "Join Type": "INNER",
                                                                                "Conditions": "owneruserid = id",
                                                                                "Estimated Cardinality": "3850116"
                                                                            },
                                                                            "cumulative_cardinality": 8631511,
                                                                            "operator_type": "HASH_JOIN",
                                                                            "operator_cardinality": 3685416,
                                                                            "cumulative_rows_scanned": 5110826,
                                                                            "operator_rows_scanned": 0,
                                                                            "operator_timing": 0.23992390900000002,
                                                                            "result_set_size": 103191648,
                                                                            "children": [
                                                                                {
                                                                                    "operator_name": "READ_PARQUET ",
                                                                                    "cpu_time": 0.055754597000000086,
                                                                                    "extra_info": {
                                                                                        "Function": "READ_PARQUET",
                                                                                        "Projections": "owneruserid",
                                                                                        "Estimated Cardinality": "3850116"
                                                                                    },
                                                                                    "cumulative_cardinality": 3685416,
                                                                                    "operator_type": "TABLE_SCAN",
                                                                                    "operator_cardinality": 3685416,
                                                                                    "cumulative_rows_scanned": 3850116,
                                                                                    "operator_rows_scanned": 3850116,
                                                                                    "operator_timing": 0.055754597000000086,
                                                                                    "result_set_size": 14741664,
                                                                                    "children": []
                                                                                },
                                                                                {
                                                                                    "operator_name": "READ_PARQUET ",
                                                                                    "cpu_time": 0.09149597400000002,
                                                                                    "extra_info": {
                                                                                        "Function": "READ_PARQUET",
                                                                                        "Projections": [
                                                                                            "id",
                                                                                            "reputation",
                                                                                            "displayname"
                                                                                        ],
                                                                                        "Filters": "id<=1416539",
                                                                                        "Estimated Cardinality": "1260710"
                                                                                    },
                                                                                    "cumulative_cardinality": 1260679,
                                                                                    "operator_type": "TABLE_SCAN",
                                                                                    "operator_cardinality": 1260679,
                                                                                    "cumulative_rows_scanned": 1260710,
                                                                                    "operator_rows_scanned": 1260710,
                                                                                    "operator_timing": 0.09149597400000002,
                                                                                    "result_set_size": 30256296,
                                                                                    "children": []
                                                                                }
                                                                            ]
                                                                        }
                                                                    ]
                                                                }
                                                            ]
                                                        },
                                                        {
                                                            "operator_name": "PROJECTION",
                                                            "cpu_time": 5.017825144999997,
                                                            "extra_info": {
                                                                "Projections": [
                                                                    "title",
                                                                    "creationdate",
                                                                    "score",
                                                                    "viewcount",
                                                                    "ClosedDate",
                                                                    "owneruserid"
                                                                ],
                                                                "Estimated Cardinality": "770023"
                                                            },
                                                            "cumulative_cardinality": 78244358,
                                                            "operator_type": "PROJECTION",
                                                            "operator_cardinality": 120507,
                                                            "cumulative_rows_scanned": 19495476,
                                                            "operator_rows_scanned": 0,
                                                            "operator_timing": 0.00021231800000000032,
                                                            "result_set_size": 5302308,
                                                            "children": [
                                                                {
                                                                    "operator_name": "PROJECTION",
                                                                    "cpu_time": 5.017612826999997,
                                                                    "extra_info": {
                                                                        "Projections": [
                                                                            "#1",
                                                                            "#2",
                                                                            "#3",
                                                                            "#4",
                                                                            "#5",
                                                                            "#6"
                                                                        ],
                                                                        "Estimated Cardinality": "770023"
                                                                    },
                                                                    "cumulative_cardinality": 78123851,
                                                                    "operator_type": "PROJECTION",
                                                                    "operator_cardinality": 120507,
                                                                    "cumulative_rows_scanned": 19495476,
                                                                    "operator_rows_scanned": 0,
                                                                    "operator_timing": 0.0002223020000000003,
                                                                    "result_set_size": 5302308,
                                                                    "children": [
                                                                        {
                                                                            "operator_name": "FILTER",
                                                                            "cpu_time": 5.017390524999997,
                                                                            "extra_info": {
                                                                                "Expression": "(ClosedDate IS NOT NULL)",
                                                                                "Estimated Cardinality": "770023"
                                                                            },
                                                                            "cumulative_cardinality": 78003344,
                                                                            "operator_type": "FILTER",
                                                                            "operator_cardinality": 120507,
                                                                            "cumulative_rows_scanned": 19495476,
                                                                            "operator_rows_scanned": 0,
                                                                            "operator_timing": 0.008609749,
                                                                            "result_set_size": 6748392,
                                                                            "children": [
                                                                                {
                                                                                    "operator_name": "PROJECTION",
                                                                                    "cpu_time": 5.008780775999997,
                                                                                    "extra_info": {
                                                                                        "Projections": [
                                                                                            "#0",
                                                                                            "#1",
                                                                                            "#2",
                                                                                            "#3",
                                                                                            "#4",
                                                                                            "#5",
                                                                                            "#6",
                                                                                            "#7"
                                                                                        ],
                                                                                        "Estimated Cardinality": "3850116"
                                                                                    },
                                                                                    "cumulative_cardinality": 77882837,
                                                                                    "operator_type": "PROJECTION",
                                                                                    "operator_cardinality": 1668164,
                                                                                    "cumulative_rows_scanned": 19495476,
                                                                                    "operator_rows_scanned": 0,
                                                                                    "operator_timing": 0.00027407699999999974,
                                                                                    "result_set_size": 93417184,
                                                                                    "children": [
                                                                                        {
                                                                                            "operator_name": "WINDOW",
                                                                                            "cpu_time": 5.008506698999997,
                                                                                            "extra_info": {
                                                                                                "Projections": "RANK_DENSE() OVER (PARTITION BY owneruserid ORDER BY creationdate DESC NULLS LAST)"
                                                                                            },
                                                                                            "cumulative_cardinality": 76214673,
                                                                                            "operator_type": "WINDOW",
                                                                                            "operator_cardinality": 1668164,
                                                                                            "cumulative_rows_scanned": 19495476,
                                                                                            "operator_rows_scanned": 0,
                                                                                            "operator_timing": 0.5218682400000001,
                                                                                            "result_set_size": 93417184,
                                                                                            "children": [
                                                                                                {
                                                                                                    "operator_name": "PROJECTION",
                                                                                                    "cpu_time": 4.486638458999997,
                                                                                                    "extra_info": {
                                                                                                        "Projections": [
                                                                                                            "#0",
                                                                                                            "#1",
                                                                                                            "#2",
                                                                                                            "__internal_decompress_integral_integer(#3, -72)",
                                                                                                            "#4",
                                                                                                            "#5",
                                                                                                            "#6"
                                                                                                        ],
                                                                                                        "Estimated Cardinality": "3850116"
                                                                                                    },
                                                                                                    "cumulative_cardinality": 74546509,
                                                                                                    "operator_type": "PROJECTION",
                                                                                                    "operator_cardinality": 1668164,
                                                                                                    "cumulative_rows_scanned": 19495476,
                                                                                                    "operator_rows_scanned": 0,
                                                                                                    "operator_timing": 0.0007785779999999996,
                                                                                                    "result_set_size": 80071872,
                                                                                                    "children": [
                                                                                                        {
                                                                                                            "operator_name": "HASH_GROUP_BY",
                                                                                                            "cpu_time": 4.485859880999997,
                                                                                                            "extra_info": {
                                                                                                                "Groups": [
                                                                                                                    "#0",
                                                                                                                    "#1",
                                                                                                                    "#2",
                                                                                                                    "#3",
                                                                                                                    "#4",
                                                                                                                    "#5"
                                                                                                                ],
                                                                                                                "Aggregates": "max(#6)",
                                                                                                                "Estimated Cardinality": "3850116"
                                                                                                            },
                                                                                                            "cumulative_cardinality": 72878345,
                                                                                                            "operator_type": "HASH_GROUP_BY",
                                                                                                            "operator_cardinality": 1668164,
                                                                                                            "cumulative_rows_scanned": 19495476,
                                                                                                            "operator_rows_scanned": 0,
                                                                                                            "operator_timing": 1.6496434100000001,
                                                                                                            "result_set_size": 76735544,
                                                                                                            "children": [
                                                                                                                {
                                                                                                                    "operator_name": "PROJECTION",
                                                                                                                    "cpu_time": 2.8362164709999966,
                                                                                                                    "extra_info": {
                                                                                                                        "Projections": [
                                                                                                                            "id",
                                                                                                                            "title",
                                                                                                                            "creationdate",
                                                                                                                            "score",
                                                                                                                            "viewcount",
                                                                                                                            "owneruserid",
                                                                                                                            "CASE  WHEN ((posthistorytypeid = 10)) THEN (creationdate) ELSE NULL END"
                                                                                                                        ],
                                                                                                                        "Estimated Cardinality": "11795244"
                                                                                                                    },
                                                                                                                    "cumulative_cardinality": 71210181,
                                                                                                                    "operator_type": "PROJECTION",
                                                                                                                    "operator_cardinality": 12646927,
                                                                                                                    "cumulative_rows_scanned": 19495476,
                                                                                                                    "operator_rows_scanned": 0,
                                                                                                                    "operator_timing": 0.07662259599999997,
                                                                                                                    "result_set_size": 581758642,
                                                                                                                    "children": [
                                                                                                                        {
                                                                                                                            "operator_name": "PROJECTION",
                                                                                                                            "cpu_time": 2.7595938749999966,
                                                                                                                            "extra_info": {
                                                                                                                                "Projections": [
                                                                                                                                    "#0",
                                                                                                                                    "#1",
                                                                                                                                    "#2",
                                                                                                                                    "#3",
                                                                                                                                    "__internal_compress_integral_usmallint(#4, -72)",
                                                                                                                                    "#5",
                                                                                                                                    "#6",
                                                                                                                                    "#7"
                                                                                                                                ],
                                                                                                                                "Estimated Cardinality": "11795244"
                                                                                                                            },
                                                                                                                            "cumulative_cardinality": 58563254,
                                                                                                                            "operator_type": "PROJECTION",
                                                                                                                            "operator_cardinality": 12646927,
                                                                                                                            "cumulative_rows_scanned": 19495476,
                                                                                                                            "operator_rows_scanned": 0,
                                                                                                                            "operator_timing": 0.012356286000000079,
                                                                                                                            "result_set_size": 607052496,
                                                                                                                            "children": [
                                                                                                                                {
                                                                                                                                    "operator_name": "PROJECTION",
                                                                                                                                    "cpu_time": 2.7472375889999965,
                                                                                                                                    "extra_info": {
                                                                                                                                        "Projections": [
                                                                                                                                            "#0",
                                                                                                                                            "#1",
                                                                                                                                            "#2",
                                                                                                                                            "#3",
                                                                                                                                            "__internal_decompress_integral_integer(#4, -72)",
                                                                                                                                            "#5",
                                                                                                                                            "#6",
                                                                                                                                            "#7"
                                                                                                                                        ],
                                                                                                                                        "Estimated Cardinality": "11795244"
                                                                                                                                    },
                                                                                                                                    "cumulative_cardinality": 45916327,
                                                                                                                                    "operator_type": "PROJECTION",
                                                                                                                                    "operator_cardinality": 12646927,
                                                                                                                                    "cumulative_rows_scanned": 19495476,
                                                                                                                                    "operator_rows_scanned": 0,
                                                                                                                                    "operator_timing": 0.013285561000000006,
                                                                                                                                    "result_set_size": 632346350,
                                                                                                                                    "children": [
                                                                                                                                        {
                                                                                                                                            "operator_name": "HASH_JOIN",
                                                                                                                                            "cpu_time": 2.7339520279999965,
                                                                                                                                            "extra_info": {
                                                                                                                                                "Join Type": "RIGHT",
                                                                                                                                                "Conditions": "postid = id",
                                                                                                                                                "Estimated Cardinality": "11795244"
                                                                                                                                            },
                                                                                                                                            "cumulative_cardinality": 33269400,
                                                                                                                                            "operator_type": "HASH_JOIN",
                                                                                                                                            "operator_cardinality": 12646927,
                                                                                                                                            "cumulative_rows_scanned": 19495476,
                                                                                                                                            "operator_rows_scanned": 0,
                                                                                                                                            "operator_timing": 1.177297280999996,
                                                                                                                                            "result_set_size": 607052496,
                                                                                                                                            "children": [
                                                                                                                                                {
                                                                                                                                                    "operator_name": "READ_PARQUET ",
                                                                                                                                                    "cpu_time": 0.5607520480000008,
                                                                                                                                                    "extra_info": {
                                                                                                                                                        "Function": "READ_PARQUET",
                                                                                                                                                        "Projections": [
                                                                                                                                                            "posthistorytypeid",
                                                                                                                                                            "postid",
                                                                                                                                                            "creationdate"
                                                                                                                                                        ],
                                                                                                                                                        "Estimated Cardinality": "11795244"
                                                                                                                                                    },
                                                                                                                                                    "cumulative_cardinality": 11795244,
                                                                                                                                                    "operator_type": "TABLE_SCAN",
                                                                                                                                                    "operator_cardinality": 11795244,
                                                                                                                                                    "cumulative_rows_scanned": 11795244,
                                                                                                                                                    "operator_rows_scanned": 11795244,
                                                                                                                                                    "operator_timing": 0.5607520480000008,
                                                                                                                                                    "result_set_size": 165133416,
                                                                                                                                                    "children": []
                                                                                                                                                },
                                                                                                                                                {
                                                                                                                                                    "operator_name": "PROJECTION",
                                                                                                                                                    "cpu_time": 0.9959026989999997,
                                                                                                                                                    "extra_info": {
                                                                                                                                                        "Projections": [
                                                                                                                                                            "#0",
                                                                                                                                                            "#1",
                                                                                                                                                            "#2",
                                                                                                                                                            "__internal_compress_integral_usmallint(#3, -72)",
                                                                                                                                                            "#4",
                                                                                                                                                            "#5",
                                                                                                                                                            "#6"
                                                                                                                                                        ],
                                                                                                                                                        "Estimated Cardinality": "3850116"
                                                                                                                                                    },
                                                                                                                                                    "cumulative_cardinality": 8827229,
                                                                                                                                                    "operator_type": "PROJECTION",
                                                                                                                                                    "operator_cardinality": 2490886,
                                                                                                                                                    "cumulative_rows_scanned": 7700232,
                                                                                                                                                    "operator_rows_scanned": 0,
                                                                                                                                                    "operator_timing": 0.001949296000000006,
                                                                                                                                                    "result_set_size": 104617212,
                                                                                                                                                    "children": [
                                                                                                                                                        {
                                                                                                                                                            "operator_name": "HASH_JOIN",
                                                                                                                                                            "cpu_time": 0.9939534029999997,
                                                                                                                                                            "extra_info": {
                                                                                                                                                                "Join Type": "RIGHT",
                                                                                                                                                                "Conditions": "parentid = id",
                                                                                                                                                                "Estimated Cardinality": "3850116"
                                                                                                                                                            },
                                                                                                                                                            "cumulative_cardinality": 6336343,
                                                                                                                                                            "operator_type": "HASH_JOIN",
                                                                                                                                                            "operator_cardinality": 2490886,
                                                                                                                                                            "cumulative_rows_scanned": 7700232,
                                                                                                                                                            "operator_rows_scanned": 0,
                                                                                                                                                            "operator_timing": 0.33836626,
                                                                                                                                                            "result_set_size": 109598984,
                                                                                                                                                            "children": [
                                                                                                                                                                {
                                                                                                                                                                    "operator_name": "READ_PARQUET ",
                                                                                                                                                                    "cpu_time": 0.10933557999999995,
                                                                                                                                                                    "extra_info": {
                                                                                                                                                                        "Function": "READ_PARQUET",
                                                                                                                                                                        "Projections": "parentid",
                                                                                                                                                                        "Estimated Cardinality": "3850116"
                                                                                                                                                                    },
                                                                                                                                                                    "cumulative_cardinality": 2177293,
                                                                                                                                                                    "operator_type": "TABLE_SCAN",
                                                                                                                                                                    "operator_cardinality": 2177293,
                                                                                                                                                                    "cumulative_rows_scanned": 3850116,
                                                                                                                                                                    "operator_rows_scanned": 3850116,
                                                                                                                                                                    "operator_timing": 0.10933557999999995,
                                                                                                                                                                    "result_set_size": 8709172,
                                                                                                                                                                    "children": []
                                                                                                                                                                },
                                                                                                                                                                {
                                                                                                                                                                    "operator_name": "READ_PARQUET ",
                                                                                                                                                                    "cpu_time": 0.5462515629999998,
                                                                                                                                                                    "extra_info": {
                                                                                                                                                                        "Function": "READ_PARQUET",
                                                                                                                                                                        "Projections": [
                                                                                                                                                                            "id",
                                                                                                                                                                            "creationdate",
                                                                                                                                                                            "score",
                                                                                                                                                                            "viewcount",
                                                                                                                                                                            "owneruserid",
                                                                                                                                                                            "title"
                                                                                                                                                                        ],
                                                                                                                                                                        "Filters": "posttypeid=1",
                                                                                                                                                                        "Estimated Cardinality": "770023"
                                                                                                                                                                    },
                                                                                                                                                                    "cumulative_cardinality": 1668164,
                                                                                                                                                                    "operator_type": "TABLE_SCAN",
                                                                                                                                                                    "operator_cardinality": 1668164,
                                                                                                                                                                    "cumulative_rows_scanned": 3850116,
                                                                                                                                                                    "operator_rows_scanned": 3850116,
                                                                                                                                                                    "operator_timing": 0.5462515629999998,
                                                                                                                                                                    "result_set_size": 66726560,
                                                                                                                                                                    "children": []
                                                                                                                                                                }
                                                                                                                                                            ]
                                                                                                                                                        }
                                                                                                                                                    ]
                                                                                                                                                }
                                                                                                                                            ]
                                                                                                                                        }
                                                                                                                                    ]
                                                                                                                                }
                                                                                                                            ]
                                                                                                                        }
                                                                                                                    ]
                                                                                                                }
                                                                                                            ]
                                                                                                        }
                                                                                                    ]
                                                                                                }
                                                                                            ]
                                                                                        }
                                                                                    ]
                                                                                }
                                                                            ]
                                                                        }
                                                                    ]
                                                                }
                                                            ]
                                                        }
                                                    ]
                                                }
                                            ]
                                        }
                                    ]
                                }
                            ]
                        }
                    ]
                }
            ]
        }
    ]
}