{
    "rows_returned": 50,
    "query_name": "\nWITH UserPerformance AS (\n    SELECT \n        u.Id AS UserId,\n        u.DisplayName,\n        COUNT(b.Id) AS BadgeCount,\n        COALESCE(SUM(p.ViewCount), 0) AS TotalPostViews,\n        COALESCE(SUM(p.AnswerCount), 0) AS TotalAnswers,\n        COALESCE(SUM(CASE WHEN v.VoteTypeId = 2 THEN 1 ELSE 0 END), 0) AS TotalUpVotes,\n        COALESCE(SUM(CASE WHEN v.VoteTypeId = 3 THEN 1 ELSE 0 END), 0) AS TotalDownVotes\n    FROM \n        Users u\n    LEFT JOIN \n        Badges b ON u.Id = b.UserId\n    LEFT JOIN \n        Posts p ON u.Id = p.OwnerUserId\n    LEFT JOIN \n        Votes v ON p.Id = v.PostId\n    GROUP BY \n        u.Id, u.DisplayName\n),\nPostActivity AS (\n    SELECT \n        p.Id AS PostId,\n        p.OwnerUserId,\n        p.Title,\n        COUNT(c.Id) AS CommentCount,\n        MAX(p.LastActivityDate) AS LastActivity\n    FROM \n        Posts p\n    LEFT JOIN \n        Comments c ON p.Id = c.PostId\n    WHERE \n        p.CreationDate >= TIMESTAMP '2024-10-01 12:34:56' - INTERVAL '1 year'\n    GROUP BY \n        p.Id, p.OwnerUserId, p.Title\n),\nCombinedStats AS (\n    SELECT \n        up.UserId,\n        up.DisplayName,\n        up.BadgeCount,\n        up.TotalPostViews,\n        up.TotalAnswers,\n        pa.CommentCount,\n        pa.LastActivity,\n        up.TotalUpVotes,\n        up.TotalDownVotes\n    FROM \n        UserPerformance up\n    LEFT JOIN \n        PostActivity pa ON up.UserId = pa.OwnerUserId\n)\nSELECT \n    UserId,\n    DisplayName,\n    BadgeCount,\n    TotalPostViews,\n    TotalAnswers,\n    COALESCE(SUM(CommentCount), 0) AS TotalComments,\n    MAX(LastActivity) AS MostRecentActivity,\n    TotalUpVotes,\n    TotalDownVotes\nFROM \n    CombinedStats\nGROUP BY \n    UserId, DisplayName, BadgeCount, TotalPostViews, TotalAnswers, TotalUpVotes, TotalDownVotes\nORDER BY \n    TotalPostViews DESC, TotalAnswers DESC, TotalUpVotes DESC\nLIMIT 50;\n",
    "blocked_thread_time": 0.0,
    "cpu_time": 230.34844178800273,
    "extra_info": {},
    "cumulative_cardinality": 8243924669,
    "cumulative_rows_scanned": 31268581,
    "result_set_size": 5800,
    "latency": 265.471928039,
    "children": [
        {
            "operator_name": "STREAMING_LIMIT",
            "cpu_time": 230.34844178800273,
            "extra_info": {},
            "cumulative_cardinality": 8243924669,
            "operator_type": "STREAMING_LIMIT",
            "operator_cardinality": 50,
            "cumulative_rows_scanned": 31268581,
            "operator_rows_scanned": 0,
            "operator_timing": 0.000003898,
            "result_set_size": 5800,
            "children": [
                {
                    "operator_name": "ORDER_BY",
                    "cpu_time": 230.34843789000274,
                    "extra_info": {
                        "Order By": [
                            "CombinedStats.TotalPostViews DESC",
                            "CombinedStats.TotalAnswers DESC",
                            "CombinedStats.TotalUpVotes DESC"
                        ]
                    },
                    "cumulative_cardinality": 8243924619,
                    "operator_type": "ORDER_BY",
                    "operator_cardinality": 4096,
                    "cumulative_rows_scanned": 31268581,
                    "operator_rows_scanned": 0,
                    "operator_timing": 0.11739439999999984,
                    "result_set_size": 475136,
                    "children": [
                        {
                            "operator_name": "PROJECTION",
                            "cpu_time": 230.23104349000275,
                            "extra_info": {
                                "Projections": [
                                    "UserId",
                                    "displayname",
                                    "BadgeCount",
                                    "TotalPostViews",
                                    "TotalAnswers",
                                    "TotalComments",
                                    "MostRecentActivity",
                                    "TotalUpVotes",
                                    "TotalDownVotes"
                                ],
                                "Estimated Cardinality": "1260710"
                            },
                            "cumulative_cardinality": 8243920523,
                            "operator_type": "PROJECTION",
                            "operator_cardinality": 1260710,
                            "cumulative_rows_scanned": 31268581,
                            "operator_rows_scanned": 0,
                            "operator_timing": 0.005437196000000006,
                            "result_set_size": 146242360,
                            "children": [
                                {
                                    "operator_name": "HASH_GROUP_BY",
                                    "cpu_time": 230.22560629400274,
                                    "extra_info": {
                                        "Groups": [
                                            "#0",
                                            "#1",
                                            "#2",
                                            "#3",
                                            "#4",
                                            "#5",
                                            "#6"
                                        ],
                                        "Aggregates": [
                                            "sum(#7)",
                                            "max(#8)"
                                        ],
                                        "Estimated Cardinality": "1260710"
                                    },
                                    "cumulative_cardinality": 8242659813,
                                    "operator_type": "HASH_GROUP_BY",
                                    "operator_cardinality": 1260710,
                                    "cumulative_rows_scanned": 31268581,
                                    "operator_rows_scanned": 0,
                                    "operator_timing": 0.4708766790000002,
                                    "result_set_size": 146242360,
                                    "children": [
                                        {
                                            "operator_name": "PROJECTION",
                                            "cpu_time": 229.75472961500273,
                                            "extra_info": {
                                                "Projections": [
                                                    "UserId",
                                                    "displayname",
                                                    "BadgeCount",
                                                    "TotalPostViews",
                                                    "TotalAnswers",
                                                    "TotalUpVotes",
                                                    "TotalDownVotes",
                                                    "CommentCount",
                                                    "LastActivity"
                                                ],
                                                "Estimated Cardinality": "3850116"
                                            },
                                            "cumulative_cardinality": 8241399103,
                                            "operator_type": "PROJECTION",
                                            "operator_cardinality": 1371908,
                                            "cumulative_rows_scanned": 31268581,
                                            "operator_rows_scanned": 0,
                                            "operator_timing": 0.00029721799999999976,
                                            "result_set_size": 148166064,
                                            "children": [
                                                {
                                                    "operator_name": "PROJECTION",
                                                    "cpu_time": 229.75443239700274,
                                                    "extra_info": {
                                                        "Projections": [
                                                            "UserId",
                                                            "displayname",
                                                            "BadgeCount",
                                                            "TotalPostViews",
                                                            "TotalAnswers",
                                                            "CommentCount",
                                                            "LastActivity",
                                                            "TotalUpVotes",
                                                            "TotalDownVotes"
                                                        ],
                                                        "Estimated Cardinality": "3850116"
                                                    },
                                                    "cumulative_cardinality": 8240027195,
                                                    "operator_type": "PROJECTION",
                                                    "operator_cardinality": 1371908,
                                                    "cumulative_rows_scanned": 31268581,
                                                    "operator_rows_scanned": 0,
                                                    "operator_timing": 0.00034296400000000024,
                                                    "result_set_size": 148166064,
                                                    "children": [
                                                        {
                                                            "operator_name": "HASH_JOIN",
                                                            "cpu_time": 229.75408943300275,
                                                            "extra_info": {
                                                                "Join Type": "RIGHT",
                                                                "Conditions": "owneruserid = UserId",
                                                                "Estimated Cardinality": "3850116"
                                                            },
                                                            "cumulative_cardinality": 8238655287,
                                                            "operator_type": "HASH_JOIN",
                                                            "operator_cardinality": 1371908,
                                                            "cumulative_rows_scanned": 31268581,
                                                            "operator_rows_scanned": 0,
                                                            "operator_timing": 0.15015725200000002,
                                                            "result_set_size": 148166064,
                                                            "children": [
                                                                {
                                                                    "operator_name": "PROJECTION",
                                                                    "cpu_time": 0.14746703800000002,
                                                                    "extra_info": {
                                                                        "Projections": [
                                                                            "owneruserid",
                                                                            "CommentCount",
                                                                            "LastActivity"
                                                                        ],
                                                                        "Estimated Cardinality": "3850116"
                                                                    },
                                                                    "cumulative_cardinality": 1422110,
                                                                    "operator_type": "PROJECTION",
                                                                    "operator_cardinality": 145542,
                                                                    "cumulative_rows_scanned": 11091938,
                                                                    "operator_rows_scanned": 0,
                                                                    "operator_timing": 0.000022041999999999993,
                                                                    "result_set_size": 2910840,
                                                                    "children": [
                                                                        {
                                                                            "operator_name": "HASH_GROUP_BY",
                                                                            "cpu_time": 0.14744499600000002,
                                                                            "extra_info": {
                                                                                "Groups": [
                                                                                    "#0",
                                                                                    "#1",
                                                                                    "#2"
                                                                                ],
                                                                                "Aggregates": [
                                                                                    "count(#3)",
                                                                                    "max(#4)"
                                                                                ],
                                                                                "Estimated Cardinality": "3850116"
                                                                            },
                                                                            "cumulative_cardinality": 1276568,
                                                                            "operator_type": "HASH_GROUP_BY",
                                                                            "operator_cardinality": 145542,
                                                                            "cumulative_rows_scanned": 11091938,
                                                                            "operator_rows_scanned": 0,
                                                                            "operator_timing": 0.03788137900000001,
                                                                            "result_set_size": 5821680,
                                                                            "children": [
                                                                                {
                                                                                    "operator_name": "PROJECTION",
                                                                                    "cpu_time": 0.10956361700000002,
                                                                                    "extra_info": {
                                                                                        "Projections": [
                                                                                            "id",
                                                                                            "owneruserid",
                                                                                            "title",
                                                                                            "id",
                                                                                            "lastactivitydate"
                                                                                        ],
                                                                                        "Estimated Cardinality": "7241822"
                                                                                    },
                                                                                    "cumulative_cardinality": 1131026,
                                                                                    "operator_type": "PROJECTION",
                                                                                    "operator_cardinality": 349210,
                                                                                    "cumulative_rows_scanned": 11091938,
                                                                                    "operator_rows_scanned": 0,
                                                                                    "operator_timing": 0.000058501000000000015,
                                                                                    "result_set_size": 12571560,
                                                                                    "children": [
                                                                                        {
                                                                                            "operator_name": "HASH_JOIN",
                                                                                            "cpu_time": 0.10950511600000001,
                                                                                            "extra_info": {
                                                                                                "Join Type": "RIGHT",
                                                                                                "Conditions": "postid = id",
                                                                                                "Estimated Cardinality": "7241822"
                                                                                            },
                                                                                            "cumulative_cardinality": 781816,
                                                                                            "operator_type": "HASH_JOIN",
                                                                                            "operator_cardinality": 349210,
                                                                                            "cumulative_rows_scanned": 11091938,
                                                                                            "operator_rows_scanned": 0,
                                                                                            "operator_timing": 0.022315662999999993,
                                                                                            "result_set_size": 12571560,
                                                                                            "children": [
                                                                                                {
                                                                                                    "operator_name": "READ_PARQUET ",
                                                                                                    "cpu_time": 0.013455337000000013,
                                                                                                    "extra_info": {
                                                                                                        "Function": "READ_PARQUET",
                                                                                                        "Projections": [
                                                                                                            "id",
                                                                                                            "postid"
                                                                                                        ],
                                                                                                        "Estimated Cardinality": "7241822"
                                                                                                    },
                                                                                                    "cumulative_cardinality": 287064,
                                                                                                    "operator_type": "TABLE_SCAN",
                                                                                                    "operator_cardinality": 287064,
                                                                                                    "cumulative_rows_scanned": 7241822,
                                                                                                    "operator_rows_scanned": 7241822,
                                                                                                    "operator_timing": 0.013455337000000013,
                                                                                                    "result_set_size": 2296512,
                                                                                                    "children": []
                                                                                                },
                                                                                                {
                                                                                                    "operator_name": "READ_PARQUET ",
                                                                                                    "cpu_time": 0.07373411600000002,
                                                                                                    "extra_info": {
                                                                                                        "Function": "READ_PARQUET",
                                                                                                        "Projections": [
                                                                                                            "id",
                                                                                                            "owneruserid",
                                                                                                            "lastactivitydate",
                                                                                                            "title"
                                                                                                        ],
                                                                                                        "Filters": "creationdate>='2023-10-01 12:34:56'::TIMESTAMP",
                                                                                                        "Estimated Cardinality": "770023"
                                                                                                    },
                                                                                                    "cumulative_cardinality": 145542,
                                                                                                    "operator_type": "TABLE_SCAN",
                                                                                                    "operator_cardinality": 145542,
                                                                                                    "cumulative_rows_scanned": 3850116,
                                                                                                    "operator_rows_scanned": 3850116,
                                                                                                    "operator_timing": 0.07373411600000002,
                                                                                                    "result_set_size": 4657344,
                                                                                                    "children": []
                                                                                                }
                                                                                            ]
                                                                                        }
                                                                                    ]
                                                                                }
                                                                            ]
                                                                        }
                                                                    ]
                                                                },
                                                                {
                                                                    "operator_name": "PROJECTION",
                                                                    "cpu_time": 229.45646514300276,
                                                                    "extra_info": {
                                                                        "Projections": [
                                                                            "UserId",
                                                                            "displayname",
                                                                            "BadgeCount",
                                                                            "TotalPostViews",
                                                                            "TotalAnswers",
                                                                            "TotalUpVotes",
                                                                            "TotalDownVotes"
                                                                        ],
                                                                        "Estimated Cardinality": "1260710"
                                                                    },
                                                                    "cumulative_cardinality": 8235861269,
                                                                    "operator_type": "PROJECTION",
                                                                    "operator_cardinality": 1260710,
                                                                    "cumulative_rows_scanned": 20176643,
                                                                    "operator_rows_scanned": 0,
                                                                    "operator_timing": 0.02226470400000001,
                                                                    "result_set_size": 115985320,
                                                                    "children": [
                                                                        {
                                                                            "operator_name": "HASH_GROUP_BY",
                                                                            "cpu_time": 229.43420043900275,
                                                                            "extra_info": {
                                                                                "Groups": [
                                                                                    "#0",
                                                                                    "#1"
                                                                                ],
                                                                                "Aggregates": [
                                                                                    "count(#2)",
                                                                                    "sum(#3)",
                                                                                    "sum(#4)",
                                                                                    "sum(#5)",
                                                                                    "sum(#6)"
                                                                                ],
                                                                                "Estimated Cardinality": "1260710"
                                                                            },
                                                                            "cumulative_cardinality": 8234600559,
                                                                            "operator_type": "HASH_GROUP_BY",
                                                                            "operator_cardinality": 1260710,
                                                                            "cumulative_rows_scanned": 20176643,
                                                                            "operator_rows_scanned": 0,
                                                                            "operator_timing": 83.22667181700072,
                                                                            "result_set_size": 115985320,
                                                                            "children": [
                                                                                {
                                                                                    "operator_name": "PROJECTION",
                                                                                    "cpu_time": 146.20752862200203,
                                                                                    "extra_info": {
                                                                                        "Projections": [
                                                                                            "id",
                                                                                            "displayname",
                                                                                            "id",
                                                                                            "viewcount",
                                                                                            "answercount",
                                                                                            "CASE  WHEN ((votetypeid = 2)) THEN (1) ELSE 0 END",
                                                                                            "CASE  WHEN ((votetypeid = 3)) THEN (1) ELSE 0 END"
                                                                                        ],
                                                                                        "Estimated Cardinality": "12744093"
                                                                                    },
                                                                                    "cumulative_cardinality": 8233339849,
                                                                                    "operator_type": "PROJECTION",
                                                                                    "operator_cardinality": 2346038465,
                                                                                    "cumulative_rows_scanned": 20176643,
                                                                                    "operator_rows_scanned": 0,
                                                                                    "operator_timing": 12.05446593099828,
                                                                                    "result_set_size": 93841538600,
                                                                                    "children": [
                                                                                        {
                                                                                            "operator_name": "PROJECTION",
                                                                                            "cpu_time": 134.15306269100375,
                                                                                            "extra_info": {
                                                                                                "Projections": [
                                                                                                    "#0",
                                                                                                    "#4",
                                                                                                    "#5",
                                                                                                    "#3",
                                                                                                    "#1",
                                                                                                    "__internal_decompress_integral_integer(#2, 0)"
                                                                                                ],
                                                                                                "Estimated Cardinality": "12744093"
                                                                                            },
                                                                                            "cumulative_cardinality": 5887301384,
                                                                                            "operator_type": "PROJECTION",
                                                                                            "operator_cardinality": 2346038465,
                                                                                            "cumulative_rows_scanned": 20176643,
                                                                                            "operator_rows_scanned": 0,
                                                                                            "operator_timing": 1.9267420800006574,
                                                                                            "result_set_size": 79765307810,
                                                                                            "children": [
                                                                                                {
                                                                                                    "operator_name": "HASH_JOIN",
                                                                                                    "cpu_time": 132.2263206110031,
                                                                                                    "extra_info": {
                                                                                                        "Join Type": "RIGHT",
                                                                                                        "Conditions": "postid = id",
                                                                                                        "Estimated Cardinality": "12744093"
                                                                                                    },
                                                                                                    "cumulative_cardinality": 3541262919,
                                                                                                    "operator_type": "HASH_JOIN",
                                                                                                    "operator_cardinality": 2346038465,
                                                                                                    "cumulative_rows_scanned": 20176643,
                                                                                                    "operator_rows_scanned": 0,
                                                                                                    "operator_timing": 116.08039535800306,
                                                                                                    "result_set_size": 72727192415,
                                                                                                    "children": [
                                                                                                        {
                                                                                                            "operator_name": "READ_PARQUET ",
                                                                                                            "cpu_time": 0.2548930939999993,
                                                                                                            "extra_info": {
                                                                                                                "Function": "READ_PARQUET",
                                                                                                                "Projections": [
                                                                                                                    "postid",
                                                                                                                    "votetypeid"
                                                                                                                ],
                                                                                                                "Estimated Cardinality": "12744093"
                                                                                                            },
                                                                                                            "cumulative_cardinality": 12744093,
                                                                                                            "operator_type": "TABLE_SCAN",
                                                                                                            "operator_cardinality": 12744093,
                                                                                                            "cumulative_rows_scanned": 12744093,
                                                                                                            "operator_rows_scanned": 12744093,
                                                                                                            "operator_timing": 0.2548930939999993,
                                                                                                            "result_set_size": 76464558,
                                                                                                            "children": []
                                                                                                        },
                                                                                                        {
                                                                                                            "operator_name": "PROJECTION",
                                                                                                            "cpu_time": 15.891032159000048,
                                                                                                            "extra_info": {
                                                                                                                "Projections": [
                                                                                                                    "#0",
                                                                                                                    "#1",
                                                                                                                    "__internal_compress_integral_utinyint(#2, 0)",
                                                                                                                    "#3",
                                                                                                                    "#4",
                                                                                                                    "#5"
                                                                                                                ],
                                                                                                                "Estimated Cardinality": "3850116"
                                                                                                            },
                                                                                                            "cumulative_cardinality": 1182480361,
                                                                                                            "operator_type": "PROJECTION",
                                                                                                            "operator_cardinality": 586089549,
                                                                                                            "cumulative_rows_scanned": 7432550,
                                                                                                            "operator_rows_scanned": 0,
                                                                                                            "operator_timing": 0.45224166900007656,
                                                                                                            "result_set_size": 19340955117,
                                                                                                            "children": [
                                                                                                                {
                                                                                                                    "operator_name": "HASH_JOIN",
                                                                                                                    "cpu_time": 15.438790489999972,
                                                                                                                    "extra_info": {
                                                                                                                        "Join Type": "RIGHT",
                                                                                                                        "Conditions": "owneruserid = id",
                                                                                                                        "Estimated Cardinality": "3850116"
                                                                                                                    },
                                                                                                                    "cumulative_cardinality": 596390812,
                                                                                                                    "operator_type": "HASH_JOIN",
                                                                                                                    "operator_cardinality": 586089549,
                                                                                                                    "cumulative_rows_scanned": 7432550,
                                                                                                                    "operator_rows_scanned": 0,
                                                                                                                    "operator_timing": 14.867901083999973,
                                                                                                                    "result_set_size": 21099223764,
                                                                                                                    "children": [
                                                                                                                        {
                                                                                                                            "operator_name": "READ_PARQUET ",
                                                                                                                            "cpu_time": 0.23979996400000014,
                                                                                                                            "extra_info": {
                                                                                                                                "Function": "READ_PARQUET",
                                                                                                                                "Projections": [
                                                                                                                                    "id",
                                                                                                                                    "viewcount",
                                                                                                                                    "owneruserid",
                                                                                                                                    "answercount"
                                                                                                                                ],
                                                                                                                                "Estimated Cardinality": "3850116"
                                                                                                                            },
                                                                                                                            "cumulative_cardinality": 3685416,
                                                                                                                            "operator_type": "TABLE_SCAN",
                                                                                                                            "operator_cardinality": 3685416,
                                                                                                                            "cumulative_rows_scanned": 3850116,
                                                                                                                            "operator_rows_scanned": 3850116,
                                                                                                                            "operator_timing": 0.23979996400000014,
                                                                                                                            "result_set_size": 58966656,
                                                                                                                            "children": []
                                                                                                                        },
                                                                                                                        {
                                                                                                                            "operator_name": "HASH_JOIN",
                                                                                                                            "cpu_time": 0.33108944200000046,
                                                                                                                            "extra_info": {
                                                                                                                                "Join Type": "RIGHT",
                                                                                                                                "Conditions": "userid = id",
                                                                                                                                "Estimated Cardinality": "2321724"
                                                                                                                            },
                                                                                                                            "cumulative_cardinality": 6615847,
                                                                                                                            "operator_type": "HASH_JOIN",
                                                                                                                            "operator_cardinality": 3033413,
                                                                                                                            "cumulative_rows_scanned": 3582434,
                                                                                                                            "operator_rows_scanned": 0,
                                                                                                                            "operator_timing": 0.21142067400000036,
                                                                                                                            "result_set_size": 72801912,
                                                                                                                            "children": [
                                                                                                                                {
                                                                                                                                    "operator_name": "READ_PARQUET ",
                                                                                                                                    "cpu_time": 0.04387260800000003,
                                                                                                                                    "extra_info": {
                                                                                                                                        "Function": "READ_PARQUET",
                                                                                                                                        "Projections": [
                                                                                                                                            "id",
                                                                                                                                            "userid"
                                                                                                                                        ],
                                                                                                                                        "Estimated Cardinality": "2321724"
                                                                                                                                    },
                                                                                                                                    "cumulative_cardinality": 2321724,
                                                                                                                                    "operator_type": "TABLE_SCAN",
                                                                                                                                    "operator_cardinality": 2321724,
                                                                                                                                    "cumulative_rows_scanned": 2321724,
                                                                                                                                    "operator_rows_scanned": 2321724,
                                                                                                                                    "operator_timing": 0.04387260800000003,
                                                                                                                                    "result_set_size": 18573792,
                                                                                                                                    "children": []
                                                                                                                                },
                                                                                                                                {
                                                                                                                                    "operator_name": "READ_PARQUET ",
                                                                                                                                    "cpu_time": 0.07579616000000003,
                                                                                                                                    "extra_info": {
                                                                                                                                        "Function": "READ_PARQUET",
                                                                                                                                        "Projections": [
                                                                                                                                            "id",
                                                                                                                                            "displayname"
                                                                                                                                        ],
                                                                                                                                        "Estimated Cardinality": "1260710"
                                                                                                                                    },
                                                                                                                                    "cumulative_cardinality": 1260710,
                                                                                                                                    "operator_type": "TABLE_SCAN",
                                                                                                                                    "operator_cardinality": 1260710,
                                                                                                                                    "cumulative_rows_scanned": 1260710,
                                                                                                                                    "operator_rows_scanned": 1260710,
                                                                                                                                    "operator_timing": 0.07579616000000003,
                                                                                                                                    "result_set_size": 25214200,
                                                                                                                                    "children": []
                                                                                                                                }
                                                                                                                            ]
                                                                                                                        }
                                                                                                                    ]
                                                                                                                }
                                                                                                            ]
                                                                                                        }
                                                                                                    ]
                                                                                                }
                                                                                            ]
                                                                                        }
                                                                                    ]
                                                                                }
                                                                            ]
                                                                        }
                                                                    ]
                                                                }
                                                            ]
                                                        }
                                                    ]
                                                }
                                            ]
                                        }
                                    ]
                                }
                            ]
                        }
                    ]
                }
            ]
        }
    ]
}