{
    "rows_returned": 100,
    "query_name": "WITH UserActivity AS (\n    SELECT \n        u.Id AS UserId,\n        u.DisplayName,\n        u.Reputation,\n        COUNT(DISTINCT p.Id) AS PostCount,\n        COUNT(DISTINCT c.Id) AS CommentCount,\n        COUNT(DISTINCT b.Id) AS BadgeCount,\n        SUM(CASE WHEN v.VoteTypeId = 2 THEN 1 ELSE 0 END) AS UpVotes,\n        SUM(CASE WHEN v.VoteTypeId = 3 THEN 1 ELSE 0 END) AS DownVotes\n    FROM \n        Users u\n    LEFT JOIN \n        Posts p ON u.Id = p.OwnerUserId\n    LEFT JOIN \n        Comments c ON p.Id = c.PostId\n    LEFT JOIN \n        Badges b ON u.Id = b.UserId\n    LEFT JOIN \n        Votes v ON p.Id = v.PostId AND v.UserId = u.Id\n    GROUP BY \n        u.Id, u.DisplayName, u.Reputation\n), UserPosts AS (\n    SELECT \n        ua.UserId,\n        ua.DisplayName,\n        ua.Reputation,\n        COUNT(p.Id) AS TotalPosts,\n        AVG(p.Score) AS AvgScore,\n        SUM(p.ViewCount) AS TotalViews,\n        MAX(p.CreationDate) AS LastPostDate\n    FROM \n        UserActivity ua\n    JOIN \n        Posts p ON ua.UserId = p.OwnerUserId\n    GROUP BY \n        ua.UserId, ua.DisplayName, ua.Reputation\n)\nSELECT \n    up.UserId,\n    up.DisplayName,\n    up.Reputation,\n    up.TotalPosts,\n    up.AvgScore,\n    up.TotalViews,\n    up.LastPostDate,\n    COALESCE(ua.PostCount, 0) AS UniquePosts,\n    COALESCE(ua.CommentCount, 0) AS CommentsMade,\n    COALESCE(ua.BadgeCount, 0) AS Badges,\n    ua.UpVotes,\n    ua.DownVotes\nFROM \n    UserPosts up\nLEFT JOIN \n    UserActivity ua ON up.UserId = ua.UserId\nORDER BY \n    up.Reputation DESC, \n    up.TotalPosts DESC \nLIMIT 100;\n",
    "blocked_thread_time": 0.0,
    "cpu_time": 301.19395795599473,
    "extra_info": {},
    "cumulative_cardinality": 3981351172,
    "cumulative_rows_scanned": 31268581,
    "result_set_size": 12000,
    "latency": 319.428187672,
    "children": [
        {
            "operator_name": "STREAMING_LIMIT",
            "cpu_time": 301.19395795599473,
            "extra_info": {},
            "cumulative_cardinality": 3981351172,
            "operator_type": "STREAMING_LIMIT",
            "operator_cardinality": 100,
            "cumulative_rows_scanned": 31268581,
            "operator_rows_scanned": 0,
            "operator_timing": 0.000007053,
            "result_set_size": 12000,
            "children": [
                {
                    "operator_name": "ORDER_BY",
                    "cpu_time": 301.19395090299474,
                    "extra_info": {
                        "Order By": [
                            "up.Reputation DESC",
                            "up.TotalPosts DESC"
                        ]
                    },
                    "cumulative_cardinality": 3981351072,
                    "operator_type": "ORDER_BY",
                    "operator_cardinality": 4096,
                    "cumulative_rows_scanned": 31268581,
                    "operator_rows_scanned": 0,
                    "operator_timing": 0.032830505,
                    "result_set_size": 491520,
                    "children": [
                        {
                            "operator_name": "PROJECTION",
                            "cpu_time": 301.16112039799475,
                            "extra_info": {
                                "Projections": [
                                    "UserId",
                                    "displayname",
                                    "reputation",
                                    "TotalPosts",
                                    "AvgScore",
                                    "TotalViews",
                                    "LastPostDate",
                                    "UniquePosts",
                                    "CommentsMade",
                                    "Badges",
                                    "UpVotes",
                                    "DownVotes"
                                ],
                                "Estimated Cardinality": "1260710"
                            },
                            "cumulative_cardinality": 3981346976,
                            "operator_type": "PROJECTION",
                            "operator_cardinality": 371631,
                            "cumulative_rows_scanned": 31268581,
                            "operator_rows_scanned": 0,
                            "operator_timing": 0.0067550949999999966,
                            "result_set_size": 44595720,
                            "children": [
                                {
                                    "operator_name": "CTE",
                                    "cpu_time": 301.15436530299473,
                                    "extra_info": {
                                        "CTE Name": "UserActivity",
                                        "Table Index": "0"
                                    },
                                    "cumulative_cardinality": 3980975345,
                                    "operator_type": "CTE",
                                    "operator_cardinality": 0,
                                    "cumulative_rows_scanned": 31268581,
                                    "operator_rows_scanned": 0,
                                    "operator_timing": 0.022274064999999985,
                                    "result_set_size": 0,
                                    "children": [
                                        {
                                            "operator_name": "HASH_GROUP_BY",
                                            "cpu_time": 292.54176996199476,
                                            "extra_info": {
                                                "Groups": [
                                                    "#0",
                                                    "#1",
                                                    "#2"
                                                ],
                                                "Aggregates": [
                                                    "count(DISTINCT #3)",
                                                    "count(DISTINCT #4)",
                                                    "count(DISTINCT #5)",
                                                    "sum(#6)",
                                                    "sum(#7)"
                                                ],
                                                "Estimated Cardinality": "1260710"
                                            },
                                            "cumulative_cardinality": 3966654415,
                                            "operator_type": "HASH_GROUP_BY",
                                            "operator_cardinality": 1260710,
                                            "cumulative_rows_scanned": 27418465,
                                            "operator_rows_scanned": 0,
                                            "operator_timing": 151.16164166899642,
                                            "result_set_size": 100856800,
                                            "children": [
                                                {
                                                    "operator_name": "PROJECTION",
                                                    "cpu_time": 141.38012829299836,
                                                    "extra_info": {
                                                        "Projections": [
                                                            "id",
                                                            "displayname",
                                                            "reputation",
                                                            "id",
                                                            "id",
                                                            "id",
                                                            "CASE  WHEN ((votetypeid = 2)) THEN (1) ELSE 0 END",
                                                            "CASE  WHEN ((votetypeid = 3)) THEN (1) ELSE 0 END"
                                                        ],
                                                        "Estimated Cardinality": "12744093"
                                                    },
                                                    "cumulative_cardinality": 3965393705,
                                                    "operator_type": "PROJECTION",
                                                    "operator_cardinality": 1312584858,
                                                    "cumulative_rows_scanned": 27418465,
                                                    "operator_rows_scanned": 0,
                                                    "operator_timing": 2.287761409999436,
                                                    "result_set_size": 57753733752,
                                                    "children": [
                                                        {
                                                            "operator_name": "HASH_JOIN",
                                                            "cpu_time": 139.09236688299893,
                                                            "extra_info": {
                                                                "Join Type": "RIGHT",
                                                                "Conditions": [
                                                                    "postid = id",
                                                                    "userid = id"
                                                                ],
                                                                "Estimated Cardinality": "12744093"
                                                            },
                                                            "cumulative_cardinality": 2652808847,
                                                            "operator_type": "HASH_JOIN",
                                                            "operator_cardinality": 1312584858,
                                                            "cumulative_rows_scanned": 27418465,
                                                            "operator_rows_scanned": 0,
                                                            "operator_timing": 122.40271789199969,
                                                            "result_set_size": 49878224604,
                                                            "children": [
                                                                {
                                                                    "operator_name": "READ_PARQUET ",
                                                                    "cpu_time": 0.28471661000000026,
                                                                    "extra_info": {
                                                                        "Function": "READ_PARQUET",
                                                                        "Projections": [
                                                                            "postid",
                                                                            "votetypeid",
                                                                            "userid"
                                                                        ],
                                                                        "Estimated Cardinality": "12744093"
                                                                    },
                                                                    "cumulative_cardinality": 40287,
                                                                    "operator_type": "TABLE_SCAN",
                                                                    "operator_cardinality": 40287,
                                                                    "cumulative_rows_scanned": 12744093,
                                                                    "operator_rows_scanned": 12744093,
                                                                    "operator_timing": 0.28471661000000026,
                                                                    "result_set_size": 402870,
                                                                    "children": []
                                                                },
                                                                {
                                                                    "operator_name": "HASH_JOIN",
                                                                    "cpu_time": 16.404932380999256,
                                                                    "extra_info": {
                                                                        "Join Type": "LEFT",
                                                                        "Conditions": "id = userid",
                                                                        "Estimated Cardinality": "7241822"
                                                                    },
                                                                    "cumulative_cardinality": 1340183702,
                                                                    "operator_type": "HASH_JOIN",
                                                                    "operator_cardinality": 1311674025,
                                                                    "cumulative_rows_scanned": 14674372,
                                                                    "operator_rows_scanned": 0,
                                                                    "operator_timing": 14.963846695999264,
                                                                    "result_set_size": 47220264900,
                                                                    "children": [
                                                                        {
                                                                            "operator_name": "HASH_JOIN",
                                                                            "cpu_time": 1.4196063769999925,
                                                                            "extra_info": {
                                                                                "Join Type": "RIGHT",
                                                                                "Conditions": "postid = id",
                                                                                "Estimated Cardinality": "7241822"
                                                                            },
                                                                            "cumulative_cardinality": 26187953,
                                                                            "operator_type": "HASH_JOIN",
                                                                            "operator_cardinality": 9425510,
                                                                            "cumulative_rows_scanned": 12352648,
                                                                            "operator_rows_scanned": 0,
                                                                            "operator_timing": 0.826736771999993,
                                                                            "result_set_size": 301616320,
                                                                            "children": [
                                                                                {
                                                                                    "operator_name": "READ_PARQUET ",
                                                                                    "cpu_time": 0.16686208300000016,
                                                                                    "extra_info": {
                                                                                        "Function": "READ_PARQUET",
                                                                                        "Projections": [
                                                                                            "id",
                                                                                            "postid"
                                                                                        ],
                                                                                        "Estimated Cardinality": "7241822"
                                                                                    },
                                                                                    "cumulative_cardinality": 7241822,
                                                                                    "operator_type": "TABLE_SCAN",
                                                                                    "operator_cardinality": 7241822,
                                                                                    "cumulative_rows_scanned": 7241822,
                                                                                    "operator_rows_scanned": 7241822,
                                                                                    "operator_timing": 0.16686208300000016,
                                                                                    "result_set_size": 57934576,
                                                                                    "children": []
                                                                                },
                                                                                {
                                                                                    "operator_name": "HASH_JOIN",
                                                                                    "cpu_time": 0.42600752199999936,
                                                                                    "extra_info": {
                                                                                        "Join Type": "RIGHT",
                                                                                        "Conditions": "owneruserid = id",
                                                                                        "Estimated Cardinality": "3850116"
                                                                                    },
                                                                                    "cumulative_cardinality": 9520621,
                                                                                    "operator_type": "HASH_JOIN",
                                                                                    "operator_cardinality": 4574495,
                                                                                    "cumulative_rows_scanned": 5110826,
                                                                                    "operator_rows_scanned": 0,
                                                                                    "operator_timing": 0.25487191799999953,
                                                                                    "result_set_size": 128085860,
                                                                                    "children": [
                                                                                        {
                                                                                            "operator_name": "READ_PARQUET ",
                                                                                            "cpu_time": 0.08489392199999986,
                                                                                            "extra_info": {
                                                                                                "Function": "READ_PARQUET",
                                                                                                "Projections": [
                                                                                                    "id",
                                                                                                    "owneruserid"
                                                                                                ],
                                                                                                "Estimated Cardinality": "3850116"
                                                                                            },
                                                                                            "cumulative_cardinality": 3685416,
                                                                                            "operator_type": "TABLE_SCAN",
                                                                                            "operator_cardinality": 3685416,
                                                                                            "cumulative_rows_scanned": 3850116,
                                                                                            "operator_rows_scanned": 3850116,
                                                                                            "operator_timing": 0.08489392199999986,
                                                                                            "result_set_size": 29483328,
                                                                                            "children": []
                                                                                        },
                                                                                        {
                                                                                            "operator_name": "READ_PARQUET ",
                                                                                            "cpu_time": 0.08624168200000001,
                                                                                            "extra_info": {
                                                                                                "Function": "READ_PARQUET",
                                                                                                "Projections": [
                                                                                                    "id",
                                                                                                    "reputation",
                                                                                                    "displayname"
                                                                                                ],
                                                                                                "Estimated Cardinality": "1260710"
                                                                                            },
                                                                                            "cumulative_cardinality": 1260710,
                                                                                            "operator_type": "TABLE_SCAN",
                                                                                            "operator_cardinality": 1260710,
                                                                                            "cumulative_rows_scanned": 1260710,
                                                                                            "operator_rows_scanned": 1260710,
                                                                                            "operator_timing": 0.08624168200000001,
                                                                                            "result_set_size": 30257040,
                                                                                            "children": []
                                                                                        }
                                                                                    ]
                                                                                }
                                                                            ]
                                                                        },
                                                                        {
                                                                            "operator_name": "READ_PARQUET ",
                                                                            "cpu_time": 0.021479308000000013,
                                                                            "extra_info": {
                                                                                "Function": "READ_PARQUET",
                                                                                "Projections": [
                                                                                    "id",
                                                                                    "userid"
                                                                                ],
                                                                                "Estimated Cardinality": "2321724"
                                                                            },
                                                                            "cumulative_cardinality": 2321724,
                                                                            "operator_type": "TABLE_SCAN",
                                                                            "operator_cardinality": 2321724,
                                                                            "cumulative_rows_scanned": 2321724,
                                                                            "operator_rows_scanned": 2321724,
                                                                            "operator_timing": 0.021479308000000013,
                                                                            "result_set_size": 18573792,
                                                                            "children": []
                                                                        }
                                                                    ]
                                                                }
                                                            ]
                                                        }
                                                    ]
                                                }
                                            ]
                                        },
                                        {
                                            "operator_name": "HASH_JOIN",
                                            "cpu_time": 8.590321276000015,
                                            "extra_info": {
                                                "Join Type": "RIGHT",
                                                "Conditions": "UserId = UserId",
                                                "Estimated Cardinality": "1260710"
                                            },
                                            "cumulative_cardinality": 14320930,
                                            "operator_type": "HASH_JOIN",
                                            "operator_cardinality": 371631,
                                            "cumulative_rows_scanned": 3850116,
                                            "operator_rows_scanned": 0,
                                            "operator_timing": 0.06324878,
                                            "result_set_size": 53514864,
                                            "children": [
                                                {
                                                    "operator_name": "CTE_SCAN",
                                                    "cpu_time": 0.0064997760000000005,
                                                    "extra_info": {
                                                        "CTE Index": "0",
                                                        "Estimated Cardinality": "1260710"
                                                    },
                                                    "cumulative_cardinality": 1260710,
                                                    "operator_type": "CTE_SCAN",
                                                    "operator_cardinality": 1260710,
                                                    "cumulative_rows_scanned": 0,
                                                    "operator_rows_scanned": 0,
                                                    "operator_timing": 0.0064997760000000005,
                                                    "result_set_size": 100856800,
                                                    "children": []
                                                },
                                                {
                                                    "operator_name": "HASH_GROUP_BY",
                                                    "cpu_time": 8.520572720000015,
                                                    "extra_info": {
                                                        "Groups": [
                                                            "#0",
                                                            "#1",
                                                            "#2"
                                                        ],
                                                        "Aggregates": [
                                                            "count_star()",
                                                            "avg(#3)",
                                                            "sum(#4)",
                                                            "max(#5)"
                                                        ],
                                                        "Estimated Cardinality": "1260710"
                                                    },
                                                    "cumulative_cardinality": 12688589,
                                                    "operator_type": "HASH_GROUP_BY",
                                                    "operator_cardinality": 371631,
                                                    "cumulative_rows_scanned": 3850116,
                                                    "operator_rows_scanned": 0,
                                                    "operator_timing": 0.30446151599999965,
                                                    "result_set_size": 23784384,
                                                    "children": [
                                                        {
                                                            "operator_name": "PROJECTION",
                                                            "cpu_time": 8.216111204000015,
                                                            "extra_info": {
                                                                "Projections": [
                                                                    "UserId",
                                                                    "displayname",
                                                                    "reputation",
                                                                    "score",
                                                                    "viewcount",
                                                                    "creationdate"
                                                                ],
                                                                "Estimated Cardinality": "3850116"
                                                            },
                                                            "cumulative_cardinality": 12316958,
                                                            "operator_type": "PROJECTION",
                                                            "operator_cardinality": 3685416,
                                                            "cumulative_rows_scanned": 3850116,
                                                            "operator_rows_scanned": 0,
                                                            "operator_timing": 0.0009617509999999991,
                                                            "result_set_size": 147416640,
                                                            "children": [
                                                                {
                                                                    "operator_name": "HASH_JOIN",
                                                                    "cpu_time": 8.215149453000015,
                                                                    "extra_info": {
                                                                        "Join Type": "INNER",
                                                                        "Conditions": "owneruserid = UserId",
                                                                        "Estimated Cardinality": "3850116"
                                                                    },
                                                                    "cumulative_cardinality": 8631542,
                                                                    "operator_type": "HASH_JOIN",
                                                                    "operator_cardinality": 3685416,
                                                                    "cumulative_rows_scanned": 3850116,
                                                                    "operator_rows_scanned": 0,
                                                                    "operator_timing": 0.21741571300000007,
                                                                    "result_set_size": 147416640,
                                                                    "children": [
                                                                        {
                                                                            "operator_name": "READ_PARQUET ",
                                                                            "cpu_time": 7.993988850000015,
                                                                            "extra_info": {
                                                                                "Function": "READ_PARQUET",
                                                                                "Projections": [
                                                                                    "id",
                                                                                    "posttypeid",
                                                                                    "acceptedanswerid",
                                                                                    "parentid",
                                                                                    "creationdate",
                                                                                    "score",
                                                                                    "viewcount",
                                                                                    "body",
                                                                                    "owneruserid",
                                                                                    "ownerdisplayname",
                                                                                    "lasteditoruserid",
                                                                                    "lasteditordisplayname",
                                                                                    "lasteditdate",
                                                                                    "lastactivitydate",
                                                                                    "title",
                                                                                    "tags",
                                                                                    "answercount",
                                                                                    "commentcount",
                                                                                    "favoritecount",
                                                                                    "closeddate",
                                                                                    "communityowneddate",
                                                                                    "contentlicense"
                                                                                ],
                                                                                "Estimated Cardinality": "3850116"
                                                                            },
                                                                            "cumulative_cardinality": 3685416,
                                                                            "operator_type": "TABLE_SCAN",
                                                                            "operator_cardinality": 3685416,
                                                                            "cumulative_rows_scanned": 3850116,
                                                                            "operator_rows_scanned": 3850116,
                                                                            "operator_timing": 7.993988850000015,
                                                                            "result_set_size": 656004048,
                                                                            "children": []
                                                                        },
                                                                        {
                                                                            "operator_name": "CTE_SCAN",
                                                                            "cpu_time": 0.0037448900000000025,
                                                                            "extra_info": {
                                                                                "CTE Index": "0",
                                                                                "Estimated Cardinality": "1260710"
                                                                            },
                                                                            "cumulative_cardinality": 1260710,
                                                                            "operator_type": "CTE_SCAN",
                                                                            "operator_cardinality": 1260710,
                                                                            "cumulative_rows_scanned": 0,
                                                                            "operator_rows_scanned": 0,
                                                                            "operator_timing": 0.0037448900000000025,
                                                                            "result_set_size": 100856800,
                                                                            "children": []
                                                                        }
                                                                    ]
                                                                }
                                                            ]
                                                        }
                                                    ]
                                                }
                                            ]
                                        }
                                    ]
                                }
                            ]
                        }
                    ]
                }
            ]
        }
    ]
}