{
    "rows_returned": 100,
    "query_name": "\nWITH UserStats AS (\n    SELECT \n        U.Id AS UserId,\n        U.DisplayName,\n        U.Reputation,\n        COUNT(DISTINCT B.Id) AS BadgeCount,\n        SUM(CASE WHEN P.PostTypeId = 1 THEN P.Score ELSE 0 END) AS QuestionScore,\n        SUM(CASE WHEN P.PostTypeId = 2 THEN P.Score ELSE 0 END) AS AnswerScore,\n        COUNT(DISTINCT P.Id) AS PostCount\n    FROM \n        Users U\n    LEFT JOIN \n        Badges B ON U.Id = B.UserId\n    LEFT JOIN \n        Posts P ON U.Id = P.OwnerUserId\n    GROUP BY \n        U.Id, U.DisplayName, U.Reputation\n),\nPostInteraction AS (\n    SELECT \n        P.OwnerUserId,\n        COUNT(CASE WHEN C.Id IS NOT NULL THEN 1 END) AS CommentCount,\n        SUM(CASE WHEN V.CreationDate IS NOT NULL THEN 1 ELSE 0 END) AS VoteCount,\n        COUNT(DISTINCT PL.RelatedPostId) AS RelatedPostsCount\n    FROM \n        Posts P\n    LEFT JOIN \n        Comments C ON P.Id = C.PostId\n    LEFT JOIN \n        Votes V ON P.Id = V.PostId\n    LEFT JOIN \n        PostLinks PL ON P.Id = PL.PostId\n    GROUP BY \n        P.OwnerUserId\n),\nCombinedStats AS (\n    SELECT \n        US.UserId,\n        US.DisplayName,\n        US.Reputation,\n        US.BadgeCount,\n        US.QuestionScore,\n        US.AnswerScore,\n        US.PostCount,\n        COALESCE(PI.CommentCount, 0) AS CommentCount,\n        COALESCE(PI.VoteCount, 0) AS VoteCount,\n        COALESCE(PI.RelatedPostsCount, 0) AS RelatedPostsCount\n    FROM \n        UserStats US\n    LEFT JOIN \n        PostInteraction PI ON US.UserId = PI.OwnerUserId\n)\nSELECT \n    UserId,\n    DisplayName,\n    Reputation,\n    BadgeCount,\n    QuestionScore,\n    AnswerScore,\n    PostCount,\n    CommentCount,\n    VoteCount,\n    RelatedPostsCount\nFROM \n    CombinedStats\nWHERE \n    Reputation > 1000\nORDER BY \n    Reputation DESC, BadgeCount DESC, PostCount DESC\nFETCH FIRST 100 ROWS ONLY;\n",
    "blocked_thread_time": 0.0,
    "cpu_time": 85.44269158799881,
    "extra_info": {},
    "cumulative_cardinality": 1286353271,
    "cumulative_rows_scanned": 31681572,
    "result_set_size": 10400,
    "latency": 93.045116099,
    "children": [
        {
            "operator_name": "STREAMING_LIMIT",
            "cpu_time": 85.44269158799881,
            "extra_info": {},
            "cumulative_cardinality": 1286353271,
            "operator_type": "STREAMING_LIMIT",
            "operator_cardinality": 100,
            "cumulative_rows_scanned": 31681572,
            "operator_rows_scanned": 0,
            "operator_timing": 0.000001813,
            "result_set_size": 10400,
            "children": [
                {
                    "operator_name": "ORDER_BY",
                    "cpu_time": 85.44268977499881,
                    "extra_info": {
                        "Order By": [
                            "CombinedStats.Reputation DESC",
                            "CombinedStats.BadgeCount DESC",
                            "CombinedStats.PostCount DESC"
                        ]
                    },
                    "cumulative_cardinality": 1286353171,
                    "operator_type": "ORDER_BY",
                    "operator_cardinality": 4096,
                    "cumulative_rows_scanned": 31681572,
                    "operator_rows_scanned": 0,
                    "operator_timing": 0.0013551289999999998,
                    "result_set_size": 425984,
                    "children": [
                        {
                            "operator_name": "PROJECTION",
                            "cpu_time": 85.44133464599881,
                            "extra_info": {
                                "Projections": [
                                    "UserId",
                                    "displayname",
                                    "reputation",
                                    "BadgeCount",
                                    "QuestionScore",
                                    "AnswerScore",
                                    "PostCount",
                                    "CommentCount",
                                    "VoteCount",
                                    "RelatedPostsCount"
                                ],
                                "Estimated Cardinality": "3850116"
                            },
                            "cumulative_cardinality": 1286349075,
                            "operator_type": "PROJECTION",
                            "operator_cardinality": 11215,
                            "cumulative_rows_scanned": 31681572,
                            "operator_rows_scanned": 0,
                            "operator_timing": 0.0011152840000000002,
                            "result_set_size": 1166360,
                            "children": [
                                {
                                    "operator_name": "HASH_JOIN",
                                    "cpu_time": 85.44021936199881,
                                    "extra_info": {
                                        "Join Type": "RIGHT",
                                        "Conditions": "owneruserid = UserId",
                                        "Estimated Cardinality": "3850116"
                                    },
                                    "cumulative_cardinality": 1286337860,
                                    "operator_type": "HASH_JOIN",
                                    "operator_cardinality": 11215,
                                    "cumulative_rows_scanned": 31681572,
                                    "operator_rows_scanned": 0,
                                    "operator_timing": 0.005284852999999999,
                                    "result_set_size": 1166360,
                                    "children": [
                                        {
                                            "operator_name": "HASH_GROUP_BY",
                                            "cpu_time": 4.882021703999991,
                                            "extra_info": {
                                                "Groups": "#0",
                                                "Aggregates": [
                                                    "count(#1)",
                                                    "sum(#2)",
                                                    "count(DISTINCT #3)"
                                                ],
                                                "Estimated Cardinality": "3850116"
                                            },
                                            "cumulative_cardinality": 151621102,
                                            "operator_type": "HASH_GROUP_BY",
                                            "operator_cardinality": 371632,
                                            "cumulative_rows_scanned": 24249022,
                                            "operator_rows_scanned": 0,
                                            "operator_timing": 1.561870778999996,
                                            "result_set_size": 13378752,
                                            "children": [
                                                {
                                                    "operator_name": "PROJECTION",
                                                    "cpu_time": 3.320150924999995,
                                                    "extra_info": {
                                                        "Projections": [
                                                            "owneruserid",
                                                            "CASE  WHEN ((id IS NOT NULL)) THEN (1) ELSE NULL END",
                                                            "CASE  WHEN ((creationdate IS NOT NULL)) THEN (1) ELSE 0 END",
                                                            "relatedpostid"
                                                        ],
                                                        "Estimated Cardinality": "12744093"
                                                    },
                                                    "cumulative_cardinality": 151249470,
                                                    "operator_type": "PROJECTION",
                                                    "operator_cardinality": 41471296,
                                                    "cumulative_rows_scanned": 24249022,
                                                    "operator_rows_scanned": 0,
                                                    "operator_timing": 0.20386898700000047,
                                                    "result_set_size": 663540736,
                                                    "children": [
                                                        {
                                                            "operator_name": "HASH_JOIN",
                                                            "cpu_time": 3.116281937999995,
                                                            "extra_info": {
                                                                "Join Type": "LEFT",
                                                                "Conditions": "id = postid",
                                                                "Estimated Cardinality": "12744093"
                                                            },
                                                            "cumulative_cardinality": 109778174,
                                                            "operator_type": "HASH_JOIN",
                                                            "operator_cardinality": 41471296,
                                                            "cumulative_rows_scanned": 24249022,
                                                            "operator_rows_scanned": 0,
                                                            "operator_timing": 0.6353597749999995,
                                                            "result_set_size": 829425920,
                                                            "children": [
                                                                {
                                                                    "operator_name": "HASH_JOIN",
                                                                    "cpu_time": 2.475506684999995,
                                                                    "extra_info": {
                                                                        "Join Type": "RIGHT",
                                                                        "Conditions": "postid = id",
                                                                        "Estimated Cardinality": "12744093"
                                                                    },
                                                                    "cumulative_cardinality": 67893887,
                                                                    "operator_type": "HASH_JOIN",
                                                                    "operator_cardinality": 35129590,
                                                                    "cumulative_rows_scanned": 23836031,
                                                                    "operator_rows_scanned": 0,
                                                                    "operator_timing": 1.4660894649999947,
                                                                    "result_set_size": 702591800,
                                                                    "children": [
                                                                        {
                                                                            "operator_name": "READ_PARQUET ",
                                                                            "cpu_time": 0.24790186100000122,
                                                                            "extra_info": {
                                                                                "Function": "READ_PARQUET",
                                                                                "Projections": [
                                                                                    "postid",
                                                                                    "creationdate"
                                                                                ],
                                                                                "Estimated Cardinality": "12744093"
                                                                            },
                                                                            "cumulative_cardinality": 12744093,
                                                                            "operator_type": "TABLE_SCAN",
                                                                            "operator_cardinality": 12744093,
                                                                            "cumulative_rows_scanned": 12744093,
                                                                            "operator_rows_scanned": 12744093,
                                                                            "operator_timing": 0.24790186100000122,
                                                                            "result_set_size": 152929116,
                                                                            "children": []
                                                                        },
                                                                        {
                                                                            "operator_name": "HASH_JOIN",
                                                                            "cpu_time": 0.7615153589999991,
                                                                            "extra_info": {
                                                                                "Join Type": "RIGHT",
                                                                                "Conditions": "postid = id",
                                                                                "Estimated Cardinality": "7241822"
                                                                            },
                                                                            "cumulative_cardinality": 20020204,
                                                                            "operator_type": "HASH_JOIN",
                                                                            "operator_cardinality": 8928266,
                                                                            "cumulative_rows_scanned": 11091938,
                                                                            "operator_rows_scanned": 0,
                                                                            "operator_timing": 0.5760850599999994,
                                                                            "result_set_size": 107139192,
                                                                            "children": [
                                                                                {
                                                                                    "operator_name": "READ_PARQUET ",
                                                                                    "cpu_time": 0.14181019699999975,
                                                                                    "extra_info": {
                                                                                        "Function": "READ_PARQUET",
                                                                                        "Projections": [
                                                                                            "id",
                                                                                            "postid"
                                                                                        ],
                                                                                        "Estimated Cardinality": "7241822"
                                                                                    },
                                                                                    "cumulative_cardinality": 7241822,
                                                                                    "operator_type": "TABLE_SCAN",
                                                                                    "operator_cardinality": 7241822,
                                                                                    "cumulative_rows_scanned": 7241822,
                                                                                    "operator_rows_scanned": 7241822,
                                                                                    "operator_timing": 0.14181019699999975,
                                                                                    "result_set_size": 57934576,
                                                                                    "children": []
                                                                                },
                                                                                {
                                                                                    "operator_name": "READ_PARQUET ",
                                                                                    "cpu_time": 0.04362010199999998,
                                                                                    "extra_info": {
                                                                                        "Function": "READ_PARQUET",
                                                                                        "Projections": [
                                                                                            "id",
                                                                                            "owneruserid"
                                                                                        ],
                                                                                        "Estimated Cardinality": "3850116"
                                                                                    },
                                                                                    "cumulative_cardinality": 3850116,
                                                                                    "operator_type": "TABLE_SCAN",
                                                                                    "operator_cardinality": 3850116,
                                                                                    "cumulative_rows_scanned": 3850116,
                                                                                    "operator_rows_scanned": 3850116,
                                                                                    "operator_timing": 0.04362010199999998,
                                                                                    "result_set_size": 30800928,
                                                                                    "children": []
                                                                                }
                                                                            ]
                                                                        }
                                                                    ]
                                                                },
                                                                {
                                                                    "operator_name": "READ_PARQUET ",
                                                                    "cpu_time": 0.005415478000000006,
                                                                    "extra_info": {
                                                                        "Function": "READ_PARQUET",
                                                                        "Projections": [
                                                                            "postid",
                                                                            "relatedpostid"
                                                                        ],
                                                                        "Estimated Cardinality": "412991"
                                                                    },
                                                                    "cumulative_cardinality": 412991,
                                                                    "operator_type": "TABLE_SCAN",
                                                                    "operator_cardinality": 412991,
                                                                    "cumulative_rows_scanned": 412991,
                                                                    "operator_rows_scanned": 412991,
                                                                    "operator_timing": 0.005415478000000006,
                                                                    "result_set_size": 3303928,
                                                                    "children": []
                                                                }
                                                            ]
                                                        }
                                                    ]
                                                }
                                            ]
                                        },
                                        {
                                            "operator_name": "HASH_GROUP_BY",
                                            "cpu_time": 80.55291280499883,
                                            "extra_info": {
                                                "Groups": [
                                                    "#0",
                                                    "#1",
                                                    "#2"
                                                ],
                                                "Aggregates": [
                                                    "count(DISTINCT #3)",
                                                    "sum(#4)",
                                                    "sum(#5)",
                                                    "count(DISTINCT #6)"
                                                ],
                                                "Estimated Cardinality": "1260710"
                                            },
                                            "cumulative_cardinality": 1134705543,
                                            "operator_type": "HASH_GROUP_BY",
                                            "operator_cardinality": 11215,
                                            "cumulative_rows_scanned": 7432550,
                                            "operator_rows_scanned": 0,
                                            "operator_timing": 62.96619628199905,
                                            "result_set_size": 807480,
                                            "children": [
                                                {
                                                    "operator_name": "PROJECTION",
                                                    "cpu_time": 17.58671652299977,
                                                    "extra_info": {
                                                        "Projections": [
                                                            "id",
                                                            "displayname",
                                                            "reputation",
                                                            "id",
                                                            "CASE  WHEN ((posttypeid = 1)) THEN (score) ELSE 0 END",
                                                            "CASE  WHEN ((posttypeid = 2)) THEN (score) ELSE 0 END",
                                                            "id"
                                                        ],
                                                        "Estimated Cardinality": "3850116"
                                                    },
                                                    "cumulative_cardinality": 1134694328,
                                                    "operator_type": "PROJECTION",
                                                    "operator_cardinality": 564024796,
                                                    "cumulative_rows_scanned": 7432550,
                                                    "operator_rows_scanned": 0,
                                                    "operator_timing": 5.175222658999947,
                                                    "result_set_size": 22560991840,
                                                    "children": [
                                                        {
                                                            "operator_name": "HASH_JOIN",
                                                            "cpu_time": 12.411493863999821,
                                                            "extra_info": {
                                                                "Join Type": "RIGHT",
                                                                "Conditions": "owneruserid = id",
                                                                "Estimated Cardinality": "3850116"
                                                            },
                                                            "cumulative_cardinality": 570669532,
                                                            "operator_type": "HASH_JOIN",
                                                            "operator_cardinality": 564024796,
                                                            "cumulative_rows_scanned": 7432550,
                                                            "operator_rows_scanned": 0,
                                                            "operator_timing": 12.095876326999822,
                                                            "result_set_size": 21432942248,
                                                            "children": [
                                                                {
                                                                    "operator_name": "READ_PARQUET ",
                                                                    "cpu_time": 0.18387317899999972,
                                                                    "extra_info": {
                                                                        "Function": "READ_PARQUET",
                                                                        "Projections": [
                                                                            "id",
                                                                            "posttypeid",
                                                                            "score",
                                                                            "owneruserid"
                                                                        ],
                                                                        "Estimated Cardinality": "3850116"
                                                                    },
                                                                    "cumulative_cardinality": 3683373,
                                                                    "operator_type": "TABLE_SCAN",
                                                                    "operator_cardinality": 3683373,
                                                                    "cumulative_rows_scanned": 3850116,
                                                                    "operator_rows_scanned": 3850116,
                                                                    "operator_timing": 0.18387317899999972,
                                                                    "result_set_size": 51567222,
                                                                    "children": []
                                                                },
                                                                {
                                                                    "operator_name": "HASH_JOIN",
                                                                    "cpu_time": 0.1317443579999999,
                                                                    "extra_info": {
                                                                        "Join Type": "RIGHT",
                                                                        "Conditions": "userid = id",
                                                                        "Estimated Cardinality": "2321724"
                                                                    },
                                                                    "cumulative_cardinality": 2961363,
                                                                    "operator_type": "HASH_JOIN",
                                                                    "operator_cardinality": 632948,
                                                                    "cumulative_rows_scanned": 3582434,
                                                                    "operator_rows_scanned": 0,
                                                                    "operator_timing": 0.040195207,
                                                                    "result_set_size": 17722544,
                                                                    "children": [
                                                                        {
                                                                            "operator_name": "READ_PARQUET ",
                                                                            "cpu_time": 0.03846298199999995,
                                                                            "extra_info": {
                                                                                "Function": "READ_PARQUET",
                                                                                "Projections": [
                                                                                    "id",
                                                                                    "userid"
                                                                                ],
                                                                                "Estimated Cardinality": "2321724"
                                                                            },
                                                                            "cumulative_cardinality": 2317200,
                                                                            "operator_type": "TABLE_SCAN",
                                                                            "operator_cardinality": 2317200,
                                                                            "cumulative_rows_scanned": 2321724,
                                                                            "operator_rows_scanned": 2321724,
                                                                            "operator_timing": 0.03846298199999995,
                                                                            "result_set_size": 18537600,
                                                                            "children": []
                                                                        },
                                                                        {
                                                                            "operator_name": "READ_PARQUET ",
                                                                            "cpu_time": 0.053086168999999954,
                                                                            "extra_info": {
                                                                                "Function": "READ_PARQUET",
                                                                                "Projections": [
                                                                                    "id",
                                                                                    "reputation",
                                                                                    "displayname"
                                                                                ],
                                                                                "Filters": "reputation>1000",
                                                                                "Estimated Cardinality": "252142"
                                                                            },
                                                                            "cumulative_cardinality": 11215,
                                                                            "operator_type": "TABLE_SCAN",
                                                                            "operator_cardinality": 11215,
                                                                            "cumulative_rows_scanned": 1260710,
                                                                            "operator_rows_scanned": 1260710,
                                                                            "operator_timing": 0.053086168999999954,
                                                                            "result_set_size": 269160,
                                                                            "children": []
                                                                        }
                                                                    ]
                                                                }
                                                            ]
                                                        }
                                                    ]
                                                }
                                            ]
                                        }
                                    ]
                                }
                            ]
                        }
                    ]
                }
            ]
        }
    ]
}