{
    "rows_returned": 10,
    "query_name": "\nWITH UserBadgeCounts AS (\n    SELECT \n        Users.Id AS UserId,\n        Users.DisplayName,\n        COUNT(Badges.Id) AS BadgeCount\n    FROM \n        Users\n    LEFT JOIN \n        Badges ON Users.Id = Badges.UserId\n    GROUP BY \n        Users.Id, Users.DisplayName\n),\nPostStats AS (\n    SELECT \n        Posts.OwnerUserId,\n        COUNT(Posts.Id) AS PostCount,\n        SUM(CASE WHEN Posts.PostTypeId = 1 THEN 1 ELSE 0 END) AS QuestionCount,\n        SUM(CASE WHEN Posts.PostTypeId = 2 THEN 1 ELSE 0 END) AS AnswerCount,\n        SUM(Posts.ViewCount) AS TotalViews,\n        AVG(Posts.Score) AS AverageScore\n    FROM \n        Posts\n    GROUP BY \n        Posts.OwnerUserId\n),\nCombinedStats AS (\n    SELECT \n        u.DisplayName,\n        u.Reputation,\n        u.LastAccessDate,\n        COALESCE(pc.PostCount, 0) AS PostCount,\n        COALESCE(pc.QuestionCount, 0) AS QuestionCount,\n        COALESCE(pc.AnswerCount, 0) AS AnswerCount,\n        COALESCE(pc.TotalViews, 0) AS TotalViews,\n        COALESCE(pc.AverageScore, 0) AS AverageScore,\n        COALESCE(bc.BadgeCount, 0) AS BadgeCount\n    FROM \n        Users u\n    LEFT JOIN \n        PostStats pc ON u.Id = pc.OwnerUserId\n    LEFT JOIN \n        UserBadgeCounts bc ON u.Id = bc.UserId\n)\nSELECT \n    DisplayName,\n    Reputation,\n    LastAccessDate,\n    PostCount,\n    QuestionCount,\n    AnswerCount,\n    TotalViews,\n    AverageScore,\n    BadgeCount\nFROM \n    CombinedStats\nWHERE \n    BadgeCount > 0\nORDER BY \n    TotalViews DESC, Reputation DESC\nLIMIT 10;\n",
    "blocked_thread_time": 0.0,
    "cpu_time": 1.3675302690000004,
    "extra_info": {},
    "cumulative_cardinality": 23703444,
    "cumulative_rows_scanned": 8693260,
    "result_set_size": 1000,
    "latency": 1.519942684,
    "children": [
        {
            "operator_name": "STREAMING_LIMIT",
            "cpu_time": 1.3675302690000004,
            "extra_info": {},
            "cumulative_cardinality": 23703444,
            "operator_type": "STREAMING_LIMIT",
            "operator_cardinality": 10,
            "cumulative_rows_scanned": 8693260,
            "operator_rows_scanned": 0,
            "operator_timing": 0.0000056610000000000005,
            "result_set_size": 1000,
            "children": [
                {
                    "operator_name": "ORDER_BY",
                    "cpu_time": 1.3675246080000003,
                    "extra_info": {
                        "Order By": [
                            "CombinedStats.TotalViews DESC",
                            "CombinedStats.Reputation DESC"
                        ]
                    },
                    "cumulative_cardinality": 23703434,
                    "operator_type": "ORDER_BY",
                    "operator_cardinality": 4096,
                    "cumulative_rows_scanned": 8693260,
                    "operator_rows_scanned": 0,
                    "operator_timing": 0.052516859,
                    "result_set_size": 409600,
                    "children": [
                        {
                            "operator_name": "PROJECTION",
                            "cpu_time": 1.3150077490000003,
                            "extra_info": {
                                "Projections": [
                                    "displayname",
                                    "reputation",
                                    "lastaccessdate",
                                    "PostCount",
                                    "QuestionCount",
                                    "AnswerCount",
                                    "TotalViews",
                                    "AverageScore",
                                    "BadgeCount"
                                ],
                                "Estimated Cardinality": "385011"
                            },
                            "cumulative_cardinality": 23699338,
                            "operator_type": "PROJECTION",
                            "operator_cardinality": 549021,
                            "cumulative_rows_scanned": 8693260,
                            "operator_rows_scanned": 0,
                            "operator_timing": 0.024228760999999988,
                            "result_set_size": 54902100,
                            "children": [
                                {
                                    "operator_name": "HASH_JOIN",
                                    "cpu_time": 1.2907789880000002,
                                    "extra_info": {
                                        "Join Type": "INNER",
                                        "Conditions": "id = UserId",
                                        "Estimated Cardinality": "385011"
                                    },
                                    "cumulative_cardinality": 23150317,
                                    "operator_type": "HASH_JOIN",
                                    "operator_cardinality": 549021,
                                    "cumulative_rows_scanned": 8693260,
                                    "operator_rows_scanned": 0,
                                    "operator_timing": 0.05869564800000002,
                                    "result_set_size": 54902100,
                                    "children": [
                                        {
                                            "operator_name": "HASH_JOIN",
                                            "cpu_time": 0.5491625720000005,
                                            "extra_info": {
                                                "Join Type": "RIGHT",
                                                "Conditions": "owneruserid = id",
                                                "Estimated Cardinality": "1925058"
                                            },
                                            "cumulative_cardinality": 10593284,
                                            "operator_type": "HASH_JOIN",
                                            "operator_cardinality": 1260710,
                                            "cumulative_rows_scanned": 5110826,
                                            "operator_rows_scanned": 0,
                                            "operator_timing": 0.11286703900000002,
                                            "result_set_size": 121028160,
                                            "children": [
                                                {
                                                    "operator_name": "HASH_GROUP_BY",
                                                    "cpu_time": 0.3383872950000004,
                                                    "extra_info": {
                                                        "Groups": "#0",
                                                        "Aggregates": [
                                                            "count_star()",
                                                            "sum(#1)",
                                                            "sum(#2)",
                                                            "sum(#3)",
                                                            "avg(#4)"
                                                        ],
                                                        "Estimated Cardinality": "1925058"
                                                    },
                                                    "cumulative_cardinality": 8071864,
                                                    "operator_type": "HASH_GROUP_BY",
                                                    "operator_cardinality": 371632,
                                                    "cumulative_rows_scanned": 3850116,
                                                    "operator_rows_scanned": 0,
                                                    "operator_timing": 0.18126745600000035,
                                                    "result_set_size": 25270976,
                                                    "children": [
                                                        {
                                                            "operator_name": "PROJECTION",
                                                            "cpu_time": 0.15711983900000004,
                                                            "extra_info": {
                                                                "Projections": [
                                                                    "owneruserid",
                                                                    "CASE  WHEN ((posttypeid = 1)) THEN (1) ELSE 0 END",
                                                                    "CASE  WHEN ((posttypeid = 2)) THEN (1) ELSE 0 END",
                                                                    "viewcount",
                                                                    "score"
                                                                ],
                                                                "Estimated Cardinality": "3850116"
                                                            },
                                                            "cumulative_cardinality": 7700232,
                                                            "operator_type": "PROJECTION",
                                                            "operator_cardinality": 3850116,
                                                            "cumulative_rows_scanned": 3850116,
                                                            "operator_rows_scanned": 0,
                                                            "operator_timing": 0.04919532499999997,
                                                            "result_set_size": 77002320,
                                                            "children": [
                                                                {
                                                                    "operator_name": "READ_PARQUET ",
                                                                    "cpu_time": 0.10792451400000008,
                                                                    "extra_info": {
                                                                        "Function": "READ_PARQUET",
                                                                        "Projections": [
                                                                            "id",
                                                                            "posttypeid",
                                                                            "score",
                                                                            "viewcount",
                                                                            "owneruserid"
                                                                        ],
                                                                        "Estimated Cardinality": "3850116"
                                                                    },
                                                                    "cumulative_cardinality": 3850116,
                                                                    "operator_type": "TABLE_SCAN",
                                                                    "operator_cardinality": 3850116,
                                                                    "cumulative_rows_scanned": 3850116,
                                                                    "operator_rows_scanned": 3850116,
                                                                    "operator_timing": 0.10792451400000008,
                                                                    "result_set_size": 69302088,
                                                                    "children": []
                                                                }
                                                            ]
                                                        }
                                                    ]
                                                },
                                                {
                                                    "operator_name": "READ_PARQUET ",
                                                    "cpu_time": 0.09790823800000005,
                                                    "extra_info": {
                                                        "Function": "READ_PARQUET",
                                                        "Projections": [
                                                            "id",
                                                            "reputation",
                                                            "displayname",
                                                            "lastaccessdate"
                                                        ],
                                                        "Estimated Cardinality": "1260710"
                                                    },
                                                    "cumulative_cardinality": 1260710,
                                                    "operator_type": "TABLE_SCAN",
                                                    "operator_cardinality": 1260710,
                                                    "cumulative_rows_scanned": 1260710,
                                                    "operator_rows_scanned": 1260710,
                                                    "operator_timing": 0.09790823800000005,
                                                    "result_set_size": 40342720,
                                                    "children": []
                                                }
                                            ]
                                        },
                                        {
                                            "operator_name": "PROJECTION",
                                            "cpu_time": 0.6829207679999997,
                                            "extra_info": {
                                                "Projections": [
                                                    "#0",
                                                    "#2"
                                                ],
                                                "Estimated Cardinality": "252142"
                                            },
                                            "cumulative_cardinality": 12008012,
                                            "operator_type": "PROJECTION",
                                            "operator_cardinality": 549021,
                                            "cumulative_rows_scanned": 3582434,
                                            "operator_rows_scanned": 0,
                                            "operator_timing": 0.00004082700000000003,
                                            "result_set_size": 6588252,
                                            "children": [
                                                {
                                                    "operator_name": "FILTER",
                                                    "cpu_time": 0.6828799409999997,
                                                    "extra_info": {
                                                        "Expression": "(COALESCE(BadgeCount, 0) > 0)",
                                                        "Estimated Cardinality": "252142"
                                                    },
                                                    "cumulative_cardinality": 11458991,
                                                    "operator_type": "FILTER",
                                                    "operator_cardinality": 549021,
                                                    "cumulative_rows_scanned": 3582434,
                                                    "operator_rows_scanned": 0,
                                                    "operator_timing": 0.007651165999999997,
                                                    "result_set_size": 15372588,
                                                    "children": [
                                                        {
                                                            "operator_name": "HASH_GROUP_BY",
                                                            "cpu_time": 0.6752287749999997,
                                                            "extra_info": {
                                                                "Groups": [
                                                                    "#0",
                                                                    "#1"
                                                                ],
                                                                "Aggregates": "count(#2)",
                                                                "Estimated Cardinality": "1260710"
                                                            },
                                                            "cumulative_cardinality": 10909970,
                                                            "operator_type": "HASH_GROUP_BY",
                                                            "operator_cardinality": 1260710,
                                                            "cumulative_rows_scanned": 3582434,
                                                            "operator_rows_scanned": 0,
                                                            "operator_timing": 0.3333692009999999,
                                                            "result_set_size": 35299880,
                                                            "children": [
                                                                {
                                                                    "operator_name": "PROJECTION",
                                                                    "cpu_time": 0.3418595739999998,
                                                                    "extra_info": {
                                                                        "Projections": [
                                                                            "id",
                                                                            "displayname",
                                                                            "id"
                                                                        ],
                                                                        "Estimated Cardinality": "2321724"
                                                                    },
                                                                    "cumulative_cardinality": 9649260,
                                                                    "operator_type": "PROJECTION",
                                                                    "operator_cardinality": 3033413,
                                                                    "cumulative_rows_scanned": 3582434,
                                                                    "operator_rows_scanned": 0,
                                                                    "operator_timing": 0.0004884589999999981,
                                                                    "result_set_size": 72801912,
                                                                    "children": [
                                                                        {
                                                                            "operator_name": "HASH_JOIN",
                                                                            "cpu_time": 0.3413711149999998,
                                                                            "extra_info": {
                                                                                "Join Type": "RIGHT",
                                                                                "Conditions": "userid = id",
                                                                                "Estimated Cardinality": "2321724"
                                                                            },
                                                                            "cumulative_cardinality": 6615847,
                                                                            "operator_type": "HASH_JOIN",
                                                                            "operator_cardinality": 3033413,
                                                                            "cumulative_rows_scanned": 3582434,
                                                                            "operator_rows_scanned": 0,
                                                                            "operator_timing": 0.2209862759999998,
                                                                            "result_set_size": 72801912,
                                                                            "children": [
                                                                                {
                                                                                    "operator_name": "READ_PARQUET ",
                                                                                    "cpu_time": 0.041291503000000014,
                                                                                    "extra_info": {
                                                                                        "Function": "READ_PARQUET",
                                                                                        "Projections": [
                                                                                            "id",
                                                                                            "userid"
                                                                                        ],
                                                                                        "Estimated Cardinality": "2321724"
                                                                                    },
                                                                                    "cumulative_cardinality": 2321724,
                                                                                    "operator_type": "TABLE_SCAN",
                                                                                    "operator_cardinality": 2321724,
                                                                                    "cumulative_rows_scanned": 2321724,
                                                                                    "operator_rows_scanned": 2321724,
                                                                                    "operator_timing": 0.041291503000000014,
                                                                                    "result_set_size": 18573792,
                                                                                    "children": []
                                                                                },
                                                                                {
                                                                                    "operator_name": "READ_PARQUET ",
                                                                                    "cpu_time": 0.07909333599999994,
                                                                                    "extra_info": {
                                                                                        "Function": "READ_PARQUET",
                                                                                        "Projections": [
                                                                                            "id",
                                                                                            "displayname"
                                                                                        ],
                                                                                        "Estimated Cardinality": "1260710"
                                                                                    },
                                                                                    "cumulative_cardinality": 1260710,
                                                                                    "operator_type": "TABLE_SCAN",
                                                                                    "operator_cardinality": 1260710,
                                                                                    "cumulative_rows_scanned": 1260710,
                                                                                    "operator_rows_scanned": 1260710,
                                                                                    "operator_timing": 0.07909333599999994,
                                                                                    "result_set_size": 25214200,
                                                                                    "children": []
                                                                                }
                                                                            ]
                                                                        }
                                                                    ]
                                                                }
                                                            ]
                                                        }
                                                    ]
                                                }
                                            ]
                                        }
                                    ]
                                }
                            ]
                        }
                    ]
                }
            ]
        }
    ]
}