{
    "rows_returned": 10,
    "query_name": "WITH UserVoteStats AS (\n    SELECT \n        u.Id AS UserId,\n        u.DisplayName,\n        COUNT(v.Id) AS TotalVotes,\n        SUM(CASE WHEN vt.Name = 'UpMod' THEN 1 ELSE 0 END) AS UpVotes,\n        SUM(CASE WHEN vt.Name = 'DownMod' THEN 1 ELSE 0 END) AS DownVotes\n    FROM \n        Users u\n    LEFT JOIN \n        Votes v ON u.Id = v.UserId\n    LEFT JOIN \n        VoteTypes vt ON v.VoteTypeId = vt.Id\n    GROUP BY \n        u.Id, u.DisplayName\n),\nPostStats AS (\n    SELECT \n        p.Id AS PostId,\n        p.Title,\n        COUNT(c.Id) AS CommentCount,\n        COUNT(DISTINCT b.Id) AS BadgeCount,\n        SUM(CASE WHEN p.PostTypeId = 2 THEN 1 ELSE 0 END) AS AnswerCount\n    FROM \n        Posts p\n    LEFT JOIN \n        Comments c ON p.Id = c.PostId\n    LEFT JOIN \n        Badges b ON p.OwnerUserId = b.UserId\n    GROUP BY \n        p.Id, p.Title\n),\nFeaturedUsers AS (\n    SELECT \n        u.DisplayName,\n        u.Reputation,\n        us.TotalVotes,\n        us.UpVotes,\n        us.DownVotes,\n        ps.PostId,\n        ps.Title,\n        ps.CommentCount,\n        ps.BadgeCount,\n        ps.AnswerCount\n    FROM \n        UserVoteStats us\n    JOIN \n        Users u ON us.UserId = u.Id\n    JOIN \n        PostStats ps ON u.Id = ps.PostId\n    WHERE \n        u.Reputation > (SELECT AVG(Reputation) FROM Users)\n        AND us.TotalVotes > 5\n)\nSELECT \n    DisplayName,\n    Reputation,\n    TotalVotes,\n    UpVotes,\n    DownVotes,\n    Title,\n    CommentCount,\n    BadgeCount,\n    AnswerCount\nFROM \n    FeaturedUsers\nORDER BY \n    Reputation DESC, TotalVotes DESC\nLIMIT 10;\n",
    "blocked_thread_time": 0.0,
    "cpu_time": 89.81416702599961,
    "extra_info": {},
    "cumulative_cardinality": 2539952870,
    "cumulative_rows_scanned": 29939900,
    "result_set_size": 1080,
    "latency": 120.021693923,
    "children": [
        {
            "operator_name": "STREAMING_LIMIT",
            "cpu_time": 89.81416702599961,
            "extra_info": {},
            "cumulative_cardinality": 2539952870,
            "operator_type": "STREAMING_LIMIT",
            "operator_cardinality": 10,
            "cumulative_rows_scanned": 29939900,
            "operator_rows_scanned": 0,
            "operator_timing": 0.000001663,
            "result_set_size": 1080,
            "children": [
                {
                    "operator_name": "ORDER_BY",
                    "cpu_time": 89.8141653629996,
                    "extra_info": {
                        "Order By": [
                            "FeaturedUsers.Reputation DESC",
                            "FeaturedUsers.TotalVotes DESC"
                        ]
                    },
                    "cumulative_cardinality": 2539952860,
                    "operator_type": "ORDER_BY",
                    "operator_cardinality": 1081,
                    "cumulative_rows_scanned": 29939900,
                    "operator_rows_scanned": 0,
                    "operator_timing": 0.00021882000000000002,
                    "result_set_size": 116748,
                    "children": [
                        {
                            "operator_name": "PROJECTION",
                            "cpu_time": 89.8139465429996,
                            "extra_info": {
                                "Projections": [
                                    "displayname",
                                    "reputation",
                                    "TotalVotes",
                                    "UpVotes",
                                    "DownVotes",
                                    "title",
                                    "CommentCount",
                                    "BadgeCount",
                                    "AnswerCount"
                                ],
                                "Estimated Cardinality": "1"
                            },
                            "cumulative_cardinality": 2539951779,
                            "operator_type": "PROJECTION",
                            "operator_cardinality": 1081,
                            "cumulative_rows_scanned": 29939900,
                            "operator_rows_scanned": 0,
                            "operator_timing": 0.000006241,
                            "result_set_size": 116748,
                            "children": [
                                {
                                    "operator_name": "HASH_JOIN",
                                    "cpu_time": 89.81394030199961,
                                    "extra_info": {
                                        "Join Type": "INNER",
                                        "Conditions": "PostId = UserId",
                                        "Estimated Cardinality": "1"
                                    },
                                    "cumulative_cardinality": 2539950698,
                                    "operator_type": "HASH_JOIN",
                                    "operator_cardinality": 1081,
                                    "cumulative_rows_scanned": 29939900,
                                    "operator_rows_scanned": 0,
                                    "operator_timing": 0.009245584000000001,
                                    "result_set_size": 116748,
                                    "children": [
                                        {
                                            "operator_name": "HASH_GROUP_BY",
                                            "cpu_time": 88.9587130619996,
                                            "extra_info": {
                                                "Groups": [
                                                    "#0",
                                                    "#1"
                                                ],
                                                "Aggregates": [
                                                    "count(#2)",
                                                    "count(DISTINCT #3)",
                                                    "sum(#4)"
                                                ],
                                                "Estimated Cardinality": "3850116"
                                            },
                                            "cumulative_cardinality": 2529535130,
                                            "operator_type": "HASH_GROUP_BY",
                                            "operator_cardinality": 1156110,
                                            "cumulative_rows_scanned": 13413662,
                                            "operator_rows_scanned": 0,
                                            "operator_timing": 69.57276511400016,
                                            "result_set_size": 60117720,
                                            "children": [
                                                {
                                                    "operator_name": "PROJECTION",
                                                    "cpu_time": 19.385947947999437,
                                                    "extra_info": {
                                                        "Projections": [
                                                            "id",
                                                            "title",
                                                            "id",
                                                            "id",
                                                            "CASE  WHEN ((posttypeid = 2)) THEN (1) ELSE 0 END"
                                                        ],
                                                        "Estimated Cardinality": "7241822"
                                                    },
                                                    "cumulative_cardinality": 2528379020,
                                                    "operator_type": "PROJECTION",
                                                    "operator_cardinality": 591072876,
                                                    "cumulative_rows_scanned": 13413662,
                                                    "operator_rows_scanned": 0,
                                                    "operator_timing": 1.6577521149998826,
                                                    "result_set_size": 18914332032,
                                                    "children": [
                                                        {
                                                            "operator_name": "FILTER",
                                                            "cpu_time": 17.728195832999553,
                                                            "extra_info": {
                                                                "Expression": "(id <= 1416570)",
                                                                "Estimated Cardinality": "7241822"
                                                            },
                                                            "cumulative_cardinality": 1937306144,
                                                            "operator_type": "FILTER",
                                                            "operator_cardinality": 591072876,
                                                            "cumulative_rows_scanned": 13413662,
                                                            "operator_rows_scanned": 0,
                                                            "operator_timing": 2.8120824599998717,
                                                            "result_set_size": 17732186280,
                                                            "children": [
                                                                {
                                                                    "operator_name": "HASH_JOIN",
                                                                    "cpu_time": 14.916113372999682,
                                                                    "extra_info": {
                                                                        "Join Type": "LEFT",
                                                                        "Conditions": "owneruserid = userid",
                                                                        "Estimated Cardinality": "7241822"
                                                                    },
                                                                    "cumulative_cardinality": 1346233268,
                                                                    "operator_type": "HASH_JOIN",
                                                                    "operator_cardinality": 1311112958,
                                                                    "cumulative_rows_scanned": 13413662,
                                                                    "operator_rows_scanned": 0,
                                                                    "operator_timing": 13.529047513999682,
                                                                    "result_set_size": 39333388740,
                                                                    "children": [
                                                                        {
                                                                            "operator_name": "PROJECTION",
                                                                            "cpu_time": 1.363356087,
                                                                            "extra_info": {
                                                                                "Projections": [
                                                                                    "#0",
                                                                                    "#1",
                                                                                    "__internal_decompress_integral_smallint(#2, 1)",
                                                                                    "#3",
                                                                                    "#4"
                                                                                ],
                                                                                "Estimated Cardinality": "7241822"
                                                                            },
                                                                            "cumulative_cardinality": 32798586,
                                                                            "operator_type": "PROJECTION",
                                                                            "operator_cardinality": 8928266,
                                                                            "cumulative_rows_scanned": 11091938,
                                                                            "operator_rows_scanned": 0,
                                                                            "operator_timing": 0.006720223000000016,
                                                                            "result_set_size": 267847980,
                                                                            "children": [
                                                                                {
                                                                                    "operator_name": "HASH_JOIN",
                                                                                    "cpu_time": 1.356635864,
                                                                                    "extra_info": {
                                                                                        "Join Type": "RIGHT",
                                                                                        "Conditions": "postid = id",
                                                                                        "Estimated Cardinality": "7241822"
                                                                                    },
                                                                                    "cumulative_cardinality": 23870320,
                                                                                    "operator_type": "HASH_JOIN",
                                                                                    "operator_cardinality": 8928266,
                                                                                    "cumulative_rows_scanned": 11091938,
                                                                                    "operator_rows_scanned": 0,
                                                                                    "operator_timing": 0.8628217950000003,
                                                                                    "result_set_size": 258919714,
                                                                                    "children": [
                                                                                        {
                                                                                            "operator_name": "READ_PARQUET ",
                                                                                            "cpu_time": 0.1610003779999996,
                                                                                            "extra_info": {
                                                                                                "Function": "READ_PARQUET",
                                                                                                "Projections": [
                                                                                                    "id",
                                                                                                    "postid"
                                                                                                ],
                                                                                                "Estimated Cardinality": "7241822"
                                                                                            },
                                                                                            "cumulative_cardinality": 7241822,
                                                                                            "operator_type": "TABLE_SCAN",
                                                                                            "operator_cardinality": 7241822,
                                                                                            "cumulative_rows_scanned": 7241822,
                                                                                            "operator_rows_scanned": 7241822,
                                                                                            "operator_timing": 0.1610003779999996,
                                                                                            "result_set_size": 57934576,
                                                                                            "children": []
                                                                                        },
                                                                                        {
                                                                                            "operator_name": "PROJECTION",
                                                                                            "cpu_time": 0.3328136910000001,
                                                                                            "extra_info": {
                                                                                                "Projections": [
                                                                                                    "#0",
                                                                                                    "__internal_compress_integral_utinyint(#1, 1)",
                                                                                                    "#2",
                                                                                                    "#3"
                                                                                                ],
                                                                                                "Estimated Cardinality": "3850116"
                                                                                            },
                                                                                            "cumulative_cardinality": 7700232,
                                                                                            "operator_type": "PROJECTION",
                                                                                            "operator_cardinality": 3850116,
                                                                                            "cumulative_rows_scanned": 3850116,
                                                                                            "operator_rows_scanned": 0,
                                                                                            "operator_timing": 0.0015396579999999965,
                                                                                            "result_set_size": 96252900,
                                                                                            "children": [
                                                                                                {
                                                                                                    "operator_name": "READ_PARQUET ",
                                                                                                    "cpu_time": 0.3312740330000001,
                                                                                                    "extra_info": {
                                                                                                        "Function": "READ_PARQUET",
                                                                                                        "Projections": [
                                                                                                            "id",
                                                                                                            "posttypeid",
                                                                                                            "owneruserid",
                                                                                                            "title"
                                                                                                        ],
                                                                                                        "Estimated Cardinality": "3850116"
                                                                                                    },
                                                                                                    "cumulative_cardinality": 3850116,
                                                                                                    "operator_type": "TABLE_SCAN",
                                                                                                    "operator_cardinality": 3850116,
                                                                                                    "cumulative_rows_scanned": 3850116,
                                                                                                    "operator_rows_scanned": 3850116,
                                                                                                    "operator_timing": 0.3312740330000001,
                                                                                                    "result_set_size": 100103016,
                                                                                                    "children": []
                                                                                                }
                                                                                            ]
                                                                                        }
                                                                                    ]
                                                                                }
                                                                            ]
                                                                        },
                                                                        {
                                                                            "operator_name": "READ_PARQUET ",
                                                                            "cpu_time": 0.02370977199999999,
                                                                            "extra_info": {
                                                                                "Function": "READ_PARQUET",
                                                                                "Projections": [
                                                                                    "id",
                                                                                    "userid"
                                                                                ],
                                                                                "Estimated Cardinality": "2321724"
                                                                            },
                                                                            "cumulative_cardinality": 2321724,
                                                                            "operator_type": "TABLE_SCAN",
                                                                            "operator_cardinality": 2321724,
                                                                            "cumulative_rows_scanned": 2321724,
                                                                            "operator_rows_scanned": 2321724,
                                                                            "operator_timing": 0.02370977199999999,
                                                                            "result_set_size": 18573792,
                                                                            "children": []
                                                                        }
                                                                    ]
                                                                }
                                                            ]
                                                        }
                                                    ]
                                                }
                                            ]
                                        },
                                        {
                                            "operator_name": "FILTER",
                                            "cpu_time": 0.8459816560000012,
                                            "extra_info": {
                                                "Expression": "(UserId >= 1)",
                                                "Estimated Cardinality": "0"
                                            },
                                            "cumulative_cardinality": 10414487,
                                            "operator_type": "FILTER",
                                            "operator_cardinality": 1248,
                                            "cumulative_rows_scanned": 16526238,
                                            "operator_rows_scanned": 0,
                                            "operator_timing": 0.000025968999999999998,
                                            "result_set_size": 79872,
                                            "children": [
                                                {
                                                    "operator_name": "HASH_JOIN",
                                                    "cpu_time": 0.8459556870000012,
                                                    "extra_info": {
                                                        "Join Type": "INNER",
                                                        "Conditions": "UserId = id",
                                                        "Estimated Cardinality": "0"
                                                    },
                                                    "cumulative_cardinality": 10413239,
                                                    "operator_type": "HASH_JOIN",
                                                    "operator_cardinality": 1248,
                                                    "cumulative_rows_scanned": 16526238,
                                                    "operator_rows_scanned": 0,
                                                    "operator_timing": 0.01350127999999999,
                                                    "result_set_size": 79872,
                                                    "children": [
                                                        {
                                                            "operator_name": "PROJECTION",
                                                            "cpu_time": 0.7226859730000014,
                                                            "extra_info": {
                                                                "Projections": [
                                                                    "#0",
                                                                    "#2",
                                                                    "#3",
                                                                    "#4"
                                                                ],
                                                                "Estimated Cardinality": "252142"
                                                            },
                                                            "cumulative_cardinality": 6430845,
                                                            "operator_type": "PROJECTION",
                                                            "operator_cardinality": 1279,
                                                            "cumulative_rows_scanned": 14004818,
                                                            "operator_rows_scanned": 0,
                                                            "operator_timing": 0.000007604,
                                                            "result_set_size": 56276,
                                                            "children": [
                                                                {
                                                                    "operator_name": "FILTER",
                                                                    "cpu_time": 0.7226783690000014,
                                                                    "extra_info": {
                                                                        "Expression": "(TotalVotes > 5)",
                                                                        "Estimated Cardinality": "252142"
                                                                    },
                                                                    "cumulative_cardinality": 6429566,
                                                                    "operator_type": "FILTER",
                                                                    "operator_cardinality": 1279,
                                                                    "cumulative_rows_scanned": 14004818,
                                                                    "operator_rows_scanned": 0,
                                                                    "operator_timing": 0.001882874,
                                                                    "result_set_size": 76740,
                                                                    "children": [
                                                                        {
                                                                            "operator_name": "HASH_GROUP_BY",
                                                                            "cpu_time": 0.7207954950000014,
                                                                            "extra_info": {
                                                                                "Groups": [
                                                                                    "#0",
                                                                                    "#1"
                                                                                ],
                                                                                "Aggregates": [
                                                                                    "count(#2)",
                                                                                    "sum(#3)",
                                                                                    "sum(#4)"
                                                                                ],
                                                                                "Estimated Cardinality": "1260710"
                                                                            },
                                                                            "cumulative_cardinality": 6428287,
                                                                            "operator_type": "HASH_GROUP_BY",
                                                                            "operator_cardinality": 1260710,
                                                                            "cumulative_rows_scanned": 14004818,
                                                                            "operator_rows_scanned": 0,
                                                                            "operator_timing": 0.330802955,
                                                                            "result_set_size": 75642600,
                                                                            "children": [
                                                                                {
                                                                                    "operator_name": "PROJECTION",
                                                                                    "cpu_time": 0.3899925400000014,
                                                                                    "extra_info": {
                                                                                        "Projections": [
                                                                                            "id",
                                                                                            "displayname",
                                                                                            "id",
                                                                                            "CASE  WHEN ((name = 'UpMod')) THEN (1) ELSE 0 END",
                                                                                            "CASE  WHEN ((name = 'DownMod')) THEN (1) ELSE 0 END"
                                                                                        ],
                                                                                        "Estimated Cardinality": "12744093"
                                                                                    },
                                                                                    "cumulative_cardinality": 5167577,
                                                                                    "operator_type": "PROJECTION",
                                                                                    "operator_cardinality": 1288855,
                                                                                    "cumulative_rows_scanned": 14004818,
                                                                                    "operator_rows_scanned": 0,
                                                                                    "operator_timing": 0.002894692000000003,
                                                                                    "result_set_size": 41243360,
                                                                                    "children": [
                                                                                        {
                                                                                            "operator_name": "HASH_JOIN",
                                                                                            "cpu_time": 0.3870978480000014,
                                                                                            "extra_info": {
                                                                                                "Join Type": "LEFT",
                                                                                                "Conditions": "votetypeid = id",
                                                                                                "Estimated Cardinality": "12744093"
                                                                                            },
                                                                                            "cumulative_cardinality": 3878722,
                                                                                            "operator_type": "HASH_JOIN",
                                                                                            "operator_cardinality": 1288855,
                                                                                            "cumulative_rows_scanned": 14004818,
                                                                                            "operator_rows_scanned": 0,
                                                                                            "operator_timing": 0.004216829999999998,
                                                                                            "result_set_size": 51554200,
                                                                                            "children": [
                                                                                                {
                                                                                                    "operator_name": "HASH_JOIN",
                                                                                                    "cpu_time": 0.3825761680000014,
                                                                                                    "extra_info": {
                                                                                                        "Join Type": "RIGHT",
                                                                                                        "Conditions": "userid = id",
                                                                                                        "Estimated Cardinality": "12744093"
                                                                                                    },
                                                                                                    "cumulative_cardinality": 2589852,
                                                                                                    "operator_type": "HASH_JOIN",
                                                                                                    "operator_cardinality": 1288855,
                                                                                                    "cumulative_rows_scanned": 14004803,
                                                                                                    "operator_rows_scanned": 0,
                                                                                                    "operator_timing": 0.1103149050000006,
                                                                                                    "result_set_size": 33510230,
                                                                                                    "children": [
                                                                                                        {
                                                                                                            "operator_name": "READ_PARQUET ",
                                                                                                            "cpu_time": 0.19568627600000077,
                                                                                                            "extra_info": {
                                                                                                                "Function": "READ_PARQUET",
                                                                                                                "Projections": [
                                                                                                                    "id",
                                                                                                                    "votetypeid",
                                                                                                                    "userid"
                                                                                                                ],
                                                                                                                "Estimated Cardinality": "12744093"
                                                                                                            },
                                                                                                            "cumulative_cardinality": 40287,
                                                                                                            "operator_type": "TABLE_SCAN",
                                                                                                            "operator_cardinality": 40287,
                                                                                                            "cumulative_rows_scanned": 12744093,
                                                                                                            "operator_rows_scanned": 12744093,
                                                                                                            "operator_timing": 0.19568627600000077,
                                                                                                            "result_set_size": 402870,
                                                                                                            "children": []
                                                                                                        },
                                                                                                        {
                                                                                                            "operator_name": "READ_PARQUET ",
                                                                                                            "cpu_time": 0.07657498699999998,
                                                                                                            "extra_info": {
                                                                                                                "Function": "READ_PARQUET",
                                                                                                                "Projections": [
                                                                                                                    "id",
                                                                                                                    "displayname"
                                                                                                                ],
                                                                                                                "Estimated Cardinality": "1260710"
                                                                                                            },
                                                                                                            "cumulative_cardinality": 1260710,
                                                                                                            "operator_type": "TABLE_SCAN",
                                                                                                            "operator_cardinality": 1260710,
                                                                                                            "cumulative_rows_scanned": 1260710,
                                                                                                            "operator_rows_scanned": 1260710,
                                                                                                            "operator_timing": 0.07657498699999998,
                                                                                                            "result_set_size": 25214200,
                                                                                                            "children": []
                                                                                                        }
                                                                                                    ]
                                                                                                },
                                                                                                {
                                                                                                    "operator_name": "READ_PARQUET ",
                                                                                                    "cpu_time": 0.00030484999999999996,
                                                                                                    "extra_info": {
                                                                                                        "Function": "READ_PARQUET",
                                                                                                        "Projections": [
                                                                                                            "id",
                                                                                                            "name"
                                                                                                        ],
                                                                                                        "Estimated Cardinality": "15"
                                                                                                    },
                                                                                                    "cumulative_cardinality": 15,
                                                                                                    "operator_type": "TABLE_SCAN",
                                                                                                    "operator_cardinality": 15,
                                                                                                    "cumulative_rows_scanned": 15,
                                                                                                    "operator_rows_scanned": 15,
                                                                                                    "operator_timing": 0.00030484999999999996,
                                                                                                    "result_set_size": 270,
                                                                                                    "children": []
                                                                                                }
                                                                                            ]
                                                                                        }
                                                                                    ]
                                                                                }
                                                                            ]
                                                                        }
                                                                    ]
                                                                }
                                                            ]
                                                        },
                                                        {
                                                            "operator_name": "NESTED_LOOP_JOIN",
                                                            "cpu_time": 0.10976843399999996,
                                                            "extra_info": {
                                                                "Join Type": "INNER",
                                                                "Conditions": "CAST(reputation AS DOUBLE) > SUBQUERY",
                                                                "Estimated Cardinality": "2"
                                                            },
                                                            "cumulative_cardinality": 3981146,
                                                            "operator_type": "NESTED_LOOP_JOIN",
                                                            "operator_cardinality": 199012,
                                                            "cumulative_rows_scanned": 2521420,
                                                            "operator_rows_scanned": 0,
                                                            "operator_timing": 0.014506440999999934,
                                                            "result_set_size": 6368384,
                                                            "children": [
                                                                {
                                                                    "operator_name": "READ_PARQUET ",
                                                                    "cpu_time": 0.08339525300000003,
                                                                    "extra_info": {
                                                                        "Function": "READ_PARQUET",
                                                                        "Projections": [
                                                                            "id",
                                                                            "reputation",
                                                                            "displayname"
                                                                        ],
                                                                        "Estimated Cardinality": "1260710"
                                                                    },
                                                                    "cumulative_cardinality": 1260710,
                                                                    "operator_type": "TABLE_SCAN",
                                                                    "operator_cardinality": 1260710,
                                                                    "cumulative_rows_scanned": 1260710,
                                                                    "operator_rows_scanned": 1260710,
                                                                    "operator_timing": 0.08339525300000003,
                                                                    "result_set_size": 30257040,
                                                                    "children": []
                                                                },
                                                                {
                                                                    "operator_name": "PROJECTION",
                                                                    "cpu_time": 0.011866739999999985,
                                                                    "extra_info": {
                                                                        "Projections": [
                                                                            "CASE  WHEN ((#1 > 1)) THEN (error('More than one row returned by a subquery used as an expression - scalar subqueries can only return a single row.",
                                                                            "Use \"SET scalar_subquery_error_on_multiple_rows=false\" to revert to previous behavior of returning a random row.')) ELSE #0 END"
                                                                        ],
                                                                        "Estimated Cardinality": "1"
                                                                    },
                                                                    "cumulative_cardinality": 2521424,
                                                                    "operator_type": "PROJECTION",
                                                                    "operator_cardinality": 1,
                                                                    "cumulative_rows_scanned": 1260710,
                                                                    "operator_rows_scanned": 0,
                                                                    "operator_timing": 0.000002615,
                                                                    "result_set_size": 8,
                                                                    "children": [
                                                                        {
                                                                            "operator_name": "UNGROUPED_AGGREGATE",
                                                                            "cpu_time": 0.011864124999999986,
                                                                            "extra_info": {
                                                                                "Aggregates": [
                                                                                    "\"first\"(#0)",
                                                                                    "count_star()"
                                                                                ]
                                                                            },
                                                                            "cumulative_cardinality": 2521423,
                                                                            "operator_type": "UNGROUPED_AGGREGATE",
                                                                            "operator_cardinality": 1,
                                                                            "cumulative_rows_scanned": 1260710,
                                                                            "operator_rows_scanned": 0,
                                                                            "operator_timing": 0.000001984,
                                                                            "result_set_size": 16,
                                                                            "children": [
                                                                                {
                                                                                    "operator_name": "PROJECTION",
                                                                                    "cpu_time": 0.011862140999999986,
                                                                                    "extra_info": {
                                                                                        "Projections": "#0",
                                                                                        "Estimated Cardinality": "1"
                                                                                    },
                                                                                    "cumulative_cardinality": 2521422,
                                                                                    "operator_type": "PROJECTION",
                                                                                    "operator_cardinality": 1,
                                                                                    "cumulative_rows_scanned": 1260710,
                                                                                    "operator_rows_scanned": 0,
                                                                                    "operator_timing": 3.41e-7,
                                                                                    "result_set_size": 8,
                                                                                    "children": [
                                                                                        {
                                                                                            "operator_name": "UNGROUPED_AGGREGATE",
                                                                                            "cpu_time": 0.011861799999999987,
                                                                                            "extra_info": {
                                                                                                "Aggregates": "avg(#0)"
                                                                                            },
                                                                                            "cumulative_cardinality": 2521421,
                                                                                            "operator_type": "UNGROUPED_AGGREGATE",
                                                                                            "operator_cardinality": 1,
                                                                                            "cumulative_rows_scanned": 1260710,
                                                                                            "operator_rows_scanned": 0,
                                                                                            "operator_timing": 0.0048157639999999845,
                                                                                            "result_set_size": 8,
                                                                                            "children": [
                                                                                                {
                                                                                                    "operator_name": "PROJECTION",
                                                                                                    "cpu_time": 0.007046036000000002,
                                                                                                    "extra_info": {
                                                                                                        "Projections": "reputation",
                                                                                                        "Estimated Cardinality": "1260710"
                                                                                                    },
                                                                                                    "cumulative_cardinality": 2521420,
                                                                                                    "operator_type": "PROJECTION",
                                                                                                    "operator_cardinality": 1260710,
                                                                                                    "cumulative_rows_scanned": 1260710,
                                                                                                    "operator_rows_scanned": 0,
                                                                                                    "operator_timing": 0.00004926699999999971,
                                                                                                    "result_set_size": 5042840,
                                                                                                    "children": [
                                                                                                        {
                                                                                                            "operator_name": "READ_PARQUET ",
                                                                                                            "cpu_time": 0.0069967690000000025,
                                                                                                            "extra_info": {
                                                                                                                "Function": "READ_PARQUET",
                                                                                                                "Projections": "reputation",
                                                                                                                "Estimated Cardinality": "1260710"
                                                                                                            },
                                                                                                            "cumulative_cardinality": 1260710,
                                                                                                            "operator_type": "TABLE_SCAN",
                                                                                                            "operator_cardinality": 1260710,
                                                                                                            "cumulative_rows_scanned": 1260710,
                                                                                                            "operator_rows_scanned": 1260710,
                                                                                                            "operator_timing": 0.0069967690000000025,
                                                                                                            "result_set_size": 5042840,
                                                                                                            "children": []
                                                                                                        }
                                                                                                    ]
                                                                                                }
                                                                                            ]
                                                                                        }
                                                                                    ]
                                                                                }
                                                                            ]
                                                                        }
                                                                    ]
                                                                }
                                                            ]
                                                        }
                                                    ]
                                                }
                                            ]
                                        }
                                    ]
                                }
                            ]
                        }
                    ]
                }
            ]
        }
    ]
}