{
    "rows_returned": 100,
    "query_name": "\nWITH UserStatistics AS (\n    SELECT \n        U.Id AS UserId,\n        U.DisplayName,\n        U.Reputation,\n        COUNT(DISTINCT P.Id) AS TotalPosts,\n        COUNT(DISTINCT CASE WHEN P.PostTypeId = 1 THEN P.Id END) AS TotalQuestions,\n        COUNT(DISTINCT CASE WHEN P.PostTypeId = 2 THEN P.Id END) AS TotalAnswers,\n        SUM(CASE WHEN V.VoteTypeId = 2 THEN 1 ELSE 0 END) AS TotalUpvotes,\n        SUM(CASE WHEN V.VoteTypeId = 3 THEN 1 ELSE 0 END) AS TotalDownvotes\n    FROM Users U\n    LEFT JOIN Posts P ON U.Id = P.OwnerUserId\n    LEFT JOIN Votes V ON P.Id = V.PostId\n    GROUP BY U.Id, U.DisplayName, U.Reputation\n),\nPostAggregate AS (\n    SELECT \n        P.Id AS PostId,\n        P.Title,\n        P.CreationDate,\n        P.ViewCount,\n        P.Score,\n        COALESCE(PH.TotalHistoryChanges, 0) AS HistoryChanges,\n        COALESCE(CR.ReasonName, 'N/A') AS CloseReason\n    FROM Posts P\n    LEFT JOIN (\n        SELECT PostId, COUNT(*) AS TotalHistoryChanges\n        FROM PostHistory\n        GROUP BY PostId\n    ) PH ON P.Id = PH.PostId\n    LEFT JOIN (\n        SELECT PH.PostId, CRT.Name AS ReasonName\n        FROM PostHistory PH\n        JOIN CloseReasonTypes CRT ON CAST(PH.Comment AS INTEGER) = CRT.Id\n        WHERE PH.PostHistoryTypeId IN (10, 11) \n        GROUP BY PH.PostId, CRT.Name\n    ) CR ON P.Id = CR.PostId\n),\nUserPostDetails AS (\n    SELECT \n        US.UserId,\n        US.DisplayName,\n        SUM(PA.ViewCount) AS TotalPostViews,\n        SUM(PA.Score) AS TotalPostScore,\n        AVG(PA.HistoryChanges) AS AvgPostHistoryChanges,\n        ARRAY_AGG(DISTINCT PA.CloseReason) AS CloseReasons\n    FROM UserStatistics US\n    JOIN PostAggregate PA ON US.UserId = PA.PostId\n    GROUP BY US.UserId, US.DisplayName\n)\nSELECT \n    U.DisplayName,\n    U.Reputation,\n    U.TotalPosts,\n    U.TotalQuestions,\n    U.TotalAnswers,\n    U.TotalUpvotes,\n    U.TotalDownvotes,\n    UPD.TotalPostViews,\n    UPD.TotalPostScore,\n    UPD.AvgPostHistoryChanges,\n    UNNEST(UPD.CloseReasons) AS CloseReason \nFROM UserStatistics U\nJOIN UserPostDetails UPD ON U.UserId = UPD.UserId\nORDER BY U.Reputation DESC, U.TotalPosts DESC\nLIMIT 100;\n",
    "blocked_thread_time": 0.0,
    "cpu_time": 13.923943572001663,
    "extra_info": {},
    "cumulative_cardinality": 104548838,
    "cumulative_rows_scanned": 45295535,
    "result_set_size": 13200,
    "latency": 19.129520113,
    "children": [
        {
            "operator_name": "STREAMING_LIMIT",
            "cpu_time": 13.923943572001663,
            "extra_info": {},
            "cumulative_cardinality": 104548838,
            "operator_type": "STREAMING_LIMIT",
            "operator_cardinality": 100,
            "cumulative_rows_scanned": 45295535,
            "operator_rows_scanned": 0,
            "operator_timing": 0.0000038080000000000002,
            "result_set_size": 13200,
            "children": [
                {
                    "operator_name": "ORDER_BY",
                    "cpu_time": 13.923939764001663,
                    "extra_info": {
                        "Order By": [
                            "U.Reputation DESC",
                            "U.TotalPosts DESC"
                        ]
                    },
                    "cumulative_cardinality": 104548738,
                    "operator_type": "ORDER_BY",
                    "operator_cardinality": 4096,
                    "cumulative_rows_scanned": 45295535,
                    "operator_rows_scanned": 0,
                    "operator_timing": 3.36668131800092,
                    "result_set_size": 540672,
                    "children": [
                        {
                            "operator_name": "PROJECTION",
                            "cpu_time": 10.557258446000743,
                            "extra_info": {
                                "Projections": [
                                    "displayname",
                                    "reputation",
                                    "TotalPosts",
                                    "TotalQuestions",
                                    "TotalAnswers",
                                    "TotalUpvotes",
                                    "TotalDownvotes",
                                    "TotalPostViews",
                                    "TotalPostScore",
                                    "AvgPostHistoryChanges",
                                    "CloseReason"
                                ],
                                "Estimated Cardinality": "1260710"
                            },
                            "cumulative_cardinality": 104544642,
                            "operator_type": "PROJECTION",
                            "operator_cardinality": 1023908,
                            "cumulative_rows_scanned": 45295535,
                            "operator_rows_scanned": 0,
                            "operator_timing": 0.339573309000033,
                            "result_set_size": 135155856,
                            "children": [
                                {
                                    "operator_name": "UNNEST",
                                    "cpu_time": 10.21768513700071,
                                    "extra_info": {},
                                    "cumulative_cardinality": 103520734,
                                    "operator_type": "UNNEST",
                                    "operator_cardinality": 1023908,
                                    "cumulative_rows_scanned": 45295535,
                                    "operator_rows_scanned": 0,
                                    "operator_timing": 2.1637991290007035,
                                    "result_set_size": 33739850288,
                                    "children": [
                                        {
                                            "operator_name": "CTE",
                                            "cpu_time": 8.053886008000006,
                                            "extra_info": {
                                                "CTE Name": "UserStatistics",
                                                "Table Index": "0"
                                            },
                                            "cumulative_cardinality": 102496826,
                                            "operator_type": "CTE",
                                            "operator_cardinality": 0,
                                            "cumulative_rows_scanned": 45295535,
                                            "operator_rows_scanned": 0,
                                            "operator_timing": 0.036223884999999977,
                                            "result_set_size": 0,
                                            "children": [
                                                {
                                                    "operator_name": "HASH_GROUP_BY",
                                                    "cpu_time": 5.381175928000006,
                                                    "extra_info": {
                                                        "Groups": [
                                                            "#0",
                                                            "#1",
                                                            "#2"
                                                        ],
                                                        "Aggregates": [
                                                            "count(DISTINCT #3)",
                                                            "count(DISTINCT #4)",
                                                            "count(DISTINCT #5)",
                                                            "sum(#6)",
                                                            "sum(#7)"
                                                        ],
                                                        "Estimated Cardinality": "1260710"
                                                    },
                                                    "cumulative_cardinality": 63319394,
                                                    "operator_type": "HASH_GROUP_BY",
                                                    "operator_cardinality": 1260710,
                                                    "cumulative_rows_scanned": 17854919,
                                                    "operator_rows_scanned": 0,
                                                    "operator_timing": 3.6216948150000032,
                                                    "result_set_size": 100856800,
                                                    "children": [
                                                        {
                                                            "operator_name": "PROJECTION",
                                                            "cpu_time": 1.759481113000003,
                                                            "extra_info": {
                                                                "Projections": [
                                                                    "id",
                                                                    "displayname",
                                                                    "reputation",
                                                                    "id",
                                                                    "CASE  WHEN ((posttypeid = 1)) THEN (id) ELSE NULL END",
                                                                    "CASE  WHEN ((posttypeid = 2)) THEN (id) ELSE NULL END",
                                                                    "CASE  WHEN ((votetypeid = 2)) THEN (1) ELSE 0 END",
                                                                    "CASE  WHEN ((votetypeid = 3)) THEN (1) ELSE 0 END"
                                                                ],
                                                                "Estimated Cardinality": "12744093"
                                                            },
                                                            "cumulative_cardinality": 62058684,
                                                            "operator_type": "PROJECTION",
                                                            "operator_cardinality": 11739825,
                                                            "cumulative_rows_scanned": 17854919,
                                                            "operator_rows_scanned": 0,
                                                            "operator_timing": 0.1573146170000006,
                                                            "result_set_size": 516552300,
                                                            "children": [
                                                                {
                                                                    "operator_name": "PROJECTION",
                                                                    "cpu_time": 1.6021664960000024,
                                                                    "extra_info": {
                                                                        "Projections": [
                                                                            "#0",
                                                                            "#1",
                                                                            "__internal_decompress_integral_smallint(#2, 1)",
                                                                            "#3",
                                                                            "#4",
                                                                            "#5"
                                                                        ],
                                                                        "Estimated Cardinality": "12744093"
                                                                    },
                                                                    "cumulative_cardinality": 50318859,
                                                                    "operator_type": "PROJECTION",
                                                                    "operator_cardinality": 11739825,
                                                                    "cumulative_rows_scanned": 17854919,
                                                                    "operator_rows_scanned": 0,
                                                                    "operator_timing": 0.0065991509999999256,
                                                                    "result_set_size": 375674400,
                                                                    "children": [
                                                                        {
                                                                            "operator_name": "HASH_JOIN",
                                                                            "cpu_time": 1.5955673450000025,
                                                                            "extra_info": {
                                                                                "Join Type": "RIGHT",
                                                                                "Conditions": "postid = id",
                                                                                "Estimated Cardinality": "12744093"
                                                                            },
                                                                            "cumulative_cardinality": 38579034,
                                                                            "operator_type": "HASH_JOIN",
                                                                            "operator_cardinality": 11739825,
                                                                            "cumulative_rows_scanned": 17854919,
                                                                            "operator_rows_scanned": 0,
                                                                            "operator_timing": 0.8794440240000002,
                                                                            "result_set_size": 363934575,
                                                                            "children": [
                                                                                {
                                                                                    "operator_name": "READ_PARQUET ",
                                                                                    "cpu_time": 0.2574907910000021,
                                                                                    "extra_info": {
                                                                                        "Function": "READ_PARQUET",
                                                                                        "Projections": [
                                                                                            "postid",
                                                                                            "votetypeid"
                                                                                        ],
                                                                                        "Estimated Cardinality": "12744093"
                                                                                    },
                                                                                    "cumulative_cardinality": 12744093,
                                                                                    "operator_type": "TABLE_SCAN",
                                                                                    "operator_cardinality": 12744093,
                                                                                    "cumulative_rows_scanned": 12744093,
                                                                                    "operator_rows_scanned": 12744093,
                                                                                    "operator_timing": 0.2574907910000021,
                                                                                    "result_set_size": 76464558,
                                                                                    "children": []
                                                                                },
                                                                                {
                                                                                    "operator_name": "PROJECTION",
                                                                                    "cpu_time": 0.4586325300000002,
                                                                                    "extra_info": {
                                                                                        "Projections": [
                                                                                            "#0",
                                                                                            "__internal_compress_integral_utinyint(#1, 1)",
                                                                                            "#2",
                                                                                            "#3",
                                                                                            "#4"
                                                                                        ],
                                                                                        "Estimated Cardinality": "3850116"
                                                                                    },
                                                                                    "cumulative_cardinality": 14095116,
                                                                                    "operator_type": "PROJECTION",
                                                                                    "operator_cardinality": 4574495,
                                                                                    "cumulative_rows_scanned": 5110826,
                                                                                    "operator_rows_scanned": 0,
                                                                                    "operator_timing": 0.002189323000000007,
                                                                                    "result_set_size": 132660355,
                                                                                    "children": [
                                                                                        {
                                                                                            "operator_name": "HASH_JOIN",
                                                                                            "cpu_time": 0.4564432070000002,
                                                                                            "extra_info": {
                                                                                                "Join Type": "RIGHT",
                                                                                                "Conditions": "owneruserid = id",
                                                                                                "Estimated Cardinality": "3850116"
                                                                                            },
                                                                                            "cumulative_cardinality": 9520621,
                                                                                            "operator_type": "HASH_JOIN",
                                                                                            "operator_cardinality": 4574495,
                                                                                            "cumulative_rows_scanned": 5110826,
                                                                                            "operator_rows_scanned": 0,
                                                                                            "operator_timing": 0.2740439770000003,
                                                                                            "result_set_size": 137234850,
                                                                                            "children": [
                                                                                                {
                                                                                                    "operator_name": "READ_PARQUET ",
                                                                                                    "cpu_time": 0.09805108099999987,
                                                                                                    "extra_info": {
                                                                                                        "Function": "READ_PARQUET",
                                                                                                        "Projections": [
                                                                                                            "id",
                                                                                                            "posttypeid",
                                                                                                            "owneruserid"
                                                                                                        ],
                                                                                                        "Estimated Cardinality": "3850116"
                                                                                                    },
                                                                                                    "cumulative_cardinality": 3685416,
                                                                                                    "operator_type": "TABLE_SCAN",
                                                                                                    "operator_cardinality": 3685416,
                                                                                                    "cumulative_rows_scanned": 3850116,
                                                                                                    "operator_rows_scanned": 3850116,
                                                                                                    "operator_timing": 0.09805108099999987,
                                                                                                    "result_set_size": 36854160,
                                                                                                    "children": []
                                                                                                },
                                                                                                {
                                                                                                    "operator_name": "READ_PARQUET ",
                                                                                                    "cpu_time": 0.08434814899999998,
                                                                                                    "extra_info": {
                                                                                                        "Function": "READ_PARQUET",
                                                                                                        "Projections": [
                                                                                                            "id",
                                                                                                            "reputation",
                                                                                                            "displayname"
                                                                                                        ],
                                                                                                        "Estimated Cardinality": "1260710"
                                                                                                    },
                                                                                                    "cumulative_cardinality": 1260710,
                                                                                                    "operator_type": "TABLE_SCAN",
                                                                                                    "operator_cardinality": 1260710,
                                                                                                    "cumulative_rows_scanned": 1260710,
                                                                                                    "operator_rows_scanned": 1260710,
                                                                                                    "operator_timing": 0.08434814899999998,
                                                                                                    "result_set_size": 30257040,
                                                                                                    "children": []
                                                                                                }
                                                                                            ]
                                                                                        }
                                                                                    ]
                                                                                }
                                                                            ]
                                                                        }
                                                                    ]
                                                                }
                                                            ]
                                                        }
                                                    ]
                                                },
                                                {
                                                    "operator_name": "HASH_JOIN",
                                                    "cpu_time": 2.636486194999999,
                                                    "extra_info": {
                                                        "Join Type": "INNER",
                                                        "Conditions": "UserId = UserId",
                                                        "Estimated Cardinality": "1260710"
                                                    },
                                                    "cumulative_cardinality": 39177432,
                                                    "operator_type": "HASH_JOIN",
                                                    "operator_cardinality": 1023784,
                                                    "cumulative_rows_scanned": 27440616,
                                                    "operator_rows_scanned": 0,
                                                    "operator_timing": 0.20272012700000006,
                                                    "result_set_size": 192509600,
                                                    "children": [
                                                        {
                                                            "operator_name": "HASH_GROUP_BY",
                                                            "cpu_time": 2.427549642999999,
                                                            "extra_info": {
                                                                "Groups": [
                                                                    "#0",
                                                                    "#1"
                                                                ],
                                                                "Aggregates": [
                                                                    "sum(#2)",
                                                                    "sum(#3)",
                                                                    "avg(#4)",
                                                                    "array_agg(DISTINCT #5)"
                                                                ],
                                                                "Estimated Cardinality": "1260710"
                                                            },
                                                            "cumulative_cardinality": 36892938,
                                                            "operator_type": "HASH_GROUP_BY",
                                                            "operator_cardinality": 1023784,
                                                            "cumulative_rows_scanned": 27440616,
                                                            "operator_rows_scanned": 0,
                                                            "operator_timing": 0.6953652879999992,
                                                            "result_set_size": 94912480,
                                                            "children": [
                                                                {
                                                                    "operator_name": "PROJECTION",
                                                                    "cpu_time": 1.732184355,
                                                                    "extra_info": {
                                                                        "Projections": [
                                                                            "UserId",
                                                                            "displayname",
                                                                            "viewcount",
                                                                            "score",
                                                                            "HistoryChanges",
                                                                            "CloseReason"
                                                                        ],
                                                                        "Estimated Cardinality": "5897622"
                                                                    },
                                                                    "cumulative_cardinality": 35869154,
                                                                    "operator_type": "PROJECTION",
                                                                    "operator_cardinality": 1023908,
                                                                    "cumulative_rows_scanned": 27440616,
                                                                    "operator_rows_scanned": 0,
                                                                    "operator_timing": 0.00028783899999999986,
                                                                    "result_set_size": 53243216,
                                                                    "children": [
                                                                        {
                                                                            "operator_name": "HASH_JOIN",
                                                                            "cpu_time": 1.731896516,
                                                                            "extra_info": {
                                                                                "Join Type": "INNER",
                                                                                "Conditions": "PostId = UserId",
                                                                                "Estimated Cardinality": "5897622"
                                                                            },
                                                                            "cumulative_cardinality": 34845246,
                                                                            "operator_type": "HASH_JOIN",
                                                                            "operator_cardinality": 1023908,
                                                                            "cumulative_rows_scanned": 27440616,
                                                                            "operator_rows_scanned": 0,
                                                                            "operator_timing": 0.13886384699999987,
                                                                            "result_set_size": 53243216,
                                                                            "children": [
                                                                                {
                                                                                    "operator_name": "PROJECTION",
                                                                                    "cpu_time": 1.588282008,
                                                                                    "extra_info": {
                                                                                        "Projections": [
                                                                                            "PostId",
                                                                                            "title",
                                                                                            "creationdate",
                                                                                            "viewcount",
                                                                                            "score",
                                                                                            "HistoryChanges",
                                                                                            "CloseReason"
                                                                                        ],
                                                                                        "Estimated Cardinality": "5897622"
                                                                                    },
                                                                                    "cumulative_cardinality": 32560628,
                                                                                    "operator_type": "PROJECTION",
                                                                                    "operator_cardinality": 1156246,
                                                                                    "cumulative_rows_scanned": 27440616,
                                                                                    "operator_rows_scanned": 0,
                                                                                    "operator_timing": 0.014935530999999991,
                                                                                    "result_set_size": 69374760,
                                                                                    "children": [
                                                                                        {
                                                                                            "operator_name": "HASH_JOIN",
                                                                                            "cpu_time": 1.573346477,
                                                                                            "extra_info": {
                                                                                                "Join Type": "LEFT",
                                                                                                "Conditions": "id = postid",
                                                                                                "Estimated Cardinality": "5897622"
                                                                                            },
                                                                                            "cumulative_cardinality": 31404382,
                                                                                            "operator_type": "HASH_JOIN",
                                                                                            "operator_cardinality": 1156246,
                                                                                            "cumulative_rows_scanned": 27440616,
                                                                                            "operator_rows_scanned": 0,
                                                                                            "operator_timing": 0.0477068349999999,
                                                                                            "result_set_size": 69374760,
                                                                                            "children": [
                                                                                                {
                                                                                                    "operator_name": "HASH_JOIN",
                                                                                                    "cpu_time": 1.1194878410000015,
                                                                                                    "extra_info": {
                                                                                                        "Join Type": "LEFT",
                                                                                                        "Conditions": "id = postid",
                                                                                                        "Estimated Cardinality": "5897622"
                                                                                                    },
                                                                                                    "cumulative_cardinality": 29752824,
                                                                                                    "operator_type": "HASH_JOIN",
                                                                                                    "operator_cardinality": 1156110,
                                                                                                    "cumulative_rows_scanned": 15645360,
                                                                                                    "operator_rows_scanned": 0,
                                                                                                    "operator_timing": 0.2490237949999999,
                                                                                                    "result_set_size": 50868840,
                                                                                                    "children": [
                                                                                                        {
                                                                                                            "operator_name": "READ_PARQUET ",
                                                                                                            "cpu_time": 0.15986578700000006,
                                                                                                            "extra_info": {
                                                                                                                "Function": "READ_PARQUET",
                                                                                                                "Projections": [
                                                                                                                    "id",
                                                                                                                    "creationdate",
                                                                                                                    "score",
                                                                                                                    "viewcount",
                                                                                                                    "title"
                                                                                                                ],
                                                                                                                "Estimated Cardinality": "3850116"
                                                                                                            },
                                                                                                            "cumulative_cardinality": 1156110,
                                                                                                            "operator_type": "TABLE_SCAN",
                                                                                                            "operator_cardinality": 1156110,
                                                                                                            "cumulative_rows_scanned": 3850116,
                                                                                                            "operator_rows_scanned": 3850116,
                                                                                                            "operator_timing": 0.15986578700000006,
                                                                                                            "result_set_size": 41619960,
                                                                                                            "children": []
                                                                                                        },
                                                                                                        {
                                                                                                            "operator_name": "HASH_GROUP_BY",
                                                                                                            "cpu_time": 0.7105982590000016,
                                                                                                            "extra_info": {
                                                                                                                "Groups": "#0",
                                                                                                                "Aggregates": "count_star()",
                                                                                                                "Estimated Cardinality": "5897622"
                                                                                                            },
                                                                                                            "cumulative_cardinality": 27440604,
                                                                                                            "operator_type": "HASH_GROUP_BY",
                                                                                                            "operator_cardinality": 3850116,
                                                                                                            "cumulative_rows_scanned": 11795244,
                                                                                                            "operator_rows_scanned": 0,
                                                                                                            "operator_timing": 0.6325085130000018,
                                                                                                            "result_set_size": 46201392,
                                                                                                            "children": [
                                                                                                                {
                                                                                                                    "operator_name": "PROJECTION",
                                                                                                                    "cpu_time": 0.07808974599999982,
                                                                                                                    "extra_info": {
                                                                                                                        "Projections": "postid",
                                                                                                                        "Estimated Cardinality": "11795244"
                                                                                                                    },
                                                                                                                    "cumulative_cardinality": 23590488,
                                                                                                                    "operator_type": "PROJECTION",
                                                                                                                    "operator_cardinality": 11795244,
                                                                                                                    "cumulative_rows_scanned": 11795244,
                                                                                                                    "operator_rows_scanned": 0,
                                                                                                                    "operator_timing": 0.0008088770000000043,
                                                                                                                    "result_set_size": 47180976,
                                                                                                                    "children": [
                                                                                                                        {
                                                                                                                            "operator_name": "READ_PARQUET ",
                                                                                                                            "cpu_time": 0.07728086899999982,
                                                                                                                            "extra_info": {
                                                                                                                                "Function": "READ_PARQUET",
                                                                                                                                "Projections": "postid",
                                                                                                                                "Estimated Cardinality": "11795244"
                                                                                                                            },
                                                                                                                            "cumulative_cardinality": 11795244,
                                                                                                                            "operator_type": "TABLE_SCAN",
                                                                                                                            "operator_cardinality": 11795244,
                                                                                                                            "cumulative_rows_scanned": 11795244,
                                                                                                                            "operator_rows_scanned": 11795244,
                                                                                                                            "operator_timing": 0.07728086899999982,
                                                                                                                            "result_set_size": 47180976,
                                                                                                                            "children": []
                                                                                                                        }
                                                                                                                    ]
                                                                                                                }
                                                                                                            ]
                                                                                                        }
                                                                                                    ]
                                                                                                },
                                                                                                {
                                                                                                    "operator_name": "HASH_GROUP_BY",
                                                                                                    "cpu_time": 0.40615180099999865,
                                                                                                    "extra_info": {
                                                                                                        "Groups": [
                                                                                                            "#0",
                                                                                                            "#1"
                                                                                                        ],
                                                                                                        "Aggregates": "",
                                                                                                        "Estimated Cardinality": "1179524"
                                                                                                    },
                                                                                                    "cumulative_cardinality": 495312,
                                                                                                    "operator_type": "HASH_GROUP_BY",
                                                                                                    "operator_cardinality": 120898,
                                                                                                    "cumulative_rows_scanned": 11795256,
                                                                                                    "operator_rows_scanned": 0,
                                                                                                    "operator_timing": 0.008932306,
                                                                                                    "result_set_size": 2417960,
                                                                                                    "children": [
                                                                                                        {
                                                                                                            "operator_name": "PROJECTION",
                                                                                                            "cpu_time": 0.39721949499999865,
                                                                                                            "extra_info": {
                                                                                                                "Projections": [
                                                                                                                    "postid",
                                                                                                                    "name"
                                                                                                                ],
                                                                                                                "Estimated Cardinality": "2359048"
                                                                                                            },
                                                                                                            "cumulative_cardinality": 374414,
                                                                                                            "operator_type": "PROJECTION",
                                                                                                            "operator_cardinality": 121464,
                                                                                                            "cumulative_rows_scanned": 11795256,
                                                                                                            "operator_rows_scanned": 0,
                                                                                                            "operator_timing": 0.000018190000000000004,
                                                                                                            "result_set_size": 2429280,
                                                                                                            "children": [
                                                                                                                {
                                                                                                                    "operator_name": "HASH_JOIN",
                                                                                                                    "cpu_time": 0.39720130499999867,
                                                                                                                    "extra_info": {
                                                                                                                        "Join Type": "INNER",
                                                                                                                        "Conditions": "CAST(comment AS INTEGER) = CAST(id AS INTEGER)",
                                                                                                                        "Estimated Cardinality": "2359048"
                                                                                                                    },
                                                                                                                    "cumulative_cardinality": 252950,
                                                                                                                    "operator_type": "HASH_JOIN",
                                                                                                                    "operator_cardinality": 121464,
                                                                                                                    "cumulative_rows_scanned": 11795256,
                                                                                                                    "operator_rows_scanned": 0,
                                                                                                                    "operator_timing": 0.026806302999999726,
                                                                                                                    "result_set_size": 2429280,
                                                                                                                    "children": [
                                                                                                                        {
                                                                                                                            "operator_name": "READ_PARQUET ",
                                                                                                                            "cpu_time": 0.370078940999999,
                                                                                                                            "extra_info": {
                                                                                                                                "Function": "READ_PARQUET",
                                                                                                                                "Projections": [
                                                                                                                                    "postid",
                                                                                                                                    "comment"
                                                                                                                                ],
                                                                                                                                "Filters": "posthistorytypeid>=10 AND posthistorytypeid<=11",
                                                                                                                                "Estimated Cardinality": "2359048"
                                                                                                                            },
                                                                                                                            "cumulative_cardinality": 131474,
                                                                                                                            "operator_type": "TABLE_SCAN",
                                                                                                                            "operator_cardinality": 131474,
                                                                                                                            "cumulative_rows_scanned": 11795244,
                                                                                                                            "operator_rows_scanned": 11795244,
                                                                                                                            "operator_timing": 0.370078940999999,
                                                                                                                            "result_set_size": 2629480,
                                                                                                                            "children": []
                                                                                                                        },
                                                                                                                        {
                                                                                                                            "operator_name": "READ_PARQUET ",
                                                                                                                            "cpu_time": 0.000316061,
                                                                                                                            "extra_info": {
                                                                                                                                "Function": "READ_PARQUET",
                                                                                                                                "Projections": [
                                                                                                                                    "id",
                                                                                                                                    "name"
                                                                                                                                ],
                                                                                                                                "Estimated Cardinality": "12"
                                                                                                                            },
                                                                                                                            "cumulative_cardinality": 12,
                                                                                                                            "operator_type": "TABLE_SCAN",
                                                                                                                            "operator_cardinality": 12,
                                                                                                                            "cumulative_rows_scanned": 12,
                                                                                                                            "operator_rows_scanned": 12,
                                                                                                                            "operator_timing": 0.000316061,
                                                                                                                            "result_set_size": 216,
                                                                                                                            "children": []
                                                                                                                        }
                                                                                                                    ]
                                                                                                                }
                                                                                                            ]
                                                                                                        }
                                                                                                    ]
                                                                                                }
                                                                                            ]
                                                                                        }
                                                                                    ]
                                                                                },
                                                                                {
                                                                                    "operator_name": "CTE_SCAN",
                                                                                    "cpu_time": 0.004750661000000004,
                                                                                    "extra_info": {
                                                                                        "CTE Index": "0",
                                                                                        "Estimated Cardinality": "1260710"
                                                                                    },
                                                                                    "cumulative_cardinality": 1260710,
                                                                                    "operator_type": "CTE_SCAN",
                                                                                    "operator_cardinality": 1260710,
                                                                                    "cumulative_rows_scanned": 0,
                                                                                    "operator_rows_scanned": 0,
                                                                                    "operator_timing": 0.004750661000000004,
                                                                                    "result_set_size": 100856800,
                                                                                    "children": []
                                                                                }
                                                                            ]
                                                                        }
                                                                    ]
                                                                }
                                                            ]
                                                        },
                                                        {
                                                            "operator_name": "CTE_SCAN",
                                                            "cpu_time": 0.006216424999999992,
                                                            "extra_info": {
                                                                "CTE Index": "0",
                                                                "Estimated Cardinality": "1260710"
                                                            },
                                                            "cumulative_cardinality": 1260710,
                                                            "operator_type": "CTE_SCAN",
                                                            "operator_cardinality": 1260710,
                                                            "cumulative_rows_scanned": 0,
                                                            "operator_rows_scanned": 0,
                                                            "operator_timing": 0.006216424999999992,
                                                            "result_set_size": 100856800,
                                                            "children": []
                                                        }
                                                    ]
                                                }
                                            ]
                                        }
                                    ]
                                }
                            ]
                        }
                    ]
                }
            ]
        }
    ]
}