{
    "rows_returned": 10,
    "query_name": "\nWITH RankedPosts AS (\n    SELECT \n        p.Id AS PostId,\n        p.Title,\n        p.CreationDate,\n        p.Score,\n        p.ViewCount,\n        COUNT(DISTINCT c.Id) AS CommentCount,\n        COUNT(DISTINCT a.Id) AS AnswerCount,\n        ROW_NUMBER() OVER (PARTITION BY p.OwnerUserId ORDER BY p.CreationDate DESC) AS UserPosts,\n        p.OwnerUserId\n    FROM \n        Posts p\n    LEFT JOIN \n        Comments c ON p.Id = c.PostId\n    LEFT JOIN \n        Posts a ON p.Id = a.ParentId AND a.PostTypeId = 2\n    WHERE \n        p.PostTypeId = 1 AND p.Score > 0\n    GROUP BY \n        p.Id, p.Title, p.CreationDate, p.Score, p.ViewCount, p.OwnerUserId\n), UserReputation AS (\n    SELECT \n        u.Id AS UserId,\n        u.DisplayName,\n        u.Reputation,\n        RANK() OVER (ORDER BY u.Reputation DESC) AS Rank\n    FROM \n        Users u\n    WHERE \n        u.Reputation > 1000\n)\nSELECT \n    up.DisplayName AS UserName,\n    up.Reputation,\n    COUNT(rp.PostId) AS TotalPosts,\n    SUM(rp.CommentCount) AS TotalComments,\n    SUM(rp.AnswerCount) AS TotalAnswers,\n    AVG(rp.Score) AS AverageScore,\n    AVG(rp.ViewCount) AS AverageViews\nFROM \n    UserReputation up\nJOIN \n    RankedPosts rp ON up.UserId = rp.OwnerUserId\nGROUP BY \n    up.UserId, up.DisplayName, up.Reputation\nHAVING \n    COUNT(rp.PostId) > 5\nORDER BY \n    AverageScore DESC, TotalPosts DESC\nLIMIT 10;\n",
    "blocked_thread_time": 0.0,
    "cpu_time": 3.1136590119999994,
    "extra_info": {},
    "cumulative_cardinality": 35475559,
    "cumulative_rows_scanned": 16202764,
    "result_set_size": 760,
    "latency": 4.274821951,
    "children": [
        {
            "operator_name": "STREAMING_LIMIT",
            "cpu_time": 3.1136590119999994,
            "extra_info": {},
            "cumulative_cardinality": 35475559,
            "operator_type": "STREAMING_LIMIT",
            "operator_cardinality": 10,
            "cumulative_rows_scanned": 16202764,
            "operator_rows_scanned": 0,
            "operator_timing": 0.000001212,
            "result_set_size": 760,
            "children": [
                {
                    "operator_name": "ORDER_BY",
                    "cpu_time": 3.1136577999999995,
                    "extra_info": {
                        "Order By": [
                            "avg(rp.Score) DESC",
                            "count(rp.PostId) DESC"
                        ]
                    },
                    "cumulative_cardinality": 35475549,
                    "operator_type": "ORDER_BY",
                    "operator_cardinality": 4096,
                    "cumulative_rows_scanned": 16202764,
                    "operator_rows_scanned": 0,
                    "operator_timing": 0.000894681,
                    "result_set_size": 311296,
                    "children": [
                        {
                            "operator_name": "PROJECTION",
                            "cpu_time": 3.1127631189999994,
                            "extra_info": {
                                "Projections": [
                                    "UserName",
                                    "reputation",
                                    "TotalPosts",
                                    "TotalComments",
                                    "TotalAnswers",
                                    "AverageScore",
                                    "AverageViews"
                                ],
                                "Estimated Cardinality": "77002"
                            },
                            "cumulative_cardinality": 35471453,
                            "operator_type": "PROJECTION",
                            "operator_cardinality": 8411,
                            "cumulative_rows_scanned": 16202764,
                            "operator_rows_scanned": 0,
                            "operator_timing": 0.000002676,
                            "result_set_size": 639236,
                            "children": [
                                {
                                    "operator_name": "FILTER",
                                    "cpu_time": 3.1127604429999995,
                                    "extra_info": {
                                        "Expression": "(count(PostId) > 5)",
                                        "Estimated Cardinality": "77002"
                                    },
                                    "cumulative_cardinality": 35463042,
                                    "operator_type": "FILTER",
                                    "operator_cardinality": 8411,
                                    "cumulative_rows_scanned": 16202764,
                                    "operator_rows_scanned": 0,
                                    "operator_timing": 0.000078589,
                                    "result_set_size": 672880,
                                    "children": [
                                        {
                                            "operator_name": "HASH_GROUP_BY",
                                            "cpu_time": 3.1126818539999994,
                                            "extra_info": {
                                                "Groups": [
                                                    "#0",
                                                    "#1",
                                                    "#2"
                                                ],
                                                "Aggregates": [
                                                    "count_star()",
                                                    "sum(#3)",
                                                    "sum(#4)",
                                                    "avg(#5)",
                                                    "avg(#6)"
                                                ],
                                                "Estimated Cardinality": "385011"
                                            },
                                            "cumulative_cardinality": 35454631,
                                            "operator_type": "HASH_GROUP_BY",
                                            "operator_cardinality": 10275,
                                            "cumulative_rows_scanned": 16202764,
                                            "operator_rows_scanned": 0,
                                            "operator_timing": 0.019055629000000015,
                                            "result_set_size": 822000,
                                            "children": [
                                                {
                                                    "operator_name": "PROJECTION",
                                                    "cpu_time": 3.0936262249999995,
                                                    "extra_info": {
                                                        "Projections": [
                                                            "UserId",
                                                            "displayname",
                                                            "reputation",
                                                            "CommentCount",
                                                            "AnswerCount",
                                                            "score",
                                                            "viewcount"
                                                        ],
                                                        "Estimated Cardinality": "770023"
                                                    },
                                                    "cumulative_cardinality": 35444356,
                                                    "operator_type": "PROJECTION",
                                                    "operator_cardinality": 420940,
                                                    "cumulative_rows_scanned": 16202764,
                                                    "operator_rows_scanned": 0,
                                                    "operator_timing": 0.00016833999999999998,
                                                    "result_set_size": 20205120,
                                                    "children": [
                                                        {
                                                            "operator_name": "HASH_JOIN",
                                                            "cpu_time": 3.0934578849999994,
                                                            "extra_info": {
                                                                "Join Type": "INNER",
                                                                "Conditions": "owneruserid = UserId",
                                                                "Estimated Cardinality": "770023"
                                                            },
                                                            "cumulative_cardinality": 35023416,
                                                            "operator_type": "HASH_JOIN",
                                                            "operator_cardinality": 420940,
                                                            "cumulative_rows_scanned": 16202764,
                                                            "operator_rows_scanned": 0,
                                                            "operator_timing": 0.013798598999999962,
                                                            "result_set_size": 20205120,
                                                            "children": [
                                                                {
                                                                    "operator_name": "PROJECTION",
                                                                    "cpu_time": 3.0148493449999996,
                                                                    "extra_info": {
                                                                        "Projections": [
                                                                            "PostId",
                                                                            "score",
                                                                            "viewcount",
                                                                            "CommentCount",
                                                                            "AnswerCount",
                                                                            "owneruserid"
                                                                        ],
                                                                        "Estimated Cardinality": "3850116"
                                                                    },
                                                                    "cumulative_cardinality": 34535186,
                                                                    "operator_type": "PROJECTION",
                                                                    "operator_cardinality": 1090175,
                                                                    "cumulative_rows_scanned": 14942054,
                                                                    "operator_rows_scanned": 0,
                                                                    "operator_timing": 0.00014757200000000006,
                                                                    "result_set_size": 34885600,
                                                                    "children": [
                                                                        {
                                                                            "operator_name": "PROJECTION",
                                                                            "cpu_time": 3.0147017729999996,
                                                                            "extra_info": {
                                                                                "Projections": [
                                                                                    "#0",
                                                                                    "#1",
                                                                                    "#2",
                                                                                    "#3",
                                                                                    "#4",
                                                                                    "#5",
                                                                                    "#6",
                                                                                    "#7",
                                                                                    "#8"
                                                                                ],
                                                                                "Estimated Cardinality": "3850116"
                                                                            },
                                                                            "cumulative_cardinality": 33445011,
                                                                            "operator_type": "PROJECTION",
                                                                            "operator_cardinality": 1090175,
                                                                            "cumulative_rows_scanned": 14942054,
                                                                            "operator_rows_scanned": 0,
                                                                            "operator_timing": 0.0001993089999999994,
                                                                            "result_set_size": 69771200,
                                                                            "children": [
                                                                                {
                                                                                    "operator_name": "WINDOW",
                                                                                    "cpu_time": 3.0145024639999995,
                                                                                    "extra_info": {
                                                                                        "Projections": "ROW_NUMBER() OVER (PARTITION BY owneruserid ORDER BY creationdate DESC NULLS LAST)"
                                                                                    },
                                                                                    "cumulative_cardinality": 32354836,
                                                                                    "operator_type": "WINDOW",
                                                                                    "operator_cardinality": 1090175,
                                                                                    "cumulative_rows_scanned": 14942054,
                                                                                    "operator_rows_scanned": 0,
                                                                                    "operator_timing": 0.317117988,
                                                                                    "result_set_size": 69771200,
                                                                                    "children": [
                                                                                        {
                                                                                            "operator_name": "PROJECTION",
                                                                                            "cpu_time": 2.6973844759999994,
                                                                                            "extra_info": {
                                                                                                "Projections": [
                                                                                                    "#0",
                                                                                                    "#1",
                                                                                                    "#2",
                                                                                                    "__internal_decompress_integral_integer(#3, 0)",
                                                                                                    "#4",
                                                                                                    "#5",
                                                                                                    "#6",
                                                                                                    "#7"
                                                                                                ],
                                                                                                "Estimated Cardinality": "3850116"
                                                                                            },
                                                                                            "cumulative_cardinality": 31264661,
                                                                                            "operator_type": "PROJECTION",
                                                                                            "operator_cardinality": 1090175,
                                                                                            "cumulative_rows_scanned": 14942054,
                                                                                            "operator_rows_scanned": 0,
                                                                                            "operator_timing": 0.00048811399999999967,
                                                                                            "result_set_size": 61049800,
                                                                                            "children": [
                                                                                                {
                                                                                                    "operator_name": "HASH_GROUP_BY",
                                                                                                    "cpu_time": 2.6968963619999995,
                                                                                                    "extra_info": {
                                                                                                        "Groups": [
                                                                                                            "#0",
                                                                                                            "#1",
                                                                                                            "#2",
                                                                                                            "#3",
                                                                                                            "#4",
                                                                                                            "#5"
                                                                                                        ],
                                                                                                        "Aggregates": [
                                                                                                            "count(DISTINCT #6)",
                                                                                                            "count(DISTINCT #7)"
                                                                                                        ],
                                                                                                        "Estimated Cardinality": "3850116"
                                                                                                    },
                                                                                                    "cumulative_cardinality": 30174486,
                                                                                                    "operator_type": "HASH_GROUP_BY",
                                                                                                    "operator_cardinality": 1090175,
                                                                                                    "cumulative_rows_scanned": 14942054,
                                                                                                    "operator_rows_scanned": 0,
                                                                                                    "operator_timing": 1.2261302220000003,
                                                                                                    "result_set_size": 58869450,
                                                                                                    "children": [
                                                                                                        {
                                                                                                            "operator_name": "PROJECTION",
                                                                                                            "cpu_time": 1.4707661399999992,
                                                                                                            "extra_info": {
                                                                                                                "Projections": [
                                                                                                                    "id",
                                                                                                                    "title",
                                                                                                                    "creationdate",
                                                                                                                    "score",
                                                                                                                    "viewcount",
                                                                                                                    "owneruserid",
                                                                                                                    "id",
                                                                                                                    "id"
                                                                                                                ],
                                                                                                                "Estimated Cardinality": "7241822"
                                                                                                            },
                                                                                                            "cumulative_cardinality": 29084311,
                                                                                                            "operator_type": "PROJECTION",
                                                                                                            "operator_cardinality": 5168974,
                                                                                                            "cumulative_rows_scanned": 14942054,
                                                                                                            "operator_rows_scanned": 0,
                                                                                                            "operator_timing": 0.0033257840000000248,
                                                                                                            "result_set_size": 237772804,
                                                                                                            "children": [
                                                                                                                {
                                                                                                                    "operator_name": "PROJECTION",
                                                                                                                    "cpu_time": 1.4674403559999991,
                                                                                                                    "extra_info": {
                                                                                                                        "Projections": [
                                                                                                                            "#0",
                                                                                                                            "#1",
                                                                                                                            "#2",
                                                                                                                            "__internal_compress_integral_usmallint(#3, 0)",
                                                                                                                            "#4",
                                                                                                                            "#5",
                                                                                                                            "#6",
                                                                                                                            "#7"
                                                                                                                        ],
                                                                                                                        "Estimated Cardinality": "7241822"
                                                                                                                    },
                                                                                                                    "cumulative_cardinality": 23915337,
                                                                                                                    "operator_type": "PROJECTION",
                                                                                                                    "operator_cardinality": 5168974,
                                                                                                                    "cumulative_rows_scanned": 14942054,
                                                                                                                    "operator_rows_scanned": 0,
                                                                                                                    "operator_timing": 0.010338825000000012,
                                                                                                                    "result_set_size": 237772804,
                                                                                                                    "children": [
                                                                                                                        {
                                                                                                                            "operator_name": "HASH_JOIN",
                                                                                                                            "cpu_time": 1.457101530999999,
                                                                                                                            "extra_info": {
                                                                                                                                "Join Type": "LEFT",
                                                                                                                                "Conditions": "id = parentid",
                                                                                                                                "Estimated Cardinality": "7241822"
                                                                                                                            },
                                                                                                                            "cumulative_cardinality": 18746363,
                                                                                                                            "operator_type": "HASH_JOIN",
                                                                                                                            "operator_cardinality": 5168974,
                                                                                                                            "cumulative_rows_scanned": 14942054,
                                                                                                                            "operator_rows_scanned": 0,
                                                                                                                            "operator_timing": 0.3216468250000006,
                                                                                                                            "result_set_size": 248110752,
                                                                                                                            "children": [
                                                                                                                                {
                                                                                                                                    "operator_name": "HASH_JOIN",
                                                                                                                                    "cpu_time": 1.0135509049999987,
                                                                                                                                    "extra_info": {
                                                                                                                                        "Join Type": "RIGHT",
                                                                                                                                        "Conditions": "postid = id",
                                                                                                                                        "Estimated Cardinality": "7241822"
                                                                                                                                    },
                                                                                                                                    "cumulative_cardinality": 11400096,
                                                                                                                                    "operator_type": "HASH_JOIN",
                                                                                                                                    "operator_cardinality": 3068099,
                                                                                                                                    "cumulative_rows_scanned": 11091938,
                                                                                                                                    "operator_rows_scanned": 0,
                                                                                                                                    "operator_timing": 0.37658923899999897,
                                                                                                                                    "result_set_size": 134996356,
                                                                                                                                    "children": [
                                                                                                                                        {
                                                                                                                                            "operator_name": "READ_PARQUET ",
                                                                                                                                            "cpu_time": 0.13407234199999984,
                                                                                                                                            "extra_info": {
                                                                                                                                                "Function": "READ_PARQUET",
                                                                                                                                                "Projections": [
                                                                                                                                                    "id",
                                                                                                                                                    "postid"
                                                                                                                                                ],
                                                                                                                                                "Estimated Cardinality": "7241822"
                                                                                                                                            },
                                                                                                                                            "cumulative_cardinality": 7241822,
                                                                                                                                            "operator_type": "TABLE_SCAN",
                                                                                                                                            "operator_cardinality": 7241822,
                                                                                                                                            "cumulative_rows_scanned": 7241822,
                                                                                                                                            "operator_rows_scanned": 7241822,
                                                                                                                                            "operator_timing": 0.13407234199999984,
                                                                                                                                            "result_set_size": 57934576,
                                                                                                                                            "children": []
                                                                                                                                        },
                                                                                                                                        {
                                                                                                                                            "operator_name": "READ_PARQUET ",
                                                                                                                                            "cpu_time": 0.5028893239999999,
                                                                                                                                            "extra_info": {
                                                                                                                                                "Function": "READ_PARQUET",
                                                                                                                                                "Projections": [
                                                                                                                                                    "id",
                                                                                                                                                    "creationdate",
                                                                                                                                                    "score",
                                                                                                                                                    "viewcount",
                                                                                                                                                    "owneruserid",
                                                                                                                                                    "title"
                                                                                                                                                ],
                                                                                                                                                "Filters": [
                                                                                                                                                    "posttypeid=1",
                                                                                                                                                    "score>0"
                                                                                                                                                ],
                                                                                                                                                "Estimated Cardinality": "770023"
                                                                                                                                            },
                                                                                                                                            "cumulative_cardinality": 1090175,
                                                                                                                                            "operator_type": "TABLE_SCAN",
                                                                                                                                            "operator_cardinality": 1090175,
                                                                                                                                            "cumulative_rows_scanned": 3850116,
                                                                                                                                            "operator_rows_scanned": 3850116,
                                                                                                                                            "operator_timing": 0.5028893239999999,
                                                                                                                                            "result_set_size": 43607000,
                                                                                                                                            "children": []
                                                                                                                                        }
                                                                                                                                    ]
                                                                                                                                },
                                                                                                                                {
                                                                                                                                    "operator_name": "READ_PARQUET ",
                                                                                                                                    "cpu_time": 0.12190380099999984,
                                                                                                                                    "extra_info": {
                                                                                                                                        "Function": "READ_PARQUET",
                                                                                                                                        "Projections": [
                                                                                                                                            "id",
                                                                                                                                            "parentid"
                                                                                                                                        ],
                                                                                                                                        "Filters": "posttypeid=2",
                                                                                                                                        "Estimated Cardinality": "770023"
                                                                                                                                    },
                                                                                                                                    "cumulative_cardinality": 2177293,
                                                                                                                                    "operator_type": "TABLE_SCAN",
                                                                                                                                    "operator_cardinality": 2177293,
                                                                                                                                    "cumulative_rows_scanned": 3850116,
                                                                                                                                    "operator_rows_scanned": 3850116,
                                                                                                                                    "operator_timing": 0.12190380099999984,
                                                                                                                                    "result_set_size": 17418344,
                                                                                                                                    "children": []
                                                                                                                                }
                                                                                                                            ]
                                                                                                                        }
                                                                                                                    ]
                                                                                                                }
                                                                                                            ]
                                                                                                        }
                                                                                                    ]
                                                                                                }
                                                                                            ]
                                                                                        }
                                                                                    ]
                                                                                }
                                                                            ]
                                                                        }
                                                                    ]
                                                                },
                                                                {
                                                                    "operator_name": "PROJECTION",
                                                                    "cpu_time": 0.06480994100000001,
                                                                    "extra_info": {
                                                                        "Projections": [
                                                                            "UserId",
                                                                            "displayname",
                                                                            "reputation"
                                                                        ],
                                                                        "Estimated Cardinality": "252142"
                                                                    },
                                                                    "cumulative_cardinality": 67290,
                                                                    "operator_type": "PROJECTION",
                                                                    "operator_cardinality": 11215,
                                                                    "cumulative_rows_scanned": 1260710,
                                                                    "operator_rows_scanned": 0,
                                                                    "operator_timing": 0.0000010719999999999999,
                                                                    "result_set_size": 269160,
                                                                    "children": [
                                                                        {
                                                                            "operator_name": "PROJECTION",
                                                                            "cpu_time": 0.064808869,
                                                                            "extra_info": {
                                                                                "Projections": [
                                                                                    "#0",
                                                                                    "#1",
                                                                                    "#2"
                                                                                ],
                                                                                "Estimated Cardinality": "252142"
                                                                            },
                                                                            "cumulative_cardinality": 56075,
                                                                            "operator_type": "PROJECTION",
                                                                            "operator_cardinality": 11215,
                                                                            "cumulative_rows_scanned": 1260710,
                                                                            "operator_rows_scanned": 0,
                                                                            "operator_timing": 0.000001271,
                                                                            "result_set_size": 269160,
                                                                            "children": [
                                                                                {
                                                                                    "operator_name": "FILTER",
                                                                                    "cpu_time": 0.06480759800000001,
                                                                                    "extra_info": {
                                                                                        "Expression": "(UserId <= 1416539)",
                                                                                        "Estimated Cardinality": "252142"
                                                                                    },
                                                                                    "cumulative_cardinality": 44860,
                                                                                    "operator_type": "FILTER",
                                                                                    "operator_cardinality": 11215,
                                                                                    "cumulative_rows_scanned": 1260710,
                                                                                    "operator_rows_scanned": 0,
                                                                                    "operator_timing": 0.000019277000000000002,
                                                                                    "result_set_size": 358880,
                                                                                    "children": [
                                                                                        {
                                                                                            "operator_name": "PROJECTION",
                                                                                            "cpu_time": 0.06478832100000001,
                                                                                            "extra_info": {
                                                                                                "Projections": [
                                                                                                    "#0",
                                                                                                    "#1",
                                                                                                    "#2",
                                                                                                    "#3"
                                                                                                ],
                                                                                                "Estimated Cardinality": "252142"
                                                                                            },
                                                                                            "cumulative_cardinality": 33645,
                                                                                            "operator_type": "PROJECTION",
                                                                                            "operator_cardinality": 11215,
                                                                                            "cumulative_rows_scanned": 1260710,
                                                                                            "operator_rows_scanned": 0,
                                                                                            "operator_timing": 0.0000026370000000000003,
                                                                                            "result_set_size": 358880,
                                                                                            "children": [
                                                                                                {
                                                                                                    "operator_name": "WINDOW",
                                                                                                    "cpu_time": 0.06478568400000001,
                                                                                                    "extra_info": {
                                                                                                        "Projections": "RANK() OVER (ORDER BY reputation DESC NULLS LAST)"
                                                                                                    },
                                                                                                    "cumulative_cardinality": 22430,
                                                                                                    "operator_type": "WINDOW",
                                                                                                    "operator_cardinality": 11215,
                                                                                                    "cumulative_rows_scanned": 1260710,
                                                                                                    "operator_rows_scanned": 0,
                                                                                                    "operator_timing": 0.001761867999999999,
                                                                                                    "result_set_size": 358880,
                                                                                                    "children": [
                                                                                                        {
                                                                                                            "operator_name": "READ_PARQUET ",
                                                                                                            "cpu_time": 0.06302381600000001,
                                                                                                            "extra_info": {
                                                                                                                "Function": "READ_PARQUET",
                                                                                                                "Projections": [
                                                                                                                    "id",
                                                                                                                    "reputation",
                                                                                                                    "displayname"
                                                                                                                ],
                                                                                                                "Filters": "reputation>1000",
                                                                                                                "Estimated Cardinality": "252142"
                                                                                                            },
                                                                                                            "cumulative_cardinality": 11215,
                                                                                                            "operator_type": "TABLE_SCAN",
                                                                                                            "operator_cardinality": 11215,
                                                                                                            "cumulative_rows_scanned": 1260710,
                                                                                                            "operator_rows_scanned": 1260710,
                                                                                                            "operator_timing": 0.06302381600000001,
                                                                                                            "result_set_size": 269160,
                                                                                                            "children": []
                                                                                                        }
                                                                                                    ]
                                                                                                }
                                                                                            ]
                                                                                        }
                                                                                    ]
                                                                                }
                                                                            ]
                                                                        }
                                                                    ]
                                                                }
                                                            ]
                                                        }
                                                    ]
                                                }
                                            ]
                                        }
                                    ]
                                }
                            ]
                        }
                    ]
                }
            ]
        }
    ]
}