{
    "rows_returned": 10,
    "query_name": "\nWITH UserActivity AS (\n    SELECT \n        u.Id AS UserId, \n        u.DisplayName, \n        COUNT(DISTINCT p.Id) AS TotalPosts, \n        SUM(CASE WHEN p.PostTypeId = 2 THEN 1 ELSE 0 END) AS TotalAnswers,\n        SUM(CASE WHEN p.PostTypeId = 1 THEN 1 ELSE 0 END) AS TotalQuestions,\n        SUM(CASE WHEN v.VoteTypeId = 2 THEN 1 ELSE 0 END) AS TotalUpVotes,\n        SUM(CASE WHEN v.VoteTypeId = 3 THEN 1 ELSE 0 END) AS TotalDownVotes,\n        MAX(p.CreationDate) AS LastPostDate\n    FROM \n        Users u\n    LEFT JOIN \n        Posts p ON u.Id = p.OwnerUserId\n    LEFT JOIN \n        Votes v ON p.Id = v.PostId\n    WHERE \n        u.Reputation >= 1000\n    GROUP BY \n        u.Id, u.DisplayName\n),\nRecentActivity AS (\n    SELECT \n        ua.UserId,\n        ua.DisplayName,\n        ua.TotalPosts,\n        ua.TotalAnswers,\n        ua.TotalQuestions,\n        ua.TotalUpVotes,\n        ua.TotalDownVotes,\n        DATE_PART('day', TIMESTAMP '2024-10-01 12:34:56' - ua.LastPostDate) AS DaysSinceLastPost\n    FROM \n        UserActivity ua\n    WHERE \n        ua.LastPostDate >= TIMESTAMP '2024-10-01 12:34:56' - INTERVAL '30 days'\n),\nBadgeCounts AS (\n    SELECT \n        UserId,\n        COUNT(*) AS BadgeCount\n    FROM \n        Badges\n    WHERE \n        Date >= TIMESTAMP '2024-10-01 12:34:56' - INTERVAL '365 days'\n    GROUP BY \n        UserId\n)\nSELECT \n    r.UserId,\n    r.DisplayName,\n    r.TotalPosts,\n    r.TotalAnswers,\n    r.TotalQuestions,\n    r.TotalUpVotes,\n    r.TotalDownVotes,\n    r.DaysSinceLastPost,\n    COALESCE(b.BadgeCount, 0) AS BadgeCount\nFROM \n    RecentActivity r\nLEFT JOIN \n    BadgeCounts b ON r.UserId = b.UserId\nORDER BY \n    r.TotalPosts DESC, \n    r.TotalUpVotes DESC\nLIMIT 10;\n",
    "blocked_thread_time": 0.0,
    "cpu_time": 2.187393706999996,
    "extra_info": {},
    "cumulative_cardinality": 45200483,
    "cumulative_rows_scanned": 20176643,
    "result_set_size": 1080,
    "latency": 2.700951133,
    "children": [
        {
            "operator_name": "STREAMING_LIMIT",
            "cpu_time": 2.187393706999996,
            "extra_info": {},
            "cumulative_cardinality": 45200483,
            "operator_type": "STREAMING_LIMIT",
            "operator_cardinality": 10,
            "cumulative_rows_scanned": 20176643,
            "operator_rows_scanned": 0,
            "operator_timing": 0.000001603,
            "result_set_size": 1080,
            "children": [
                {
                    "operator_name": "ORDER_BY",
                    "cpu_time": 2.187392103999996,
                    "extra_info": {
                        "Order By": [
                            "r.TotalPosts DESC",
                            "r.TotalUpVotes DESC"
                        ]
                    },
                    "cumulative_cardinality": 45200473,
                    "operator_type": "ORDER_BY",
                    "operator_cardinality": 1129,
                    "cumulative_rows_scanned": 20176643,
                    "operator_rows_scanned": 0,
                    "operator_timing": 0.000159497,
                    "result_set_size": 121932,
                    "children": [
                        {
                            "operator_name": "PROJECTION",
                            "cpu_time": 2.1872326069999963,
                            "extra_info": {
                                "Projections": [
                                    "UserId",
                                    "displayname",
                                    "TotalPosts",
                                    "TotalAnswers",
                                    "TotalQuestions",
                                    "TotalUpVotes",
                                    "TotalDownVotes",
                                    "DaysSinceLastPost",
                                    "BadgeCount"
                                ],
                                "Estimated Cardinality": "252142"
                            },
                            "cumulative_cardinality": 45199344,
                            "operator_type": "PROJECTION",
                            "operator_cardinality": 1129,
                            "cumulative_rows_scanned": 20176643,
                            "operator_rows_scanned": 0,
                            "operator_timing": 0.000033463,
                            "result_set_size": 121932,
                            "children": [
                                {
                                    "operator_name": "HASH_JOIN",
                                    "cpu_time": 2.1871991439999965,
                                    "extra_info": {
                                        "Join Type": "LEFT",
                                        "Conditions": "UserId = userid",
                                        "Estimated Cardinality": "252142"
                                    },
                                    "cumulative_cardinality": 45198215,
                                    "operator_type": "HASH_JOIN",
                                    "operator_cardinality": 1129,
                                    "cumulative_rows_scanned": 20176643,
                                    "operator_rows_scanned": 0,
                                    "operator_timing": 0.0038641889999999988,
                                    "result_set_size": 126448,
                                    "children": [
                                        {
                                            "operator_name": "PROJECTION",
                                            "cpu_time": 2.130092555999996,
                                            "extra_info": {
                                                "Projections": [
                                                    "UserId",
                                                    "displayname",
                                                    "TotalPosts",
                                                    "TotalAnswers",
                                                    "TotalQuestions",
                                                    "TotalUpVotes",
                                                    "TotalDownVotes",
                                                    "DaysSinceLastPost"
                                                ],
                                                "Estimated Cardinality": "252142"
                                            },
                                            "cumulative_cardinality": 44788910,
                                            "operator_type": "PROJECTION",
                                            "operator_cardinality": 1129,
                                            "cumulative_rows_scanned": 17854919,
                                            "operator_rows_scanned": 0,
                                            "operator_timing": 0.000067657,
                                            "result_set_size": 112900,
                                            "children": [
                                                {
                                                    "operator_name": "FILTER",
                                                    "cpu_time": 2.130024898999996,
                                                    "extra_info": {
                                                        "Expression": "(LastPostDate >= '2024-09-01 12:34:56'::TIMESTAMP)",
                                                        "Estimated Cardinality": "252142"
                                                    },
                                                    "cumulative_cardinality": 44787781,
                                                    "operator_type": "FILTER",
                                                    "operator_cardinality": 1129,
                                                    "cumulative_rows_scanned": 17854919,
                                                    "operator_rows_scanned": 0,
                                                    "operator_timing": 0.000062387,
                                                    "result_set_size": 112900,
                                                    "children": [
                                                        {
                                                            "operator_name": "HASH_GROUP_BY",
                                                            "cpu_time": 2.129962511999996,
                                                            "extra_info": {
                                                                "Groups": [
                                                                    "#0",
                                                                    "#1"
                                                                ],
                                                                "Aggregates": [
                                                                    "count(DISTINCT #2)",
                                                                    "sum(#3)",
                                                                    "sum(#4)",
                                                                    "sum(#5)",
                                                                    "sum(#6)",
                                                                    "max(#7)"
                                                                ],
                                                                "Estimated Cardinality": "1260710"
                                                            },
                                                            "cumulative_cardinality": 44786652,
                                                            "operator_type": "HASH_GROUP_BY",
                                                            "operator_cardinality": 11220,
                                                            "cumulative_rows_scanned": 17854919,
                                                            "operator_rows_scanned": 0,
                                                            "operator_timing": 0.7933307719999978,
                                                            "result_set_size": 1122000,
                                                            "children": [
                                                                {
                                                                    "operator_name": "PROJECTION",
                                                                    "cpu_time": 1.336631739999998,
                                                                    "extra_info": {
                                                                        "Projections": [
                                                                            "id",
                                                                            "displayname",
                                                                            "id",
                                                                            "CASE  WHEN ((posttypeid = 2)) THEN (1) ELSE 0 END",
                                                                            "CASE  WHEN ((posttypeid = 1)) THEN (1) ELSE 0 END",
                                                                            "CASE  WHEN ((votetypeid = 2)) THEN (1) ELSE 0 END",
                                                                            "CASE  WHEN ((votetypeid = 3)) THEN (1) ELSE 0 END",
                                                                            "creationdate"
                                                                        ],
                                                                        "Estimated Cardinality": "12744093"
                                                                    },
                                                                    "cumulative_cardinality": 44775432,
                                                                    "operator_type": "PROJECTION",
                                                                    "operator_cardinality": 7847798,
                                                                    "cumulative_rows_scanned": 17854919,
                                                                    "operator_rows_scanned": 0,
                                                                    "operator_timing": 0.0924140399999994,
                                                                    "result_set_size": 376694304,
                                                                    "children": [
                                                                        {
                                                                            "operator_name": "PROJECTION",
                                                                            "cpu_time": 1.2442176999999988,
                                                                            "extra_info": {
                                                                                "Projections": [
                                                                                    "#0",
                                                                                    "#1",
                                                                                    "__internal_decompress_integral_smallint(#2, 1)",
                                                                                    "#3",
                                                                                    "#4",
                                                                                    "#5"
                                                                                ],
                                                                                "Estimated Cardinality": "12744093"
                                                                            },
                                                                            "cumulative_cardinality": 36927634,
                                                                            "operator_type": "PROJECTION",
                                                                            "operator_cardinality": 7847798,
                                                                            "cumulative_rows_scanned": 17854919,
                                                                            "operator_rows_scanned": 0,
                                                                            "operator_timing": 0.005563432999999913,
                                                                            "result_set_size": 282520728,
                                                                            "children": [
                                                                                {
                                                                                    "operator_name": "HASH_JOIN",
                                                                                    "cpu_time": 1.238654266999999,
                                                                                    "extra_info": {
                                                                                        "Join Type": "RIGHT",
                                                                                        "Conditions": "postid = id",
                                                                                        "Estimated Cardinality": "12744093"
                                                                                    },
                                                                                    "cumulative_cardinality": 29079836,
                                                                                    "operator_type": "HASH_JOIN",
                                                                                    "operator_cardinality": 7847798,
                                                                                    "cumulative_rows_scanned": 17854919,
                                                                                    "operator_rows_scanned": 0,
                                                                                    "operator_timing": 0.6727602769999997,
                                                                                    "result_set_size": 274672930,
                                                                                    "children": [
                                                                                        {
                                                                                            "operator_name": "READ_PARQUET ",
                                                                                            "cpu_time": 0.2376023440000003,
                                                                                            "extra_info": {
                                                                                                "Function": "READ_PARQUET",
                                                                                                "Projections": [
                                                                                                    "postid",
                                                                                                    "votetypeid"
                                                                                                ],
                                                                                                "Estimated Cardinality": "12744093"
                                                                                            },
                                                                                            "cumulative_cardinality": 12744093,
                                                                                            "operator_type": "TABLE_SCAN",
                                                                                            "operator_cardinality": 12744093,
                                                                                            "cumulative_rows_scanned": 12744093,
                                                                                            "operator_rows_scanned": 12744093,
                                                                                            "operator_timing": 0.2376023440000003,
                                                                                            "result_set_size": 76464558,
                                                                                            "children": []
                                                                                        },
                                                                                        {
                                                                                            "operator_name": "PROJECTION",
                                                                                            "cpu_time": 0.32829164599999905,
                                                                                            "extra_info": {
                                                                                                "Projections": [
                                                                                                    "#0",
                                                                                                    "__internal_compress_integral_utinyint(#1, 1)",
                                                                                                    "#2",
                                                                                                    "#3",
                                                                                                    "#4"
                                                                                                ],
                                                                                                "Estimated Cardinality": "3850116"
                                                                                            },
                                                                                            "cumulative_cardinality": 8487945,
                                                                                            "operator_type": "PROJECTION",
                                                                                            "operator_cardinality": 2396676,
                                                                                            "cumulative_rows_scanned": 5110826,
                                                                                            "operator_rows_scanned": 0,
                                                                                            "operator_timing": 0.0015214739999999999,
                                                                                            "result_set_size": 79090308,
                                                                                            "children": [
                                                                                                {
                                                                                                    "operator_name": "HASH_JOIN",
                                                                                                    "cpu_time": 0.326770171999999,
                                                                                                    "extra_info": {
                                                                                                        "Join Type": "RIGHT",
                                                                                                        "Conditions": "owneruserid = id",
                                                                                                        "Estimated Cardinality": "3850116"
                                                                                                    },
                                                                                                    "cumulative_cardinality": 6091269,
                                                                                                    "operator_type": "HASH_JOIN",
                                                                                                    "operator_cardinality": 2396676,
                                                                                                    "cumulative_rows_scanned": 5110826,
                                                                                                    "operator_rows_scanned": 0,
                                                                                                    "operator_timing": 0.09035656499999928,
                                                                                                    "result_set_size": 81486984,
                                                                                                    "children": [
                                                                                                        {
                                                                                                            "operator_name": "READ_PARQUET ",
                                                                                                            "cpu_time": 0.1830867319999997,
                                                                                                            "extra_info": {
                                                                                                                "Function": "READ_PARQUET",
                                                                                                                "Projections": [
                                                                                                                    "id",
                                                                                                                    "posttypeid",
                                                                                                                    "creationdate",
                                                                                                                    "owneruserid"
                                                                                                                ],
                                                                                                                "Estimated Cardinality": "3850116"
                                                                                                            },
                                                                                                            "cumulative_cardinality": 3683373,
                                                                                                            "operator_type": "TABLE_SCAN",
                                                                                                            "operator_cardinality": 3683373,
                                                                                                            "cumulative_rows_scanned": 3850116,
                                                                                                            "operator_rows_scanned": 3850116,
                                                                                                            "operator_timing": 0.1830867319999997,
                                                                                                            "result_set_size": 66300714,
                                                                                                            "children": []
                                                                                                        },
                                                                                                        {
                                                                                                            "operator_name": "READ_PARQUET ",
                                                                                                            "cpu_time": 0.053326875000000044,
                                                                                                            "extra_info": {
                                                                                                                "Function": "READ_PARQUET",
                                                                                                                "Projections": [
                                                                                                                    "id",
                                                                                                                    "displayname"
                                                                                                                ],
                                                                                                                "Filters": "reputation>=1000",
                                                                                                                "Estimated Cardinality": "252142"
                                                                                                            },
                                                                                                            "cumulative_cardinality": 11220,
                                                                                                            "operator_type": "TABLE_SCAN",
                                                                                                            "operator_cardinality": 11220,
                                                                                                            "cumulative_rows_scanned": 1260710,
                                                                                                            "operator_rows_scanned": 1260710,
                                                                                                            "operator_timing": 0.053326875000000044,
                                                                                                            "result_set_size": 224400,
                                                                                                            "children": []
                                                                                                        }
                                                                                                    ]
                                                                                                }
                                                                                            ]
                                                                                        }
                                                                                    ]
                                                                                }
                                                                            ]
                                                                        }
                                                                    ]
                                                                }
                                                            ]
                                                        }
                                                    ]
                                                }
                                            ]
                                        },
                                        {
                                            "operator_name": "HASH_GROUP_BY",
                                            "cpu_time": 0.05324239899999999,
                                            "extra_info": {
                                                "Groups": "#0",
                                                "Aggregates": "count_star()",
                                                "Estimated Cardinality": "232172"
                                            },
                                            "cumulative_cardinality": 408176,
                                            "operator_type": "HASH_GROUP_BY",
                                            "operator_cardinality": 82268,
                                            "cumulative_rows_scanned": 2321724,
                                            "operator_rows_scanned": 0,
                                            "operator_timing": 0.005498043999999996,
                                            "result_set_size": 987216,
                                            "children": [
                                                {
                                                    "operator_name": "PROJECTION",
                                                    "cpu_time": 0.047744354999999995,
                                                    "extra_info": {
                                                        "Projections": "userid",
                                                        "Estimated Cardinality": "464344"
                                                    },
                                                    "cumulative_cardinality": 325908,
                                                    "operator_type": "PROJECTION",
                                                    "operator_cardinality": 162954,
                                                    "cumulative_rows_scanned": 2321724,
                                                    "operator_rows_scanned": 0,
                                                    "operator_timing": 0.000020431999999999997,
                                                    "result_set_size": 651816,
                                                    "children": [
                                                        {
                                                            "operator_name": "READ_PARQUET ",
                                                            "cpu_time": 0.047723922999999994,
                                                            "extra_info": {
                                                                "Function": "READ_PARQUET",
                                                                "Projections": "userid",
                                                                "Filters": "date>='2023-10-02 12:34:56'::TIMESTAMP",
                                                                "Estimated Cardinality": "464344"
                                                            },
                                                            "cumulative_cardinality": 162954,
                                                            "operator_type": "TABLE_SCAN",
                                                            "operator_cardinality": 162954,
                                                            "cumulative_rows_scanned": 2321724,
                                                            "operator_rows_scanned": 2321724,
                                                            "operator_timing": 0.047723922999999994,
                                                            "result_set_size": 651816,
                                                            "children": []
                                                        }
                                                    ]
                                                }
                                            ]
                                        }
                                    ]
                                }
                            ]
                        }
                    ]
                }
            ]
        }
    ]
}