{
    "rows_returned": 67893,
    "query_name": "\nWITH UserStatistics AS (\n    SELECT \n        u.Id AS UserId,\n        u.DisplayName,\n        u.Reputation,\n        COUNT(DISTINCT p.Id) AS TotalPosts,\n        SUM(CASE WHEN p.PostTypeId = 1 THEN 1 ELSE 0 END) AS QuestionCount,\n        SUM(CASE WHEN p.PostTypeId = 2 THEN 1 ELSE 0 END) AS AnswerCount,\n        AVG(u.Views) AS AvgViews\n    FROM Users u\n    LEFT JOIN Posts p ON u.Id = p.OwnerUserId\n    GROUP BY u.Id, u.DisplayName, u.Reputation\n),\nTopUsers AS (\n    SELECT \n        UserId,\n        DisplayName,\n        Reputation,\n        TotalPosts,\n        QuestionCount,\n        AnswerCount,\n        AvgViews,\n        ROW_NUMBER() OVER (ORDER BY Reputation DESC) AS Rank\n    FROM UserStatistics\n),\nActiveUsers AS (\n    SELECT \n        u.UserId,\n        u.DisplayName,\n        u.Reputation,\n        u.TotalPosts,\n        u.AvgViews,\n        COUNT(c.Id) AS CommentsMade\n    FROM TopUsers u\n    LEFT JOIN Comments c ON u.UserId = c.UserId\n    GROUP BY u.UserId, u.DisplayName, u.Reputation, u.TotalPosts, u.AvgViews\n),\nPostsWithVotes AS (\n    SELECT \n        p.Id AS PostId,\n        p.Title,\n        p.Score,\n        v.VoteTypeId,\n        COUNT(v.Id) AS VoteCount\n    FROM Posts p\n    LEFT JOIN Votes v ON p.Id = v.PostId\n    GROUP BY p.Id, p.Title, p.Score, v.VoteTypeId\n),\nPostAnalysis AS (\n    SELECT \n        p.PostId,\n        p.Title,\n        SUM(CASE WHEN p.VoteTypeId = 2 THEN p.VoteCount ELSE 0 END) AS TotalUpVotes,\n        SUM(CASE WHEN p.VoteTypeId = 3 THEN p.VoteCount ELSE 0 END) AS TotalDownVotes\n    FROM PostsWithVotes p\n    GROUP BY p.PostId, p.Title\n)\nSELECT \n    au.DisplayName,\n    au.Reputation,\n    au.TotalPosts,\n    au.AvgViews,\n    pa.Title,\n    pa.TotalUpVotes,\n    pa.TotalDownVotes\nFROM ActiveUsers au\nJOIN PostAnalysis pa ON au.UserId = pa.PostId\nWHERE au.CommentsMade > 5\nORDER BY au.Reputation DESC, pa.TotalUpVotes DESC;\n",
    "blocked_thread_time": 0.0,
    "cpu_time": 5.227750981999998,
    "extra_info": {},
    "cumulative_cardinality": 101784652,
    "cumulative_rows_scanned": 28946857,
    "result_set_size": 5703012,
    "latency": 6.486626785,
    "children": [
        {
            "operator_name": "ORDER_BY",
            "cpu_time": 5.227750981999998,
            "extra_info": {
                "Order By": [
                    "au.Reputation DESC",
                    "pa.TotalUpVotes DESC"
                ]
            },
            "cumulative_cardinality": 101784652,
            "operator_type": "ORDER_BY",
            "operator_cardinality": 67893,
            "cumulative_rows_scanned": 28946857,
            "operator_rows_scanned": 0,
            "operator_timing": 0.00893331200000001,
            "result_set_size": 5703012,
            "children": [
                {
                    "operator_name": "PROJECTION",
                    "cpu_time": 5.218817669999998,
                    "extra_info": {
                        "Projections": [
                            "displayname",
                            "reputation",
                            "TotalPosts",
                            "AvgViews",
                            "title",
                            "TotalUpVotes",
                            "TotalDownVotes"
                        ],
                        "Estimated Cardinality": "385011"
                    },
                    "cumulative_cardinality": 101716759,
                    "operator_type": "PROJECTION",
                    "operator_cardinality": 67893,
                    "cumulative_rows_scanned": 28946857,
                    "operator_rows_scanned": 0,
                    "operator_timing": 0.00013611299999999988,
                    "result_set_size": 5703012,
                    "children": [
                        {
                            "operator_name": "HASH_JOIN",
                            "cpu_time": 5.218681556999998,
                            "extra_info": {
                                "Join Type": "INNER",
                                "Conditions": "PostId = UserId",
                                "Estimated Cardinality": "385011"
                            },
                            "cumulative_cardinality": 101648866,
                            "operator_type": "HASH_JOIN",
                            "operator_cardinality": 67893,
                            "cumulative_rows_scanned": 28946857,
                            "operator_rows_scanned": 0,
                            "operator_timing": 0.025100500000000036,
                            "result_set_size": 5703012,
                            "children": [
                                {
                                    "operator_name": "HASH_GROUP_BY",
                                    "cpu_time": 2.3696856009999974,
                                    "extra_info": {
                                        "Groups": [
                                            "#0",
                                            "#1"
                                        ],
                                        "Aggregates": [
                                            "sum(#2)",
                                            "sum(#3)"
                                        ],
                                        "Estimated Cardinality": "1925058"
                                    },
                                    "cumulative_cardinality": 58132585,
                                    "operator_type": "HASH_GROUP_BY",
                                    "operator_cardinality": 1156110,
                                    "cumulative_rows_scanned": 16594209,
                                    "operator_rows_scanned": 0,
                                    "operator_timing": 0.20972648200000005,
                                    "result_set_size": 60117720,
                                    "children": [
                                        {
                                            "operator_name": "PROJECTION",
                                            "cpu_time": 2.159959118999997,
                                            "extra_info": {
                                                "Projections": [
                                                    "PostId",
                                                    "title",
                                                    "CASE  WHEN ((votetypeid = 2)) THEN (VoteCount) ELSE 0 END",
                                                    "CASE  WHEN ((votetypeid = 3)) THEN (VoteCount) ELSE 0 END"
                                                ],
                                                "Estimated Cardinality": "3850116"
                                            },
                                            "cumulative_cardinality": 56976475,
                                            "operator_type": "PROJECTION",
                                            "operator_cardinality": 1584732,
                                            "cumulative_rows_scanned": 16594209,
                                            "operator_rows_scanned": 0,
                                            "operator_timing": 0.008650482999999978,
                                            "result_set_size": 57050352,
                                            "children": [
                                                {
                                                    "operator_name": "PROJECTION",
                                                    "cpu_time": 2.1513086359999973,
                                                    "extra_info": {
                                                        "Projections": [
                                                            "PostId",
                                                            "title",
                                                            "votetypeid",
                                                            "VoteCount"
                                                        ],
                                                        "Estimated Cardinality": "3850116"
                                                    },
                                                    "cumulative_cardinality": 55391743,
                                                    "operator_type": "PROJECTION",
                                                    "operator_cardinality": 1584732,
                                                    "cumulative_rows_scanned": 16594209,
                                                    "operator_rows_scanned": 0,
                                                    "operator_timing": 0.00021875300000000065,
                                                    "result_set_size": 47541960,
                                                    "children": [
                                                        {
                                                            "operator_name": "PROJECTION",
                                                            "cpu_time": 2.1510898829999974,
                                                            "extra_info": {
                                                                "Projections": [
                                                                    "#0",
                                                                    "#1",
                                                                    "__internal_decompress_integral_integer(#2, -72)",
                                                                    "__internal_decompress_integral_smallint(#3, 1)",
                                                                    "#4"
                                                                ],
                                                                "Estimated Cardinality": "3850116"
                                                            },
                                                            "cumulative_cardinality": 53807011,
                                                            "operator_type": "PROJECTION",
                                                            "operator_cardinality": 1584732,
                                                            "cumulative_rows_scanned": 16594209,
                                                            "operator_rows_scanned": 0,
                                                            "operator_timing": 0.001057805,
                                                            "result_set_size": 53880888,
                                                            "children": [
                                                                {
                                                                    "operator_name": "HASH_GROUP_BY",
                                                                    "cpu_time": 2.1500320779999975,
                                                                    "extra_info": {
                                                                        "Groups": [
                                                                            "#0",
                                                                            "#1",
                                                                            "#2",
                                                                            "#3"
                                                                        ],
                                                                        "Aggregates": "count(#4)",
                                                                        "Estimated Cardinality": "3850116"
                                                                    },
                                                                    "cumulative_cardinality": 52222279,
                                                                    "operator_type": "HASH_GROUP_BY",
                                                                    "operator_cardinality": 1584732,
                                                                    "cumulative_rows_scanned": 16594209,
                                                                    "operator_rows_scanned": 0,
                                                                    "operator_timing": 0.5075244770000001,
                                                                    "result_set_size": 49126692,
                                                                    "children": [
                                                                        {
                                                                            "operator_name": "PROJECTION",
                                                                            "cpu_time": 1.6425076009999975,
                                                                            "extra_info": {
                                                                                "Projections": [
                                                                                    "id",
                                                                                    "title",
                                                                                    "score",
                                                                                    "votetypeid",
                                                                                    "id"
                                                                                ],
                                                                                "Estimated Cardinality": "12744093"
                                                                            },
                                                                            "cumulative_cardinality": 50637547,
                                                                            "operator_type": "PROJECTION",
                                                                            "operator_cardinality": 4709254,
                                                                            "cumulative_rows_scanned": 16594209,
                                                                            "operator_rows_scanned": 0,
                                                                            "operator_timing": 0.0009639889999999996,
                                                                            "result_set_size": 127149858,
                                                                            "children": [
                                                                                {
                                                                                    "operator_name": "PROJECTION",
                                                                                    "cpu_time": 1.6415436119999975,
                                                                                    "extra_info": {
                                                                                        "Projections": [
                                                                                            "#0",
                                                                                            "__internal_compress_integral_utinyint(#1, 1)",
                                                                                            "#2",
                                                                                            "__internal_compress_integral_usmallint(#3, -72)",
                                                                                            "#4"
                                                                                        ],
                                                                                        "Estimated Cardinality": "12744093"
                                                                                    },
                                                                                    "cumulative_cardinality": 45928293,
                                                                                    "operator_type": "PROJECTION",
                                                                                    "operator_cardinality": 4709254,
                                                                                    "cumulative_rows_scanned": 16594209,
                                                                                    "operator_rows_scanned": 0,
                                                                                    "operator_timing": 0.003816572,
                                                                                    "result_set_size": 127149858,
                                                                                    "children": [
                                                                                        {
                                                                                            "operator_name": "PROJECTION",
                                                                                            "cpu_time": 1.6377270399999975,
                                                                                            "extra_info": {
                                                                                                "Projections": [
                                                                                                    "#0",
                                                                                                    "#1",
                                                                                                    "#2",
                                                                                                    "__internal_decompress_integral_integer(#3, -72)",
                                                                                                    "#4"
                                                                                                ],
                                                                                                "Estimated Cardinality": "12744093"
                                                                                            },
                                                                                            "cumulative_cardinality": 41219039,
                                                                                            "operator_type": "PROJECTION",
                                                                                            "operator_cardinality": 4709254,
                                                                                            "cumulative_rows_scanned": 16594209,
                                                                                            "operator_rows_scanned": 0,
                                                                                            "operator_timing": 0.0025535270000000064,
                                                                                            "result_set_size": 141277620,
                                                                                            "children": [
                                                                                                {
                                                                                                    "operator_name": "FILTER",
                                                                                                    "cpu_time": 1.6351735129999974,
                                                                                                    "extra_info": {
                                                                                                        "Expression": "(#2 <= 1416570)",
                                                                                                        "Estimated Cardinality": "12744093"
                                                                                                    },
                                                                                                    "cumulative_cardinality": 36509785,
                                                                                                    "operator_type": "FILTER",
                                                                                                    "operator_cardinality": 4709254,
                                                                                                    "cumulative_rows_scanned": 16594209,
                                                                                                    "operator_rows_scanned": 0,
                                                                                                    "operator_timing": 0.03278998700000004,
                                                                                                    "result_set_size": 131859112,
                                                                                                    "children": [
                                                                                                        {
                                                                                                            "operator_name": "HASH_JOIN",
                                                                                                            "cpu_time": 1.6023835259999972,
                                                                                                            "extra_info": {
                                                                                                                "Join Type": "RIGHT",
                                                                                                                "Conditions": "postid = id",
                                                                                                                "Estimated Cardinality": "12744093"
                                                                                                            },
                                                                                                            "cumulative_cardinality": 31800531,
                                                                                                            "operator_type": "HASH_JOIN",
                                                                                                            "operator_cardinality": 11356206,
                                                                                                            "cumulative_rows_scanned": 16594209,
                                                                                                            "operator_rows_scanned": 0,
                                                                                                            "operator_timing": 0.9484176869999977,
                                                                                                            "result_set_size": 317973768,
                                                                                                            "children": [
                                                                                                                {
                                                                                                                    "operator_name": "READ_PARQUET ",
                                                                                                                    "cpu_time": 0.31964323599999983,
                                                                                                                    "extra_info": {
                                                                                                                        "Function": "READ_PARQUET",
                                                                                                                        "Projections": [
                                                                                                                            "id",
                                                                                                                            "postid",
                                                                                                                            "votetypeid"
                                                                                                                        ],
                                                                                                                        "Estimated Cardinality": "12744093"
                                                                                                                    },
                                                                                                                    "cumulative_cardinality": 12744093,
                                                                                                                    "operator_type": "TABLE_SCAN",
                                                                                                                    "operator_cardinality": 12744093,
                                                                                                                    "cumulative_rows_scanned": 12744093,
                                                                                                                    "operator_rows_scanned": 12744093,
                                                                                                                    "operator_timing": 0.31964323599999983,
                                                                                                                    "result_set_size": 127440930,
                                                                                                                    "children": []
                                                                                                                },
                                                                                                                {
                                                                                                                    "operator_name": "PROJECTION",
                                                                                                                    "cpu_time": 0.3343226029999998,
                                                                                                                    "extra_info": {
                                                                                                                        "Projections": [
                                                                                                                            "#0",
                                                                                                                            "__internal_compress_integral_usmallint(#1, -72)",
                                                                                                                            "#2"
                                                                                                                        ],
                                                                                                                        "Estimated Cardinality": "3850116"
                                                                                                                    },
                                                                                                                    "cumulative_cardinality": 7700232,
                                                                                                                    "operator_type": "PROJECTION",
                                                                                                                    "operator_cardinality": 3850116,
                                                                                                                    "cumulative_rows_scanned": 3850116,
                                                                                                                    "operator_rows_scanned": 0,
                                                                                                                    "operator_timing": 0.0016829660000000015,
                                                                                                                    "result_set_size": 84702552,
                                                                                                                    "children": [
                                                                                                                        {
                                                                                                                            "operator_name": "READ_PARQUET ",
                                                                                                                            "cpu_time": 0.33263963699999977,
                                                                                                                            "extra_info": {
                                                                                                                                "Function": "READ_PARQUET",
                                                                                                                                "Projections": [
                                                                                                                                    "id",
                                                                                                                                    "score",
                                                                                                                                    "title"
                                                                                                                                ],
                                                                                                                                "Estimated Cardinality": "3850116"
                                                                                                                            },
                                                                                                                            "cumulative_cardinality": 3850116,
                                                                                                                            "operator_type": "TABLE_SCAN",
                                                                                                                            "operator_cardinality": 3850116,
                                                                                                                            "cumulative_rows_scanned": 3850116,
                                                                                                                            "operator_rows_scanned": 3850116,
                                                                                                                            "operator_timing": 0.33263963699999977,
                                                                                                                            "result_set_size": 92402784,
                                                                                                                            "children": []
                                                                                                                        }
                                                                                                                    ]
                                                                                                                }
                                                                                                            ]
                                                                                                        }
                                                                                                    ]
                                                                                                }
                                                                                            ]
                                                                                        }
                                                                                    ]
                                                                                }
                                                                            ]
                                                                        }
                                                                    ]
                                                                }
                                                            ]
                                                        }
                                                    ]
                                                }
                                            ]
                                        }
                                    ]
                                },
                                {
                                    "operator_name": "FILTER",
                                    "cpu_time": 2.8238954560000002,
                                    "extra_info": {
                                        "Expression": "(UserId >= 1)",
                                        "Estimated Cardinality": "252142"
                                    },
                                    "cumulative_cardinality": 43448388,
                                    "operator_type": "FILTER",
                                    "operator_cardinality": 80753,
                                    "cumulative_rows_scanned": 12352648,
                                    "operator_rows_scanned": 0,
                                    "operator_timing": 0.0002176679999999999,
                                    "result_set_size": 3230120,
                                    "children": [
                                        {
                                            "operator_name": "PROJECTION",
                                            "cpu_time": 2.8236777880000004,
                                            "extra_info": {
                                                "Projections": [
                                                    "#0",
                                                    "#1",
                                                    "#2",
                                                    "#3",
                                                    "#4"
                                                ],
                                                "Estimated Cardinality": "252142"
                                            },
                                            "cumulative_cardinality": 43367635,
                                            "operator_type": "PROJECTION",
                                            "operator_cardinality": 80754,
                                            "cumulative_rows_scanned": 12352648,
                                            "operator_rows_scanned": 0,
                                            "operator_timing": 0.00004599599999999996,
                                            "result_set_size": 3230160,
                                            "children": [
                                                {
                                                    "operator_name": "FILTER",
                                                    "cpu_time": 2.8236317920000005,
                                                    "extra_info": {
                                                        "Expression": "(CommentsMade > 5)",
                                                        "Estimated Cardinality": "252142"
                                                    },
                                                    "cumulative_cardinality": 43286881,
                                                    "operator_type": "FILTER",
                                                    "operator_cardinality": 80754,
                                                    "cumulative_rows_scanned": 12352648,
                                                    "operator_rows_scanned": 0,
                                                    "operator_timing": 0.0020613380000000002,
                                                    "result_set_size": 3876192,
                                                    "children": [
                                                        {
                                                            "operator_name": "HASH_GROUP_BY",
                                                            "cpu_time": 2.8215704540000006,
                                                            "extra_info": {
                                                                "Groups": [
                                                                    "#0",
                                                                    "#1",
                                                                    "#2",
                                                                    "#3",
                                                                    "#4"
                                                                ],
                                                                "Aggregates": "count(#5)",
                                                                "Estimated Cardinality": "1260710"
                                                            },
                                                            "cumulative_cardinality": 43206127,
                                                            "operator_type": "HASH_GROUP_BY",
                                                            "operator_cardinality": 1260710,
                                                            "cumulative_rows_scanned": 12352648,
                                                            "operator_rows_scanned": 0,
                                                            "operator_timing": 0.622205554,
                                                            "result_set_size": 60514080,
                                                            "children": [
                                                                {
                                                                    "operator_name": "PROJECTION",
                                                                    "cpu_time": 2.1993649000000004,
                                                                    "extra_info": {
                                                                        "Projections": [
                                                                            "UserId",
                                                                            "displayname",
                                                                            "reputation",
                                                                            "TotalPosts",
                                                                            "AvgViews",
                                                                            "id"
                                                                        ],
                                                                        "Estimated Cardinality": "7241822"
                                                                    },
                                                                    "cumulative_cardinality": 41945417,
                                                                    "operator_type": "PROJECTION",
                                                                    "operator_cardinality": 7938360,
                                                                    "cumulative_rows_scanned": 12352648,
                                                                    "operator_rows_scanned": 0,
                                                                    "operator_timing": 0.0018057470000000006,
                                                                    "result_set_size": 349287840,
                                                                    "children": [
                                                                        {
                                                                            "operator_name": "HASH_JOIN",
                                                                            "cpu_time": 2.1975591530000003,
                                                                            "extra_info": {
                                                                                "Join Type": "RIGHT",
                                                                                "Conditions": "userid = UserId",
                                                                                "Estimated Cardinality": "7241822"
                                                                            },
                                                                            "cumulative_cardinality": 34007057,
                                                                            "operator_type": "HASH_JOIN",
                                                                            "operator_cardinality": 7938360,
                                                                            "cumulative_rows_scanned": 12352648,
                                                                            "operator_rows_scanned": 0,
                                                                            "operator_timing": 0.35791299600000087,
                                                                            "result_set_size": 349287840,
                                                                            "children": [
                                                                                {
                                                                                    "operator_name": "READ_PARQUET ",
                                                                                    "cpu_time": 0.13567011499999998,
                                                                                    "extra_info": {
                                                                                        "Function": "READ_PARQUET",
                                                                                        "Projections": [
                                                                                            "id",
                                                                                            "userid"
                                                                                        ],
                                                                                        "Estimated Cardinality": "7241822"
                                                                                    },
                                                                                    "cumulative_cardinality": 6930741,
                                                                                    "operator_type": "TABLE_SCAN",
                                                                                    "operator_cardinality": 6930741,
                                                                                    "cumulative_rows_scanned": 7241822,
                                                                                    "operator_rows_scanned": 7241822,
                                                                                    "operator_timing": 0.13567011499999998,
                                                                                    "result_set_size": 55445928,
                                                                                    "children": []
                                                                                },
                                                                                {
                                                                                    "operator_name": "PROJECTION",
                                                                                    "cpu_time": 1.7039760419999996,
                                                                                    "extra_info": {
                                                                                        "Projections": [
                                                                                            "UserId",
                                                                                            "displayname",
                                                                                            "reputation",
                                                                                            "TotalPosts",
                                                                                            "AvgViews"
                                                                                        ],
                                                                                        "Estimated Cardinality": "1260710"
                                                                                    },
                                                                                    "cumulative_cardinality": 19137956,
                                                                                    "operator_type": "PROJECTION",
                                                                                    "operator_cardinality": 1260710,
                                                                                    "cumulative_rows_scanned": 5110826,
                                                                                    "operator_rows_scanned": 0,
                                                                                    "operator_timing": 0.00014703599999999986,
                                                                                    "result_set_size": 50428400,
                                                                                    "children": [
                                                                                        {
                                                                                            "operator_name": "PROJECTION",
                                                                                            "cpu_time": 1.7038290059999996,
                                                                                            "extra_info": {
                                                                                                "Projections": [
                                                                                                    "#0",
                                                                                                    "#1",
                                                                                                    "#2",
                                                                                                    "#3",
                                                                                                    "#4",
                                                                                                    "#5"
                                                                                                ],
                                                                                                "Estimated Cardinality": "1260710"
                                                                                            },
                                                                                            "cumulative_cardinality": 17877246,
                                                                                            "operator_type": "PROJECTION",
                                                                                            "operator_cardinality": 1260710,
                                                                                            "cumulative_rows_scanned": 5110826,
                                                                                            "operator_rows_scanned": 0,
                                                                                            "operator_timing": 0.0001768210000000005,
                                                                                            "result_set_size": 60514080,
                                                                                            "children": [
                                                                                                {
                                                                                                    "operator_name": "WINDOW",
                                                                                                    "cpu_time": 1.7036521849999997,
                                                                                                    "extra_info": {
                                                                                                        "Projections": "ROW_NUMBER() OVER (ORDER BY reputation DESC NULLS LAST)"
                                                                                                    },
                                                                                                    "cumulative_cardinality": 16616536,
                                                                                                    "operator_type": "WINDOW",
                                                                                                    "operator_cardinality": 1260710,
                                                                                                    "cumulative_rows_scanned": 5110826,
                                                                                                    "operator_rows_scanned": 0,
                                                                                                    "operator_timing": 0.07230286200000001,
                                                                                                    "result_set_size": 60514080,
                                                                                                    "children": [
                                                                                                        {
                                                                                                            "operator_name": "HASH_GROUP_BY",
                                                                                                            "cpu_time": 1.6313493229999998,
                                                                                                            "extra_info": {
                                                                                                                "Groups": [
                                                                                                                    "#0",
                                                                                                                    "#1",
                                                                                                                    "#2"
                                                                                                                ],
                                                                                                                "Aggregates": [
                                                                                                                    "count(DISTINCT #3)",
                                                                                                                    "avg(#4)"
                                                                                                                ],
                                                                                                                "Estimated Cardinality": "1260710"
                                                                                                            },
                                                                                                            "cumulative_cardinality": 15355826,
                                                                                                            "operator_type": "HASH_GROUP_BY",
                                                                                                            "operator_cardinality": 1260710,
                                                                                                            "cumulative_rows_scanned": 5110826,
                                                                                                            "operator_rows_scanned": 0,
                                                                                                            "operator_timing": 1.1616748089999998,
                                                                                                            "result_set_size": 50428400,
                                                                                                            "children": [
                                                                                                                {
                                                                                                                    "operator_name": "PROJECTION",
                                                                                                                    "cpu_time": 0.4696745140000001,
                                                                                                                    "extra_info": {
                                                                                                                        "Projections": [
                                                                                                                            "id",
                                                                                                                            "displayname",
                                                                                                                            "reputation",
                                                                                                                            "id",
                                                                                                                            "views"
                                                                                                                        ],
                                                                                                                        "Estimated Cardinality": "3850116"
                                                                                                                    },
                                                                                                                    "cumulative_cardinality": 14095116,
                                                                                                                    "operator_type": "PROJECTION",
                                                                                                                    "operator_cardinality": 4574495,
                                                                                                                    "cumulative_rows_scanned": 5110826,
                                                                                                                    "operator_rows_scanned": 0,
                                                                                                                    "operator_timing": 0.0010398390000000053,
                                                                                                                    "result_set_size": 146383840,
                                                                                                                    "children": [
                                                                                                                        {
                                                                                                                            "operator_name": "HASH_JOIN",
                                                                                                                            "cpu_time": 0.4686346750000001,
                                                                                                                            "extra_info": {
                                                                                                                                "Join Type": "RIGHT",
                                                                                                                                "Conditions": "owneruserid = id",
                                                                                                                                "Estimated Cardinality": "3850116"
                                                                                                                            },
                                                                                                                            "cumulative_cardinality": 9520621,
                                                                                                                            "operator_type": "HASH_JOIN",
                                                                                                                            "operator_cardinality": 4574495,
                                                                                                                            "cumulative_rows_scanned": 5110826,
                                                                                                                            "operator_rows_scanned": 0,
                                                                                                                            "operator_timing": 0.28879195700000027,
                                                                                                                            "result_set_size": 146383840,
                                                                                                                            "children": [
                                                                                                                                {
                                                                                                                                    "operator_name": "READ_PARQUET ",
                                                                                                                                    "cpu_time": 0.08681675699999997,
                                                                                                                                    "extra_info": {
                                                                                                                                        "Function": "READ_PARQUET",
                                                                                                                                        "Projections": [
                                                                                                                                            "id",
                                                                                                                                            "owneruserid"
                                                                                                                                        ],
                                                                                                                                        "Estimated Cardinality": "3850116"
                                                                                                                                    },
                                                                                                                                    "cumulative_cardinality": 3685416,
                                                                                                                                    "operator_type": "TABLE_SCAN",
                                                                                                                                    "operator_cardinality": 3685416,
                                                                                                                                    "cumulative_rows_scanned": 3850116,
                                                                                                                                    "operator_rows_scanned": 3850116,
                                                                                                                                    "operator_timing": 0.08681675699999997,
                                                                                                                                    "result_set_size": 29483328,
                                                                                                                                    "children": []
                                                                                                                                },
                                                                                                                                {
                                                                                                                                    "operator_name": "READ_PARQUET ",
                                                                                                                                    "cpu_time": 0.09302596099999988,
                                                                                                                                    "extra_info": {
                                                                                                                                        "Function": "READ_PARQUET",
                                                                                                                                        "Projections": [
                                                                                                                                            "id",
                                                                                                                                            "reputation",
                                                                                                                                            "displayname",
                                                                                                                                            "views"
                                                                                                                                        ],
                                                                                                                                        "Estimated Cardinality": "1260710"
                                                                                                                                    },
                                                                                                                                    "cumulative_cardinality": 1260710,
                                                                                                                                    "operator_type": "TABLE_SCAN",
                                                                                                                                    "operator_cardinality": 1260710,
                                                                                                                                    "cumulative_rows_scanned": 1260710,
                                                                                                                                    "operator_rows_scanned": 1260710,
                                                                                                                                    "operator_timing": 0.09302596099999988,
                                                                                                                                    "result_set_size": 35299880,
                                                                                                                                    "children": []
                                                                                                                                }
                                                                                                                            ]
                                                                                                                        }
                                                                                                                    ]
                                                                                                                }
                                                                                                            ]
                                                                                                        }
                                                                                                    ]
                                                                                                }
                                                                                            ]
                                                                                        }
                                                                                    ]
                                                                                }
                                                                            ]
                                                                        }
                                                                    ]
                                                                }
                                                            ]
                                                        }
                                                    ]
                                                }
                                            ]
                                        }
                                    ]
                                }
                            ]
                        }
                    ]
                }
            ]
        }
    ]
}