{
    "rows_returned": 50,
    "query_name": "WITH UserBadges AS (\n    SELECT \n        u.Id AS UserId,\n        COUNT(b.Id) AS BadgeCount,\n        SUM(CASE WHEN b.Class = 1 THEN 1 ELSE 0 END) AS GoldBadges,\n        SUM(CASE WHEN b.Class = 2 THEN 1 ELSE 0 END) AS SilverBadges,\n        SUM(CASE WHEN b.Class = 3 THEN 1 ELSE 0 END) AS BronzeBadges\n    FROM \n        Users u\n    LEFT JOIN \n        Badges b ON u.Id = b.UserId\n    GROUP BY \n        u.Id\n),\nUserPosts AS (\n    SELECT \n        p.OwnerUserId,\n        COUNT(p.Id) AS PostCount,\n        COUNT(CASE WHEN p.PostTypeId = 1 THEN 1 END) AS QuestionCount,\n        COUNT(CASE WHEN p.PostTypeId = 2 THEN 1 END) AS AnswerCount,\n        SUM(p.Score) AS TotalScore\n    FROM \n        Posts p\n    GROUP BY \n        p.OwnerUserId\n),\nUserSummary AS (\n    SELECT \n        u.Id AS UserId,\n        u.DisplayName,\n        ub.BadgeCount,\n        ub.GoldBadges,\n        ub.SilverBadges,\n        ub.BronzeBadges,\n        up.PostCount,\n        up.QuestionCount,\n        up.AnswerCount,\n        up.TotalScore\n    FROM \n        Users u\n    LEFT JOIN \n        UserBadges ub ON u.Id = ub.UserId\n    LEFT JOIN \n        UserPosts up ON u.Id = up.OwnerUserId\n)\nSELECT \n    us.DisplayName,\n    us.BadgeCount,\n    us.GoldBadges,\n    us.SilverBadges,\n    us.BronzeBadges,\n    us.PostCount,\n    us.QuestionCount,\n    us.AnswerCount,\n    us.TotalScore\nFROM \n    UserSummary us\nWHERE \n    us.PostCount > 10\nORDER BY \n    us.TotalScore DESC, us.BadgeCount DESC\nLIMIT 50;\n",
    "blocked_thread_time": 0.0,
    "cpu_time": 1.1431313569999995,
    "extra_info": {},
    "cumulative_cardinality": 22878594,
    "cumulative_rows_scanned": 8693260,
    "result_set_size": 5600,
    "latency": 1.313674462,
    "children": [
        {
            "operator_name": "STREAMING_LIMIT",
            "cpu_time": 1.1431313569999995,
            "extra_info": {},
            "cumulative_cardinality": 22878594,
            "operator_type": "STREAMING_LIMIT",
            "operator_cardinality": 50,
            "cumulative_rows_scanned": 8693260,
            "operator_rows_scanned": 0,
            "operator_timing": 0.000003937,
            "result_set_size": 5600,
            "children": [
                {
                    "operator_name": "ORDER_BY",
                    "cpu_time": 1.1431274199999995,
                    "extra_info": {
                        "Order By": [
                            "us.TotalScore DESC",
                            "us.BadgeCount DESC"
                        ]
                    },
                    "cumulative_cardinality": 22878544,
                    "operator_type": "ORDER_BY",
                    "operator_cardinality": 4096,
                    "cumulative_rows_scanned": 8693260,
                    "operator_rows_scanned": 0,
                    "operator_timing": 0.003813925999999998,
                    "result_set_size": 458752,
                    "children": [
                        {
                            "operator_name": "PROJECTION",
                            "cpu_time": 1.1393134939999994,
                            "extra_info": {
                                "Projections": [
                                    "displayname",
                                    "BadgeCount",
                                    "GoldBadges",
                                    "SilverBadges",
                                    "BronzeBadges",
                                    "PostCount",
                                    "QuestionCount",
                                    "AnswerCount",
                                    "TotalScore"
                                ],
                                "Estimated Cardinality": "385011"
                            },
                            "cumulative_cardinality": 22874448,
                            "operator_type": "PROJECTION",
                            "operator_cardinality": 36838,
                            "cumulative_rows_scanned": 8693260,
                            "operator_rows_scanned": 0,
                            "operator_timing": 0.00008647199999999995,
                            "result_set_size": 4125856,
                            "children": [
                                {
                                    "operator_name": "HASH_JOIN",
                                    "cpu_time": 1.1392270219999994,
                                    "extra_info": {
                                        "Join Type": "INNER",
                                        "Conditions": "id = owneruserid",
                                        "Estimated Cardinality": "385011"
                                    },
                                    "cumulative_cardinality": 22837610,
                                    "operator_type": "HASH_JOIN",
                                    "operator_cardinality": 36838,
                                    "cumulative_rows_scanned": 8693260,
                                    "operator_rows_scanned": 0,
                                    "operator_timing": 0.021356784000000004,
                                    "result_set_size": 4125856,
                                    "children": [
                                        {
                                            "operator_name": "FILTER",
                                            "cpu_time": 0.8428149059999992,
                                            "extra_info": {
                                                "Expression": "(id <= 1416539)",
                                                "Estimated Cardinality": "1260710"
                                            },
                                            "cumulative_cardinality": 14692069,
                                            "operator_type": "FILTER",
                                            "operator_cardinality": 1260679,
                                            "cumulative_rows_scanned": 4843144,
                                            "operator_rows_scanned": 0,
                                            "operator_timing": 0.0018487909999999994,
                                            "result_set_size": 95811604,
                                            "children": [
                                                {
                                                    "operator_name": "HASH_JOIN",
                                                    "cpu_time": 0.8409661149999992,
                                                    "extra_info": {
                                                        "Join Type": "RIGHT",
                                                        "Conditions": "UserId = id",
                                                        "Estimated Cardinality": "1260710"
                                                    },
                                                    "cumulative_cardinality": 13431390,
                                                    "operator_type": "HASH_JOIN",
                                                    "operator_cardinality": 1260710,
                                                    "cumulative_rows_scanned": 4843144,
                                                    "operator_rows_scanned": 0,
                                                    "operator_timing": 0.139638742,
                                                    "result_set_size": 95813960,
                                                    "children": [
                                                        {
                                                            "operator_name": "HASH_GROUP_BY",
                                                            "cpu_time": 0.6243427989999992,
                                                            "extra_info": {
                                                                "Groups": "#0",
                                                                "Aggregates": [
                                                                    "count(#1)",
                                                                    "sum(#2)",
                                                                    "sum(#3)",
                                                                    "sum(#4)"
                                                                ],
                                                                "Estimated Cardinality": "1260710"
                                                            },
                                                            "cumulative_cardinality": 10909970,
                                                            "operator_type": "HASH_GROUP_BY",
                                                            "operator_cardinality": 1260710,
                                                            "cumulative_rows_scanned": 3582434,
                                                            "operator_rows_scanned": 0,
                                                            "operator_timing": 0.3737835939999997,
                                                            "result_set_size": 75642600,
                                                            "children": [
                                                                {
                                                                    "operator_name": "PROJECTION",
                                                                    "cpu_time": 0.25055920499999956,
                                                                    "extra_info": {
                                                                        "Projections": [
                                                                            "id",
                                                                            "id",
                                                                            "CASE  WHEN ((class = 1)) THEN (1) ELSE 0 END",
                                                                            "CASE  WHEN ((class = 2)) THEN (1) ELSE 0 END",
                                                                            "CASE  WHEN ((class = 3)) THEN (1) ELSE 0 END"
                                                                        ],
                                                                        "Estimated Cardinality": "2321724"
                                                                    },
                                                                    "cumulative_cardinality": 9649260,
                                                                    "operator_type": "PROJECTION",
                                                                    "operator_cardinality": 3033413,
                                                                    "cumulative_rows_scanned": 3582434,
                                                                    "operator_rows_scanned": 0,
                                                                    "operator_timing": 0.01839485700000001,
                                                                    "result_set_size": 60668260,
                                                                    "children": [
                                                                        {
                                                                            "operator_name": "HASH_JOIN",
                                                                            "cpu_time": 0.23216434799999958,
                                                                            "extra_info": {
                                                                                "Join Type": "RIGHT",
                                                                                "Conditions": "userid = id",
                                                                                "Estimated Cardinality": "2321724"
                                                                            },
                                                                            "cumulative_cardinality": 6615847,
                                                                            "operator_type": "HASH_JOIN",
                                                                            "operator_cardinality": 3033413,
                                                                            "cumulative_rows_scanned": 3582434,
                                                                            "operator_rows_scanned": 0,
                                                                            "operator_timing": 0.17354210799999958,
                                                                            "result_set_size": 30334130,
                                                                            "children": [
                                                                                {
                                                                                    "operator_name": "READ_PARQUET ",
                                                                                    "cpu_time": 0.05102943399999997,
                                                                                    "extra_info": {
                                                                                        "Function": "READ_PARQUET",
                                                                                        "Projections": [
                                                                                            "id",
                                                                                            "userid",
                                                                                            "class"
                                                                                        ],
                                                                                        "Estimated Cardinality": "2321724"
                                                                                    },
                                                                                    "cumulative_cardinality": 2321724,
                                                                                    "operator_type": "TABLE_SCAN",
                                                                                    "operator_cardinality": 2321724,
                                                                                    "cumulative_rows_scanned": 2321724,
                                                                                    "operator_rows_scanned": 2321724,
                                                                                    "operator_timing": 0.05102943399999997,
                                                                                    "result_set_size": 23217240,
                                                                                    "children": []
                                                                                },
                                                                                {
                                                                                    "operator_name": "READ_PARQUET ",
                                                                                    "cpu_time": 0.007592805999999997,
                                                                                    "extra_info": {
                                                                                        "Function": "READ_PARQUET",
                                                                                        "Projections": "id",
                                                                                        "Estimated Cardinality": "1260710"
                                                                                    },
                                                                                    "cumulative_cardinality": 1260710,
                                                                                    "operator_type": "TABLE_SCAN",
                                                                                    "operator_cardinality": 1260710,
                                                                                    "cumulative_rows_scanned": 1260710,
                                                                                    "operator_rows_scanned": 1260710,
                                                                                    "operator_timing": 0.007592805999999997,
                                                                                    "result_set_size": 5042840,
                                                                                    "children": []
                                                                                }
                                                                            ]
                                                                        }
                                                                    ]
                                                                }
                                                            ]
                                                        },
                                                        {
                                                            "operator_name": "READ_PARQUET ",
                                                            "cpu_time": 0.07698457399999993,
                                                            "extra_info": {
                                                                "Function": "READ_PARQUET",
                                                                "Projections": [
                                                                    "id",
                                                                    "displayname"
                                                                ],
                                                                "Estimated Cardinality": "1260710"
                                                            },
                                                            "cumulative_cardinality": 1260710,
                                                            "operator_type": "TABLE_SCAN",
                                                            "operator_cardinality": 1260710,
                                                            "cumulative_rows_scanned": 1260710,
                                                            "operator_rows_scanned": 1260710,
                                                            "operator_timing": 0.07698457399999993,
                                                            "result_set_size": 25214200,
                                                            "children": []
                                                        }
                                                    ]
                                                }
                                            ]
                                        },
                                        {
                                            "operator_name": "FILTER",
                                            "cpu_time": 0.27505533200000026,
                                            "extra_info": {
                                                "Expression": "(PostCount > 10)",
                                                "Estimated Cardinality": "385011"
                                            },
                                            "cumulative_cardinality": 8108703,
                                            "operator_type": "FILTER",
                                            "operator_cardinality": 36839,
                                            "cumulative_rows_scanned": 3850116,
                                            "operator_rows_scanned": 0,
                                            "operator_timing": 0.0005477470000000001,
                                            "result_set_size": 1620916,
                                            "children": [
                                                {
                                                    "operator_name": "HASH_GROUP_BY",
                                                    "cpu_time": 0.2745075850000003,
                                                    "extra_info": {
                                                        "Groups": "#0",
                                                        "Aggregates": [
                                                            "count_star()",
                                                            "count(#1)",
                                                            "count(#2)",
                                                            "sum(#3)"
                                                        ],
                                                        "Estimated Cardinality": "1925058"
                                                    },
                                                    "cumulative_cardinality": 8071864,
                                                    "operator_type": "HASH_GROUP_BY",
                                                    "operator_cardinality": 371632,
                                                    "cumulative_rows_scanned": 3850116,
                                                    "operator_rows_scanned": 0,
                                                    "operator_timing": 0.1370864790000002,
                                                    "result_set_size": 16351808,
                                                    "children": [
                                                        {
                                                            "operator_name": "PROJECTION",
                                                            "cpu_time": 0.13742110600000007,
                                                            "extra_info": {
                                                                "Projections": [
                                                                    "owneruserid",
                                                                    "CASE  WHEN ((posttypeid = 1)) THEN (1) ELSE NULL END",
                                                                    "CASE  WHEN ((posttypeid = 2)) THEN (1) ELSE NULL END",
                                                                    "score"
                                                                ],
                                                                "Estimated Cardinality": "3850116"
                                                            },
                                                            "cumulative_cardinality": 7700232,
                                                            "operator_type": "PROJECTION",
                                                            "operator_cardinality": 3850116,
                                                            "cumulative_rows_scanned": 3850116,
                                                            "operator_rows_scanned": 0,
                                                            "operator_timing": 0.05515744200000003,
                                                            "result_set_size": 61601856,
                                                            "children": [
                                                                {
                                                                    "operator_name": "READ_PARQUET ",
                                                                    "cpu_time": 0.08226366400000006,
                                                                    "extra_info": {
                                                                        "Function": "READ_PARQUET",
                                                                        "Projections": [
                                                                            "id",
                                                                            "posttypeid",
                                                                            "score",
                                                                            "owneruserid"
                                                                        ],
                                                                        "Estimated Cardinality": "3850116"
                                                                    },
                                                                    "cumulative_cardinality": 3850116,
                                                                    "operator_type": "TABLE_SCAN",
                                                                    "operator_cardinality": 3850116,
                                                                    "cumulative_rows_scanned": 3850116,
                                                                    "operator_rows_scanned": 3850116,
                                                                    "operator_timing": 0.08226366400000006,
                                                                    "result_set_size": 53901624,
                                                                    "children": []
                                                                }
                                                            ]
                                                        }
                                                    ]
                                                }
                                            ]
                                        }
                                    ]
                                }
                            ]
                        }
                    ]
                }
            ]
        }
    ]
}