{
    "rows_returned": 100,
    "query_name": "SELECT \n    p.Id AS PostId,\n    p.Title,\n    p.CreationDate,\n    COUNT(DISTINCT c.Id) AS CommentCount,\n    SUM(CASE WHEN v.VoteTypeId = 2 THEN 1 ELSE 0 END) AS UpVoteCount,\n    SUM(CASE WHEN v.VoteTypeId = 3 THEN 1 ELSE 0 END) AS DownVoteCount,\n    COUNT(DISTINCT ph.Id) AS EditHistoryCount,\n    COALESCE(SUM(CASE WHEN b.Class = 1 THEN 1 ELSE 0 END), 0) AS GoldBadgeCount,\n    COALESCE(SUM(CASE WHEN b.Class = 2 THEN 1 ELSE 0 END), 0) AS SilverBadgeCount,\n    COALESCE(SUM(CASE WHEN b.Class = 3 THEN 1 ELSE 0 END), 0) AS BronzeBadgeCount,\n    COUNT(DISTINCT pl.RelatedPostId) AS RelatedPostCount\nFROM \n    Posts p\nLEFT JOIN \n    Comments c ON p.Id = c.PostId\nLEFT JOIN \n    Votes v ON p.Id = v.PostId\nLEFT JOIN \n    PostHistory ph ON p.Id = ph.PostId\nLEFT JOIN \n    Badges b ON p.OwnerUserId = b.UserId\nLEFT JOIN \n    PostLinks pl ON p.Id = pl.PostId\nWHERE \n    p.CreationDate >= '2020-01-01'\nGROUP BY \n    p.Id, p.Title, p.CreationDate\nORDER BY \n    p.CreationDate DESC\nLIMIT 100;\n",
    "blocked_thread_time": 0.0,
    "cpu_time": 568.6680112170571,
    "extra_info": {},
    "cumulative_cardinality": 11974078252,
    "cumulative_rows_scanned": 38365990,
    "result_set_size": 13200,
    "latency": 670.607541867,
    "children": [
        {
            "operator_name": "STREAMING_LIMIT",
            "cpu_time": 568.6680112170571,
            "extra_info": {},
            "cumulative_cardinality": 11974078252,
            "operator_type": "STREAMING_LIMIT",
            "operator_cardinality": 100,
            "cumulative_rows_scanned": 38365990,
            "operator_rows_scanned": 0,
            "operator_timing": 0.000004538999999999999,
            "result_set_size": 13200,
            "children": [
                {
                    "operator_name": "ORDER_BY",
                    "cpu_time": 568.6680066780572,
                    "extra_info": {
                        "Order By": "p.CreationDate DESC"
                    },
                    "cumulative_cardinality": 11974078152,
                    "operator_type": "ORDER_BY",
                    "operator_cardinality": 4096,
                    "cumulative_rows_scanned": 38365990,
                    "operator_rows_scanned": 0,
                    "operator_timing": 0.08622461300000003,
                    "result_set_size": 540672,
                    "children": [
                        {
                            "operator_name": "PROJECTION",
                            "cpu_time": 568.5817820650572,
                            "extra_info": {
                                "Projections": [
                                    "PostId",
                                    "title",
                                    "creationdate",
                                    "CommentCount",
                                    "UpVoteCount",
                                    "DownVoteCount",
                                    "EditHistoryCount",
                                    "GoldBadgeCount",
                                    "SilverBadgeCount",
                                    "BronzeBadgeCount",
                                    "RelatedPostCount"
                                ],
                                "Estimated Cardinality": "3850116"
                            },
                            "cumulative_cardinality": 11974074056,
                            "operator_type": "PROJECTION",
                            "operator_cardinality": 1061807,
                            "cumulative_rows_scanned": 38365990,
                            "operator_rows_scanned": 0,
                            "operator_timing": 0.023034301000000028,
                            "result_set_size": 140158524,
                            "children": [
                                {
                                    "operator_name": "HASH_GROUP_BY",
                                    "cpu_time": 568.5587477640571,
                                    "extra_info": {
                                        "Groups": [
                                            "#0",
                                            "#1",
                                            "#2"
                                        ],
                                        "Aggregates": [
                                            "count(DISTINCT #3)",
                                            "sum(#4)",
                                            "sum(#5)",
                                            "count(DISTINCT #6)",
                                            "sum(#7)",
                                            "sum(#8)",
                                            "sum(#9)",
                                            "count(DISTINCT #10)"
                                        ],
                                        "Estimated Cardinality": "3850116"
                                    },
                                    "cumulative_cardinality": 11973012249,
                                    "operator_type": "HASH_GROUP_BY",
                                    "operator_cardinality": 1061807,
                                    "cumulative_rows_scanned": 38365990,
                                    "operator_rows_scanned": 0,
                                    "operator_timing": 430.30994491898576,
                                    "result_set_size": 140158524,
                                    "children": [
                                        {
                                            "operator_name": "PROJECTION",
                                            "cpu_time": 138.24880284507134,
                                            "extra_info": {
                                                "Projections": [
                                                    "id",
                                                    "title",
                                                    "creationdate",
                                                    "id",
                                                    "CASE  WHEN ((votetypeid = 2)) THEN (1) ELSE 0 END",
                                                    "CASE  WHEN ((votetypeid = 3)) THEN (1) ELSE 0 END",
                                                    "id",
                                                    "CASE  WHEN ((class = 1)) THEN (1) ELSE 0 END",
                                                    "CASE  WHEN ((class = 2)) THEN (1) ELSE 0 END",
                                                    "CASE  WHEN ((class = 3)) THEN (1) ELSE 0 END",
                                                    "relatedpostid"
                                                ],
                                                "Estimated Cardinality": "12744093"
                                            },
                                            "cumulative_cardinality": 11971950442,
                                            "operator_type": "PROJECTION",
                                            "operator_cardinality": 3347026949,
                                            "cumulative_rows_scanned": 38365990,
                                            "operator_rows_scanned": 0,
                                            "operator_timing": 48.46306621400138,
                                            "result_set_size": 200821616940,
                                            "children": [
                                                {
                                                    "operator_name": "HASH_JOIN",
                                                    "cpu_time": 89.78573663106995,
                                                    "extra_info": {
                                                        "Join Type": "LEFT",
                                                        "Conditions": "id = postid",
                                                        "Estimated Cardinality": "12744093"
                                                    },
                                                    "cumulative_cardinality": 8624923493,
                                                    "operator_type": "HASH_JOIN",
                                                    "operator_cardinality": 3347026949,
                                                    "cumulative_rows_scanned": 38365990,
                                                    "operator_rows_scanned": 0,
                                                    "operator_timing": 55.264250057067954,
                                                    "result_set_size": 147269185756,
                                                    "children": [
                                                        {
                                                            "operator_name": "PROJECTION",
                                                            "cpu_time": 34.51670054400199,
                                                            "extra_info": {
                                                                "Projections": [
                                                                    "#1",
                                                                    "#2",
                                                                    "#3",
                                                                    "#0",
                                                                    "#4",
                                                                    "#5",
                                                                    "__internal_decompress_integral_smallint(#6, 1)"
                                                                ],
                                                                "Estimated Cardinality": "12744093"
                                                            },
                                                            "cumulative_cardinality": 5277483553,
                                                            "operator_type": "PROJECTION",
                                                            "operator_cardinality": 2592097624,
                                                            "cumulative_rows_scanned": 37952999,
                                                            "operator_rows_scanned": 0,
                                                            "operator_timing": 1.223625922001139,
                                                            "result_set_size": 103683904960,
                                                            "children": [
                                                                {
                                                                    "operator_name": "HASH_JOIN",
                                                                    "cpu_time": 33.29307462200085,
                                                                    "extra_info": {
                                                                        "Join Type": "LEFT",
                                                                        "Conditions": "owneruserid = userid",
                                                                        "Estimated Cardinality": "12744093"
                                                                    },
                                                                    "cumulative_cardinality": 2685385929,
                                                                    "operator_type": "HASH_JOIN",
                                                                    "operator_cardinality": 2592097624,
                                                                    "cumulative_rows_scanned": 37952999,
                                                                    "operator_rows_scanned": 0,
                                                                    "operator_timing": 30.525588315000853,
                                                                    "result_set_size": 101091807336,
                                                                    "children": [
                                                                        {
                                                                            "operator_name": "HASH_JOIN",
                                                                            "cpu_time": 2.749017043000003,
                                                                            "extra_info": {
                                                                                "Join Type": "LEFT",
                                                                                "Conditions": "id = postid",
                                                                                "Estimated Cardinality": "12744093"
                                                                            },
                                                                            "cumulative_cardinality": 88644857,
                                                                            "operator_type": "HASH_JOIN",
                                                                            "operator_cardinality": 32384570,
                                                                            "cumulative_rows_scanned": 35631275,
                                                                            "operator_rows_scanned": 0,
                                                                            "operator_timing": 1.1894692320000029,
                                                                            "result_set_size": 1360151940,
                                                                            "children": [
                                                                                {
                                                                                    "operator_name": "PROJECTION",
                                                                                    "cpu_time": 1.425269221,
                                                                                    "extra_info": {
                                                                                        "Projections": [
                                                                                            "#0",
                                                                                            "#1",
                                                                                            "#2",
                                                                                            "#3",
                                                                                            "#4",
                                                                                            "__internal_decompress_integral_smallint(#5, 1)"
                                                                                        ],
                                                                                        "Estimated Cardinality": "12744093"
                                                                                    },
                                                                                    "cumulative_cardinality": 44465043,
                                                                                    "operator_type": "PROJECTION",
                                                                                    "operator_cardinality": 6627177,
                                                                                    "cumulative_rows_scanned": 23836031,
                                                                                    "operator_rows_scanned": 0,
                                                                                    "operator_timing": 0.00554216399999998,
                                                                                    "result_set_size": 251832726,
                                                                                    "children": [
                                                                                        {
                                                                                            "operator_name": "HASH_JOIN",
                                                                                            "cpu_time": 1.419727057,
                                                                                            "extra_info": {
                                                                                                "Join Type": "LEFT",
                                                                                                "Conditions": "id = postid",
                                                                                                "Estimated Cardinality": "12744093"
                                                                                            },
                                                                                            "cumulative_cardinality": 37837866,
                                                                                            "operator_type": "HASH_JOIN",
                                                                                            "operator_cardinality": 6627177,
                                                                                            "cumulative_rows_scanned": 23836031,
                                                                                            "operator_rows_scanned": 0,
                                                                                            "operator_timing": 0.7441395690000001,
                                                                                            "result_set_size": 245205549,
                                                                                            "children": [
                                                                                                {
                                                                                                    "operator_name": "HASH_JOIN",
                                                                                                    "cpu_time": 0.5431950180000001,
                                                                                                    "extra_info": {
                                                                                                        "Join Type": "RIGHT",
                                                                                                        "Conditions": "postid = id",
                                                                                                        "Estimated Cardinality": "7241822"
                                                                                                    },
                                                                                                    "cumulative_cardinality": 5722503,
                                                                                                    "operator_type": "HASH_JOIN",
                                                                                                    "operator_cardinality": 2554628,
                                                                                                    "cumulative_rows_scanned": 11091938,
                                                                                                    "operator_rows_scanned": 0,
                                                                                                    "operator_timing": 0.2950592240000002,
                                                                                                    "result_set_size": 91966608,
                                                                                                    "children": [
                                                                                                        {
                                                                                                            "operator_name": "READ_PARQUET ",
                                                                                                            "cpu_time": 0.07363032700000004,
                                                                                                            "extra_info": {
                                                                                                                "Function": "READ_PARQUET",
                                                                                                                "Projections": [
                                                                                                                    "id",
                                                                                                                    "postid"
                                                                                                                ],
                                                                                                                "Estimated Cardinality": "7241822"
                                                                                                            },
                                                                                                            "cumulative_cardinality": 2106068,
                                                                                                            "operator_type": "TABLE_SCAN",
                                                                                                            "operator_cardinality": 2106068,
                                                                                                            "cumulative_rows_scanned": 7241822,
                                                                                                            "operator_rows_scanned": 7241822,
                                                                                                            "operator_timing": 0.07363032700000004,
                                                                                                            "result_set_size": 16848544,
                                                                                                            "children": []
                                                                                                        },
                                                                                                        {
                                                                                                            "operator_name": "READ_PARQUET ",
                                                                                                            "cpu_time": 0.17450546699999994,
                                                                                                            "extra_info": {
                                                                                                                "Function": "READ_PARQUET",
                                                                                                                "Projections": [
                                                                                                                    "id",
                                                                                                                    "creationdate",
                                                                                                                    "owneruserid",
                                                                                                                    "title"
                                                                                                                ],
                                                                                                                "Filters": "creationdate>='2020-01-01 00:00:00'::TIMESTAMP",
                                                                                                                "Estimated Cardinality": "770023"
                                                                                                            },
                                                                                                            "cumulative_cardinality": 1061807,
                                                                                                            "operator_type": "TABLE_SCAN",
                                                                                                            "operator_cardinality": 1061807,
                                                                                                            "cumulative_rows_scanned": 3850116,
                                                                                                            "operator_rows_scanned": 3850116,
                                                                                                            "operator_timing": 0.17450546699999994,
                                                                                                            "result_set_size": 33977824,
                                                                                                            "children": []
                                                                                                        }
                                                                                                    ]
                                                                                                },
                                                                                                {
                                                                                                    "operator_name": "PROJECTION",
                                                                                                    "cpu_time": 0.13239246999999987,
                                                                                                    "extra_info": {
                                                                                                        "Projections": [
                                                                                                            "#0",
                                                                                                            "__internal_compress_integral_utinyint(#1, 1)"
                                                                                                        ],
                                                                                                        "Estimated Cardinality": "12744093"
                                                                                                    },
                                                                                                    "cumulative_cardinality": 25488186,
                                                                                                    "operator_type": "PROJECTION",
                                                                                                    "operator_cardinality": 12744093,
                                                                                                    "cumulative_rows_scanned": 12744093,
                                                                                                    "operator_rows_scanned": 0,
                                                                                                    "operator_timing": 0.0034991189999999924,
                                                                                                    "result_set_size": 63720465,
                                                                                                    "children": [
                                                                                                        {
                                                                                                            "operator_name": "READ_PARQUET ",
                                                                                                            "cpu_time": 0.12889335099999988,
                                                                                                            "extra_info": {
                                                                                                                "Function": "READ_PARQUET",
                                                                                                                "Projections": [
                                                                                                                    "postid",
                                                                                                                    "votetypeid"
                                                                                                                ],
                                                                                                                "Estimated Cardinality": "12744093"
                                                                                                            },
                                                                                                            "cumulative_cardinality": 12744093,
                                                                                                            "operator_type": "TABLE_SCAN",
                                                                                                            "operator_cardinality": 12744093,
                                                                                                            "cumulative_rows_scanned": 12744093,
                                                                                                            "operator_rows_scanned": 12744093,
                                                                                                            "operator_timing": 0.12889335099999988,
                                                                                                            "result_set_size": 76464558,
                                                                                                            "children": []
                                                                                                        }
                                                                                                    ]
                                                                                                }
                                                                                            ]
                                                                                        }
                                                                                    ]
                                                                                },
                                                                                {
                                                                                    "operator_name": "READ_PARQUET ",
                                                                                    "cpu_time": 0.1342785899999999,
                                                                                    "extra_info": {
                                                                                        "Function": "READ_PARQUET",
                                                                                        "Projections": [
                                                                                            "id",
                                                                                            "postid"
                                                                                        ],
                                                                                        "Estimated Cardinality": "11795244"
                                                                                    },
                                                                                    "cumulative_cardinality": 11795244,
                                                                                    "operator_type": "TABLE_SCAN",
                                                                                    "operator_cardinality": 11795244,
                                                                                    "cumulative_rows_scanned": 11795244,
                                                                                    "operator_rows_scanned": 11795244,
                                                                                    "operator_timing": 0.1342785899999999,
                                                                                    "result_set_size": 94361952,
                                                                                    "children": []
                                                                                }
                                                                            ]
                                                                        },
                                                                        {
                                                                            "operator_name": "PROJECTION",
                                                                            "cpu_time": 0.018469263999999996,
                                                                            "extra_info": {
                                                                                "Projections": [
                                                                                    "#0",
                                                                                    "__internal_compress_integral_utinyint(#1, 1)"
                                                                                ],
                                                                                "Estimated Cardinality": "2321724"
                                                                            },
                                                                            "cumulative_cardinality": 4643448,
                                                                            "operator_type": "PROJECTION",
                                                                            "operator_cardinality": 2321724,
                                                                            "cumulative_rows_scanned": 2321724,
                                                                            "operator_rows_scanned": 0,
                                                                            "operator_timing": 0.0006356889999999995,
                                                                            "result_set_size": 11608620,
                                                                            "children": [
                                                                                {
                                                                                    "operator_name": "READ_PARQUET ",
                                                                                    "cpu_time": 0.017833574999999997,
                                                                                    "extra_info": {
                                                                                        "Function": "READ_PARQUET",
                                                                                        "Projections": [
                                                                                            "userid",
                                                                                            "class"
                                                                                        ],
                                                                                        "Estimated Cardinality": "2321724"
                                                                                    },
                                                                                    "cumulative_cardinality": 2321724,
                                                                                    "operator_type": "TABLE_SCAN",
                                                                                    "operator_cardinality": 2321724,
                                                                                    "cumulative_rows_scanned": 2321724,
                                                                                    "operator_rows_scanned": 2321724,
                                                                                    "operator_timing": 0.017833574999999997,
                                                                                    "result_set_size": 13930344,
                                                                                    "children": []
                                                                                }
                                                                            ]
                                                                        }
                                                                    ]
                                                                }
                                                            ]
                                                        },
                                                        {
                                                            "operator_name": "READ_PARQUET ",
                                                            "cpu_time": 0.004786029999999999,
                                                            "extra_info": {
                                                                "Function": "READ_PARQUET",
                                                                "Projections": [
                                                                    "postid",
                                                                    "relatedpostid"
                                                                ],
                                                                "Estimated Cardinality": "412991"
                                                            },
                                                            "cumulative_cardinality": 412991,
                                                            "operator_type": "TABLE_SCAN",
                                                            "operator_cardinality": 412991,
                                                            "cumulative_rows_scanned": 412991,
                                                            "operator_rows_scanned": 412991,
                                                            "operator_timing": 0.004786029999999999,
                                                            "result_set_size": 3303928,
                                                            "children": []
                                                        }
                                                    ]
                                                }
                                            ]
                                        }
                                    ]
                                }
                            ]
                        }
                    ]
                }
            ]
        }
    ]
}