{
    "rows_returned": 8,
    "query_name": "\nWITH UserBadgeCounts AS (\n    SELECT \n        U.Id AS UserId,\n        U.DisplayName,\n        COUNT(B.Id) AS BadgeCount,\n        SUM(CASE WHEN B.Class = 1 THEN 1 ELSE 0 END) AS GoldBadges,\n        SUM(CASE WHEN B.Class = 2 THEN 1 ELSE 0 END) AS SilverBadges,\n        SUM(CASE WHEN B.Class = 3 THEN 1 ELSE 0 END) AS BronzeBadges\n    FROM Users U\n    LEFT JOIN Badges B ON U.Id = B.UserId\n    GROUP BY U.Id, U.DisplayName\n),\nTopUsersByReputation AS (\n    SELECT \n        Id,\n        DisplayName,\n        Reputation\n    FROM Users\n    ORDER BY Reputation DESC\n    LIMIT 10\n),\nPostEngagement AS (\n    SELECT \n        P.OwnerUserId,\n        COUNT(P.Id) AS PostCount,\n        SUM(P.ViewCount) AS TotalViews,\n        SUM(P.Score) AS TotalScore\n    FROM Posts P\n    WHERE P.CreationDate >= (CAST('2024-10-01 12:34:56' AS TIMESTAMP) - INTERVAL '1 year')\n    GROUP BY P.OwnerUserId\n)\nSELECT \n    U.DisplayName,\n    T.Reputation,\n    U.BadgeCount,\n    U.GoldBadges,\n    U.SilverBadges,\n    U.BronzeBadges,\n    PE.PostCount,\n    PE.TotalViews,\n    PE.TotalScore\nFROM UserBadgeCounts U\nJOIN PostEngagement PE ON U.UserId = PE.OwnerUserId\nJOIN TopUsersByReputation T ON U.UserId = T.Id\nORDER BY T.Reputation DESC, U.BadgeCount DESC;\n",
    "blocked_thread_time": 0.0,
    "cpu_time": 0.9907004969999998,
    "extra_info": {},
    "cumulative_cardinality": 15531685,
    "cumulative_rows_scanned": 8693260,
    "result_set_size": 928,
    "latency": 1.078483844,
    "children": [
        {
            "operator_name": "ORDER_BY",
            "cpu_time": 0.9907004969999998,
            "extra_info": {
                "Order By": [
                    "T.Reputation DESC",
                    "U.BadgeCount DESC"
                ]
            },
            "cumulative_cardinality": 15531685,
            "operator_type": "ORDER_BY",
            "operator_cardinality": 8,
            "cumulative_rows_scanned": 8693260,
            "operator_rows_scanned": 0,
            "operator_timing": 0.00007937600000000001,
            "result_set_size": 928,
            "children": [
                {
                    "operator_name": "PROJECTION",
                    "cpu_time": 0.9906211209999999,
                    "extra_info": {
                        "Projections": [
                            "displayname",
                            "reputation",
                            "BadgeCount",
                            "GoldBadges",
                            "SilverBadges",
                            "BronzeBadges",
                            "PostCount",
                            "TotalViews",
                            "TotalScore"
                        ],
                        "Estimated Cardinality": "3"
                    },
                    "cumulative_cardinality": 15531677,
                    "operator_type": "PROJECTION",
                    "operator_cardinality": 8,
                    "cumulative_rows_scanned": 8693260,
                    "operator_rows_scanned": 0,
                    "operator_timing": 0.000003156,
                    "result_set_size": 928,
                    "children": [
                        {
                            "operator_name": "HASH_JOIN",
                            "cpu_time": 0.9906179649999999,
                            "extra_info": {
                                "Join Type": "INNER",
                                "Conditions": "UserId = id",
                                "Estimated Cardinality": "3"
                            },
                            "cumulative_cardinality": 15531669,
                            "operator_type": "HASH_JOIN",
                            "operator_cardinality": 8,
                            "cumulative_rows_scanned": 8693260,
                            "operator_rows_scanned": 0,
                            "operator_timing": 0.005727435000000001,
                            "result_set_size": 928,
                            "children": [
                                {
                                    "operator_name": "HASH_GROUP_BY",
                                    "cpu_time": 0.9095373469999999,
                                    "extra_info": {
                                        "Groups": [
                                            "#0",
                                            "#1"
                                        ],
                                        "Aggregates": [
                                            "count(#2)",
                                            "sum(#3)",
                                            "sum(#4)",
                                            "sum(#5)"
                                        ],
                                        "Estimated Cardinality": "1260710"
                                    },
                                    "cumulative_cardinality": 13943290,
                                    "operator_type": "HASH_GROUP_BY",
                                    "operator_cardinality": 1260679,
                                    "cumulative_rows_scanned": 3582434,
                                    "operator_rows_scanned": 0,
                                    "operator_timing": 0.5331633480000001,
                                    "result_set_size": 95811604,
                                    "children": [
                                        {
                                            "operator_name": "PROJECTION",
                                            "cpu_time": 0.37637399899999974,
                                            "extra_info": {
                                                "Projections": [
                                                    "id",
                                                    "displayname",
                                                    "id",
                                                    "CASE  WHEN ((class = 1)) THEN (1) ELSE 0 END",
                                                    "CASE  WHEN ((class = 2)) THEN (1) ELSE 0 END",
                                                    "CASE  WHEN ((class = 3)) THEN (1) ELSE 0 END"
                                                ],
                                                "Estimated Cardinality": "2321724"
                                            },
                                            "cumulative_cardinality": 12682611,
                                            "operator_type": "PROJECTION",
                                            "operator_cardinality": 3033382,
                                            "cumulative_rows_scanned": 3582434,
                                            "operator_rows_scanned": 0,
                                            "operator_timing": 0.015925454000000044,
                                            "result_set_size": 109201752,
                                            "children": [
                                                {
                                                    "operator_name": "FILTER",
                                                    "cpu_time": 0.3604485449999997,
                                                    "extra_info": {
                                                        "Expression": "(id <= 1416539)",
                                                        "Estimated Cardinality": "2321724"
                                                    },
                                                    "cumulative_cardinality": 9649229,
                                                    "operator_type": "FILTER",
                                                    "operator_cardinality": 3033382,
                                                    "cumulative_rows_scanned": 3582434,
                                                    "operator_rows_scanned": 0,
                                                    "operator_timing": 0.0039214019999999974,
                                                    "result_set_size": 78867932,
                                                    "children": [
                                                        {
                                                            "operator_name": "HASH_JOIN",
                                                            "cpu_time": 0.35652714299999966,
                                                            "extra_info": {
                                                                "Join Type": "RIGHT",
                                                                "Conditions": "userid = id",
                                                                "Estimated Cardinality": "2321724"
                                                            },
                                                            "cumulative_cardinality": 6615847,
                                                            "operator_type": "HASH_JOIN",
                                                            "operator_cardinality": 3033413,
                                                            "cumulative_rows_scanned": 3582434,
                                                            "operator_rows_scanned": 0,
                                                            "operator_timing": 0.2213856429999997,
                                                            "result_set_size": 78868738,
                                                            "children": [
                                                                {
                                                                    "operator_name": "READ_PARQUET ",
                                                                    "cpu_time": 0.058292413999999945,
                                                                    "extra_info": {
                                                                        "Function": "READ_PARQUET",
                                                                        "Projections": [
                                                                            "id",
                                                                            "userid",
                                                                            "class"
                                                                        ],
                                                                        "Estimated Cardinality": "2321724"
                                                                    },
                                                                    "cumulative_cardinality": 2321724,
                                                                    "operator_type": "TABLE_SCAN",
                                                                    "operator_cardinality": 2321724,
                                                                    "cumulative_rows_scanned": 2321724,
                                                                    "operator_rows_scanned": 2321724,
                                                                    "operator_timing": 0.058292413999999945,
                                                                    "result_set_size": 23217240,
                                                                    "children": []
                                                                },
                                                                {
                                                                    "operator_name": "READ_PARQUET ",
                                                                    "cpu_time": 0.07684908600000002,
                                                                    "extra_info": {
                                                                        "Function": "READ_PARQUET",
                                                                        "Projections": [
                                                                            "id",
                                                                            "displayname"
                                                                        ],
                                                                        "Estimated Cardinality": "1260710"
                                                                    },
                                                                    "cumulative_cardinality": 1260710,
                                                                    "operator_type": "TABLE_SCAN",
                                                                    "operator_cardinality": 1260710,
                                                                    "cumulative_rows_scanned": 1260710,
                                                                    "operator_rows_scanned": 1260710,
                                                                    "operator_timing": 0.07684908600000002,
                                                                    "result_set_size": 25214200,
                                                                    "children": []
                                                                }
                                                            ]
                                                        }
                                                    ]
                                                }
                                            ]
                                        }
                                    ]
                                },
                                {
                                    "operator_name": "HASH_JOIN",
                                    "cpu_time": 0.075353183,
                                    "extra_info": {
                                        "Join Type": "INNER",
                                        "Conditions": "owneruserid = id",
                                        "Estimated Cardinality": "3"
                                    },
                                    "cumulative_cardinality": 1588371,
                                    "operator_type": "HASH_JOIN",
                                    "operator_cardinality": 8,
                                    "cumulative_rows_scanned": 5110826,
                                    "operator_rows_scanned": 0,
                                    "operator_timing": 0.00020850300000000002,
                                    "result_set_size": 384,
                                    "children": [
                                        {
                                            "operator_name": "HASH_GROUP_BY",
                                            "cpu_time": 0.033919023,
                                            "extra_info": {
                                                "Groups": "#0",
                                                "Aggregates": [
                                                    "count_star()",
                                                    "sum(#1)",
                                                    "sum(#2)"
                                                ],
                                                "Estimated Cardinality": "385011"
                                            },
                                            "cumulative_cardinality": 323537,
                                            "operator_type": "HASH_GROUP_BY",
                                            "operator_cardinality": 32453,
                                            "cumulative_rows_scanned": 3850116,
                                            "operator_rows_scanned": 0,
                                            "operator_timing": 0.005360878000000002,
                                            "result_set_size": 1427932,
                                            "children": [
                                                {
                                                    "operator_name": "PROJECTION",
                                                    "cpu_time": 0.028558144999999997,
                                                    "extra_info": {
                                                        "Projections": [
                                                            "owneruserid",
                                                            "viewcount",
                                                            "score"
                                                        ],
                                                        "Estimated Cardinality": "770023"
                                                    },
                                                    "cumulative_cardinality": 291084,
                                                    "operator_type": "PROJECTION",
                                                    "operator_cardinality": 145542,
                                                    "cumulative_rows_scanned": 3850116,
                                                    "operator_rows_scanned": 0,
                                                    "operator_timing": 0.000017405999999999996,
                                                    "result_set_size": 1746504,
                                                    "children": [
                                                        {
                                                            "operator_name": "READ_PARQUET ",
                                                            "cpu_time": 0.028540738999999996,
                                                            "extra_info": {
                                                                "Function": "READ_PARQUET",
                                                                "Projections": [
                                                                    "id",
                                                                    "score",
                                                                    "viewcount",
                                                                    "owneruserid"
                                                                ],
                                                                "Filters": "creationdate>='2023-10-01 12:34:56'::TIMESTAMP",
                                                                "Estimated Cardinality": "770023"
                                                            },
                                                            "cumulative_cardinality": 145542,
                                                            "operator_type": "TABLE_SCAN",
                                                            "operator_cardinality": 145542,
                                                            "cumulative_rows_scanned": 3850116,
                                                            "operator_rows_scanned": 3850116,
                                                            "operator_timing": 0.028540738999999996,
                                                            "result_set_size": 2328672,
                                                            "children": []
                                                        }
                                                    ]
                                                }
                                            ]
                                        },
                                        {
                                            "operator_name": "FILTER",
                                            "cpu_time": 0.041225657000000006,
                                            "extra_info": {
                                                "Expression": "(id <= 1416539)",
                                                "Estimated Cardinality": "10"
                                            },
                                            "cumulative_cardinality": 1264826,
                                            "operator_type": "FILTER",
                                            "operator_cardinality": 10,
                                            "cumulative_rows_scanned": 1260710,
                                            "operator_rows_scanned": 0,
                                            "operator_timing": 0.000008346,
                                            "result_set_size": 80,
                                            "children": [
                                                {
                                                    "operator_name": "STREAMING_LIMIT",
                                                    "cpu_time": 0.041217311000000006,
                                                    "extra_info": {},
                                                    "cumulative_cardinality": 1264816,
                                                    "operator_type": "STREAMING_LIMIT",
                                                    "operator_cardinality": 10,
                                                    "cumulative_rows_scanned": 1260710,
                                                    "operator_rows_scanned": 0,
                                                    "operator_timing": 0.0000027150000000000003,
                                                    "result_set_size": 80,
                                                    "children": [
                                                        {
                                                            "operator_name": "ORDER_BY",
                                                            "cpu_time": 0.041214596000000006,
                                                            "extra_info": {
                                                                "Order By": "\"temp\".main.users.Reputation DESC"
                                                            },
                                                            "cumulative_cardinality": 1264806,
                                                            "operator_type": "ORDER_BY",
                                                            "operator_cardinality": 4096,
                                                            "cumulative_rows_scanned": 1260710,
                                                            "operator_rows_scanned": 0,
                                                            "operator_timing": 0.01568825999999999,
                                                            "result_set_size": 32768,
                                                            "children": [
                                                                {
                                                                    "operator_name": "READ_PARQUET ",
                                                                    "cpu_time": 0.025526336000000018,
                                                                    "extra_info": {
                                                                        "Function": "READ_PARQUET",
                                                                        "Projections": [
                                                                            "id",
                                                                            "reputation"
                                                                        ],
                                                                        "Estimated Cardinality": "1260710"
                                                                    },
                                                                    "cumulative_cardinality": 1260710,
                                                                    "operator_type": "TABLE_SCAN",
                                                                    "operator_cardinality": 1260710,
                                                                    "cumulative_rows_scanned": 1260710,
                                                                    "operator_rows_scanned": 1260710,
                                                                    "operator_timing": 0.025526336000000018,
                                                                    "result_set_size": 10085680,
                                                                    "children": []
                                                                }
                                                            ]
                                                        }
                                                    ]
                                                }
                                            ]
                                        }
                                    ]
                                }
                            ]
                        }
                    ]
                }
            ]
        }
    ]
}