{
    "rows_returned": 10,
    "query_name": "WITH UserBadges AS (\n    SELECT \n        u.Id AS UserId,\n        COUNT(b.Id) AS BadgeCount,\n        SUM(CASE WHEN b.Class = 1 THEN 1 ELSE 0 END) AS GoldBadges,\n        SUM(CASE WHEN b.Class = 2 THEN 1 ELSE 0 END) AS SilverBadges,\n        SUM(CASE WHEN b.Class = 3 THEN 1 ELSE 0 END) AS BronzeBadges\n    FROM \n        Users u\n    LEFT JOIN \n        Badges b ON u.Id = b.UserId\n    GROUP BY \n        u.Id\n),\nPostStats AS (\n    SELECT \n        p.OwnerUserId,\n        COUNT(p.Id) AS PostCount,\n        SUM(COALESCE(p.Score, 0)) AS TotalScore,\n        AVG(COALESCE(p.ViewCount, 0)) AS AvgViewCount,\n        MAX(p.CreationDate) AS LastPostDate\n    FROM \n        Posts p\n    GROUP BY \n        p.OwnerUserId\n),\nUserPerformance AS (\n    SELECT \n        ub.UserId,\n        COALESCE(ps.PostCount, 0) AS PostCount,\n        COALESCE(ps.TotalScore, 0) AS TotalScore,\n        COALESCE(ps.AvgViewCount, 0) AS AvgViewCount,\n        COALESCE(ub.BadgeCount, 0) AS BadgeCount,\n        COALESCE(ub.GoldBadges, 0) AS GoldBadges,\n        COALESCE(ub.SilverBadges, 0) AS SilverBadges,\n        COALESCE(ub.BronzeBadges, 0) AS BronzeBadges,\n        ps.LastPostDate\n    FROM \n        UserBadges ub\n    FULL OUTER JOIN \n        PostStats ps ON ub.UserId = ps.OwnerUserId\n)\nSELECT \n    u.DisplayName,\n    up.PostCount,\n    up.TotalScore,\n    up.AvgViewCount,\n    up.BadgeCount,\n    up.GoldBadges,\n    up.SilverBadges,\n    up.BronzeBadges,\n    up.LastPostDate\nFROM \n    Users u\nJOIN \n    UserPerformance up ON u.Id = up.UserId\nWHERE \n    up.PostCount > 0\nORDER BY \n    up.TotalScore DESC, up.PostCount DESC\nLIMIT 10;\n",
    "blocked_thread_time": 0.0,
    "cpu_time": 1.6339971479999993,
    "extra_info": {},
    "cumulative_cardinality": 22993856,
    "cumulative_rows_scanned": 8693260,
    "result_set_size": 1120,
    "latency": 1.829654766,
    "children": [
        {
            "operator_name": "STREAMING_LIMIT",
            "cpu_time": 1.6339971479999993,
            "extra_info": {},
            "cumulative_cardinality": 22993856,
            "operator_type": "STREAMING_LIMIT",
            "operator_cardinality": 10,
            "cumulative_rows_scanned": 8693260,
            "operator_rows_scanned": 0,
            "operator_timing": 0.000003057,
            "result_set_size": 1120,
            "children": [
                {
                    "operator_name": "ORDER_BY",
                    "cpu_time": 1.6339940909999993,
                    "extra_info": {
                        "Order By": [
                            "up.TotalScore DESC",
                            "up.PostCount DESC"
                        ]
                    },
                    "cumulative_cardinality": 22993846,
                    "operator_type": "ORDER_BY",
                    "operator_cardinality": 4096,
                    "cumulative_rows_scanned": 8693260,
                    "operator_rows_scanned": 0,
                    "operator_timing": 0.02898561400000002,
                    "result_set_size": 458752,
                    "children": [
                        {
                            "operator_name": "PROJECTION",
                            "cpu_time": 1.6050084769999993,
                            "extra_info": {
                                "Projections": [
                                    "displayname",
                                    "PostCount",
                                    "TotalScore",
                                    "AvgViewCount",
                                    "BadgeCount",
                                    "GoldBadges",
                                    "SilverBadges",
                                    "BronzeBadges",
                                    "LastPostDate"
                                ],
                                "Estimated Cardinality": "385011"
                            },
                            "cumulative_cardinality": 22989750,
                            "operator_type": "PROJECTION",
                            "operator_cardinality": 371631,
                            "cumulative_rows_scanned": 8693260,
                            "operator_rows_scanned": 0,
                            "operator_timing": 0.00035321999999999985,
                            "result_set_size": 41622672,
                            "children": [
                                {
                                    "operator_name": "HASH_JOIN",
                                    "cpu_time": 1.6046552569999992,
                                    "extra_info": {
                                        "Join Type": "INNER",
                                        "Conditions": "id = UserId",
                                        "Estimated Cardinality": "385011"
                                    },
                                    "cumulative_cardinality": 22618119,
                                    "operator_type": "HASH_JOIN",
                                    "operator_cardinality": 371631,
                                    "cumulative_rows_scanned": 8693260,
                                    "operator_rows_scanned": 0,
                                    "operator_timing": 0.07644607900000008,
                                    "result_set_size": 44595720,
                                    "children": [
                                        {
                                            "operator_name": "READ_PARQUET ",
                                            "cpu_time": 0.08535423399999999,
                                            "extra_info": {
                                                "Function": "READ_PARQUET",
                                                "Projections": [
                                                    "id",
                                                    "displayname"
                                                ],
                                                "Estimated Cardinality": "1260710"
                                            },
                                            "cumulative_cardinality": 1260679,
                                            "operator_type": "TABLE_SCAN",
                                            "operator_cardinality": 1260679,
                                            "cumulative_rows_scanned": 1260710,
                                            "operator_rows_scanned": 1260710,
                                            "operator_timing": 0.08535423399999999,
                                            "result_set_size": 25213580,
                                            "children": []
                                        },
                                        {
                                            "operator_name": "PROJECTION",
                                            "cpu_time": 1.4428549439999991,
                                            "extra_info": {
                                                "Projections": [
                                                    "UserId",
                                                    "PostCount",
                                                    "TotalScore",
                                                    "AvgViewCount",
                                                    "BadgeCount",
                                                    "GoldBadges",
                                                    "SilverBadges",
                                                    "BronzeBadges",
                                                    "LastPostDate"
                                                ],
                                                "Estimated Cardinality": "385011"
                                            },
                                            "cumulative_cardinality": 20985809,
                                            "operator_type": "PROJECTION",
                                            "operator_cardinality": 371632,
                                            "cumulative_rows_scanned": 7432550,
                                            "operator_rows_scanned": 0,
                                            "operator_timing": 0.014569073999999998,
                                            "result_set_size": 37163200,
                                            "children": [
                                                {
                                                    "operator_name": "FILTER",
                                                    "cpu_time": 1.4282858699999992,
                                                    "extra_info": {
                                                        "Expression": "(COALESCE(PostCount, 0) > 0)",
                                                        "Estimated Cardinality": "385011"
                                                    },
                                                    "cumulative_cardinality": 20614177,
                                                    "operator_type": "FILTER",
                                                    "operator_cardinality": 371632,
                                                    "cumulative_rows_scanned": 7432550,
                                                    "operator_rows_scanned": 0,
                                                    "operator_timing": 0.008317534999999997,
                                                    "result_set_size": 37163200,
                                                    "children": [
                                                        {
                                                            "operator_name": "HASH_JOIN",
                                                            "cpu_time": 1.4199683349999992,
                                                            "extra_info": {
                                                                "Join Type": "FULL",
                                                                "Conditions": "owneruserid = UserId",
                                                                "Estimated Cardinality": "1925058"
                                                            },
                                                            "cumulative_cardinality": 20242545,
                                                            "operator_type": "HASH_JOIN",
                                                            "operator_cardinality": 1260711,
                                                            "cumulative_rows_scanned": 7432550,
                                                            "operator_rows_scanned": 0,
                                                            "operator_timing": 0.12487111399999996,
                                                            "result_set_size": 126071100,
                                                            "children": [
                                                                {
                                                                    "operator_name": "HASH_GROUP_BY",
                                                                    "cpu_time": 0.4240413279999997,
                                                                    "extra_info": {
                                                                        "Groups": "#0",
                                                                        "Aggregates": [
                                                                            "count_star()",
                                                                            "sum(#1)",
                                                                            "avg(#2)",
                                                                            "max(#3)"
                                                                        ],
                                                                        "Estimated Cardinality": "1925058"
                                                                    },
                                                                    "cumulative_cardinality": 8071864,
                                                                    "operator_type": "HASH_GROUP_BY",
                                                                    "operator_cardinality": 371632,
                                                                    "cumulative_rows_scanned": 3850116,
                                                                    "operator_rows_scanned": 0,
                                                                    "operator_timing": 0.1900774499999999,
                                                                    "result_set_size": 16351808,
                                                                    "children": [
                                                                        {
                                                                            "operator_name": "PROJECTION",
                                                                            "cpu_time": 0.2339638779999998,
                                                                            "extra_info": {
                                                                                "Projections": [
                                                                                    "owneruserid",
                                                                                    "score",
                                                                                    "COALESCE(viewcount, 0)",
                                                                                    "creationdate"
                                                                                ],
                                                                                "Estimated Cardinality": "3850116"
                                                                            },
                                                                            "cumulative_cardinality": 7700232,
                                                                            "operator_type": "PROJECTION",
                                                                            "operator_cardinality": 3850116,
                                                                            "cumulative_rows_scanned": 3850116,
                                                                            "operator_rows_scanned": 0,
                                                                            "operator_timing": 0.046694,
                                                                            "result_set_size": 77002320,
                                                                            "children": [
                                                                                {
                                                                                    "operator_name": "READ_PARQUET ",
                                                                                    "cpu_time": 0.18726987799999978,
                                                                                    "extra_info": {
                                                                                        "Function": "READ_PARQUET",
                                                                                        "Projections": [
                                                                                            "id",
                                                                                            "creationdate",
                                                                                            "score",
                                                                                            "viewcount",
                                                                                            "owneruserid"
                                                                                        ],
                                                                                        "Estimated Cardinality": "3850116"
                                                                                    },
                                                                                    "cumulative_cardinality": 3850116,
                                                                                    "operator_type": "TABLE_SCAN",
                                                                                    "operator_cardinality": 3850116,
                                                                                    "cumulative_rows_scanned": 3850116,
                                                                                    "operator_rows_scanned": 3850116,
                                                                                    "operator_timing": 0.18726987799999978,
                                                                                    "result_set_size": 92402784,
                                                                                    "children": []
                                                                                }
                                                                            ]
                                                                        }
                                                                    ]
                                                                },
                                                                {
                                                                    "operator_name": "HASH_GROUP_BY",
                                                                    "cpu_time": 0.8710558929999994,
                                                                    "extra_info": {
                                                                        "Groups": "#0",
                                                                        "Aggregates": [
                                                                            "count(#1)",
                                                                            "sum(#2)",
                                                                            "sum(#3)",
                                                                            "sum(#4)"
                                                                        ],
                                                                        "Estimated Cardinality": "1260710"
                                                                    },
                                                                    "cumulative_cardinality": 10909970,
                                                                    "operator_type": "HASH_GROUP_BY",
                                                                    "operator_cardinality": 1260710,
                                                                    "cumulative_rows_scanned": 3582434,
                                                                    "operator_rows_scanned": 0,
                                                                    "operator_timing": 0.5252253259999998,
                                                                    "result_set_size": 75642600,
                                                                    "children": [
                                                                        {
                                                                            "operator_name": "PROJECTION",
                                                                            "cpu_time": 0.34583056699999964,
                                                                            "extra_info": {
                                                                                "Projections": [
                                                                                    "id",
                                                                                    "id",
                                                                                    "CASE  WHEN ((class = 1)) THEN (1) ELSE 0 END",
                                                                                    "CASE  WHEN ((class = 2)) THEN (1) ELSE 0 END",
                                                                                    "CASE  WHEN ((class = 3)) THEN (1) ELSE 0 END"
                                                                                ],
                                                                                "Estimated Cardinality": "2321724"
                                                                            },
                                                                            "cumulative_cardinality": 9649260,
                                                                            "operator_type": "PROJECTION",
                                                                            "operator_cardinality": 3033413,
                                                                            "cumulative_rows_scanned": 3582434,
                                                                            "operator_rows_scanned": 0,
                                                                            "operator_timing": 0.02455392900000002,
                                                                            "result_set_size": 60668260,
                                                                            "children": [
                                                                                {
                                                                                    "operator_name": "HASH_JOIN",
                                                                                    "cpu_time": 0.3212766379999996,
                                                                                    "extra_info": {
                                                                                        "Join Type": "RIGHT",
                                                                                        "Conditions": "userid = id",
                                                                                        "Estimated Cardinality": "2321724"
                                                                                    },
                                                                                    "cumulative_cardinality": 6615847,
                                                                                    "operator_type": "HASH_JOIN",
                                                                                    "operator_cardinality": 3033413,
                                                                                    "cumulative_rows_scanned": 3582434,
                                                                                    "operator_rows_scanned": 0,
                                                                                    "operator_timing": 0.23250432899999965,
                                                                                    "result_set_size": 30334130,
                                                                                    "children": [
                                                                                        {
                                                                                            "operator_name": "READ_PARQUET ",
                                                                                            "cpu_time": 0.07926413599999996,
                                                                                            "extra_info": {
                                                                                                "Function": "READ_PARQUET",
                                                                                                "Projections": [
                                                                                                    "id",
                                                                                                    "userid",
                                                                                                    "class"
                                                                                                ],
                                                                                                "Estimated Cardinality": "2321724"
                                                                                            },
                                                                                            "cumulative_cardinality": 2321724,
                                                                                            "operator_type": "TABLE_SCAN",
                                                                                            "operator_cardinality": 2321724,
                                                                                            "cumulative_rows_scanned": 2321724,
                                                                                            "operator_rows_scanned": 2321724,
                                                                                            "operator_timing": 0.07926413599999996,
                                                                                            "result_set_size": 23217240,
                                                                                            "children": []
                                                                                        },
                                                                                        {
                                                                                            "operator_name": "READ_PARQUET ",
                                                                                            "cpu_time": 0.009508173000000028,
                                                                                            "extra_info": {
                                                                                                "Function": "READ_PARQUET",
                                                                                                "Projections": "id",
                                                                                                "Estimated Cardinality": "1260710"
                                                                                            },
                                                                                            "cumulative_cardinality": 1260710,
                                                                                            "operator_type": "TABLE_SCAN",
                                                                                            "operator_cardinality": 1260710,
                                                                                            "cumulative_rows_scanned": 1260710,
                                                                                            "operator_rows_scanned": 1260710,
                                                                                            "operator_timing": 0.009508173000000028,
                                                                                            "result_set_size": 5042840,
                                                                                            "children": []
                                                                                        }
                                                                                    ]
                                                                                }
                                                                            ]
                                                                        }
                                                                    ]
                                                                }
                                                            ]
                                                        }
                                                    ]
                                                }
                                            ]
                                        }
                                    ]
                                }
                            ]
                        }
                    ]
                }
            ]
        }
    ]
}