{
    "rows_returned": 10,
    "query_name": "WITH UserBadges AS (\n    SELECT \n        u.Id AS UserId, \n        u.DisplayName, \n        COUNT(b.Id) AS BadgeCount,\n        SUM(CASE WHEN b.Class = 1 THEN 1 ELSE 0 END) AS GoldBadges,\n        SUM(CASE WHEN b.Class = 2 THEN 1 ELSE 0 END) AS SilverBadges,\n        SUM(CASE WHEN b.Class = 3 THEN 1 ELSE 0 END) AS BronzeBadges\n    FROM \n        Users u\n    LEFT JOIN \n        Badges b ON u.Id = b.UserId\n    GROUP BY \n        u.Id, u.DisplayName\n),\nPostStats AS (\n    SELECT \n        p.OwnerUserId, \n        COUNT(p.Id) AS TotalPosts,\n        SUM(CASE WHEN p.PostTypeId = 1 THEN 1 ELSE 0 END) AS Questions,\n        SUM(CASE WHEN p.PostTypeId = 2 THEN 1 ELSE 0 END) AS Answers,\n        SUM(p.Score) AS TotalScore,\n        SUM(p.ViewCount) AS TotalViews\n    FROM \n        Posts p\n    GROUP BY \n        p.OwnerUserId\n),\nCombinedStats AS (\n    SELECT \n        u.Id AS UserId,\n        u.DisplayName,\n        COALESCE(pb.TotalPosts, 0) AS TotalPosts,\n        COALESCE(pb.Questions, 0) AS Questions,\n        COALESCE(pb.Answers, 0) AS Answers,\n        COALESCE(pb.TotalScore, 0) AS TotalScore,\n        COALESCE(pb.TotalViews, 0) AS TotalViews,\n        COALESCE(ub.BadgeCount, 0) AS BadgeCount,\n        COALESCE(ub.GoldBadges, 0) AS GoldBadges,\n        COALESCE(ub.SilverBadges, 0) AS SilverBadges,\n        COALESCE(ub.BronzeBadges, 0) AS BronzeBadges\n    FROM \n        Users u\n    LEFT JOIN \n        PostStats pb ON u.Id = pb.OwnerUserId\n    LEFT JOIN \n        UserBadges ub ON u.Id = ub.UserId\n)\nSELECT \n    UserId, \n    DisplayName, \n    TotalPosts, \n    Questions, \n    Answers, \n    TotalScore, \n    TotalViews,\n    BadgeCount,\n    GoldBadges,\n    SilverBadges,\n    BronzeBadges\nFROM \n    CombinedStats\nWHERE \n    TotalPosts > 0\nORDER BY \n    TotalScore DESC, \n    BadgeCount DESC\nLIMIT 10;\n",
    "blocked_thread_time": 0.0,
    "cpu_time": 1.6674369519999992,
    "extra_info": {},
    "cumulative_cardinality": 22993854,
    "cumulative_rows_scanned": 8693260,
    "result_set_size": 1480,
    "latency": 1.87123287,
    "children": [
        {
            "operator_name": "STREAMING_LIMIT",
            "cpu_time": 1.6674369519999992,
            "extra_info": {},
            "cumulative_cardinality": 22993854,
            "operator_type": "STREAMING_LIMIT",
            "operator_cardinality": 10,
            "cumulative_rows_scanned": 8693260,
            "operator_rows_scanned": 0,
            "operator_timing": 0.000002576,
            "result_set_size": 1480,
            "children": [
                {
                    "operator_name": "ORDER_BY",
                    "cpu_time": 1.6674343759999992,
                    "extra_info": {
                        "Order By": [
                            "CombinedStats.TotalScore DESC",
                            "CombinedStats.BadgeCount DESC"
                        ]
                    },
                    "cumulative_cardinality": 22993844,
                    "operator_type": "ORDER_BY",
                    "operator_cardinality": 4096,
                    "cumulative_rows_scanned": 8693260,
                    "operator_rows_scanned": 0,
                    "operator_timing": 0.031276065999999984,
                    "result_set_size": 606208,
                    "children": [
                        {
                            "operator_name": "PROJECTION",
                            "cpu_time": 1.6361583099999992,
                            "extra_info": {
                                "Projections": [
                                    "UserId",
                                    "displayname",
                                    "TotalPosts",
                                    "Questions",
                                    "Answers",
                                    "TotalScore",
                                    "TotalViews",
                                    "BadgeCount",
                                    "GoldBadges",
                                    "SilverBadges",
                                    "BronzeBadges"
                                ],
                                "Estimated Cardinality": "1260710"
                            },
                            "cumulative_cardinality": 22989748,
                            "operator_type": "PROJECTION",
                            "operator_cardinality": 371631,
                            "cumulative_rows_scanned": 8693260,
                            "operator_rows_scanned": 0,
                            "operator_timing": 0.031208026999999992,
                            "result_set_size": 55001388,
                            "children": [
                                {
                                    "operator_name": "HASH_JOIN",
                                    "cpu_time": 1.6049502829999993,
                                    "extra_info": {
                                        "Join Type": "RIGHT",
                                        "Conditions": "UserId = id",
                                        "Estimated Cardinality": "1260710"
                                    },
                                    "cumulative_cardinality": 22618117,
                                    "operator_type": "HASH_JOIN",
                                    "operator_cardinality": 371631,
                                    "cumulative_rows_scanned": 8693260,
                                    "operator_rows_scanned": 0,
                                    "operator_timing": 0.09056701799999997,
                                    "result_set_size": 55001388,
                                    "children": [
                                        {
                                            "operator_name": "PROJECTION",
                                            "cpu_time": 1.0048358849999992,
                                            "extra_info": {
                                                "Projections": [
                                                    "UserId",
                                                    "BadgeCount",
                                                    "GoldBadges",
                                                    "SilverBadges",
                                                    "BronzeBadges"
                                                ],
                                                "Estimated Cardinality": "1260710"
                                            },
                                            "cumulative_cardinality": 12170680,
                                            "operator_type": "PROJECTION",
                                            "operator_cardinality": 1260710,
                                            "cumulative_rows_scanned": 3582434,
                                            "operator_rows_scanned": 0,
                                            "operator_timing": 0.000223967,
                                            "result_set_size": 75642600,
                                            "children": [
                                                {
                                                    "operator_name": "HASH_GROUP_BY",
                                                    "cpu_time": 1.0046119179999993,
                                                    "extra_info": {
                                                        "Groups": [
                                                            "#0",
                                                            "#1"
                                                        ],
                                                        "Aggregates": [
                                                            "count(#2)",
                                                            "sum(#3)",
                                                            "sum(#4)",
                                                            "sum(#5)"
                                                        ],
                                                        "Estimated Cardinality": "1260710"
                                                    },
                                                    "cumulative_cardinality": 10909970,
                                                    "operator_type": "HASH_GROUP_BY",
                                                    "operator_cardinality": 1260710,
                                                    "cumulative_rows_scanned": 3582434,
                                                    "operator_rows_scanned": 0,
                                                    "operator_timing": 0.6146988229999992,
                                                    "result_set_size": 95813960,
                                                    "children": [
                                                        {
                                                            "operator_name": "PROJECTION",
                                                            "cpu_time": 0.38991309500000004,
                                                            "extra_info": {
                                                                "Projections": [
                                                                    "id",
                                                                    "displayname",
                                                                    "id",
                                                                    "CASE  WHEN ((class = 1)) THEN (1) ELSE 0 END",
                                                                    "CASE  WHEN ((class = 2)) THEN (1) ELSE 0 END",
                                                                    "CASE  WHEN ((class = 3)) THEN (1) ELSE 0 END"
                                                                ],
                                                                "Estimated Cardinality": "2321724"
                                                            },
                                                            "cumulative_cardinality": 9649260,
                                                            "operator_type": "PROJECTION",
                                                            "operator_cardinality": 3033413,
                                                            "cumulative_rows_scanned": 3582434,
                                                            "operator_rows_scanned": 0,
                                                            "operator_timing": 0.019415808999999996,
                                                            "result_set_size": 109202868,
                                                            "children": [
                                                                {
                                                                    "operator_name": "HASH_JOIN",
                                                                    "cpu_time": 0.37049728600000004,
                                                                    "extra_info": {
                                                                        "Join Type": "RIGHT",
                                                                        "Conditions": "userid = id",
                                                                        "Estimated Cardinality": "2321724"
                                                                    },
                                                                    "cumulative_cardinality": 6615847,
                                                                    "operator_type": "HASH_JOIN",
                                                                    "operator_cardinality": 3033413,
                                                                    "cumulative_rows_scanned": 3582434,
                                                                    "operator_rows_scanned": 0,
                                                                    "operator_timing": 0.23297228500000006,
                                                                    "result_set_size": 78868738,
                                                                    "children": [
                                                                        {
                                                                            "operator_name": "READ_PARQUET ",
                                                                            "cpu_time": 0.05845183499999997,
                                                                            "extra_info": {
                                                                                "Function": "READ_PARQUET",
                                                                                "Projections": [
                                                                                    "id",
                                                                                    "userid",
                                                                                    "class"
                                                                                ],
                                                                                "Estimated Cardinality": "2321724"
                                                                            },
                                                                            "cumulative_cardinality": 2321724,
                                                                            "operator_type": "TABLE_SCAN",
                                                                            "operator_cardinality": 2321724,
                                                                            "cumulative_rows_scanned": 2321724,
                                                                            "operator_rows_scanned": 2321724,
                                                                            "operator_timing": 0.05845183499999997,
                                                                            "result_set_size": 23217240,
                                                                            "children": []
                                                                        },
                                                                        {
                                                                            "operator_name": "READ_PARQUET ",
                                                                            "cpu_time": 0.07907316600000001,
                                                                            "extra_info": {
                                                                                "Function": "READ_PARQUET",
                                                                                "Projections": [
                                                                                    "id",
                                                                                    "displayname"
                                                                                ],
                                                                                "Estimated Cardinality": "1260710"
                                                                            },
                                                                            "cumulative_cardinality": 1260710,
                                                                            "operator_type": "TABLE_SCAN",
                                                                            "operator_cardinality": 1260710,
                                                                            "cumulative_rows_scanned": 1260710,
                                                                            "operator_rows_scanned": 1260710,
                                                                            "operator_timing": 0.07907316600000001,
                                                                            "result_set_size": 25214200,
                                                                            "children": []
                                                                        }
                                                                    ]
                                                                }
                                                            ]
                                                        }
                                                    ]
                                                }
                                            ]
                                        },
                                        {
                                            "operator_name": "HASH_JOIN",
                                            "cpu_time": 0.5095473800000001,
                                            "extra_info": {
                                                "Join Type": "INNER",
                                                "Conditions": "id = owneruserid",
                                                "Estimated Cardinality": "385011"
                                            },
                                            "cumulative_cardinality": 10075806,
                                            "operator_type": "HASH_JOIN",
                                            "operator_cardinality": 371631,
                                            "cumulative_rows_scanned": 5110826,
                                            "operator_rows_scanned": 0,
                                            "operator_timing": 0.07758694300000017,
                                            "result_set_size": 34190052,
                                            "children": [
                                                {
                                                    "operator_name": "READ_PARQUET ",
                                                    "cpu_time": 0.09092697199999995,
                                                    "extra_info": {
                                                        "Function": "READ_PARQUET",
                                                        "Projections": [
                                                            "id",
                                                            "displayname"
                                                        ],
                                                        "Filters": "id<=1416539",
                                                        "Estimated Cardinality": "1260710"
                                                    },
                                                    "cumulative_cardinality": 1260679,
                                                    "operator_type": "TABLE_SCAN",
                                                    "operator_cardinality": 1260679,
                                                    "cumulative_rows_scanned": 1260710,
                                                    "operator_rows_scanned": 1260710,
                                                    "operator_timing": 0.09092697199999995,
                                                    "result_set_size": 25213580,
                                                    "children": []
                                                },
                                                {
                                                    "operator_name": "FILTER",
                                                    "cpu_time": 0.341033465,
                                                    "extra_info": {
                                                        "Expression": "(COALESCE(TotalPosts, 0) > 0)",
                                                        "Estimated Cardinality": "385011"
                                                    },
                                                    "cumulative_cardinality": 8443496,
                                                    "operator_type": "FILTER",
                                                    "operator_cardinality": 371632,
                                                    "cumulative_rows_scanned": 3850116,
                                                    "operator_rows_scanned": 0,
                                                    "operator_timing": 0.00233581,
                                                    "result_set_size": 28244032,
                                                    "children": [
                                                        {
                                                            "operator_name": "HASH_GROUP_BY",
                                                            "cpu_time": 0.338697655,
                                                            "extra_info": {
                                                                "Groups": "#0",
                                                                "Aggregates": [
                                                                    "count_star()",
                                                                    "sum(#1)",
                                                                    "sum(#2)",
                                                                    "sum(#3)",
                                                                    "sum(#4)"
                                                                ],
                                                                "Estimated Cardinality": "1925058"
                                                            },
                                                            "cumulative_cardinality": 8071864,
                                                            "operator_type": "HASH_GROUP_BY",
                                                            "operator_cardinality": 371632,
                                                            "cumulative_rows_scanned": 3850116,
                                                            "operator_rows_scanned": 0,
                                                            "operator_timing": 0.18597126200000016,
                                                            "result_set_size": 28244032,
                                                            "children": [
                                                                {
                                                                    "operator_name": "PROJECTION",
                                                                    "cpu_time": 0.15272639299999982,
                                                                    "extra_info": {
                                                                        "Projections": [
                                                                            "owneruserid",
                                                                            "CASE  WHEN ((posttypeid = 1)) THEN (1) ELSE 0 END",
                                                                            "CASE  WHEN ((posttypeid = 2)) THEN (1) ELSE 0 END",
                                                                            "score",
                                                                            "viewcount"
                                                                        ],
                                                                        "Estimated Cardinality": "3850116"
                                                                    },
                                                                    "cumulative_cardinality": 7700232,
                                                                    "operator_type": "PROJECTION",
                                                                    "operator_cardinality": 3850116,
                                                                    "cumulative_rows_scanned": 3850116,
                                                                    "operator_rows_scanned": 0,
                                                                    "operator_timing": 0.04973659399999995,
                                                                    "result_set_size": 77002320,
                                                                    "children": [
                                                                        {
                                                                            "operator_name": "READ_PARQUET ",
                                                                            "cpu_time": 0.10298979899999987,
                                                                            "extra_info": {
                                                                                "Function": "READ_PARQUET",
                                                                                "Projections": [
                                                                                    "id",
                                                                                    "posttypeid",
                                                                                    "score",
                                                                                    "viewcount",
                                                                                    "owneruserid"
                                                                                ],
                                                                                "Estimated Cardinality": "3850116"
                                                                            },
                                                                            "cumulative_cardinality": 3850116,
                                                                            "operator_type": "TABLE_SCAN",
                                                                            "operator_cardinality": 3850116,
                                                                            "cumulative_rows_scanned": 3850116,
                                                                            "operator_rows_scanned": 3850116,
                                                                            "operator_timing": 0.10298979899999987,
                                                                            "result_set_size": 69302088,
                                                                            "children": []
                                                                        }
                                                                    ]
                                                                }
                                                            ]
                                                        }
                                                    ]
                                                }
                                            ]
                                        }
                                    ]
                                }
                            ]
                        }
                    ]
                }
            ]
        }
    ]
}