{
    "rows_returned": 100,
    "query_name": "WITH UserActivity AS (\n    SELECT \n        U.Id AS UserId,\n        U.DisplayName,\n        COUNT(P.Id) AS TotalPosts,\n        SUM(CASE WHEN P.PostTypeId = 1 THEN 1 ELSE 0 END) AS TotalQuestions,\n        SUM(CASE WHEN P.PostTypeId = 2 THEN 1 ELSE 0 END) AS TotalAnswers,\n        SUM(CASE WHEN P.PostTypeId = 3 THEN 1 ELSE 0 END) AS TotalWikis,\n        SUM(CASE WHEN P.Score > 0 THEN 1 ELSE 0 END) AS TotalUpvotedPosts,\n        SUM(CASE WHEN P.Score < 0 THEN 1 ELSE 0 END) AS TotalDownvotedPosts,\n        AVG(COALESCE(P.ViewCount, 0)) AS AvgViewCount,\n        AVG(COALESCE(U.Reputation, 0)) AS AvgReputation\n    FROM \n        Users U\n    LEFT JOIN \n        Posts P ON U.Id = P.OwnerUserId\n    GROUP BY \n        U.Id, U.DisplayName\n),\nBadgeStatistics AS (\n    SELECT \n        B.UserId,\n        COUNT(B.Id) AS BadgeCount,\n        SUM(CASE WHEN B.Class = 1 THEN 1 ELSE 0 END) AS GoldBadges,\n        SUM(CASE WHEN B.Class = 2 THEN 1 ELSE 0 END) AS SilverBadges,\n        SUM(CASE WHEN B.Class = 3 THEN 1 ELSE 0 END) AS BronzeBadges\n    FROM \n        Badges B\n    GROUP BY \n        B.UserId\n),\nPostHistoryStats AS (\n    SELECT \n        PH.UserId,\n        COUNT(PH.Id) AS EditsCount,\n        SUM(CASE WHEN PH.PostHistoryTypeId IN (4, 5, 6) THEN 1 ELSE 0 END) AS TitleEdits,\n        SUM(CASE WHEN PH.PostHistoryTypeId IN (10, 11) THEN 1 ELSE 0 END) AS CloseReopenActions\n    FROM \n        PostHistory PH\n    GROUP BY \n        PH.UserId\n)\nSELECT \n    UA.UserId,\n    UA.DisplayName,\n    UA.TotalPosts,\n    UA.TotalQuestions,\n    UA.TotalAnswers,\n    UA.TotalWikis,\n    UA.TotalUpvotedPosts,\n    UA.TotalDownvotedPosts,\n    UA.AvgViewCount,\n    UA.AvgReputation,\n    COALESCE(BS.BadgeCount, 0) AS BadgeCount,\n    COALESCE(BS.GoldBadges, 0) AS GoldBadges,\n    COALESCE(BS.SilverBadges, 0) AS SilverBadges,\n    COALESCE(BS.BronzeBadges, 0) AS BronzeBadges,\n    COALESCE(PHS.EditsCount, 0) AS EditsCount,\n    COALESCE(PHS.TitleEdits, 0) AS TitleEdits,\n    COALESCE(PHS.CloseReopenActions, 0) AS CloseReopenActions\nFROM \n    UserActivity UA\nLEFT JOIN \n    BadgeStatistics BS ON UA.UserId = BS.UserId\nLEFT JOIN \n    PostHistoryStats PHS ON UA.UserId = PHS.UserId\nORDER BY \n    UA.TotalPosts DESC, UA.AvgReputation DESC\nLIMIT 100;\n",
    "blocked_thread_time": 0.0,
    "cpu_time": 3.272874482999999,
    "extra_info": {},
    "cumulative_cardinality": 48299226,
    "cumulative_rows_scanned": 19227794,
    "result_set_size": 22000,
    "latency": 3.91526973,
    "children": [
        {
            "operator_name": "STREAMING_LIMIT",
            "cpu_time": 3.272874482999999,
            "extra_info": {},
            "cumulative_cardinality": 48299226,
            "operator_type": "STREAMING_LIMIT",
            "operator_cardinality": 100,
            "cumulative_rows_scanned": 19227794,
            "operator_rows_scanned": 0,
            "operator_timing": 0.000002384,
            "result_set_size": 22000,
            "children": [
                {
                    "operator_name": "ORDER_BY",
                    "cpu_time": 3.272872098999999,
                    "extra_info": {
                        "Order By": [
                            "UA.TotalPosts DESC",
                            "UA.AvgReputation DESC"
                        ]
                    },
                    "cumulative_cardinality": 48299126,
                    "operator_type": "ORDER_BY",
                    "operator_cardinality": 4096,
                    "cumulative_rows_scanned": 19227794,
                    "operator_rows_scanned": 0,
                    "operator_timing": 0.27975133400000024,
                    "result_set_size": 901120,
                    "children": [
                        {
                            "operator_name": "PROJECTION",
                            "cpu_time": 2.9931207649999987,
                            "extra_info": {
                                "Projections": [
                                    "UserId",
                                    "displayname",
                                    "TotalPosts",
                                    "TotalQuestions",
                                    "TotalAnswers",
                                    "TotalWikis",
                                    "TotalUpvotedPosts",
                                    "TotalDownvotedPosts",
                                    "AvgViewCount",
                                    "AvgReputation",
                                    "BadgeCount",
                                    "GoldBadges",
                                    "SilverBadges",
                                    "BronzeBadges",
                                    "EditsCount",
                                    "TitleEdits",
                                    "CloseReopenActions"
                                ],
                                "Estimated Cardinality": "5897622"
                            },
                            "cumulative_cardinality": 48295030,
                            "operator_type": "PROJECTION",
                            "operator_cardinality": 1260710,
                            "cumulative_rows_scanned": 19227794,
                            "operator_rows_scanned": 0,
                            "operator_timing": 0.04307641899999998,
                            "result_set_size": 277356200,
                            "children": [
                                {
                                    "operator_name": "HASH_JOIN",
                                    "cpu_time": 2.9500443459999985,
                                    "extra_info": {
                                        "Join Type": "RIGHT",
                                        "Conditions": "userid = UserId",
                                        "Estimated Cardinality": "5897622"
                                    },
                                    "cumulative_cardinality": 47034320,
                                    "operator_type": "HASH_JOIN",
                                    "operator_cardinality": 1260710,
                                    "cumulative_rows_scanned": 19227794,
                                    "operator_rows_scanned": 0,
                                    "operator_timing": 0.2605578599999999,
                                    "result_set_size": 287441880,
                                    "children": [
                                        {
                                            "operator_name": "HASH_GROUP_BY",
                                            "cpu_time": 0.6984057809999996,
                                            "extra_info": {
                                                "Groups": "#0",
                                                "Aggregates": [
                                                    "count_star()",
                                                    "sum(#1)",
                                                    "sum(#2)"
                                                ],
                                                "Estimated Cardinality": "5897622"
                                            },
                                            "cumulative_cardinality": 23964605,
                                            "operator_type": "HASH_GROUP_BY",
                                            "operator_cardinality": 374117,
                                            "cumulative_rows_scanned": 11795244,
                                            "operator_rows_scanned": 0,
                                            "operator_timing": 0.2719976349999998,
                                            "result_set_size": 16461148,
                                            "children": [
                                                {
                                                    "operator_name": "PROJECTION",
                                                    "cpu_time": 0.4264081459999998,
                                                    "extra_info": {
                                                        "Projections": [
                                                            "userid",
                                                            "CASE  WHEN ((posthistorytypeid IN (4, 5, 6))) THEN (1) ELSE 0 END",
                                                            "CASE  WHEN ((posthistorytypeid IN (10, 11))) THEN (1) ELSE 0 END"
                                                        ],
                                                        "Estimated Cardinality": "11795244"
                                                    },
                                                    "cumulative_cardinality": 23590488,
                                                    "operator_type": "PROJECTION",
                                                    "operator_cardinality": 11795244,
                                                    "cumulative_rows_scanned": 11795244,
                                                    "operator_rows_scanned": 0,
                                                    "operator_timing": 0.23322260499999997,
                                                    "result_set_size": 141542928,
                                                    "children": [
                                                        {
                                                            "operator_name": "READ_PARQUET ",
                                                            "cpu_time": 0.19318554099999985,
                                                            "extra_info": {
                                                                "Function": "READ_PARQUET",
                                                                "Projections": [
                                                                    "id",
                                                                    "posthistorytypeid",
                                                                    "userid"
                                                                ],
                                                                "Estimated Cardinality": "11795244"
                                                            },
                                                            "cumulative_cardinality": 11795244,
                                                            "operator_type": "TABLE_SCAN",
                                                            "operator_cardinality": 11795244,
                                                            "cumulative_rows_scanned": 11795244,
                                                            "operator_rows_scanned": 11795244,
                                                            "operator_timing": 0.19318554099999985,
                                                            "result_set_size": 117952440,
                                                            "children": []
                                                        }
                                                    ]
                                                }
                                            ]
                                        },
                                        {
                                            "operator_name": "HASH_JOIN",
                                            "cpu_time": 1.9910807049999992,
                                            "extra_info": {
                                                "Join Type": "LEFT",
                                                "Conditions": "UserId = userid",
                                                "Estimated Cardinality": "1260710"
                                            },
                                            "cumulative_cardinality": 21809005,
                                            "operator_type": "HASH_JOIN",
                                            "operator_cardinality": 1260710,
                                            "cumulative_rows_scanned": 7432550,
                                            "operator_rows_scanned": 0,
                                            "operator_timing": 0.09874942700000004,
                                            "result_set_size": 231970640,
                                            "children": [
                                                {
                                                    "operator_name": "HASH_GROUP_BY",
                                                    "cpu_time": 1.6853559199999992,
                                                    "extra_info": {
                                                        "Groups": [
                                                            "#0",
                                                            "#1"
                                                        ],
                                                        "Aggregates": [
                                                            "count(#2)",
                                                            "sum(#3)",
                                                            "sum(#4)",
                                                            "sum(#5)",
                                                            "sum(#6)",
                                                            "sum(#7)",
                                                            "avg(#8)",
                                                            "avg(#9)"
                                                        ],
                                                        "Estimated Cardinality": "1260710"
                                                    },
                                                    "cumulative_cardinality": 15355826,
                                                    "operator_type": "HASH_GROUP_BY",
                                                    "operator_cardinality": 1260710,
                                                    "cumulative_rows_scanned": 5110826,
                                                    "operator_rows_scanned": 0,
                                                    "operator_timing": 1.0168801899999997,
                                                    "result_set_size": 156328040,
                                                    "children": [
                                                        {
                                                            "operator_name": "PROJECTION",
                                                            "cpu_time": 0.6684757299999995,
                                                            "extra_info": {
                                                                "Projections": [
                                                                    "id",
                                                                    "displayname",
                                                                    "id",
                                                                    "CASE  WHEN ((posttypeid = 1)) THEN (1) ELSE 0 END",
                                                                    "CASE  WHEN ((posttypeid = 2)) THEN (1) ELSE 0 END",
                                                                    "CASE  WHEN ((posttypeid = 3)) THEN (1) ELSE 0 END",
                                                                    "CASE  WHEN ((score > 0)) THEN (1) ELSE 0 END",
                                                                    "CASE  WHEN ((score < 0)) THEN (1) ELSE 0 END",
                                                                    "COALESCE(viewcount, 0)",
                                                                    "reputation"
                                                                ],
                                                                "Estimated Cardinality": "3850116"
                                                            },
                                                            "cumulative_cardinality": 14095116,
                                                            "operator_type": "PROJECTION",
                                                            "operator_cardinality": 4574495,
                                                            "cumulative_rows_scanned": 5110826,
                                                            "operator_rows_scanned": 0,
                                                            "operator_timing": 0.135194059,
                                                            "result_set_size": 237873740,
                                                            "children": [
                                                                {
                                                                    "operator_name": "HASH_JOIN",
                                                                    "cpu_time": 0.5332816709999995,
                                                                    "extra_info": {
                                                                        "Join Type": "RIGHT",
                                                                        "Conditions": "owneruserid = id",
                                                                        "Estimated Cardinality": "3850116"
                                                                    },
                                                                    "cumulative_cardinality": 9520621,
                                                                    "operator_type": "HASH_JOIN",
                                                                    "operator_cardinality": 4574495,
                                                                    "cumulative_rows_scanned": 5110826,
                                                                    "operator_rows_scanned": 0,
                                                                    "operator_timing": 0.2829876019999993,
                                                                    "result_set_size": 173830810,
                                                                    "children": [
                                                                        {
                                                                            "operator_name": "READ_PARQUET ",
                                                                            "cpu_time": 0.16446395100000008,
                                                                            "extra_info": {
                                                                                "Function": "READ_PARQUET",
                                                                                "Projections": [
                                                                                    "id",
                                                                                    "posttypeid",
                                                                                    "score",
                                                                                    "viewcount",
                                                                                    "owneruserid"
                                                                                ],
                                                                                "Estimated Cardinality": "3850116"
                                                                            },
                                                                            "cumulative_cardinality": 3685416,
                                                                            "operator_type": "TABLE_SCAN",
                                                                            "operator_cardinality": 3685416,
                                                                            "cumulative_rows_scanned": 3850116,
                                                                            "operator_rows_scanned": 3850116,
                                                                            "operator_timing": 0.16446395100000008,
                                                                            "result_set_size": 66337488,
                                                                            "children": []
                                                                        },
                                                                        {
                                                                            "operator_name": "READ_PARQUET ",
                                                                            "cpu_time": 0.08583011800000008,
                                                                            "extra_info": {
                                                                                "Function": "READ_PARQUET",
                                                                                "Projections": [
                                                                                    "id",
                                                                                    "reputation",
                                                                                    "displayname"
                                                                                ],
                                                                                "Estimated Cardinality": "1260710"
                                                                            },
                                                                            "cumulative_cardinality": 1260710,
                                                                            "operator_type": "TABLE_SCAN",
                                                                            "operator_cardinality": 1260710,
                                                                            "cumulative_rows_scanned": 1260710,
                                                                            "operator_rows_scanned": 1260710,
                                                                            "operator_timing": 0.08583011800000008,
                                                                            "result_set_size": 30257040,
                                                                            "children": []
                                                                        }
                                                                    ]
                                                                }
                                                            ]
                                                        }
                                                    ]
                                                },
                                                {
                                                    "operator_name": "HASH_GROUP_BY",
                                                    "cpu_time": 0.20697535800000008,
                                                    "extra_info": {
                                                        "Groups": "#0",
                                                        "Aggregates": [
                                                            "count_star()",
                                                            "sum(#1)",
                                                            "sum(#2)",
                                                            "sum(#3)"
                                                        ],
                                                        "Estimated Cardinality": "1160862"
                                                    },
                                                    "cumulative_cardinality": 5192469,
                                                    "operator_type": "HASH_GROUP_BY",
                                                    "operator_cardinality": 549021,
                                                    "cumulative_rows_scanned": 2321724,
                                                    "operator_rows_scanned": 0,
                                                    "operator_timing": 0.1626267180000001,
                                                    "result_set_size": 32941260,
                                                    "children": [
                                                        {
                                                            "operator_name": "PROJECTION",
                                                            "cpu_time": 0.04434863999999999,
                                                            "extra_info": {
                                                                "Projections": [
                                                                    "userid",
                                                                    "CASE  WHEN ((class = 1)) THEN (1) ELSE 0 END",
                                                                    "CASE  WHEN ((class = 2)) THEN (1) ELSE 0 END",
                                                                    "CASE  WHEN ((class = 3)) THEN (1) ELSE 0 END"
                                                                ],
                                                                "Estimated Cardinality": "2321724"
                                                            },
                                                            "cumulative_cardinality": 4643448,
                                                            "operator_type": "PROJECTION",
                                                            "operator_cardinality": 2321724,
                                                            "cumulative_rows_scanned": 2321724,
                                                            "operator_rows_scanned": 0,
                                                            "operator_timing": 0.013407134999999947,
                                                            "result_set_size": 37147584,
                                                            "children": [
                                                                {
                                                                    "operator_name": "READ_PARQUET ",
                                                                    "cpu_time": 0.03094150500000004,
                                                                    "extra_info": {
                                                                        "Function": "READ_PARQUET",
                                                                        "Projections": [
                                                                            "id",
                                                                            "userid",
                                                                            "class"
                                                                        ],
                                                                        "Estimated Cardinality": "2321724"
                                                                    },
                                                                    "cumulative_cardinality": 2321724,
                                                                    "operator_type": "TABLE_SCAN",
                                                                    "operator_cardinality": 2321724,
                                                                    "cumulative_rows_scanned": 2321724,
                                                                    "operator_rows_scanned": 2321724,
                                                                    "operator_timing": 0.03094150500000004,
                                                                    "result_set_size": 23217240,
                                                                    "children": []
                                                                }
                                                            ]
                                                        }
                                                    ]
                                                }
                                            ]
                                        }
                                    ]
                                }
                            ]
                        }
                    ]
                }
            ]
        }
    ]
}