{
    "rows_returned": 0,
    "query_name": "\nWITH RecentPosts AS (\n    SELECT \n        p.Id AS PostId,\n        p.Title,\n        p.CreationDate,\n        u.DisplayName AS Author,\n        pt.Name AS PostType,\n        COUNT(DISTINCT c.Id) AS CommentCount,\n        COUNT(DISTINCT a.Id) AS AnswerCount\n    FROM \n        Posts p\n    JOIN \n        Users u ON p.OwnerUserId = u.Id\n    JOIN \n        PostTypes pt ON p.PostTypeId = pt.Id\n    LEFT JOIN \n        Comments c ON p.Id = c.PostId\n    LEFT JOIN \n        Posts a ON p.Id = a.ParentId AND a.PostTypeId = 2\n    WHERE \n        p.CreationDate >= TIMESTAMP '2024-10-01 12:34:56' - INTERVAL '30 days'\n    GROUP BY \n        p.Id, p.Title, p.CreationDate, u.DisplayName, pt.Name\n),\nTopUsers AS (\n    SELECT \n        u.Id, \n        u.DisplayName, \n        SUM(CASE WHEN v.VoteTypeId = 2 THEN 1 ELSE 0 END) AS UpVotes,\n        SUM(CASE WHEN v.VoteTypeId = 3 THEN 1 ELSE 0 END) AS DownVotes\n    FROM \n        Users u\n    LEFT JOIN \n        Votes v ON u.Id = v.UserId\n    GROUP BY \n        u.Id, u.DisplayName\n)\nSELECT \n    rp.PostId,\n    rp.Title,\n    rp.CreationDate,\n    rp.Author,\n    rp.PostType,\n    rp.CommentCount,\n    rp.AnswerCount,\n    tu.DisplayName AS TopUser,\n    tu.UpVotes,\n    tu.DownVotes\nFROM \n    RecentPosts rp\nJOIN \n    TopUsers tu ON tu.UpVotes > 50\nORDER BY \n    rp.CreationDate DESC, \n    rp.CommentCount DESC;\n",
    "blocked_thread_time": 0.0,
    "cpu_time": 1.0367881550000015,
    "extra_info": {},
    "cumulative_cardinality": 8709377,
    "cumulative_rows_scanned": 30207575,
    "result_set_size": 0,
    "latency": 1.123089979,
    "children": [
        {
            "operator_name": "ORDER_BY",
            "cpu_time": 1.0367881550000015,
            "extra_info": {
                "Order By": [
                    "rp.CreationDate DESC",
                    "rp.CommentCount DESC"
                ]
            },
            "cumulative_cardinality": 8709377,
            "operator_type": "ORDER_BY",
            "operator_cardinality": 0,
            "cumulative_rows_scanned": 30207575,
            "operator_rows_scanned": 0,
            "operator_timing": 2.8e-7,
            "result_set_size": 0,
            "children": [
                {
                    "operator_name": "CROSS_PRODUCT",
                    "cpu_time": 1.0367878750000015,
                    "extra_info": {},
                    "cumulative_cardinality": 8709377,
                    "operator_type": "CROSS_PRODUCT",
                    "operator_cardinality": 0,
                    "cumulative_rows_scanned": 30207575,
                    "operator_rows_scanned": 0,
                    "operator_timing": 0.000024597,
                    "result_set_size": 0,
                    "children": [
                        {
                            "operator_name": "HASH_GROUP_BY",
                            "cpu_time": 0.4165391059999998,
                            "extra_info": {
                                "Groups": [
                                    "#0",
                                    "#1",
                                    "#2",
                                    "#3",
                                    "#4"
                                ],
                                "Aggregates": [
                                    "count(DISTINCT #5)",
                                    "count(DISTINCT #6)"
                                ],
                                "Estimated Cardinality": "3850116"
                            },
                            "cumulative_cardinality": 3569960,
                            "operator_type": "HASH_GROUP_BY",
                            "operator_cardinality": 2048,
                            "cumulative_rows_scanned": 16202772,
                            "operator_rows_scanned": 0,
                            "operator_timing": 0.006055734,
                            "result_set_size": 155648,
                            "children": [
                                {
                                    "operator_name": "PROJECTION",
                                    "cpu_time": 0.41048337199999985,
                                    "extra_info": {
                                        "Projections": [
                                            "id",
                                            "title",
                                            "creationdate",
                                            "displayname",
                                            "name",
                                            "id",
                                            "id"
                                        ],
                                        "Estimated Cardinality": "7241822"
                                    },
                                    "cumulative_cardinality": 3567912,
                                    "operator_type": "PROJECTION",
                                    "operator_cardinality": 28472,
                                    "cumulative_rows_scanned": 16202772,
                                    "operator_rows_scanned": 0,
                                    "operator_timing": 0.000020053000000000006,
                                    "result_set_size": 1936096,
                                    "children": [
                                        {
                                            "operator_name": "HASH_JOIN",
                                            "cpu_time": 0.4104633189999998,
                                            "extra_info": {
                                                "Join Type": "LEFT",
                                                "Conditions": "id = parentid",
                                                "Estimated Cardinality": "7241822"
                                            },
                                            "cumulative_cardinality": 3539440,
                                            "operator_type": "HASH_JOIN",
                                            "operator_cardinality": 28472,
                                            "cumulative_rows_scanned": 16202772,
                                            "operator_rows_scanned": 0,
                                            "operator_timing": 0.11640513500000012,
                                            "result_set_size": 1936096,
                                            "children": [
                                                {
                                                    "operator_name": "HASH_JOIN",
                                                    "cpu_time": 0.171286124,
                                                    "extra_info": {
                                                        "Join Type": "RIGHT",
                                                        "Conditions": "postid = id",
                                                        "Estimated Cardinality": "7241822"
                                                    },
                                                    "cumulative_cardinality": 1333675,
                                                    "operator_type": "HASH_JOIN",
                                                    "operator_cardinality": 23763,
                                                    "cumulative_rows_scanned": 12352656,
                                                    "operator_rows_scanned": 0,
                                                    "operator_timing": 0.0024941359999999997,
                                                    "result_set_size": 1520832,
                                                    "children": [
                                                        {
                                                            "operator_name": "READ_PARQUET ",
                                                            "cpu_time": 0.013166306999999999,
                                                            "extra_info": {
                                                                "Function": "READ_PARQUET",
                                                                "Projections": [
                                                                    "id",
                                                                    "postid"
                                                                ],
                                                                "Estimated Cardinality": "7241822"
                                                            },
                                                            "cumulative_cardinality": 19485,
                                                            "operator_type": "TABLE_SCAN",
                                                            "operator_cardinality": 19485,
                                                            "cumulative_rows_scanned": 7241822,
                                                            "operator_rows_scanned": 7241822,
                                                            "operator_timing": 0.013166306999999999,
                                                            "result_set_size": 155880,
                                                            "children": []
                                                        },
                                                        {
                                                            "operator_name": "HASH_JOIN",
                                                            "cpu_time": 0.15562568100000002,
                                                            "extra_info": {
                                                                "Join Type": "INNER",
                                                                "Conditions": "posttypeid = id",
                                                                "Estimated Cardinality": "770023"
                                                            },
                                                            "cumulative_cardinality": 1290427,
                                                            "operator_type": "HASH_JOIN",
                                                            "operator_cardinality": 9907,
                                                            "cumulative_rows_scanned": 5110834,
                                                            "operator_rows_scanned": 0,
                                                            "operator_timing": 0.000126777,
                                                            "result_set_size": 594420,
                                                            "children": [
                                                                {
                                                                    "operator_name": "HASH_JOIN",
                                                                    "cpu_time": 0.15515246700000002,
                                                                    "extra_info": {
                                                                        "Join Type": "INNER",
                                                                        "Conditions": "id = owneruserid",
                                                                        "Estimated Cardinality": "770023"
                                                                    },
                                                                    "cumulative_cardinality": 1280513,
                                                                    "operator_type": "HASH_JOIN",
                                                                    "operator_cardinality": 9907,
                                                                    "cumulative_rows_scanned": 5110826,
                                                                    "operator_rows_scanned": 0,
                                                                    "operator_timing": 0.009834648000000007,
                                                                    "result_set_size": 455722,
                                                                    "children": [
                                                                        {
                                                                            "operator_name": "READ_PARQUET ",
                                                                            "cpu_time": 0.084205917,
                                                                            "extra_info": {
                                                                                "Function": "READ_PARQUET",
                                                                                "Projections": [
                                                                                    "id",
                                                                                    "displayname"
                                                                                ],
                                                                                "Filters": "id<=1416539",
                                                                                "Estimated Cardinality": "1260710"
                                                                            },
                                                                            "cumulative_cardinality": 1260679,
                                                                            "operator_type": "TABLE_SCAN",
                                                                            "operator_cardinality": 1260679,
                                                                            "cumulative_rows_scanned": 1260710,
                                                                            "operator_rows_scanned": 1260710,
                                                                            "operator_timing": 0.084205917,
                                                                            "result_set_size": 25213580,
                                                                            "children": []
                                                                        },
                                                                        {
                                                                            "operator_name": "READ_PARQUET ",
                                                                            "cpu_time": 0.06111190200000001,
                                                                            "extra_info": {
                                                                                "Function": "READ_PARQUET",
                                                                                "Projections": [
                                                                                    "id",
                                                                                    "posttypeid",
                                                                                    "creationdate",
                                                                                    "owneruserid",
                                                                                    "title"
                                                                                ],
                                                                                "Filters": "creationdate>='2024-09-01 12:34:56'::TIMESTAMP",
                                                                                "Estimated Cardinality": "770023"
                                                                            },
                                                                            "cumulative_cardinality": 9927,
                                                                            "operator_type": "TABLE_SCAN",
                                                                            "operator_cardinality": 9927,
                                                                            "cumulative_rows_scanned": 3850116,
                                                                            "operator_rows_scanned": 3850116,
                                                                            "operator_timing": 0.06111190200000001,
                                                                            "result_set_size": 337518,
                                                                            "children": []
                                                                        }
                                                                    ]
                                                                },
                                                                {
                                                                    "operator_name": "READ_PARQUET ",
                                                                    "cpu_time": 0.000346437,
                                                                    "extra_info": {
                                                                        "Function": "READ_PARQUET",
                                                                        "Projections": [
                                                                            "id",
                                                                            "name"
                                                                        ],
                                                                        "Filters": "id<=7",
                                                                        "Estimated Cardinality": "8"
                                                                    },
                                                                    "cumulative_cardinality": 7,
                                                                    "operator_type": "TABLE_SCAN",
                                                                    "operator_cardinality": 7,
                                                                    "cumulative_rows_scanned": 8,
                                                                    "operator_rows_scanned": 8,
                                                                    "operator_timing": 0.000346437,
                                                                    "result_set_size": 126,
                                                                    "children": []
                                                                }
                                                            ]
                                                        }
                                                    ]
                                                },
                                                {
                                                    "operator_name": "READ_PARQUET ",
                                                    "cpu_time": 0.1227720599999997,
                                                    "extra_info": {
                                                        "Function": "READ_PARQUET",
                                                        "Projections": [
                                                            "id",
                                                            "parentid"
                                                        ],
                                                        "Filters": "posttypeid=2",
                                                        "Estimated Cardinality": "770023"
                                                    },
                                                    "cumulative_cardinality": 2177293,
                                                    "operator_type": "TABLE_SCAN",
                                                    "operator_cardinality": 2177293,
                                                    "cumulative_rows_scanned": 3850116,
                                                    "operator_rows_scanned": 3850116,
                                                    "operator_timing": 0.1227720599999997,
                                                    "result_set_size": 17418344,
                                                    "children": []
                                                }
                                            ]
                                        }
                                    ]
                                }
                            ]
                        },
                        {
                            "operator_name": "PROJECTION",
                            "cpu_time": 0.6202241720000017,
                            "extra_info": {
                                "Projections": [
                                    "#1",
                                    "#2",
                                    "#3"
                                ],
                                "Estimated Cardinality": "252142"
                            },
                            "cumulative_cardinality": 5139417,
                            "operator_type": "PROJECTION",
                            "operator_cardinality": 0,
                            "cumulative_rows_scanned": 14004803,
                            "operator_rows_scanned": 0,
                            "operator_timing": 0.0,
                            "result_set_size": 0,
                            "children": [
                                {
                                    "operator_name": "FILTER",
                                    "cpu_time": 0.6202241720000017,
                                    "extra_info": {
                                        "Expression": "(UpVotes > 50)",
                                        "Estimated Cardinality": "252142"
                                    },
                                    "cumulative_cardinality": 5139417,
                                    "operator_type": "FILTER",
                                    "operator_cardinality": 0,
                                    "cumulative_rows_scanned": 14004803,
                                    "operator_rows_scanned": 0,
                                    "operator_timing": 0.0022315439999999976,
                                    "result_set_size": 0,
                                    "children": [
                                        {
                                            "operator_name": "HASH_GROUP_BY",
                                            "cpu_time": 0.6179926280000017,
                                            "extra_info": {
                                                "Groups": [
                                                    "#0",
                                                    "#1"
                                                ],
                                                "Aggregates": [
                                                    "sum(#2)",
                                                    "sum(#3)"
                                                ],
                                                "Estimated Cardinality": "1260710"
                                            },
                                            "cumulative_cardinality": 5139417,
                                            "operator_type": "HASH_GROUP_BY",
                                            "operator_cardinality": 1260710,
                                            "cumulative_rows_scanned": 14004803,
                                            "operator_rows_scanned": 0,
                                            "operator_timing": 0.29353809600000014,
                                            "result_set_size": 65556920,
                                            "children": [
                                                {
                                                    "operator_name": "PROJECTION",
                                                    "cpu_time": 0.32445453200000157,
                                                    "extra_info": {
                                                        "Projections": [
                                                            "id",
                                                            "displayname",
                                                            "CASE  WHEN ((votetypeid = 2)) THEN (1) ELSE 0 END",
                                                            "CASE  WHEN ((votetypeid = 3)) THEN (1) ELSE 0 END"
                                                        ],
                                                        "Estimated Cardinality": "12744093"
                                                    },
                                                    "cumulative_cardinality": 3878707,
                                                    "operator_type": "PROJECTION",
                                                    "operator_cardinality": 1288855,
                                                    "cumulative_rows_scanned": 14004803,
                                                    "operator_rows_scanned": 0,
                                                    "operator_timing": 0.002345577999999999,
                                                    "result_set_size": 36087940,
                                                    "children": [
                                                        {
                                                            "operator_name": "HASH_JOIN",
                                                            "cpu_time": 0.32210895400000156,
                                                            "extra_info": {
                                                                "Join Type": "RIGHT",
                                                                "Conditions": "userid = id",
                                                                "Estimated Cardinality": "12744093"
                                                            },
                                                            "cumulative_cardinality": 2589852,
                                                            "operator_type": "HASH_JOIN",
                                                            "operator_cardinality": 1288855,
                                                            "cumulative_rows_scanned": 14004803,
                                                            "operator_rows_scanned": 0,
                                                            "operator_timing": 0.10736800500000118,
                                                            "result_set_size": 28354810,
                                                            "children": [
                                                                {
                                                                    "operator_name": "READ_PARQUET ",
                                                                    "cpu_time": 0.1373302990000003,
                                                                    "extra_info": {
                                                                        "Function": "READ_PARQUET",
                                                                        "Projections": [
                                                                            "votetypeid",
                                                                            "userid"
                                                                        ],
                                                                        "Estimated Cardinality": "12744093"
                                                                    },
                                                                    "cumulative_cardinality": 40287,
                                                                    "operator_type": "TABLE_SCAN",
                                                                    "operator_cardinality": 40287,
                                                                    "cumulative_rows_scanned": 12744093,
                                                                    "operator_rows_scanned": 12744093,
                                                                    "operator_timing": 0.1373302990000003,
                                                                    "result_set_size": 241722,
                                                                    "children": []
                                                                },
                                                                {
                                                                    "operator_name": "READ_PARQUET ",
                                                                    "cpu_time": 0.07741065000000007,
                                                                    "extra_info": {
                                                                        "Function": "READ_PARQUET",
                                                                        "Projections": [
                                                                            "id",
                                                                            "displayname"
                                                                        ],
                                                                        "Estimated Cardinality": "1260710"
                                                                    },
                                                                    "cumulative_cardinality": 1260710,
                                                                    "operator_type": "TABLE_SCAN",
                                                                    "operator_cardinality": 1260710,
                                                                    "cumulative_rows_scanned": 1260710,
                                                                    "operator_rows_scanned": 1260710,
                                                                    "operator_timing": 0.07741065000000007,
                                                                    "result_set_size": 25214200,
                                                                    "children": []
                                                                }
                                                            ]
                                                        }
                                                    ]
                                                }
                                            ]
                                        }
                                    ]
                                }
                            ]
                        }
                    ]
                }
            ]
        }
    ]
}