{
    "rows_returned": 50,
    "query_name": "WITH UserBadgeStats AS (\n    SELECT \n        U.Id AS UserId,\n        U.DisplayName,\n        COUNT(B.Id) AS TotalBadges,\n        SUM(CASE WHEN B.Class = 1 THEN 1 ELSE 0 END) AS GoldBadges,\n        SUM(CASE WHEN B.Class = 2 THEN 1 ELSE 0 END) AS SilverBadges,\n        SUM(CASE WHEN B.Class = 3 THEN 1 ELSE 0 END) AS BronzeBadges\n    FROM \n        Users U\n    LEFT JOIN \n        Badges B ON U.Id = B.UserId\n    GROUP BY \n        U.Id, U.DisplayName\n),\nPostStats AS (\n    SELECT \n        P.OwnerUserId,\n        COUNT(P.Id) AS TotalPosts,\n        COUNT(CASE WHEN P.PostTypeId = 1 THEN 1 END) AS TotalQuestions,\n        COUNT(CASE WHEN P.PostTypeId = 2 THEN 1 END) AS TotalAnswers,\n        SUM(P.Score) AS TotalScore,\n        SUM(P.ViewCount) AS TotalViews\n    FROM \n        Posts P\n    GROUP BY \n        P.OwnerUserId\n),\nUserPostBadgeStats AS (\n    SELECT \n        UB.UserId,\n        UB.DisplayName,\n        COALESCE(PS.TotalPosts, 0) AS TotalPosts,\n        COALESCE(PS.TotalQuestions, 0) AS TotalQuestions,\n        COALESCE(PS.TotalAnswers, 0) AS TotalAnswers,\n        COALESCE(PS.TotalScore, 0) AS TotalScore,\n        COALESCE(PS.TotalViews, 0) AS TotalViews,\n        UB.TotalBadges,\n        UB.GoldBadges,\n        UB.SilverBadges,\n        UB.BronzeBadges\n    FROM \n        UserBadgeStats UB\n    LEFT JOIN \n        PostStats PS ON UB.UserId = PS.OwnerUserId\n)\nSELECT \n    U.UserId,\n    U.DisplayName,\n    U.TotalPosts,\n    U.TotalQuestions,\n    U.TotalAnswers,\n    U.TotalScore,\n    U.TotalViews,\n    U.TotalBadges,\n    U.GoldBadges,\n    U.SilverBadges,\n    U.BronzeBadges\nFROM \n    UserPostBadgeStats U\nORDER BY \n    U.TotalScore DESC, U.TotalPosts DESC\nLIMIT 50;\n\n",
    "blocked_thread_time": 0.0,
    "cpu_time": 1.6301560720000001,
    "extra_info": {},
    "cumulative_cardinality": 21507400,
    "cumulative_rows_scanned": 7432550,
    "result_set_size": 6600,
    "latency": 1.821951785,
    "children": [
        {
            "operator_name": "STREAMING_LIMIT",
            "cpu_time": 1.6301560720000001,
            "extra_info": {},
            "cumulative_cardinality": 21507400,
            "operator_type": "STREAMING_LIMIT",
            "operator_cardinality": 50,
            "cumulative_rows_scanned": 7432550,
            "operator_rows_scanned": 0,
            "operator_timing": 0.000002694,
            "result_set_size": 6600,
            "children": [
                {
                    "operator_name": "ORDER_BY",
                    "cpu_time": 1.6301533780000002,
                    "extra_info": {
                        "Order By": [
                            "U.TotalScore DESC",
                            "U.TotalPosts DESC"
                        ]
                    },
                    "cumulative_cardinality": 21507350,
                    "operator_type": "ORDER_BY",
                    "operator_cardinality": 4096,
                    "cumulative_rows_scanned": 7432550,
                    "operator_rows_scanned": 0,
                    "operator_timing": 0.131300833,
                    "result_set_size": 540672,
                    "children": [
                        {
                            "operator_name": "PROJECTION",
                            "cpu_time": 1.498852545,
                            "extra_info": {
                                "Projections": [
                                    "UserId",
                                    "displayname",
                                    "TotalPosts",
                                    "TotalQuestions",
                                    "TotalAnswers",
                                    "TotalScore",
                                    "TotalViews",
                                    "TotalBadges",
                                    "GoldBadges",
                                    "SilverBadges",
                                    "BronzeBadges"
                                ],
                                "Estimated Cardinality": "1925058"
                            },
                            "cumulative_cardinality": 21503254,
                            "operator_type": "PROJECTION",
                            "operator_cardinality": 1260710,
                            "cumulative_rows_scanned": 7432550,
                            "operator_rows_scanned": 0,
                            "operator_timing": 0.03328867499999999,
                            "result_set_size": 166413720,
                            "children": [
                                {
                                    "operator_name": "HASH_JOIN",
                                    "cpu_time": 1.4655638700000002,
                                    "extra_info": {
                                        "Join Type": "RIGHT",
                                        "Conditions": "owneruserid = UserId",
                                        "Estimated Cardinality": "1925058"
                                    },
                                    "cumulative_cardinality": 20242544,
                                    "operator_type": "HASH_JOIN",
                                    "operator_cardinality": 1260710,
                                    "cumulative_rows_scanned": 7432550,
                                    "operator_rows_scanned": 0,
                                    "operator_timing": 0.15178948600000003,
                                    "result_set_size": 166413720,
                                    "children": [
                                        {
                                            "operator_name": "HASH_GROUP_BY",
                                            "cpu_time": 0.32989794400000005,
                                            "extra_info": {
                                                "Groups": "#0",
                                                "Aggregates": [
                                                    "count_star()",
                                                    "count(#1)",
                                                    "count(#2)",
                                                    "sum(#3)",
                                                    "sum(#4)"
                                                ],
                                                "Estimated Cardinality": "1925058"
                                            },
                                            "cumulative_cardinality": 8071864,
                                            "operator_type": "HASH_GROUP_BY",
                                            "operator_cardinality": 371632,
                                            "cumulative_rows_scanned": 3850116,
                                            "operator_rows_scanned": 0,
                                            "operator_timing": 0.17363962099999988,
                                            "result_set_size": 22297920,
                                            "children": [
                                                {
                                                    "operator_name": "PROJECTION",
                                                    "cpu_time": 0.15625832300000017,
                                                    "extra_info": {
                                                        "Projections": [
                                                            "owneruserid",
                                                            "CASE  WHEN ((posttypeid = 1)) THEN (1) ELSE NULL END",
                                                            "CASE  WHEN ((posttypeid = 2)) THEN (1) ELSE NULL END",
                                                            "score",
                                                            "viewcount"
                                                        ],
                                                        "Estimated Cardinality": "3850116"
                                                    },
                                                    "cumulative_cardinality": 7700232,
                                                    "operator_type": "PROJECTION",
                                                    "operator_cardinality": 3850116,
                                                    "cumulative_rows_scanned": 3850116,
                                                    "operator_rows_scanned": 0,
                                                    "operator_timing": 0.05326005900000001,
                                                    "result_set_size": 77002320,
                                                    "children": [
                                                        {
                                                            "operator_name": "READ_PARQUET ",
                                                            "cpu_time": 0.10299826400000016,
                                                            "extra_info": {
                                                                "Function": "READ_PARQUET",
                                                                "Projections": [
                                                                    "id",
                                                                    "posttypeid",
                                                                    "score",
                                                                    "viewcount",
                                                                    "owneruserid"
                                                                ],
                                                                "Estimated Cardinality": "3850116"
                                                            },
                                                            "cumulative_cardinality": 3850116,
                                                            "operator_type": "TABLE_SCAN",
                                                            "operator_cardinality": 3850116,
                                                            "cumulative_rows_scanned": 3850116,
                                                            "operator_rows_scanned": 3850116,
                                                            "operator_timing": 0.10299826400000016,
                                                            "result_set_size": 69302088,
                                                            "children": []
                                                        }
                                                    ]
                                                }
                                            ]
                                        },
                                        {
                                            "operator_name": "HASH_GROUP_BY",
                                            "cpu_time": 0.9838764400000002,
                                            "extra_info": {
                                                "Groups": [
                                                    "#0",
                                                    "#1"
                                                ],
                                                "Aggregates": [
                                                    "count(#2)",
                                                    "sum(#3)",
                                                    "sum(#4)",
                                                    "sum(#5)"
                                                ],
                                                "Estimated Cardinality": "1260710"
                                            },
                                            "cumulative_cardinality": 10909970,
                                            "operator_type": "HASH_GROUP_BY",
                                            "operator_cardinality": 1260710,
                                            "cumulative_rows_scanned": 3582434,
                                            "operator_rows_scanned": 0,
                                            "operator_timing": 0.6032273810000002,
                                            "result_set_size": 95813960,
                                            "children": [
                                                {
                                                    "operator_name": "PROJECTION",
                                                    "cpu_time": 0.38064905900000007,
                                                    "extra_info": {
                                                        "Projections": [
                                                            "id",
                                                            "displayname",
                                                            "id",
                                                            "CASE  WHEN ((class = 1)) THEN (1) ELSE 0 END",
                                                            "CASE  WHEN ((class = 2)) THEN (1) ELSE 0 END",
                                                            "CASE  WHEN ((class = 3)) THEN (1) ELSE 0 END"
                                                        ],
                                                        "Estimated Cardinality": "2321724"
                                                    },
                                                    "cumulative_cardinality": 9649260,
                                                    "operator_type": "PROJECTION",
                                                    "operator_cardinality": 3033413,
                                                    "cumulative_rows_scanned": 3582434,
                                                    "operator_rows_scanned": 0,
                                                    "operator_timing": 0.016239567999999958,
                                                    "result_set_size": 109202868,
                                                    "children": [
                                                        {
                                                            "operator_name": "HASH_JOIN",
                                                            "cpu_time": 0.3644094910000001,
                                                            "extra_info": {
                                                                "Join Type": "RIGHT",
                                                                "Conditions": "userid = id",
                                                                "Estimated Cardinality": "2321724"
                                                            },
                                                            "cumulative_cardinality": 6615847,
                                                            "operator_type": "HASH_JOIN",
                                                            "operator_cardinality": 3033413,
                                                            "cumulative_rows_scanned": 3582434,
                                                            "operator_rows_scanned": 0,
                                                            "operator_timing": 0.22997989600000004,
                                                            "result_set_size": 78868738,
                                                            "children": [
                                                                {
                                                                    "operator_name": "READ_PARQUET ",
                                                                    "cpu_time": 0.05837592400000004,
                                                                    "extra_info": {
                                                                        "Function": "READ_PARQUET",
                                                                        "Projections": [
                                                                            "id",
                                                                            "userid",
                                                                            "class"
                                                                        ],
                                                                        "Estimated Cardinality": "2321724"
                                                                    },
                                                                    "cumulative_cardinality": 2321724,
                                                                    "operator_type": "TABLE_SCAN",
                                                                    "operator_cardinality": 2321724,
                                                                    "cumulative_rows_scanned": 2321724,
                                                                    "operator_rows_scanned": 2321724,
                                                                    "operator_timing": 0.05837592400000004,
                                                                    "result_set_size": 23217240,
                                                                    "children": []
                                                                },
                                                                {
                                                                    "operator_name": "READ_PARQUET ",
                                                                    "cpu_time": 0.07605367100000002,
                                                                    "extra_info": {
                                                                        "Function": "READ_PARQUET",
                                                                        "Projections": [
                                                                            "id",
                                                                            "displayname"
                                                                        ],
                                                                        "Estimated Cardinality": "1260710"
                                                                    },
                                                                    "cumulative_cardinality": 1260710,
                                                                    "operator_type": "TABLE_SCAN",
                                                                    "operator_cardinality": 1260710,
                                                                    "cumulative_rows_scanned": 1260710,
                                                                    "operator_rows_scanned": 1260710,
                                                                    "operator_timing": 0.07605367100000002,
                                                                    "result_set_size": 25214200,
                                                                    "children": []
                                                                }
                                                            ]
                                                        }
                                                    ]
                                                }
                                            ]
                                        }
                                    ]
                                }
                            ]
                        }
                    ]
                }
            ]
        }
    ]
}