{
    "rows_returned": 0,
    "query_name": "WITH UserStats AS (\n    SELECT \n        U.Id AS UserId,\n        U.DisplayName,\n        U.Reputation,\n        COUNT(DISTINCT P.Id) AS TotalPosts,\n        SUM(CASE WHEN P.PostTypeId = 1 THEN 1 ELSE 0 END) AS TotalQuestions,\n        SUM(CASE WHEN P.PostTypeId = 2 THEN 1 ELSE 0 END) AS TotalAnswers,\n        SUM(CASE WHEN P.ClosedDate IS NOT NULL THEN 1 ELSE 0 END) AS TotalClosedPosts,\n        MAX(P.CreationDate) AS LastPostDate\n    FROM \n        Users U\n    LEFT JOIN \n        Posts P ON U.Id = P.OwnerUserId\n    GROUP BY \n        U.Id, U.DisplayName, U.Reputation\n),\nBadgeCounts AS (\n    SELECT \n        UserId,\n        COUNT(*) AS TotalBadges,\n        SUM(CASE WHEN Class = 1 THEN 1 ELSE 0 END) AS GoldBadges,\n        SUM(CASE WHEN Class = 2 THEN 1 ELSE 0 END) AS SilverBadges,\n        SUM(CASE WHEN Class = 3 THEN 1 ELSE 0 END) AS BronzeBadges\n    FROM \n        Badges\n    GROUP BY \n        UserId\n),\nTopUsers AS (\n    SELECT \n        US.UserId,\n        US.DisplayName,\n        US.Reputation,\n        US.TotalPosts,\n        US.TotalQuestions,\n        US.TotalAnswers,\n        US.TotalClosedPosts,\n        BC.TotalBadges,\n        BC.GoldBadges,\n        BC.SilverBadges,\n        BC.BronzeBadges\n    FROM \n        UserStats US\n    LEFT JOIN \n        BadgeCounts BC ON US.UserId = BC.UserId\n    ORDER BY \n        US.Reputation DESC, US.TotalPosts DESC\n    LIMIT 10\n)\nSELECT \n    TU.DisplayName,\n    TU.Reputation,\n    TU.TotalPosts,\n    TU.TotalQuestions,\n    TU.TotalAnswers,\n    TU.TotalClosedPosts,\n    TU.TotalBadges,\n    TU.GoldBadges,\n    TU.SilverBadges,\n    TU.BronzeBadges,\n    (SELECT COUNT(*) FROM Posts P WHERE P.OwnerUserId = TU.UserId AND P.CreationDate >= cast('2024-10-01 12:34:56' as timestamp) - INTERVAL '1 YEAR') AS PostsLastYear\nFROM \n    TopUsers TU;",
    "blocked_thread_time": 0.0,
    "cpu_time": 2.5194220009999992,
    "extra_info": {},
    "cumulative_cardinality": 21863411,
    "cumulative_rows_scanned": 11282666,
    "result_set_size": 0,
    "latency": 3.690139549,
    "children": [
        {
            "operator_name": "LEFT_DELIM_JOIN",
            "cpu_time": 2.5194220009999992,
            "extra_info": {
                "Join Type": "SINGLE",
                "Conditions": "UserId IS NOT DISTINCT FROM UserId",
                "Estimated Cardinality": "10",
                "Delim Index": "1"
            },
            "cumulative_cardinality": 21863411,
            "operator_type": "LEFT_DELIM_JOIN",
            "operator_cardinality": 0,
            "cumulative_rows_scanned": 11282666,
            "operator_rows_scanned": 0,
            "operator_timing": 0.000797931,
            "result_set_size": 0,
            "children": [
                {
                    "operator_name": "STREAMING_LIMIT",
                    "cpu_time": 2.492657976999999,
                    "extra_info": {},
                    "cumulative_cardinality": 21813111,
                    "operator_type": "STREAMING_LIMIT",
                    "operator_cardinality": 10,
                    "cumulative_rows_scanned": 7432550,
                    "operator_rows_scanned": 0,
                    "operator_timing": 0.0000055399999999999995,
                    "result_set_size": 1360,
                    "children": [
                        {
                            "operator_name": "ORDER_BY",
                            "cpu_time": 2.492652436999999,
                            "extra_info": {
                                "Order By": [
                                    "US.Reputation DESC",
                                    "US.TotalPosts DESC"
                                ]
                            },
                            "cumulative_cardinality": 21813101,
                            "operator_type": "ORDER_BY",
                            "operator_cardinality": 4096,
                            "cumulative_rows_scanned": 7432550,
                            "operator_rows_scanned": 0,
                            "operator_timing": 0.10957614200000013,
                            "result_set_size": 557056,
                            "children": [
                                {
                                    "operator_name": "HASH_JOIN",
                                    "cpu_time": 2.3830762949999986,
                                    "extra_info": {
                                        "Join Type": "LEFT",
                                        "Conditions": "UserId = userid",
                                        "Estimated Cardinality": "1260710"
                                    },
                                    "cumulative_cardinality": 21809005,
                                    "operator_type": "HASH_JOIN",
                                    "operator_cardinality": 1260710,
                                    "cumulative_rows_scanned": 7432550,
                                    "operator_rows_scanned": 0,
                                    "operator_timing": 0.0941080900000001,
                                    "result_set_size": 171456560,
                                    "children": [
                                        {
                                            "operator_name": "HASH_GROUP_BY",
                                            "cpu_time": 2.0895725239999985,
                                            "extra_info": {
                                                "Groups": [
                                                    "#0",
                                                    "#1",
                                                    "#2"
                                                ],
                                                "Aggregates": [
                                                    "count(DISTINCT #3)",
                                                    "sum(#4)",
                                                    "sum(#5)",
                                                    "sum(#6)"
                                                ],
                                                "Estimated Cardinality": "1260710"
                                            },
                                            "cumulative_cardinality": 15355826,
                                            "operator_type": "HASH_GROUP_BY",
                                            "operator_cardinality": 1260710,
                                            "cumulative_rows_scanned": 5110826,
                                            "operator_rows_scanned": 0,
                                            "operator_timing": 1.4978032589999977,
                                            "result_set_size": 100856800,
                                            "children": [
                                                {
                                                    "operator_name": "PROJECTION",
                                                    "cpu_time": 0.5917692650000007,
                                                    "extra_info": {
                                                        "Projections": [
                                                            "id",
                                                            "displayname",
                                                            "reputation",
                                                            "id",
                                                            "CASE  WHEN ((posttypeid = 1)) THEN (1) ELSE 0 END",
                                                            "CASE  WHEN ((posttypeid = 2)) THEN (1) ELSE 0 END",
                                                            "CASE  WHEN ((closeddate IS NOT NULL)) THEN (1) ELSE 0 END"
                                                        ],
                                                        "Estimated Cardinality": "3850116"
                                                    },
                                                    "cumulative_cardinality": 14095116,
                                                    "operator_type": "PROJECTION",
                                                    "operator_cardinality": 4574495,
                                                    "cumulative_rows_scanned": 5110826,
                                                    "operator_rows_scanned": 0,
                                                    "operator_timing": 0.063805967,
                                                    "result_set_size": 182979800,
                                                    "children": [
                                                        {
                                                            "operator_name": "HASH_JOIN",
                                                            "cpu_time": 0.5279632980000007,
                                                            "extra_info": {
                                                                "Join Type": "RIGHT",
                                                                "Conditions": "owneruserid = id",
                                                                "Estimated Cardinality": "3850116"
                                                            },
                                                            "cumulative_cardinality": 9520621,
                                                            "operator_type": "HASH_JOIN",
                                                            "operator_cardinality": 4574495,
                                                            "cumulative_rows_scanned": 5110826,
                                                            "operator_rows_scanned": 0,
                                                            "operator_timing": 0.29774927700000026,
                                                            "result_set_size": 173830810,
                                                            "children": [
                                                                {
                                                                    "operator_name": "READ_PARQUET ",
                                                                    "cpu_time": 0.14405048800000037,
                                                                    "extra_info": {
                                                                        "Function": "READ_PARQUET",
                                                                        "Projections": [
                                                                            "id",
                                                                            "posttypeid",
                                                                            "owneruserid",
                                                                            "closeddate"
                                                                        ],
                                                                        "Estimated Cardinality": "3850116"
                                                                    },
                                                                    "cumulative_cardinality": 3685416,
                                                                    "operator_type": "TABLE_SCAN",
                                                                    "operator_cardinality": 3685416,
                                                                    "cumulative_rows_scanned": 3850116,
                                                                    "operator_rows_scanned": 3850116,
                                                                    "operator_timing": 0.14405048800000037,
                                                                    "result_set_size": 66337488,
                                                                    "children": []
                                                                },
                                                                {
                                                                    "operator_name": "READ_PARQUET ",
                                                                    "cpu_time": 0.08616353300000008,
                                                                    "extra_info": {
                                                                        "Function": "READ_PARQUET",
                                                                        "Projections": [
                                                                            "id",
                                                                            "reputation",
                                                                            "displayname"
                                                                        ],
                                                                        "Estimated Cardinality": "1260710"
                                                                    },
                                                                    "cumulative_cardinality": 1260710,
                                                                    "operator_type": "TABLE_SCAN",
                                                                    "operator_cardinality": 1260710,
                                                                    "cumulative_rows_scanned": 1260710,
                                                                    "operator_rows_scanned": 1260710,
                                                                    "operator_timing": 0.08616353300000008,
                                                                    "result_set_size": 30257040,
                                                                    "children": []
                                                                }
                                                            ]
                                                        }
                                                    ]
                                                }
                                            ]
                                        },
                                        {
                                            "operator_name": "HASH_GROUP_BY",
                                            "cpu_time": 0.19939568100000016,
                                            "extra_info": {
                                                "Groups": "#0",
                                                "Aggregates": [
                                                    "count_star()",
                                                    "sum(#1)",
                                                    "sum(#2)",
                                                    "sum(#3)"
                                                ],
                                                "Estimated Cardinality": "1160862"
                                            },
                                            "cumulative_cardinality": 5192469,
                                            "operator_type": "HASH_GROUP_BY",
                                            "operator_cardinality": 549021,
                                            "cumulative_rows_scanned": 2321724,
                                            "operator_rows_scanned": 0,
                                            "operator_timing": 0.16610353600000013,
                                            "result_set_size": 32941260,
                                            "children": [
                                                {
                                                    "operator_name": "PROJECTION",
                                                    "cpu_time": 0.03329214500000002,
                                                    "extra_info": {
                                                        "Projections": [
                                                            "userid",
                                                            "CASE  WHEN ((class = 1)) THEN (1) ELSE 0 END",
                                                            "CASE  WHEN ((class = 2)) THEN (1) ELSE 0 END",
                                                            "CASE  WHEN ((class = 3)) THEN (1) ELSE 0 END"
                                                        ],
                                                        "Estimated Cardinality": "2321724"
                                                    },
                                                    "cumulative_cardinality": 4643448,
                                                    "operator_type": "PROJECTION",
                                                    "operator_cardinality": 2321724,
                                                    "cumulative_rows_scanned": 2321724,
                                                    "operator_rows_scanned": 0,
                                                    "operator_timing": 0.013639803999999995,
                                                    "result_set_size": 37147584,
                                                    "children": [
                                                        {
                                                            "operator_name": "READ_PARQUET ",
                                                            "cpu_time": 0.019652341000000025,
                                                            "extra_info": {
                                                                "Function": "READ_PARQUET",
                                                                "Projections": [
                                                                    "userid",
                                                                    "class"
                                                                ],
                                                                "Estimated Cardinality": "2321724"
                                                            },
                                                            "cumulative_cardinality": 2321724,
                                                            "operator_type": "TABLE_SCAN",
                                                            "operator_cardinality": 2321724,
                                                            "cumulative_rows_scanned": 2321724,
                                                            "operator_rows_scanned": 2321724,
                                                            "operator_timing": 0.019652341000000025,
                                                            "result_set_size": 13930344,
                                                            "children": []
                                                        }
                                                    ]
                                                }
                                            ]
                                        }
                                    ]
                                }
                            ]
                        }
                    ]
                },
                {
                    "operator_name": "HASH_JOIN",
                    "cpu_time": 0.025934444999999983,
                    "extra_info": {
                        "Join Type": "SINGLE",
                        "Conditions": "UserId IS NOT DISTINCT FROM UserId",
                        "Estimated Cardinality": "10"
                    },
                    "cumulative_cardinality": 50280,
                    "operator_type": "HASH_JOIN",
                    "operator_cardinality": 10,
                    "cumulative_rows_scanned": 3850116,
                    "operator_rows_scanned": 0,
                    "operator_timing": 0.00015241499999999998,
                    "result_set_size": 1400,
                    "children": [
                        {
                            "operator_name": "COLUMN_DATA_SCAN",
                            "cpu_time": 0.000012905,
                            "extra_info": {
                                "Estimated Cardinality": "10"
                            },
                            "cumulative_cardinality": 10,
                            "operator_type": "COLUMN_DATA_SCAN",
                            "operator_cardinality": 10,
                            "cumulative_rows_scanned": 0,
                            "operator_rows_scanned": 0,
                            "operator_timing": 0.000012905,
                            "result_set_size": 1360,
                            "children": []
                        },
                        {
                            "operator_name": "PROJECTION",
                            "cpu_time": 0.025769124999999983,
                            "extra_info": {
                                "Projections": [
                                    "CASE  WHEN ((count_star() IS NULL)) THEN (0) ELSE count_star() END",
                                    "UserId"
                                ],
                                "Estimated Cardinality": "5"
                            },
                            "cumulative_cardinality": 50260,
                            "operator_type": "PROJECTION",
                            "operator_cardinality": 10,
                            "cumulative_rows_scanned": 3850116,
                            "operator_rows_scanned": 0,
                            "operator_timing": 0.000008425,
                            "result_set_size": 120,
                            "children": [
                                {
                                    "operator_name": "HASH_JOIN",
                                    "cpu_time": 0.025760699999999984,
                                    "extra_info": {
                                        "Join Type": "LEFT",
                                        "Conditions": "UserId IS NOT DISTINCT FROM #0",
                                        "Estimated Cardinality": "5"
                                    },
                                    "cumulative_cardinality": 50250,
                                    "operator_type": "HASH_JOIN",
                                    "operator_cardinality": 10,
                                    "cumulative_rows_scanned": 3850116,
                                    "operator_rows_scanned": 0,
                                    "operator_timing": 0.00013339099999999998,
                                    "result_set_size": 120,
                                    "children": [
                                        {
                                            "operator_name": "DELIM_SCAN",
                                            "cpu_time": 0.0,
                                            "extra_info": {
                                                "Delim Index": "1",
                                                "Estimated Cardinality": "5"
                                            },
                                            "cumulative_cardinality": 0,
                                            "operator_type": "DELIM_SCAN",
                                            "operator_cardinality": 0,
                                            "cumulative_rows_scanned": 0,
                                            "operator_rows_scanned": 0,
                                            "operator_timing": 0.0,
                                            "result_set_size": 0,
                                            "children": []
                                        },
                                        {
                                            "operator_name": "HASH_GROUP_BY",
                                            "cpu_time": 0.025627308999999984,
                                            "extra_info": {
                                                "Groups": "#0",
                                                "Aggregates": "count_star()",
                                                "Estimated Cardinality": "1"
                                            },
                                            "cumulative_cardinality": 50240,
                                            "operator_type": "HASH_GROUP_BY",
                                            "operator_cardinality": 8,
                                            "cumulative_rows_scanned": 3850116,
                                            "operator_rows_scanned": 0,
                                            "operator_timing": 0.000125666,
                                            "result_set_size": 96,
                                            "children": [
                                                {
                                                    "operator_name": "PROJECTION",
                                                    "cpu_time": 0.025501642999999984,
                                                    "extra_info": {
                                                        "Projections": "UserId",
                                                        "Estimated Cardinality": "3"
                                                    },
                                                    "cumulative_cardinality": 50232,
                                                    "operator_type": "PROJECTION",
                                                    "operator_cardinality": 1735,
                                                    "cumulative_rows_scanned": 3850116,
                                                    "operator_rows_scanned": 0,
                                                    "operator_timing": 6.41e-7,
                                                    "result_set_size": 6940,
                                                    "children": [
                                                        {
                                                            "operator_name": "PROJECTION",
                                                            "cpu_time": 0.025501001999999984,
                                                            "extra_info": {
                                                                "Projections": "UserId",
                                                                "Estimated Cardinality": "3"
                                                            },
                                                            "cumulative_cardinality": 48497,
                                                            "operator_type": "PROJECTION",
                                                            "operator_cardinality": 1735,
                                                            "cumulative_rows_scanned": 3850116,
                                                            "operator_rows_scanned": 0,
                                                            "operator_timing": 7.31e-7,
                                                            "result_set_size": 6940,
                                                            "children": [
                                                                {
                                                                    "operator_name": "HASH_JOIN",
                                                                    "cpu_time": 0.025500270999999984,
                                                                    "extra_info": {
                                                                        "Join Type": "INNER",
                                                                        "Conditions": "owneruserid = UserId",
                                                                        "Estimated Cardinality": "3"
                                                                    },
                                                                    "cumulative_cardinality": 46762,
                                                                    "operator_type": "HASH_JOIN",
                                                                    "operator_cardinality": 1735,
                                                                    "cumulative_rows_scanned": 3850116,
                                                                    "operator_rows_scanned": 0,
                                                                    "operator_timing": 0.0005181000000000001,
                                                                    "result_set_size": 13880,
                                                                    "children": [
                                                                        {
                                                                            "operator_name": "READ_PARQUET ",
                                                                            "cpu_time": 0.024982170999999984,
                                                                            "extra_info": {
                                                                                "Function": "READ_PARQUET",
                                                                                "Projections": "owneruserid",
                                                                                "Filters": "creationdate>='2023-10-01 12:34:56'::TIMESTAMP",
                                                                                "Estimated Cardinality": "770023"
                                                                            },
                                                                            "cumulative_cardinality": 45027,
                                                                            "operator_type": "TABLE_SCAN",
                                                                            "operator_cardinality": 45027,
                                                                            "cumulative_rows_scanned": 3850116,
                                                                            "operator_rows_scanned": 3850116,
                                                                            "operator_timing": 0.024982170999999984,
                                                                            "result_set_size": 180108,
                                                                            "children": []
                                                                        },
                                                                        {
                                                                            "operator_name": "DELIM_SCAN",
                                                                            "cpu_time": 0.0,
                                                                            "extra_info": {
                                                                                "Delim Index": "1",
                                                                                "Estimated Cardinality": "5"
                                                                            },
                                                                            "cumulative_cardinality": 0,
                                                                            "operator_type": "DELIM_SCAN",
                                                                            "operator_cardinality": 0,
                                                                            "cumulative_rows_scanned": 0,
                                                                            "operator_rows_scanned": 0,
                                                                            "operator_timing": 0.0,
                                                                            "result_set_size": 0,
                                                                            "children": []
                                                                        }
                                                                    ]
                                                                }
                                                            ]
                                                        }
                                                    ]
                                                }
                                            ]
                                        }
                                    ]
                                }
                            ]
                        }
                    ]
                },
                {
                    "operator_name": "HASH_GROUP_BY",
                    "cpu_time": 0.000031648,
                    "extra_info": {
                        "Groups": "#0",
                        "Aggregates": "",
                        "Estimated Cardinality": "10"
                    },
                    "cumulative_cardinality": 20,
                    "operator_type": "HASH_GROUP_BY",
                    "operator_cardinality": 20,
                    "cumulative_rows_scanned": 0,
                    "operator_rows_scanned": 0,
                    "operator_timing": 0.000031648,
                    "result_set_size": 80,
                    "children": []
                }
            ]
        }
    ]
}