{
    "rows_returned": 10,
    "query_name": "\nWITH UserActivity AS (\n    SELECT \n        u.Id AS UserId,\n        u.DisplayName,\n        COUNT(DISTINCT p.Id) AS PostCount,\n        SUM(CASE WHEN p.PostTypeId = 1 THEN 1 ELSE 0 END) AS QuestionCount,\n        SUM(CASE WHEN p.PostTypeId = 2 THEN 1 ELSE 0 END) AS AnswerCount,\n        SUM(CASE WHEN c.Id IS NOT NULL THEN 1 ELSE 0 END) AS CommentCount,\n        SUM(CASE WHEN v.VoteTypeId = 2 THEN 1 ELSE 0 END) AS UpVoteCount,\n        SUM(CASE WHEN v.VoteTypeId = 3 THEN 1 ELSE 0 END) AS DownVoteCount,\n        AVG(EXTRACT(EPOCH FROM (TIMESTAMP '2024-10-01 12:34:56' - u.CreationDate)) / (60 * 60 * 24)) AS AvgAccountAgeDays\n    FROM Users u\n    LEFT JOIN Posts p ON u.Id = p.OwnerUserId\n    LEFT JOIN Comments c ON p.Id = c.PostId\n    LEFT JOIN Votes v ON p.Id = v.PostId\n    GROUP BY u.Id, u.DisplayName\n),\nTopUsers AS (\n    SELECT \n        UserId,\n        DisplayName,\n        PostCount,\n        QuestionCount,\n        AnswerCount,\n        CommentCount,\n        UpVoteCount,\n        DownVoteCount,\n        AvgAccountAgeDays\n    FROM UserActivity\n    WHERE PostCount > 0\n    ORDER BY PostCount DESC\n    LIMIT 10\n),\nUserBadges AS (\n    SELECT \n        b.UserId,\n        COUNT(*) AS BadgeCount,\n        SUM(CASE WHEN b.Class = 1 THEN 1 ELSE 0 END) AS GoldBadgeCount,\n        SUM(CASE WHEN b.Class = 2 THEN 1 ELSE 0 END) AS SilverBadgeCount,\n        SUM(CASE WHEN b.Class = 3 THEN 1 ELSE 0 END) AS BronzeBadgeCount\n    FROM Badges b\n    GROUP BY b.UserId\n)\nSELECT \n    tu.DisplayName,\n    tu.PostCount,\n    tu.QuestionCount,\n    tu.AnswerCount,\n    tu.CommentCount,\n    tu.UpVoteCount,\n    tu.DownVoteCount,\n    COALESCE(ub.BadgeCount, 0) AS BadgeCount,\n    COALESCE(ub.GoldBadgeCount, 0) AS GoldBadgeCount,\n    COALESCE(ub.SilverBadgeCount, 0) AS SilverBadgeCount,\n    COALESCE(ub.BronzeBadgeCount, 0) AS BronzeBadgeCount,\n    tu.AvgAccountAgeDays\nFROM TopUsers tu\nLEFT JOIN UserBadges ub ON tu.UserId = ub.UserId\nORDER BY tu.PostCount DESC;\n",
    "blocked_thread_time": 0.0,
    "cpu_time": 7.786002444999994,
    "extra_info": {},
    "cumulative_cardinality": 175865797,
    "cumulative_rows_scanned": 27418465,
    "result_set_size": 1680,
    "latency": 9.649049865,
    "children": [
        {
            "operator_name": "ORDER_BY",
            "cpu_time": 7.786002444999994,
            "extra_info": {
                "Order By": "tu.PostCount DESC"
            },
            "cumulative_cardinality": 175865797,
            "operator_type": "ORDER_BY",
            "operator_cardinality": 10,
            "cumulative_rows_scanned": 27418465,
            "operator_rows_scanned": 0,
            "operator_timing": 0.00006415,
            "result_set_size": 1680,
            "children": [
                {
                    "operator_name": "PROJECTION",
                    "cpu_time": 7.785938294999994,
                    "extra_info": {
                        "Projections": [
                            "displayname",
                            "PostCount",
                            "QuestionCount",
                            "AnswerCount",
                            "CommentCount",
                            "UpVoteCount",
                            "DownVoteCount",
                            "BadgeCount",
                            "GoldBadgeCount",
                            "SilverBadgeCount",
                            "BronzeBadgeCount",
                            "AvgAccountAgeDays"
                        ],
                        "Estimated Cardinality": "1160862"
                    },
                    "cumulative_cardinality": 175865787,
                    "operator_type": "PROJECTION",
                    "operator_cardinality": 10,
                    "cumulative_rows_scanned": 27418465,
                    "operator_rows_scanned": 0,
                    "operator_timing": 0.000025688,
                    "result_set_size": 1680,
                    "children": [
                        {
                            "operator_name": "HASH_JOIN",
                            "cpu_time": 7.785912606999994,
                            "extra_info": {
                                "Join Type": "RIGHT",
                                "Conditions": "userid = UserId",
                                "Estimated Cardinality": "1160862"
                            },
                            "cumulative_cardinality": 175865777,
                            "operator_type": "HASH_JOIN",
                            "operator_cardinality": 10,
                            "cumulative_rows_scanned": 27418465,
                            "operator_rows_scanned": 0,
                            "operator_timing": 0.0020400170000000016,
                            "result_set_size": 1680,
                            "children": [
                                {
                                    "operator_name": "HASH_GROUP_BY",
                                    "cpu_time": 0.1901403569999999,
                                    "extra_info": {
                                        "Groups": "#0",
                                        "Aggregates": [
                                            "count_star()",
                                            "sum(#1)",
                                            "sum(#2)",
                                            "sum(#3)"
                                        ],
                                        "Estimated Cardinality": "1160862"
                                    },
                                    "cumulative_cardinality": 5192469,
                                    "operator_type": "HASH_GROUP_BY",
                                    "operator_cardinality": 549021,
                                    "cumulative_rows_scanned": 2321724,
                                    "operator_rows_scanned": 0,
                                    "operator_timing": 0.15803563999999987,
                                    "result_set_size": 32941260,
                                    "children": [
                                        {
                                            "operator_name": "PROJECTION",
                                            "cpu_time": 0.03210471700000004,
                                            "extra_info": {
                                                "Projections": [
                                                    "userid",
                                                    "CASE  WHEN ((class = 1)) THEN (1) ELSE 0 END",
                                                    "CASE  WHEN ((class = 2)) THEN (1) ELSE 0 END",
                                                    "CASE  WHEN ((class = 3)) THEN (1) ELSE 0 END"
                                                ],
                                                "Estimated Cardinality": "2321724"
                                            },
                                            "cumulative_cardinality": 4643448,
                                            "operator_type": "PROJECTION",
                                            "operator_cardinality": 2321724,
                                            "cumulative_rows_scanned": 2321724,
                                            "operator_rows_scanned": 0,
                                            "operator_timing": 0.013573404000000027,
                                            "result_set_size": 37147584,
                                            "children": [
                                                {
                                                    "operator_name": "READ_PARQUET ",
                                                    "cpu_time": 0.018531313000000015,
                                                    "extra_info": {
                                                        "Function": "READ_PARQUET",
                                                        "Projections": [
                                                            "userid",
                                                            "class"
                                                        ],
                                                        "Estimated Cardinality": "2321724"
                                                    },
                                                    "cumulative_cardinality": 2321724,
                                                    "operator_type": "TABLE_SCAN",
                                                    "operator_cardinality": 2321724,
                                                    "cumulative_rows_scanned": 2321724,
                                                    "operator_rows_scanned": 2321724,
                                                    "operator_timing": 0.018531313000000015,
                                                    "result_set_size": 13930344,
                                                    "children": []
                                                }
                                            ]
                                        }
                                    ]
                                },
                                {
                                    "operator_name": "STREAMING_LIMIT",
                                    "cpu_time": 7.593732232999994,
                                    "extra_info": {},
                                    "cumulative_cardinality": 170673298,
                                    "operator_type": "STREAMING_LIMIT",
                                    "operator_cardinality": 10,
                                    "cumulative_rows_scanned": 25096741,
                                    "operator_rows_scanned": 0,
                                    "operator_timing": 0.000002695,
                                    "result_set_size": 1160,
                                    "children": [
                                        {
                                            "operator_name": "ORDER_BY",
                                            "cpu_time": 7.593729537999994,
                                            "extra_info": {
                                                "Order By": "UserActivity.PostCount DESC"
                                            },
                                            "cumulative_cardinality": 170673288,
                                            "operator_type": "ORDER_BY",
                                            "operator_cardinality": 4096,
                                            "cumulative_rows_scanned": 25096741,
                                            "operator_rows_scanned": 0,
                                            "operator_timing": 0.023476731999999993,
                                            "result_set_size": 475136,
                                            "children": [
                                                {
                                                    "operator_name": "FILTER",
                                                    "cpu_time": 7.570252805999994,
                                                    "extra_info": {
                                                        "Expression": "(PostCount > 0)",
                                                        "Estimated Cardinality": "252142"
                                                    },
                                                    "cumulative_cardinality": 170669192,
                                                    "operator_type": "FILTER",
                                                    "operator_cardinality": 371631,
                                                    "cumulative_rows_scanned": 25096741,
                                                    "operator_rows_scanned": 0,
                                                    "operator_timing": 0.003777877999999998,
                                                    "result_set_size": 43109196,
                                                    "children": [
                                                        {
                                                            "operator_name": "HASH_GROUP_BY",
                                                            "cpu_time": 7.566474927999994,
                                                            "extra_info": {
                                                                "Groups": [
                                                                    "#0",
                                                                    "#1"
                                                                ],
                                                                "Aggregates": [
                                                                    "count(DISTINCT #2)",
                                                                    "sum(#3)",
                                                                    "sum(#4)",
                                                                    "sum(#5)",
                                                                    "sum(#6)",
                                                                    "sum(#7)",
                                                                    "avg(#8)"
                                                                ],
                                                                "Estimated Cardinality": "1260710"
                                                            },
                                                            "cumulative_cardinality": 170297561,
                                                            "operator_type": "HASH_GROUP_BY",
                                                            "operator_cardinality": 1260710,
                                                            "cumulative_rows_scanned": 25096741,
                                                            "operator_rows_scanned": 0,
                                                            "operator_timing": 3.9549468999999933,
                                                            "result_set_size": 146242360,
                                                            "children": [
                                                                {
                                                                    "operator_name": "PROJECTION",
                                                                    "cpu_time": 3.6115280280000004,
                                                                    "extra_info": {
                                                                        "Projections": [
                                                                            "id",
                                                                            "displayname",
                                                                            "id",
                                                                            "CASE  WHEN ((posttypeid = 1)) THEN (1) ELSE 0 END",
                                                                            "CASE  WHEN ((posttypeid = 2)) THEN (1) ELSE 0 END",
                                                                            "CASE  WHEN ((id IS NOT NULL)) THEN (1) ELSE 0 END",
                                                                            "CASE  WHEN ((votetypeid = 2)) THEN (1) ELSE 0 END",
                                                                            "CASE  WHEN ((votetypeid = 3)) THEN (1) ELSE 0 END",
                                                                            "(epoch(('2024-10-01 12:34:56'::TIMESTAMP - creationdate)) / 86400.0)"
                                                                        ],
                                                                        "Estimated Cardinality": "12744093"
                                                                    },
                                                                    "cumulative_cardinality": 169036851,
                                                                    "operator_type": "PROJECTION",
                                                                    "operator_cardinality": 34453569,
                                                                    "cumulative_rows_scanned": 25096741,
                                                                    "operator_rows_scanned": 0,
                                                                    "operator_timing": 0.8898158499999955,
                                                                    "result_set_size": 1791585588,
                                                                    "children": [
                                                                        {
                                                                            "operator_name": "PROJECTION",
                                                                            "cpu_time": 2.721712178000005,
                                                                            "extra_info": {
                                                                                "Projections": [
                                                                                    "#0",
                                                                                    "#1",
                                                                                    "#2",
                                                                                    "#3",
                                                                                    "#4",
                                                                                    "#5",
                                                                                    "__internal_decompress_integral_smallint(#6, 1)"
                                                                                ],
                                                                                "Estimated Cardinality": "12744093"
                                                                            },
                                                                            "cumulative_cardinality": 134583282,
                                                                            "operator_type": "PROJECTION",
                                                                            "operator_cardinality": 34453569,
                                                                            "cumulative_rows_scanned": 25096741,
                                                                            "operator_rows_scanned": 0,
                                                                            "operator_timing": 0.0194628919999999,
                                                                            "result_set_size": 1378142760,
                                                                            "children": [
                                                                                {
                                                                                    "operator_name": "HASH_JOIN",
                                                                                    "cpu_time": 2.702249286000005,
                                                                                    "extra_info": {
                                                                                        "Join Type": "LEFT",
                                                                                        "Conditions": "id = postid",
                                                                                        "Estimated Cardinality": "12744093"
                                                                                    },
                                                                                    "cumulative_cardinality": 100129713,
                                                                                    "operator_type": "HASH_JOIN",
                                                                                    "operator_cardinality": 34453569,
                                                                                    "cumulative_rows_scanned": 25096741,
                                                                                    "operator_rows_scanned": 0,
                                                                                    "operator_timing": 1.220677727000003,
                                                                                    "result_set_size": 1343689191,
                                                                                    "children": [
                                                                                        {
                                                                                            "operator_name": "PROJECTION",
                                                                                            "cpu_time": 1.3463245540000022,
                                                                                            "extra_info": {
                                                                                                "Projections": [
                                                                                                    "#0",
                                                                                                    "#1",
                                                                                                    "__internal_decompress_integral_smallint(#2, 1)",
                                                                                                    "#3",
                                                                                                    "#4",
                                                                                                    "#5"
                                                                                                ],
                                                                                                "Estimated Cardinality": "7241822"
                                                                                            },
                                                                                            "cumulative_cardinality": 40187958,
                                                                                            "operator_type": "PROJECTION",
                                                                                            "operator_cardinality": 9425510,
                                                                                            "cumulative_rows_scanned": 12352648,
                                                                                            "operator_rows_scanned": 0,
                                                                                            "operator_timing": 0.004498307,
                                                                                            "result_set_size": 358169380,
                                                                                            "children": [
                                                                                                {
                                                                                                    "operator_name": "HASH_JOIN",
                                                                                                    "cpu_time": 1.3418262470000022,
                                                                                                    "extra_info": {
                                                                                                        "Join Type": "RIGHT",
                                                                                                        "Conditions": "postid = id",
                                                                                                        "Estimated Cardinality": "7241822"
                                                                                                    },
                                                                                                    "cumulative_cardinality": 30762448,
                                                                                                    "operator_type": "HASH_JOIN",
                                                                                                    "operator_cardinality": 9425510,
                                                                                                    "cumulative_rows_scanned": 12352648,
                                                                                                    "operator_rows_scanned": 0,
                                                                                                    "operator_timing": 0.7239683040000021,
                                                                                                    "result_set_size": 348743870,
                                                                                                    "children": [
                                                                                                        {
                                                                                                            "operator_name": "READ_PARQUET ",
                                                                                                            "cpu_time": 0.14025615499999966,
                                                                                                            "extra_info": {
                                                                                                                "Function": "READ_PARQUET",
                                                                                                                "Projections": [
                                                                                                                    "id",
                                                                                                                    "postid"
                                                                                                                ],
                                                                                                                "Estimated Cardinality": "7241822"
                                                                                                            },
                                                                                                            "cumulative_cardinality": 7241822,
                                                                                                            "operator_type": "TABLE_SCAN",
                                                                                                            "operator_cardinality": 7241822,
                                                                                                            "cumulative_rows_scanned": 7241822,
                                                                                                            "operator_rows_scanned": 7241822,
                                                                                                            "operator_timing": 0.14025615499999966,
                                                                                                            "result_set_size": 57934576,
                                                                                                            "children": []
                                                                                                        },
                                                                                                        {
                                                                                                            "operator_name": "PROJECTION",
                                                                                                            "cpu_time": 0.4776017880000004,
                                                                                                            "extra_info": {
                                                                                                                "Projections": [
                                                                                                                    "#0",
                                                                                                                    "__internal_compress_integral_utinyint(#1, 1)",
                                                                                                                    "#2",
                                                                                                                    "#3",
                                                                                                                    "#4"
                                                                                                                ],
                                                                                                                "Estimated Cardinality": "3850116"
                                                                                                            },
                                                                                                            "cumulative_cardinality": 14095116,
                                                                                                            "operator_type": "PROJECTION",
                                                                                                            "operator_cardinality": 4574495,
                                                                                                            "cumulative_rows_scanned": 5110826,
                                                                                                            "operator_rows_scanned": 0,
                                                                                                            "operator_timing": 0.0024681409999999984,
                                                                                                            "result_set_size": 150958335,
                                                                                                            "children": [
                                                                                                                {
                                                                                                                    "operator_name": "HASH_JOIN",
                                                                                                                    "cpu_time": 0.47513364700000044,
                                                                                                                    "extra_info": {
                                                                                                                        "Join Type": "RIGHT",
                                                                                                                        "Conditions": "owneruserid = id",
                                                                                                                        "Estimated Cardinality": "3850116"
                                                                                                                    },
                                                                                                                    "cumulative_cardinality": 9520621,
                                                                                                                    "operator_type": "HASH_JOIN",
                                                                                                                    "operator_cardinality": 4574495,
                                                                                                                    "cumulative_rows_scanned": 5110826,
                                                                                                                    "operator_rows_scanned": 0,
                                                                                                                    "operator_timing": 0.2765684120000004,
                                                                                                                    "result_set_size": 155532830,
                                                                                                                    "children": [
                                                                                                                        {
                                                                                                                            "operator_name": "READ_PARQUET ",
                                                                                                                            "cpu_time": 0.1035331750000001,
                                                                                                                            "extra_info": {
                                                                                                                                "Function": "READ_PARQUET",
                                                                                                                                "Projections": [
                                                                                                                                    "id",
                                                                                                                                    "posttypeid",
                                                                                                                                    "owneruserid"
                                                                                                                                ],
                                                                                                                                "Estimated Cardinality": "3850116"
                                                                                                                            },
                                                                                                                            "cumulative_cardinality": 3685416,
                                                                                                                            "operator_type": "TABLE_SCAN",
                                                                                                                            "operator_cardinality": 3685416,
                                                                                                                            "cumulative_rows_scanned": 3850116,
                                                                                                                            "operator_rows_scanned": 3850116,
                                                                                                                            "operator_timing": 0.1035331750000001,
                                                                                                                            "result_set_size": 36854160,
                                                                                                                            "children": []
                                                                                                                        },
                                                                                                                        {
                                                                                                                            "operator_name": "READ_PARQUET ",
                                                                                                                            "cpu_time": 0.09503205999999999,
                                                                                                                            "extra_info": {
                                                                                                                                "Function": "READ_PARQUET",
                                                                                                                                "Projections": [
                                                                                                                                    "id",
                                                                                                                                    "creationdate",
                                                                                                                                    "displayname"
                                                                                                                                ],
                                                                                                                                "Estimated Cardinality": "1260710"
                                                                                                                            },
                                                                                                                            "cumulative_cardinality": 1260710,
                                                                                                                            "operator_type": "TABLE_SCAN",
                                                                                                                            "operator_cardinality": 1260710,
                                                                                                                            "cumulative_rows_scanned": 1260710,
                                                                                                                            "operator_rows_scanned": 1260710,
                                                                                                                            "operator_timing": 0.09503205999999999,
                                                                                                                            "result_set_size": 35299880,
                                                                                                                            "children": []
                                                                                                                        }
                                                                                                                    ]
                                                                                                                }
                                                                                                            ]
                                                                                                        }
                                                                                                    ]
                                                                                                }
                                                                                            ]
                                                                                        },
                                                                                        {
                                                                                            "operator_name": "PROJECTION",
                                                                                            "cpu_time": 0.13524700499999995,
                                                                                            "extra_info": {
                                                                                                "Projections": [
                                                                                                    "#0",
                                                                                                    "__internal_compress_integral_utinyint(#1, 1)"
                                                                                                ],
                                                                                                "Estimated Cardinality": "12744093"
                                                                                            },
                                                                                            "cumulative_cardinality": 25488186,
                                                                                            "operator_type": "PROJECTION",
                                                                                            "operator_cardinality": 12744093,
                                                                                            "cumulative_rows_scanned": 12744093,
                                                                                            "operator_rows_scanned": 0,
                                                                                            "operator_timing": 0.003146451000000011,
                                                                                            "result_set_size": 63720465,
                                                                                            "children": [
                                                                                                {
                                                                                                    "operator_name": "READ_PARQUET ",
                                                                                                    "cpu_time": 0.13210055399999993,
                                                                                                    "extra_info": {
                                                                                                        "Function": "READ_PARQUET",
                                                                                                        "Projections": [
                                                                                                            "postid",
                                                                                                            "votetypeid"
                                                                                                        ],
                                                                                                        "Estimated Cardinality": "12744093"
                                                                                                    },
                                                                                                    "cumulative_cardinality": 12744093,
                                                                                                    "operator_type": "TABLE_SCAN",
                                                                                                    "operator_cardinality": 12744093,
                                                                                                    "cumulative_rows_scanned": 12744093,
                                                                                                    "operator_rows_scanned": 12744093,
                                                                                                    "operator_timing": 0.13210055399999993,
                                                                                                    "result_set_size": 76464558,
                                                                                                    "children": []
                                                                                                }
                                                                                            ]
                                                                                        }
                                                                                    ]
                                                                                }
                                                                            ]
                                                                        }
                                                                    ]
                                                                }
                                                            ]
                                                        }
                                                    ]
                                                }
                                            ]
                                        }
                                    ]
                                }
                            ]
                        }
                    ]
                }
            ]
        }
    ]
}