{
    "rows_returned": 50,
    "query_name": "\nWITH UserStats AS (\n    SELECT \n        u.Id AS UserId,\n        u.DisplayName,\n        COUNT(DISTINCT p.Id) AS TotalPosts,\n        SUM(CASE WHEN p.PostTypeId = 2 THEN 1 ELSE 0 END) AS TotalAnswers,\n        SUM(CASE WHEN p.PostTypeId = 1 THEN 1 ELSE 0 END) AS TotalQuestions,\n        SUM(CASE WHEN p.Score > 0 THEN 1 ELSE 0 END) AS PositiveScoredPosts,\n        SUM(CASE WHEN p.ViewCount > 1000 THEN 1 ELSE 0 END) AS PostsWithHighViews\n    FROM Users u\n    LEFT JOIN Posts p ON u.Id = p.OwnerUserId\n    GROUP BY u.Id, u.DisplayName\n),\nBadgeCounts AS (\n    SELECT \n        b.UserId,\n        COUNT(*) AS BadgeCount\n    FROM Badges b\n    GROUP BY b.UserId\n),\nPostHistoryCounts AS (\n    SELECT \n        ph.UserId,\n        COUNT(*) AS HistoryCount,\n        MAX(ph.CreationDate) AS LastEditDate\n    FROM PostHistory ph\n    GROUP BY ph.UserId\n),\nCombinedStats AS (\n    SELECT \n        us.UserId,\n        us.DisplayName,\n        us.TotalPosts,\n        us.TotalAnswers,\n        us.TotalQuestions,\n        us.PositiveScoredPosts,\n        us.PostsWithHighViews,\n        COALESCE(bc.BadgeCount, 0) AS BadgeCount,\n        COALESCE(phc.HistoryCount, 0) AS HistoryCount,\n        phc.LastEditDate\n    FROM UserStats us\n    LEFT JOIN BadgeCounts bc ON us.UserId = bc.UserId\n    LEFT JOIN PostHistoryCounts phc ON us.UserId = phc.UserId\n)\nSELECT \n    UserId,\n    DisplayName,\n    TotalPosts,\n    TotalAnswers,\n    TotalQuestions,\n    PositiveScoredPosts,\n    PostsWithHighViews,\n    BadgeCount,\n    HistoryCount,\n    LastEditDate\nFROM CombinedStats\nWHERE TotalPosts > 10\nORDER BY TotalPosts DESC, PositiveScoredPosts DESC\nLIMIT 50;\n",
    "blocked_thread_time": 0.0,
    "cpu_time": 2.732625069999999,
    "extra_info": {},
    "cumulative_cardinality": 44664398,
    "cumulative_rows_scanned": 19227794,
    "result_set_size": 5800,
    "latency": 3.606816075,
    "children": [
        {
            "operator_name": "STREAMING_LIMIT",
            "cpu_time": 2.732625069999999,
            "extra_info": {},
            "cumulative_cardinality": 44664398,
            "operator_type": "STREAMING_LIMIT",
            "operator_cardinality": 50,
            "cumulative_rows_scanned": 19227794,
            "operator_rows_scanned": 0,
            "operator_timing": 0.000002916,
            "result_set_size": 5800,
            "children": [
                {
                    "operator_name": "ORDER_BY",
                    "cpu_time": 2.732622153999999,
                    "extra_info": {
                        "Order By": [
                            "CombinedStats.TotalPosts DESC",
                            "CombinedStats.PositiveScoredPosts DESC"
                        ]
                    },
                    "cumulative_cardinality": 44664348,
                    "operator_type": "ORDER_BY",
                    "operator_cardinality": 4096,
                    "cumulative_rows_scanned": 19227794,
                    "operator_rows_scanned": 0,
                    "operator_timing": 0.002995473,
                    "result_set_size": 475136,
                    "children": [
                        {
                            "operator_name": "PROJECTION",
                            "cpu_time": 2.729626680999999,
                            "extra_info": {
                                "Projections": [
                                    "UserId",
                                    "displayname",
                                    "TotalPosts",
                                    "TotalAnswers",
                                    "TotalQuestions",
                                    "PositiveScoredPosts",
                                    "PostsWithHighViews",
                                    "BadgeCount",
                                    "HistoryCount",
                                    "LastEditDate"
                                ],
                                "Estimated Cardinality": "5897622"
                            },
                            "cumulative_cardinality": 44660252,
                            "operator_type": "PROJECTION",
                            "operator_cardinality": 36838,
                            "cumulative_rows_scanned": 19227794,
                            "operator_rows_scanned": 0,
                            "operator_timing": 0.0011967810000000005,
                            "result_set_size": 4273208,
                            "children": [
                                {
                                    "operator_name": "HASH_JOIN",
                                    "cpu_time": 2.728429899999999,
                                    "extra_info": {
                                        "Join Type": "RIGHT",
                                        "Conditions": "userid = UserId",
                                        "Estimated Cardinality": "5897622"
                                    },
                                    "cumulative_cardinality": 44623414,
                                    "operator_type": "HASH_JOIN",
                                    "operator_cardinality": 36838,
                                    "cumulative_rows_scanned": 19227794,
                                    "operator_rows_scanned": 0,
                                    "operator_timing": 0.010310009000000004,
                                    "result_set_size": 4273208,
                                    "children": [
                                        {
                                            "operator_name": "HASH_GROUP_BY",
                                            "cpu_time": 0.4845692859999998,
                                            "extra_info": {
                                                "Groups": "#0",
                                                "Aggregates": [
                                                    "count_star()",
                                                    "max(#1)"
                                                ],
                                                "Estimated Cardinality": "5897622"
                                            },
                                            "cumulative_cardinality": 23964605,
                                            "operator_type": "HASH_GROUP_BY",
                                            "operator_cardinality": 374117,
                                            "cumulative_rows_scanned": 11795244,
                                            "operator_rows_scanned": 0,
                                            "operator_timing": 0.2528684099999995,
                                            "result_set_size": 7482340,
                                            "children": [
                                                {
                                                    "operator_name": "PROJECTION",
                                                    "cpu_time": 0.23170087600000036,
                                                    "extra_info": {
                                                        "Projections": [
                                                            "userid",
                                                            "creationdate"
                                                        ],
                                                        "Estimated Cardinality": "11795244"
                                                    },
                                                    "cumulative_cardinality": 23590488,
                                                    "operator_type": "PROJECTION",
                                                    "operator_cardinality": 11795244,
                                                    "cumulative_rows_scanned": 11795244,
                                                    "operator_rows_scanned": 0,
                                                    "operator_timing": 0.0008678420000000017,
                                                    "result_set_size": 141542928,
                                                    "children": [
                                                        {
                                                            "operator_name": "READ_PARQUET ",
                                                            "cpu_time": 0.23083303400000035,
                                                            "extra_info": {
                                                                "Function": "READ_PARQUET",
                                                                "Projections": [
                                                                    "creationdate",
                                                                    "userid"
                                                                ],
                                                                "Estimated Cardinality": "11795244"
                                                            },
                                                            "cumulative_cardinality": 11795244,
                                                            "operator_type": "TABLE_SCAN",
                                                            "operator_cardinality": 11795244,
                                                            "cumulative_rows_scanned": 11795244,
                                                            "operator_rows_scanned": 11795244,
                                                            "operator_timing": 0.23083303400000035,
                                                            "result_set_size": 141542928,
                                                            "children": []
                                                        }
                                                    ]
                                                }
                                            ]
                                        },
                                        {
                                            "operator_name": "HASH_JOIN",
                                            "cpu_time": 2.2335506049999996,
                                            "extra_info": {
                                                "Join Type": "RIGHT",
                                                "Conditions": "userid = UserId",
                                                "Estimated Cardinality": "1160862"
                                            },
                                            "cumulative_cardinality": 20621971,
                                            "operator_type": "HASH_JOIN",
                                            "operator_cardinality": 36838,
                                            "cumulative_rows_scanned": 7432550,
                                            "operator_rows_scanned": 0,
                                            "operator_timing": 0.012465721,
                                            "result_set_size": 3683800,
                                            "children": [
                                                {
                                                    "operator_name": "HASH_GROUP_BY",
                                                    "cpu_time": 0.07661243600000009,
                                                    "extra_info": {
                                                        "Groups": "#0",
                                                        "Aggregates": "count_star()",
                                                        "Estimated Cardinality": "1160862"
                                                    },
                                                    "cumulative_cardinality": 5192469,
                                                    "operator_type": "HASH_GROUP_BY",
                                                    "operator_cardinality": 549021,
                                                    "cumulative_rows_scanned": 2321724,
                                                    "operator_rows_scanned": 0,
                                                    "operator_timing": 0.0628858700000001,
                                                    "result_set_size": 6588252,
                                                    "children": [
                                                        {
                                                            "operator_name": "PROJECTION",
                                                            "cpu_time": 0.013726565999999996,
                                                            "extra_info": {
                                                                "Projections": "userid",
                                                                "Estimated Cardinality": "2321724"
                                                            },
                                                            "cumulative_cardinality": 4643448,
                                                            "operator_type": "PROJECTION",
                                                            "operator_cardinality": 2321724,
                                                            "cumulative_rows_scanned": 2321724,
                                                            "operator_rows_scanned": 0,
                                                            "operator_timing": 0.00017461099999999932,
                                                            "result_set_size": 9286896,
                                                            "children": [
                                                                {
                                                                    "operator_name": "READ_PARQUET ",
                                                                    "cpu_time": 0.013551954999999996,
                                                                    "extra_info": {
                                                                        "Function": "READ_PARQUET",
                                                                        "Projections": "userid",
                                                                        "Estimated Cardinality": "2321724"
                                                                    },
                                                                    "cumulative_cardinality": 2321724,
                                                                    "operator_type": "TABLE_SCAN",
                                                                    "operator_cardinality": 2321724,
                                                                    "cumulative_rows_scanned": 2321724,
                                                                    "operator_rows_scanned": 2321724,
                                                                    "operator_timing": 0.013551954999999996,
                                                                    "result_set_size": 9286896,
                                                                    "children": []
                                                                }
                                                            ]
                                                        }
                                                    ]
                                                },
                                                {
                                                    "operator_name": "FILTER",
                                                    "cpu_time": 2.1444724479999997,
                                                    "extra_info": {
                                                        "Expression": "(TotalPosts > 10)",
                                                        "Estimated Cardinality": "252142"
                                                    },
                                                    "cumulative_cardinality": 15392664,
                                                    "operator_type": "FILTER",
                                                    "operator_cardinality": 36838,
                                                    "cumulative_rows_scanned": 5110826,
                                                    "operator_rows_scanned": 0,
                                                    "operator_timing": 0.0023421889999999967,
                                                    "result_set_size": 3389096,
                                                    "children": [
                                                        {
                                                            "operator_name": "HASH_GROUP_BY",
                                                            "cpu_time": 2.1421302589999995,
                                                            "extra_info": {
                                                                "Groups": [
                                                                    "#0",
                                                                    "#1"
                                                                ],
                                                                "Aggregates": [
                                                                    "count(DISTINCT #2)",
                                                                    "sum(#3)",
                                                                    "sum(#4)",
                                                                    "sum(#5)",
                                                                    "sum(#6)"
                                                                ],
                                                                "Estimated Cardinality": "1260710"
                                                            },
                                                            "cumulative_cardinality": 15355826,
                                                            "operator_type": "HASH_GROUP_BY",
                                                            "operator_cardinality": 1260710,
                                                            "cumulative_rows_scanned": 5110826,
                                                            "operator_rows_scanned": 0,
                                                            "operator_timing": 1.5161979999999988,
                                                            "result_set_size": 115985320,
                                                            "children": [
                                                                {
                                                                    "operator_name": "PROJECTION",
                                                                    "cpu_time": 0.6259322590000007,
                                                                    "extra_info": {
                                                                        "Projections": [
                                                                            "id",
                                                                            "displayname",
                                                                            "id",
                                                                            "CASE  WHEN ((posttypeid = 2)) THEN (1) ELSE 0 END",
                                                                            "CASE  WHEN ((posttypeid = 1)) THEN (1) ELSE 0 END",
                                                                            "CASE  WHEN ((score > 0)) THEN (1) ELSE 0 END",
                                                                            "CASE  WHEN ((viewcount > 1000)) THEN (1) ELSE 0 END"
                                                                        ],
                                                                        "Estimated Cardinality": "3850116"
                                                                    },
                                                                    "cumulative_cardinality": 14095116,
                                                                    "operator_type": "PROJECTION",
                                                                    "operator_cardinality": 4574495,
                                                                    "cumulative_rows_scanned": 5110826,
                                                                    "operator_rows_scanned": 0,
                                                                    "operator_timing": 0.098280953,
                                                                    "result_set_size": 182979800,
                                                                    "children": [
                                                                        {
                                                                            "operator_name": "HASH_JOIN",
                                                                            "cpu_time": 0.5276513060000008,
                                                                            "extra_info": {
                                                                                "Join Type": "RIGHT",
                                                                                "Conditions": "owneruserid = id",
                                                                                "Estimated Cardinality": "3850116"
                                                                            },
                                                                            "cumulative_cardinality": 9520621,
                                                                            "operator_type": "HASH_JOIN",
                                                                            "operator_cardinality": 4574495,
                                                                            "cumulative_rows_scanned": 5110826,
                                                                            "operator_rows_scanned": 0,
                                                                            "operator_timing": 0.2785049140000005,
                                                                            "result_set_size": 155532830,
                                                                            "children": [
                                                                                {
                                                                                    "operator_name": "READ_PARQUET ",
                                                                                    "cpu_time": 0.17031777000000034,
                                                                                    "extra_info": {
                                                                                        "Function": "READ_PARQUET",
                                                                                        "Projections": [
                                                                                            "id",
                                                                                            "posttypeid",
                                                                                            "score",
                                                                                            "viewcount",
                                                                                            "owneruserid"
                                                                                        ],
                                                                                        "Estimated Cardinality": "3850116"
                                                                                    },
                                                                                    "cumulative_cardinality": 3685416,
                                                                                    "operator_type": "TABLE_SCAN",
                                                                                    "operator_cardinality": 3685416,
                                                                                    "cumulative_rows_scanned": 3850116,
                                                                                    "operator_rows_scanned": 3850116,
                                                                                    "operator_timing": 0.17031777000000034,
                                                                                    "result_set_size": 66337488,
                                                                                    "children": []
                                                                                },
                                                                                {
                                                                                    "operator_name": "READ_PARQUET ",
                                                                                    "cpu_time": 0.078828622,
                                                                                    "extra_info": {
                                                                                        "Function": "READ_PARQUET",
                                                                                        "Projections": [
                                                                                            "id",
                                                                                            "displayname"
                                                                                        ],
                                                                                        "Estimated Cardinality": "1260710"
                                                                                    },
                                                                                    "cumulative_cardinality": 1260710,
                                                                                    "operator_type": "TABLE_SCAN",
                                                                                    "operator_cardinality": 1260710,
                                                                                    "cumulative_rows_scanned": 1260710,
                                                                                    "operator_rows_scanned": 1260710,
                                                                                    "operator_timing": 0.078828622,
                                                                                    "result_set_size": 25214200,
                                                                                    "children": []
                                                                                }
                                                                            ]
                                                                        }
                                                                    ]
                                                                }
                                                            ]
                                                        }
                                                    ]
                                                }
                                            ]
                                        }
                                    ]
                                }
                            ]
                        }
                    ]
                }
            ]
        }
    ]
}