{
    "rows_returned": 0,
    "query_name": "\nWITH UserVoteSummary AS (\n    SELECT \n        u.Id AS UserId,\n        u.DisplayName,\n        COUNT(CASE WHEN v.VoteTypeId = 2 THEN 1 END) AS UpVotes,\n        COUNT(CASE WHEN v.VoteTypeId = 3 THEN 1 END) AS DownVotes,\n        SUM(CASE WHEN v.VoteTypeId IN (2, 3) THEN 1 ELSE 0 END) AS TotalVotes,\n        SUM(CASE WHEN v.VoteTypeId = 2 THEN 1 ELSE 0 END) - SUM(CASE WHEN v.VoteTypeId = 3 THEN 1 ELSE 0 END) AS NetVotes\n    FROM Users u\n    LEFT JOIN Votes v ON u.Id = v.UserId\n    GROUP BY u.Id, u.DisplayName\n), \nPostStatistics AS (\n    SELECT \n        p.Id AS PostId,\n        p.Title,\n        p.OwnerUserId,\n        COUNT(c.Id) AS CommentCount,\n        COUNT(DISTINCT ph.UserId) AS EditCount,\n        MAX(ph.CreationDate) AS LastEdited,\n        SUM(CASE WHEN v.VoteTypeId = 2 THEN 1 ELSE 0 END) AS TotalUpVotes,\n        SUM(CASE WHEN v.VoteTypeId = 3 THEN 1 ELSE 0 END) AS TotalDownVotes\n    FROM Posts p\n    LEFT JOIN Comments c ON p.Id = c.PostId\n    LEFT JOIN PostHistory ph ON p.Id = ph.PostId\n    LEFT JOIN Votes v ON p.Id = v.PostId\n    WHERE p.CreationDate >= '2023-01-01'\n    GROUP BY p.Id, p.Title, p.OwnerUserId\n),\nUserPostSummary AS (\n    SELECT \n        u.Id AS UserId,\n        u.DisplayName,\n        ps.PostId,\n        ps.Title,\n        ps.CommentCount,\n        ps.EditCount,\n        ps.LastEdited,\n        ps.TotalUpVotes,\n        ps.TotalDownVotes,\n        uvs.NetVotes AS UserNetVotes\n    FROM Users u\n    JOIN PostStatistics ps ON u.Id = ps.OwnerUserId\n    JOIN UserVoteSummary uvs ON u.Id = uvs.UserId\n)\nSELECT \n    ups.UserId,\n    ups.DisplayName,\n    ups.PostId,\n    ups.Title,\n    ups.CommentCount,\n    ups.EditCount,\n    ups.LastEdited,\n    ups.TotalUpVotes,\n    ups.TotalDownVotes,\n    ups.UserNetVotes\nFROM UserPostSummary ups\nWHERE ups.UserNetVotes > 0\nORDER BY ups.UserNetVotes DESC, ups.TotalUpVotes DESC;\n",
    "blocked_thread_time": 0.0,
    "cpu_time": 2.9013492639999945,
    "extra_info": {},
    "cumulative_cardinality": 62701760,
    "cumulative_rows_scanned": 50896788,
    "result_set_size": 0,
    "latency": 3.428583336,
    "children": [
        {
            "operator_name": "ORDER_BY",
            "cpu_time": 2.9013492639999945,
            "extra_info": {
                "Order By": [
                    "ups.UserNetVotes DESC",
                    "ups.TotalUpVotes DESC"
                ]
            },
            "cumulative_cardinality": 62701760,
            "operator_type": "ORDER_BY",
            "operator_cardinality": 0,
            "cumulative_rows_scanned": 50896788,
            "operator_rows_scanned": 0,
            "operator_timing": 6.82e-7,
            "result_set_size": 0,
            "children": [
                {
                    "operator_name": "PROJECTION",
                    "cpu_time": 2.9013485819999945,
                    "extra_info": {
                        "Projections": [
                            "UserId",
                            "displayname",
                            "PostId",
                            "title",
                            "CommentCount",
                            "EditCount",
                            "LastEdited",
                            "TotalUpVotes",
                            "TotalDownVotes",
                            "UserNetVotes"
                        ],
                        "Estimated Cardinality": "770023"
                    },
                    "cumulative_cardinality": 62701760,
                    "operator_type": "PROJECTION",
                    "operator_cardinality": 0,
                    "cumulative_rows_scanned": 50896788,
                    "operator_rows_scanned": 0,
                    "operator_timing": 0.0,
                    "result_set_size": 0,
                    "children": [
                        {
                            "operator_name": "HASH_JOIN",
                            "cpu_time": 2.9013485819999945,
                            "extra_info": {
                                "Join Type": "INNER",
                                "Conditions": "owneruserid = id",
                                "Estimated Cardinality": "770023"
                            },
                            "cumulative_cardinality": 62701760,
                            "operator_type": "HASH_JOIN",
                            "operator_cardinality": 0,
                            "cumulative_rows_scanned": 50896788,
                            "operator_rows_scanned": 0,
                            "operator_timing": 0.00009168200000000001,
                            "result_set_size": 0,
                            "children": [
                                {
                                    "operator_name": "HASH_GROUP_BY",
                                    "cpu_time": 2.2675898769999954,
                                    "extra_info": {
                                        "Groups": [
                                            "#0",
                                            "#1",
                                            "#2"
                                        ],
                                        "Aggregates": [
                                            "count(#3)",
                                            "count(DISTINCT #4)",
                                            "max(#5)",
                                            "sum(#6)",
                                            "sum(#7)"
                                        ],
                                        "Estimated Cardinality": "3850116"
                                    },
                                    "cumulative_cardinality": 57560295,
                                    "operator_type": "HASH_GROUP_BY",
                                    "operator_cardinality": 2048,
                                    "cumulative_rows_scanned": 35631275,
                                    "operator_rows_scanned": 0,
                                    "operator_timing": 1.090757308999996,
                                    "result_set_size": 163840,
                                    "children": [
                                        {
                                            "operator_name": "PROJECTION",
                                            "cpu_time": 1.1768325679999996,
                                            "extra_info": {
                                                "Projections": [
                                                    "id",
                                                    "title",
                                                    "owneruserid",
                                                    "id",
                                                    "userid",
                                                    "creationdate",
                                                    "CASE  WHEN ((votetypeid = 2)) THEN (1) ELSE 0 END",
                                                    "CASE  WHEN ((votetypeid = 3)) THEN (1) ELSE 0 END"
                                                ],
                                                "Estimated Cardinality": "12744093"
                                            },
                                            "cumulative_cardinality": 57558247,
                                            "operator_type": "PROJECTION",
                                            "operator_cardinality": 8985463,
                                            "cumulative_rows_scanned": 35631275,
                                            "operator_rows_scanned": 0,
                                            "operator_timing": 0.04056518800000009,
                                            "result_set_size": 431302224,
                                            "children": [
                                                {
                                                    "operator_name": "PROJECTION",
                                                    "cpu_time": 1.1362673799999994,
                                                    "extra_info": {
                                                        "Projections": [
                                                            "#0",
                                                            "#1",
                                                            "#2",
                                                            "#3",
                                                            "#4",
                                                            "#5",
                                                            "__internal_decompress_integral_smallint(#6, 1)"
                                                        ],
                                                        "Estimated Cardinality": "12744093"
                                                    },
                                                    "cumulative_cardinality": 48572784,
                                                    "operator_type": "PROJECTION",
                                                    "operator_cardinality": 8985463,
                                                    "cumulative_rows_scanned": 35631275,
                                                    "operator_rows_scanned": 0,
                                                    "operator_timing": 0.006128588000000017,
                                                    "result_set_size": 377389446,
                                                    "children": [
                                                        {
                                                            "operator_name": "HASH_JOIN",
                                                            "cpu_time": 1.1301387919999994,
                                                            "extra_info": {
                                                                "Join Type": "LEFT",
                                                                "Conditions": "id = postid",
                                                                "Estimated Cardinality": "12744093"
                                                            },
                                                            "cumulative_cardinality": 39587321,
                                                            "operator_type": "HASH_JOIN",
                                                            "operator_cardinality": 8985463,
                                                            "cumulative_rows_scanned": 35631275,
                                                            "operator_rows_scanned": 0,
                                                            "operator_timing": 0.6834123359999998,
                                                            "result_set_size": 368403983,
                                                            "children": [
                                                                {
                                                                    "operator_name": "HASH_JOIN",
                                                                    "cpu_time": 0.31247781699999994,
                                                                    "extra_info": {
                                                                        "Join Type": "RIGHT",
                                                                        "Conditions": "postid = id",
                                                                        "Estimated Cardinality": "11795244"
                                                                    },
                                                                    "cumulative_cardinality": 5113672,
                                                                    "operator_type": "HASH_JOIN",
                                                                    "operator_cardinality": 2758036,
                                                                    "cumulative_rows_scanned": 22887182,
                                                                    "operator_rows_scanned": 0,
                                                                    "operator_timing": 0.14434655299999993,
                                                                    "result_set_size": 110321440,
                                                                    "children": [
                                                                        {
                                                                            "operator_name": "READ_PARQUET ",
                                                                            "cpu_time": 0.04619197199999999,
                                                                            "extra_info": {
                                                                                "Function": "READ_PARQUET",
                                                                                "Projections": [
                                                                                    "postid",
                                                                                    "creationdate",
                                                                                    "userid"
                                                                                ],
                                                                                "Estimated Cardinality": "11795244"
                                                                            },
                                                                            "cumulative_cardinality": 890513,
                                                                            "operator_type": "TABLE_SCAN",
                                                                            "operator_cardinality": 890513,
                                                                            "cumulative_rows_scanned": 11795244,
                                                                            "operator_rows_scanned": 11795244,
                                                                            "operator_timing": 0.04619197199999999,
                                                                            "result_set_size": 14248208,
                                                                            "children": []
                                                                        },
                                                                        {
                                                                            "operator_name": "HASH_JOIN",
                                                                            "cpu_time": 0.121939292,
                                                                            "extra_info": {
                                                                                "Join Type": "RIGHT",
                                                                                "Conditions": "postid = id",
                                                                                "Estimated Cardinality": "7241822"
                                                                            },
                                                                            "cumulative_cardinality": 1465123,
                                                                            "operator_type": "HASH_JOIN",
                                                                            "operator_cardinality": 654953,
                                                                            "cumulative_rows_scanned": 11091938,
                                                                            "operator_rows_scanned": 0,
                                                                            "operator_timing": 0.03934038400000002,
                                                                            "result_set_size": 18338684,
                                                                            "children": [
                                                                                {
                                                                                    "operator_name": "READ_PARQUET ",
                                                                                    "cpu_time": 0.013819511,
                                                                                    "extra_info": {
                                                                                        "Function": "READ_PARQUET",
                                                                                        "Projections": [
                                                                                            "id",
                                                                                            "postid"
                                                                                        ],
                                                                                        "Estimated Cardinality": "7241822"
                                                                                    },
                                                                                    "cumulative_cardinality": 544915,
                                                                                    "operator_type": "TABLE_SCAN",
                                                                                    "operator_cardinality": 544915,
                                                                                    "cumulative_rows_scanned": 7241822,
                                                                                    "operator_rows_scanned": 7241822,
                                                                                    "operator_timing": 0.013819511,
                                                                                    "result_set_size": 4359320,
                                                                                    "children": []
                                                                                },
                                                                                {
                                                                                    "operator_name": "READ_PARQUET ",
                                                                                    "cpu_time": 0.06877939699999999,
                                                                                    "extra_info": {
                                                                                        "Function": "READ_PARQUET",
                                                                                        "Projections": [
                                                                                            "id",
                                                                                            "owneruserid",
                                                                                            "title"
                                                                                        ],
                                                                                        "Filters": "creationdate>='2023-01-01 00:00:00'::TIMESTAMP",
                                                                                        "Estimated Cardinality": "770023"
                                                                                    },
                                                                                    "cumulative_cardinality": 265255,
                                                                                    "operator_type": "TABLE_SCAN",
                                                                                    "operator_cardinality": 265255,
                                                                                    "cumulative_rows_scanned": 3850116,
                                                                                    "operator_rows_scanned": 3850116,
                                                                                    "operator_timing": 0.06877939699999999,
                                                                                    "result_set_size": 6366120,
                                                                                    "children": []
                                                                                }
                                                                            ]
                                                                        }
                                                                    ]
                                                                },
                                                                {
                                                                    "operator_name": "PROJECTION",
                                                                    "cpu_time": 0.13424863899999984,
                                                                    "extra_info": {
                                                                        "Projections": [
                                                                            "#0",
                                                                            "__internal_compress_integral_utinyint(#1, 1)"
                                                                        ],
                                                                        "Estimated Cardinality": "12744093"
                                                                    },
                                                                    "cumulative_cardinality": 25488186,
                                                                    "operator_type": "PROJECTION",
                                                                    "operator_cardinality": 12744093,
                                                                    "cumulative_rows_scanned": 12744093,
                                                                    "operator_rows_scanned": 0,
                                                                    "operator_timing": 0.0033870269999999765,
                                                                    "result_set_size": 63720465,
                                                                    "children": [
                                                                        {
                                                                            "operator_name": "READ_PARQUET ",
                                                                            "cpu_time": 0.13086161199999985,
                                                                            "extra_info": {
                                                                                "Function": "READ_PARQUET",
                                                                                "Projections": [
                                                                                    "postid",
                                                                                    "votetypeid"
                                                                                ],
                                                                                "Estimated Cardinality": "12744093"
                                                                            },
                                                                            "cumulative_cardinality": 12744093,
                                                                            "operator_type": "TABLE_SCAN",
                                                                            "operator_cardinality": 12744093,
                                                                            "cumulative_rows_scanned": 12744093,
                                                                            "operator_rows_scanned": 12744093,
                                                                            "operator_timing": 0.13086161199999985,
                                                                            "result_set_size": 76464558,
                                                                            "children": []
                                                                        }
                                                                    ]
                                                                }
                                                            ]
                                                        }
                                                    ]
                                                }
                                            ]
                                        }
                                    ]
                                },
                                {
                                    "operator_name": "FILTER",
                                    "cpu_time": 0.6336670229999992,
                                    "extra_info": {
                                        "Expression": "(id <= 1416539)",
                                        "Estimated Cardinality": "252142"
                                    },
                                    "cumulative_cardinality": 5141465,
                                    "operator_type": "FILTER",
                                    "operator_cardinality": 0,
                                    "cumulative_rows_scanned": 15265513,
                                    "operator_rows_scanned": 0,
                                    "operator_timing": 1.1e-7,
                                    "result_set_size": 0,
                                    "children": [
                                        {
                                            "operator_name": "HASH_JOIN",
                                            "cpu_time": 0.6336669129999992,
                                            "extra_info": {
                                                "Join Type": "INNER",
                                                "Conditions": "id = UserId",
                                                "Estimated Cardinality": "252142"
                                            },
                                            "cumulative_cardinality": 5141465,
                                            "operator_type": "HASH_JOIN",
                                            "operator_cardinality": 0,
                                            "cumulative_rows_scanned": 15265513,
                                            "operator_rows_scanned": 0,
                                            "operator_timing": 0.000023734,
                                            "result_set_size": 0,
                                            "children": [
                                                {
                                                    "operator_name": "READ_PARQUET ",
                                                    "cpu_time": 0.006067556,
                                                    "extra_info": {
                                                        "Function": "READ_PARQUET",
                                                        "Projections": [
                                                            "id",
                                                            "displayname"
                                                        ],
                                                        "Estimated Cardinality": "1260710"
                                                    },
                                                    "cumulative_cardinality": 2048,
                                                    "operator_type": "TABLE_SCAN",
                                                    "operator_cardinality": 2048,
                                                    "cumulative_rows_scanned": 1260710,
                                                    "operator_rows_scanned": 1260710,
                                                    "operator_timing": 0.006067556,
                                                    "result_set_size": 40960,
                                                    "children": []
                                                },
                                                {
                                                    "operator_name": "PROJECTION",
                                                    "cpu_time": 0.6275756229999992,
                                                    "extra_info": {
                                                        "Projections": [
                                                            "UserId",
                                                            "NetVotes"
                                                        ],
                                                        "Estimated Cardinality": "252142"
                                                    },
                                                    "cumulative_cardinality": 5139417,
                                                    "operator_type": "PROJECTION",
                                                    "operator_cardinality": 0,
                                                    "cumulative_rows_scanned": 14004803,
                                                    "operator_rows_scanned": 0,
                                                    "operator_timing": 0.0,
                                                    "result_set_size": 0,
                                                    "children": [
                                                        {
                                                            "operator_name": "PROJECTION",
                                                            "cpu_time": 0.6275756229999992,
                                                            "extra_info": {
                                                                "Projections": [
                                                                    "#0",
                                                                    "#2",
                                                                    "#3"
                                                                ],
                                                                "Estimated Cardinality": "252142"
                                                            },
                                                            "cumulative_cardinality": 5139417,
                                                            "operator_type": "PROJECTION",
                                                            "operator_cardinality": 0,
                                                            "cumulative_rows_scanned": 14004803,
                                                            "operator_rows_scanned": 0,
                                                            "operator_timing": 0.0,
                                                            "result_set_size": 0,
                                                            "children": [
                                                                {
                                                                    "operator_name": "FILTER",
                                                                    "cpu_time": 0.6275756229999992,
                                                                    "extra_info": {
                                                                        "Expression": "((sum(CASE  WHEN ((votetypeid = CAST(2 AS SMALLINT))) THEN (CAST(1 AS INTEGER)) ELSE CAST(0 AS INTEGER) END) - sum(CASE  WHEN ((votetypeid = CAST(3 AS SMALLINT))) THEN (CAST(1 AS INTEGER)) ELSE CAST(0 AS INTEGER) END)) > 0)",
                                                                        "Estimated Cardinality": "252142"
                                                                    },
                                                                    "cumulative_cardinality": 5139417,
                                                                    "operator_type": "FILTER",
                                                                    "operator_cardinality": 0,
                                                                    "cumulative_rows_scanned": 14004803,
                                                                    "operator_rows_scanned": 0,
                                                                    "operator_timing": 0.008531062999999983,
                                                                    "result_set_size": 0,
                                                                    "children": [
                                                                        {
                                                                            "operator_name": "HASH_GROUP_BY",
                                                                            "cpu_time": 0.6190445599999993,
                                                                            "extra_info": {
                                                                                "Groups": [
                                                                                    "#0",
                                                                                    "#1"
                                                                                ],
                                                                                "Aggregates": [
                                                                                    "sum(#2)",
                                                                                    "sum(#3)"
                                                                                ],
                                                                                "Estimated Cardinality": "1260710"
                                                                            },
                                                                            "cumulative_cardinality": 5139417,
                                                                            "operator_type": "HASH_GROUP_BY",
                                                                            "operator_cardinality": 1260710,
                                                                            "cumulative_rows_scanned": 14004803,
                                                                            "operator_rows_scanned": 0,
                                                                            "operator_timing": 0.2920004370000001,
                                                                            "result_set_size": 65556920,
                                                                            "children": [
                                                                                {
                                                                                    "operator_name": "PROJECTION",
                                                                                    "cpu_time": 0.3270441229999992,
                                                                                    "extra_info": {
                                                                                        "Projections": [
                                                                                            "id",
                                                                                            "displayname",
                                                                                            "CASE  WHEN ((votetypeid = 2)) THEN (1) ELSE 0 END",
                                                                                            "CASE  WHEN ((votetypeid = 3)) THEN (1) ELSE 0 END"
                                                                                        ],
                                                                                        "Estimated Cardinality": "12744093"
                                                                                    },
                                                                                    "cumulative_cardinality": 3878707,
                                                                                    "operator_type": "PROJECTION",
                                                                                    "operator_cardinality": 1288855,
                                                                                    "cumulative_rows_scanned": 14004803,
                                                                                    "operator_rows_scanned": 0,
                                                                                    "operator_timing": 0.0023912210000000002,
                                                                                    "result_set_size": 36087940,
                                                                                    "children": [
                                                                                        {
                                                                                            "operator_name": "HASH_JOIN",
                                                                                            "cpu_time": 0.3246529019999992,
                                                                                            "extra_info": {
                                                                                                "Join Type": "RIGHT",
                                                                                                "Conditions": "userid = id",
                                                                                                "Estimated Cardinality": "12744093"
                                                                                            },
                                                                                            "cumulative_cardinality": 2589852,
                                                                                            "operator_type": "HASH_JOIN",
                                                                                            "operator_cardinality": 1288855,
                                                                                            "cumulative_rows_scanned": 14004803,
                                                                                            "operator_rows_scanned": 0,
                                                                                            "operator_timing": 0.10916122799999971,
                                                                                            "result_set_size": 28354810,
                                                                                            "children": [
                                                                                                {
                                                                                                    "operator_name": "READ_PARQUET ",
                                                                                                    "cpu_time": 0.13737827699999958,
                                                                                                    "extra_info": {
                                                                                                        "Function": "READ_PARQUET",
                                                                                                        "Projections": [
                                                                                                            "votetypeid",
                                                                                                            "userid"
                                                                                                        ],
                                                                                                        "Estimated Cardinality": "12744093"
                                                                                                    },
                                                                                                    "cumulative_cardinality": 40287,
                                                                                                    "operator_type": "TABLE_SCAN",
                                                                                                    "operator_cardinality": 40287,
                                                                                                    "cumulative_rows_scanned": 12744093,
                                                                                                    "operator_rows_scanned": 12744093,
                                                                                                    "operator_timing": 0.13737827699999958,
                                                                                                    "result_set_size": 241722,
                                                                                                    "children": []
                                                                                                },
                                                                                                {
                                                                                                    "operator_name": "READ_PARQUET ",
                                                                                                    "cpu_time": 0.07811339699999992,
                                                                                                    "extra_info": {
                                                                                                        "Function": "READ_PARQUET",
                                                                                                        "Projections": [
                                                                                                            "id",
                                                                                                            "displayname"
                                                                                                        ],
                                                                                                        "Estimated Cardinality": "1260710"
                                                                                                    },
                                                                                                    "cumulative_cardinality": 1260710,
                                                                                                    "operator_type": "TABLE_SCAN",
                                                                                                    "operator_cardinality": 1260710,
                                                                                                    "cumulative_rows_scanned": 1260710,
                                                                                                    "operator_rows_scanned": 1260710,
                                                                                                    "operator_timing": 0.07811339699999992,
                                                                                                    "result_set_size": 25214200,
                                                                                                    "children": []
                                                                                                }
                                                                                            ]
                                                                                        }
                                                                                    ]
                                                                                }
                                                                            ]
                                                                        }
                                                                    ]
                                                                }
                                                            ]
                                                        }
                                                    ]
                                                }
                                            ]
                                        }
                                    ]
                                }
                            ]
                        }
                    ]
                }
            ]
        }
    ]
}