{
    "rows_returned": 10,
    "query_name": "WITH UserBadges AS (\n    SELECT \n        u.Id AS UserId,\n        COUNT(b.Id) AS BadgeCount,\n        SUM(CASE WHEN b.Class = 1 THEN 1 ELSE 0 END) AS GoldBadges,\n        SUM(CASE WHEN b.Class = 2 THEN 1 ELSE 0 END) AS SilverBadges,\n        SUM(CASE WHEN b.Class = 3 THEN 1 ELSE 0 END) AS BronzeBadges\n    FROM \n        Users u\n    LEFT JOIN \n        Badges b ON u.Id = b.UserId\n    GROUP BY \n        u.Id\n),\nPostStats AS (\n    SELECT \n        p.OwnerUserId,\n        COUNT(p.Id) AS PostCount,\n        SUM(CASE WHEN p.PostTypeId = 1 THEN 1 ELSE 0 END) AS QuestionCount,\n        SUM(CASE WHEN p.PostTypeId = 2 THEN 1 ELSE 0 END) AS AnswerCount,\n        SUM(p.Score) AS TotalScore\n    FROM \n        Posts p\n    WHERE \n        p.CreationDate >= cast('2024-10-01 12:34:56' as timestamp) - INTERVAL '1 year'\n    GROUP BY \n        p.OwnerUserId\n),\nUserPerformance AS (\n    SELECT \n        u.Id AS UserId,\n        u.DisplayName,\n        ub.BadgeCount,\n        ub.GoldBadges,\n        ub.SilverBadges,\n        ub.BronzeBadges,\n        ps.PostCount,\n        ps.QuestionCount,\n        ps.AnswerCount,\n        ps.TotalScore,\n        COALESCE(ub.BadgeCount, 0) + COALESCE(ps.TotalScore, 0) AS PerformanceScore\n    FROM \n        Users u\n    LEFT JOIN \n        UserBadges ub ON u.Id = ub.UserId\n    LEFT JOIN \n        PostStats ps ON u.Id = ps.OwnerUserId\n)\nSELECT \n    UserId,\n    DisplayName,\n    BadgeCount,\n    GoldBadges,\n    SilverBadges,\n    BronzeBadges,\n    PostCount,\n    QuestionCount,\n    AnswerCount,\n    TotalScore,\n    PerformanceScore\nFROM \n    UserPerformance\nWHERE \n    PerformanceScore > 10\nORDER BY \n    PerformanceScore DESC\nLIMIT 10;",
    "blocked_thread_time": 0.0,
    "cpu_time": 1.026876947999999,
    "extra_info": {},
    "cumulative_cardinality": 15098813,
    "cumulative_rows_scanned": 8693260,
    "result_set_size": 1480,
    "latency": 1.117177959,
    "children": [
        {
            "operator_name": "STREAMING_LIMIT",
            "cpu_time": 1.026876947999999,
            "extra_info": {},
            "cumulative_cardinality": 15098813,
            "operator_type": "STREAMING_LIMIT",
            "operator_cardinality": 10,
            "cumulative_rows_scanned": 8693260,
            "operator_rows_scanned": 0,
            "operator_timing": 0.000004148,
            "result_set_size": 1480,
            "children": [
                {
                    "operator_name": "ORDER_BY",
                    "cpu_time": 1.0268727999999991,
                    "extra_info": {
                        "Order By": "UserPerformance.PerformanceScore DESC"
                    },
                    "cumulative_cardinality": 15098803,
                    "operator_type": "ORDER_BY",
                    "operator_cardinality": 4096,
                    "cumulative_rows_scanned": 8693260,
                    "operator_rows_scanned": 0,
                    "operator_timing": 0.004329888,
                    "result_set_size": 606208,
                    "children": [
                        {
                            "operator_name": "PROJECTION",
                            "cpu_time": 1.0225429119999991,
                            "extra_info": {
                                "Projections": [
                                    "UserId",
                                    "displayname",
                                    "BadgeCount",
                                    "GoldBadges",
                                    "SilverBadges",
                                    "BronzeBadges",
                                    "PostCount",
                                    "QuestionCount",
                                    "AnswerCount",
                                    "TotalScore",
                                    "PerformanceScore"
                                ],
                                "Estimated Cardinality": "252142"
                            },
                            "cumulative_cardinality": 15094707,
                            "operator_type": "PROJECTION",
                            "operator_cardinality": 39535,
                            "cumulative_rows_scanned": 8693260,
                            "operator_rows_scanned": 0,
                            "operator_timing": 0.002920173000000001,
                            "result_set_size": 5851180,
                            "children": [
                                {
                                    "operator_name": "FILTER",
                                    "cpu_time": 1.0196227389999992,
                                    "extra_info": {
                                        "Expression": "((CAST(COALESCE(BadgeCount, 0) AS HUGEINT) + COALESCE(TotalScore, 0)) > 10)",
                                        "Estimated Cardinality": "252142"
                                    },
                                    "cumulative_cardinality": 15055172,
                                    "operator_type": "FILTER",
                                    "operator_cardinality": 39535,
                                    "cumulative_rows_scanned": 8693260,
                                    "operator_rows_scanned": 0,
                                    "operator_timing": 0.04206646799999997,
                                    "result_set_size": 5218620,
                                    "children": [
                                        {
                                            "operator_name": "HASH_JOIN",
                                            "cpu_time": 0.9775562709999993,
                                            "extra_info": {
                                                "Join Type": "LEFT",
                                                "Conditions": "id = owneruserid",
                                                "Estimated Cardinality": "1260710"
                                            },
                                            "cumulative_cardinality": 15015637,
                                            "operator_type": "HASH_JOIN",
                                            "operator_cardinality": 1260710,
                                            "cumulative_rows_scanned": 8693260,
                                            "operator_rows_scanned": 0,
                                            "operator_timing": 0.031450653999999946,
                                            "result_set_size": 166413720,
                                            "children": [
                                                {
                                                    "operator_name": "HASH_JOIN",
                                                    "cpu_time": 0.9129001589999994,
                                                    "extra_info": {
                                                        "Join Type": "RIGHT",
                                                        "Conditions": "UserId = id",
                                                        "Estimated Cardinality": "1260710"
                                                    },
                                                    "cumulative_cardinality": 13431390,
                                                    "operator_type": "HASH_JOIN",
                                                    "operator_cardinality": 1260710,
                                                    "cumulative_rows_scanned": 4843144,
                                                    "operator_rows_scanned": 0,
                                                    "operator_timing": 0.15850977599999994,
                                                    "result_set_size": 95813960,
                                                    "children": [
                                                        {
                                                            "operator_name": "HASH_GROUP_BY",
                                                            "cpu_time": 0.6755905659999994,
                                                            "extra_info": {
                                                                "Groups": "#0",
                                                                "Aggregates": [
                                                                    "count(#1)",
                                                                    "sum(#2)",
                                                                    "sum(#3)",
                                                                    "sum(#4)"
                                                                ],
                                                                "Estimated Cardinality": "1260710"
                                                            },
                                                            "cumulative_cardinality": 10909970,
                                                            "operator_type": "HASH_GROUP_BY",
                                                            "operator_cardinality": 1260710,
                                                            "cumulative_rows_scanned": 3582434,
                                                            "operator_rows_scanned": 0,
                                                            "operator_timing": 0.4024559029999999,
                                                            "result_set_size": 75642600,
                                                            "children": [
                                                                {
                                                                    "operator_name": "PROJECTION",
                                                                    "cpu_time": 0.2731346629999995,
                                                                    "extra_info": {
                                                                        "Projections": [
                                                                            "id",
                                                                            "id",
                                                                            "CASE  WHEN ((class = 1)) THEN (1) ELSE 0 END",
                                                                            "CASE  WHEN ((class = 2)) THEN (1) ELSE 0 END",
                                                                            "CASE  WHEN ((class = 3)) THEN (1) ELSE 0 END"
                                                                        ],
                                                                        "Estimated Cardinality": "2321724"
                                                                    },
                                                                    "cumulative_cardinality": 9649260,
                                                                    "operator_type": "PROJECTION",
                                                                    "operator_cardinality": 3033413,
                                                                    "cumulative_rows_scanned": 3582434,
                                                                    "operator_rows_scanned": 0,
                                                                    "operator_timing": 0.020855643000000014,
                                                                    "result_set_size": 60668260,
                                                                    "children": [
                                                                        {
                                                                            "operator_name": "HASH_JOIN",
                                                                            "cpu_time": 0.25227901999999947,
                                                                            "extra_info": {
                                                                                "Join Type": "RIGHT",
                                                                                "Conditions": "userid = id",
                                                                                "Estimated Cardinality": "2321724"
                                                                            },
                                                                            "cumulative_cardinality": 6615847,
                                                                            "operator_type": "HASH_JOIN",
                                                                            "operator_cardinality": 3033413,
                                                                            "cumulative_rows_scanned": 3582434,
                                                                            "operator_rows_scanned": 0,
                                                                            "operator_timing": 0.18753560999999944,
                                                                            "result_set_size": 30334130,
                                                                            "children": [
                                                                                {
                                                                                    "operator_name": "READ_PARQUET ",
                                                                                    "cpu_time": 0.057252322000000015,
                                                                                    "extra_info": {
                                                                                        "Function": "READ_PARQUET",
                                                                                        "Projections": [
                                                                                            "id",
                                                                                            "userid",
                                                                                            "class"
                                                                                        ],
                                                                                        "Estimated Cardinality": "2321724"
                                                                                    },
                                                                                    "cumulative_cardinality": 2321724,
                                                                                    "operator_type": "TABLE_SCAN",
                                                                                    "operator_cardinality": 2321724,
                                                                                    "cumulative_rows_scanned": 2321724,
                                                                                    "operator_rows_scanned": 2321724,
                                                                                    "operator_timing": 0.057252322000000015,
                                                                                    "result_set_size": 23217240,
                                                                                    "children": []
                                                                                },
                                                                                {
                                                                                    "operator_name": "READ_PARQUET ",
                                                                                    "cpu_time": 0.007491088000000014,
                                                                                    "extra_info": {
                                                                                        "Function": "READ_PARQUET",
                                                                                        "Projections": "id",
                                                                                        "Estimated Cardinality": "1260710"
                                                                                    },
                                                                                    "cumulative_cardinality": 1260710,
                                                                                    "operator_type": "TABLE_SCAN",
                                                                                    "operator_cardinality": 1260710,
                                                                                    "cumulative_rows_scanned": 1260710,
                                                                                    "operator_rows_scanned": 1260710,
                                                                                    "operator_timing": 0.007491088000000014,
                                                                                    "result_set_size": 5042840,
                                                                                    "children": []
                                                                                }
                                                                            ]
                                                                        }
                                                                    ]
                                                                }
                                                            ]
                                                        },
                                                        {
                                                            "operator_name": "READ_PARQUET ",
                                                            "cpu_time": 0.07879981700000002,
                                                            "extra_info": {
                                                                "Function": "READ_PARQUET",
                                                                "Projections": [
                                                                    "id",
                                                                    "displayname"
                                                                ],
                                                                "Estimated Cardinality": "1260710"
                                                            },
                                                            "cumulative_cardinality": 1260710,
                                                            "operator_type": "TABLE_SCAN",
                                                            "operator_cardinality": 1260710,
                                                            "cumulative_rows_scanned": 1260710,
                                                            "operator_rows_scanned": 1260710,
                                                            "operator_timing": 0.07879981700000002,
                                                            "result_set_size": 25214200,
                                                            "children": []
                                                        }
                                                    ]
                                                },
                                                {
                                                    "operator_name": "HASH_GROUP_BY",
                                                    "cpu_time": 0.03320545800000001,
                                                    "extra_info": {
                                                        "Groups": "#0",
                                                        "Aggregates": [
                                                            "count_star()",
                                                            "sum(#1)",
                                                            "sum(#2)",
                                                            "sum(#3)"
                                                        ],
                                                        "Estimated Cardinality": "385011"
                                                    },
                                                    "cumulative_cardinality": 323537,
                                                    "operator_type": "HASH_GROUP_BY",
                                                    "operator_cardinality": 32453,
                                                    "cumulative_rows_scanned": 3850116,
                                                    "operator_rows_scanned": 0,
                                                    "operator_timing": 0.005847828000000001,
                                                    "result_set_size": 1947180,
                                                    "children": [
                                                        {
                                                            "operator_name": "PROJECTION",
                                                            "cpu_time": 0.027357630000000004,
                                                            "extra_info": {
                                                                "Projections": [
                                                                    "owneruserid",
                                                                    "CASE  WHEN ((posttypeid = 1)) THEN (1) ELSE 0 END",
                                                                    "CASE  WHEN ((posttypeid = 2)) THEN (1) ELSE 0 END",
                                                                    "score"
                                                                ],
                                                                "Estimated Cardinality": "770023"
                                                            },
                                                            "cumulative_cardinality": 291084,
                                                            "operator_type": "PROJECTION",
                                                            "operator_cardinality": 145542,
                                                            "cumulative_rows_scanned": 3850116,
                                                            "operator_rows_scanned": 0,
                                                            "operator_timing": 0.0018543429999999998,
                                                            "result_set_size": 2328672,
                                                            "children": [
                                                                {
                                                                    "operator_name": "READ_PARQUET ",
                                                                    "cpu_time": 0.025503287000000003,
                                                                    "extra_info": {
                                                                        "Function": "READ_PARQUET",
                                                                        "Projections": [
                                                                            "id",
                                                                            "posttypeid",
                                                                            "score",
                                                                            "owneruserid"
                                                                        ],
                                                                        "Filters": "creationdate>='2023-10-01 12:34:56'::TIMESTAMP",
                                                                        "Estimated Cardinality": "770023"
                                                                    },
                                                                    "cumulative_cardinality": 145542,
                                                                    "operator_type": "TABLE_SCAN",
                                                                    "operator_cardinality": 145542,
                                                                    "cumulative_rows_scanned": 3850116,
                                                                    "operator_rows_scanned": 3850116,
                                                                    "operator_timing": 0.025503287000000003,
                                                                    "result_set_size": 2037588,
                                                                    "children": []
                                                                }
                                                            ]
                                                        }
                                                    ]
                                                }
                                            ]
                                        }
                                    ]
                                }
                            ]
                        }
                    ]
                }
            ]
        }
    ]
}