{
    "rows_returned": 50,
    "query_name": "WITH RankedPosts AS (\n    SELECT \n        p.Id AS PostId,\n        p.Title,\n        p.Score,\n        p.ViewCount,\n        p.AnswerCount,\n        p.CreationDate,\n        ROW_NUMBER() OVER (PARTITION BY p.PostTypeId ORDER BY p.Score DESC, p.CreationDate DESC) AS Rank,\n        u.Reputation AS OwnerReputation,\n        bt.Name AS BadgeType\n    FROM \n        Posts p\n    JOIN \n        Users u ON p.OwnerUserId = u.Id\n    LEFT JOIN \n        Badges b ON u.Id = b.UserId\n    LEFT JOIN \n        PostHistory ph ON p.Id = ph.PostId\n    LEFT JOIN \n        PostHistoryTypes bt ON ph.PostHistoryTypeId = bt.Id\n    WHERE \n        p.CreationDate >= cast('2024-10-01 12:34:56' as timestamp) - INTERVAL '365 days'\n        AND p.PostTypeId IN (1, 2)  \n),\nAggregateData AS (\n    SELECT \n        rp.PostId,\n        COUNT(rp.BadgeType) AS BadgeCount,\n        AVG(rp.OwnerReputation) AS AverageReputation,\n        SUM(rp.ViewCount) AS TotalViews,\n        SUM(rp.Score) AS TotalScore\n    FROM \n        RankedPosts rp\n    GROUP BY \n        rp.PostId\n)\nSELECT \n    ad.PostId,\n    p.Title,\n    ad.BadgeCount,\n    ad.AverageReputation,\n    ad.TotalViews,\n    ad.TotalScore,\n    CASE \n        WHEN ad.TotalScore > 100 THEN 'High Engagement'\n        WHEN ad.TotalScore BETWEEN 50 AND 100 THEN 'Medium Engagement'\n        ELSE 'Low Engagement'\n    END AS EngagementLevel\nFROM \n    AggregateData ad\nJOIN \n    Posts p ON ad.PostId = p.Id\nORDER BY \n    ad.TotalScore DESC\nLIMIT 50;",
    "blocked_thread_time": 0.0,
    "cpu_time": 10.96134987000001,
    "extra_info": {},
    "cumulative_cardinality": 222541037,
    "cumulative_rows_scanned": 23077944,
    "result_set_size": 4200,
    "latency": 11.632734954,
    "children": [
        {
            "operator_name": "STREAMING_LIMIT",
            "cpu_time": 10.96134987000001,
            "extra_info": {},
            "cumulative_cardinality": 222541037,
            "operator_type": "STREAMING_LIMIT",
            "operator_cardinality": 50,
            "cumulative_rows_scanned": 23077944,
            "operator_rows_scanned": 0,
            "operator_timing": 0.000004688,
            "result_set_size": 4200,
            "children": [
                {
                    "operator_name": "ORDER_BY",
                    "cpu_time": 10.96134518200001,
                    "extra_info": {
                        "Order By": "ad.TotalScore DESC"
                    },
                    "cumulative_cardinality": 222540987,
                    "operator_type": "ORDER_BY",
                    "operator_cardinality": 4096,
                    "cumulative_rows_scanned": 23077944,
                    "operator_rows_scanned": 0,
                    "operator_timing": 0.011845381,
                    "result_set_size": 344064,
                    "children": [
                        {
                            "operator_name": "PROJECTION",
                            "cpu_time": 10.949499801000009,
                            "extra_info": {
                                "Projections": [
                                    "PostId",
                                    "title",
                                    "BadgeCount",
                                    "AverageReputation",
                                    "TotalViews",
                                    "TotalScore",
                                    "EngagementLevel"
                                ],
                                "Estimated Cardinality": "3850116"
                            },
                            "cumulative_cardinality": 222536891,
                            "operator_type": "PROJECTION",
                            "operator_cardinality": 143098,
                            "cumulative_rows_scanned": 23077944,
                            "operator_rows_scanned": 0,
                            "operator_timing": 0.002797142999999999,
                            "result_set_size": 12020232,
                            "children": [
                                {
                                    "operator_name": "HASH_JOIN",
                                    "cpu_time": 10.946702658000008,
                                    "extra_info": {
                                        "Join Type": "INNER",
                                        "Conditions": "PostId = id",
                                        "Estimated Cardinality": "3850116"
                                    },
                                    "cumulative_cardinality": 222393793,
                                    "operator_type": "HASH_JOIN",
                                    "operator_cardinality": 143098,
                                    "cumulative_rows_scanned": 23077944,
                                    "operator_rows_scanned": 0,
                                    "operator_timing": 0.31997078599999995,
                                    "result_set_size": 10303056,
                                    "children": [
                                        {
                                            "operator_name": "HASH_GROUP_BY",
                                            "cpu_time": 10.326569501000007,
                                            "extra_info": {
                                                "Groups": "#0",
                                                "Aggregates": [
                                                    "count(#1)",
                                                    "avg(#2)",
                                                    "sum(#3)",
                                                    "sum(#4)"
                                                ],
                                                "Estimated Cardinality": "3850116"
                                            },
                                            "cumulative_cardinality": 218400579,
                                            "operator_type": "HASH_GROUP_BY",
                                            "operator_cardinality": 143098,
                                            "cumulative_rows_scanned": 19227828,
                                            "operator_rows_scanned": 0,
                                            "operator_timing": 0.4609288839999992,
                                            "result_set_size": 7441096,
                                            "children": [
                                                {
                                                    "operator_name": "PROJECTION",
                                                    "cpu_time": 9.865640617000007,
                                                    "extra_info": {
                                                        "Projections": [
                                                            "PostId",
                                                            "BadgeType",
                                                            "OwnerReputation",
                                                            "viewcount",
                                                            "score"
                                                        ],
                                                        "Estimated Cardinality": "11795244"
                                                    },
                                                    "cumulative_cardinality": 218257481,
                                                    "operator_type": "PROJECTION",
                                                    "operator_cardinality": 27146146,
                                                    "cumulative_rows_scanned": 19227828,
                                                    "operator_rows_scanned": 0,
                                                    "operator_timing": 0.0025069470000000657,
                                                    "result_set_size": 868676672,
                                                    "children": [
                                                        {
                                                            "operator_name": "PROJECTION",
                                                            "cpu_time": 9.863133670000007,
                                                            "extra_info": {
                                                                "Projections": [
                                                                    "PostId",
                                                                    "score",
                                                                    "viewcount",
                                                                    "OwnerReputation",
                                                                    "BadgeType"
                                                                ],
                                                                "Estimated Cardinality": "11795244"
                                                            },
                                                            "cumulative_cardinality": 191111335,
                                                            "operator_type": "PROJECTION",
                                                            "operator_cardinality": 27146146,
                                                            "cumulative_rows_scanned": 19227828,
                                                            "operator_rows_scanned": 0,
                                                            "operator_timing": 0.002716750000000089,
                                                            "result_set_size": 868676672,
                                                            "children": [
                                                                {
                                                                    "operator_name": "PROJECTION",
                                                                    "cpu_time": 9.860416920000008,
                                                                    "extra_info": {
                                                                        "Projections": [
                                                                            "#0",
                                                                            "#1",
                                                                            "#2",
                                                                            "#3",
                                                                            "#4",
                                                                            "#5",
                                                                            "#6",
                                                                            "#7"
                                                                        ],
                                                                        "Estimated Cardinality": "11795244"
                                                                    },
                                                                    "cumulative_cardinality": 163965189,
                                                                    "operator_type": "PROJECTION",
                                                                    "operator_cardinality": 27146146,
                                                                    "cumulative_rows_scanned": 19227828,
                                                                    "operator_rows_scanned": 0,
                                                                    "operator_timing": 0.0037463330000001723,
                                                                    "result_set_size": 1357307300,
                                                                    "children": [
                                                                        {
                                                                            "operator_name": "WINDOW",
                                                                            "cpu_time": 9.856670587000007,
                                                                            "extra_info": {
                                                                                "Projections": "ROW_NUMBER() OVER (PARTITION BY posttypeid ORDER BY score DESC NULLS LAST, creationdate DESC NULLS LAST)"
                                                                            },
                                                                            "cumulative_cardinality": 136819043,
                                                                            "operator_type": "WINDOW",
                                                                            "operator_cardinality": 27146146,
                                                                            "cumulative_rows_scanned": 19227828,
                                                                            "operator_rows_scanned": 0,
                                                                            "operator_timing": 7.639486179000004,
                                                                            "result_set_size": 1357307300,
                                                                            "children": [
                                                                                {
                                                                                    "operator_name": "HASH_JOIN",
                                                                                    "cpu_time": 2.2171844080000027,
                                                                                    "extra_info": {
                                                                                        "Join Type": "LEFT",
                                                                                        "Conditions": "posthistorytypeid = id",
                                                                                        "Estimated Cardinality": "11795244"
                                                                                    },
                                                                                    "cumulative_cardinality": 109672897,
                                                                                    "operator_type": "HASH_JOIN",
                                                                                    "operator_cardinality": 27146146,
                                                                                    "cumulative_rows_scanned": 19227828,
                                                                                    "operator_rows_scanned": 0,
                                                                                    "operator_timing": 0.35495116700000157,
                                                                                    "result_set_size": 1140138132,
                                                                                    "children": [
                                                                                        {
                                                                                            "operator_name": "PROJECTION",
                                                                                            "cpu_time": 1.8618926050000013,
                                                                                            "extra_info": {
                                                                                                "Projections": [
                                                                                                    "#0",
                                                                                                    "#1",
                                                                                                    "__internal_decompress_integral_smallint(#2, 1)",
                                                                                                    "#3",
                                                                                                    "__internal_decompress_integral_integer(#4, -72)",
                                                                                                    "#5",
                                                                                                    "#6"
                                                                                                ],
                                                                                                "Estimated Cardinality": "11795244"
                                                                                            },
                                                                                            "cumulative_cardinality": 82526717,
                                                                                            "operator_type": "PROJECTION",
                                                                                            "operator_cardinality": 27146146,
                                                                                            "cumulative_rows_scanned": 19227794,
                                                                                            "operator_rows_scanned": 0,
                                                                                            "operator_timing": 0.01987409399999999,
                                                                                            "result_set_size": 760092088,
                                                                                            "children": [
                                                                                                {
                                                                                                    "operator_name": "HASH_JOIN",
                                                                                                    "cpu_time": 1.8420185110000014,
                                                                                                    "extra_info": {
                                                                                                        "Join Type": "RIGHT",
                                                                                                        "Conditions": "postid = id",
                                                                                                        "Estimated Cardinality": "11795244"
                                                                                                    },
                                                                                                    "cumulative_cardinality": 55380571,
                                                                                                    "operator_type": "HASH_JOIN",
                                                                                                    "operator_cardinality": 27146146,
                                                                                                    "cumulative_rows_scanned": 19227794,
                                                                                                    "operator_rows_scanned": 0,
                                                                                                    "operator_timing": 1.4203420970000018,
                                                                                                    "result_set_size": 678653650,
                                                                                                    "children": [
                                                                                                        {
                                                                                                            "operator_name": "READ_PARQUET ",
                                                                                                            "cpu_time": 0.02185418299999998,
                                                                                                            "extra_info": {
                                                                                                                "Function": "READ_PARQUET",
                                                                                                                "Projections": [
                                                                                                                    "posthistorytypeid",
                                                                                                                    "postid"
                                                                                                                ],
                                                                                                                "Estimated Cardinality": "11795244"
                                                                                                            },
                                                                                                            "cumulative_cardinality": 485056,
                                                                                                            "operator_type": "TABLE_SCAN",
                                                                                                            "operator_cardinality": 485056,
                                                                                                            "cumulative_rows_scanned": 11795244,
                                                                                                            "operator_rows_scanned": 11795244,
                                                                                                            "operator_timing": 0.02185418299999998,
                                                                                                            "result_set_size": 2910336,
                                                                                                            "children": []
                                                                                                        },
                                                                                                        {
                                                                                                            "operator_name": "PROJECTION",
                                                                                                            "cpu_time": 0.3998222309999996,
                                                                                                            "extra_info": {
                                                                                                                "Projections": [
                                                                                                                    "#0",
                                                                                                                    "#2",
                                                                                                                    "__internal_compress_integral_utinyint(#3, 1)",
                                                                                                                    "#4",
                                                                                                                    "__internal_compress_integral_usmallint(#5, -72)",
                                                                                                                    "#6",
                                                                                                                    "#1"
                                                                                                                ],
                                                                                                                "Estimated Cardinality": "2321724"
                                                                                                            },
                                                                                                            "cumulative_cardinality": 27749369,
                                                                                                            "operator_type": "PROJECTION",
                                                                                                            "operator_cardinality": 11939756,
                                                                                                            "cumulative_rows_scanned": 7432550,
                                                                                                            "operator_rows_scanned": 0,
                                                                                                            "operator_timing": 0.008299731999999976,
                                                                                                            "result_set_size": 322373412,
                                                                                                            "children": [
                                                                                                                {
                                                                                                                    "operator_name": "HASH_JOIN",
                                                                                                                    "cpu_time": 0.39152249899999964,
                                                                                                                    "extra_info": {
                                                                                                                        "Join Type": "RIGHT",
                                                                                                                        "Conditions": "userid = id",
                                                                                                                        "Estimated Cardinality": "2321724"
                                                                                                                    },
                                                                                                                    "cumulative_cardinality": 15809613,
                                                                                                                    "operator_type": "HASH_JOIN",
                                                                                                                    "operator_cardinality": 11939756,
                                                                                                                    "cumulative_rows_scanned": 7432550,
                                                                                                                    "operator_rows_scanned": 0,
                                                                                                                    "operator_timing": 0.27155753299999963,
                                                                                                                    "result_set_size": 358192680,
                                                                                                                    "children": [
                                                                                                                        {
                                                                                                                            "operator_name": "READ_PARQUET ",
                                                                                                                            "cpu_time": 0.03245614200000002,
                                                                                                                            "extra_info": {
                                                                                                                                "Function": "READ_PARQUET",
                                                                                                                                "Projections": "userid",
                                                                                                                                "Estimated Cardinality": "2321724"
                                                                                                                            },
                                                                                                                            "cumulative_cardinality": 2321126,
                                                                                                                            "operator_type": "TABLE_SCAN",
                                                                                                                            "operator_cardinality": 2321126,
                                                                                                                            "cumulative_rows_scanned": 2321724,
                                                                                                                            "operator_rows_scanned": 2321724,
                                                                                                                            "operator_timing": 0.03245614200000002,
                                                                                                                            "result_set_size": 9284504,
                                                                                                                            "children": []
                                                                                                                        },
                                                                                                                        {
                                                                                                                            "operator_name": "HASH_JOIN",
                                                                                                                            "cpu_time": 0.08750882399999999,
                                                                                                                            "extra_info": {
                                                                                                                                "Join Type": "INNER",
                                                                                                                                "Conditions": "id = owneruserid",
                                                                                                                                "Estimated Cardinality": "770023"
                                                                                                                            },
                                                                                                                            "cumulative_cardinality": 1548731,
                                                                                                                            "operator_type": "HASH_JOIN",
                                                                                                                            "operator_cardinality": 143098,
                                                                                                                            "cumulative_rows_scanned": 5110826,
                                                                                                                            "operator_rows_scanned": 0,
                                                                                                                            "operator_timing": 0.027547829000000003,
                                                                                                                            "result_set_size": 4292940,
                                                                                                                            "children": [
                                                                                                                                {
                                                                                                                                    "operator_name": "READ_PARQUET ",
                                                                                                                                    "cpu_time": 0.02879314199999999,
                                                                                                                                    "extra_info": {
                                                                                                                                        "Function": "READ_PARQUET",
                                                                                                                                        "Projections": [
                                                                                                                                            "id",
                                                                                                                                            "reputation"
                                                                                                                                        ],
                                                                                                                                        "Filters": "id<=1416539",
                                                                                                                                        "Estimated Cardinality": "1260710"
                                                                                                                                    },
                                                                                                                                    "cumulative_cardinality": 1260656,
                                                                                                                                    "operator_type": "TABLE_SCAN",
                                                                                                                                    "operator_cardinality": 1260656,
                                                                                                                                    "cumulative_rows_scanned": 1260710,
                                                                                                                                    "operator_rows_scanned": 1260710,
                                                                                                                                    "operator_timing": 0.02879314199999999,
                                                                                                                                    "result_set_size": 10085248,
                                                                                                                                    "children": []
                                                                                                                                },
                                                                                                                                {
                                                                                                                                    "operator_name": "READ_PARQUET ",
                                                                                                                                    "cpu_time": 0.031167852999999992,
                                                                                                                                    "extra_info": {
                                                                                                                                        "Function": "READ_PARQUET",
                                                                                                                                        "Projections": [
                                                                                                                                            "id",
                                                                                                                                            "posttypeid",
                                                                                                                                            "creationdate",
                                                                                                                                            "score",
                                                                                                                                            "viewcount",
                                                                                                                                            "owneruserid"
                                                                                                                                        ],
                                                                                                                                        "Filters": [
                                                                                                                                            "creationdate>='2023-10-02 12:34:56'::TIMESTAMP",
                                                                                                                                            "posttypeid>=1 AND posttypeid<=2"
                                                                                                                                        ],
                                                                                                                                        "Estimated Cardinality": "770023"
                                                                                                                                    },
                                                                                                                                    "cumulative_cardinality": 144977,
                                                                                                                                    "operator_type": "TABLE_SCAN",
                                                                                                                                    "operator_cardinality": 144977,
                                                                                                                                    "cumulative_rows_scanned": 3850116,
                                                                                                                                    "operator_rows_scanned": 3850116,
                                                                                                                                    "operator_timing": 0.031167852999999992,
                                                                                                                                    "result_set_size": 3769402,
                                                                                                                                    "children": []
                                                                                                                                }
                                                                                                                            ]
                                                                                                                        }
                                                                                                                    ]
                                                                                                                }
                                                                                                            ]
                                                                                                        }
                                                                                                    ]
                                                                                                }
                                                                                            ]
                                                                                        },
                                                                                        {
                                                                                            "operator_name": "READ_PARQUET ",
                                                                                            "cpu_time": 0.000340636,
                                                                                            "extra_info": {
                                                                                                "Function": "READ_PARQUET",
                                                                                                "Projections": [
                                                                                                    "id",
                                                                                                    "name"
                                                                                                ],
                                                                                                "Estimated Cardinality": "34"
                                                                                            },
                                                                                            "cumulative_cardinality": 34,
                                                                                            "operator_type": "TABLE_SCAN",
                                                                                            "operator_cardinality": 34,
                                                                                            "cumulative_rows_scanned": 34,
                                                                                            "operator_rows_scanned": 34,
                                                                                            "operator_timing": 0.000340636,
                                                                                            "result_set_size": 612,
                                                                                            "children": []
                                                                                        }
                                                                                    ]
                                                                                }
                                                                            ]
                                                                        }
                                                                    ]
                                                                }
                                                            ]
                                                        }
                                                    ]
                                                }
                                            ]
                                        },
                                        {
                                            "operator_name": "READ_PARQUET ",
                                            "cpu_time": 0.3001623710000001,
                                            "extra_info": {
                                                "Function": "READ_PARQUET",
                                                "Projections": [
                                                    "id",
                                                    "title"
                                                ],
                                                "Estimated Cardinality": "3850116"
                                            },
                                            "cumulative_cardinality": 3850116,
                                            "operator_type": "TABLE_SCAN",
                                            "operator_cardinality": 3850116,
                                            "cumulative_rows_scanned": 3850116,
                                            "operator_rows_scanned": 3850116,
                                            "operator_timing": 0.3001623710000001,
                                            "result_set_size": 77002320,
                                            "children": []
                                        }
                                    ]
                                }
                            ]
                        }
                    ]
                }
            ]
        }
    ]
}