{
    "rows_returned": 10,
    "query_name": "WITH UserVotes AS (\n    SELECT V.UserId, \n           COUNT(CASE WHEN V.VoteTypeId = 2 THEN 1 END) AS UpVotes, \n           COUNT(CASE WHEN V.VoteTypeId = 3 THEN 1 END) AS DownVotes\n    FROM Votes V\n    GROUP BY V.UserId\n),\nPostStats AS (\n    SELECT P.OwnerUserId, \n           COUNT(P.Id) AS TotalPosts, \n           SUM(P.Score) AS TotalScore, \n           SUM(P.ViewCount) AS TotalViews\n    FROM Posts P\n    GROUP BY P.OwnerUserId\n),\nUserPostDetails AS (\n    SELECT U.Id AS UserId, \n           U.DisplayName, \n           COALESCE(UV.UpVotes, 0) AS UpVotes, \n           COALESCE(UV.DownVotes, 0) AS DownVotes, \n           COALESCE(PS.TotalPosts, 0) AS TotalPosts, \n           COALESCE(PS.TotalScore, 0) AS TotalScore, \n           COALESCE(PS.TotalViews, 0) AS TotalViews\n    FROM Users U\n    LEFT JOIN UserVotes UV ON U.Id = UV.UserId\n    LEFT JOIN PostStats PS ON U.Id = PS.OwnerUserId\n)\nSELECT U.DisplayName, \n       U.UpVotes, \n       U.DownVotes, \n       U.TotalPosts, \n       U.TotalScore, \n       U.TotalViews\nFROM UserPostDetails U\nWHERE U.TotalPosts > 0\nORDER BY U.TotalScore DESC, U.TotalViews DESC\nLIMIT 10;\n",
    "blocked_thread_time": 0.0,
    "cpu_time": 0.8086118099999999,
    "extra_info": {},
    "cumulative_cardinality": 38473292,
    "cumulative_rows_scanned": 17854919,
    "result_set_size": 720,
    "latency": 0.929165981,
    "children": [
        {
            "operator_name": "STREAMING_LIMIT",
            "cpu_time": 0.8086118099999999,
            "extra_info": {},
            "cumulative_cardinality": 38473292,
            "operator_type": "STREAMING_LIMIT",
            "operator_cardinality": 10,
            "cumulative_rows_scanned": 17854919,
            "operator_rows_scanned": 0,
            "operator_timing": 0.000002024,
            "result_set_size": 720,
            "children": [
                {
                    "operator_name": "ORDER_BY",
                    "cpu_time": 0.8086097859999999,
                    "extra_info": {
                        "Order By": [
                            "U.TotalScore DESC",
                            "U.TotalViews DESC"
                        ]
                    },
                    "cumulative_cardinality": 38473282,
                    "operator_type": "ORDER_BY",
                    "operator_cardinality": 4096,
                    "cumulative_rows_scanned": 17854919,
                    "operator_rows_scanned": 0,
                    "operator_timing": 0.032976824999999974,
                    "result_set_size": 294912,
                    "children": [
                        {
                            "operator_name": "PROJECTION",
                            "cpu_time": 0.7756329609999999,
                            "extra_info": {
                                "Projections": [
                                    "displayname",
                                    "UpVotes",
                                    "DownVotes",
                                    "TotalPosts",
                                    "TotalScore",
                                    "TotalViews"
                                ],
                                "Estimated Cardinality": "1945973"
                            },
                            "cumulative_cardinality": 38469186,
                            "operator_type": "PROJECTION",
                            "operator_cardinality": 371631,
                            "cumulative_rows_scanned": 17854919,
                            "operator_rows_scanned": 0,
                            "operator_timing": 0.018188945999999994,
                            "result_set_size": 26757432,
                            "children": [
                                {
                                    "operator_name": "HASH_JOIN",
                                    "cpu_time": 0.7574440149999999,
                                    "extra_info": {
                                        "Join Type": "INNER",
                                        "Conditions": "id = owneruserid",
                                        "Estimated Cardinality": "1945973"
                                    },
                                    "cumulative_cardinality": 38097555,
                                    "operator_type": "HASH_JOIN",
                                    "operator_cardinality": 371631,
                                    "cumulative_rows_scanned": 17854919,
                                    "operator_rows_scanned": 0,
                                    "operator_timing": 0.05343221300000003,
                                    "result_set_size": 26757432,
                                    "children": [
                                        {
                                            "operator_name": "FILTER",
                                            "cpu_time": 0.47888822899999983,
                                            "extra_info": {
                                                "Expression": "(id <= 1416539)",
                                                "Estimated Cardinality": "6372046"
                                            },
                                            "cumulative_cardinality": 29282428,
                                            "operator_type": "FILTER",
                                            "operator_cardinality": 1260679,
                                            "cumulative_rows_scanned": 14004803,
                                            "operator_rows_scanned": 0,
                                            "operator_timing": 0.001524970000000002,
                                            "result_set_size": 45384444,
                                            "children": [
                                                {
                                                    "operator_name": "HASH_JOIN",
                                                    "cpu_time": 0.4773632589999998,
                                                    "extra_info": {
                                                        "Join Type": "RIGHT",
                                                        "Conditions": "userid = id",
                                                        "Estimated Cardinality": "6372046"
                                                    },
                                                    "cumulative_cardinality": 28021749,
                                                    "operator_type": "HASH_JOIN",
                                                    "operator_cardinality": 1260710,
                                                    "cumulative_rows_scanned": 14004803,
                                                    "operator_rows_scanned": 0,
                                                    "operator_timing": 0.11806853099999998,
                                                    "result_set_size": 45385560,
                                                    "children": [
                                                        {
                                                            "operator_name": "HASH_GROUP_BY",
                                                            "cpu_time": 0.2821195619999999,
                                                            "extra_info": {
                                                                "Groups": "#0",
                                                                "Aggregates": [
                                                                    "count(#1)",
                                                                    "count(#2)"
                                                                ],
                                                                "Estimated Cardinality": "6372046"
                                                            },
                                                            "cumulative_cardinality": 25500329,
                                                            "operator_type": "HASH_GROUP_BY",
                                                            "operator_cardinality": 12143,
                                                            "cumulative_rows_scanned": 12744093,
                                                            "operator_rows_scanned": 0,
                                                            "operator_timing": 0.09285693099999978,
                                                            "result_set_size": 242860,
                                                            "children": [
                                                                {
                                                                    "operator_name": "PROJECTION",
                                                                    "cpu_time": 0.18926263100000013,
                                                                    "extra_info": {
                                                                        "Projections": [
                                                                            "userid",
                                                                            "CASE  WHEN ((votetypeid = 2)) THEN (1) ELSE NULL END",
                                                                            "CASE  WHEN ((votetypeid = 3)) THEN (1) ELSE NULL END"
                                                                        ],
                                                                        "Estimated Cardinality": "12744093"
                                                                    },
                                                                    "cumulative_cardinality": 25488186,
                                                                    "operator_type": "PROJECTION",
                                                                    "operator_cardinality": 12744093,
                                                                    "cumulative_rows_scanned": 12744093,
                                                                    "operator_rows_scanned": 0,
                                                                    "operator_timing": 0.1128373680000002,
                                                                    "result_set_size": 152929116,
                                                                    "children": [
                                                                        {
                                                                            "operator_name": "READ_PARQUET ",
                                                                            "cpu_time": 0.07642526299999994,
                                                                            "extra_info": {
                                                                                "Function": "READ_PARQUET",
                                                                                "Projections": [
                                                                                    "votetypeid",
                                                                                    "userid"
                                                                                ],
                                                                                "Estimated Cardinality": "12744093"
                                                                            },
                                                                            "cumulative_cardinality": 12744093,
                                                                            "operator_type": "TABLE_SCAN",
                                                                            "operator_cardinality": 12744093,
                                                                            "cumulative_rows_scanned": 12744093,
                                                                            "operator_rows_scanned": 12744093,
                                                                            "operator_timing": 0.07642526299999994,
                                                                            "result_set_size": 76464558,
                                                                            "children": []
                                                                        }
                                                                    ]
                                                                }
                                                            ]
                                                        },
                                                        {
                                                            "operator_name": "READ_PARQUET ",
                                                            "cpu_time": 0.07717516599999998,
                                                            "extra_info": {
                                                                "Function": "READ_PARQUET",
                                                                "Projections": [
                                                                    "id",
                                                                    "displayname"
                                                                ],
                                                                "Estimated Cardinality": "1260710"
                                                            },
                                                            "cumulative_cardinality": 1260710,
                                                            "operator_type": "TABLE_SCAN",
                                                            "operator_cardinality": 1260710,
                                                            "cumulative_rows_scanned": 1260710,
                                                            "operator_rows_scanned": 1260710,
                                                            "operator_timing": 0.07717516599999998,
                                                            "result_set_size": 25214200,
                                                            "children": []
                                                        }
                                                    ]
                                                }
                                            ]
                                        },
                                        {
                                            "operator_name": "FILTER",
                                            "cpu_time": 0.22512357300000002,
                                            "extra_info": {
                                                "Expression": "(COALESCE(TotalPosts, 0) > 0)",
                                                "Estimated Cardinality": "385011"
                                            },
                                            "cumulative_cardinality": 8443496,
                                            "operator_type": "FILTER",
                                            "operator_cardinality": 371632,
                                            "cumulative_rows_scanned": 3850116,
                                            "operator_rows_scanned": 0,
                                            "operator_timing": 0.0022182750000000005,
                                            "result_set_size": 16351808,
                                            "children": [
                                                {
                                                    "operator_name": "HASH_GROUP_BY",
                                                    "cpu_time": 0.22290529800000003,
                                                    "extra_info": {
                                                        "Groups": "#0",
                                                        "Aggregates": [
                                                            "count_star()",
                                                            "sum(#1)",
                                                            "sum(#2)"
                                                        ],
                                                        "Estimated Cardinality": "1925058"
                                                    },
                                                    "cumulative_cardinality": 8071864,
                                                    "operator_type": "HASH_GROUP_BY",
                                                    "operator_cardinality": 371632,
                                                    "cumulative_rows_scanned": 3850116,
                                                    "operator_rows_scanned": 0,
                                                    "operator_timing": 0.13376597200000023,
                                                    "result_set_size": 16351808,
                                                    "children": [
                                                        {
                                                            "operator_name": "PROJECTION",
                                                            "cpu_time": 0.0891393259999998,
                                                            "extra_info": {
                                                                "Projections": [
                                                                    "owneruserid",
                                                                    "score",
                                                                    "viewcount"
                                                                ],
                                                                "Estimated Cardinality": "3850116"
                                                            },
                                                            "cumulative_cardinality": 7700232,
                                                            "operator_type": "PROJECTION",
                                                            "operator_cardinality": 3850116,
                                                            "cumulative_rows_scanned": 3850116,
                                                            "operator_rows_scanned": 0,
                                                            "operator_timing": 0.0004921489999999966,
                                                            "result_set_size": 46201392,
                                                            "children": [
                                                                {
                                                                    "operator_name": "READ_PARQUET ",
                                                                    "cpu_time": 0.0886471769999998,
                                                                    "extra_info": {
                                                                        "Function": "READ_PARQUET",
                                                                        "Projections": [
                                                                            "id",
                                                                            "score",
                                                                            "viewcount",
                                                                            "owneruserid"
                                                                        ],
                                                                        "Estimated Cardinality": "3850116"
                                                                    },
                                                                    "cumulative_cardinality": 3850116,
                                                                    "operator_type": "TABLE_SCAN",
                                                                    "operator_cardinality": 3850116,
                                                                    "cumulative_rows_scanned": 3850116,
                                                                    "operator_rows_scanned": 3850116,
                                                                    "operator_timing": 0.0886471769999998,
                                                                    "result_set_size": 61601856,
                                                                    "children": []
                                                                }
                                                            ]
                                                        }
                                                    ]
                                                }
                                            ]
                                        }
                                    ]
                                }
                            ]
                        }
                    ]
                }
            ]
        }
    ]
}