{
    "rows_returned": 100,
    "query_name": "\nWITH UserActivity AS (\n    SELECT \n        U.Id AS UserId,\n        U.DisplayName,\n        COUNT(DISTINCT P.Id) AS TotalPosts,\n        COUNT(DISTINCT C.Id) AS TotalComments,\n        SUM(CASE WHEN V.VoteTypeId = 2 THEN 1 ELSE 0 END) AS TotalUpVotes,\n        SUM(CASE WHEN V.VoteTypeId = 3 THEN 1 ELSE 0 END) AS TotalDownVotes,\n        SUM(CASE WHEN B.Class = 1 THEN 1 ELSE 0 END) AS GoldBadges,\n        SUM(CASE WHEN B.Class = 2 THEN 1 ELSE 0 END) AS SilverBadges,\n        SUM(CASE WHEN B.Class = 3 THEN 1 ELSE 0 END) AS BronzeBadges\n    FROM Users U\n    LEFT JOIN Posts P ON U.Id = P.OwnerUserId\n    LEFT JOIN Comments C ON P.Id = C.PostId\n    LEFT JOIN Votes V ON P.Id = V.PostId AND V.UserId = U.Id\n    LEFT JOIN Badges B ON U.Id = B.UserId\n    GROUP BY U.Id, U.DisplayName\n),\nPostStatistics AS (\n    SELECT \n        P.OwnerUserId,\n        COUNT(CASE WHEN P.PostTypeId = 1 THEN 1 END) AS Questions,\n        COUNT(CASE WHEN P.PostTypeId = 2 THEN 1 END) AS Answers,\n        AVG(P.Score) AS AverageScore,\n        SUM(P.ViewCount) AS TotalViews,\n        COUNT(DISTINCT P.Tags) AS UniqueTags\n    FROM Posts P\n    GROUP BY P.OwnerUserId\n),\nCombinedStats AS (\n    SELECT \n        UA.UserId,\n        UA.DisplayName,\n        UA.TotalPosts,\n        UA.TotalComments,\n        UA.TotalUpVotes,\n        UA.TotalDownVotes,\n        UA.GoldBadges,\n        UA.SilverBadges,\n        UA.BronzeBadges,\n        PS.Questions,\n        PS.Answers,\n        PS.AverageScore,\n        PS.TotalViews,\n        PS.UniqueTags\n    FROM UserActivity UA\n    LEFT JOIN PostStatistics PS ON UA.UserId = PS.OwnerUserId\n)\nSELECT * \nFROM CombinedStats\nORDER BY TotalPosts DESC, TotalUpVotes DESC, AverageScore DESC\nLIMIT 100;\n",
    "blocked_thread_time": 0.0,
    "cpu_time": 145.11431633999473,
    "extra_info": {},
    "cumulative_cardinality": 3988655300,
    "cumulative_rows_scanned": 31268581,
    "result_set_size": 16400,
    "latency": 171.115344077,
    "children": [
        {
            "operator_name": "STREAMING_LIMIT",
            "cpu_time": 145.11431633999473,
            "extra_info": {},
            "cumulative_cardinality": 3988655300,
            "operator_type": "STREAMING_LIMIT",
            "operator_cardinality": 100,
            "cumulative_rows_scanned": 31268581,
            "operator_rows_scanned": 0,
            "operator_timing": 0.000004738,
            "result_set_size": 16400,
            "children": [
                {
                    "operator_name": "ORDER_BY",
                    "cpu_time": 145.11431160199473,
                    "extra_info": {
                        "Order By": [
                            "CombinedStats.TotalPosts DESC",
                            "CombinedStats.TotalUpVotes DESC",
                            "CombinedStats.AverageScore DESC"
                        ]
                    },
                    "cumulative_cardinality": 3988655200,
                    "operator_type": "ORDER_BY",
                    "operator_cardinality": 4096,
                    "cumulative_rows_scanned": 31268581,
                    "operator_rows_scanned": 0,
                    "operator_timing": 0.14241868700000015,
                    "result_set_size": 671744,
                    "children": [
                        {
                            "operator_name": "HASH_JOIN",
                            "cpu_time": 144.97189291499473,
                            "extra_info": {
                                "Join Type": "LEFT",
                                "Conditions": "UserId = owneruserid",
                                "Estimated Cardinality": "1925058"
                            },
                            "cumulative_cardinality": 3988651104,
                            "operator_type": "HASH_JOIN",
                            "operator_cardinality": 1260710,
                            "cumulative_rows_scanned": 31268581,
                            "operator_rows_scanned": 0,
                            "operator_timing": 0.08298580899999988,
                            "result_set_size": 206756440,
                            "children": [
                                {
                                    "operator_name": "HASH_GROUP_BY",
                                    "cpu_time": 144.03100654399472,
                                    "extra_info": {
                                        "Groups": [
                                            "#0",
                                            "#1"
                                        ],
                                        "Aggregates": [
                                            "count(DISTINCT #2)",
                                            "count(DISTINCT #3)",
                                            "sum(#4)",
                                            "sum(#5)",
                                            "sum(#6)",
                                            "sum(#7)",
                                            "sum(#8)"
                                        ],
                                        "Estimated Cardinality": "1260710"
                                    },
                                    "cumulative_cardinality": 3979318530,
                                    "operator_type": "HASH_GROUP_BY",
                                    "operator_cardinality": 1260710,
                                    "cumulative_rows_scanned": 27418465,
                                    "operator_rows_scanned": 0,
                                    "operator_timing": 120.99548935799504,
                                    "result_set_size": 146242360,
                                    "children": [
                                        {
                                            "operator_name": "PROJECTION",
                                            "cpu_time": 23.03551718599968,
                                            "extra_info": {
                                                "Projections": [
                                                    "id",
                                                    "displayname",
                                                    "id",
                                                    "id",
                                                    "CASE  WHEN ((votetypeid = 2)) THEN (1) ELSE 0 END",
                                                    "CASE  WHEN ((votetypeid = 3)) THEN (1) ELSE 0 END",
                                                    "CASE  WHEN ((class = 1)) THEN (1) ELSE 0 END",
                                                    "CASE  WHEN ((class = 2)) THEN (1) ELSE 0 END",
                                                    "CASE  WHEN ((class = 3)) THEN (1) ELSE 0 END"
                                                ],
                                                "Estimated Cardinality": "12744093"
                                            },
                                            "cumulative_cardinality": 3978057820,
                                            "operator_type": "PROJECTION",
                                            "operator_cardinality": 1312584858,
                                            "cumulative_rows_scanned": 27418465,
                                            "operator_rows_scanned": 0,
                                            "operator_timing": 9.943059159999924,
                                            "result_set_size": 63004073184,
                                            "children": [
                                                {
                                                    "operator_name": "PROJECTION",
                                                    "cpu_time": 13.092458025999756,
                                                    "extra_info": {
                                                        "Projections": [
                                                            "#0",
                                                            "#1",
                                                            "#2",
                                                            "#3",
                                                            "#4",
                                                            "__internal_decompress_integral_smallint(#5, 1)"
                                                        ],
                                                        "Estimated Cardinality": "12744093"
                                                    },
                                                    "cumulative_cardinality": 2665472962,
                                                    "operator_type": "PROJECTION",
                                                    "operator_cardinality": 1312584858,
                                                    "cumulative_rows_scanned": 27418465,
                                                    "operator_rows_scanned": 0,
                                                    "operator_timing": 0.5696991570001017,
                                                    "result_set_size": 42002715456,
                                                    "children": [
                                                        {
                                                            "operator_name": "HASH_JOIN",
                                                            "cpu_time": 12.522758868999654,
                                                            "extra_info": {
                                                                "Join Type": "LEFT",
                                                                "Conditions": "id = userid",
                                                                "Estimated Cardinality": "12744093"
                                                            },
                                                            "cumulative_cardinality": 1352888104,
                                                            "operator_type": "HASH_JOIN",
                                                            "operator_cardinality": 1312584858,
                                                            "cumulative_rows_scanned": 27418465,
                                                            "operator_rows_scanned": 0,
                                                            "operator_timing": 10.118351176999653,
                                                            "result_set_size": 40690130598,
                                                            "children": [
                                                                {
                                                                    "operator_name": "HASH_JOIN",
                                                                    "cpu_time": 2.3849627280000005,
                                                                    "extra_info": {
                                                                        "Join Type": "RIGHT",
                                                                        "Conditions": [
                                                                            "postid = id",
                                                                            "userid = id"
                                                                        ],
                                                                        "Estimated Cardinality": "12744093"
                                                                    },
                                                                    "cumulative_cardinality": 35659798,
                                                                    "operator_type": "HASH_JOIN",
                                                                    "operator_cardinality": 9431558,
                                                                    "cumulative_rows_scanned": 25096741,
                                                                    "operator_rows_scanned": 0,
                                                                    "operator_timing": 0.9035088999999996,
                                                                    "result_set_size": 282946740,
                                                                    "children": [
                                                                        {
                                                                            "operator_name": "READ_PARQUET ",
                                                                            "cpu_time": 0.2709758010000005,
                                                                            "extra_info": {
                                                                                "Function": "READ_PARQUET",
                                                                                "Projections": [
                                                                                    "postid",
                                                                                    "votetypeid",
                                                                                    "userid"
                                                                                ],
                                                                                "Estimated Cardinality": "12744093"
                                                                            },
                                                                            "cumulative_cardinality": 40287,
                                                                            "operator_type": "TABLE_SCAN",
                                                                            "operator_cardinality": 40287,
                                                                            "cumulative_rows_scanned": 12744093,
                                                                            "operator_rows_scanned": 12744093,
                                                                            "operator_timing": 0.2709758010000005,
                                                                            "result_set_size": 402870,
                                                                            "children": []
                                                                        },
                                                                        {
                                                                            "operator_name": "HASH_JOIN",
                                                                            "cpu_time": 1.2104780270000002,
                                                                            "extra_info": {
                                                                                "Join Type": "RIGHT",
                                                                                "Conditions": "postid = id",
                                                                                "Estimated Cardinality": "7241822"
                                                                            },
                                                                            "cumulative_cardinality": 26187953,
                                                                            "operator_type": "HASH_JOIN",
                                                                            "operator_cardinality": 9425510,
                                                                            "cumulative_rows_scanned": 12352648,
                                                                            "operator_rows_scanned": 0,
                                                                            "operator_timing": 0.6904177320000001,
                                                                            "result_set_size": 263914280,
                                                                            "children": [
                                                                                {
                                                                                    "operator_name": "READ_PARQUET ",
                                                                                    "cpu_time": 0.1202381609999999,
                                                                                    "extra_info": {
                                                                                        "Function": "READ_PARQUET",
                                                                                        "Projections": [
                                                                                            "id",
                                                                                            "postid"
                                                                                        ],
                                                                                        "Estimated Cardinality": "7241822"
                                                                                    },
                                                                                    "cumulative_cardinality": 7241822,
                                                                                    "operator_type": "TABLE_SCAN",
                                                                                    "operator_cardinality": 7241822,
                                                                                    "cumulative_rows_scanned": 7241822,
                                                                                    "operator_rows_scanned": 7241822,
                                                                                    "operator_timing": 0.1202381609999999,
                                                                                    "result_set_size": 57934576,
                                                                                    "children": []
                                                                                },
                                                                                {
                                                                                    "operator_name": "HASH_JOIN",
                                                                                    "cpu_time": 0.399822134,
                                                                                    "extra_info": {
                                                                                        "Join Type": "RIGHT",
                                                                                        "Conditions": "owneruserid = id",
                                                                                        "Estimated Cardinality": "3850116"
                                                                                    },
                                                                                    "cumulative_cardinality": 9520621,
                                                                                    "operator_type": "HASH_JOIN",
                                                                                    "operator_cardinality": 4574495,
                                                                                    "cumulative_rows_scanned": 5110826,
                                                                                    "operator_rows_scanned": 0,
                                                                                    "operator_timing": 0.24023007999999993,
                                                                                    "result_set_size": 109787880,
                                                                                    "children": [
                                                                                        {
                                                                                            "operator_name": "READ_PARQUET ",
                                                                                            "cpu_time": 0.08384134800000011,
                                                                                            "extra_info": {
                                                                                                "Function": "READ_PARQUET",
                                                                                                "Projections": [
                                                                                                    "id",
                                                                                                    "owneruserid"
                                                                                                ],
                                                                                                "Estimated Cardinality": "3850116"
                                                                                            },
                                                                                            "cumulative_cardinality": 3685416,
                                                                                            "operator_type": "TABLE_SCAN",
                                                                                            "operator_cardinality": 3685416,
                                                                                            "cumulative_rows_scanned": 3850116,
                                                                                            "operator_rows_scanned": 3850116,
                                                                                            "operator_timing": 0.08384134800000011,
                                                                                            "result_set_size": 29483328,
                                                                                            "children": []
                                                                                        },
                                                                                        {
                                                                                            "operator_name": "READ_PARQUET ",
                                                                                            "cpu_time": 0.07575070599999992,
                                                                                            "extra_info": {
                                                                                                "Function": "READ_PARQUET",
                                                                                                "Projections": [
                                                                                                    "id",
                                                                                                    "displayname"
                                                                                                ],
                                                                                                "Estimated Cardinality": "1260710"
                                                                                            },
                                                                                            "cumulative_cardinality": 1260710,
                                                                                            "operator_type": "TABLE_SCAN",
                                                                                            "operator_cardinality": 1260710,
                                                                                            "cumulative_rows_scanned": 1260710,
                                                                                            "operator_rows_scanned": 1260710,
                                                                                            "operator_timing": 0.07575070599999992,
                                                                                            "result_set_size": 25214200,
                                                                                            "children": []
                                                                                        }
                                                                                    ]
                                                                                }
                                                                            ]
                                                                        }
                                                                    ]
                                                                },
                                                                {
                                                                    "operator_name": "PROJECTION",
                                                                    "cpu_time": 0.019444964000000082,
                                                                    "extra_info": {
                                                                        "Projections": [
                                                                            "#0",
                                                                            "__internal_compress_integral_utinyint(#1, 1)"
                                                                        ],
                                                                        "Estimated Cardinality": "2321724"
                                                                    },
                                                                    "cumulative_cardinality": 4643448,
                                                                    "operator_type": "PROJECTION",
                                                                    "operator_cardinality": 2321724,
                                                                    "cumulative_rows_scanned": 2321724,
                                                                    "operator_rows_scanned": 0,
                                                                    "operator_timing": 0.0006270589999999996,
                                                                    "result_set_size": 11608620,
                                                                    "children": [
                                                                        {
                                                                            "operator_name": "READ_PARQUET ",
                                                                            "cpu_time": 0.018817905000000083,
                                                                            "extra_info": {
                                                                                "Function": "READ_PARQUET",
                                                                                "Projections": [
                                                                                    "userid",
                                                                                    "class"
                                                                                ],
                                                                                "Estimated Cardinality": "2321724"
                                                                            },
                                                                            "cumulative_cardinality": 2321724,
                                                                            "operator_type": "TABLE_SCAN",
                                                                            "operator_cardinality": 2321724,
                                                                            "cumulative_rows_scanned": 2321724,
                                                                            "operator_rows_scanned": 2321724,
                                                                            "operator_timing": 0.018817905000000083,
                                                                            "result_set_size": 13930344,
                                                                            "children": []
                                                                        }
                                                                    ]
                                                                }
                                                            ]
                                                        }
                                                    ]
                                                }
                                            ]
                                        }
                                    ]
                                },
                                {
                                    "operator_name": "HASH_GROUP_BY",
                                    "cpu_time": 0.8579005620000006,
                                    "extra_info": {
                                        "Groups": "#0",
                                        "Aggregates": [
                                            "count(#1)",
                                            "count(#2)",
                                            "avg(#3)",
                                            "sum(#4)",
                                            "count(DISTINCT #5)"
                                        ],
                                        "Estimated Cardinality": "1925058"
                                    },
                                    "cumulative_cardinality": 8071864,
                                    "operator_type": "HASH_GROUP_BY",
                                    "operator_cardinality": 371632,
                                    "cumulative_rows_scanned": 3850116,
                                    "operator_rows_scanned": 0,
                                    "operator_timing": 0.5464879420000005,
                                    "result_set_size": 19324864,
                                    "children": [
                                        {
                                            "operator_name": "PROJECTION",
                                            "cpu_time": 0.3114126200000002,
                                            "extra_info": {
                                                "Projections": [
                                                    "owneruserid",
                                                    "CASE  WHEN ((posttypeid = 1)) THEN (1) ELSE NULL END",
                                                    "CASE  WHEN ((posttypeid = 2)) THEN (1) ELSE NULL END",
                                                    "score",
                                                    "viewcount",
                                                    "tags"
                                                ],
                                                "Estimated Cardinality": "3850116"
                                            },
                                            "cumulative_cardinality": 7700232,
                                            "operator_type": "PROJECTION",
                                            "operator_cardinality": 3850116,
                                            "cumulative_rows_scanned": 3850116,
                                            "operator_rows_scanned": 0,
                                            "operator_timing": 0.054241522999999944,
                                            "result_set_size": 138604176,
                                            "children": [
                                                {
                                                    "operator_name": "READ_PARQUET ",
                                                    "cpu_time": 0.25717109700000024,
                                                    "extra_info": {
                                                        "Function": "READ_PARQUET",
                                                        "Projections": [
                                                            "posttypeid",
                                                            "score",
                                                            "viewcount",
                                                            "owneruserid",
                                                            "tags"
                                                        ],
                                                        "Estimated Cardinality": "3850116"
                                                    },
                                                    "cumulative_cardinality": 3850116,
                                                    "operator_type": "TABLE_SCAN",
                                                    "operator_cardinality": 3850116,
                                                    "cumulative_rows_scanned": 3850116,
                                                    "operator_rows_scanned": 3850116,
                                                    "operator_timing": 0.25717109700000024,
                                                    "result_set_size": 115503480,
                                                    "children": []
                                                }
                                            ]
                                        }
                                    ]
                                }
                            ]
                        }
                    ]
                }
            ]
        }
    ]
}