{
    "rows_returned": 10,
    "query_name": "\nWITH UserReputation AS (\n    SELECT Id, Reputation\n    FROM Users\n    WHERE Reputation > 1000\n),\n\nPostStats AS (\n    SELECT \n        p.Id AS PostId,\n        p.Title,\n        COUNT(c.Id) AS TotalComments,\n        COALESCE(SUM(CASE WHEN v.VoteTypeId = 2 THEN 1 ELSE 0 END), 0) AS UpVotes,\n        COALESCE(SUM(CASE WHEN v.VoteTypeId = 3 THEN 1 ELSE 0 END), 0) AS DownVotes,\n        COUNT(DISTINCT p2.Id) AS LinkedPosts\n    FROM Posts p\n    LEFT JOIN Comments c ON p.Id = c.PostId\n    LEFT JOIN Votes v ON p.Id = v.PostId AND v.VoteTypeId IN (2, 3)\n    LEFT JOIN PostLinks pl ON p.Id = pl.PostId\n    LEFT JOIN Posts p2 ON pl.RelatedPostId = p2.Id\n    GROUP BY p.Id, p.Title\n),\n\nTopPosts AS (\n    SELECT \n        ps.PostId,\n        ps.Title,\n        ps.TotalComments,\n        ps.UpVotes,\n        ps.DownVotes,\n        ps.LinkedPosts,\n        u.Reputation AS UserReputation\n    FROM PostStats ps\n    JOIN Posts p ON ps.PostId = p.Id\n    JOIN UserReputation u ON p.OwnerUserId = u.Id\n    WHERE ps.UpVotes > ps.DownVotes \n    ORDER BY ps.UpVotes DESC\n    LIMIT 10\n)\n\nSELECT \n    tp.PostId,\n    tp.Title,\n    tp.TotalComments,\n    tp.UpVotes,\n    tp.DownVotes,\n    tp.LinkedPosts,\n    tp.UserReputation\nFROM TopPosts tp\nORDER BY tp.UserReputation DESC;\n",
    "blocked_thread_time": 0.0,
    "cpu_time": 10.204571633000018,
    "extra_info": {},
    "cumulative_cardinality": 242351032,
    "cumulative_rows_scanned": 33209964,
    "result_set_size": 720,
    "latency": 12.916476474,
    "children": [
        {
            "operator_name": "ORDER_BY",
            "cpu_time": 10.204571633000018,
            "extra_info": {
                "Order By": "tp.UserReputation DESC"
            },
            "cumulative_cardinality": 242351032,
            "operator_type": "ORDER_BY",
            "operator_cardinality": 10,
            "cumulative_rows_scanned": 33209964,
            "operator_rows_scanned": 0,
            "operator_timing": 0.000087425,
            "result_set_size": 720,
            "children": [
                {
                    "operator_name": "STREAMING_LIMIT",
                    "cpu_time": 10.204484208000018,
                    "extra_info": {},
                    "cumulative_cardinality": 242351022,
                    "operator_type": "STREAMING_LIMIT",
                    "operator_cardinality": 10,
                    "cumulative_rows_scanned": 33209964,
                    "operator_rows_scanned": 0,
                    "operator_timing": 0.000002966,
                    "result_set_size": 720,
                    "children": [
                        {
                            "operator_name": "ORDER_BY",
                            "cpu_time": 10.204481242000018,
                            "extra_info": {
                                "Order By": "ps.UpVotes DESC"
                            },
                            "cumulative_cardinality": 242351012,
                            "operator_type": "ORDER_BY",
                            "operator_cardinality": 4096,
                            "cumulative_rows_scanned": 33209964,
                            "operator_rows_scanned": 0,
                            "operator_timing": 0.14639550700000056,
                            "result_set_size": 294912,
                            "children": [
                                {
                                    "operator_name": "HASH_JOIN",
                                    "cpu_time": 10.058085735000017,
                                    "extra_info": {
                                        "Join Type": "INNER",
                                        "Conditions": "owneruserid = id",
                                        "Estimated Cardinality": "154004"
                                    },
                                    "cumulative_cardinality": 242346916,
                                    "operator_type": "HASH_JOIN",
                                    "operator_cardinality": 1880014,
                                    "cumulative_rows_scanned": 33209964,
                                    "operator_rows_scanned": 0,
                                    "operator_timing": 0.052470163000000375,
                                    "result_set_size": 135361008,
                                    "children": [
                                        {
                                            "operator_name": "HASH_JOIN",
                                            "cpu_time": 9.988143709000015,
                                            "extra_info": {
                                                "Join Type": "INNER",
                                                "Conditions": "id = PostId",
                                                "Estimated Cardinality": "770023"
                                            },
                                            "cumulative_cardinality": 240444472,
                                            "operator_type": "HASH_JOIN",
                                            "operator_cardinality": 2668443,
                                            "cumulative_rows_scanned": 31949254,
                                            "operator_rows_scanned": 0,
                                            "operator_timing": 0.5497328229999981,
                                            "result_set_size": 192127896,
                                            "children": [
                                                {
                                                    "operator_name": "READ_PARQUET ",
                                                    "cpu_time": 0.10480884599999997,
                                                    "extra_info": {
                                                        "Function": "READ_PARQUET",
                                                        "Projections": [
                                                            "id",
                                                            "owneruserid"
                                                        ],
                                                        "Estimated Cardinality": "3850116"
                                                    },
                                                    "cumulative_cardinality": 3683370,
                                                    "operator_type": "TABLE_SCAN",
                                                    "operator_cardinality": 3683370,
                                                    "cumulative_rows_scanned": 3850116,
                                                    "operator_rows_scanned": 3850116,
                                                    "operator_timing": 0.10480884599999997,
                                                    "result_set_size": 29466960,
                                                    "children": []
                                                },
                                                {
                                                    "operator_name": "PROJECTION",
                                                    "cpu_time": 9.333602040000017,
                                                    "extra_info": {
                                                        "Projections": [
                                                            "PostId",
                                                            "title",
                                                            "TotalComments",
                                                            "UpVotes",
                                                            "DownVotes",
                                                            "LinkedPosts"
                                                        ],
                                                        "Estimated Cardinality": "770023"
                                                    },
                                                    "cumulative_cardinality": 234092659,
                                                    "operator_type": "PROJECTION",
                                                    "operator_cardinality": 2788055,
                                                    "cumulative_rows_scanned": 28099138,
                                                    "operator_rows_scanned": 0,
                                                    "operator_timing": 0.03434582399999998,
                                                    "result_set_size": 189587740,
                                                    "children": [
                                                        {
                                                            "operator_name": "FILTER",
                                                            "cpu_time": 9.299256216000016,
                                                            "extra_info": {
                                                                "Expression": "(COALESCE(sum(CASE  WHEN ((votetypeid = CAST(2 AS SMALLINT))) THEN (CAST(1 AS INTEGER)) ELSE CAST(0 AS INTEGER) END), 0) > COALESCE(sum(CASE  WHEN ((votetypeid = CAST(3 AS SMALLINT))) THEN (CAST(1 AS INTEGER)) ELSE CAST(0 AS INTEGER) END), 0))",
                                                                "Estimated Cardinality": "770023"
                                                            },
                                                            "cumulative_cardinality": 231304604,
                                                            "operator_type": "FILTER",
                                                            "operator_cardinality": 2788055,
                                                            "cumulative_rows_scanned": 28099138,
                                                            "operator_rows_scanned": 0,
                                                            "operator_timing": 0.04542366799999984,
                                                            "result_set_size": 189587740,
                                                            "children": [
                                                                {
                                                                    "operator_name": "HASH_GROUP_BY",
                                                                    "cpu_time": 9.253832548000016,
                                                                    "extra_info": {
                                                                        "Groups": [
                                                                            "#0",
                                                                            "#1"
                                                                        ],
                                                                        "Aggregates": [
                                                                            "count(#2)",
                                                                            "sum(#3)",
                                                                            "sum(#4)",
                                                                            "count(DISTINCT #5)"
                                                                        ],
                                                                        "Estimated Cardinality": "3850116"
                                                                    },
                                                                    "cumulative_cardinality": 228516549,
                                                                    "operator_type": "HASH_GROUP_BY",
                                                                    "operator_cardinality": 3850116,
                                                                    "cumulative_rows_scanned": 28099138,
                                                                    "operator_rows_scanned": 0,
                                                                    "operator_timing": 5.0017880320000145,
                                                                    "result_set_size": 261807888,
                                                                    "children": [
                                                                        {
                                                                            "operator_name": "PROJECTION",
                                                                            "cpu_time": 4.252044516000002,
                                                                            "extra_info": {
                                                                                "Projections": [
                                                                                    "id",
                                                                                    "title",
                                                                                    "id",
                                                                                    "CASE  WHEN ((votetypeid = 2)) THEN (1) ELSE 0 END",
                                                                                    "CASE  WHEN ((votetypeid = 3)) THEN (1) ELSE 0 END",
                                                                                    "id"
                                                                                ],
                                                                                "Estimated Cardinality": "7241822"
                                                                            },
                                                                            "cumulative_cardinality": 224666433,
                                                                            "operator_type": "PROJECTION",
                                                                            "operator_cardinality": 38269500,
                                                                            "cumulative_rows_scanned": 28099138,
                                                                            "operator_rows_scanned": 0,
                                                                            "operator_timing": 0.22688914199999874,
                                                                            "result_set_size": 1377702000,
                                                                            "children": [
                                                                                {
                                                                                    "operator_name": "HASH_JOIN",
                                                                                    "cpu_time": 4.025155374000004,
                                                                                    "extra_info": {
                                                                                        "Join Type": "LEFT",
                                                                                        "Conditions": "relatedpostid = id",
                                                                                        "Estimated Cardinality": "7241822"
                                                                                    },
                                                                                    "cumulative_cardinality": 186396933,
                                                                                    "operator_type": "HASH_JOIN",
                                                                                    "operator_cardinality": 38269500,
                                                                                    "cumulative_rows_scanned": 28099138,
                                                                                    "operator_rows_scanned": 0,
                                                                                    "operator_timing": 0.6982484269999977,
                                                                                    "result_set_size": 1148085000,
                                                                                    "children": [
                                                                                        {
                                                                                            "operator_name": "HASH_JOIN",
                                                                                            "cpu_time": 3.3066598200000064,
                                                                                            "extra_info": {
                                                                                                "Join Type": "LEFT",
                                                                                                "Conditions": "id = postid",
                                                                                                "Estimated Cardinality": "7241822"
                                                                                            },
                                                                                            "cumulative_cardinality": 144277317,
                                                                                            "operator_type": "HASH_JOIN",
                                                                                            "operator_cardinality": 38269500,
                                                                                            "cumulative_rows_scanned": 24249022,
                                                                                            "operator_rows_scanned": 0,
                                                                                            "operator_timing": 0.7027389880000147,
                                                                                            "result_set_size": 1148085000,
                                                                                            "children": [
                                                                                                {
                                                                                                    "operator_name": "PROJECTION",
                                                                                                    "cpu_time": 2.5984871439999915,
                                                                                                    "extra_info": {
                                                                                                        "Projections": [
                                                                                                            "#0",
                                                                                                            "#1",
                                                                                                            "#2",
                                                                                                            "__internal_decompress_integral_smallint(#3, 2)"
                                                                                                        ],
                                                                                                        "Estimated Cardinality": "7241822"
                                                                                                    },
                                                                                                    "cumulative_cardinality": 105594826,
                                                                                                    "operator_type": "PROJECTION",
                                                                                                    "operator_cardinality": 32159448,
                                                                                                    "cumulative_rows_scanned": 23836031,
                                                                                                    "operator_rows_scanned": 0,
                                                                                                    "operator_timing": 0.016378625999999785,
                                                                                                    "result_set_size": 836145648,
                                                                                                    "children": [
                                                                                                        {
                                                                                                            "operator_name": "HASH_JOIN",
                                                                                                            "cpu_time": 2.5821085179999916,
                                                                                                            "extra_info": {
                                                                                                                "Join Type": "LEFT",
                                                                                                                "Conditions": "id = postid",
                                                                                                                "Estimated Cardinality": "7241822"
                                                                                                            },
                                                                                                            "cumulative_cardinality": 73435378,
                                                                                                            "operator_type": "HASH_JOIN",
                                                                                                            "operator_cardinality": 32159448,
                                                                                                            "cumulative_rows_scanned": 23836031,
                                                                                                            "operator_rows_scanned": 0,
                                                                                                            "operator_timing": 1.147867950999995,
                                                                                                            "result_set_size": 803986200,
                                                                                                            "children": [
                                                                                                                {
                                                                                                                    "operator_name": "HASH_JOIN",
                                                                                                                    "cpu_time": 1.1703079599999973,
                                                                                                                    "extra_info": {
                                                                                                                        "Join Type": "RIGHT",
                                                                                                                        "Conditions": "postid = id",
                                                                                                                        "Estimated Cardinality": "7241822"
                                                                                                                    },
                                                                                                                    "cumulative_cardinality": 20020204,
                                                                                                                    "operator_type": "HASH_JOIN",
                                                                                                                    "operator_cardinality": 8928266,
                                                                                                                    "cumulative_rows_scanned": 11091938,
                                                                                                                    "operator_rows_scanned": 0,
                                                                                                                    "operator_timing": 0.7225147789999973,
                                                                                                                    "result_set_size": 214278384,
                                                                                                                    "children": [
                                                                                                                        {
                                                                                                                            "operator_name": "READ_PARQUET ",
                                                                                                                            "cpu_time": 0.15316335399999995,
                                                                                                                            "extra_info": {
                                                                                                                                "Function": "READ_PARQUET",
                                                                                                                                "Projections": [
                                                                                                                                    "id",
                                                                                                                                    "postid"
                                                                                                                                ],
                                                                                                                                "Estimated Cardinality": "7241822"
                                                                                                                            },
                                                                                                                            "cumulative_cardinality": 7241822,
                                                                                                                            "operator_type": "TABLE_SCAN",
                                                                                                                            "operator_cardinality": 7241822,
                                                                                                                            "cumulative_rows_scanned": 7241822,
                                                                                                                            "operator_rows_scanned": 7241822,
                                                                                                                            "operator_timing": 0.15316335399999995,
                                                                                                                            "result_set_size": 57934576,
                                                                                                                            "children": []
                                                                                                                        },
                                                                                                                        {
                                                                                                                            "operator_name": "READ_PARQUET ",
                                                                                                                            "cpu_time": 0.2946298270000001,
                                                                                                                            "extra_info": {
                                                                                                                                "Function": "READ_PARQUET",
                                                                                                                                "Projections": [
                                                                                                                                    "id",
                                                                                                                                    "title"
                                                                                                                                ],
                                                                                                                                "Estimated Cardinality": "3850116"
                                                                                                                            },
                                                                                                                            "cumulative_cardinality": 3850116,
                                                                                                                            "operator_type": "TABLE_SCAN",
                                                                                                                            "operator_cardinality": 3850116,
                                                                                                                            "cumulative_rows_scanned": 3850116,
                                                                                                                            "operator_rows_scanned": 3850116,
                                                                                                                            "operator_timing": 0.2946298270000001,
                                                                                                                            "result_set_size": 77002320,
                                                                                                                            "children": []
                                                                                                                        }
                                                                                                                    ]
                                                                                                                },
                                                                                                                {
                                                                                                                    "operator_name": "PROJECTION",
                                                                                                                    "cpu_time": 0.26393260699999954,
                                                                                                                    "extra_info": {
                                                                                                                        "Projections": [
                                                                                                                            "#0",
                                                                                                                            "__internal_compress_integral_utinyint(#1, 2)"
                                                                                                                        ],
                                                                                                                        "Estimated Cardinality": "2548818"
                                                                                                                    },
                                                                                                                    "cumulative_cardinality": 21255726,
                                                                                                                    "operator_type": "PROJECTION",
                                                                                                                    "operator_cardinality": 10627863,
                                                                                                                    "cumulative_rows_scanned": 12744093,
                                                                                                                    "operator_rows_scanned": 0,
                                                                                                                    "operator_timing": 0.003211767000000078,
                                                                                                                    "result_set_size": 53139315,
                                                                                                                    "children": [
                                                                                                                        {
                                                                                                                            "operator_name": "READ_PARQUET ",
                                                                                                                            "cpu_time": 0.26072083999999945,
                                                                                                                            "extra_info": {
                                                                                                                                "Function": "READ_PARQUET",
                                                                                                                                "Projections": [
                                                                                                                                    "postid",
                                                                                                                                    "votetypeid"
                                                                                                                                ],
                                                                                                                                "Filters": "votetypeid>=2 AND votetypeid<=3",
                                                                                                                                "Estimated Cardinality": "2548818"
                                                                                                                            },
                                                                                                                            "cumulative_cardinality": 10627863,
                                                                                                                            "operator_type": "TABLE_SCAN",
                                                                                                                            "operator_cardinality": 10627863,
                                                                                                                            "cumulative_rows_scanned": 12744093,
                                                                                                                            "operator_rows_scanned": 12744093,
                                                                                                                            "operator_timing": 0.26072083999999945,
                                                                                                                            "result_set_size": 63767178,
                                                                                                                            "children": []
                                                                                                                        }
                                                                                                                    ]
                                                                                                                }
                                                                                                            ]
                                                                                                        }
                                                                                                    ]
                                                                                                },
                                                                                                {
                                                                                                    "operator_name": "READ_PARQUET ",
                                                                                                    "cpu_time": 0.005433687999999998,
                                                                                                    "extra_info": {
                                                                                                        "Function": "READ_PARQUET",
                                                                                                        "Projections": [
                                                                                                            "postid",
                                                                                                            "relatedpostid"
                                                                                                        ],
                                                                                                        "Estimated Cardinality": "412991"
                                                                                                    },
                                                                                                    "cumulative_cardinality": 412991,
                                                                                                    "operator_type": "TABLE_SCAN",
                                                                                                    "operator_cardinality": 412991,
                                                                                                    "cumulative_rows_scanned": 412991,
                                                                                                    "operator_rows_scanned": 412991,
                                                                                                    "operator_timing": 0.005433687999999998,
                                                                                                    "result_set_size": 3303928,
                                                                                                    "children": []
                                                                                                }
                                                                                            ]
                                                                                        },
                                                                                        {
                                                                                            "operator_name": "READ_PARQUET ",
                                                                                            "cpu_time": 0.02024712699999994,
                                                                                            "extra_info": {
                                                                                                "Function": "READ_PARQUET",
                                                                                                "Projections": "id",
                                                                                                "Estimated Cardinality": "3850116"
                                                                                            },
                                                                                            "cumulative_cardinality": 3850116,
                                                                                            "operator_type": "TABLE_SCAN",
                                                                                            "operator_cardinality": 3850116,
                                                                                            "cumulative_rows_scanned": 3850116,
                                                                                            "operator_rows_scanned": 3850116,
                                                                                            "operator_timing": 0.02024712699999994,
                                                                                            "result_set_size": 15400464,
                                                                                            "children": []
                                                                                        }
                                                                                    ]
                                                                                }
                                                                            ]
                                                                        }
                                                                    ]
                                                                }
                                                            ]
                                                        }
                                                    ]
                                                }
                                            ]
                                        },
                                        {
                                            "operator_name": "FILTER",
                                            "cpu_time": 0.01747186300000001,
                                            "extra_info": {
                                                "Expression": "(id <= 1416539)",
                                                "Estimated Cardinality": "252142"
                                            },
                                            "cumulative_cardinality": 22430,
                                            "operator_type": "FILTER",
                                            "operator_cardinality": 11215,
                                            "cumulative_rows_scanned": 1260710,
                                            "operator_rows_scanned": 0,
                                            "operator_timing": 0.000368041000000001,
                                            "result_set_size": 89720,
                                            "children": [
                                                {
                                                    "operator_name": "READ_PARQUET ",
                                                    "cpu_time": 0.01710382200000001,
                                                    "extra_info": {
                                                        "Function": "READ_PARQUET",
                                                        "Projections": [
                                                            "id",
                                                            "reputation"
                                                        ],
                                                        "Filters": "reputation>1000",
                                                        "Estimated Cardinality": "252142"
                                                    },
                                                    "cumulative_cardinality": 11215,
                                                    "operator_type": "TABLE_SCAN",
                                                    "operator_cardinality": 11215,
                                                    "cumulative_rows_scanned": 1260710,
                                                    "operator_rows_scanned": 1260710,
                                                    "operator_timing": 0.01710382200000001,
                                                    "result_set_size": 89720,
                                                    "children": []
                                                }
                                            ]
                                        }
                                    ]
                                }
                            ]
                        }
                    ]
                }
            ]
        }
    ]
}