{
    "rows_returned": 10,
    "query_name": "WITH TopUsers AS (\n    SELECT Id, DisplayName, Reputation\n    FROM Users\n    WHERE Reputation > 5000\n    ORDER BY Reputation DESC\n    LIMIT 20\n), UserPostCounts AS (\n    SELECT OwnerUserId, COUNT(*) AS PostCount\n    FROM Posts\n    WHERE CreationDate >= cast('2024-10-01' as date) - interval '1 year'\n    GROUP BY OwnerUserId\n), UserBadges AS (\n    SELECT UserId, COUNT(*) AS BadgeCount\n    FROM Badges\n    WHERE Date >= cast('2024-10-01' as date) - interval '1 year'\n    GROUP BY UserId\n), UserScores AS (\n    SELECT u.Id AS UserId, u.DisplayName, COALESCE(UPC.PostCount, 0) AS PostCount, COALESCE(UB.BadgeCount, 0) AS BadgeCount\n    FROM TopUsers u\n    LEFT JOIN UserPostCounts UPC ON u.Id = UPC.OwnerUserId\n    LEFT JOIN UserBadges UB ON u.Id = UB.UserId\n)\nSELECT u.UserId, u.DisplayName, u.PostCount, u.BadgeCount\nFROM UserScores u\nJOIN (\n    SELECT UserId, SUM(DISTINCT Score) AS TotalScore\n    FROM Posts\n    JOIN Votes ON Posts.Id = Votes.PostId\n    GROUP BY UserId\n) v ON u.UserId = v.UserId\nORDER BY u.PostCount DESC, v.TotalScore DESC\nLIMIT 10;",
    "blocked_thread_time": 0.0,
    "cpu_time": 1.0040148869999996,
    "extra_info": {},
    "cumulative_cardinality": 8551748,
    "cumulative_rows_scanned": 24026759,
    "result_set_size": 360,
    "latency": 1.119389817,
    "children": [
        {
            "operator_name": "PROJECTION",
            "cpu_time": 1.0040148869999996,
            "extra_info": {
                "Projections": [
                    "#0",
                    "#1",
                    "#2",
                    "#3"
                ],
                "Estimated Cardinality": "10"
            },
            "cumulative_cardinality": 8551748,
            "operator_type": "PROJECTION",
            "operator_cardinality": 10,
            "cumulative_rows_scanned": 24026759,
            "operator_rows_scanned": 0,
            "operator_timing": 6.81e-7,
            "result_set_size": 360,
            "children": [
                {
                    "operator_name": "STREAMING_LIMIT",
                    "cpu_time": 1.0040142059999997,
                    "extra_info": {},
                    "cumulative_cardinality": 8551738,
                    "operator_type": "STREAMING_LIMIT",
                    "operator_cardinality": 10,
                    "cumulative_rows_scanned": 24026759,
                    "operator_rows_scanned": 0,
                    "operator_timing": 0.000001904,
                    "result_set_size": 520,
                    "children": [
                        {
                            "operator_name": "ORDER_BY",
                            "cpu_time": 1.0040123019999996,
                            "extra_info": {
                                "Order By": [
                                    "u.PostCount DESC",
                                    "#4 DESC"
                                ]
                            },
                            "cumulative_cardinality": 8551728,
                            "operator_type": "ORDER_BY",
                            "operator_cardinality": 14,
                            "cumulative_rows_scanned": 24026759,
                            "operator_rows_scanned": 0,
                            "operator_timing": 0.000064782,
                            "result_set_size": 728,
                            "children": [
                                {
                                    "operator_name": "PROJECTION",
                                    "cpu_time": 1.0039475199999996,
                                    "extra_info": {
                                        "Projections": [
                                            "UserId",
                                            "displayname",
                                            "PostCount",
                                            "BadgeCount",
                                            "TotalScore"
                                        ],
                                        "Estimated Cardinality": "1175795"
                                    },
                                    "cumulative_cardinality": 8551714,
                                    "operator_type": "PROJECTION",
                                    "operator_cardinality": 14,
                                    "cumulative_rows_scanned": 24026759,
                                    "operator_rows_scanned": 0,
                                    "operator_timing": 0.000001062,
                                    "result_set_size": 728,
                                    "children": [
                                        {
                                            "operator_name": "HASH_JOIN",
                                            "cpu_time": 1.0039464579999997,
                                            "extra_info": {
                                                "Join Type": "INNER",
                                                "Conditions": "userid = UserId",
                                                "Estimated Cardinality": "1175795"
                                            },
                                            "cumulative_cardinality": 8551700,
                                            "operator_type": "HASH_JOIN",
                                            "operator_cardinality": 14,
                                            "cumulative_rows_scanned": 24026759,
                                            "operator_rows_scanned": 0,
                                            "operator_timing": 0.00045789500000000005,
                                            "result_set_size": 728,
                                            "children": [
                                                {
                                                    "operator_name": "HASH_GROUP_BY",
                                                    "cpu_time": 0.7452087209999996,
                                                    "extra_info": {
                                                        "Groups": "#0",
                                                        "Aggregates": "sum(DISTINCT #1)",
                                                        "Estimated Cardinality": "3850116"
                                                    },
                                                    "cumulative_cardinality": 7810533,
                                                    "operator_type": "HASH_GROUP_BY",
                                                    "operator_cardinality": 7770,
                                                    "cumulative_rows_scanned": 16594209,
                                                    "operator_rows_scanned": 0,
                                                    "operator_timing": 0.0012898909999999998,
                                                    "result_set_size": 155400,
                                                    "children": [
                                                        {
                                                            "operator_name": "PROJECTION",
                                                            "cpu_time": 0.7439188299999996,
                                                            "extra_info": {
                                                                "Projections": [
                                                                    "userid",
                                                                    "score"
                                                                ],
                                                                "Estimated Cardinality": "12744093"
                                                            },
                                                            "cumulative_cardinality": 7802763,
                                                            "operator_type": "PROJECTION",
                                                            "operator_cardinality": 25348,
                                                            "cumulative_rows_scanned": 16594209,
                                                            "operator_rows_scanned": 0,
                                                            "operator_timing": 0.000006391999999999999,
                                                            "result_set_size": 202784,
                                                            "children": [
                                                                {
                                                                    "operator_name": "PROJECTION",
                                                                    "cpu_time": 0.7439124379999996,
                                                                    "extra_info": {
                                                                        "Projections": [
                                                                            "#0",
                                                                            "__internal_decompress_integral_integer(#1, -72)"
                                                                        ],
                                                                        "Estimated Cardinality": "12744093"
                                                                    },
                                                                    "cumulative_cardinality": 7777415,
                                                                    "operator_type": "PROJECTION",
                                                                    "operator_cardinality": 25348,
                                                                    "cumulative_rows_scanned": 16594209,
                                                                    "operator_rows_scanned": 0,
                                                                    "operator_timing": 0.000035616,
                                                                    "result_set_size": 202784,
                                                                    "children": [
                                                                        {
                                                                            "operator_name": "HASH_JOIN",
                                                                            "cpu_time": 0.7438768219999996,
                                                                            "extra_info": {
                                                                                "Join Type": "INNER",
                                                                                "Conditions": "postid = id",
                                                                                "Estimated Cardinality": "12744093"
                                                                            },
                                                                            "cumulative_cardinality": 7752067,
                                                                            "operator_type": "HASH_JOIN",
                                                                            "operator_cardinality": 25348,
                                                                            "cumulative_rows_scanned": 16594209,
                                                                            "operator_rows_scanned": 0,
                                                                            "operator_timing": 0.3170332229999997,
                                                                            "result_set_size": 152088,
                                                                            "children": [
                                                                                {
                                                                                    "operator_name": "READ_PARQUET ",
                                                                                    "cpu_time": 0.32612536900000016,
                                                                                    "extra_info": {
                                                                                        "Function": "READ_PARQUET",
                                                                                        "Projections": [
                                                                                            "postid",
                                                                                            "userid"
                                                                                        ],
                                                                                        "Estimated Cardinality": "12744093"
                                                                                    },
                                                                                    "cumulative_cardinality": 26493,
                                                                                    "operator_type": "TABLE_SCAN",
                                                                                    "operator_cardinality": 26493,
                                                                                    "cumulative_rows_scanned": 12744093,
                                                                                    "operator_rows_scanned": 12744093,
                                                                                    "operator_timing": 0.32612536900000016,
                                                                                    "result_set_size": 211944,
                                                                                    "children": []
                                                                                },
                                                                                {
                                                                                    "operator_name": "PROJECTION",
                                                                                    "cpu_time": 0.10071822999999981,
                                                                                    "extra_info": {
                                                                                        "Projections": [
                                                                                            "#0",
                                                                                            "__internal_compress_integral_usmallint(#1, -72)"
                                                                                        ],
                                                                                        "Estimated Cardinality": "3850116"
                                                                                    },
                                                                                    "cumulative_cardinality": 7700226,
                                                                                    "operator_type": "PROJECTION",
                                                                                    "operator_cardinality": 3850113,
                                                                                    "cumulative_rows_scanned": 3850116,
                                                                                    "operator_rows_scanned": 0,
                                                                                    "operator_timing": 0.002192650000000003,
                                                                                    "result_set_size": 23100678,
                                                                                    "children": [
                                                                                        {
                                                                                            "operator_name": "READ_PARQUET ",
                                                                                            "cpu_time": 0.09852557999999981,
                                                                                            "extra_info": {
                                                                                                "Function": "READ_PARQUET",
                                                                                                "Projections": [
                                                                                                    "id",
                                                                                                    "score"
                                                                                                ],
                                                                                                "Filters": "id<=4978525",
                                                                                                "Estimated Cardinality": "3850116"
                                                                                            },
                                                                                            "cumulative_cardinality": 3850113,
                                                                                            "operator_type": "TABLE_SCAN",
                                                                                            "operator_cardinality": 3850113,
                                                                                            "cumulative_rows_scanned": 3850116,
                                                                                            "operator_rows_scanned": 3850116,
                                                                                            "operator_timing": 0.09852557999999981,
                                                                                            "result_set_size": 30800904,
                                                                                            "children": []
                                                                                        }
                                                                                    ]
                                                                                }
                                                                            ]
                                                                        }
                                                                    ]
                                                                }
                                                            ]
                                                        }
                                                    ]
                                                },
                                                {
                                                    "operator_name": "PROJECTION",
                                                    "cpu_time": 0.25827984200000004,
                                                    "extra_info": {
                                                        "Projections": [
                                                            "UserId",
                                                            "displayname",
                                                            "PostCount",
                                                            "BadgeCount"
                                                        ],
                                                        "Estimated Cardinality": "385011"
                                                    },
                                                    "cumulative_cardinality": 741153,
                                                    "operator_type": "PROJECTION",
                                                    "operator_cardinality": 20,
                                                    "cumulative_rows_scanned": 7432550,
                                                    "operator_rows_scanned": 0,
                                                    "operator_timing": 0.000022592,
                                                    "result_set_size": 720,
                                                    "children": [
                                                        {
                                                            "operator_name": "FILTER",
                                                            "cpu_time": 0.25825725000000005,
                                                            "extra_info": {
                                                                "Expression": "(UserId <= 1400285)",
                                                                "Estimated Cardinality": "385011"
                                                            },
                                                            "cumulative_cardinality": 741133,
                                                            "operator_type": "FILTER",
                                                            "operator_cardinality": 20,
                                                            "cumulative_rows_scanned": 7432550,
                                                            "operator_rows_scanned": 0,
                                                            "operator_timing": 0.000019337,
                                                            "result_set_size": 720,
                                                            "children": [
                                                                {
                                                                    "operator_name": "HASH_JOIN",
                                                                    "cpu_time": 0.25823791300000004,
                                                                    "extra_info": {
                                                                        "Join Type": "LEFT",
                                                                        "Conditions": "id = userid",
                                                                        "Estimated Cardinality": "385011"
                                                                    },
                                                                    "cumulative_cardinality": 741113,
                                                                    "operator_type": "HASH_JOIN",
                                                                    "operator_cardinality": 20,
                                                                    "cumulative_rows_scanned": 7432550,
                                                                    "operator_rows_scanned": 0,
                                                                    "operator_timing": 0.003881599,
                                                                    "result_set_size": 720,
                                                                    "children": [
                                                                        {
                                                                            "operator_name": "HASH_JOIN",
                                                                            "cpu_time": 0.15608477999999998,
                                                                            "extra_info": {
                                                                                "Join Type": "RIGHT",
                                                                                "Conditions": "owneruserid = id",
                                                                                "Estimated Cardinality": "385011"
                                                                            },
                                                                            "cumulative_cardinality": 331246,
                                                                            "operator_type": "HASH_JOIN",
                                                                            "operator_cardinality": 20,
                                                                            "cumulative_rows_scanned": 5110826,
                                                                            "operator_rows_scanned": 0,
                                                                            "operator_timing": 0.000479749,
                                                                            "result_set_size": 560,
                                                                            "children": [
                                                                                {
                                                                                    "operator_name": "HASH_GROUP_BY",
                                                                                    "cpu_time": 0.034494027000000003,
                                                                                    "extra_info": {
                                                                                        "Groups": "#0",
                                                                                        "Aggregates": "count_star()",
                                                                                        "Estimated Cardinality": "385011"
                                                                                    },
                                                                                    "cumulative_cardinality": 323919,
                                                                                    "operator_type": "HASH_GROUP_BY",
                                                                                    "operator_cardinality": 32477,
                                                                                    "cumulative_rows_scanned": 3850116,
                                                                                    "operator_rows_scanned": 0,
                                                                                    "operator_timing": 0.005380027000000001,
                                                                                    "result_set_size": 389724,
                                                                                    "children": [
                                                                                        {
                                                                                            "operator_name": "PROJECTION",
                                                                                            "cpu_time": 0.029114000000000004,
                                                                                            "extra_info": {
                                                                                                "Projections": "owneruserid",
                                                                                                "Estimated Cardinality": "770023"
                                                                                            },
                                                                                            "cumulative_cardinality": 291442,
                                                                                            "operator_type": "PROJECTION",
                                                                                            "operator_cardinality": 145721,
                                                                                            "cumulative_rows_scanned": 3850116,
                                                                                            "operator_rows_scanned": 0,
                                                                                            "operator_timing": 0.000019079999999999994,
                                                                                            "result_set_size": 582884,
                                                                                            "children": [
                                                                                                {
                                                                                                    "operator_name": "READ_PARQUET ",
                                                                                                    "cpu_time": 0.029094920000000003,
                                                                                                    "extra_info": {
                                                                                                        "Function": "READ_PARQUET",
                                                                                                        "Projections": "owneruserid",
                                                                                                        "Filters": "creationdate>='2023-10-01 00:00:00'::TIMESTAMP",
                                                                                                        "Estimated Cardinality": "770023"
                                                                                                    },
                                                                                                    "cumulative_cardinality": 145721,
                                                                                                    "operator_type": "TABLE_SCAN",
                                                                                                    "operator_cardinality": 145721,
                                                                                                    "cumulative_rows_scanned": 3850116,
                                                                                                    "operator_rows_scanned": 3850116,
                                                                                                    "operator_timing": 0.029094920000000003,
                                                                                                    "result_set_size": 582884,
                                                                                                    "children": []
                                                                                                }
                                                                                            ]
                                                                                        }
                                                                                    ]
                                                                                },
                                                                                {
                                                                                    "operator_name": "STREAMING_LIMIT",
                                                                                    "cpu_time": 0.12111100399999997,
                                                                                    "extra_info": {},
                                                                                    "cumulative_cardinality": 7307,
                                                                                    "operator_type": "STREAMING_LIMIT",
                                                                                    "operator_cardinality": 20,
                                                                                    "cumulative_rows_scanned": 1260710,
                                                                                    "operator_rows_scanned": 0,
                                                                                    "operator_timing": 0.000001703,
                                                                                    "result_set_size": 480,
                                                                                    "children": [
                                                                                        {
                                                                                            "operator_name": "ORDER_BY",
                                                                                            "cpu_time": 0.12110930099999996,
                                                                                            "extra_info": {
                                                                                                "Order By": "\"temp\".main.users.Reputation DESC"
                                                                                            },
                                                                                            "cumulative_cardinality": 7287,
                                                                                            "operator_type": "ORDER_BY",
                                                                                            "operator_cardinality": 2429,
                                                                                            "cumulative_rows_scanned": 1260710,
                                                                                            "operator_rows_scanned": 0,
                                                                                            "operator_timing": 0.0012855700000000002,
                                                                                            "result_set_size": 58296,
                                                                                            "children": [
                                                                                                {
                                                                                                    "operator_name": "PROJECTION",
                                                                                                    "cpu_time": 0.11982373099999996,
                                                                                                    "extra_info": {
                                                                                                        "Projections": [
                                                                                                            "id",
                                                                                                            "displayname",
                                                                                                            "reputation"
                                                                                                        ],
                                                                                                        "Estimated Cardinality": "252142"
                                                                                                    },
                                                                                                    "cumulative_cardinality": 4858,
                                                                                                    "operator_type": "PROJECTION",
                                                                                                    "operator_cardinality": 2429,
                                                                                                    "cumulative_rows_scanned": 1260710,
                                                                                                    "operator_rows_scanned": 0,
                                                                                                    "operator_timing": 0.00010063499999999997,
                                                                                                    "result_set_size": 58296,
                                                                                                    "children": [
                                                                                                        {
                                                                                                            "operator_name": "READ_PARQUET ",
                                                                                                            "cpu_time": 0.11972309599999996,
                                                                                                            "extra_info": {
                                                                                                                "Function": "READ_PARQUET",
                                                                                                                "Projections": [
                                                                                                                    "id",
                                                                                                                    "reputation",
                                                                                                                    "displayname"
                                                                                                                ],
                                                                                                                "Filters": "reputation>5000",
                                                                                                                "Estimated Cardinality": "252142"
                                                                                                            },
                                                                                                            "cumulative_cardinality": 2429,
                                                                                                            "operator_type": "TABLE_SCAN",
                                                                                                            "operator_cardinality": 2429,
                                                                                                            "cumulative_rows_scanned": 1260710,
                                                                                                            "operator_rows_scanned": 1260710,
                                                                                                            "operator_timing": 0.11972309599999996,
                                                                                                            "result_set_size": 58296,
                                                                                                            "children": []
                                                                                                        }
                                                                                                    ]
                                                                                                }
                                                                                            ]
                                                                                        }
                                                                                    ]
                                                                                }
                                                                            ]
                                                                        },
                                                                        {
                                                                            "operator_name": "HASH_GROUP_BY",
                                                                            "cpu_time": 0.09827153400000006,
                                                                            "extra_info": {
                                                                                "Groups": "#0",
                                                                                "Aggregates": "count_star()",
                                                                                "Estimated Cardinality": "232172"
                                                                            },
                                                                            "cumulative_cardinality": 409847,
                                                                            "operator_type": "HASH_GROUP_BY",
                                                                            "operator_cardinality": 82551,
                                                                            "cumulative_rows_scanned": 2321724,
                                                                            "operator_rows_scanned": 0,
                                                                            "operator_timing": 0.010284051999999993,
                                                                            "result_set_size": 990612,
                                                                            "children": [
                                                                                {
                                                                                    "operator_name": "PROJECTION",
                                                                                    "cpu_time": 0.08798748200000008,
                                                                                    "extra_info": {
                                                                                        "Projections": "userid",
                                                                                        "Estimated Cardinality": "464344"
                                                                                    },
                                                                                    "cumulative_cardinality": 327296,
                                                                                    "operator_type": "PROJECTION",
                                                                                    "operator_cardinality": 163648,
                                                                                    "cumulative_rows_scanned": 2321724,
                                                                                    "operator_rows_scanned": 0,
                                                                                    "operator_timing": 0.00004256900000000001,
                                                                                    "result_set_size": 654592,
                                                                                    "children": [
                                                                                        {
                                                                                            "operator_name": "READ_PARQUET ",
                                                                                            "cpu_time": 0.08794491300000007,
                                                                                            "extra_info": {
                                                                                                "Function": "READ_PARQUET",
                                                                                                "Projections": "userid",
                                                                                                "Filters": "date>='2023-10-01 00:00:00'::TIMESTAMP",
                                                                                                "Estimated Cardinality": "464344"
                                                                                            },
                                                                                            "cumulative_cardinality": 163648,
                                                                                            "operator_type": "TABLE_SCAN",
                                                                                            "operator_cardinality": 163648,
                                                                                            "cumulative_rows_scanned": 2321724,
                                                                                            "operator_rows_scanned": 2321724,
                                                                                            "operator_timing": 0.08794491300000007,
                                                                                            "result_set_size": 654592,
                                                                                            "children": []
                                                                                        }
                                                                                    ]
                                                                                }
                                                                            ]
                                                                        }
                                                                    ]
                                                                }
                                                            ]
                                                        }
                                                    ]
                                                }
                                            ]
                                        }
                                    ]
                                }
                            ]
                        }
                    ]
                }
            ]
        }
    ]
}