{
    "rows_returned": 10,
    "query_name": "\nWITH UserBadges AS (\n    SELECT U.Id AS UserId, \n           U.DisplayName, \n           COUNT(B.Id) AS BadgeCount, \n           MAX(B.Date) AS LastBadgeDate \n    FROM Users U\n    LEFT JOIN Badges B ON U.Id = B.UserId\n    GROUP BY U.Id, U.DisplayName\n), \nTopUsers AS (\n    SELECT UserId, \n           DisplayName, \n           BadgeCount, \n           LastBadgeDate \n    FROM UserBadges\n    WHERE BadgeCount > 0\n    ORDER BY BadgeCount DESC \n    LIMIT 10\n),\nPostStats AS (\n    SELECT P.OwnerUserId, \n           COUNT(P.Id) AS PostCount, \n           SUM(CASE WHEN P.PostTypeId = 1 THEN 1 ELSE 0 END) AS QuestionCount, \n           SUM(CASE WHEN P.PostTypeId = 2 THEN 1 ELSE 0 END) AS AnswerCount, \n           SUM(COALESCE(P.ViewCount, 0)) AS TotalViews \n    FROM Posts P\n    WHERE P.CreationDate >= TIMESTAMP '2024-10-01 12:34:56' - INTERVAL '1 year'\n    GROUP BY P.OwnerUserId\n),\nUserPostStats AS (\n    SELECT U.Id AS UserId, \n           U.DisplayName, \n           PS.PostCount, \n           PS.QuestionCount, \n           PS.AnswerCount, \n           PS.TotalViews \n    FROM Users U \n    LEFT JOIN PostStats PS ON U.Id = PS.OwnerUserId\n)\nSELECT U.UserId, \n       U.DisplayName, \n       U.BadgeCount, \n       U.LastBadgeDate, \n       UPS.PostCount, \n       UPS.QuestionCount, \n       UPS.AnswerCount, \n       UPS.TotalViews \nFROM TopUsers U \nLEFT JOIN UserPostStats UPS ON U.UserId = UPS.UserId\nORDER BY U.BadgeCount DESC, UPS.TotalViews DESC;\n",
    "blocked_thread_time": 0.0,
    "cpu_time": 0.8459748549999994,
    "extra_info": {},
    "cumulative_cardinality": 11915488,
    "cumulative_rows_scanned": 8693260,
    "result_set_size": 920,
    "latency": 0.898806372,
    "children": [
        {
            "operator_name": "ORDER_BY",
            "cpu_time": 0.8459748549999994,
            "extra_info": {
                "Order By": [
                    "U.BadgeCount DESC",
                    "UPS.TotalViews DESC"
                ]
            },
            "cumulative_cardinality": 11915488,
            "operator_type": "ORDER_BY",
            "operator_cardinality": 10,
            "cumulative_rows_scanned": 8693260,
            "operator_rows_scanned": 0,
            "operator_timing": 0.000030307,
            "result_set_size": 920,
            "children": [
                {
                    "operator_name": "PROJECTION",
                    "cpu_time": 0.8459445479999994,
                    "extra_info": {
                        "Projections": [
                            "UserId",
                            "displayname",
                            "BadgeCount",
                            "LastBadgeDate",
                            "PostCount",
                            "QuestionCount",
                            "AnswerCount",
                            "TotalViews"
                        ],
                        "Estimated Cardinality": "1260710"
                    },
                    "cumulative_cardinality": 11915478,
                    "operator_type": "PROJECTION",
                    "operator_cardinality": 10,
                    "cumulative_rows_scanned": 8693260,
                    "operator_rows_scanned": 0,
                    "operator_timing": 8.21e-7,
                    "result_set_size": 920,
                    "children": [
                        {
                            "operator_name": "HASH_JOIN",
                            "cpu_time": 0.8459437269999994,
                            "extra_info": {
                                "Join Type": "RIGHT",
                                "Conditions": "UserId = UserId",
                                "Estimated Cardinality": "1260710"
                            },
                            "cumulative_cardinality": 11915468,
                            "operator_type": "HASH_JOIN",
                            "operator_cardinality": 10,
                            "cumulative_rows_scanned": 8693260,
                            "operator_rows_scanned": 0,
                            "operator_timing": 0.0004706709999999998,
                            "result_set_size": 920,
                            "children": [
                                {
                                    "operator_name": "HASH_JOIN",
                                    "cpu_time": 0.054972187,
                                    "extra_info": {
                                        "Join Type": "LEFT",
                                        "Conditions": "id = owneruserid",
                                        "Estimated Cardinality": "1260710"
                                    },
                                    "cumulative_cardinality": 452361,
                                    "operator_type": "HASH_JOIN",
                                    "operator_cardinality": 64412,
                                    "cumulative_rows_scanned": 5110826,
                                    "operator_rows_scanned": 0,
                                    "operator_timing": 0.002440931,
                                    "result_set_size": 3864720,
                                    "children": [
                                        {
                                            "operator_name": "READ_PARQUET ",
                                            "cpu_time": 0.010979217,
                                            "extra_info": {
                                                "Function": "READ_PARQUET",
                                                "Projections": "id",
                                                "Estimated Cardinality": "1260710"
                                            },
                                            "cumulative_cardinality": 64412,
                                            "operator_type": "TABLE_SCAN",
                                            "operator_cardinality": 64412,
                                            "cumulative_rows_scanned": 1260710,
                                            "operator_rows_scanned": 1260710,
                                            "operator_timing": 0.010979217,
                                            "result_set_size": 257648,
                                            "children": []
                                        },
                                        {
                                            "operator_name": "HASH_GROUP_BY",
                                            "cpu_time": 0.041552039,
                                            "extra_info": {
                                                "Groups": "#0",
                                                "Aggregates": [
                                                    "count_star()",
                                                    "sum(#1)",
                                                    "sum(#2)",
                                                    "sum(#3)"
                                                ],
                                                "Estimated Cardinality": "385011"
                                            },
                                            "cumulative_cardinality": 323537,
                                            "operator_type": "HASH_GROUP_BY",
                                            "operator_cardinality": 32453,
                                            "cumulative_rows_scanned": 3850116,
                                            "operator_rows_scanned": 0,
                                            "operator_timing": 0.005300905000000002,
                                            "result_set_size": 1947180,
                                            "children": [
                                                {
                                                    "operator_name": "PROJECTION",
                                                    "cpu_time": 0.036251134,
                                                    "extra_info": {
                                                        "Projections": [
                                                            "owneruserid",
                                                            "CASE  WHEN ((posttypeid = 1)) THEN (1) ELSE 0 END",
                                                            "CASE  WHEN ((posttypeid = 2)) THEN (1) ELSE 0 END",
                                                            "COALESCE(viewcount, 0)"
                                                        ],
                                                        "Estimated Cardinality": "770023"
                                                    },
                                                    "cumulative_cardinality": 291084,
                                                    "operator_type": "PROJECTION",
                                                    "operator_cardinality": 145542,
                                                    "cumulative_rows_scanned": 3850116,
                                                    "operator_rows_scanned": 0,
                                                    "operator_timing": 0.0033021679999999994,
                                                    "result_set_size": 2328672,
                                                    "children": [
                                                        {
                                                            "operator_name": "READ_PARQUET ",
                                                            "cpu_time": 0.032948965999999996,
                                                            "extra_info": {
                                                                "Function": "READ_PARQUET",
                                                                "Projections": [
                                                                    "id",
                                                                    "posttypeid",
                                                                    "viewcount",
                                                                    "owneruserid"
                                                                ],
                                                                "Filters": "creationdate>='2023-10-01 12:34:56'::TIMESTAMP",
                                                                "Estimated Cardinality": "770023"
                                                            },
                                                            "cumulative_cardinality": 145542,
                                                            "operator_type": "TABLE_SCAN",
                                                            "operator_cardinality": 145542,
                                                            "cumulative_rows_scanned": 3850116,
                                                            "operator_rows_scanned": 3850116,
                                                            "operator_timing": 0.032948965999999996,
                                                            "result_set_size": 2037588,
                                                            "children": []
                                                        }
                                                    ]
                                                }
                                            ]
                                        }
                                    ]
                                },
                                {
                                    "operator_name": "STREAMING_LIMIT",
                                    "cpu_time": 0.7905008689999994,
                                    "extra_info": {},
                                    "cumulative_cardinality": 11463097,
                                    "operator_type": "STREAMING_LIMIT",
                                    "operator_cardinality": 10,
                                    "cumulative_rows_scanned": 3582434,
                                    "operator_rows_scanned": 0,
                                    "operator_timing": 0.000002356,
                                    "result_set_size": 360,
                                    "children": [
                                        {
                                            "operator_name": "ORDER_BY",
                                            "cpu_time": 0.7904985129999994,
                                            "extra_info": {
                                                "Order By": "UserBadges.BadgeCount DESC"
                                            },
                                            "cumulative_cardinality": 11463087,
                                            "operator_type": "ORDER_BY",
                                            "operator_cardinality": 4096,
                                            "cumulative_rows_scanned": 3582434,
                                            "operator_rows_scanned": 0,
                                            "operator_timing": 0.014872447999999998,
                                            "result_set_size": 147456,
                                            "children": [
                                                {
                                                    "operator_name": "FILTER",
                                                    "cpu_time": 0.7756260649999994,
                                                    "extra_info": {
                                                        "Expression": "(BadgeCount > 0)",
                                                        "Estimated Cardinality": "252142"
                                                    },
                                                    "cumulative_cardinality": 11458991,
                                                    "operator_type": "FILTER",
                                                    "operator_cardinality": 549021,
                                                    "cumulative_rows_scanned": 3582434,
                                                    "operator_rows_scanned": 0,
                                                    "operator_timing": 0.001626601,
                                                    "result_set_size": 19764756,
                                                    "children": [
                                                        {
                                                            "operator_name": "HASH_GROUP_BY",
                                                            "cpu_time": 0.7739994639999994,
                                                            "extra_info": {
                                                                "Groups": [
                                                                    "#0",
                                                                    "#1"
                                                                ],
                                                                "Aggregates": [
                                                                    "count(#2)",
                                                                    "max(#3)"
                                                                ],
                                                                "Estimated Cardinality": "1260710"
                                                            },
                                                            "cumulative_cardinality": 10909970,
                                                            "operator_type": "HASH_GROUP_BY",
                                                            "operator_cardinality": 1260710,
                                                            "cumulative_rows_scanned": 3582434,
                                                            "operator_rows_scanned": 0,
                                                            "operator_timing": 0.370099103,
                                                            "result_set_size": 45385560,
                                                            "children": [
                                                                {
                                                                    "operator_name": "PROJECTION",
                                                                    "cpu_time": 0.4039003609999995,
                                                                    "extra_info": {
                                                                        "Projections": [
                                                                            "id",
                                                                            "displayname",
                                                                            "id",
                                                                            "date"
                                                                        ],
                                                                        "Estimated Cardinality": "2321724"
                                                                    },
                                                                    "cumulative_cardinality": 9649260,
                                                                    "operator_type": "PROJECTION",
                                                                    "operator_cardinality": 3033413,
                                                                    "cumulative_rows_scanned": 3582434,
                                                                    "operator_rows_scanned": 0,
                                                                    "operator_timing": 0.0005259459999999977,
                                                                    "result_set_size": 97069216,
                                                                    "children": [
                                                                        {
                                                                            "operator_name": "HASH_JOIN",
                                                                            "cpu_time": 0.4033744149999995,
                                                                            "extra_info": {
                                                                                "Join Type": "RIGHT",
                                                                                "Conditions": "userid = id",
                                                                                "Estimated Cardinality": "2321724"
                                                                            },
                                                                            "cumulative_cardinality": 6615847,
                                                                            "operator_type": "HASH_JOIN",
                                                                            "operator_cardinality": 3033413,
                                                                            "cumulative_rows_scanned": 3582434,
                                                                            "operator_rows_scanned": 0,
                                                                            "operator_timing": 0.21114244899999948,
                                                                            "result_set_size": 97069216,
                                                                            "children": [
                                                                                {
                                                                                    "operator_name": "READ_PARQUET ",
                                                                                    "cpu_time": 0.07889892300000007,
                                                                                    "extra_info": {
                                                                                        "Function": "READ_PARQUET",
                                                                                        "Projections": [
                                                                                            "id",
                                                                                            "userid",
                                                                                            "date"
                                                                                        ],
                                                                                        "Estimated Cardinality": "2321724"
                                                                                    },
                                                                                    "cumulative_cardinality": 2321724,
                                                                                    "operator_type": "TABLE_SCAN",
                                                                                    "operator_cardinality": 2321724,
                                                                                    "cumulative_rows_scanned": 2321724,
                                                                                    "operator_rows_scanned": 2321724,
                                                                                    "operator_timing": 0.07889892300000007,
                                                                                    "result_set_size": 37147584,
                                                                                    "children": []
                                                                                },
                                                                                {
                                                                                    "operator_name": "READ_PARQUET ",
                                                                                    "cpu_time": 0.11333304299999991,
                                                                                    "extra_info": {
                                                                                        "Function": "READ_PARQUET",
                                                                                        "Projections": [
                                                                                            "id",
                                                                                            "displayname"
                                                                                        ],
                                                                                        "Estimated Cardinality": "1260710"
                                                                                    },
                                                                                    "cumulative_cardinality": 1260710,
                                                                                    "operator_type": "TABLE_SCAN",
                                                                                    "operator_cardinality": 1260710,
                                                                                    "cumulative_rows_scanned": 1260710,
                                                                                    "operator_rows_scanned": 1260710,
                                                                                    "operator_timing": 0.11333304299999991,
                                                                                    "result_set_size": 25214200,
                                                                                    "children": []
                                                                                }
                                                                            ]
                                                                        }
                                                                    ]
                                                                }
                                                            ]
                                                        }
                                                    ]
                                                }
                                            ]
                                        }
                                    ]
                                }
                            ]
                        }
                    ]
                }
            ]
        }
    ]
}