{
    "rows_returned": 3,
    "query_name": "WITH UserReputation AS (\n    SELECT Id, Reputation, UpVotes, DownVotes, (UpVotes - DownVotes) AS NetVotes\n    FROM Users\n),\nPostStats AS (\n    SELECT \n        p.Id AS PostId,\n        p.Title,\n        p.CreationDate,\n        p.Score,\n        p.ViewCount,\n        COALESCE(a.AcceptedAnswerId, -1) AS AcceptedAnswerId,\n        COUNT(DISTINCT c.Id) AS CommentCount,\n        COUNT(DISTINCT v.Id) AS VoteCount\n    FROM Posts p\n    LEFT JOIN Posts a ON p.Id = a.AcceptedAnswerId\n    LEFT JOIN Comments c ON p.Id = c.PostId\n    LEFT JOIN Votes v ON p.Id = v.PostId\n    WHERE p.PostTypeId = 1\n    GROUP BY p.Id, p.Title, p.CreationDate, p.Score, p.ViewCount, a.AcceptedAnswerId\n),\nTopPosts AS (\n    SELECT \n        ps.PostId, \n        ps.Title, \n        ps.CreationDate, \n        ps.Score, \n        ps.ViewCount, \n        ps.AcceptedAnswerId, \n        ps.CommentCount, \n        ps.VoteCount,\n        ur.Reputation\n    FROM PostStats ps\n    JOIN UserReputation ur ON ps.PostId = ur.Id\n    ORDER BY ps.Score DESC, ps.ViewCount DESC\n    LIMIT 10\n)\nSELECT \n    tp.PostId,\n    tp.Title,\n    tp.CreationDate,\n    tp.Score,\n    tp.ViewCount,\n    tp.CommentCount,\n    tp.VoteCount,\n    tp.Reputation\nFROM TopPosts tp\nJOIN Badges b ON b.UserId = tp.PostId\nWHERE b.Class = 1\nORDER BY tp.Reputation DESC;\n",
    "blocked_thread_time": 0.0,
    "cpu_time": 4.640469593999992,
    "extra_info": {},
    "cumulative_cardinality": 77676084,
    "cumulative_rows_scanned": 31268581,
    "result_set_size": 168,
    "latency": 5.571597377,
    "children": [
        {
            "operator_name": "PROJECTION",
            "cpu_time": 4.640469593999992,
            "extra_info": {
                "Projections": [
                    "#0",
                    "#1",
                    "#2",
                    "__internal_decompress_integral_integer(#3, -72)",
                    "#4",
                    "#5",
                    "#6",
                    "#7"
                ],
                "Estimated Cardinality": "1"
            },
            "cumulative_cardinality": 77676084,
            "operator_type": "PROJECTION",
            "operator_cardinality": 3,
            "cumulative_rows_scanned": 31268581,
            "operator_rows_scanned": 0,
            "operator_timing": 0.000001222,
            "result_set_size": 168,
            "children": [
                {
                    "operator_name": "ORDER_BY",
                    "cpu_time": 4.640468371999992,
                    "extra_info": {
                        "Order By": "tp.Reputation DESC"
                    },
                    "cumulative_cardinality": 77676081,
                    "operator_type": "ORDER_BY",
                    "operator_cardinality": 3,
                    "cumulative_rows_scanned": 31268581,
                    "operator_rows_scanned": 0,
                    "operator_timing": 0.000029123,
                    "result_set_size": 162,
                    "children": [
                        {
                            "operator_name": "PROJECTION",
                            "cpu_time": 4.640439248999992,
                            "extra_info": {
                                "Projections": [
                                    "#0",
                                    "#1",
                                    "#2",
                                    "__internal_compress_integral_usmallint(#3, -72)",
                                    "#4",
                                    "#5",
                                    "#6",
                                    "#7"
                                ],
                                "Estimated Cardinality": "1"
                            },
                            "cumulative_cardinality": 77676078,
                            "operator_type": "PROJECTION",
                            "operator_cardinality": 3,
                            "cumulative_rows_scanned": 31268581,
                            "operator_rows_scanned": 0,
                            "operator_timing": 0.000001873,
                            "result_set_size": 162,
                            "children": [
                                {
                                    "operator_name": "PROJECTION",
                                    "cpu_time": 4.6404373759999915,
                                    "extra_info": {
                                        "Projections": [
                                            "PostId",
                                            "title",
                                            "creationdate",
                                            "score",
                                            "viewcount",
                                            "CommentCount",
                                            "VoteCount",
                                            "reputation"
                                        ],
                                        "Estimated Cardinality": "1"
                                    },
                                    "cumulative_cardinality": 77676075,
                                    "operator_type": "PROJECTION",
                                    "operator_cardinality": 3,
                                    "cumulative_rows_scanned": 31268581,
                                    "operator_rows_scanned": 0,
                                    "operator_timing": 8.71e-7,
                                    "result_set_size": 168,
                                    "children": [
                                        {
                                            "operator_name": "HASH_JOIN",
                                            "cpu_time": 4.640436504999991,
                                            "extra_info": {
                                                "Join Type": "INNER",
                                                "Conditions": "userid = PostId",
                                                "Estimated Cardinality": "1"
                                            },
                                            "cumulative_cardinality": 77676072,
                                            "operator_type": "HASH_JOIN",
                                            "operator_cardinality": 3,
                                            "cumulative_rows_scanned": 31268581,
                                            "operator_rows_scanned": 0,
                                            "operator_timing": 0.00040081099999999994,
                                            "result_set_size": 180,
                                            "children": [
                                                {
                                                    "operator_name": "READ_PARQUET ",
                                                    "cpu_time": 0.019896982999999997,
                                                    "extra_info": {
                                                        "Function": "READ_PARQUET",
                                                        "Projections": "userid",
                                                        "Filters": "class=1",
                                                        "Estimated Cardinality": "464344"
                                                    },
                                                    "cumulative_cardinality": 31041,
                                                    "operator_type": "TABLE_SCAN",
                                                    "operator_cardinality": 31041,
                                                    "cumulative_rows_scanned": 2321724,
                                                    "operator_rows_scanned": 2321724,
                                                    "operator_timing": 0.019896982999999997,
                                                    "result_set_size": 124164,
                                                    "children": []
                                                },
                                                {
                                                    "operator_name": "FILTER",
                                                    "cpu_time": 4.620138710999991,
                                                    "extra_info": {
                                                        "Expression": "(PostId BETWEEN 2 AND 1416532)",
                                                        "Estimated Cardinality": "10"
                                                    },
                                                    "cumulative_cardinality": 77645028,
                                                    "operator_type": "FILTER",
                                                    "operator_cardinality": 10,
                                                    "cumulative_rows_scanned": 28946857,
                                                    "operator_rows_scanned": 0,
                                                    "operator_timing": 0.000005871,
                                                    "result_set_size": 560,
                                                    "children": [
                                                        {
                                                            "operator_name": "STREAMING_LIMIT",
                                                            "cpu_time": 4.620132839999991,
                                                            "extra_info": {},
                                                            "cumulative_cardinality": 77645018,
                                                            "operator_type": "STREAMING_LIMIT",
                                                            "operator_cardinality": 10,
                                                            "cumulative_rows_scanned": 28946857,
                                                            "operator_rows_scanned": 0,
                                                            "operator_timing": 0.000001213,
                                                            "result_set_size": 560,
                                                            "children": [
                                                                {
                                                                    "operator_name": "PROJECTION",
                                                                    "cpu_time": 4.620131626999991,
                                                                    "extra_info": {
                                                                        "Projections": [
                                                                            "#0",
                                                                            "#1",
                                                                            "#2",
                                                                            "__internal_decompress_integral_integer(#3, -72)",
                                                                            "#4",
                                                                            "#5",
                                                                            "#6",
                                                                            "#7"
                                                                        ],
                                                                        "Estimated Cardinality": "3850116"
                                                                    },
                                                                    "cumulative_cardinality": 77645008,
                                                                    "operator_type": "PROJECTION",
                                                                    "operator_cardinality": 4096,
                                                                    "cumulative_rows_scanned": 28946857,
                                                                    "operator_rows_scanned": 0,
                                                                    "operator_timing": 0.000006283000000000001,
                                                                    "result_set_size": 229376,
                                                                    "children": [
                                                                        {
                                                                            "operator_name": "ORDER_BY",
                                                                            "cpu_time": 4.620125343999991,
                                                                            "extra_info": {
                                                                                "Order By": [
                                                                                    "ps.Score DESC",
                                                                                    "ps.ViewCount DESC"
                                                                                ]
                                                                            },
                                                                            "cumulative_cardinality": 77640912,
                                                                            "operator_type": "ORDER_BY",
                                                                            "operator_cardinality": 4096,
                                                                            "cumulative_rows_scanned": 28946857,
                                                                            "operator_rows_scanned": 0,
                                                                            "operator_timing": 0.018023430999999993,
                                                                            "result_set_size": 221184,
                                                                            "children": [
                                                                                {
                                                                                    "operator_name": "PROJECTION",
                                                                                    "cpu_time": 4.602101912999991,
                                                                                    "extra_info": {
                                                                                        "Projections": [
                                                                                            "#0",
                                                                                            "#1",
                                                                                            "#2",
                                                                                            "__internal_compress_integral_usmallint(#3, -72)",
                                                                                            "#4",
                                                                                            "#5",
                                                                                            "#6",
                                                                                            "#7"
                                                                                        ],
                                                                                        "Estimated Cardinality": "3850116"
                                                                                    },
                                                                                    "cumulative_cardinality": 77636816,
                                                                                    "operator_type": "PROJECTION",
                                                                                    "operator_cardinality": 410722,
                                                                                    "cumulative_rows_scanned": 28946857,
                                                                                    "operator_rows_scanned": 0,
                                                                                    "operator_timing": 0.0005516399999999999,
                                                                                    "result_set_size": 22178988,
                                                                                    "children": [
                                                                                        {
                                                                                            "operator_name": "HASH_JOIN",
                                                                                            "cpu_time": 4.601550272999991,
                                                                                            "extra_info": {
                                                                                                "Join Type": "INNER",
                                                                                                "Conditions": "PostId = id",
                                                                                                "Estimated Cardinality": "3850116"
                                                                                            },
                                                                                            "cumulative_cardinality": 77226094,
                                                                                            "operator_type": "HASH_JOIN",
                                                                                            "operator_cardinality": 410722,
                                                                                            "cumulative_rows_scanned": 28946857,
                                                                                            "operator_rows_scanned": 0,
                                                                                            "operator_timing": 0.06875995999999998,
                                                                                            "result_set_size": 23000432,
                                                                                            "children": [
                                                                                                {
                                                                                                    "operator_name": "PROJECTION",
                                                                                                    "cpu_time": 4.51459696599999,
                                                                                                    "extra_info": {
                                                                                                        "Projections": [
                                                                                                            "PostId",
                                                                                                            "title",
                                                                                                            "creationdate",
                                                                                                            "score",
                                                                                                            "viewcount",
                                                                                                            "CommentCount",
                                                                                                            "VoteCount"
                                                                                                        ],
                                                                                                        "Estimated Cardinality": "3850116"
                                                                                                    },
                                                                                                    "cumulative_cardinality": 75554663,
                                                                                                    "operator_type": "PROJECTION",
                                                                                                    "operator_cardinality": 462266,
                                                                                                    "cumulative_rows_scanned": 27686147,
                                                                                                    "operator_rows_scanned": 0,
                                                                                                    "operator_timing": 0.00009160800000000002,
                                                                                                    "result_set_size": 24037832,
                                                                                                    "children": [
                                                                                                        {
                                                                                                            "operator_name": "PROJECTION",
                                                                                                            "cpu_time": 4.51450535799999,
                                                                                                            "extra_info": {
                                                                                                                "Projections": [
                                                                                                                    "#0",
                                                                                                                    "#1",
                                                                                                                    "#2",
                                                                                                                    "__internal_decompress_integral_integer(#3, -72)",
                                                                                                                    "#4",
                                                                                                                    "#5",
                                                                                                                    "#6",
                                                                                                                    "#7"
                                                                                                                ],
                                                                                                                "Estimated Cardinality": "3850116"
                                                                                                            },
                                                                                                            "cumulative_cardinality": 75092397,
                                                                                                            "operator_type": "PROJECTION",
                                                                                                            "operator_cardinality": 462266,
                                                                                                            "cumulative_rows_scanned": 27686147,
                                                                                                            "operator_rows_scanned": 0,
                                                                                                            "operator_timing": 0.00022798199999999997,
                                                                                                            "result_set_size": 25886896,
                                                                                                            "children": [
                                                                                                                {
                                                                                                                    "operator_name": "HASH_GROUP_BY",
                                                                                                                    "cpu_time": 4.51427737599999,
                                                                                                                    "extra_info": {
                                                                                                                        "Groups": [
                                                                                                                            "#0",
                                                                                                                            "#1",
                                                                                                                            "#2",
                                                                                                                            "#3",
                                                                                                                            "#4",
                                                                                                                            "#5"
                                                                                                                        ],
                                                                                                                        "Aggregates": [
                                                                                                                            "count(DISTINCT #6)",
                                                                                                                            "count(DISTINCT #7)"
                                                                                                                        ],
                                                                                                                        "Estimated Cardinality": "3850116"
                                                                                                                    },
                                                                                                                    "cumulative_cardinality": 74630131,
                                                                                                                    "operator_type": "HASH_GROUP_BY",
                                                                                                                    "operator_cardinality": 462266,
                                                                                                                    "cumulative_rows_scanned": 27686147,
                                                                                                                    "operator_rows_scanned": 0,
                                                                                                                    "operator_timing": 1.6159670849999905,
                                                                                                                    "result_set_size": 24962364,
                                                                                                                    "children": [
                                                                                                                        {
                                                                                                                            "operator_name": "PROJECTION",
                                                                                                                            "cpu_time": 2.898310290999999,
                                                                                                                            "extra_info": {
                                                                                                                                "Projections": [
                                                                                                                                    "id",
                                                                                                                                    "title",
                                                                                                                                    "creationdate",
                                                                                                                                    "score",
                                                                                                                                    "viewcount",
                                                                                                                                    "acceptedanswerid",
                                                                                                                                    "id",
                                                                                                                                    "id"
                                                                                                                                ],
                                                                                                                                "Estimated Cardinality": "12744093"
                                                                                                                            },
                                                                                                                            "cumulative_cardinality": 74167865,
                                                                                                                            "operator_type": "PROJECTION",
                                                                                                                            "operator_cardinality": 7348970,
                                                                                                                            "cumulative_rows_scanned": 27686147,
                                                                                                                            "operator_rows_scanned": 0,
                                                                                                                            "operator_timing": 0.0033932860000000322,
                                                                                                                            "result_set_size": 338052620,
                                                                                                                            "children": [
                                                                                                                                {
                                                                                                                                    "operator_name": "PROJECTION",
                                                                                                                                    "cpu_time": 2.894917004999999,
                                                                                                                                    "extra_info": {
                                                                                                                                        "Projections": [
                                                                                                                                            "#0",
                                                                                                                                            "#1",
                                                                                                                                            "#2",
                                                                                                                                            "#3",
                                                                                                                                            "__internal_compress_integral_usmallint(#4, -72)",
                                                                                                                                            "#5",
                                                                                                                                            "#6",
                                                                                                                                            "#7"
                                                                                                                                        ],
                                                                                                                                        "Estimated Cardinality": "12744093"
                                                                                                                                    },
                                                                                                                                    "cumulative_cardinality": 66818895,
                                                                                                                                    "operator_type": "PROJECTION",
                                                                                                                                    "operator_cardinality": 7348970,
                                                                                                                                    "cumulative_rows_scanned": 27686147,
                                                                                                                                    "operator_rows_scanned": 0,
                                                                                                                                    "operator_timing": 0.013809447,
                                                                                                                                    "result_set_size": 338052620,
                                                                                                                                    "children": [
                                                                                                                                        {
                                                                                                                                            "operator_name": "FILTER",
                                                                                                                                            "cpu_time": 2.881107557999999,
                                                                                                                                            "extra_info": {
                                                                                                                                                "Expression": "(#2 <= 1416570)",
                                                                                                                                                "Estimated Cardinality": "12744093"
                                                                                                                                            },
                                                                                                                                            "cumulative_cardinality": 59469925,
                                                                                                                                            "operator_type": "FILTER",
                                                                                                                                            "operator_cardinality": 7348970,
                                                                                                                                            "cumulative_rows_scanned": 27686147,
                                                                                                                                            "operator_rows_scanned": 0,
                                                                                                                                            "operator_timing": 0.05972473300000006,
                                                                                                                                            "result_set_size": 352750560,
                                                                                                                                            "children": [
                                                                                                                                                {
                                                                                                                                                    "operator_name": "HASH_JOIN",
                                                                                                                                                    "cpu_time": 2.8213828249999993,
                                                                                                                                                    "extra_info": {
                                                                                                                                                        "Join Type": "LEFT",
                                                                                                                                                        "Conditions": "id = postid",
                                                                                                                                                        "Estimated Cardinality": "12744093"
                                                                                                                                                    },
                                                                                                                                                    "cumulative_cardinality": 52120955,
                                                                                                                                                    "operator_type": "HASH_JOIN",
                                                                                                                                                    "operator_cardinality": 16904139,
                                                                                                                                                    "cumulative_rows_scanned": 27686147,
                                                                                                                                                    "operator_rows_scanned": 0,
                                                                                                                                                    "operator_timing": 1.127777597000002,
                                                                                                                                                    "result_set_size": 811398672,
                                                                                                                                                    "children": [
                                                                                                                                                        {
                                                                                                                                                            "operator_name": "PROJECTION",
                                                                                                                                                            "cpu_time": 1.5544009039999978,
                                                                                                                                                            "extra_info": {
                                                                                                                                                                "Projections": [
                                                                                                                                                                    "#0",
                                                                                                                                                                    "#1",
                                                                                                                                                                    "#2",
                                                                                                                                                                    "#3",
                                                                                                                                                                    "__internal_decompress_integral_integer(#4, -72)",
                                                                                                                                                                    "#5",
                                                                                                                                                                    "#6"
                                                                                                                                                                ],
                                                                                                                                                                "Estimated Cardinality": "7241822"
                                                                                                                                                            },
                                                                                                                                                            "cumulative_cardinality": 22472723,
                                                                                                                                                            "operator_type": "PROJECTION",
                                                                                                                                                            "operator_cardinality": 4677925,
                                                                                                                                                            "cumulative_rows_scanned": 14942054,
                                                                                                                                                            "operator_rows_scanned": 0,
                                                                                                                                                            "operator_timing": 0.005073714999999966,
                                                                                                                                                            "result_set_size": 205828700,
                                                                                                                                                            "children": [
                                                                                                                                                                {
                                                                                                                                                                    "operator_name": "HASH_JOIN",
                                                                                                                                                                    "cpu_time": 1.5493271889999978,
                                                                                                                                                                    "extra_info": {
                                                                                                                                                                        "Join Type": "RIGHT",
                                                                                                                                                                        "Conditions": "postid = id",
                                                                                                                                                                        "Estimated Cardinality": "7241822"
                                                                                                                                                                    },
                                                                                                                                                                    "cumulative_cardinality": 17794798,
                                                                                                                                                                    "operator_type": "HASH_JOIN",
                                                                                                                                                                    "operator_cardinality": 4677925,
                                                                                                                                                                    "cumulative_rows_scanned": 14942054,
                                                                                                                                                                    "operator_rows_scanned": 0,
                                                                                                                                                                    "operator_timing": 0.5806255559999984,
                                                                                                                                                                    "result_set_size": 196472850,
                                                                                                                                                                    "children": [
                                                                                                                                                                        {
                                                                                                                                                                            "operator_name": "READ_PARQUET ",
                                                                                                                                                                            "cpu_time": 0.14609075700000018,
                                                                                                                                                                            "extra_info": {
                                                                                                                                                                                "Function": "READ_PARQUET",
                                                                                                                                                                                "Projections": [
                                                                                                                                                                                    "id",
                                                                                                                                                                                    "postid"
                                                                                                                                                                                ],
                                                                                                                                                                                "Estimated Cardinality": "7241822"
                                                                                                                                                                            },
                                                                                                                                                                            "cumulative_cardinality": 7241822,
                                                                                                                                                                            "operator_type": "TABLE_SCAN",
                                                                                                                                                                            "operator_cardinality": 7241822,
                                                                                                                                                                            "cumulative_rows_scanned": 7241822,
                                                                                                                                                                            "operator_rows_scanned": 7241822,
                                                                                                                                                                            "operator_timing": 0.14609075700000018,
                                                                                                                                                                            "result_set_size": 57934576,
                                                                                                                                                                            "children": []
                                                                                                                                                                        },
                                                                                                                                                                        {
                                                                                                                                                                            "operator_name": "PROJECTION",
                                                                                                                                                                            "cpu_time": 0.8226108759999992,
                                                                                                                                                                            "extra_info": {
                                                                                                                                                                                "Projections": [
                                                                                                                                                                                    "#0",
                                                                                                                                                                                    "#1",
                                                                                                                                                                                    "#2",
                                                                                                                                                                                    "__internal_compress_integral_usmallint(#3, -72)",
                                                                                                                                                                                    "#4",
                                                                                                                                                                                    "#5"
                                                                                                                                                                                ],
                                                                                                                                                                                "Estimated Cardinality": "3850116"
                                                                                                                                                                            },
                                                                                                                                                                            "cumulative_cardinality": 5875051,
                                                                                                                                                                            "operator_type": "PROJECTION",
                                                                                                                                                                            "operator_cardinality": 1668164,
                                                                                                                                                                            "cumulative_rows_scanned": 7700232,
                                                                                                                                                                            "operator_rows_scanned": 0,
                                                                                                                                                                            "operator_timing": 0.0008588429999999998,
                                                                                                                                                                            "result_set_size": 63390232,
                                                                                                                                                                            "children": [
                                                                                                                                                                                {
                                                                                                                                                                                    "operator_name": "HASH_JOIN",
                                                                                                                                                                                    "cpu_time": 0.8217520329999991,
                                                                                                                                                                                    "extra_info": {
                                                                                                                                                                                        "Join Type": "RIGHT",
                                                                                                                                                                                        "Conditions": "acceptedanswerid = id",
                                                                                                                                                                                        "Estimated Cardinality": "3850116"
                                                                                                                                                                                    },
                                                                                                                                                                                    "cumulative_cardinality": 4206887,
                                                                                                                                                                                    "operator_type": "HASH_JOIN",
                                                                                                                                                                                    "operator_cardinality": 1668164,
                                                                                                                                                                                    "cumulative_rows_scanned": 7700232,
                                                                                                                                                                                    "operator_rows_scanned": 0,
                                                                                                                                                                                    "operator_timing": 0.247973795,
                                                                                                                                                                                    "result_set_size": 66726560,
                                                                                                                                                                                    "children": [
                                                                                                                                                                                        {
                                                                                                                                                                                            "operator_name": "READ_PARQUET ",
                                                                                                                                                                                            "cpu_time": 0.06622542299999992,
                                                                                                                                                                                            "extra_info": {
                                                                                                                                                                                                "Function": "READ_PARQUET",
                                                                                                                                                                                                "Projections": "acceptedanswerid",
                                                                                                                                                                                                "Estimated Cardinality": "3850116"
                                                                                                                                                                                            },
                                                                                                                                                                                            "cumulative_cardinality": 870559,
                                                                                                                                                                                            "operator_type": "TABLE_SCAN",
                                                                                                                                                                                            "operator_cardinality": 870559,
                                                                                                                                                                                            "cumulative_rows_scanned": 3850116,
                                                                                                                                                                                            "operator_rows_scanned": 3850116,
                                                                                                                                                                                            "operator_timing": 0.06622542299999992,
                                                                                                                                                                                            "result_set_size": 3482236,
                                                                                                                                                                                            "children": []
                                                                                                                                                                                        },
                                                                                                                                                                                        {
                                                                                                                                                                                            "operator_name": "READ_PARQUET ",
                                                                                                                                                                                            "cpu_time": 0.5075528149999992,
                                                                                                                                                                                            "extra_info": {
                                                                                                                                                                                                "Function": "READ_PARQUET",
                                                                                                                                                                                                "Projections": [
                                                                                                                                                                                                    "id",
                                                                                                                                                                                                    "creationdate",
                                                                                                                                                                                                    "score",
                                                                                                                                                                                                    "viewcount",
                                                                                                                                                                                                    "title"
                                                                                                                                                                                                ],
                                                                                                                                                                                                "Filters": "posttypeid=1",
                                                                                                                                                                                                "Estimated Cardinality": "770023"
                                                                                                                                                                                            },
                                                                                                                                                                                            "cumulative_cardinality": 1668164,
                                                                                                                                                                                            "operator_type": "TABLE_SCAN",
                                                                                                                                                                                            "operator_cardinality": 1668164,
                                                                                                                                                                                            "cumulative_rows_scanned": 3850116,
                                                                                                                                                                                            "operator_rows_scanned": 3850116,
                                                                                                                                                                                            "operator_timing": 0.5075528149999992,
                                                                                                                                                                                            "result_set_size": 60053904,
                                                                                                                                                                                            "children": []
                                                                                                                                                                                        }
                                                                                                                                                                                    ]
                                                                                                                                                                                }
                                                                                                                                                                            ]
                                                                                                                                                                        }
                                                                                                                                                                    ]
                                                                                                                                                                }
                                                                                                                                                            ]
                                                                                                                                                        },
                                                                                                                                                        {
                                                                                                                                                            "operator_name": "READ_PARQUET ",
                                                                                                                                                            "cpu_time": 0.13920432399999952,
                                                                                                                                                            "extra_info": {
                                                                                                                                                                "Function": "READ_PARQUET",
                                                                                                                                                                "Projections": [
                                                                                                                                                                    "id",
                                                                                                                                                                    "postid"
                                                                                                                                                                ],
                                                                                                                                                                "Estimated Cardinality": "12744093"
                                                                                                                                                            },
                                                                                                                                                            "cumulative_cardinality": 12744093,
                                                                                                                                                            "operator_type": "TABLE_SCAN",
                                                                                                                                                            "operator_cardinality": 12744093,
                                                                                                                                                            "cumulative_rows_scanned": 12744093,
                                                                                                                                                            "operator_rows_scanned": 12744093,
                                                                                                                                                            "operator_timing": 0.13920432399999952,
                                                                                                                                                            "result_set_size": 101952744,
                                                                                                                                                            "children": []
                                                                                                                                                        }
                                                                                                                                                    ]
                                                                                                                                                }
                                                                                                                                            ]
                                                                                                                                        }
                                                                                                                                    ]
                                                                                                                                }
                                                                                                                            ]
                                                                                                                        }
                                                                                                                    ]
                                                                                                                }
                                                                                                            ]
                                                                                                        }
                                                                                                    ]
                                                                                                },
                                                                                                {
                                                                                                    "operator_name": "READ_PARQUET ",
                                                                                                    "cpu_time": 0.01819334700000002,
                                                                                                    "extra_info": {
                                                                                                        "Function": "READ_PARQUET",
                                                                                                        "Projections": [
                                                                                                            "id",
                                                                                                            "reputation"
                                                                                                        ],
                                                                                                        "Filters": "id>=1",
                                                                                                        "Estimated Cardinality": "1260710"
                                                                                                    },
                                                                                                    "cumulative_cardinality": 1260709,
                                                                                                    "operator_type": "TABLE_SCAN",
                                                                                                    "operator_cardinality": 1260709,
                                                                                                    "cumulative_rows_scanned": 1260710,
                                                                                                    "operator_rows_scanned": 1260710,
                                                                                                    "operator_timing": 0.01819334700000002,
                                                                                                    "result_set_size": 10085672,
                                                                                                    "children": []
                                                                                                }
                                                                                            ]
                                                                                        }
                                                                                    ]
                                                                                }
                                                                            ]
                                                                        }
                                                                    ]
                                                                }
                                                            ]
                                                        }
                                                    ]
                                                }
                                            ]
                                        }
                                    ]
                                }
                            ]
                        }
                    ]
                }
            ]
        }
    ]
}