{
    "rows_returned": 66505,
    "query_name": "SELECT \n    u.DisplayName AS UserDisplayName,\n    p.Title AS PostTitle,\n    p.CreationDate AS PostCreationDate,\n    COUNT(c.Id) AS CommentCount,\n    SUM(CASE WHEN v.VoteTypeId = 2 THEN 1 ELSE 0 END) AS UpVoteCount,\n    SUM(CASE WHEN v.VoteTypeId = 3 THEN 1 ELSE 0 END) AS DownVoteCount,\n    pt.Name AS PostTypeName,\n    STRING_AGG(DISTINCT t.TagName, ', ') AS Tags,\n    MAX(b.Date) AS LastBadgeDate,\n    p.LastActivityDate AS LastActivityDate\nFROM \n    Posts p\nJOIN \n    Users u ON p.OwnerUserId = u.Id\nLEFT JOIN \n    Comments c ON p.Id = c.PostId\nLEFT JOIN \n    Votes v ON p.Id = v.PostId\nLEFT JOIN \n    PostTypes pt ON p.PostTypeId = pt.Id\nLEFT JOIN \n    Badges b ON u.Id = b.UserId\nLEFT JOIN \n    Tags t ON t.ExcerptPostId = p.Id\nWHERE \n    p.CreationDate >= cast('2024-10-01 12:34:56' as timestamp) - INTERVAL '1 year'\n    AND u.Reputation > 50\nGROUP BY \n    u.DisplayName, p.Title, p.CreationDate, pt.Name, p.LastActivityDate\nHAVING \n    COUNT(c.Id) > 5\nORDER BY \n    LastActivityDate DESC, UpVoteCount DESC;",
    "blocked_thread_time": 0.0,
    "cpu_time": 15.847813322000073,
    "extra_info": {},
    "cumulative_cardinality": 342906506,
    "cumulative_rows_scanned": 27420449,
    "result_set_size": 8512640,
    "latency": 17.258314888,
    "children": [
        {
            "operator_name": "ORDER_BY",
            "cpu_time": 15.847813322000073,
            "extra_info": {
                "Order By": [
                    "p.LastActivityDate DESC",
                    "sum(CASE  WHEN ((v.VoteTypeId = 2)) THEN (1) ELSE 0 END) DESC"
                ]
            },
            "cumulative_cardinality": 342906506,
            "operator_type": "ORDER_BY",
            "operator_cardinality": 66505,
            "cumulative_rows_scanned": 27420449,
            "operator_rows_scanned": 0,
            "operator_timing": 0.009468722999999998,
            "result_set_size": 8512640,
            "children": [
                {
                    "operator_name": "PROJECTION",
                    "cpu_time": 15.838344599000074,
                    "extra_info": {
                        "Projections": [
                            "UserDisplayName",
                            "PostTitle",
                            "PostCreationDate",
                            "CommentCount",
                            "UpVoteCount",
                            "DownVoteCount",
                            "PostTypeName",
                            "Tags",
                            "LastBadgeDate",
                            "LastActivityDate"
                        ],
                        "Estimated Cardinality": "770023"
                    },
                    "cumulative_cardinality": 342840001,
                    "operator_type": "PROJECTION",
                    "operator_cardinality": 66505,
                    "cumulative_rows_scanned": 27420449,
                    "operator_rows_scanned": 0,
                    "operator_timing": 0.000021180000000000004,
                    "result_set_size": 8512640,
                    "children": [
                        {
                            "operator_name": "FILTER",
                            "cpu_time": 15.838323419000075,
                            "extra_info": {
                                "Expression": "(count(id) > 5)",
                                "Estimated Cardinality": "770023"
                            },
                            "cumulative_cardinality": 342773496,
                            "operator_type": "FILTER",
                            "operator_cardinality": 66505,
                            "cumulative_rows_scanned": 27420449,
                            "operator_rows_scanned": 0,
                            "operator_timing": 0.0006705530000000002,
                            "result_set_size": 8512640,
                            "children": [
                                {
                                    "operator_name": "HASH_GROUP_BY",
                                    "cpu_time": 15.837652866000074,
                                    "extra_info": {
                                        "Groups": [
                                            "#0",
                                            "#1",
                                            "#2",
                                            "#3",
                                            "#4"
                                        ],
                                        "Aggregates": [
                                            "count(#5)",
                                            "sum(#6)",
                                            "sum(#7)",
                                            "string_agg(DISTINCT #8)",
                                            "max(#9)"
                                        ],
                                        "Estimated Cardinality": "3850116"
                                    },
                                    "cumulative_cardinality": 342706991,
                                    "operator_type": "HASH_GROUP_BY",
                                    "operator_cardinality": 121708,
                                    "cumulative_rows_scanned": 27420449,
                                    "operator_rows_scanned": 0,
                                    "operator_timing": 10.757333808000043,
                                    "result_set_size": 15578624,
                                    "children": [
                                        {
                                            "operator_name": "PROJECTION",
                                            "cpu_time": 5.080319058000031,
                                            "extra_info": {
                                                "Projections": [
                                                    "displayname",
                                                    "title",
                                                    "creationdate",
                                                    "name",
                                                    "lastactivitydate",
                                                    "id",
                                                    "CASE  WHEN ((votetypeid = 2)) THEN (1) ELSE 0 END",
                                                    "CASE  WHEN ((votetypeid = 3)) THEN (1) ELSE 0 END",
                                                    "tagname",
                                                    "date"
                                                ],
                                                "Estimated Cardinality": "12744093"
                                            },
                                            "cumulative_cardinality": 342585283,
                                            "operator_type": "PROJECTION",
                                            "operator_cardinality": 103661075,
                                            "cumulative_rows_scanned": 27420449,
                                            "operator_rows_scanned": 0,
                                            "operator_timing": 0.5366431489999967,
                                            "result_set_size": 10366107500,
                                            "children": [
                                                {
                                                    "operator_name": "HASH_JOIN",
                                                    "cpu_time": 4.543675909000034,
                                                    "extra_info": {
                                                        "Join Type": "LEFT",
                                                        "Conditions": "id = excerptpostid",
                                                        "Estimated Cardinality": "12744093"
                                                    },
                                                    "cumulative_cardinality": 238924208,
                                                    "operator_type": "HASH_JOIN",
                                                    "operator_cardinality": 103661075,
                                                    "cumulative_rows_scanned": 27420449,
                                                    "operator_rows_scanned": 0,
                                                    "operator_timing": 1.6266041370000441,
                                                    "result_set_size": 9744141050,
                                                    "children": [
                                                        {
                                                            "operator_name": "HASH_JOIN",
                                                            "cpu_time": 2.9165424229999903,
                                                            "extra_info": {
                                                                "Join Type": "LEFT",
                                                                "Conditions": "id = userid",
                                                                "Estimated Cardinality": "12744093"
                                                            },
                                                            "cumulative_cardinality": 135261157,
                                                            "operator_type": "HASH_JOIN",
                                                            "operator_cardinality": 103661075,
                                                            "cumulative_rows_scanned": 27418473,
                                                            "operator_rows_scanned": 0,
                                                            "operator_timing": 1.4188926819999887,
                                                            "result_set_size": 8500208150,
                                                            "children": [
                                                                {
                                                                    "operator_name": "HASH_JOIN",
                                                                    "cpu_time": 1.4572146600000018,
                                                                    "extra_info": {
                                                                        "Join Type": "LEFT",
                                                                        "Conditions": "posttypeid = id",
                                                                        "Estimated Cardinality": "12744093"
                                                                    },
                                                                    "cumulative_cardinality": 29278358,
                                                                    "operator_type": "HASH_JOIN",
                                                                    "operator_cardinality": 829476,
                                                                    "cumulative_rows_scanned": 25096749,
                                                                    "operator_rows_scanned": 0,
                                                                    "operator_timing": 0.016267842999999976,
                                                                    "result_set_size": 64699128,
                                                                    "children": [
                                                                        {
                                                                            "operator_name": "PROJECTION",
                                                                            "cpu_time": 1.4406437300000017,
                                                                            "extra_info": {
                                                                                "Projections": [
                                                                                    "#0",
                                                                                    "#1",
                                                                                    "#2",
                                                                                    "#3",
                                                                                    "#4",
                                                                                    "#5",
                                                                                    "#6",
                                                                                    "#7",
                                                                                    "__internal_decompress_integral_smallint(#8, 1)"
                                                                                ],
                                                                                "Estimated Cardinality": "12744093"
                                                                            },
                                                                            "cumulative_cardinality": 28448874,
                                                                            "operator_type": "PROJECTION",
                                                                            "operator_cardinality": 829476,
                                                                            "cumulative_rows_scanned": 25096741,
                                                                            "operator_rows_scanned": 0,
                                                                            "operator_timing": 0.0008323690000000002,
                                                                            "result_set_size": 53086464,
                                                                            "children": [
                                                                                {
                                                                                    "operator_name": "HASH_JOIN",
                                                                                    "cpu_time": 1.4398113610000016,
                                                                                    "extra_info": {
                                                                                        "Join Type": "LEFT",
                                                                                        "Conditions": "id = postid",
                                                                                        "Estimated Cardinality": "12744093"
                                                                                    },
                                                                                    "cumulative_cardinality": 27619398,
                                                                                    "operator_type": "HASH_JOIN",
                                                                                    "operator_cardinality": 829476,
                                                                                    "cumulative_rows_scanned": 25096741,
                                                                                    "operator_rows_scanned": 0,
                                                                                    "operator_timing": 0.9238379460000007,
                                                                                    "result_set_size": 52256988,
                                                                                    "children": [
                                                                                        {
                                                                                            "operator_name": "HASH_JOIN",
                                                                                            "cpu_time": 0.3046098690000001,
                                                                                            "extra_info": {
                                                                                                "Join Type": "RIGHT",
                                                                                                "Conditions": "postid = id",
                                                                                                "Estimated Cardinality": "7241822"
                                                                                            },
                                                                                            "cumulative_cardinality": 1301736,
                                                                                            "operator_type": "HASH_JOIN",
                                                                                            "operator_cardinality": 286832,
                                                                                            "cumulative_rows_scanned": 12352648,
                                                                                            "operator_rows_scanned": 0,
                                                                                            "operator_timing": 0.03872384399999999,
                                                                                            "result_set_size": 17783584,
                                                                                            "children": [
                                                                                                {
                                                                                                    "operator_name": "READ_PARQUET ",
                                                                                                    "cpu_time": 0.02269254899999998,
                                                                                                    "extra_info": {
                                                                                                        "Function": "READ_PARQUET",
                                                                                                        "Projections": [
                                                                                                            "id",
                                                                                                            "postid"
                                                                                                        ],
                                                                                                        "Estimated Cardinality": "7241822"
                                                                                                    },
                                                                                                    "cumulative_cardinality": 287061,
                                                                                                    "operator_type": "TABLE_SCAN",
                                                                                                    "operator_cardinality": 287061,
                                                                                                    "cumulative_rows_scanned": 7241822,
                                                                                                    "operator_rows_scanned": 7241822,
                                                                                                    "operator_timing": 0.02269254899999998,
                                                                                                    "result_set_size": 2296488,
                                                                                                    "children": []
                                                                                                },
                                                                                                {
                                                                                                    "operator_name": "HASH_JOIN",
                                                                                                    "cpu_time": 0.2431934760000001,
                                                                                                    "extra_info": {
                                                                                                        "Join Type": "INNER",
                                                                                                        "Conditions": "owneruserid = id",
                                                                                                        "Estimated Cardinality": "154004"
                                                                                                    },
                                                                                                    "cumulative_cardinality": 727843,
                                                                                                    "operator_type": "HASH_JOIN",
                                                                                                    "operator_cardinality": 121708,
                                                                                                    "cumulative_rows_scanned": 5110826,
                                                                                                    "operator_rows_scanned": 0,
                                                                                                    "operator_timing": 0.027907077999999988,
                                                                                                    "result_set_size": 7059064,
                                                                                                    "children": [
                                                                                                        {
                                                                                                            "operator_name": "READ_PARQUET ",
                                                                                                            "cpu_time": 0.1479896370000001,
                                                                                                            "extra_info": {
                                                                                                                "Function": "READ_PARQUET",
                                                                                                                "Projections": [
                                                                                                                    "id",
                                                                                                                    "posttypeid",
                                                                                                                    "creationdate",
                                                                                                                    "owneruserid",
                                                                                                                    "lastactivitydate",
                                                                                                                    "title"
                                                                                                                ],
                                                                                                                "Filters": "creationdate>='2023-10-01 12:34:56'::TIMESTAMP",
                                                                                                                "Estimated Cardinality": "770023"
                                                                                                            },
                                                                                                            "cumulative_cardinality": 143627,
                                                                                                            "operator_type": "TABLE_SCAN",
                                                                                                            "operator_cardinality": 143627,
                                                                                                            "cumulative_rows_scanned": 3850116,
                                                                                                            "operator_rows_scanned": 3850116,
                                                                                                            "operator_timing": 0.1479896370000001,
                                                                                                            "result_set_size": 6032334,
                                                                                                            "children": []
                                                                                                        },
                                                                                                        {
                                                                                                            "operator_name": "FILTER",
                                                                                                            "cpu_time": 0.06729676100000001,
                                                                                                            "extra_info": {
                                                                                                                "Expression": "(id <= 1416539)",
                                                                                                                "Estimated Cardinality": "252142"
                                                                                                            },
                                                                                                            "cumulative_cardinality": 462508,
                                                                                                            "operator_type": "FILTER",
                                                                                                            "operator_cardinality": 231254,
                                                                                                            "cumulative_rows_scanned": 1260710,
                                                                                                            "operator_rows_scanned": 0,
                                                                                                            "operator_timing": 0.0006951479999999998,
                                                                                                            "result_set_size": 4625080,
                                                                                                            "children": [
                                                                                                                {
                                                                                                                    "operator_name": "READ_PARQUET ",
                                                                                                                    "cpu_time": 0.066601613,
                                                                                                                    "extra_info": {
                                                                                                                        "Function": "READ_PARQUET",
                                                                                                                        "Projections": [
                                                                                                                            "id",
                                                                                                                            "displayname"
                                                                                                                        ],
                                                                                                                        "Filters": "reputation>50",
                                                                                                                        "Estimated Cardinality": "252142"
                                                                                                                    },
                                                                                                                    "cumulative_cardinality": 231254,
                                                                                                                    "operator_type": "TABLE_SCAN",
                                                                                                                    "operator_cardinality": 231254,
                                                                                                                    "cumulative_rows_scanned": 1260710,
                                                                                                                    "operator_rows_scanned": 1260710,
                                                                                                                    "operator_timing": 0.066601613,
                                                                                                                    "result_set_size": 4625080,
                                                                                                                    "children": []
                                                                                                                }
                                                                                                            ]
                                                                                                        }
                                                                                                    ]
                                                                                                }
                                                                                            ]
                                                                                        },
                                                                                        {
                                                                                            "operator_name": "PROJECTION",
                                                                                            "cpu_time": 0.21136354600000068,
                                                                                            "extra_info": {
                                                                                                "Projections": [
                                                                                                    "#0",
                                                                                                    "__internal_compress_integral_utinyint(#1, 1)"
                                                                                                ],
                                                                                                "Estimated Cardinality": "12744093"
                                                                                            },
                                                                                            "cumulative_cardinality": 25488186,
                                                                                            "operator_type": "PROJECTION",
                                                                                            "operator_cardinality": 12744093,
                                                                                            "cumulative_rows_scanned": 12744093,
                                                                                            "operator_rows_scanned": 0,
                                                                                            "operator_timing": 0.00521315400000005,
                                                                                            "result_set_size": 63720465,
                                                                                            "children": [
                                                                                                {
                                                                                                    "operator_name": "READ_PARQUET ",
                                                                                                    "cpu_time": 0.20615039200000063,
                                                                                                    "extra_info": {
                                                                                                        "Function": "READ_PARQUET",
                                                                                                        "Projections": [
                                                                                                            "postid",
                                                                                                            "votetypeid"
                                                                                                        ],
                                                                                                        "Estimated Cardinality": "12744093"
                                                                                                    },
                                                                                                    "cumulative_cardinality": 12744093,
                                                                                                    "operator_type": "TABLE_SCAN",
                                                                                                    "operator_cardinality": 12744093,
                                                                                                    "cumulative_rows_scanned": 12744093,
                                                                                                    "operator_rows_scanned": 12744093,
                                                                                                    "operator_timing": 0.20615039200000063,
                                                                                                    "result_set_size": 76464558,
                                                                                                    "children": []
                                                                                                }
                                                                                            ]
                                                                                        }
                                                                                    ]
                                                                                }
                                                                            ]
                                                                        },
                                                                        {
                                                                            "operator_name": "READ_PARQUET ",
                                                                            "cpu_time": 0.000303087,
                                                                            "extra_info": {
                                                                                "Function": "READ_PARQUET",
                                                                                "Projections": [
                                                                                    "id",
                                                                                    "name"
                                                                                ],
                                                                                "Estimated Cardinality": "8"
                                                                            },
                                                                            "cumulative_cardinality": 8,
                                                                            "operator_type": "TABLE_SCAN",
                                                                            "operator_cardinality": 8,
                                                                            "cumulative_rows_scanned": 8,
                                                                            "operator_rows_scanned": 8,
                                                                            "operator_timing": 0.000303087,
                                                                            "result_set_size": 144,
                                                                            "children": []
                                                                        }
                                                                    ]
                                                                },
                                                                {
                                                                    "operator_name": "READ_PARQUET ",
                                                                    "cpu_time": 0.04043508100000002,
                                                                    "extra_info": {
                                                                        "Function": "READ_PARQUET",
                                                                        "Projections": [
                                                                            "userid",
                                                                            "date"
                                                                        ],
                                                                        "Estimated Cardinality": "2321724"
                                                                    },
                                                                    "cumulative_cardinality": 2321724,
                                                                    "operator_type": "TABLE_SCAN",
                                                                    "operator_cardinality": 2321724,
                                                                    "cumulative_rows_scanned": 2321724,
                                                                    "operator_rows_scanned": 2321724,
                                                                    "operator_timing": 0.04043508100000002,
                                                                    "result_set_size": 27860688,
                                                                    "children": []
                                                                }
                                                            ]
                                                        },
                                                        {
                                                            "operator_name": "READ_PARQUET ",
                                                            "cpu_time": 0.0005293489999999999,
                                                            "extra_info": {
                                                                "Function": "READ_PARQUET",
                                                                "Projections": [
                                                                    "tagname",
                                                                    "excerptpostid"
                                                                ],
                                                                "Estimated Cardinality": "1976"
                                                            },
                                                            "cumulative_cardinality": 1976,
                                                            "operator_type": "TABLE_SCAN",
                                                            "operator_cardinality": 1976,
                                                            "cumulative_rows_scanned": 1976,
                                                            "operator_rows_scanned": 1976,
                                                            "operator_timing": 0.0005293489999999999,
                                                            "result_set_size": 39520,
                                                            "children": []
                                                        }
                                                    ]
                                                }
                                            ]
                                        }
                                    ]
                                }
                            ]
                        }
                    ]
                }
            ]
        }
    ]
}