{
    "rows_returned": 10,
    "query_name": "WITH UserBadges AS (\n    SELECT UserId, COUNT(*) AS TotalBadges\n    FROM Badges\n    GROUP BY UserId\n),\nTopUsers AS (\n    SELECT U.Id, U.DisplayName, U.Reputation, UB.TotalBadges\n    FROM Users U\n    LEFT JOIN UserBadges UB ON U.Id = UB.UserId\n    ORDER BY U.Reputation DESC, UB.TotalBadges DESC\n    LIMIT 10\n),\nPostStatistics AS (\n    SELECT P.OwnerUserId, COUNT(P.Id) AS TotalPosts, \n           SUM(CASE WHEN P.PostTypeId = 1 THEN 1 ELSE 0 END) AS TotalQuestions,\n           SUM(CASE WHEN P.PostTypeId = 2 THEN 1 ELSE 0 END) AS TotalAnswers,\n           SUM(P.ViewCount) AS TotalViews\n    FROM Posts P\n    GROUP BY P.OwnerUserId\n),\nUserPostStats AS (\n    SELECT U.Id, U.DisplayName, PS.TotalPosts, PS.TotalQuestions, PS.TotalAnswers, PS.TotalViews\n    FROM Users U\n    JOIN PostStatistics PS ON U.Id = PS.OwnerUserId\n    WHERE U.Id IN (SELECT Id FROM TopUsers)\n)\nSELECT U.DisplayName, U.Reputation, U.TotalBadges,\n       UPS.TotalPosts, UPS.TotalQuestions, UPS.TotalAnswers, UPS.TotalViews\nFROM UserBadges UB\nJOIN UserPostStats UPS ON UB.UserId = UPS.Id\nJOIN TopUsers U ON U.Id = UPS.Id\nORDER BY U.Reputation DESC;\n",
    "blocked_thread_time": 0.0,
    "cpu_time": 0.7224271900000002,
    "extra_info": {},
    "cumulative_cardinality": 21549855,
    "cumulative_rows_scanned": 9953970,
    "result_set_size": 840,
    "latency": 0.938113465,
    "children": [
        {
            "operator_name": "ORDER_BY",
            "cpu_time": 0.7224271900000002,
            "extra_info": {
                "Order By": "U.Reputation DESC"
            },
            "cumulative_cardinality": 21549855,
            "operator_type": "ORDER_BY",
            "operator_cardinality": 10,
            "cumulative_rows_scanned": 9953970,
            "operator_rows_scanned": 0,
            "operator_timing": 0.000066944,
            "result_set_size": 840,
            "children": [
                {
                    "operator_name": "PROJECTION",
                    "cpu_time": 0.7223602460000003,
                    "extra_info": {
                        "Projections": [
                            "displayname",
                            "reputation",
                            "TotalBadges",
                            "TotalPosts",
                            "TotalQuestions",
                            "TotalAnswers",
                            "TotalViews"
                        ],
                        "Estimated Cardinality": "1160862"
                    },
                    "cumulative_cardinality": 21549845,
                    "operator_type": "PROJECTION",
                    "operator_cardinality": 10,
                    "cumulative_rows_scanned": 9953970,
                    "operator_rows_scanned": 0,
                    "operator_timing": 0.000003336,
                    "result_set_size": 840,
                    "children": [
                        {
                            "operator_name": "CTE",
                            "cpu_time": 0.7223569100000002,
                            "extra_info": {
                                "CTE Name": "UserBadges",
                                "Table Index": "0"
                            },
                            "cumulative_cardinality": 21549835,
                            "operator_type": "CTE",
                            "operator_cardinality": 0,
                            "cumulative_rows_scanned": 9953970,
                            "operator_rows_scanned": 0,
                            "operator_timing": 0.001836678000000001,
                            "result_set_size": 0,
                            "children": [
                                {
                                    "operator_name": "HASH_GROUP_BY",
                                    "cpu_time": 0.07075423799999994,
                                    "extra_info": {
                                        "Groups": "#0",
                                        "Aggregates": "count_star()",
                                        "Estimated Cardinality": "1160862"
                                    },
                                    "cumulative_cardinality": 5192469,
                                    "operator_type": "HASH_GROUP_BY",
                                    "operator_cardinality": 549021,
                                    "cumulative_rows_scanned": 2321724,
                                    "operator_rows_scanned": 0,
                                    "operator_timing": 0.05825871799999995,
                                    "result_set_size": 6588252,
                                    "children": [
                                        {
                                            "operator_name": "PROJECTION",
                                            "cpu_time": 0.012495519999999994,
                                            "extra_info": {
                                                "Projections": "userid",
                                                "Estimated Cardinality": "2321724"
                                            },
                                            "cumulative_cardinality": 4643448,
                                            "operator_type": "PROJECTION",
                                            "operator_cardinality": 2321724,
                                            "cumulative_rows_scanned": 2321724,
                                            "operator_rows_scanned": 0,
                                            "operator_timing": 0.0001712089999999994,
                                            "result_set_size": 9286896,
                                            "children": [
                                                {
                                                    "operator_name": "READ_PARQUET ",
                                                    "cpu_time": 0.012324310999999996,
                                                    "extra_info": {
                                                        "Function": "READ_PARQUET",
                                                        "Projections": "userid",
                                                        "Estimated Cardinality": "2321724"
                                                    },
                                                    "cumulative_cardinality": 2321724,
                                                    "operator_type": "TABLE_SCAN",
                                                    "operator_cardinality": 2321724,
                                                    "cumulative_rows_scanned": 2321724,
                                                    "operator_rows_scanned": 2321724,
                                                    "operator_timing": 0.012324310999999996,
                                                    "result_set_size": 9286896,
                                                    "children": []
                                                }
                                            ]
                                        }
                                    ]
                                },
                                {
                                    "operator_name": "HASH_JOIN",
                                    "cpu_time": 0.6497659940000003,
                                    "extra_info": {
                                        "Join Type": "INNER",
                                        "Conditions": [
                                            "userid = id",
                                            "userid = id"
                                        ],
                                        "Estimated Cardinality": "2"
                                    },
                                    "cumulative_cardinality": 16357366,
                                    "operator_type": "HASH_JOIN",
                                    "operator_cardinality": 10,
                                    "cumulative_rows_scanned": 7632246,
                                    "operator_rows_scanned": 0,
                                    "operator_timing": 0.002847881000000001,
                                    "result_set_size": 1200,
                                    "children": [
                                        {
                                            "operator_name": "CTE_SCAN",
                                            "cpu_time": 0.0004690650000000003,
                                            "extra_info": {
                                                "CTE Index": "0",
                                                "Estimated Cardinality": "1160862"
                                            },
                                            "cumulative_cardinality": 549021,
                                            "operator_type": "CTE_SCAN",
                                            "operator_cardinality": 549021,
                                            "cumulative_rows_scanned": 0,
                                            "operator_rows_scanned": 0,
                                            "operator_timing": 0.0004690650000000003,
                                            "result_set_size": 6588252,
                                            "children": []
                                        },
                                        {
                                            "operator_name": "HASH_JOIN",
                                            "cpu_time": 0.6464490480000004,
                                            "extra_info": {
                                                "Join Type": "INNER",
                                                "Conditions": "id = id",
                                                "Estimated Cardinality": "3"
                                            },
                                            "cumulative_cardinality": 15808335,
                                            "operator_type": "HASH_JOIN",
                                            "operator_cardinality": 10,
                                            "cumulative_rows_scanned": 7632246,
                                            "operator_rows_scanned": 0,
                                            "operator_timing": 0.000372026,
                                            "result_set_size": 1080,
                                            "children": [
                                                {
                                                    "operator_name": "PROJECTION",
                                                    "cpu_time": 0.43238154400000023,
                                                    "extra_info": {
                                                        "Projections": [
                                                            "id",
                                                            "displayname",
                                                            "TotalPosts",
                                                            "TotalQuestions",
                                                            "TotalAnswers",
                                                            "TotalViews"
                                                        ],
                                                        "Estimated Cardinality": "385011"
                                                    },
                                                    "cumulative_cardinality": 11473058,
                                                    "operator_type": "PROJECTION",
                                                    "operator_cardinality": 10,
                                                    "cumulative_rows_scanned": 6371536,
                                                    "operator_rows_scanned": 0,
                                                    "operator_timing": 0.000003577,
                                                    "result_set_size": 760,
                                                    "children": [
                                                        {
                                                            "operator_name": "HASH_JOIN",
                                                            "cpu_time": 0.43237796700000025,
                                                            "extra_info": {
                                                                "Join Type": "INNER",
                                                                "Conditions": "owneruserid = id",
                                                                "Estimated Cardinality": "385011"
                                                            },
                                                            "cumulative_cardinality": 11473048,
                                                            "operator_type": "HASH_JOIN",
                                                            "operator_cardinality": 10,
                                                            "cumulative_rows_scanned": 6371536,
                                                            "operator_rows_scanned": 0,
                                                            "operator_timing": 0.0012477049999999991,
                                                            "result_set_size": 760,
                                                            "children": [
                                                                {
                                                                    "operator_name": "HASH_GROUP_BY",
                                                                    "cpu_time": 0.2946331750000002,
                                                                    "extra_info": {
                                                                        "Groups": "#0",
                                                                        "Aggregates": [
                                                                            "count_star()",
                                                                            "sum(#1)",
                                                                            "sum(#2)",
                                                                            "sum(#3)"
                                                                        ],
                                                                        "Estimated Cardinality": "1925058"
                                                                    },
                                                                    "cumulative_cardinality": 8071864,
                                                                    "operator_type": "HASH_GROUP_BY",
                                                                    "operator_cardinality": 371632,
                                                                    "cumulative_rows_scanned": 3850116,
                                                                    "operator_rows_scanned": 0,
                                                                    "operator_timing": 0.16304520200000025,
                                                                    "result_set_size": 22297920,
                                                                    "children": [
                                                                        {
                                                                            "operator_name": "PROJECTION",
                                                                            "cpu_time": 0.13158797299999997,
                                                                            "extra_info": {
                                                                                "Projections": [
                                                                                    "owneruserid",
                                                                                    "CASE  WHEN ((posttypeid = 1)) THEN (1) ELSE 0 END",
                                                                                    "CASE  WHEN ((posttypeid = 2)) THEN (1) ELSE 0 END",
                                                                                    "viewcount"
                                                                                ],
                                                                                "Estimated Cardinality": "3850116"
                                                                            },
                                                                            "cumulative_cardinality": 7700232,
                                                                            "operator_type": "PROJECTION",
                                                                            "operator_cardinality": 3850116,
                                                                            "cumulative_rows_scanned": 3850116,
                                                                            "operator_rows_scanned": 0,
                                                                            "operator_timing": 0.048475082999999995,
                                                                            "result_set_size": 61601856,
                                                                            "children": [
                                                                                {
                                                                                    "operator_name": "READ_PARQUET ",
                                                                                    "cpu_time": 0.08311288999999997,
                                                                                    "extra_info": {
                                                                                        "Function": "READ_PARQUET",
                                                                                        "Projections": [
                                                                                            "id",
                                                                                            "posttypeid",
                                                                                            "viewcount",
                                                                                            "owneruserid"
                                                                                        ],
                                                                                        "Estimated Cardinality": "3850116"
                                                                                    },
                                                                                    "cumulative_cardinality": 3850116,
                                                                                    "operator_type": "TABLE_SCAN",
                                                                                    "operator_cardinality": 3850116,
                                                                                    "cumulative_rows_scanned": 3850116,
                                                                                    "operator_rows_scanned": 3850116,
                                                                                    "operator_timing": 0.08311288999999997,
                                                                                    "result_set_size": 53901624,
                                                                                    "children": []
                                                                                }
                                                                            ]
                                                                        }
                                                                    ]
                                                                },
                                                                {
                                                                    "operator_name": "HASH_JOIN",
                                                                    "cpu_time": 0.13649708700000007,
                                                                    "extra_info": {
                                                                        "Join Type": "SEMI",
                                                                        "Conditions": "id = #0",
                                                                        "Estimated Cardinality": "252142"
                                                                    },
                                                                    "cumulative_cardinality": 3401174,
                                                                    "operator_type": "HASH_JOIN",
                                                                    "operator_cardinality": 10,
                                                                    "cumulative_rows_scanned": 2521420,
                                                                    "operator_rows_scanned": 0,
                                                                    "operator_timing": 0.0025799629999999994,
                                                                    "result_set_size": 200,
                                                                    "children": [
                                                                        {
                                                                            "operator_name": "READ_PARQUET ",
                                                                            "cpu_time": 0.031225176,
                                                                            "extra_info": {
                                                                                "Function": "READ_PARQUET",
                                                                                "Projections": [
                                                                                    "id",
                                                                                    "displayname"
                                                                                ],
                                                                                "Filters": "id<=1416539",
                                                                                "Estimated Cardinality": "1260710"
                                                                            },
                                                                            "cumulative_cardinality": 326607,
                                                                            "operator_type": "TABLE_SCAN",
                                                                            "operator_cardinality": 326607,
                                                                            "cumulative_rows_scanned": 1260710,
                                                                            "operator_rows_scanned": 1260710,
                                                                            "operator_timing": 0.031225176,
                                                                            "result_set_size": 6532140,
                                                                            "children": []
                                                                        },
                                                                        {
                                                                            "operator_name": "PROJECTION",
                                                                            "cpu_time": 0.10269194800000007,
                                                                            "extra_info": {
                                                                                "Projections": "id",
                                                                                "Estimated Cardinality": "10"
                                                                            },
                                                                            "cumulative_cardinality": 3074557,
                                                                            "operator_type": "PROJECTION",
                                                                            "operator_cardinality": 10,
                                                                            "cumulative_rows_scanned": 1260710,
                                                                            "operator_rows_scanned": 0,
                                                                            "operator_timing": 0.00000495,
                                                                            "result_set_size": 40,
                                                                            "children": [
                                                                                {
                                                                                    "operator_name": "STREAMING_LIMIT",
                                                                                    "cpu_time": 0.10268699800000007,
                                                                                    "extra_info": {},
                                                                                    "cumulative_cardinality": 3074547,
                                                                                    "operator_type": "STREAMING_LIMIT",
                                                                                    "operator_cardinality": 10,
                                                                                    "cumulative_rows_scanned": 1260710,
                                                                                    "operator_rows_scanned": 0,
                                                                                    "operator_timing": 0.000004397999999999999,
                                                                                    "result_set_size": 160,
                                                                                    "children": [
                                                                                        {
                                                                                            "operator_name": "ORDER_BY",
                                                                                            "cpu_time": 0.10268260000000007,
                                                                                            "extra_info": {
                                                                                                "Order By": [
                                                                                                    "U.Reputation DESC",
                                                                                                    "UB.TotalBadges DESC"
                                                                                                ]
                                                                                            },
                                                                                            "cumulative_cardinality": 3074537,
                                                                                            "operator_type": "ORDER_BY",
                                                                                            "operator_cardinality": 4096,
                                                                                            "cumulative_rows_scanned": 1260710,
                                                                                            "operator_rows_scanned": 0,
                                                                                            "operator_timing": 0.027327826000000027,
                                                                                            "result_set_size": 65536,
                                                                                            "children": [
                                                                                                {
                                                                                                    "operator_name": "HASH_JOIN",
                                                                                                    "cpu_time": 0.07535477400000004,
                                                                                                    "extra_info": {
                                                                                                        "Join Type": "LEFT",
                                                                                                        "Conditions": "id = userid",
                                                                                                        "Estimated Cardinality": "1260710"
                                                                                                    },
                                                                                                    "cumulative_cardinality": 3070441,
                                                                                                    "operator_type": "HASH_JOIN",
                                                                                                    "operator_cardinality": 1260710,
                                                                                                    "cumulative_rows_scanned": 1260710,
                                                                                                    "operator_rows_scanned": 0,
                                                                                                    "operator_timing": 0.06029798100000004,
                                                                                                    "result_set_size": 20171360,
                                                                                                    "children": [
                                                                                                        {
                                                                                                            "operator_name": "READ_PARQUET ",
                                                                                                            "cpu_time": 0.014683367999999997,
                                                                                                            "extra_info": {
                                                                                                                "Function": "READ_PARQUET",
                                                                                                                "Projections": [
                                                                                                                    "id",
                                                                                                                    "reputation"
                                                                                                                ],
                                                                                                                "Estimated Cardinality": "1260710"
                                                                                                            },
                                                                                                            "cumulative_cardinality": 1260710,
                                                                                                            "operator_type": "TABLE_SCAN",
                                                                                                            "operator_cardinality": 1260710,
                                                                                                            "cumulative_rows_scanned": 1260710,
                                                                                                            "operator_rows_scanned": 1260710,
                                                                                                            "operator_timing": 0.014683367999999997,
                                                                                                            "result_set_size": 10085680,
                                                                                                            "children": []
                                                                                                        },
                                                                                                        {
                                                                                                            "operator_name": "CTE_SCAN",
                                                                                                            "cpu_time": 0.0003734250000000004,
                                                                                                            "extra_info": {
                                                                                                                "CTE Index": "0",
                                                                                                                "Estimated Cardinality": "1160862"
                                                                                                            },
                                                                                                            "cumulative_cardinality": 549021,
                                                                                                            "operator_type": "CTE_SCAN",
                                                                                                            "operator_cardinality": 549021,
                                                                                                            "cumulative_rows_scanned": 0,
                                                                                                            "operator_rows_scanned": 0,
                                                                                                            "operator_timing": 0.0003734250000000004,
                                                                                                            "result_set_size": 6588252,
                                                                                                            "children": []
                                                                                                        }
                                                                                                    ]
                                                                                                }
                                                                                            ]
                                                                                        }
                                                                                    ]
                                                                                }
                                                                            ]
                                                                        }
                                                                    ]
                                                                }
                                                            ]
                                                        }
                                                    ]
                                                },
                                                {
                                                    "operator_name": "FILTER",
                                                    "cpu_time": 0.2136954780000001,
                                                    "extra_info": {
                                                        "Expression": "(id <= 1416539)",
                                                        "Estimated Cardinality": "10"
                                                    },
                                                    "cumulative_cardinality": 4335267,
                                                    "operator_type": "FILTER",
                                                    "operator_cardinality": 10,
                                                    "cumulative_rows_scanned": 1260710,
                                                    "operator_rows_scanned": 0,
                                                    "operator_timing": 0.000013936,
                                                    "result_set_size": 320,
                                                    "children": [
                                                        {
                                                            "operator_name": "STREAMING_LIMIT",
                                                            "cpu_time": 0.2136815420000001,
                                                            "extra_info": {},
                                                            "cumulative_cardinality": 4335257,
                                                            "operator_type": "STREAMING_LIMIT",
                                                            "operator_cardinality": 10,
                                                            "cumulative_rows_scanned": 1260710,
                                                            "operator_rows_scanned": 0,
                                                            "operator_timing": 0.000004849,
                                                            "result_set_size": 320,
                                                            "children": [
                                                                {
                                                                    "operator_name": "ORDER_BY",
                                                                    "cpu_time": 0.2136766930000001,
                                                                    "extra_info": {
                                                                        "Order By": [
                                                                            "U.Reputation DESC",
                                                                            "UB.TotalBadges DESC"
                                                                        ]
                                                                    },
                                                                    "cumulative_cardinality": 4335247,
                                                                    "operator_type": "ORDER_BY",
                                                                    "operator_cardinality": 4096,
                                                                    "cumulative_rows_scanned": 1260710,
                                                                    "operator_rows_scanned": 0,
                                                                    "operator_timing": 0.06205942300000002,
                                                                    "result_set_size": 131072,
                                                                    "children": [
                                                                        {
                                                                            "operator_name": "PROJECTION",
                                                                            "cpu_time": 0.15161727000000008,
                                                                            "extra_info": {
                                                                                "Projections": [
                                                                                    "id",
                                                                                    "displayname",
                                                                                    "reputation",
                                                                                    "TotalBadges"
                                                                                ],
                                                                                "Estimated Cardinality": "1260710"
                                                                            },
                                                                            "cumulative_cardinality": 4331151,
                                                                            "operator_type": "PROJECTION",
                                                                            "operator_cardinality": 1260710,
                                                                            "cumulative_rows_scanned": 1260710,
                                                                            "operator_rows_scanned": 0,
                                                                            "operator_timing": 0.00033242300000000036,
                                                                            "result_set_size": 40342720,
                                                                            "children": [
                                                                                {
                                                                                    "operator_name": "HASH_JOIN",
                                                                                    "cpu_time": 0.15128484700000008,
                                                                                    "extra_info": {
                                                                                        "Join Type": "LEFT",
                                                                                        "Conditions": "id = userid",
                                                                                        "Estimated Cardinality": "1260710"
                                                                                    },
                                                                                    "cumulative_cardinality": 3070441,
                                                                                    "operator_type": "HASH_JOIN",
                                                                                    "operator_cardinality": 1260710,
                                                                                    "cumulative_rows_scanned": 1260710,
                                                                                    "operator_rows_scanned": 0,
                                                                                    "operator_timing": 0.06742834400000006,
                                                                                    "result_set_size": 45385560,
                                                                                    "children": [
                                                                                        {
                                                                                            "operator_name": "READ_PARQUET ",
                                                                                            "cpu_time": 0.08372167800000002,
                                                                                            "extra_info": {
                                                                                                "Function": "READ_PARQUET",
                                                                                                "Projections": [
                                                                                                    "id",
                                                                                                    "reputation",
                                                                                                    "displayname"
                                                                                                ],
                                                                                                "Estimated Cardinality": "1260710"
                                                                                            },
                                                                                            "cumulative_cardinality": 1260710,
                                                                                            "operator_type": "TABLE_SCAN",
                                                                                            "operator_cardinality": 1260710,
                                                                                            "cumulative_rows_scanned": 1260710,
                                                                                            "operator_rows_scanned": 1260710,
                                                                                            "operator_timing": 0.08372167800000002,
                                                                                            "result_set_size": 30257040,
                                                                                            "children": []
                                                                                        },
                                                                                        {
                                                                                            "operator_name": "CTE_SCAN",
                                                                                            "cpu_time": 0.00013482500000000007,
                                                                                            "extra_info": {
                                                                                                "CTE Index": "0",
                                                                                                "Estimated Cardinality": "1160862"
                                                                                            },
                                                                                            "cumulative_cardinality": 549021,
                                                                                            "operator_type": "CTE_SCAN",
                                                                                            "operator_cardinality": 549021,
                                                                                            "cumulative_rows_scanned": 0,
                                                                                            "operator_rows_scanned": 0,
                                                                                            "operator_timing": 0.00013482500000000007,
                                                                                            "result_set_size": 6588252,
                                                                                            "children": []
                                                                                        }
                                                                                    ]
                                                                                }
                                                                            ]
                                                                        }
                                                                    ]
                                                                }
                                                            ]
                                                        }
                                                    ]
                                                }
                                            ]
                                        }
                                    ]
                                }
                            ]
                        }
                    ]
                }
            ]
        }
    ]
}