{
    "rows_returned": 10,
    "query_name": "\nWITH UserStats AS (\n    SELECT \n        U.Id AS UserId,\n        U.DisplayName,\n        U.Reputation,\n        COUNT(DISTINCT B.Id) AS BadgeCount,\n        SUM(CASE WHEN V.VoteTypeId = 2 THEN 1 ELSE 0 END) AS UpVotes,\n        SUM(CASE WHEN V.VoteTypeId = 3 THEN 1 ELSE 0 END) AS DownVotes,\n        COUNT(DISTINCT P.Id) AS PostCount,\n        COUNT(DISTINCT C.Id) AS CommentCount,\n        MAX(P.CreationDate) AS LastPostDate\n    FROM Users U\n    LEFT JOIN Badges B ON U.Id = B.UserId\n    LEFT JOIN Posts P ON U.Id = P.OwnerUserId\n    LEFT JOIN Comments C ON P.Id = C.PostId\n    LEFT JOIN Votes V ON P.Id = V.PostId\n    WHERE U.Reputation > 1000\n    GROUP BY U.Id, U.DisplayName, U.Reputation\n), PopularTags AS (\n    SELECT \n        T.TagName,\n        COUNT(DISTINCT P.Id) AS PostCount\n    FROM Tags T\n    JOIN Posts P ON P.Tags LIKE CONCAT('%', T.TagName, '%')\n    WHERE P.CreationDate > DATE '2024-10-01' - INTERVAL '1 year'\n    GROUP BY T.TagName\n    HAVING COUNT(DISTINCT P.Id) > 50\n), ActiveUsers AS (\n    SELECT \n        U.DisplayName, \n        U.Id,\n        US.Reputation,\n        US.BadgeCount,\n        US.UpVotes,\n        US.DownVotes,\n        US.PostCount,\n        US.CommentCount,\n        US.LastPostDate\n    FROM UserStats US\n    JOIN Users U ON US.UserId = U.Id\n    WHERE US.PostCount > 5 AND US.CommentCount > 10\n)\nSELECT \n    AU.DisplayName, \n    AU.Reputation, \n    AU.BadgeCount, \n    AU.UpVotes, \n    AU.DownVotes,\n    PT.TagName,\n    PT.PostCount\nFROM ActiveUsers AU\nJOIN PopularTags PT ON AU.PostCount > PT.PostCount\nORDER BY AU.Reputation DESC, PT.PostCount DESC\nFETCH FIRST 10 ROWS ONLY;\n",
    "blocked_thread_time": 0.0,
    "cpu_time": 1107.7854681399585,
    "extra_info": {},
    "cumulative_cardinality": 25034649053,
    "cumulative_rows_scanned": 32531267,
    "result_set_size": 840,
    "latency": 1199.593698423,
    "children": [
        {
            "operator_name": "STREAMING_LIMIT",
            "cpu_time": 1107.7854681399585,
            "extra_info": {},
            "cumulative_cardinality": 25034649053,
            "operator_type": "STREAMING_LIMIT",
            "operator_cardinality": 10,
            "cumulative_rows_scanned": 32531267,
            "operator_rows_scanned": 0,
            "operator_timing": 0.0000027749999999999997,
            "result_set_size": 840,
            "children": [
                {
                    "operator_name": "ORDER_BY",
                    "cpu_time": 1107.7854653649586,
                    "extra_info": {
                        "Order By": [
                            "AU.Reputation DESC",
                            "PT.PostCount DESC"
                        ]
                    },
                    "cumulative_cardinality": 25034649043,
                    "operator_type": "ORDER_BY",
                    "operator_cardinality": 4096,
                    "cumulative_rows_scanned": 32531267,
                    "operator_rows_scanned": 0,
                    "operator_timing": 0.14304127100000025,
                    "result_set_size": 344064,
                    "children": [
                        {
                            "operator_name": "PROJECTION",
                            "cpu_time": 1107.6424240939587,
                            "extra_info": {
                                "Projections": [
                                    "displayname",
                                    "reputation",
                                    "BadgeCount",
                                    "UpVotes",
                                    "DownVotes",
                                    "tagname",
                                    "PostCount"
                                ],
                                "Estimated Cardinality": "126007"
                            },
                            "cumulative_cardinality": 25034644947,
                            "operator_type": "PROJECTION",
                            "operator_cardinality": 2291581,
                            "cumulative_rows_scanned": 32531267,
                            "operator_rows_scanned": 0,
                            "operator_timing": 0.00039483099999999897,
                            "result_set_size": 192492804,
                            "children": [
                                {
                                    "operator_name": "PIECEWISE_MERGE_JOIN",
                                    "cpu_time": 1107.6420292629587,
                                    "extra_info": {
                                        "Join Type": "INNER",
                                        "Conditions": "PostCount > PostCount",
                                        "Estimated Cardinality": "126007"
                                    },
                                    "cumulative_cardinality": 25032353366,
                                    "operator_type": "PIECEWISE_MERGE_JOIN",
                                    "operator_cardinality": 2291581,
                                    "cumulative_rows_scanned": 32531267,
                                    "operator_rows_scanned": 0,
                                    "operator_timing": 0.019116591000000037,
                                    "result_set_size": 210825452,
                                    "children": [
                                        {
                                            "operator_name": "HASH_JOIN",
                                            "cpu_time": 1075.9738929179584,
                                            "extra_info": {
                                                "Join Type": "INNER",
                                                "Conditions": "id = UserId",
                                                "Estimated Cardinality": "252142"
                                            },
                                            "cumulative_cardinality": 25029375780,
                                            "operator_type": "HASH_JOIN",
                                            "operator_cardinality": 10997,
                                            "cumulative_rows_scanned": 28679175,
                                            "operator_rows_scanned": 0,
                                            "operator_timing": 0.013537355000000107,
                                            "result_set_size": 747796,
                                            "children": [
                                                {
                                                    "operator_name": "READ_PARQUET ",
                                                    "cpu_time": 0.08370857600000002,
                                                    "extra_info": {
                                                        "Function": "READ_PARQUET",
                                                        "Projections": [
                                                            "id",
                                                            "displayname"
                                                        ],
                                                        "Estimated Cardinality": "1260710"
                                                    },
                                                    "cumulative_cardinality": 1221418,
                                                    "operator_type": "TABLE_SCAN",
                                                    "operator_cardinality": 1221418,
                                                    "cumulative_rows_scanned": 1260710,
                                                    "operator_rows_scanned": 1260710,
                                                    "operator_timing": 0.08370857600000002,
                                                    "result_set_size": 24428360,
                                                    "children": []
                                                },
                                                {
                                                    "operator_name": "PROJECTION",
                                                    "cpu_time": 1075.8766469869583,
                                                    "extra_info": {
                                                        "Projections": [
                                                            "#0",
                                                            "#2",
                                                            "#3",
                                                            "#4",
                                                            "#5",
                                                            "#6"
                                                        ],
                                                        "Estimated Cardinality": "252142"
                                                    },
                                                    "cumulative_cardinality": 25028143365,
                                                    "operator_type": "PROJECTION",
                                                    "operator_cardinality": 10997,
                                                    "cumulative_rows_scanned": 27418465,
                                                    "operator_rows_scanned": 0,
                                                    "operator_timing": 0.0000022240000000000002,
                                                    "result_set_size": 615832,
                                                    "children": [
                                                        {
                                                            "operator_name": "FILTER",
                                                            "cpu_time": 1075.8766447629584,
                                                            "extra_info": {
                                                                "Expression": "((PostCount > 5) AND (CommentCount > 10))",
                                                                "Estimated Cardinality": "252142"
                                                            },
                                                            "cumulative_cardinality": 25028132368,
                                                            "operator_type": "FILTER",
                                                            "operator_cardinality": 10997,
                                                            "cumulative_rows_scanned": 27418465,
                                                            "operator_rows_scanned": 0,
                                                            "operator_timing": 0.000072985,
                                                            "result_set_size": 879760,
                                                            "children": [
                                                                {
                                                                    "operator_name": "HASH_GROUP_BY",
                                                                    "cpu_time": 1075.8765717779584,
                                                                    "extra_info": {
                                                                        "Groups": [
                                                                            "#0",
                                                                            "#1",
                                                                            "#2"
                                                                        ],
                                                                        "Aggregates": [
                                                                            "count(DISTINCT #3)",
                                                                            "sum(#4)",
                                                                            "sum(#5)",
                                                                            "count(DISTINCT #6)",
                                                                            "count(DISTINCT #7)"
                                                                        ],
                                                                        "Estimated Cardinality": "1260710"
                                                                    },
                                                                    "cumulative_cardinality": 25028121371,
                                                                    "operator_type": "HASH_GROUP_BY",
                                                                    "operator_cardinality": 11215,
                                                                    "cumulative_rows_scanned": 27418465,
                                                                    "operator_rows_scanned": 0,
                                                                    "operator_timing": 893.8269943639731,
                                                                    "result_set_size": 897200,
                                                                    "children": [
                                                                        {
                                                                            "operator_name": "PROJECTION",
                                                                            "cpu_time": 182.04957741398533,
                                                                            "extra_info": {
                                                                                "Projections": [
                                                                                    "id",
                                                                                    "displayname",
                                                                                    "reputation",
                                                                                    "id",
                                                                                    "CASE  WHEN ((votetypeid = 2)) THEN (1) ELSE 0 END",
                                                                                    "CASE  WHEN ((votetypeid = 3)) THEN (1) ELSE 0 END",
                                                                                    "id",
                                                                                    "id"
                                                                                ],
                                                                                "Estimated Cardinality": "12744093"
                                                                            },
                                                                            "cumulative_cardinality": 25028110156,
                                                                            "operator_type": "PROJECTION",
                                                                            "operator_cardinality": 7721014665,
                                                                            "cumulative_rows_scanned": 27418465,
                                                                            "operator_rows_scanned": 0,
                                                                            "operator_timing": 27.990827909998508,
                                                                            "result_set_size": 339724645260,
                                                                            "children": [
                                                                                {
                                                                                    "operator_name": "PROJECTION",
                                                                                    "cpu_time": 154.05874950398683,
                                                                                    "extra_info": {
                                                                                        "Projections": [
                                                                                            "#0",
                                                                                            "#1",
                                                                                            "#2",
                                                                                            "#3",
                                                                                            "#4",
                                                                                            "#5",
                                                                                            "__internal_decompress_integral_smallint(#6, 1)"
                                                                                        ],
                                                                                        "Estimated Cardinality": "12744093"
                                                                                    },
                                                                                    "cumulative_cardinality": 17307095491,
                                                                                    "operator_type": "PROJECTION",
                                                                                    "operator_cardinality": 7721014665,
                                                                                    "cumulative_rows_scanned": 27418465,
                                                                                    "operator_rows_scanned": 0,
                                                                                    "operator_timing": 3.4852795540019077,
                                                                                    "result_set_size": 293398557270,
                                                                                    "children": [
                                                                                        {
                                                                                            "operator_name": "HASH_JOIN",
                                                                                            "cpu_time": 150.5734699499849,
                                                                                            "extra_info": {
                                                                                                "Join Type": "LEFT",
                                                                                                "Conditions": "id = postid",
                                                                                                "Estimated Cardinality": "12744093"
                                                                                            },
                                                                                            "cumulative_cardinality": 9586080826,
                                                                                            "operator_type": "HASH_JOIN",
                                                                                            "operator_cardinality": 7721014665,
                                                                                            "cumulative_rows_scanned": 27418465,
                                                                                            "operator_rows_scanned": 0,
                                                                                            "operator_timing": 58.91837102798551,
                                                                                            "result_set_size": 285677542605,
                                                                                            "children": [
                                                                                                {
                                                                                                    "operator_name": "HASH_JOIN",
                                                                                                    "cpu_time": 91.50399342499941,
                                                                                                    "extra_info": {
                                                                                                        "Join Type": "RIGHT",
                                                                                                        "Conditions": "postid = id",
                                                                                                        "Estimated Cardinality": "7241822"
                                                                                                    },
                                                                                                    "cumulative_cardinality": 1839577975,
                                                                                                    "operator_type": "HASH_JOIN",
                                                                                                    "operator_cardinality": 1261666621,
                                                                                                    "cumulative_rows_scanned": 14674372,
                                                                                                    "operator_rows_scanned": 0,
                                                                                                    "operator_timing": 79.22745243799949,
                                                                                                    "result_set_size": 45419998356,
                                                                                                    "children": [
                                                                                                        {
                                                                                                            "operator_name": "READ_PARQUET ",
                                                                                                            "cpu_time": 0.17679005799999975,
                                                                                                            "extra_info": {
                                                                                                                "Function": "READ_PARQUET",
                                                                                                                "Projections": [
                                                                                                                    "id",
                                                                                                                    "postid"
                                                                                                                ],
                                                                                                                "Estimated Cardinality": "7241822"
                                                                                                            },
                                                                                                            "cumulative_cardinality": 7241822,
                                                                                                            "operator_type": "TABLE_SCAN",
                                                                                                            "operator_cardinality": 7241822,
                                                                                                            "cumulative_rows_scanned": 7241822,
                                                                                                            "operator_rows_scanned": 7241822,
                                                                                                            "operator_timing": 0.17679005799999975,
                                                                                                            "result_set_size": 57934576,
                                                                                                            "children": []
                                                                                                        },
                                                                                                        {
                                                                                                            "operator_name": "HASH_JOIN",
                                                                                                            "cpu_time": 12.099750928999926,
                                                                                                            "extra_info": {
                                                                                                                "Join Type": "RIGHT",
                                                                                                                "Conditions": "owneruserid = id",
                                                                                                                "Estimated Cardinality": "3850116"
                                                                                                            },
                                                                                                            "cumulative_cardinality": 570669532,
                                                                                                            "operator_type": "HASH_JOIN",
                                                                                                            "operator_cardinality": 564024796,
                                                                                                            "cumulative_rows_scanned": 7432550,
                                                                                                            "operator_rows_scanned": 0,
                                                                                                            "operator_timing": 11.800086911999927,
                                                                                                            "result_set_size": 18048793472,
                                                                                                            "children": [
                                                                                                                {
                                                                                                                    "operator_name": "READ_PARQUET ",
                                                                                                                    "cpu_time": 0.16101205200000038,
                                                                                                                    "extra_info": {
                                                                                                                        "Function": "READ_PARQUET",
                                                                                                                        "Projections": [
                                                                                                                            "id",
                                                                                                                            "owneruserid"
                                                                                                                        ],
                                                                                                                        "Estimated Cardinality": "3850116"
                                                                                                                    },
                                                                                                                    "cumulative_cardinality": 3683373,
                                                                                                                    "operator_type": "TABLE_SCAN",
                                                                                                                    "operator_cardinality": 3683373,
                                                                                                                    "cumulative_rows_scanned": 3850116,
                                                                                                                    "operator_rows_scanned": 3850116,
                                                                                                                    "operator_timing": 0.16101205200000038,
                                                                                                                    "result_set_size": 29466984,
                                                                                                                    "children": []
                                                                                                                },
                                                                                                                {
                                                                                                                    "operator_name": "HASH_JOIN",
                                                                                                                    "cpu_time": 0.13865196499999996,
                                                                                                                    "extra_info": {
                                                                                                                        "Join Type": "RIGHT",
                                                                                                                        "Conditions": "userid = id",
                                                                                                                        "Estimated Cardinality": "2321724"
                                                                                                                    },
                                                                                                                    "cumulative_cardinality": 2961363,
                                                                                                                    "operator_type": "HASH_JOIN",
                                                                                                                    "operator_cardinality": 632948,
                                                                                                                    "cumulative_rows_scanned": 3582434,
                                                                                                                    "operator_rows_scanned": 0,
                                                                                                                    "operator_timing": 0.04204366200000009,
                                                                                                                    "result_set_size": 17722544,
                                                                                                                    "children": [
                                                                                                                        {
                                                                                                                            "operator_name": "READ_PARQUET ",
                                                                                                                            "cpu_time": 0.045618759999999925,
                                                                                                                            "extra_info": {
                                                                                                                                "Function": "READ_PARQUET",
                                                                                                                                "Projections": [
                                                                                                                                    "id",
                                                                                                                                    "userid"
                                                                                                                                ],
                                                                                                                                "Estimated Cardinality": "2321724"
                                                                                                                            },
                                                                                                                            "cumulative_cardinality": 2317200,
                                                                                                                            "operator_type": "TABLE_SCAN",
                                                                                                                            "operator_cardinality": 2317200,
                                                                                                                            "cumulative_rows_scanned": 2321724,
                                                                                                                            "operator_rows_scanned": 2321724,
                                                                                                                            "operator_timing": 0.045618759999999925,
                                                                                                                            "result_set_size": 18537600,
                                                                                                                            "children": []
                                                                                                                        },
                                                                                                                        {
                                                                                                                            "operator_name": "READ_PARQUET ",
                                                                                                                            "cpu_time": 0.05098954299999994,
                                                                                                                            "extra_info": {
                                                                                                                                "Function": "READ_PARQUET",
                                                                                                                                "Projections": [
                                                                                                                                    "id",
                                                                                                                                    "reputation",
                                                                                                                                    "displayname"
                                                                                                                                ],
                                                                                                                                "Filters": "reputation>1000",
                                                                                                                                "Estimated Cardinality": "252142"
                                                                                                                            },
                                                                                                                            "cumulative_cardinality": 11215,
                                                                                                                            "operator_type": "TABLE_SCAN",
                                                                                                                            "operator_cardinality": 11215,
                                                                                                                            "cumulative_rows_scanned": 1260710,
                                                                                                                            "operator_rows_scanned": 1260710,
                                                                                                                            "operator_timing": 0.05098954299999994,
                                                                                                                            "result_set_size": 269160,
                                                                                                                            "children": []
                                                                                                                        }
                                                                                                                    ]
                                                                                                                }
                                                                                                            ]
                                                                                                        }
                                                                                                    ]
                                                                                                },
                                                                                                {
                                                                                                    "operator_name": "PROJECTION",
                                                                                                    "cpu_time": 0.1511054969999996,
                                                                                                    "extra_info": {
                                                                                                        "Projections": [
                                                                                                            "#0",
                                                                                                            "__internal_compress_integral_utinyint(#1, 1)"
                                                                                                        ],
                                                                                                        "Estimated Cardinality": "12744093"
                                                                                                    },
                                                                                                    "cumulative_cardinality": 25488186,
                                                                                                    "operator_type": "PROJECTION",
                                                                                                    "operator_cardinality": 12744093,
                                                                                                    "cumulative_rows_scanned": 12744093,
                                                                                                    "operator_rows_scanned": 0,
                                                                                                    "operator_timing": 0.0032248620000000687,
                                                                                                    "result_set_size": 63720465,
                                                                                                    "children": [
                                                                                                        {
                                                                                                            "operator_name": "READ_PARQUET ",
                                                                                                            "cpu_time": 0.1478806349999995,
                                                                                                            "extra_info": {
                                                                                                                "Function": "READ_PARQUET",
                                                                                                                "Projections": [
                                                                                                                    "postid",
                                                                                                                    "votetypeid"
                                                                                                                ],
                                                                                                                "Estimated Cardinality": "12744093"
                                                                                                            },
                                                                                                            "cumulative_cardinality": 12744093,
                                                                                                            "operator_type": "TABLE_SCAN",
                                                                                                            "operator_cardinality": 12744093,
                                                                                                            "cumulative_rows_scanned": 12744093,
                                                                                                            "operator_rows_scanned": 12744093,
                                                                                                            "operator_timing": 0.1478806349999995,
                                                                                                            "result_set_size": 76464558,
                                                                                                            "children": []
                                                                                                        }
                                                                                                    ]
                                                                                                }
                                                                                            ]
                                                                                        }
                                                                                    ]
                                                                                }
                                                                            ]
                                                                        }
                                                                    ]
                                                                }
                                                            ]
                                                        }
                                                    ]
                                                }
                                            ]
                                        },
                                        {
                                            "operator_name": "FILTER",
                                            "cpu_time": 31.649019754000246,
                                            "extra_info": {
                                                "Expression": "(PostCount > 50)",
                                                "Estimated Cardinality": "395"
                                            },
                                            "cumulative_cardinality": 686005,
                                            "operator_type": "FILTER",
                                            "operator_cardinality": 606,
                                            "cumulative_rows_scanned": 3852092,
                                            "operator_rows_scanned": 0,
                                            "operator_timing": 0.000009507,
                                            "result_set_size": 14544,
                                            "children": [
                                                {
                                                    "operator_name": "HASH_GROUP_BY",
                                                    "cpu_time": 31.649010247000245,
                                                    "extra_info": {
                                                        "Groups": "#0",
                                                        "Aggregates": "count(DISTINCT #1)",
                                                        "Estimated Cardinality": "1976"
                                                    },
                                                    "cumulative_cardinality": 685399,
                                                    "operator_type": "HASH_GROUP_BY",
                                                    "operator_cardinality": 1880,
                                                    "cumulative_rows_scanned": 3852092,
                                                    "operator_rows_scanned": 0,
                                                    "operator_timing": 0.028835857000000017,
                                                    "result_set_size": 45120,
                                                    "children": [
                                                        {
                                                            "operator_name": "PROJECTION",
                                                            "cpu_time": 31.620174390000244,
                                                            "extra_info": {
                                                                "Projections": [
                                                                    "tagname",
                                                                    "id"
                                                                ],
                                                                "Estimated Cardinality": "770023"
                                                            },
                                                            "cumulative_cardinality": 683519,
                                                            "operator_type": "PROJECTION",
                                                            "operator_cardinality": 267911,
                                                            "cumulative_rows_scanned": 3852092,
                                                            "operator_rows_scanned": 0,
                                                            "operator_timing": 0.0001510469999999998,
                                                            "result_set_size": 5358220,
                                                            "children": [
                                                                {
                                                                    "operator_name": "BLOCKWISE_NL_JOIN",
                                                                    "cpu_time": 31.620023343000245,
                                                                    "extra_info": {
                                                                        "Join Type": "INNER",
                                                                        "Condition": "(tags ~~ concat('%', tagname, '%'))"
                                                                    },
                                                                    "cumulative_cardinality": 415608,
                                                                    "operator_type": "BLOCKWISE_NL_JOIN",
                                                                    "operator_cardinality": 267911,
                                                                    "cumulative_rows_scanned": 3852092,
                                                                    "operator_rows_scanned": 0,
                                                                    "operator_timing": 31.578281021000244,
                                                                    "result_set_size": 9644796,
                                                                    "children": [
                                                                        {
                                                                            "operator_name": "READ_PARQUET ",
                                                                            "cpu_time": 0.041436178999999976,
                                                                            "extra_info": {
                                                                                "Function": "READ_PARQUET",
                                                                                "Projections": [
                                                                                    "id",
                                                                                    "tags"
                                                                                ],
                                                                                "Filters": "creationdate>'2023-10-01 00:00:00'::TIMESTAMP",
                                                                                "Estimated Cardinality": "770023"
                                                                            },
                                                                            "cumulative_cardinality": 145721,
                                                                            "operator_type": "TABLE_SCAN",
                                                                            "operator_cardinality": 145721,
                                                                            "cumulative_rows_scanned": 3850116,
                                                                            "operator_rows_scanned": 3850116,
                                                                            "operator_timing": 0.041436178999999976,
                                                                            "result_set_size": 2914420,
                                                                            "children": []
                                                                        },
                                                                        {
                                                                            "operator_name": "READ_PARQUET ",
                                                                            "cpu_time": 0.00030614300000000004,
                                                                            "extra_info": {
                                                                                "Function": "READ_PARQUET",
                                                                                "Projections": "tagname",
                                                                                "Estimated Cardinality": "1976"
                                                                            },
                                                                            "cumulative_cardinality": 1976,
                                                                            "operator_type": "TABLE_SCAN",
                                                                            "operator_cardinality": 1976,
                                                                            "cumulative_rows_scanned": 1976,
                                                                            "operator_rows_scanned": 1976,
                                                                            "operator_timing": 0.00030614300000000004,
                                                                            "result_set_size": 31616,
                                                                            "children": []
                                                                        }
                                                                    ]
                                                                }
                                                            ]
                                                        }
                                                    ]
                                                }
                                            ]
                                        }
                                    ]
                                }
                            ]
                        }
                    ]
                }
            ]
        }
    ]
}