{
    "rows_returned": 15868,
    "query_name": "\nWITH UserActivity AS (\n    SELECT \n        U.Id AS UserId,\n        U.DisplayName,\n        COUNT(DISTINCT P.Id) AS PostCount,\n        SUM(CASE WHEN P.PostTypeId = 1 THEN 1 ELSE 0 END) AS Questions,\n        SUM(CASE WHEN P.PostTypeId = 2 THEN 1 ELSE 0 END) AS Answers,\n        SUM(CASE WHEN P.PostTypeId IN (10, 11) THEN 1 ELSE 0 END) AS ClosedPosts,\n        AVG(U.Reputation) AS AvgReputation,\n        SUM(COALESCE(CASE WHEN V.VoteTypeId = 2 THEN 1 ELSE 0 END, 0)) AS UpVotes,\n        SUM(COALESCE(CASE WHEN V.VoteTypeId = 3 THEN 1 ELSE 0 END, 0)) AS DownVotes\n    FROM \n        Users U\n    LEFT JOIN \n        Posts P ON U.Id = P.OwnerUserId\n    LEFT JOIN \n        Votes V ON P.Id = V.PostId\n    WHERE \n        U.CreationDate < CAST('2024-10-01 12:34:56' AS TIMESTAMP) - INTERVAL '1 year'\n    GROUP BY \n        U.Id, U.DisplayName\n),\nTopUsers AS (\n    SELECT \n        UserId,\n        DisplayName,\n        PostCount,\n        Questions,\n        Answers,\n        ClosedPosts,\n        AvgReputation,\n        UpVotes - DownVotes AS NetVotes\n    FROM \n        UserActivity\n    WHERE \n        PostCount > 5\n    ORDER BY \n        NetVotes DESC, AvgReputation DESC\n    LIMIT 10\n)\nSELECT \n    U.UserId,\n    U.DisplayName,\n    U.PostCount,\n    U.Questions,\n    U.Answers,\n    U.ClosedPosts,\n    U.AvgReputation,\n    U.NetVotes,\n    BH.Name AS BadgeName,\n    BH.Class\nFROM \n    TopUsers U\nLEFT JOIN \n    Badges BH ON U.UserId = BH.UserId\nORDER BY \n    U.NetVotes DESC, U.AvgReputation DESC;\n",
    "blocked_thread_time": 0.0,
    "cpu_time": 3.7202678159999993,
    "extra_info": {},
    "cumulative_cardinality": 63526142,
    "cumulative_rows_scanned": 20176643,
    "result_set_size": 1872424,
    "latency": 4.960254523,
    "children": [
        {
            "operator_name": "PROJECTION",
            "cpu_time": 3.7202678159999993,
            "extra_info": {
                "Projections": [
                    "#0",
                    "#1",
                    "#2",
                    "#3",
                    "#4",
                    "#5",
                    "#6",
                    "#7",
                    "#8",
                    "__internal_decompress_integral_smallint(#9, 1)"
                ],
                "Estimated Cardinality": "2321724"
            },
            "cumulative_cardinality": 63526142,
            "operator_type": "PROJECTION",
            "operator_cardinality": 15868,
            "cumulative_rows_scanned": 20176643,
            "operator_rows_scanned": 0,
            "operator_timing": 0.00000997,
            "result_set_size": 1872424,
            "children": [
                {
                    "operator_name": "ORDER_BY",
                    "cpu_time": 3.7202578459999995,
                    "extra_info": {
                        "Order By": [
                            "U.NetVotes DESC",
                            "U.AvgReputation DESC"
                        ]
                    },
                    "cumulative_cardinality": 63510274,
                    "operator_type": "ORDER_BY",
                    "operator_cardinality": 15868,
                    "cumulative_rows_scanned": 20176643,
                    "operator_rows_scanned": 0,
                    "operator_timing": 0.0015650560000000006,
                    "result_set_size": 1856556,
                    "children": [
                        {
                            "operator_name": "PROJECTION",
                            "cpu_time": 3.7186927899999995,
                            "extra_info": {
                                "Projections": [
                                    "#0",
                                    "#1",
                                    "#2",
                                    "#3",
                                    "#4",
                                    "#5",
                                    "#6",
                                    "#7",
                                    "#8",
                                    "__internal_compress_integral_utinyint(#9, 1)"
                                ],
                                "Estimated Cardinality": "2321724"
                            },
                            "cumulative_cardinality": 63494406,
                            "operator_type": "PROJECTION",
                            "operator_cardinality": 15868,
                            "cumulative_rows_scanned": 20176643,
                            "operator_rows_scanned": 0,
                            "operator_timing": 0.00007446599999999999,
                            "result_set_size": 1856556,
                            "children": [
                                {
                                    "operator_name": "PROJECTION",
                                    "cpu_time": 3.7186183239999995,
                                    "extra_info": {
                                        "Projections": [
                                            "UserId",
                                            "displayname",
                                            "PostCount",
                                            "Questions",
                                            "Answers",
                                            "ClosedPosts",
                                            "AvgReputation",
                                            "NetVotes",
                                            "BadgeName",
                                            "class"
                                        ],
                                        "Estimated Cardinality": "2321724"
                                    },
                                    "cumulative_cardinality": 63478538,
                                    "operator_type": "PROJECTION",
                                    "operator_cardinality": 15868,
                                    "cumulative_rows_scanned": 20176643,
                                    "operator_rows_scanned": 0,
                                    "operator_timing": 0.00003500700000000001,
                                    "result_set_size": 1872424,
                                    "children": [
                                        {
                                            "operator_name": "HASH_JOIN",
                                            "cpu_time": 3.7185833169999993,
                                            "extra_info": {
                                                "Join Type": "RIGHT",
                                                "Conditions": "userid = UserId",
                                                "Estimated Cardinality": "2321724"
                                            },
                                            "cumulative_cardinality": 63462670,
                                            "operator_type": "HASH_JOIN",
                                            "operator_cardinality": 15868,
                                            "cumulative_rows_scanned": 20176643,
                                            "operator_rows_scanned": 0,
                                            "operator_timing": 0.008681406000000015,
                                            "result_set_size": 1872424,
                                            "children": [
                                                {
                                                    "operator_name": "READ_PARQUET ",
                                                    "cpu_time": 0.046735409,
                                                    "extra_info": {
                                                        "Function": "READ_PARQUET",
                                                        "Projections": [
                                                            "userid",
                                                            "name",
                                                            "class"
                                                        ],
                                                        "Estimated Cardinality": "2321724"
                                                    },
                                                    "cumulative_cardinality": 1471710,
                                                    "operator_type": "TABLE_SCAN",
                                                    "operator_cardinality": 1471710,
                                                    "cumulative_rows_scanned": 2321724,
                                                    "operator_rows_scanned": 2321724,
                                                    "operator_timing": 0.046735409,
                                                    "result_set_size": 32377620,
                                                    "children": []
                                                },
                                                {
                                                    "operator_name": "STREAMING_LIMIT",
                                                    "cpu_time": 3.6631665019999993,
                                                    "extra_info": {},
                                                    "cumulative_cardinality": 61975092,
                                                    "operator_type": "STREAMING_LIMIT",
                                                    "operator_cardinality": 10,
                                                    "cumulative_rows_scanned": 17854919,
                                                    "operator_rows_scanned": 0,
                                                    "operator_timing": 0.000002956,
                                                    "result_set_size": 1000,
                                                    "children": [
                                                        {
                                                            "operator_name": "ORDER_BY",
                                                            "cpu_time": 3.6631635459999994,
                                                            "extra_info": {
                                                                "Order By": [
                                                                    "(UserActivity.UpVotes - UserActivity.DownVotes) DESC",
                                                                    "UserActivity.AvgReputation DESC"
                                                                ]
                                                            },
                                                            "cumulative_cardinality": 61975082,
                                                            "operator_type": "ORDER_BY",
                                                            "operator_cardinality": 4096,
                                                            "cumulative_rows_scanned": 17854919,
                                                            "operator_rows_scanned": 0,
                                                            "operator_timing": 0.004327911999999999,
                                                            "result_set_size": 409600,
                                                            "children": [
                                                                {
                                                                    "operator_name": "PROJECTION",
                                                                    "cpu_time": 3.6588356339999994,
                                                                    "extra_info": {
                                                                        "Projections": [
                                                                            "UserId",
                                                                            "displayname",
                                                                            "PostCount",
                                                                            "Questions",
                                                                            "Answers",
                                                                            "ClosedPosts",
                                                                            "AvgReputation",
                                                                            "NetVotes"
                                                                        ],
                                                                        "Estimated Cardinality": "252142"
                                                                    },
                                                                    "cumulative_cardinality": 61970986,
                                                                    "operator_type": "PROJECTION",
                                                                    "operator_cardinality": 61862,
                                                                    "cumulative_rows_scanned": 17854919,
                                                                    "operator_rows_scanned": 0,
                                                                    "operator_timing": 0.0005087699999999996,
                                                                    "result_set_size": 6186200,
                                                                    "children": [
                                                                        {
                                                                            "operator_name": "FILTER",
                                                                            "cpu_time": 3.6583268639999993,
                                                                            "extra_info": {
                                                                                "Expression": "(PostCount > 5)",
                                                                                "Estimated Cardinality": "252142"
                                                                            },
                                                                            "cumulative_cardinality": 61909124,
                                                                            "operator_type": "FILTER",
                                                                            "operator_cardinality": 61862,
                                                                            "cumulative_rows_scanned": 17854919,
                                                                            "operator_rows_scanned": 0,
                                                                            "operator_timing": 0.005328670000000004,
                                                                            "result_set_size": 7175992,
                                                                            "children": [
                                                                                {
                                                                                    "operator_name": "HASH_GROUP_BY",
                                                                                    "cpu_time": 3.6529981939999994,
                                                                                    "extra_info": {
                                                                                        "Groups": [
                                                                                            "#0",
                                                                                            "#1"
                                                                                        ],
                                                                                        "Aggregates": [
                                                                                            "count(DISTINCT #2)",
                                                                                            "sum(#3)",
                                                                                            "sum(#4)",
                                                                                            "sum(#5)",
                                                                                            "avg(#6)",
                                                                                            "sum(#7)",
                                                                                            "sum(#8)"
                                                                                        ],
                                                                                        "Estimated Cardinality": "1260710"
                                                                                    },
                                                                                    "cumulative_cardinality": 61847262,
                                                                                    "operator_type": "HASH_GROUP_BY",
                                                                                    "operator_cardinality": 1076537,
                                                                                    "cumulative_rows_scanned": 17854919,
                                                                                    "operator_rows_scanned": 0,
                                                                                    "operator_timing": 1.956469509999999,
                                                                                    "result_set_size": 124878292,
                                                                                    "children": [
                                                                                        {
                                                                                            "operator_name": "PROJECTION",
                                                                                            "cpu_time": 1.6965286840000005,
                                                                                            "extra_info": {
                                                                                                "Projections": [
                                                                                                    "id",
                                                                                                    "displayname",
                                                                                                    "id",
                                                                                                    "CASE  WHEN ((posttypeid = 1)) THEN (1) ELSE 0 END",
                                                                                                    "CASE  WHEN ((posttypeid = 2)) THEN (1) ELSE 0 END",
                                                                                                    "CASE  WHEN ((posttypeid IN (10, 11))) THEN (1) ELSE 0 END",
                                                                                                    "reputation",
                                                                                                    "CASE  WHEN ((votetypeid = 2)) THEN (1) ELSE 0 END",
                                                                                                    "CASE  WHEN ((votetypeid = 3)) THEN (1) ELSE 0 END"
                                                                                                ],
                                                                                                "Estimated Cardinality": "12744093"
                                                                                            },
                                                                                            "cumulative_cardinality": 60770725,
                                                                                            "operator_type": "PROJECTION",
                                                                                            "operator_cardinality": 11506328,
                                                                                            "cumulative_rows_scanned": 17854919,
                                                                                            "operator_rows_scanned": 0,
                                                                                            "operator_timing": 0.17506723800000001,
                                                                                            "result_set_size": 552303744,
                                                                                            "children": [
                                                                                                {
                                                                                                    "operator_name": "PROJECTION",
                                                                                                    "cpu_time": 1.5214614460000004,
                                                                                                    "extra_info": {
                                                                                                        "Projections": [
                                                                                                            "#0",
                                                                                                            "#1",
                                                                                                            "__internal_decompress_integral_smallint(#2, 1)",
                                                                                                            "#3",
                                                                                                            "#4",
                                                                                                            "#5"
                                                                                                        ],
                                                                                                        "Estimated Cardinality": "12744093"
                                                                                                    },
                                                                                                    "cumulative_cardinality": 49264397,
                                                                                                    "operator_type": "PROJECTION",
                                                                                                    "operator_cardinality": 11506328,
                                                                                                    "cumulative_rows_scanned": 17854919,
                                                                                                    "operator_rows_scanned": 0,
                                                                                                    "operator_timing": 0.006451357000000032,
                                                                                                    "result_set_size": 368202496,
                                                                                                    "children": [
                                                                                                        {
                                                                                                            "operator_name": "HASH_JOIN",
                                                                                                            "cpu_time": 1.5150100890000004,
                                                                                                            "extra_info": {
                                                                                                                "Join Type": "RIGHT",
                                                                                                                "Conditions": "postid = id",
                                                                                                                "Estimated Cardinality": "12744093"
                                                                                                            },
                                                                                                            "cumulative_cardinality": 37758069,
                                                                                                            "operator_type": "HASH_JOIN",
                                                                                                            "operator_cardinality": 11506328,
                                                                                                            "cumulative_rows_scanned": 17854919,
                                                                                                            "operator_rows_scanned": 0,
                                                                                                            "operator_timing": 0.833377475000001,
                                                                                                            "result_set_size": 356696168,
                                                                                                            "children": [
                                                                                                                {
                                                                                                                    "operator_name": "READ_PARQUET ",
                                                                                                                    "cpu_time": 0.2409285649999991,
                                                                                                                    "extra_info": {
                                                                                                                        "Function": "READ_PARQUET",
                                                                                                                        "Projections": [
                                                                                                                            "postid",
                                                                                                                            "votetypeid"
                                                                                                                        ],
                                                                                                                        "Estimated Cardinality": "12744093"
                                                                                                                    },
                                                                                                                    "cumulative_cardinality": 12744093,
                                                                                                                    "operator_type": "TABLE_SCAN",
                                                                                                                    "operator_cardinality": 12744093,
                                                                                                                    "cumulative_rows_scanned": 12744093,
                                                                                                                    "operator_rows_scanned": 12744093,
                                                                                                                    "operator_timing": 0.2409285649999991,
                                                                                                                    "result_set_size": 76464558,
                                                                                                                    "children": []
                                                                                                                },
                                                                                                                {
                                                                                                                    "operator_name": "PROJECTION",
                                                                                                                    "cpu_time": 0.4407040490000002,
                                                                                                                    "extra_info": {
                                                                                                                        "Projections": [
                                                                                                                            "#0",
                                                                                                                            "__internal_compress_integral_utinyint(#1, 1)",
                                                                                                                            "#2",
                                                                                                                            "#3",
                                                                                                                            "#4"
                                                                                                                        ],
                                                                                                                        "Estimated Cardinality": "3850116"
                                                                                                                    },
                                                                                                                    "cumulative_cardinality": 13507648,
                                                                                                                    "operator_type": "PROJECTION",
                                                                                                                    "operator_cardinality": 4374668,
                                                                                                                    "cumulative_rows_scanned": 5110826,
                                                                                                                    "operator_rows_scanned": 0,
                                                                                                                    "operator_timing": 0.002252349000000001,
                                                                                                                    "result_set_size": 126865372,
                                                                                                                    "children": [
                                                                                                                        {
                                                                                                                            "operator_name": "HASH_JOIN",
                                                                                                                            "cpu_time": 0.4384517000000002,
                                                                                                                            "extra_info": {
                                                                                                                                "Join Type": "RIGHT",
                                                                                                                                "Conditions": "owneruserid = id",
                                                                                                                                "Estimated Cardinality": "3850116"
                                                                                                                            },
                                                                                                                            "cumulative_cardinality": 9132980,
                                                                                                                            "operator_type": "HASH_JOIN",
                                                                                                                            "operator_cardinality": 4374668,
                                                                                                                            "cumulative_rows_scanned": 5110826,
                                                                                                                            "operator_rows_scanned": 0,
                                                                                                                            "operator_timing": 0.23499298800000037,
                                                                                                                            "result_set_size": 131240040,
                                                                                                                            "children": [
                                                                                                                                {
                                                                                                                                    "operator_name": "READ_PARQUET ",
                                                                                                                                    "cpu_time": 0.09816291199999987,
                                                                                                                                    "extra_info": {
                                                                                                                                        "Function": "READ_PARQUET",
                                                                                                                                        "Projections": [
                                                                                                                                            "id",
                                                                                                                                            "posttypeid",
                                                                                                                                            "owneruserid"
                                                                                                                                        ],
                                                                                                                                        "Estimated Cardinality": "3850116"
                                                                                                                                    },
                                                                                                                                    "cumulative_cardinality": 3681775,
                                                                                                                                    "operator_type": "TABLE_SCAN",
                                                                                                                                    "operator_cardinality": 3681775,
                                                                                                                                    "cumulative_rows_scanned": 3850116,
                                                                                                                                    "operator_rows_scanned": 3850116,
                                                                                                                                    "operator_timing": 0.09816291199999987,
                                                                                                                                    "result_set_size": 36817750,
                                                                                                                                    "children": []
                                                                                                                                },
                                                                                                                                {
                                                                                                                                    "operator_name": "READ_PARQUET ",
                                                                                                                                    "cpu_time": 0.10529579999999997,
                                                                                                                                    "extra_info": {
                                                                                                                                        "Function": "READ_PARQUET",
                                                                                                                                        "Projections": [
                                                                                                                                            "id",
                                                                                                                                            "reputation",
                                                                                                                                            "displayname"
                                                                                                                                        ],
                                                                                                                                        "Filters": "creationdate<'2023-10-01 12:34:56'::TIMESTAMP",
                                                                                                                                        "Estimated Cardinality": "252142"
                                                                                                                                    },
                                                                                                                                    "cumulative_cardinality": 1076537,
                                                                                                                                    "operator_type": "TABLE_SCAN",
                                                                                                                                    "operator_cardinality": 1076537,
                                                                                                                                    "cumulative_rows_scanned": 1260710,
                                                                                                                                    "operator_rows_scanned": 1260710,
                                                                                                                                    "operator_timing": 0.10529579999999997,
                                                                                                                                    "result_set_size": 25836888,
                                                                                                                                    "children": []
                                                                                                                                }
                                                                                                                            ]
                                                                                                                        }
                                                                                                                    ]
                                                                                                                }
                                                                                                            ]
                                                                                                        }
                                                                                                    ]
                                                                                                }
                                                                                            ]
                                                                                        }
                                                                                    ]
                                                                                }
                                                                            ]
                                                                        }
                                                                    ]
                                                                }
                                                            ]
                                                        }
                                                    ]
                                                }
                                            ]
                                        }
                                    ]
                                }
                            ]
                        }
                    ]
                }
            ]
        }
    ]
}