{
    "rows_returned": 0,
    "query_name": "\nWITH RecentPosts AS (\n    SELECT \n        p.Id AS PostId, \n        p.Title, \n        p.CreationDate, \n        p.Score, \n        p.ViewCount, \n        COUNT(c.Id) AS CommentCount, \n        COUNT(DISTINCT v.UserId) AS UpVoteCount \n    FROM Posts p\n    LEFT JOIN Comments c ON p.Id = c.PostId\n    LEFT JOIN Votes v ON p.Id = v.PostId AND v.VoteTypeId = 2\n    WHERE p.CreationDate >= TIMESTAMP '2024-10-01 12:34:56' - INTERVAL '30 days'\n    GROUP BY p.Id, p.Title, p.CreationDate, p.Score, p.ViewCount\n),\nTopUsers AS (\n    SELECT \n        u.Id AS UserId, \n        u.DisplayName, \n        SUM(b.Class) AS TotalBadges, \n        SUM(p.Score) AS TotalScore \n    FROM Users u\n    LEFT JOIN Badges b ON u.Id = b.UserId\n    LEFT JOIN Posts p ON u.Id = p.OwnerUserId\n    GROUP BY u.Id, u.DisplayName\n    ORDER BY TotalScore DESC \n    LIMIT 10\n),\nPostDetails AS (\n    SELECT \n        rp.PostId, \n        rp.Title, \n        rp.CreationDate, \n        rp.Score, \n        rp.ViewCount, \n        rp.CommentCount, \n        rp.UpVoteCount, \n        tu.DisplayName AS TopUser, \n        tu.TotalBadges \n    FROM RecentPosts rp\n    JOIN TopUsers tu ON rp.UpVoteCount > 0\n    ORDER BY rp.Score DESC, rp.ViewCount DESC\n)\nSELECT \n    pd.PostId, \n    pd.Title, \n    pd.CreationDate, \n    pd.Score, \n    pd.ViewCount, \n    pd.CommentCount, \n    pd.UpVoteCount, \n    pd.TopUser, \n    pd.TotalBadges \nFROM PostDetails pd\nWHERE pd.UpVoteCount >= 5\nORDER BY pd.CreationDate DESC;\n",
    "blocked_thread_time": 0.0,
    "cpu_time": 26.71781265500005,
    "extra_info": {},
    "cumulative_cardinality": 1783648583,
    "cumulative_rows_scanned": 31268581,
    "result_set_size": 0,
    "latency": 33.327508697,
    "children": [
        {
            "operator_name": "PROJECTION",
            "cpu_time": 26.71781265500005,
            "extra_info": {
                "Projections": [
                    "#0",
                    "#1",
                    "#2",
                    "__internal_decompress_integral_integer(#3, -72)",
                    "#4",
                    "#5",
                    "#6",
                    "#7",
                    "#8"
                ],
                "Estimated Cardinality": "7700230"
            },
            "cumulative_cardinality": 1783648583,
            "operator_type": "PROJECTION",
            "operator_cardinality": 0,
            "cumulative_rows_scanned": 31268581,
            "operator_rows_scanned": 0,
            "operator_timing": 0.0,
            "result_set_size": 0,
            "children": [
                {
                    "operator_name": "ORDER_BY",
                    "cpu_time": 26.71781265500005,
                    "extra_info": {
                        "Order By": "pd.CreationDate DESC"
                    },
                    "cumulative_cardinality": 1783648583,
                    "operator_type": "ORDER_BY",
                    "operator_cardinality": 0,
                    "cumulative_rows_scanned": 31268581,
                    "operator_rows_scanned": 0,
                    "operator_timing": 5e-8,
                    "result_set_size": 0,
                    "children": [
                        {
                            "operator_name": "PROJECTION",
                            "cpu_time": 26.71781260500005,
                            "extra_info": {
                                "Projections": [
                                    "#0",
                                    "#1",
                                    "#2",
                                    "__internal_compress_integral_usmallint(#3, -72)",
                                    "#4",
                                    "#5",
                                    "#6",
                                    "#7",
                                    "#8"
                                ],
                                "Estimated Cardinality": "7700230"
                            },
                            "cumulative_cardinality": 1783648583,
                            "operator_type": "PROJECTION",
                            "operator_cardinality": 0,
                            "cumulative_rows_scanned": 31268581,
                            "operator_rows_scanned": 0,
                            "operator_timing": 0.0,
                            "result_set_size": 0,
                            "children": [
                                {
                                    "operator_name": "PROJECTION",
                                    "cpu_time": 26.71781260500005,
                                    "extra_info": {
                                        "Projections": [
                                            "#0",
                                            "#1",
                                            "#2",
                                            "__internal_decompress_integral_integer(#3, -72)",
                                            "#4",
                                            "#5",
                                            "#6",
                                            "#7",
                                            "#8"
                                        ],
                                        "Estimated Cardinality": "7700230"
                                    },
                                    "cumulative_cardinality": 1783648583,
                                    "operator_type": "PROJECTION",
                                    "operator_cardinality": 0,
                                    "cumulative_rows_scanned": 31268581,
                                    "operator_rows_scanned": 0,
                                    "operator_timing": 0.0,
                                    "result_set_size": 0,
                                    "children": [
                                        {
                                            "operator_name": "ORDER_BY",
                                            "cpu_time": 26.71781260500005,
                                            "extra_info": {
                                                "Order By": [
                                                    "rp.Score DESC",
                                                    "rp.ViewCount DESC"
                                                ]
                                            },
                                            "cumulative_cardinality": 1783648583,
                                            "operator_type": "ORDER_BY",
                                            "operator_cardinality": 0,
                                            "cumulative_rows_scanned": 31268581,
                                            "operator_rows_scanned": 0,
                                            "operator_timing": 7.22e-7,
                                            "result_set_size": 0,
                                            "children": [
                                                {
                                                    "operator_name": "PROJECTION",
                                                    "cpu_time": 26.71781188300005,
                                                    "extra_info": {
                                                        "Projections": [
                                                            "#0",
                                                            "#1",
                                                            "#2",
                                                            "__internal_compress_integral_usmallint(#3, -72)",
                                                            "#4",
                                                            "#5",
                                                            "#6",
                                                            "#7",
                                                            "#8"
                                                        ],
                                                        "Estimated Cardinality": "7700230"
                                                    },
                                                    "cumulative_cardinality": 1783648583,
                                                    "operator_type": "PROJECTION",
                                                    "operator_cardinality": 0,
                                                    "cumulative_rows_scanned": 31268581,
                                                    "operator_rows_scanned": 0,
                                                    "operator_timing": 0.0,
                                                    "result_set_size": 0,
                                                    "children": [
                                                        {
                                                            "operator_name": "PROJECTION",
                                                            "cpu_time": 26.71781188300005,
                                                            "extra_info": {
                                                                "Projections": [
                                                                    "PostId",
                                                                    "title",
                                                                    "creationdate",
                                                                    "score",
                                                                    "viewcount",
                                                                    "CommentCount",
                                                                    "UpVoteCount",
                                                                    "TopUser",
                                                                    "TotalBadges"
                                                                ],
                                                                "Estimated Cardinality": "7700230"
                                                            },
                                                            "cumulative_cardinality": 1783648583,
                                                            "operator_type": "PROJECTION",
                                                            "operator_cardinality": 0,
                                                            "cumulative_rows_scanned": 31268581,
                                                            "operator_rows_scanned": 0,
                                                            "operator_timing": 0.0,
                                                            "result_set_size": 0,
                                                            "children": [
                                                                {
                                                                    "operator_name": "CROSS_PRODUCT",
                                                                    "cpu_time": 26.71781188300005,
                                                                    "extra_info": {},
                                                                    "cumulative_cardinality": 1783648583,
                                                                    "operator_type": "CROSS_PRODUCT",
                                                                    "operator_cardinality": 0,
                                                                    "cumulative_rows_scanned": 31268581,
                                                                    "operator_rows_scanned": 0,
                                                                    "operator_timing": 0.000023803999999999998,
                                                                    "result_set_size": 0,
                                                                    "children": [
                                                                        {
                                                                            "operator_name": "FILTER",
                                                                            "cpu_time": 0.8373009850000003,
                                                                            "extra_info": {
                                                                                "Expression": "(UpVoteCount >= 5)",
                                                                                "Estimated Cardinality": "770023"
                                                                            },
                                                                            "cumulative_cardinality": 9519734,
                                                                            "operator_type": "FILTER",
                                                                            "operator_cardinality": 0,
                                                                            "cumulative_rows_scanned": 23836031,
                                                                            "operator_rows_scanned": 0,
                                                                            "operator_timing": 0.000038842,
                                                                            "result_set_size": 0,
                                                                            "children": [
                                                                                {
                                                                                    "operator_name": "PROJECTION",
                                                                                    "cpu_time": 0.8372621430000002,
                                                                                    "extra_info": {
                                                                                        "Projections": [
                                                                                            "#0",
                                                                                            "#1",
                                                                                            "#2",
                                                                                            "__internal_decompress_integral_integer(#3, -72)",
                                                                                            "#4",
                                                                                            "#5",
                                                                                            "#6"
                                                                                        ],
                                                                                        "Estimated Cardinality": "3850116"
                                                                                    },
                                                                                    "cumulative_cardinality": 9519734,
                                                                                    "operator_type": "PROJECTION",
                                                                                    "operator_cardinality": 9927,
                                                                                    "cumulative_rows_scanned": 23836031,
                                                                                    "operator_rows_scanned": 0,
                                                                                    "operator_timing": 0.000006253,
                                                                                    "result_set_size": 516204,
                                                                                    "children": [
                                                                                        {
                                                                                            "operator_name": "HASH_GROUP_BY",
                                                                                            "cpu_time": 0.8372558900000002,
                                                                                            "extra_info": {
                                                                                                "Groups": [
                                                                                                    "#0",
                                                                                                    "#1",
                                                                                                    "#2",
                                                                                                    "#3",
                                                                                                    "#4"
                                                                                                ],
                                                                                                "Aggregates": [
                                                                                                    "count(#5)",
                                                                                                    "count(DISTINCT #6)"
                                                                                                ],
                                                                                                "Estimated Cardinality": "3850116"
                                                                                            },
                                                                                            "cumulative_cardinality": 9509807,
                                                                                            "operator_type": "HASH_GROUP_BY",
                                                                                            "operator_cardinality": 9927,
                                                                                            "cumulative_rows_scanned": 23836031,
                                                                                            "operator_rows_scanned": 0,
                                                                                            "operator_timing": 0.008665365999999999,
                                                                                            "result_set_size": 496350,
                                                                                            "children": [
                                                                                                {
                                                                                                    "operator_name": "PROJECTION",
                                                                                                    "cpu_time": 0.8285905240000002,
                                                                                                    "extra_info": {
                                                                                                        "Projections": [
                                                                                                            "id",
                                                                                                            "title",
                                                                                                            "creationdate",
                                                                                                            "score",
                                                                                                            "viewcount",
                                                                                                            "id",
                                                                                                            "userid"
                                                                                                        ],
                                                                                                        "Estimated Cardinality": "7241822"
                                                                                                    },
                                                                                                    "cumulative_cardinality": 9499880,
                                                                                                    "operator_type": "PROJECTION",
                                                                                                    "operator_cardinality": 54219,
                                                                                                    "cumulative_rows_scanned": 23836031,
                                                                                                    "operator_rows_scanned": 0,
                                                                                                    "operator_timing": 0.000019662999999999998,
                                                                                                    "result_set_size": 2277198,
                                                                                                    "children": [
                                                                                                        {
                                                                                                            "operator_name": "PROJECTION",
                                                                                                            "cpu_time": 0.8285708610000002,
                                                                                                            "extra_info": {
                                                                                                                "Projections": [
                                                                                                                    "#0",
                                                                                                                    "#1",
                                                                                                                    "#2",
                                                                                                                    "__internal_compress_integral_usmallint(#3, -72)",
                                                                                                                    "#4",
                                                                                                                    "#5",
                                                                                                                    "#6"
                                                                                                                ],
                                                                                                                "Estimated Cardinality": "7241822"
                                                                                                            },
                                                                                                            "cumulative_cardinality": 9445661,
                                                                                                            "operator_type": "PROJECTION",
                                                                                                            "operator_cardinality": 54219,
                                                                                                            "cumulative_rows_scanned": 23836031,
                                                                                                            "operator_rows_scanned": 0,
                                                                                                            "operator_timing": 0.00009471299999999995,
                                                                                                            "result_set_size": 2277198,
                                                                                                            "children": [
                                                                                                                {
                                                                                                                    "operator_name": "HASH_JOIN",
                                                                                                                    "cpu_time": 0.8284761480000002,
                                                                                                                    "extra_info": {
                                                                                                                        "Join Type": "LEFT",
                                                                                                                        "Conditions": "id = postid",
                                                                                                                        "Estimated Cardinality": "7241822"
                                                                                                                    },
                                                                                                                    "cumulative_cardinality": 9391442,
                                                                                                                    "operator_type": "HASH_JOIN",
                                                                                                                    "operator_cardinality": 54219,
                                                                                                                    "cumulative_rows_scanned": 23836031,
                                                                                                                    "operator_rows_scanned": 0,
                                                                                                                    "operator_timing": 0.43928834100000036,
                                                                                                                    "result_set_size": 2385636,
                                                                                                                    "children": [
                                                                                                                        {
                                                                                                                            "operator_name": "HASH_JOIN",
                                                                                                                            "cpu_time": 0.081990347,
                                                                                                                            "extra_info": {
                                                                                                                                "Join Type": "RIGHT",
                                                                                                                                "Conditions": "postid = id",
                                                                                                                                "Estimated Cardinality": "7241822"
                                                                                                                            },
                                                                                                                            "cumulative_cardinality": 53256,
                                                                                                                            "operator_type": "HASH_JOIN",
                                                                                                                            "operator_cardinality": 23844,
                                                                                                                            "cumulative_rows_scanned": 11091938,
                                                                                                                            "operator_rows_scanned": 0,
                                                                                                                            "operator_timing": 0.0027201120000000002,
                                                                                                                            "result_set_size": 953760,
                                                                                                                            "children": [
                                                                                                                                {
                                                                                                                                    "operator_name": "READ_PARQUET ",
                                                                                                                                    "cpu_time": 0.013200629999999998,
                                                                                                                                    "extra_info": {
                                                                                                                                        "Function": "READ_PARQUET",
                                                                                                                                        "Projections": [
                                                                                                                                            "id",
                                                                                                                                            "postid"
                                                                                                                                        ],
                                                                                                                                        "Estimated Cardinality": "7241822"
                                                                                                                                    },
                                                                                                                                    "cumulative_cardinality": 19485,
                                                                                                                                    "operator_type": "TABLE_SCAN",
                                                                                                                                    "operator_cardinality": 19485,
                                                                                                                                    "cumulative_rows_scanned": 7241822,
                                                                                                                                    "operator_rows_scanned": 7241822,
                                                                                                                                    "operator_timing": 0.013200629999999998,
                                                                                                                                    "result_set_size": 155880,
                                                                                                                                    "children": []
                                                                                                                                },
                                                                                                                                {
                                                                                                                                    "operator_name": "READ_PARQUET ",
                                                                                                                                    "cpu_time": 0.066069605,
                                                                                                                                    "extra_info": {
                                                                                                                                        "Function": "READ_PARQUET",
                                                                                                                                        "Projections": [
                                                                                                                                            "id",
                                                                                                                                            "creationdate",
                                                                                                                                            "score",
                                                                                                                                            "viewcount",
                                                                                                                                            "title"
                                                                                                                                        ],
                                                                                                                                        "Filters": "creationdate>='2024-09-01 12:34:56'::TIMESTAMP",
                                                                                                                                        "Estimated Cardinality": "770023"
                                                                                                                                    },
                                                                                                                                    "cumulative_cardinality": 9927,
                                                                                                                                    "operator_type": "TABLE_SCAN",
                                                                                                                                    "operator_cardinality": 9927,
                                                                                                                                    "cumulative_rows_scanned": 3850116,
                                                                                                                                    "operator_rows_scanned": 3850116,
                                                                                                                                    "operator_timing": 0.066069605,
                                                                                                                                    "result_set_size": 357372,
                                                                                                                                    "children": []
                                                                                                                                }
                                                                                                                            ]
                                                                                                                        },
                                                                                                                        {
                                                                                                                            "operator_name": "READ_PARQUET ",
                                                                                                                            "cpu_time": 0.30719745999999987,
                                                                                                                            "extra_info": {
                                                                                                                                "Function": "READ_PARQUET",
                                                                                                                                "Projections": [
                                                                                                                                    "postid",
                                                                                                                                    "userid"
                                                                                                                                ],
                                                                                                                                "Filters": "votetypeid=2",
                                                                                                                                "Estimated Cardinality": "2548818"
                                                                                                                            },
                                                                                                                            "cumulative_cardinality": 9283967,
                                                                                                                            "operator_type": "TABLE_SCAN",
                                                                                                                            "operator_cardinality": 9283967,
                                                                                                                            "cumulative_rows_scanned": 12744093,
                                                                                                                            "operator_rows_scanned": 12744093,
                                                                                                                            "operator_timing": 0.30719745999999987,
                                                                                                                            "result_set_size": 74271736,
                                                                                                                            "children": []
                                                                                                                        }
                                                                                                                    ]
                                                                                                                }
                                                                                                            ]
                                                                                                        }
                                                                                                    ]
                                                                                                }
                                                                                            ]
                                                                                        }
                                                                                    ]
                                                                                }
                                                                            ]
                                                                        },
                                                                        {
                                                                            "operator_name": "STREAMING_LIMIT",
                                                                            "cpu_time": 25.88048709400005,
                                                                            "extra_info": {},
                                                                            "cumulative_cardinality": 1774128849,
                                                                            "operator_type": "STREAMING_LIMIT",
                                                                            "operator_cardinality": 10,
                                                                            "cumulative_rows_scanned": 7432550,
                                                                            "operator_rows_scanned": 0,
                                                                            "operator_timing": 0.000004698,
                                                                            "result_set_size": 480,
                                                                            "children": [
                                                                                {
                                                                                    "operator_name": "ORDER_BY",
                                                                                    "cpu_time": 25.880482396000048,
                                                                                    "extra_info": {
                                                                                        "Order By": "sum(p.Score) DESC"
                                                                                    },
                                                                                    "cumulative_cardinality": 1774128839,
                                                                                    "operator_type": "ORDER_BY",
                                                                                    "operator_cardinality": 4096,
                                                                                    "cumulative_rows_scanned": 7432550,
                                                                                    "operator_rows_scanned": 0,
                                                                                    "operator_timing": 0.039765875999999985,
                                                                                    "result_set_size": 196608,
                                                                                    "children": [
                                                                                        {
                                                                                            "operator_name": "PROJECTION",
                                                                                            "cpu_time": 25.840716520000047,
                                                                                            "extra_info": {
                                                                                                "Projections": [
                                                                                                    "displayname",
                                                                                                    "TotalBadges",
                                                                                                    "TotalScore"
                                                                                                ],
                                                                                                "Estimated Cardinality": "1260710"
                                                                                            },
                                                                                            "cumulative_cardinality": 1774124743,
                                                                                            "operator_type": "PROJECTION",
                                                                                            "operator_cardinality": 1260710,
                                                                                            "cumulative_rows_scanned": 7432550,
                                                                                            "operator_rows_scanned": 0,
                                                                                            "operator_timing": 0.00012495899999999984,
                                                                                            "result_set_size": 60514080,
                                                                                            "children": [
                                                                                                {
                                                                                                    "operator_name": "HASH_GROUP_BY",
                                                                                                    "cpu_time": 25.840591561000046,
                                                                                                    "extra_info": {
                                                                                                        "Groups": [
                                                                                                            "#0",
                                                                                                            "#1"
                                                                                                        ],
                                                                                                        "Aggregates": [
                                                                                                            "sum(#2)",
                                                                                                            "sum(#3)"
                                                                                                        ],
                                                                                                        "Estimated Cardinality": "1260710"
                                                                                                    },
                                                                                                    "cumulative_cardinality": 1772864033,
                                                                                                    "operator_type": "HASH_GROUP_BY",
                                                                                                    "operator_cardinality": 1260710,
                                                                                                    "cumulative_rows_scanned": 7432550,
                                                                                                    "operator_rows_scanned": 0,
                                                                                                    "operator_timing": 16.595842730000005,
                                                                                                    "result_set_size": 65556920,
                                                                                                    "children": [
                                                                                                        {
                                                                                                            "operator_name": "PROJECTION",
                                                                                                            "cpu_time": 9.24474883100004,
                                                                                                            "extra_info": {
                                                                                                                "Projections": [
                                                                                                                    "id",
                                                                                                                    "displayname",
                                                                                                                    "class",
                                                                                                                    "score"
                                                                                                                ],
                                                                                                                "Estimated Cardinality": "3850116"
                                                                                                            },
                                                                                                            "cumulative_cardinality": 1771603323,
                                                                                                            "operator_type": "PROJECTION",
                                                                                                            "operator_cardinality": 586089549,
                                                                                                            "cumulative_rows_scanned": 7432550,
                                                                                                            "operator_rows_scanned": 0,
                                                                                                            "operator_timing": 0.11705097100002264,
                                                                                                            "result_set_size": 15238328274,
                                                                                                            "children": [
                                                                                                                {
                                                                                                                    "operator_name": "PROJECTION",
                                                                                                                    "cpu_time": 9.127697860000017,
                                                                                                                    "extra_info": {
                                                                                                                        "Projections": [
                                                                                                                            "#0",
                                                                                                                            "__internal_decompress_integral_smallint(#1, 1)",
                                                                                                                            "#2",
                                                                                                                            "#3"
                                                                                                                        ],
                                                                                                                        "Estimated Cardinality": "3850116"
                                                                                                                    },
                                                                                                                    "cumulative_cardinality": 1185513774,
                                                                                                                    "operator_type": "PROJECTION",
                                                                                                                    "operator_cardinality": 586089549,
                                                                                                                    "cumulative_rows_scanned": 7432550,
                                                                                                                    "operator_rows_scanned": 0,
                                                                                                                    "operator_timing": 0.20371912300002532,
                                                                                                                    "result_set_size": 15238328274,
                                                                                                                    "children": [
                                                                                                                        {
                                                                                                                            "operator_name": "HASH_JOIN",
                                                                                                                            "cpu_time": 8.923978736999992,
                                                                                                                            "extra_info": {
                                                                                                                                "Join Type": "RIGHT",
                                                                                                                                "Conditions": "owneruserid = id",
                                                                                                                                "Estimated Cardinality": "3850116"
                                                                                                                            },
                                                                                                                            "cumulative_cardinality": 599424225,
                                                                                                                            "operator_type": "HASH_JOIN",
                                                                                                                            "operator_cardinality": 586089549,
                                                                                                                            "cumulative_rows_scanned": 7432550,
                                                                                                                            "operator_rows_scanned": 0,
                                                                                                                            "operator_timing": 8.50466736199999,
                                                                                                                            "result_set_size": 14652238725,
                                                                                                                            "children": [
                                                                                                                                {
                                                                                                                                    "operator_name": "READ_PARQUET ",
                                                                                                                                    "cpu_time": 0.09652069099999994,
                                                                                                                                    "extra_info": {
                                                                                                                                        "Function": "READ_PARQUET",
                                                                                                                                        "Projections": [
                                                                                                                                            "score",
                                                                                                                                            "owneruserid"
                                                                                                                                        ],
                                                                                                                                        "Estimated Cardinality": "3850116"
                                                                                                                                    },
                                                                                                                                    "cumulative_cardinality": 3685416,
                                                                                                                                    "operator_type": "TABLE_SCAN",
                                                                                                                                    "operator_cardinality": 3685416,
                                                                                                                                    "cumulative_rows_scanned": 3850116,
                                                                                                                                    "operator_rows_scanned": 3850116,
                                                                                                                                    "operator_timing": 0.09652069099999994,
                                                                                                                                    "result_set_size": 29483328,
                                                                                                                                    "children": []
                                                                                                                                },
                                                                                                                                {
                                                                                                                                    "operator_name": "PROJECTION",
                                                                                                                                    "cpu_time": 0.3227906840000001,
                                                                                                                                    "extra_info": {
                                                                                                                                        "Projections": [
                                                                                                                                            "__internal_compress_integral_utinyint(#0, 1)",
                                                                                                                                            "#1",
                                                                                                                                            "#2"
                                                                                                                                        ],
                                                                                                                                        "Estimated Cardinality": "2321724"
                                                                                                                                    },
                                                                                                                                    "cumulative_cardinality": 9649260,
                                                                                                                                    "operator_type": "PROJECTION",
                                                                                                                                    "operator_cardinality": 3033413,
                                                                                                                                    "cumulative_rows_scanned": 3582434,
                                                                                                                                    "operator_rows_scanned": 0,
                                                                                                                                    "operator_timing": 0.0013378070000000018,
                                                                                                                                    "result_set_size": 63701673,
                                                                                                                                    "children": [
                                                                                                                                        {
                                                                                                                                            "operator_name": "HASH_JOIN",
                                                                                                                                            "cpu_time": 0.3214528770000001,
                                                                                                                                            "extra_info": {
                                                                                                                                                "Join Type": "RIGHT",
                                                                                                                                                "Conditions": "userid = id",
                                                                                                                                                "Estimated Cardinality": "2321724"
                                                                                                                                            },
                                                                                                                                            "cumulative_cardinality": 6615847,
                                                                                                                                            "operator_type": "HASH_JOIN",
                                                                                                                                            "operator_cardinality": 3033413,
                                                                                                                                            "cumulative_rows_scanned": 3582434,
                                                                                                                                            "operator_rows_scanned": 0,
                                                                                                                                            "operator_timing": 0.19985046800000014,
                                                                                                                                            "result_set_size": 66735086,
                                                                                                                                            "children": [
                                                                                                                                                {
                                                                                                                                                    "operator_name": "READ_PARQUET ",
                                                                                                                                                    "cpu_time": 0.04225991899999993,
                                                                                                                                                    "extra_info": {
                                                                                                                                                        "Function": "READ_PARQUET",
                                                                                                                                                        "Projections": [
                                                                                                                                                            "userid",
                                                                                                                                                            "class"
                                                                                                                                                        ],
                                                                                                                                                        "Estimated Cardinality": "2321724"
                                                                                                                                                    },
                                                                                                                                                    "cumulative_cardinality": 2321724,
                                                                                                                                                    "operator_type": "TABLE_SCAN",
                                                                                                                                                    "operator_cardinality": 2321724,
                                                                                                                                                    "cumulative_rows_scanned": 2321724,
                                                                                                                                                    "operator_rows_scanned": 2321724,
                                                                                                                                                    "operator_timing": 0.04225991899999993,
                                                                                                                                                    "result_set_size": 13930344,
                                                                                                                                                    "children": []
                                                                                                                                                },
                                                                                                                                                {
                                                                                                                                                    "operator_name": "READ_PARQUET ",
                                                                                                                                                    "cpu_time": 0.07934249,
                                                                                                                                                    "extra_info": {
                                                                                                                                                        "Function": "READ_PARQUET",
                                                                                                                                                        "Projections": [
                                                                                                                                                            "id",
                                                                                                                                                            "displayname"
                                                                                                                                                        ],
                                                                                                                                                        "Estimated Cardinality": "1260710"
                                                                                                                                                    },
                                                                                                                                                    "cumulative_cardinality": 1260710,
                                                                                                                                                    "operator_type": "TABLE_SCAN",
                                                                                                                                                    "operator_cardinality": 1260710,
                                                                                                                                                    "cumulative_rows_scanned": 1260710,
                                                                                                                                                    "operator_rows_scanned": 1260710,
                                                                                                                                                    "operator_timing": 0.07934249,
                                                                                                                                                    "result_set_size": 25214200,
                                                                                                                                                    "children": []
                                                                                                                                                }
                                                                                                                                            ]
                                                                                                                                        }
                                                                                                                                    ]
                                                                                                                                }
                                                                                                                            ]
                                                                                                                        }
                                                                                                                    ]
                                                                                                                }
                                                                                                            ]
                                                                                                        }
                                                                                                    ]
                                                                                                }
                                                                                            ]
                                                                                        }
                                                                                    ]
                                                                                }
                                                                            ]
                                                                        }
                                                                    ]
                                                                }
                                                            ]
                                                        }
                                                    ]
                                                }
                                            ]
                                        }
                                    ]
                                }
                            ]
                        }
                    ]
                }
            ]
        }
    ]
}