{
    "rows_returned": 6048,
    "query_name": "\nSELECT \n    pt.Name AS PostType,\n    COUNT(p.Id) AS TotalPosts,\n    AVG(u.Reputation) AS AverageUserReputation,\n    SUM(CASE WHEN v.VoteTypeId = 2 THEN 1 ELSE 0 END) AS TotalUpVotes,\n    COUNT(DISTINCT c.Id) AS TotalComments,\n    COUNT(DISTINCT b.Id) AS TotalBadges\nFROM \n    Posts p\nJOIN \n    PostTypes pt ON p.PostTypeId = pt.Id\nLEFT JOIN \n    Users u ON p.OwnerUserId = u.Id\nLEFT JOIN \n    Votes v ON p.Id = v.PostId\nLEFT JOIN \n    Comments c ON p.Id = c.PostId\nLEFT JOIN \n    Badges b ON u.Id = b.UserId\nWHERE \n    p.CreationDate >= TIMESTAMP '2024-10-01 12:34:56' - INTERVAL '1 year'\nGROUP BY \n    pt.Name, u.Reputation\nORDER BY \n    TotalPosts DESC, AverageUserReputation DESC;\n",
    "blocked_thread_time": 0.0,
    "cpu_time": 9.203027174999985,
    "extra_info": {},
    "cumulative_cardinality": 221282173,
    "cumulative_rows_scanned": 27418473,
    "result_set_size": 387072,
    "latency": 10.190215615,
    "children": [
        {
            "operator_name": "ORDER_BY",
            "cpu_time": 9.203027174999985,
            "extra_info": {
                "Order By": [
                    "count(p.Id) DESC",
                    "avg(u.Reputation) DESC"
                ]
            },
            "cumulative_cardinality": 221282173,
            "operator_type": "ORDER_BY",
            "operator_cardinality": 6048,
            "cumulative_rows_scanned": 27418473,
            "operator_rows_scanned": 0,
            "operator_timing": 0.000429822,
            "result_set_size": 387072,
            "children": [
                {
                    "operator_name": "PROJECTION",
                    "cpu_time": 9.202597352999986,
                    "extra_info": {
                        "Projections": [
                            "PostType",
                            "TotalPosts",
                            "AverageUserReputation",
                            "TotalUpVotes",
                            "TotalComments",
                            "TotalBadges"
                        ],
                        "Estimated Cardinality": "3850116"
                    },
                    "cumulative_cardinality": 221276125,
                    "operator_type": "PROJECTION",
                    "operator_cardinality": 6048,
                    "cumulative_rows_scanned": 27418473,
                    "operator_rows_scanned": 0,
                    "operator_timing": 0.000003605,
                    "result_set_size": 387072,
                    "children": [
                        {
                            "operator_name": "HASH_GROUP_BY",
                            "cpu_time": 9.202593747999986,
                            "extra_info": {
                                "Groups": [
                                    "#0",
                                    "#1"
                                ],
                                "Aggregates": [
                                    "count_star()",
                                    "avg(#2)",
                                    "sum(#3)",
                                    "count(DISTINCT #4)",
                                    "count(DISTINCT #5)"
                                ],
                                "Estimated Cardinality": "3850116"
                            },
                            "cumulative_cardinality": 221270077,
                            "operator_type": "HASH_GROUP_BY",
                            "operator_cardinality": 6048,
                            "cumulative_rows_scanned": 27418473,
                            "operator_rows_scanned": 0,
                            "operator_timing": 7.308944457999991,
                            "result_set_size": 411264,
                            "children": [
                                {
                                    "operator_name": "PROJECTION",
                                    "cpu_time": 1.8936492899999953,
                                    "extra_info": {
                                        "Projections": [
                                            "name",
                                            "reputation",
                                            "reputation",
                                            "CASE  WHEN ((votetypeid = 2)) THEN (1) ELSE 0 END",
                                            "id",
                                            "id"
                                        ],
                                        "Estimated Cardinality": "12744093"
                                    },
                                    "cumulative_cardinality": 221264029,
                                    "operator_type": "PROJECTION",
                                    "operator_cardinality": 104133083,
                                    "cumulative_rows_scanned": 27418473,
                                    "operator_rows_scanned": 0,
                                    "operator_timing": 0.2994805699999988,
                                    "result_set_size": 3748790988,
                                    "children": [
                                        {
                                            "operator_name": "HASH_JOIN",
                                            "cpu_time": 1.5941687199999965,
                                            "extra_info": {
                                                "Join Type": "LEFT",
                                                "Conditions": "id = userid",
                                                "Estimated Cardinality": "12744093"
                                            },
                                            "cumulative_cardinality": 117130946,
                                            "operator_type": "HASH_JOIN",
                                            "operator_cardinality": 104133083,
                                            "cumulative_rows_scanned": 27418473,
                                            "operator_rows_scanned": 0,
                                            "operator_timing": 0.9790354299999973,
                                            "result_set_size": 3123992490,
                                            "children": [
                                                {
                                                    "operator_name": "HASH_JOIN",
                                                    "cpu_time": 0.5914203209999993,
                                                    "extra_info": {
                                                        "Join Type": "LEFT",
                                                        "Conditions": "id = postid",
                                                        "Estimated Cardinality": "12744093"
                                                    },
                                                    "cumulative_cardinality": 10676139,
                                                    "operator_type": "HASH_JOIN",
                                                    "operator_cardinality": 954760,
                                                    "cumulative_rows_scanned": 25096749,
                                                    "operator_rows_scanned": 0,
                                                    "operator_timing": 0.3842844609999996,
                                                    "result_set_size": 28642800,
                                                    "children": [
                                                        {
                                                            "operator_name": "HASH_JOIN",
                                                            "cpu_time": 0.12639299999999998,
                                                            "extra_info": {
                                                                "Join Type": "RIGHT",
                                                                "Conditions": "postid = id",
                                                                "Estimated Cardinality": "12744093"
                                                            },
                                                            "cumulative_cardinality": 2479557,
                                                            "operator_type": "HASH_JOIN",
                                                            "operator_cardinality": 339719,
                                                            "cumulative_rows_scanned": 17854927,
                                                            "operator_rows_scanned": 0,
                                                            "operator_timing": 0.03561460599999999,
                                                            "result_set_size": 10191570,
                                                            "children": [
                                                                {
                                                                    "operator_name": "READ_PARQUET ",
                                                                    "cpu_time": 0.019811578000000003,
                                                                    "extra_info": {
                                                                        "Function": "READ_PARQUET",
                                                                        "Projections": [
                                                                            "postid",
                                                                            "votetypeid"
                                                                        ],
                                                                        "Estimated Cardinality": "12744093"
                                                                    },
                                                                    "cumulative_cardinality": 442526,
                                                                    "operator_type": "TABLE_SCAN",
                                                                    "operator_cardinality": 442526,
                                                                    "cumulative_rows_scanned": 12744093,
                                                                    "operator_rows_scanned": 12744093,
                                                                    "operator_timing": 0.019811578000000003,
                                                                    "result_set_size": 2655156,
                                                                    "children": []
                                                                },
                                                                {
                                                                    "operator_name": "HASH_JOIN",
                                                                    "cpu_time": 0.07096681599999997,
                                                                    "extra_info": {
                                                                        "Join Type": "RIGHT",
                                                                        "Conditions": "id = owneruserid",
                                                                        "Estimated Cardinality": "1260710"
                                                                    },
                                                                    "cumulative_cardinality": 1697312,
                                                                    "operator_type": "HASH_JOIN",
                                                                    "operator_cardinality": 145542,
                                                                    "cumulative_rows_scanned": 5110834,
                                                                    "operator_rows_scanned": 0,
                                                                    "operator_timing": 0.023680836999999958,
                                                                    "result_set_size": 4075176,
                                                                    "children": [
                                                                        {
                                                                            "operator_name": "READ_PARQUET ",
                                                                            "cpu_time": 0.020892360000000002,
                                                                            "extra_info": {
                                                                                "Function": "READ_PARQUET",
                                                                                "Projections": [
                                                                                    "id",
                                                                                    "reputation"
                                                                                ],
                                                                                "Estimated Cardinality": "1260710"
                                                                            },
                                                                            "cumulative_cardinality": 1260679,
                                                                            "operator_type": "TABLE_SCAN",
                                                                            "operator_cardinality": 1260679,
                                                                            "cumulative_rows_scanned": 1260710,
                                                                            "operator_rows_scanned": 1260710,
                                                                            "operator_timing": 0.020892360000000002,
                                                                            "result_set_size": 10085432,
                                                                            "children": []
                                                                        },
                                                                        {
                                                                            "operator_name": "HASH_JOIN",
                                                                            "cpu_time": 0.02639361900000001,
                                                                            "extra_info": {
                                                                                "Join Type": "INNER",
                                                                                "Conditions": "posttypeid = id",
                                                                                "Estimated Cardinality": "770023"
                                                                            },
                                                                            "cumulative_cardinality": 291091,
                                                                            "operator_type": "HASH_JOIN",
                                                                            "operator_cardinality": 145542,
                                                                            "cumulative_rows_scanned": 3850124,
                                                                            "operator_rows_scanned": 0,
                                                                            "operator_timing": 0.00038689500000000006,
                                                                            "result_set_size": 3493008,
                                                                            "children": [
                                                                                {
                                                                                    "operator_name": "READ_PARQUET ",
                                                                                    "cpu_time": 0.02564603100000001,
                                                                                    "extra_info": {
                                                                                        "Function": "READ_PARQUET",
                                                                                        "Projections": [
                                                                                            "id",
                                                                                            "posttypeid",
                                                                                            "owneruserid"
                                                                                        ],
                                                                                        "Filters": "creationdate>='2023-10-01 12:34:56'::TIMESTAMP",
                                                                                        "Estimated Cardinality": "770023"
                                                                                    },
                                                                                    "cumulative_cardinality": 145542,
                                                                                    "operator_type": "TABLE_SCAN",
                                                                                    "operator_cardinality": 145542,
                                                                                    "cumulative_rows_scanned": 3850116,
                                                                                    "operator_rows_scanned": 3850116,
                                                                                    "operator_timing": 0.02564603100000001,
                                                                                    "result_set_size": 1455420,
                                                                                    "children": []
                                                                                },
                                                                                {
                                                                                    "operator_name": "READ_PARQUET ",
                                                                                    "cpu_time": 0.00036069300000000004,
                                                                                    "extra_info": {
                                                                                        "Function": "READ_PARQUET",
                                                                                        "Projections": [
                                                                                            "id",
                                                                                            "name"
                                                                                        ],
                                                                                        "Filters": "id<=7",
                                                                                        "Estimated Cardinality": "8"
                                                                                    },
                                                                                    "cumulative_cardinality": 7,
                                                                                    "operator_type": "TABLE_SCAN",
                                                                                    "operator_cardinality": 7,
                                                                                    "cumulative_rows_scanned": 8,
                                                                                    "operator_rows_scanned": 8,
                                                                                    "operator_timing": 0.00036069300000000004,
                                                                                    "result_set_size": 126,
                                                                                    "children": []
                                                                                }
                                                                            ]
                                                                        }
                                                                    ]
                                                                }
                                                            ]
                                                        },
                                                        {
                                                            "operator_name": "READ_PARQUET ",
                                                            "cpu_time": 0.08074285999999971,
                                                            "extra_info": {
                                                                "Function": "READ_PARQUET",
                                                                "Projections": [
                                                                    "id",
                                                                    "postid"
                                                                ],
                                                                "Estimated Cardinality": "7241822"
                                                            },
                                                            "cumulative_cardinality": 7241822,
                                                            "operator_type": "TABLE_SCAN",
                                                            "operator_cardinality": 7241822,
                                                            "cumulative_rows_scanned": 7241822,
                                                            "operator_rows_scanned": 7241822,
                                                            "operator_timing": 0.08074285999999971,
                                                            "result_set_size": 57934576,
                                                            "children": []
                                                        }
                                                    ]
                                                },
                                                {
                                                    "operator_name": "READ_PARQUET ",
                                                    "cpu_time": 0.023712968999999966,
                                                    "extra_info": {
                                                        "Function": "READ_PARQUET",
                                                        "Projections": [
                                                            "id",
                                                            "userid"
                                                        ],
                                                        "Estimated Cardinality": "2321724"
                                                    },
                                                    "cumulative_cardinality": 2321724,
                                                    "operator_type": "TABLE_SCAN",
                                                    "operator_cardinality": 2321724,
                                                    "cumulative_rows_scanned": 2321724,
                                                    "operator_rows_scanned": 2321724,
                                                    "operator_timing": 0.023712968999999966,
                                                    "result_set_size": 18573792,
                                                    "children": []
                                                }
                                            ]
                                        }
                                    ]
                                }
                            ]
                        }
                    ]
                }
            ]
        }
    ]
}