{
    "rows_returned": 100,
    "query_name": "WITH UserBadges AS (\n    SELECT \n        U.Id AS UserId,\n        COUNT(B.Id) AS BadgeCount,\n        SUM(CASE WHEN B.Class = 1 THEN 1 ELSE 0 END) AS GoldBadges,\n        SUM(CASE WHEN B.Class = 2 THEN 1 ELSE 0 END) AS SilverBadges,\n        SUM(CASE WHEN B.Class = 3 THEN 1 ELSE 0 END) AS BronzeBadges\n    FROM \n        Users AS U\n    LEFT JOIN \n        Badges AS B ON U.Id = B.UserId\n    GROUP BY \n        U.Id\n),\n\nPostStats AS (\n    SELECT \n        P.OwnerUserId,\n        COUNT(P.Id) AS PostCount,\n        SUM(P.Score) AS TotalScore,\n        SUM(P.ViewCount) AS TotalViews,\n        AVG(P.Score) AS AvgScore\n    FROM \n        Posts AS P\n    WHERE \n        P.CreationDate >= cast('2024-10-01 12:34:56' as timestamp) - INTERVAL '1 year'\n    GROUP BY \n        P.OwnerUserId\n),\n\nVoteStats AS (\n    SELECT \n        V.UserId,\n        COUNT(V.Id) AS VoteCount,\n        SUM(CASE WHEN V.VoteTypeId = 2 THEN 1 ELSE 0 END) AS UpVotes,\n        SUM(CASE WHEN V.VoteTypeId = 3 THEN 1 ELSE 0 END) AS DownVotes\n    FROM \n        Votes AS V\n    GROUP BY \n        V.UserId\n)\n\nSELECT \n    U.Id AS UserId,\n    U.DisplayName,\n    COALESCE(UB.BadgeCount, 0) AS BadgeCount,\n    COALESCE(UB.GoldBadges, 0) AS GoldBadges,\n    COALESCE(UB.SilverBadges, 0) AS SilverBadges,\n    COALESCE(UB.BronzeBadges, 0) AS BronzeBadges,\n    COALESCE(PS.PostCount, 0) AS PostCount,\n    COALESCE(PS.TotalScore, 0) AS TotalScore,\n    COALESCE(PS.TotalViews, 0) AS TotalViews,\n    COALESCE(PS.AvgScore, 0) AS AvgScore,\n    COALESCE(VS.VoteCount, 0) AS VoteCount,\n    COALESCE(VS.UpVotes, 0) AS UpVotes,\n    COALESCE(VS.DownVotes, 0) AS DownVotes\nFROM \n    Users AS U\nLEFT JOIN \n    UserBadges AS UB ON U.Id = UB.UserId\nLEFT JOIN \n    PostStats AS PS ON U.Id = PS.OwnerUserId\nLEFT JOIN \n    VoteStats AS VS ON U.Id = VS.UserId\nORDER BY \n    TotalScore DESC, \n    PostCount DESC, \n    BadgeCount DESC\nLIMIT 100;",
    "blocked_thread_time": 0.0,
    "cpu_time": 1.9780392770000008,
    "extra_info": {},
    "cumulative_cardinality": 43041582,
    "cumulative_rows_scanned": 21437353,
    "result_set_size": 16400,
    "latency": 2.478160833,
    "children": [
        {
            "operator_name": "STREAMING_LIMIT",
            "cpu_time": 1.9780392770000008,
            "extra_info": {},
            "cumulative_cardinality": 43041582,
            "operator_type": "STREAMING_LIMIT",
            "operator_cardinality": 100,
            "cumulative_rows_scanned": 21437353,
            "operator_rows_scanned": 0,
            "operator_timing": 0.00000495,
            "result_set_size": 16400,
            "children": [
                {
                    "operator_name": "ORDER_BY",
                    "cpu_time": 1.978034327000001,
                    "extra_info": {
                        "Order By": [
                            "COALESCE(PS.TotalScore, 0) DESC",
                            "COALESCE(PS.PostCount, 0) DESC",
                            "COALESCE(UB.BadgeCount, 0) DESC"
                        ]
                    },
                    "cumulative_cardinality": 43041482,
                    "operator_type": "ORDER_BY",
                    "operator_cardinality": 4096,
                    "cumulative_rows_scanned": 21437353,
                    "operator_rows_scanned": 0,
                    "operator_timing": 0.4372147020000008,
                    "result_set_size": 671744,
                    "children": [
                        {
                            "operator_name": "PROJECTION",
                            "cpu_time": 1.5408196250000001,
                            "extra_info": {
                                "Projections": [
                                    "UserId",
                                    "displayname",
                                    "BadgeCount",
                                    "GoldBadges",
                                    "SilverBadges",
                                    "BronzeBadges",
                                    "PostCount",
                                    "TotalScore",
                                    "TotalViews",
                                    "AvgScore",
                                    "VoteCount",
                                    "UpVotes",
                                    "DownVotes"
                                ],
                                "Estimated Cardinality": "6372046"
                            },
                            "cumulative_cardinality": 43037386,
                            "operator_type": "PROJECTION",
                            "operator_cardinality": 1260710,
                            "cumulative_rows_scanned": 21437353,
                            "operator_rows_scanned": 0,
                            "operator_timing": 0.1000259709999999,
                            "result_set_size": 206756440,
                            "children": [
                                {
                                    "operator_name": "HASH_JOIN",
                                    "cpu_time": 1.4407936540000001,
                                    "extra_info": {
                                        "Join Type": "RIGHT",
                                        "Conditions": "userid = id",
                                        "Estimated Cardinality": "6372046"
                                    },
                                    "cumulative_cardinality": 41776676,
                                    "operator_type": "HASH_JOIN",
                                    "operator_cardinality": 1260710,
                                    "cumulative_rows_scanned": 21437353,
                                    "operator_rows_scanned": 0,
                                    "operator_timing": 0.2097272319999999,
                                    "result_set_size": 221884960,
                                    "children": [
                                        {
                                            "operator_name": "HASH_GROUP_BY",
                                            "cpu_time": 0.3587304840000002,
                                            "extra_info": {
                                                "Groups": "#0",
                                                "Aggregates": [
                                                    "count_star()",
                                                    "sum(#1)",
                                                    "sum(#2)"
                                                ],
                                                "Estimated Cardinality": "6372046"
                                            },
                                            "cumulative_cardinality": 25500329,
                                            "operator_type": "HASH_GROUP_BY",
                                            "operator_cardinality": 12143,
                                            "cumulative_rows_scanned": 12744093,
                                            "operator_rows_scanned": 0,
                                            "operator_timing": 0.11908240700000011,
                                            "result_set_size": 534292,
                                            "children": [
                                                {
                                                    "operator_name": "PROJECTION",
                                                    "cpu_time": 0.23964807700000007,
                                                    "extra_info": {
                                                        "Projections": [
                                                            "userid",
                                                            "CASE  WHEN ((votetypeid = 2)) THEN (1) ELSE 0 END",
                                                            "CASE  WHEN ((votetypeid = 3)) THEN (1) ELSE 0 END"
                                                        ],
                                                        "Estimated Cardinality": "12744093"
                                                    },
                                                    "cumulative_cardinality": 25488186,
                                                    "operator_type": "PROJECTION",
                                                    "operator_cardinality": 12744093,
                                                    "cumulative_rows_scanned": 12744093,
                                                    "operator_rows_scanned": 0,
                                                    "operator_timing": 0.0986419610000001,
                                                    "result_set_size": 152929116,
                                                    "children": [
                                                        {
                                                            "operator_name": "READ_PARQUET ",
                                                            "cpu_time": 0.141006116,
                                                            "extra_info": {
                                                                "Function": "READ_PARQUET",
                                                                "Projections": [
                                                                    "id",
                                                                    "votetypeid",
                                                                    "userid"
                                                                ],
                                                                "Estimated Cardinality": "12744093"
                                                            },
                                                            "cumulative_cardinality": 12744093,
                                                            "operator_type": "TABLE_SCAN",
                                                            "operator_cardinality": 12744093,
                                                            "cumulative_rows_scanned": 12744093,
                                                            "operator_rows_scanned": 12744093,
                                                            "operator_timing": 0.141006116,
                                                            "result_set_size": 127440930,
                                                            "children": []
                                                        }
                                                    ]
                                                }
                                            ]
                                        },
                                        {
                                            "operator_name": "HASH_JOIN",
                                            "cpu_time": 0.872335938,
                                            "extra_info": {
                                                "Join Type": "LEFT",
                                                "Conditions": "id = owneruserid",
                                                "Estimated Cardinality": "1260710"
                                            },
                                            "cumulative_cardinality": 15015637,
                                            "operator_type": "HASH_JOIN",
                                            "operator_cardinality": 1260710,
                                            "cumulative_rows_scanned": 8693260,
                                            "operator_rows_scanned": 0,
                                            "operator_timing": 0.02684154300000002,
                                            "result_set_size": 166413720,
                                            "children": [
                                                {
                                                    "operator_name": "HASH_JOIN",
                                                    "cpu_time": 0.810730032,
                                                    "extra_info": {
                                                        "Join Type": "RIGHT",
                                                        "Conditions": "UserId = id",
                                                        "Estimated Cardinality": "1260710"
                                                    },
                                                    "cumulative_cardinality": 13431390,
                                                    "operator_type": "HASH_JOIN",
                                                    "operator_cardinality": 1260710,
                                                    "cumulative_rows_scanned": 4843144,
                                                    "operator_rows_scanned": 0,
                                                    "operator_timing": 0.135023677,
                                                    "result_set_size": 100856800,
                                                    "children": [
                                                        {
                                                            "operator_name": "HASH_GROUP_BY",
                                                            "cpu_time": 0.597126827,
                                                            "extra_info": {
                                                                "Groups": "#0",
                                                                "Aggregates": [
                                                                    "count(#1)",
                                                                    "sum(#2)",
                                                                    "sum(#3)",
                                                                    "sum(#4)"
                                                                ],
                                                                "Estimated Cardinality": "1260710"
                                                            },
                                                            "cumulative_cardinality": 10909970,
                                                            "operator_type": "HASH_GROUP_BY",
                                                            "operator_cardinality": 1260710,
                                                            "cumulative_rows_scanned": 3582434,
                                                            "operator_rows_scanned": 0,
                                                            "operator_timing": 0.3674869210000001,
                                                            "result_set_size": 75642600,
                                                            "children": [
                                                                {
                                                                    "operator_name": "PROJECTION",
                                                                    "cpu_time": 0.22963990599999992,
                                                                    "extra_info": {
                                                                        "Projections": [
                                                                            "id",
                                                                            "id",
                                                                            "CASE  WHEN ((class = 1)) THEN (1) ELSE 0 END",
                                                                            "CASE  WHEN ((class = 2)) THEN (1) ELSE 0 END",
                                                                            "CASE  WHEN ((class = 3)) THEN (1) ELSE 0 END"
                                                                        ],
                                                                        "Estimated Cardinality": "2321724"
                                                                    },
                                                                    "cumulative_cardinality": 9649260,
                                                                    "operator_type": "PROJECTION",
                                                                    "operator_cardinality": 3033413,
                                                                    "cumulative_rows_scanned": 3582434,
                                                                    "operator_rows_scanned": 0,
                                                                    "operator_timing": 0.017819012000000013,
                                                                    "result_set_size": 60668260,
                                                                    "children": [
                                                                        {
                                                                            "operator_name": "HASH_JOIN",
                                                                            "cpu_time": 0.2118208939999999,
                                                                            "extra_info": {
                                                                                "Join Type": "RIGHT",
                                                                                "Conditions": "userid = id",
                                                                                "Estimated Cardinality": "2321724"
                                                                            },
                                                                            "cumulative_cardinality": 6615847,
                                                                            "operator_type": "HASH_JOIN",
                                                                            "operator_cardinality": 3033413,
                                                                            "cumulative_rows_scanned": 3582434,
                                                                            "operator_rows_scanned": 0,
                                                                            "operator_timing": 0.15678258699999997,
                                                                            "result_set_size": 30334130,
                                                                            "children": [
                                                                                {
                                                                                    "operator_name": "READ_PARQUET ",
                                                                                    "cpu_time": 0.04772526199999995,
                                                                                    "extra_info": {
                                                                                        "Function": "READ_PARQUET",
                                                                                        "Projections": [
                                                                                            "id",
                                                                                            "userid",
                                                                                            "class"
                                                                                        ],
                                                                                        "Estimated Cardinality": "2321724"
                                                                                    },
                                                                                    "cumulative_cardinality": 2321724,
                                                                                    "operator_type": "TABLE_SCAN",
                                                                                    "operator_cardinality": 2321724,
                                                                                    "cumulative_rows_scanned": 2321724,
                                                                                    "operator_rows_scanned": 2321724,
                                                                                    "operator_timing": 0.04772526199999995,
                                                                                    "result_set_size": 23217240,
                                                                                    "children": []
                                                                                },
                                                                                {
                                                                                    "operator_name": "READ_PARQUET ",
                                                                                    "cpu_time": 0.007313044999999997,
                                                                                    "extra_info": {
                                                                                        "Function": "READ_PARQUET",
                                                                                        "Projections": "id",
                                                                                        "Estimated Cardinality": "1260710"
                                                                                    },
                                                                                    "cumulative_cardinality": 1260710,
                                                                                    "operator_type": "TABLE_SCAN",
                                                                                    "operator_cardinality": 1260710,
                                                                                    "cumulative_rows_scanned": 1260710,
                                                                                    "operator_rows_scanned": 1260710,
                                                                                    "operator_timing": 0.007313044999999997,
                                                                                    "result_set_size": 5042840,
                                                                                    "children": []
                                                                                }
                                                                            ]
                                                                        }
                                                                    ]
                                                                }
                                                            ]
                                                        },
                                                        {
                                                            "operator_name": "READ_PARQUET ",
                                                            "cpu_time": 0.07857952800000005,
                                                            "extra_info": {
                                                                "Function": "READ_PARQUET",
                                                                "Projections": [
                                                                    "id",
                                                                    "displayname"
                                                                ],
                                                                "Estimated Cardinality": "1260710"
                                                            },
                                                            "cumulative_cardinality": 1260710,
                                                            "operator_type": "TABLE_SCAN",
                                                            "operator_cardinality": 1260710,
                                                            "cumulative_rows_scanned": 1260710,
                                                            "operator_rows_scanned": 1260710,
                                                            "operator_timing": 0.07857952800000005,
                                                            "result_set_size": 25214200,
                                                            "children": []
                                                        }
                                                    ]
                                                },
                                                {
                                                    "operator_name": "HASH_GROUP_BY",
                                                    "cpu_time": 0.03476436299999999,
                                                    "extra_info": {
                                                        "Groups": "#0",
                                                        "Aggregates": [
                                                            "count_star()",
                                                            "sum(#1)",
                                                            "sum(#2)",
                                                            "avg(#3)"
                                                        ],
                                                        "Estimated Cardinality": "385011"
                                                    },
                                                    "cumulative_cardinality": 323537,
                                                    "operator_type": "HASH_GROUP_BY",
                                                    "operator_cardinality": 32453,
                                                    "cumulative_rows_scanned": 3850116,
                                                    "operator_rows_scanned": 0,
                                                    "operator_timing": 0.006686964,
                                                    "result_set_size": 1687556,
                                                    "children": [
                                                        {
                                                            "operator_name": "PROJECTION",
                                                            "cpu_time": 0.028077398999999996,
                                                            "extra_info": {
                                                                "Projections": [
                                                                    "owneruserid",
                                                                    "score",
                                                                    "viewcount",
                                                                    "score"
                                                                ],
                                                                "Estimated Cardinality": "770023"
                                                            },
                                                            "cumulative_cardinality": 291084,
                                                            "operator_type": "PROJECTION",
                                                            "operator_cardinality": 145542,
                                                            "cumulative_rows_scanned": 3850116,
                                                            "operator_rows_scanned": 0,
                                                            "operator_timing": 0.00001885499999999999,
                                                            "result_set_size": 2328672,
                                                            "children": [
                                                                {
                                                                    "operator_name": "READ_PARQUET ",
                                                                    "cpu_time": 0.028058543999999994,
                                                                    "extra_info": {
                                                                        "Function": "READ_PARQUET",
                                                                        "Projections": [
                                                                            "id",
                                                                            "score",
                                                                            "viewcount",
                                                                            "owneruserid"
                                                                        ],
                                                                        "Filters": "creationdate>='2023-10-01 12:34:56'::TIMESTAMP",
                                                                        "Estimated Cardinality": "770023"
                                                                    },
                                                                    "cumulative_cardinality": 145542,
                                                                    "operator_type": "TABLE_SCAN",
                                                                    "operator_cardinality": 145542,
                                                                    "cumulative_rows_scanned": 3850116,
                                                                    "operator_rows_scanned": 3850116,
                                                                    "operator_timing": 0.028058543999999994,
                                                                    "result_set_size": 2328672,
                                                                    "children": []
                                                                }
                                                            ]
                                                        }
                                                    ]
                                                }
                                            ]
                                        }
                                    ]
                                }
                            ]
                        }
                    ]
                }
            ]
        }
    ]
}