{
    "rows_returned": 0,
    "query_name": "\nWITH UserBadges AS (\n    SELECT \n        UserId, \n        COUNT(CASE WHEN Class = 1 THEN 1 END) AS GoldBadges,\n        COUNT(CASE WHEN Class = 2 THEN 1 END) AS SilverBadges,\n        COUNT(CASE WHEN Class = 3 THEN 1 END) AS BronzeBadges\n    FROM Badges\n    GROUP BY UserId\n),\nPostStatistics AS (\n    SELECT \n        p.OwnerUserId,\n        COUNT(CASE WHEN p.PostTypeId = 1 THEN 1 END) AS QuestionCount,\n        COUNT(CASE WHEN p.PostTypeId = 2 THEN 1 END) AS AnswerCount,\n        SUM(p.Score) AS TotalScore,\n        SUM(p.ViewCount) AS TotalViews\n    FROM Posts p\n    LEFT JOIN Users u ON p.OwnerUserId = u.Id\n    WHERE u.Reputation > 1000\n    GROUP BY p.OwnerUserId\n),\nRecentActivity AS (\n    SELECT \n        p.OwnerUserId,\n        MAX(p.LastActivityDate) AS LastActivityDate\n    FROM Posts p\n    GROUP BY p.OwnerUserId\n)\nSELECT \n    u.DisplayName,\n    COALESCE(ub.GoldBadges, 0) AS GoldBadges,\n    COALESCE(ub.SilverBadges, 0) AS SilverBadges,\n    COALESCE(ub.BronzeBadges, 0) AS BronzeBadges,\n    ps.QuestionCount, \n    ps.AnswerCount,\n    ps.TotalScore,\n    ps.TotalViews,\n    ra.LastActivityDate\nFROM Users u\nLEFT JOIN UserBadges ub ON u.Id = ub.UserId\nLEFT JOIN PostStatistics ps ON u.Id = ps.OwnerUserId\nLEFT JOIN RecentActivity ra ON u.Id = ra.OwnerUserId\nWHERE (ps.QuestionCount > 5 OR ps.AnswerCount > 10)\nAND ra.LastActivityDate > CURRENT_DATE - INTERVAL '6 months'\nORDER BY ps.TotalScore DESC, u.DisplayName ASC;\n",
    "blocked_thread_time": 0.0,
    "cpu_time": 0.8160514299999992,
    "extra_info": {},
    "cumulative_cardinality": 25460458,
    "cumulative_rows_scanned": 12543376,
    "result_set_size": 0,
    "latency": 0.901101383,
    "children": [
        {
            "operator_name": "ORDER_BY",
            "cpu_time": 0.8160514299999992,
            "extra_info": {
                "Order By": [
                    "ps.TotalScore DESC",
                    "u.DisplayName ASC"
                ]
            },
            "cumulative_cardinality": 25460458,
            "operator_type": "ORDER_BY",
            "operator_cardinality": 0,
            "cumulative_rows_scanned": 12543376,
            "operator_rows_scanned": 0,
            "operator_timing": 2.71e-7,
            "result_set_size": 0,
            "children": [
                {
                    "operator_name": "PROJECTION",
                    "cpu_time": 0.8160511589999992,
                    "extra_info": {
                        "Projections": [
                            "displayname",
                            "GoldBadges",
                            "SilverBadges",
                            "BronzeBadges",
                            "QuestionCount",
                            "AnswerCount",
                            "TotalScore",
                            "TotalViews",
                            "LastActivityDate"
                        ],
                        "Estimated Cardinality": "23515"
                    },
                    "cumulative_cardinality": 25460458,
                    "operator_type": "PROJECTION",
                    "operator_cardinality": 0,
                    "cumulative_rows_scanned": 12543376,
                    "operator_rows_scanned": 0,
                    "operator_timing": 0.0,
                    "result_set_size": 0,
                    "children": [
                        {
                            "operator_name": "HASH_JOIN",
                            "cpu_time": 0.8160511589999992,
                            "extra_info": {
                                "Join Type": "INNER",
                                "Conditions": "owneruserid = id",
                                "Estimated Cardinality": "23515"
                            },
                            "cumulative_cardinality": 25460458,
                            "operator_type": "HASH_JOIN",
                            "operator_cardinality": 0,
                            "cumulative_rows_scanned": 12543376,
                            "operator_rows_scanned": 0,
                            "operator_timing": 0.018949511000000002,
                            "result_set_size": 0,
                            "children": [
                                {
                                    "operator_name": "FILTER",
                                    "cpu_time": 0.18825592500000002,
                                    "extra_info": {
                                        "Expression": "(LastActivityDate > '2025-05-02 00:00:00'::TIMESTAMP)",
                                        "Estimated Cardinality": "385011"
                                    },
                                    "cumulative_cardinality": 8071864,
                                    "operator_type": "FILTER",
                                    "operator_cardinality": 0,
                                    "cumulative_rows_scanned": 3850116,
                                    "operator_rows_scanned": 0,
                                    "operator_timing": 0.0004679059999999996,
                                    "result_set_size": 0,
                                    "children": [
                                        {
                                            "operator_name": "HASH_GROUP_BY",
                                            "cpu_time": 0.18778801900000003,
                                            "extra_info": {
                                                "Groups": "#0",
                                                "Aggregates": "max(#1)",
                                                "Estimated Cardinality": "1925058"
                                            },
                                            "cumulative_cardinality": 8071864,
                                            "operator_type": "HASH_GROUP_BY",
                                            "operator_cardinality": 371632,
                                            "cumulative_rows_scanned": 3850116,
                                            "operator_rows_scanned": 0,
                                            "operator_timing": 0.10880933900000017,
                                            "result_set_size": 4459584,
                                            "children": [
                                                {
                                                    "operator_name": "PROJECTION",
                                                    "cpu_time": 0.07897867999999986,
                                                    "extra_info": {
                                                        "Projections": [
                                                            "owneruserid",
                                                            "lastactivitydate"
                                                        ],
                                                        "Estimated Cardinality": "3850116"
                                                    },
                                                    "cumulative_cardinality": 7700232,
                                                    "operator_type": "PROJECTION",
                                                    "operator_cardinality": 3850116,
                                                    "cumulative_rows_scanned": 3850116,
                                                    "operator_rows_scanned": 0,
                                                    "operator_timing": 0.0003441470000000013,
                                                    "result_set_size": 46201392,
                                                    "children": [
                                                        {
                                                            "operator_name": "READ_PARQUET ",
                                                            "cpu_time": 0.07863453299999985,
                                                            "extra_info": {
                                                                "Function": "READ_PARQUET",
                                                                "Projections": [
                                                                    "owneruserid",
                                                                    "lastactivitydate"
                                                                ],
                                                                "Estimated Cardinality": "3850116"
                                                            },
                                                            "cumulative_cardinality": 3850116,
                                                            "operator_type": "TABLE_SCAN",
                                                            "operator_cardinality": 3850116,
                                                            "cumulative_rows_scanned": 3850116,
                                                            "operator_rows_scanned": 3850116,
                                                            "operator_timing": 0.07863453299999985,
                                                            "result_set_size": 46201392,
                                                            "children": []
                                                        }
                                                    ]
                                                }
                                            ]
                                        }
                                    ]
                                },
                                {
                                    "operator_name": "HASH_JOIN",
                                    "cpu_time": 0.6088457229999993,
                                    "extra_info": {
                                        "Join Type": "INNER",
                                        "Conditions": "id = owneruserid",
                                        "Estimated Cardinality": "77002"
                                    },
                                    "cumulative_cardinality": 17388594,
                                    "operator_type": "HASH_JOIN",
                                    "operator_cardinality": 10942,
                                    "cumulative_rows_scanned": 8693260,
                                    "operator_rows_scanned": 0,
                                    "operator_timing": 0.017442852999999942,
                                    "result_set_size": 1006664,
                                    "children": [
                                        {
                                            "operator_name": "FILTER",
                                            "cpu_time": 0.28648958399999985,
                                            "extra_info": {
                                                "Expression": "(id <= 1416539)",
                                                "Estimated Cardinality": "1260710"
                                            },
                                            "cumulative_cardinality": 8856723,
                                            "operator_type": "FILTER",
                                            "operator_cardinality": 1221418,
                                            "cumulative_rows_scanned": 3582434,
                                            "operator_rows_scanned": 0,
                                            "operator_timing": 0.002447936,
                                            "result_set_size": 53742392,
                                            "children": [
                                                {
                                                    "operator_name": "HASH_JOIN",
                                                    "cpu_time": 0.28404164799999987,
                                                    "extra_info": {
                                                        "Join Type": "LEFT",
                                                        "Conditions": "id = userid",
                                                        "Estimated Cardinality": "1260710"
                                                    },
                                                    "cumulative_cardinality": 7635305,
                                                    "operator_type": "HASH_JOIN",
                                                    "operator_cardinality": 1221418,
                                                    "cumulative_rows_scanned": 3582434,
                                                    "operator_rows_scanned": 0,
                                                    "operator_timing": 0.07915081300000003,
                                                    "result_set_size": 53742392,
                                                    "children": [
                                                        {
                                                            "operator_name": "READ_PARQUET ",
                                                            "cpu_time": 0.08186309299999996,
                                                            "extra_info": {
                                                                "Function": "READ_PARQUET",
                                                                "Projections": [
                                                                    "id",
                                                                    "displayname"
                                                                ],
                                                                "Estimated Cardinality": "1260710"
                                                            },
                                                            "cumulative_cardinality": 1221418,
                                                            "operator_type": "TABLE_SCAN",
                                                            "operator_cardinality": 1221418,
                                                            "cumulative_rows_scanned": 1260710,
                                                            "operator_rows_scanned": 1260710,
                                                            "operator_timing": 0.08186309299999996,
                                                            "result_set_size": 24428360,
                                                            "children": []
                                                        },
                                                        {
                                                            "operator_name": "HASH_GROUP_BY",
                                                            "cpu_time": 0.12302774199999991,
                                                            "extra_info": {
                                                                "Groups": "#0",
                                                                "Aggregates": [
                                                                    "count(#1)",
                                                                    "count(#2)",
                                                                    "count(#3)"
                                                                ],
                                                                "Estimated Cardinality": "1160862"
                                                            },
                                                            "cumulative_cardinality": 5192469,
                                                            "operator_type": "HASH_GROUP_BY",
                                                            "operator_cardinality": 549021,
                                                            "cumulative_rows_scanned": 2321724,
                                                            "operator_rows_scanned": 0,
                                                            "operator_timing": 0.09105734499999996,
                                                            "result_set_size": 15372588,
                                                            "children": [
                                                                {
                                                                    "operator_name": "PROJECTION",
                                                                    "cpu_time": 0.031970396999999956,
                                                                    "extra_info": {
                                                                        "Projections": [
                                                                            "userid",
                                                                            "CASE  WHEN ((class = 1)) THEN (1) ELSE NULL END",
                                                                            "CASE  WHEN ((class = 2)) THEN (1) ELSE NULL END",
                                                                            "CASE  WHEN ((class = 3)) THEN (1) ELSE NULL END"
                                                                        ],
                                                                        "Estimated Cardinality": "2321724"
                                                                    },
                                                                    "cumulative_cardinality": 4643448,
                                                                    "operator_type": "PROJECTION",
                                                                    "operator_cardinality": 2321724,
                                                                    "cumulative_rows_scanned": 2321724,
                                                                    "operator_rows_scanned": 0,
                                                                    "operator_timing": 0.013360590999999955,
                                                                    "result_set_size": 37147584,
                                                                    "children": [
                                                                        {
                                                                            "operator_name": "READ_PARQUET ",
                                                                            "cpu_time": 0.018609806000000003,
                                                                            "extra_info": {
                                                                                "Function": "READ_PARQUET",
                                                                                "Projections": [
                                                                                    "userid",
                                                                                    "class"
                                                                                ],
                                                                                "Estimated Cardinality": "2321724"
                                                                            },
                                                                            "cumulative_cardinality": 2321724,
                                                                            "operator_type": "TABLE_SCAN",
                                                                            "operator_cardinality": 2321724,
                                                                            "cumulative_rows_scanned": 2321724,
                                                                            "operator_rows_scanned": 2321724,
                                                                            "operator_timing": 0.018609806000000003,
                                                                            "result_set_size": 13930344,
                                                                            "children": []
                                                                        }
                                                                    ]
                                                                }
                                                            ]
                                                        }
                                                    ]
                                                }
                                            ]
                                        },
                                        {
                                            "operator_name": "FILTER",
                                            "cpu_time": 0.30491328599999956,
                                            "extra_info": {
                                                "Expression": "((QuestionCount > 5) OR (AnswerCount > 10))",
                                                "Estimated Cardinality": "77002"
                                            },
                                            "cumulative_cardinality": 8520929,
                                            "operator_type": "FILTER",
                                            "operator_cardinality": 10942,
                                            "cumulative_rows_scanned": 5110826,
                                            "operator_rows_scanned": 0,
                                            "operator_timing": 0.00005905,
                                            "result_set_size": 568984,
                                            "children": [
                                                {
                                                    "operator_name": "HASH_GROUP_BY",
                                                    "cpu_time": 0.30485423599999956,
                                                    "extra_info": {
                                                        "Groups": "#0",
                                                        "Aggregates": [
                                                            "count(#1)",
                                                            "count(#2)",
                                                            "sum(#3)",
                                                            "sum(#4)"
                                                        ],
                                                        "Estimated Cardinality": "385011"
                                                    },
                                                    "cumulative_cardinality": 8509987,
                                                    "operator_type": "HASH_GROUP_BY",
                                                    "operator_cardinality": 11214,
                                                    "cumulative_rows_scanned": 5110826,
                                                    "operator_rows_scanned": 0,
                                                    "operator_timing": 0.058868838000000125,
                                                    "result_set_size": 583128,
                                                    "children": [
                                                        {
                                                            "operator_name": "PROJECTION",
                                                            "cpu_time": 0.2459853979999994,
                                                            "extra_info": {
                                                                "Projections": [
                                                                    "owneruserid",
                                                                    "CASE  WHEN ((posttypeid = 1)) THEN (1) ELSE NULL END",
                                                                    "CASE  WHEN ((posttypeid = 2)) THEN (1) ELSE NULL END",
                                                                    "score",
                                                                    "viewcount"
                                                                ],
                                                                "Estimated Cardinality": "770023"
                                                            },
                                                            "cumulative_cardinality": 8498773,
                                                            "operator_type": "PROJECTION",
                                                            "operator_cardinality": 2396485,
                                                            "cumulative_rows_scanned": 5110826,
                                                            "operator_rows_scanned": 0,
                                                            "operator_timing": 0.02633123000000002,
                                                            "result_set_size": 47929700,
                                                            "children": [
                                                                {
                                                                    "operator_name": "HASH_JOIN",
                                                                    "cpu_time": 0.2196541679999994,
                                                                    "extra_info": {
                                                                        "Join Type": "INNER",
                                                                        "Conditions": "owneruserid = id",
                                                                        "Estimated Cardinality": "770023"
                                                                    },
                                                                    "cumulative_cardinality": 6102288,
                                                                    "operator_type": "HASH_JOIN",
                                                                    "operator_cardinality": 2396485,
                                                                    "cumulative_rows_scanned": 5110826,
                                                                    "operator_rows_scanned": 0,
                                                                    "operator_timing": 0.07668597299999957,
                                                                    "result_set_size": 43136730,
                                                                    "children": [
                                                                        {
                                                                            "operator_name": "READ_PARQUET ",
                                                                            "cpu_time": 0.12556751799999982,
                                                                            "extra_info": {
                                                                                "Function": "READ_PARQUET",
                                                                                "Projections": [
                                                                                    "posttypeid",
                                                                                    "score",
                                                                                    "viewcount",
                                                                                    "owneruserid"
                                                                                ],
                                                                                "Estimated Cardinality": "3850116"
                                                                            },
                                                                            "cumulative_cardinality": 3683373,
                                                                            "operator_type": "TABLE_SCAN",
                                                                            "operator_cardinality": 3683373,
                                                                            "cumulative_rows_scanned": 3850116,
                                                                            "operator_rows_scanned": 3850116,
                                                                            "operator_timing": 0.12556751799999982,
                                                                            "result_set_size": 51567222,
                                                                            "children": []
                                                                        },
                                                                        {
                                                                            "operator_name": "FILTER",
                                                                            "cpu_time": 0.017400677000000007,
                                                                            "extra_info": {
                                                                                "Expression": "(id <= 1416539)",
                                                                                "Estimated Cardinality": "252142"
                                                                            },
                                                                            "cumulative_cardinality": 22430,
                                                                            "operator_type": "FILTER",
                                                                            "operator_cardinality": 11215,
                                                                            "cumulative_rows_scanned": 1260710,
                                                                            "operator_rows_scanned": 0,
                                                                            "operator_timing": 0.00029577000000000027,
                                                                            "result_set_size": 44860,
                                                                            "children": [
                                                                                {
                                                                                    "operator_name": "READ_PARQUET ",
                                                                                    "cpu_time": 0.017104907000000006,
                                                                                    "extra_info": {
                                                                                        "Function": "READ_PARQUET",
                                                                                        "Projections": "id",
                                                                                        "Filters": "reputation>1000",
                                                                                        "Estimated Cardinality": "252142"
                                                                                    },
                                                                                    "cumulative_cardinality": 11215,
                                                                                    "operator_type": "TABLE_SCAN",
                                                                                    "operator_cardinality": 11215,
                                                                                    "cumulative_rows_scanned": 1260710,
                                                                                    "operator_rows_scanned": 1260710,
                                                                                    "operator_timing": 0.017104907000000006,
                                                                                    "result_set_size": 44860,
                                                                                    "children": []
                                                                                }
                                                                            ]
                                                                        }
                                                                    ]
                                                                }
                                                            ]
                                                        }
                                                    ]
                                                }
                                            ]
                                        }
                                    ]
                                }
                            ]
                        }
                    ]
                }
            ]
        }
    ]
}