{
    "rows_returned": 10,
    "query_name": "WITH RankedPosts AS (\n    SELECT \n        p.Id AS PostId,\n        p.Title,\n        p.OwnerUserId,\n        p.CreationDate,\n        p.Score,\n        COALESCE(SUM(CASE WHEN v.VoteTypeId = 2 THEN 1 ELSE 0 END), 0) AS UpVotes,\n        COALESCE(SUM(CASE WHEN v.VoteTypeId = 3 THEN 1 ELSE 0 END), 0) AS DownVotes,\n        COALESCE(SUM(CASE WHEN c.Id IS NOT NULL THEN 1 ELSE 0 END), 0) AS CommentCount,\n        ROW_NUMBER() OVER (PARTITION BY p.OwnerUserId ORDER BY p.CreationDate DESC) AS UserPostRank\n    FROM \n        Posts p\n    LEFT JOIN \n        Votes v ON p.Id = v.PostId\n    LEFT JOIN \n        Comments c ON p.Id = c.PostId\n    WHERE \n        p.CreationDate >= cast('2024-10-01 12:34:56' as timestamp) - INTERVAL '1 year'\n    GROUP BY \n        p.Id, p.OwnerUserId, p.Title, p.CreationDate, p.Score\n), UserStats AS (\n    SELECT \n        u.Id AS UserId,\n        u.DisplayName,\n        u.Reputation,\n        COUNT(rp.PostId) AS PostCount,\n        SUM(rp.UpVotes) AS TotalUpVotes,\n        SUM(rp.DownVotes) AS TotalDownVotes,\n        SUM(rp.CommentCount) AS TotalComments\n    FROM \n        Users u\n    LEFT JOIN \n        RankedPosts rp ON u.Id = rp.OwnerUserId\n    GROUP BY \n        u.Id, u.DisplayName, u.Reputation\n)\nSELECT \n    us.UserId,\n    us.DisplayName,\n    us.Reputation,\n    us.PostCount,\n    us.TotalUpVotes,\n    us.TotalDownVotes,\n    us.TotalComments\nFROM \n    UserStats us\nWHERE \n    us.Reputation > 100\nORDER BY \n    us.Reputation DESC, us.PostCount DESC\nLIMIT 10;",
    "blocked_thread_time": 0.0,
    "cpu_time": 0.9048694919999999,
    "extra_info": {},
    "cumulative_cardinality": 12741757,
    "cumulative_rows_scanned": 25096741,
    "result_set_size": 800,
    "latency": 1.033243611,
    "children": [
        {
            "operator_name": "STREAMING_LIMIT",
            "cpu_time": 0.9048694919999999,
            "extra_info": {},
            "cumulative_cardinality": 12741757,
            "operator_type": "STREAMING_LIMIT",
            "operator_cardinality": 10,
            "cumulative_rows_scanned": 25096741,
            "operator_rows_scanned": 0,
            "operator_timing": 0.000005009,
            "result_set_size": 800,
            "children": [
                {
                    "operator_name": "ORDER_BY",
                    "cpu_time": 0.9048644829999999,
                    "extra_info": {
                        "Order By": [
                            "us.Reputation DESC",
                            "us.PostCount DESC"
                        ]
                    },
                    "cumulative_cardinality": 12741747,
                    "operator_type": "ORDER_BY",
                    "operator_cardinality": 4096,
                    "cumulative_rows_scanned": 25096741,
                    "operator_rows_scanned": 0,
                    "operator_timing": 0.008612761000000003,
                    "result_set_size": 327680,
                    "children": [
                        {
                            "operator_name": "HASH_GROUP_BY",
                            "cpu_time": 0.8962517219999999,
                            "extra_info": {
                                "Groups": [
                                    "#0",
                                    "#1",
                                    "#2"
                                ],
                                "Aggregates": [
                                    "count(#3)",
                                    "sum(#4)",
                                    "sum(#5)",
                                    "sum(#6)"
                                ],
                                "Estimated Cardinality": "1260710"
                            },
                            "cumulative_cardinality": 12737651,
                            "operator_type": "HASH_GROUP_BY",
                            "operator_cardinality": 194389,
                            "cumulative_rows_scanned": 25096741,
                            "operator_rows_scanned": 0,
                            "operator_timing": 0.050568635999999986,
                            "result_set_size": 15551120,
                            "children": [
                                {
                                    "operator_name": "PROJECTION",
                                    "cpu_time": 0.845683086,
                                    "extra_info": {
                                        "Projections": [
                                            "id",
                                            "displayname",
                                            "reputation",
                                            "PostId",
                                            "UpVotes",
                                            "DownVotes",
                                            "CommentCount"
                                        ],
                                        "Estimated Cardinality": "3850116"
                                    },
                                    "cumulative_cardinality": 12543262,
                                    "operator_type": "PROJECTION",
                                    "operator_cardinality": 293637,
                                    "cumulative_rows_scanned": 25096741,
                                    "operator_rows_scanned": 0,
                                    "operator_timing": 0.00007238199999999999,
                                    "result_set_size": 22316412,
                                    "children": [
                                        {
                                            "operator_name": "HASH_JOIN",
                                            "cpu_time": 0.8456107039999999,
                                            "extra_info": {
                                                "Join Type": "RIGHT",
                                                "Conditions": "owneruserid = id",
                                                "Estimated Cardinality": "3850116"
                                            },
                                            "cumulative_cardinality": 12249625,
                                            "operator_type": "HASH_JOIN",
                                            "operator_cardinality": 293637,
                                            "cumulative_rows_scanned": 25096741,
                                            "operator_rows_scanned": 0,
                                            "operator_timing": 0.01968436299999999,
                                            "result_set_size": 22316412,
                                            "children": [
                                                {
                                                    "operator_name": "PROJECTION",
                                                    "cpu_time": 0.7606950229999999,
                                                    "extra_info": {
                                                        "Projections": [
                                                            "PostId",
                                                            "owneruserid",
                                                            "UpVotes",
                                                            "DownVotes",
                                                            "CommentCount"
                                                        ],
                                                        "Estimated Cardinality": "3850116"
                                                    },
                                                    "cumulative_cardinality": 11761599,
                                                    "operator_type": "PROJECTION",
                                                    "operator_cardinality": 145542,
                                                    "cumulative_rows_scanned": 23836031,
                                                    "operator_rows_scanned": 0,
                                                    "operator_timing": 0.002969763,
                                                    "result_set_size": 8150352,
                                                    "children": [
                                                        {
                                                            "operator_name": "PROJECTION",
                                                            "cpu_time": 0.75772526,
                                                            "extra_info": {
                                                                "Projections": [
                                                                    "#0",
                                                                    "#1",
                                                                    "#2",
                                                                    "#3",
                                                                    "#4",
                                                                    "#5",
                                                                    "#6",
                                                                    "#7",
                                                                    "#8"
                                                                ],
                                                                "Estimated Cardinality": "3850116"
                                                            },
                                                            "cumulative_cardinality": 11616057,
                                                            "operator_type": "PROJECTION",
                                                            "operator_cardinality": 145542,
                                                            "cumulative_rows_scanned": 23836031,
                                                            "operator_rows_scanned": 0,
                                                            "operator_timing": 0.000046029000000000016,
                                                            "result_set_size": 13389864,
                                                            "children": [
                                                                {
                                                                    "operator_name": "WINDOW",
                                                                    "cpu_time": 0.757679231,
                                                                    "extra_info": {
                                                                        "Projections": "ROW_NUMBER() OVER (PARTITION BY owneruserid ORDER BY creationdate DESC NULLS LAST)"
                                                                    },
                                                                    "cumulative_cardinality": 11470515,
                                                                    "operator_type": "WINDOW",
                                                                    "operator_cardinality": 145542,
                                                                    "cumulative_rows_scanned": 23836031,
                                                                    "operator_rows_scanned": 0,
                                                                    "operator_timing": 0.045246619999999994,
                                                                    "result_set_size": 13389864,
                                                                    "children": [
                                                                        {
                                                                            "operator_name": "PROJECTION",
                                                                            "cpu_time": 0.712432611,
                                                                            "extra_info": {
                                                                                "Projections": [
                                                                                    "#0",
                                                                                    "#1",
                                                                                    "#2",
                                                                                    "#3",
                                                                                    "__internal_decompress_integral_integer(#4, -72)",
                                                                                    "#5",
                                                                                    "#6",
                                                                                    "#7"
                                                                                ],
                                                                                "Estimated Cardinality": "3850116"
                                                                            },
                                                                            "cumulative_cardinality": 11324973,
                                                                            "operator_type": "PROJECTION",
                                                                            "operator_cardinality": 145542,
                                                                            "cumulative_rows_scanned": 23836031,
                                                                            "operator_rows_scanned": 0,
                                                                            "operator_timing": 0.00008430799999999999,
                                                                            "result_set_size": 12225528,
                                                                            "children": [
                                                                                {
                                                                                    "operator_name": "HASH_GROUP_BY",
                                                                                    "cpu_time": 0.712348303,
                                                                                    "extra_info": {
                                                                                        "Groups": [
                                                                                            "#0",
                                                                                            "#1",
                                                                                            "#2",
                                                                                            "#3",
                                                                                            "#4"
                                                                                        ],
                                                                                        "Aggregates": [
                                                                                            "sum(#5)",
                                                                                            "sum(#6)",
                                                                                            "sum(#7)"
                                                                                        ],
                                                                                        "Estimated Cardinality": "3850116"
                                                                                    },
                                                                                    "cumulative_cardinality": 11179431,
                                                                                    "operator_type": "HASH_GROUP_BY",
                                                                                    "operator_cardinality": 145542,
                                                                                    "cumulative_rows_scanned": 23836031,
                                                                                    "operator_rows_scanned": 0,
                                                                                    "operator_timing": 0.14089463900000004,
                                                                                    "result_set_size": 11934444,
                                                                                    "children": [
                                                                                        {
                                                                                            "operator_name": "PROJECTION",
                                                                                            "cpu_time": 0.571453664,
                                                                                            "extra_info": {
                                                                                                "Projections": [
                                                                                                    "id",
                                                                                                    "owneruserid",
                                                                                                    "title",
                                                                                                    "creationdate",
                                                                                                    "score",
                                                                                                    "CASE  WHEN ((votetypeid = 2)) THEN (1) ELSE 0 END",
                                                                                                    "CASE  WHEN ((votetypeid = 3)) THEN (1) ELSE 0 END",
                                                                                                    "CASE  WHEN ((id IS NOT NULL)) THEN (1) ELSE 0 END"
                                                                                                ],
                                                                                                "Estimated Cardinality": "12744093"
                                                                                            },
                                                                                            "cumulative_cardinality": 11033889,
                                                                                            "operator_type": "PROJECTION",
                                                                                            "operator_cardinality": 954760,
                                                                                            "cumulative_rows_scanned": 23836031,
                                                                                            "operator_rows_scanned": 0,
                                                                                            "operator_timing": 0.009689716999999983,
                                                                                            "result_set_size": 43918960,
                                                                                            "children": [
                                                                                                {
                                                                                                    "operator_name": "PROJECTION",
                                                                                                    "cpu_time": 0.561763947,
                                                                                                    "extra_info": {
                                                                                                        "Projections": [
                                                                                                            "#0",
                                                                                                            "#1",
                                                                                                            "#2",
                                                                                                            "__internal_compress_integral_usmallint(#3, -72)",
                                                                                                            "#4",
                                                                                                            "#5",
                                                                                                            "#6"
                                                                                                        ],
                                                                                                        "Estimated Cardinality": "12744093"
                                                                                                    },
                                                                                                    "cumulative_cardinality": 10079129,
                                                                                                    "operator_type": "PROJECTION",
                                                                                                    "operator_cardinality": 954760,
                                                                                                    "cumulative_rows_scanned": 23836031,
                                                                                                    "operator_rows_scanned": 0,
                                                                                                    "operator_timing": 0.001319615999999999,
                                                                                                    "result_set_size": 38190400,
                                                                                                    "children": [
                                                                                                        {
                                                                                                            "operator_name": "HASH_JOIN",
                                                                                                            "cpu_time": 0.560444331,
                                                                                                            "extra_info": {
                                                                                                                "Join Type": "LEFT",
                                                                                                                "Conditions": "id = postid",
                                                                                                                "Estimated Cardinality": "12744093"
                                                                                                            },
                                                                                                            "cumulative_cardinality": 9124369,
                                                                                                            "operator_type": "HASH_JOIN",
                                                                                                            "operator_cardinality": 954760,
                                                                                                            "cumulative_rows_scanned": 23836031,
                                                                                                            "operator_rows_scanned": 0,
                                                                                                            "operator_timing": 0.36535636499999996,
                                                                                                            "result_set_size": 40099920,
                                                                                                            "children": [
                                                                                                                {
                                                                                                                    "operator_name": "HASH_JOIN",
                                                                                                                    "cpu_time": 0.11923063200000002,
                                                                                                                    "extra_info": {
                                                                                                                        "Join Type": "RIGHT",
                                                                                                                        "Conditions": "postid = id",
                                                                                                                        "Estimated Cardinality": "12744093"
                                                                                                                    },
                                                                                                                    "cumulative_cardinality": 927787,
                                                                                                                    "operator_type": "HASH_JOIN",
                                                                                                                    "operator_cardinality": 339719,
                                                                                                                    "cumulative_rows_scanned": 16594209,
                                                                                                                    "operator_rows_scanned": 0,
                                                                                                                    "operator_timing": 0.031242751000000013,
                                                                                                                    "result_set_size": 12909322,
                                                                                                                    "children": [
                                                                                                                        {
                                                                                                                            "operator_name": "READ_PARQUET ",
                                                                                                                            "cpu_time": 0.018848612999999997,
                                                                                                                            "extra_info": {
                                                                                                                                "Function": "READ_PARQUET",
                                                                                                                                "Projections": [
                                                                                                                                    "postid",
                                                                                                                                    "votetypeid"
                                                                                                                                ],
                                                                                                                                "Estimated Cardinality": "12744093"
                                                                                                                            },
                                                                                                                            "cumulative_cardinality": 442526,
                                                                                                                            "operator_type": "TABLE_SCAN",
                                                                                                                            "operator_cardinality": 442526,
                                                                                                                            "cumulative_rows_scanned": 12744093,
                                                                                                                            "operator_rows_scanned": 12744093,
                                                                                                                            "operator_timing": 0.018848612999999997,
                                                                                                                            "result_set_size": 2655156,
                                                                                                                            "children": []
                                                                                                                        },
                                                                                                                        {
                                                                                                                            "operator_name": "READ_PARQUET ",
                                                                                                                            "cpu_time": 0.069139268,
                                                                                                                            "extra_info": {
                                                                                                                                "Function": "READ_PARQUET",
                                                                                                                                "Projections": [
                                                                                                                                    "id",
                                                                                                                                    "creationdate",
                                                                                                                                    "score",
                                                                                                                                    "owneruserid",
                                                                                                                                    "title"
                                                                                                                                ],
                                                                                                                                "Filters": "creationdate>='2023-10-01 12:34:56'::TIMESTAMP",
                                                                                                                                "Estimated Cardinality": "770023"
                                                                                                                            },
                                                                                                                            "cumulative_cardinality": 145542,
                                                                                                                            "operator_type": "TABLE_SCAN",
                                                                                                                            "operator_cardinality": 145542,
                                                                                                                            "cumulative_rows_scanned": 3850116,
                                                                                                                            "operator_rows_scanned": 3850116,
                                                                                                                            "operator_timing": 0.069139268,
                                                                                                                            "result_set_size": 5239512,
                                                                                                                            "children": []
                                                                                                                        }
                                                                                                                    ]
                                                                                                                },
                                                                                                                {
                                                                                                                    "operator_name": "READ_PARQUET ",
                                                                                                                    "cpu_time": 0.07585733400000008,
                                                                                                                    "extra_info": {
                                                                                                                        "Function": "READ_PARQUET",
                                                                                                                        "Projections": [
                                                                                                                            "id",
                                                                                                                            "postid"
                                                                                                                        ],
                                                                                                                        "Estimated Cardinality": "7241822"
                                                                                                                    },
                                                                                                                    "cumulative_cardinality": 7241822,
                                                                                                                    "operator_type": "TABLE_SCAN",
                                                                                                                    "operator_cardinality": 7241822,
                                                                                                                    "cumulative_rows_scanned": 7241822,
                                                                                                                    "operator_rows_scanned": 7241822,
                                                                                                                    "operator_timing": 0.07585733400000008,
                                                                                                                    "result_set_size": 57934576,
                                                                                                                    "children": []
                                                                                                                }
                                                                                                            ]
                                                                                                        }
                                                                                                    ]
                                                                                                }
                                                                                            ]
                                                                                        }
                                                                                    ]
                                                                                }
                                                                            ]
                                                                        }
                                                                    ]
                                                                }
                                                            ]
                                                        }
                                                    ]
                                                },
                                                {
                                                    "operator_name": "READ_PARQUET ",
                                                    "cpu_time": 0.06523131800000001,
                                                    "extra_info": {
                                                        "Function": "READ_PARQUET",
                                                        "Projections": [
                                                            "id",
                                                            "reputation",
                                                            "displayname"
                                                        ],
                                                        "Filters": "reputation>100",
                                                        "Estimated Cardinality": "252142"
                                                    },
                                                    "cumulative_cardinality": 194389,
                                                    "operator_type": "TABLE_SCAN",
                                                    "operator_cardinality": 194389,
                                                    "cumulative_rows_scanned": 1260710,
                                                    "operator_rows_scanned": 1260710,
                                                    "operator_timing": 0.06523131800000001,
                                                    "result_set_size": 4665336,
                                                    "children": []
                                                }
                                            ]
                                        }
                                    ]
                                }
                            ]
                        }
                    ]
                }
            ]
        }
    ]
}