{
    "rows_returned": 10,
    "query_name": "\nWITH RankedPosts AS (\n    SELECT \n        p.Id AS PostId,\n        p.Title,\n        p.CreationDate,\n        p.ViewCount,\n        p.Score,\n        p.AnswerCount,\n        ROW_NUMBER() OVER (PARTITION BY p.OwnerUserId ORDER BY p.CreationDate DESC) AS rn,\n        p.OwnerUserId\n    FROM \n        Posts p\n    WHERE \n        p.PostTypeId = 1 AND \n        p.Score > 0\n),\nUserBadges AS (\n    SELECT \n        u.Id AS UserId,\n        COUNT(CASE WHEN b.Class = 1 THEN 1 END) AS GoldBadges,\n        COUNT(CASE WHEN b.Class = 2 THEN 1 END) AS SilverBadges,\n        COUNT(CASE WHEN b.Class = 3 THEN 1 END) AS BronzeBadges\n    FROM \n        Users u\n    LEFT JOIN \n        Badges b ON u.Id = b.UserId\n    GROUP BY \n        u.Id\n),\nFilteredPosts AS (\n    SELECT \n        rp.PostId,\n        rp.Title,\n        rp.CreationDate,\n        rp.ViewCount,\n        rp.Score,\n        ub.GoldBadges,\n        ub.SilverBadges,\n        ub.BronzeBadges\n    FROM \n        RankedPosts rp\n    LEFT JOIN \n        UserBadges ub ON rp.OwnerUserId = ub.UserId\n    WHERE \n        ub.GoldBadges IS NOT NULL OR \n        ub.SilverBadges > 0 OR \n        ub.BronzeBadges > 5\n)\nSELECT \n    fp.Title,\n    fp.CreationDate,\n    fp.ViewCount,\n    COALESCE(fp.Score, 0) AS Score,\n    CONCAT(\n        'Gold: ', COALESCE(fp.GoldBadges, 0), \n        ', Silver: ', COALESCE(fp.SilverBadges, 0), \n        ', Bronze: ', COALESCE(fp.BronzeBadges, 0)\n    ) AS BadgeCount\nFROM \n    FilteredPosts fp\nWHERE \n    fp.ViewCount > (SELECT AVG(ViewCount) FROM Posts) \nORDER BY \n    fp.ViewCount DESC \nLIMIT 10;\n",
    "blocked_thread_time": 0.0,
    "cpu_time": 1.440250100000001,
    "extra_info": {},
    "cumulative_cardinality": 28925140,
    "cumulative_rows_scanned": 11282666,
    "result_set_size": 480,
    "latency": 1.528366872,
    "children": [
        {
            "operator_name": "STREAMING_LIMIT",
            "cpu_time": 1.440250100000001,
            "extra_info": {},
            "cumulative_cardinality": 28925140,
            "operator_type": "STREAMING_LIMIT",
            "operator_cardinality": 10,
            "cumulative_rows_scanned": 11282666,
            "operator_rows_scanned": 0,
            "operator_timing": 0.000001664,
            "result_set_size": 480,
            "children": [
                {
                    "operator_name": "PROJECTION",
                    "cpu_time": 1.440248436000001,
                    "extra_info": {
                        "Projections": [
                            "#0",
                            "#1",
                            "#2",
                            "__internal_decompress_integral_integer(#3, 0)",
                            "#4"
                        ],
                        "Estimated Cardinality": "0"
                    },
                    "cumulative_cardinality": 28925130,
                    "operator_type": "PROJECTION",
                    "operator_cardinality": 4096,
                    "cumulative_rows_scanned": 11282666,
                    "operator_rows_scanned": 0,
                    "operator_timing": 0.000006482,
                    "result_set_size": 196608,
                    "children": [
                        {
                            "operator_name": "ORDER_BY",
                            "cpu_time": 1.4402419540000009,
                            "extra_info": {
                                "Order By": "fp.ViewCount DESC"
                            },
                            "cumulative_cardinality": 28921034,
                            "operator_type": "ORDER_BY",
                            "operator_cardinality": 4096,
                            "cumulative_rows_scanned": 11282666,
                            "operator_rows_scanned": 0,
                            "operator_timing": 0.020934744999999987,
                            "result_set_size": 188416,
                            "children": [
                                {
                                    "operator_name": "PROJECTION",
                                    "cpu_time": 1.419307209000001,
                                    "extra_info": {
                                        "Projections": [
                                            "#0",
                                            "#1",
                                            "#2",
                                            "__internal_compress_integral_usmallint(#3, 0)",
                                            "#4"
                                        ],
                                        "Estimated Cardinality": "0"
                                    },
                                    "cumulative_cardinality": 28916938,
                                    "operator_type": "PROJECTION",
                                    "operator_cardinality": 204591,
                                    "cumulative_rows_scanned": 11282666,
                                    "operator_rows_scanned": 0,
                                    "operator_timing": 0.0005200590000000001,
                                    "result_set_size": 9411186,
                                    "children": [
                                        {
                                            "operator_name": "PROJECTION",
                                            "cpu_time": 1.4187871500000009,
                                            "extra_info": {
                                                "Projections": [
                                                    "title",
                                                    "creationdate",
                                                    "viewcount",
                                                    "score",
                                                    "BadgeCount"
                                                ],
                                                "Estimated Cardinality": "0"
                                            },
                                            "cumulative_cardinality": 28712347,
                                            "operator_type": "PROJECTION",
                                            "operator_cardinality": 204591,
                                            "cumulative_rows_scanned": 11282666,
                                            "operator_rows_scanned": 0,
                                            "operator_timing": 0.02915106700000002,
                                            "result_set_size": 9820368,
                                            "children": [
                                                {
                                                    "operator_name": "NESTED_LOOP_JOIN",
                                                    "cpu_time": 1.389636083000001,
                                                    "extra_info": {
                                                        "Join Type": "INNER",
                                                        "Conditions": "CAST(viewcount AS DOUBLE) > SUBQUERY",
                                                        "Estimated Cardinality": "0"
                                                    },
                                                    "cumulative_cardinality": 28507756,
                                                    "operator_type": "NESTED_LOOP_JOIN",
                                                    "operator_cardinality": 204591,
                                                    "cumulative_rows_scanned": 11282666,
                                                    "operator_rows_scanned": 0,
                                                    "operator_timing": 0.016249101,
                                                    "result_set_size": 13093824,
                                                    "children": [
                                                        {
                                                            "operator_name": "HASH_JOIN",
                                                            "cpu_time": 1.329320338000001,
                                                            "extra_info": {
                                                                "Join Type": "INNER",
                                                                "Conditions": "owneruserid = UserId",
                                                                "Estimated Cardinality": "154004"
                                                            },
                                                            "cumulative_cardinality": 20602929,
                                                            "operator_type": "HASH_JOIN",
                                                            "operator_cardinality": 1038260,
                                                            "cumulative_rows_scanned": 7432550,
                                                            "operator_rows_scanned": 0,
                                                            "operator_timing": 0.09213618099999993,
                                                            "result_set_size": 58142560,
                                                            "children": [
                                                                {
                                                                    "operator_name": "PROJECTION",
                                                                    "cpu_time": 0.7612914740000009,
                                                                    "extra_info": {
                                                                        "Projections": [
                                                                            "title",
                                                                            "creationdate",
                                                                            "viewcount",
                                                                            "score",
                                                                            "owneruserid"
                                                                        ],
                                                                        "Estimated Cardinality": "770023"
                                                                    },
                                                                    "cumulative_cardinality": 4360700,
                                                                    "operator_type": "PROJECTION",
                                                                    "operator_cardinality": 1090175,
                                                                    "cumulative_rows_scanned": 3850116,
                                                                    "operator_rows_scanned": 0,
                                                                    "operator_timing": 0.00016481200000000007,
                                                                    "result_set_size": 39246300,
                                                                    "children": [
                                                                        {
                                                                            "operator_name": "PROJECTION",
                                                                            "cpu_time": 0.7611266620000009,
                                                                            "extra_info": {
                                                                                "Projections": [
                                                                                    "#0",
                                                                                    "#1",
                                                                                    "#2",
                                                                                    "#3",
                                                                                    "#4",
                                                                                    "#5"
                                                                                ],
                                                                                "Estimated Cardinality": "770023"
                                                                            },
                                                                            "cumulative_cardinality": 3270525,
                                                                            "operator_type": "PROJECTION",
                                                                            "operator_cardinality": 1090175,
                                                                            "cumulative_rows_scanned": 3850116,
                                                                            "operator_rows_scanned": 0,
                                                                            "operator_timing": 0.00019457299999999983,
                                                                            "result_set_size": 47967700,
                                                                            "children": [
                                                                                {
                                                                                    "operator_name": "WINDOW",
                                                                                    "cpu_time": 0.7609320890000009,
                                                                                    "extra_info": {
                                                                                        "Projections": "ROW_NUMBER() OVER (PARTITION BY owneruserid ORDER BY creationdate DESC NULLS LAST)"
                                                                                    },
                                                                                    "cumulative_cardinality": 2180350,
                                                                                    "operator_type": "WINDOW",
                                                                                    "operator_cardinality": 1090175,
                                                                                    "cumulative_rows_scanned": 3850116,
                                                                                    "operator_rows_scanned": 0,
                                                                                    "operator_timing": 0.27964439700000004,
                                                                                    "result_set_size": 47967700,
                                                                                    "children": [
                                                                                        {
                                                                                            "operator_name": "READ_PARQUET ",
                                                                                            "cpu_time": 0.48128769200000077,
                                                                                            "extra_info": {
                                                                                                "Function": "READ_PARQUET",
                                                                                                "Projections": [
                                                                                                    "creationdate",
                                                                                                    "score",
                                                                                                    "viewcount",
                                                                                                    "owneruserid",
                                                                                                    "title"
                                                                                                ],
                                                                                                "Filters": [
                                                                                                    "posttypeid=1",
                                                                                                    "score>0"
                                                                                                ],
                                                                                                "Estimated Cardinality": "770023"
                                                                                            },
                                                                                            "cumulative_cardinality": 1090175,
                                                                                            "operator_type": "TABLE_SCAN",
                                                                                            "operator_cardinality": 1090175,
                                                                                            "cumulative_rows_scanned": 3850116,
                                                                                            "operator_rows_scanned": 3850116,
                                                                                            "operator_timing": 0.48128769200000077,
                                                                                            "result_set_size": 39246300,
                                                                                            "children": []
                                                                                        }
                                                                                    ]
                                                                                }
                                                                            ]
                                                                        }
                                                                    ]
                                                                },
                                                                {
                                                                    "operator_name": "FILTER",
                                                                    "cpu_time": 0.4758926830000001,
                                                                    "extra_info": {
                                                                        "Expression": "((GoldBadges IS NOT NULL) OR (SilverBadges > 0) OR (BronzeBadges > 5))",
                                                                        "Estimated Cardinality": "252142"
                                                                    },
                                                                    "cumulative_cardinality": 15203969,
                                                                    "operator_type": "FILTER",
                                                                    "operator_cardinality": 1260679,
                                                                    "cumulative_rows_scanned": 3582434,
                                                                    "operator_rows_scanned": 0,
                                                                    "operator_timing": 0.0040041889999999965,
                                                                    "result_set_size": 35299012,
                                                                    "children": [
                                                                        {
                                                                            "operator_name": "HASH_GROUP_BY",
                                                                            "cpu_time": 0.4718884940000001,
                                                                            "extra_info": {
                                                                                "Groups": "#0",
                                                                                "Aggregates": [
                                                                                    "count(#1)",
                                                                                    "count(#2)",
                                                                                    "count(#3)"
                                                                                ],
                                                                                "Estimated Cardinality": "1260710"
                                                                            },
                                                                            "cumulative_cardinality": 13943290,
                                                                            "operator_type": "HASH_GROUP_BY",
                                                                            "operator_cardinality": 1260679,
                                                                            "cumulative_rows_scanned": 3582434,
                                                                            "operator_rows_scanned": 0,
                                                                            "operator_timing": 0.23364712600000012,
                                                                            "result_set_size": 35299012,
                                                                            "children": [
                                                                                {
                                                                                    "operator_name": "PROJECTION",
                                                                                    "cpu_time": 0.238241368,
                                                                                    "extra_info": {
                                                                                        "Projections": [
                                                                                            "id",
                                                                                            "CASE  WHEN ((class = 1)) THEN (1) ELSE NULL END",
                                                                                            "CASE  WHEN ((class = 2)) THEN (1) ELSE NULL END",
                                                                                            "CASE  WHEN ((class = 3)) THEN (1) ELSE NULL END"
                                                                                        ],
                                                                                        "Estimated Cardinality": "2321724"
                                                                                    },
                                                                                    "cumulative_cardinality": 12682611,
                                                                                    "operator_type": "PROJECTION",
                                                                                    "operator_cardinality": 3033382,
                                                                                    "cumulative_rows_scanned": 3582434,
                                                                                    "operator_rows_scanned": 0,
                                                                                    "operator_timing": 0.015710919999999986,
                                                                                    "result_set_size": 48534112,
                                                                                    "children": [
                                                                                        {
                                                                                            "operator_name": "FILTER",
                                                                                            "cpu_time": 0.22253044800000002,
                                                                                            "extra_info": {
                                                                                                "Expression": "(id <= 1416539)",
                                                                                                "Estimated Cardinality": "2321724"
                                                                                            },
                                                                                            "cumulative_cardinality": 9649229,
                                                                                            "operator_type": "FILTER",
                                                                                            "operator_cardinality": 3033382,
                                                                                            "cumulative_rows_scanned": 3582434,
                                                                                            "operator_rows_scanned": 0,
                                                                                            "operator_timing": 0.0036701950000000093,
                                                                                            "result_set_size": 18200292,
                                                                                            "children": [
                                                                                                {
                                                                                                    "operator_name": "HASH_JOIN",
                                                                                                    "cpu_time": 0.218860253,
                                                                                                    "extra_info": {
                                                                                                        "Join Type": "RIGHT",
                                                                                                        "Conditions": "userid = id",
                                                                                                        "Estimated Cardinality": "2321724"
                                                                                                    },
                                                                                                    "cumulative_cardinality": 6615847,
                                                                                                    "operator_type": "HASH_JOIN",
                                                                                                    "operator_cardinality": 3033413,
                                                                                                    "cumulative_rows_scanned": 3582434,
                                                                                                    "operator_rows_scanned": 0,
                                                                                                    "operator_timing": 0.17119107699999997,
                                                                                                    "result_set_size": 18200478,
                                                                                                    "children": [
                                                                                                        {
                                                                                                            "operator_name": "READ_PARQUET ",
                                                                                                            "cpu_time": 0.04085812100000001,
                                                                                                            "extra_info": {
                                                                                                                "Function": "READ_PARQUET",
                                                                                                                "Projections": [
                                                                                                                    "userid",
                                                                                                                    "class"
                                                                                                                ],
                                                                                                                "Estimated Cardinality": "2321724"
                                                                                                            },
                                                                                                            "cumulative_cardinality": 2321724,
                                                                                                            "operator_type": "TABLE_SCAN",
                                                                                                            "operator_cardinality": 2321724,
                                                                                                            "cumulative_rows_scanned": 2321724,
                                                                                                            "operator_rows_scanned": 2321724,
                                                                                                            "operator_timing": 0.04085812100000001,
                                                                                                            "result_set_size": 13930344,
                                                                                                            "children": []
                                                                                                        },
                                                                                                        {
                                                                                                            "operator_name": "READ_PARQUET ",
                                                                                                            "cpu_time": 0.006811055000000004,
                                                                                                            "extra_info": {
                                                                                                                "Function": "READ_PARQUET",
                                                                                                                "Projections": "id",
                                                                                                                "Estimated Cardinality": "1260710"
                                                                                                            },
                                                                                                            "cumulative_cardinality": 1260710,
                                                                                                            "operator_type": "TABLE_SCAN",
                                                                                                            "operator_cardinality": 1260710,
                                                                                                            "cumulative_rows_scanned": 1260710,
                                                                                                            "operator_rows_scanned": 1260710,
                                                                                                            "operator_timing": 0.006811055000000004,
                                                                                                            "result_set_size": 5042840,
                                                                                                            "children": []
                                                                                                        }
                                                                                                    ]
                                                                                                }
                                                                                            ]
                                                                                        }
                                                                                    ]
                                                                                }
                                                                            ]
                                                                        }
                                                                    ]
                                                                }
                                                            ]
                                                        },
                                                        {
                                                            "operator_name": "PROJECTION",
                                                            "cpu_time": 0.04406664399999995,
                                                            "extra_info": {
                                                                "Projections": [
                                                                    "CASE  WHEN ((#1 > 1)) THEN (error('More than one row returned by a subquery used as an expression - scalar subqueries can only return a single row.",
                                                                    "Use \"SET scalar_subquery_error_on_multiple_rows=false\" to revert to previous behavior of returning a random row.')) ELSE #0 END"
                                                                ],
                                                                "Estimated Cardinality": "1"
                                                            },
                                                            "cumulative_cardinality": 7700236,
                                                            "operator_type": "PROJECTION",
                                                            "operator_cardinality": 1,
                                                            "cumulative_rows_scanned": 3850116,
                                                            "operator_rows_scanned": 0,
                                                            "operator_timing": 0.000002645,
                                                            "result_set_size": 8,
                                                            "children": [
                                                                {
                                                                    "operator_name": "UNGROUPED_AGGREGATE",
                                                                    "cpu_time": 0.04406399899999995,
                                                                    "extra_info": {
                                                                        "Aggregates": [
                                                                            "\"first\"(#0)",
                                                                            "count_star()"
                                                                        ]
                                                                    },
                                                                    "cumulative_cardinality": 7700235,
                                                                    "operator_type": "UNGROUPED_AGGREGATE",
                                                                    "operator_cardinality": 1,
                                                                    "cumulative_rows_scanned": 3850116,
                                                                    "operator_rows_scanned": 0,
                                                                    "operator_timing": 0.000001673,
                                                                    "result_set_size": 16,
                                                                    "children": [
                                                                        {
                                                                            "operator_name": "PROJECTION",
                                                                            "cpu_time": 0.04406232599999995,
                                                                            "extra_info": {
                                                                                "Projections": "#0",
                                                                                "Estimated Cardinality": "1"
                                                                            },
                                                                            "cumulative_cardinality": 7700234,
                                                                            "operator_type": "PROJECTION",
                                                                            "operator_cardinality": 1,
                                                                            "cumulative_rows_scanned": 3850116,
                                                                            "operator_rows_scanned": 0,
                                                                            "operator_timing": 2.51e-7,
                                                                            "result_set_size": 8,
                                                                            "children": [
                                                                                {
                                                                                    "operator_name": "UNGROUPED_AGGREGATE",
                                                                                    "cpu_time": 0.04406207499999995,
                                                                                    "extra_info": {
                                                                                        "Aggregates": "avg(#0)"
                                                                                    },
                                                                                    "cumulative_cardinality": 7700233,
                                                                                    "operator_type": "UNGROUPED_AGGREGATE",
                                                                                    "operator_cardinality": 1,
                                                                                    "cumulative_rows_scanned": 3850116,
                                                                                    "operator_rows_scanned": 0,
                                                                                    "operator_timing": 0.01905602599999997,
                                                                                    "result_set_size": 8,
                                                                                    "children": [
                                                                                        {
                                                                                            "operator_name": "PROJECTION",
                                                                                            "cpu_time": 0.025006048999999985,
                                                                                            "extra_info": {
                                                                                                "Projections": "viewcount",
                                                                                                "Estimated Cardinality": "3850116"
                                                                                            },
                                                                                            "cumulative_cardinality": 7700232,
                                                                                            "operator_type": "PROJECTION",
                                                                                            "operator_cardinality": 3850116,
                                                                                            "cumulative_rows_scanned": 3850116,
                                                                                            "operator_rows_scanned": 0,
                                                                                            "operator_timing": 0.0001461700000000023,
                                                                                            "result_set_size": 15400464,
                                                                                            "children": [
                                                                                                {
                                                                                                    "operator_name": "READ_PARQUET ",
                                                                                                    "cpu_time": 0.024859878999999984,
                                                                                                    "extra_info": {
                                                                                                        "Function": "READ_PARQUET",
                                                                                                        "Projections": "viewcount",
                                                                                                        "Estimated Cardinality": "3850116"
                                                                                                    },
                                                                                                    "cumulative_cardinality": 3850116,
                                                                                                    "operator_type": "TABLE_SCAN",
                                                                                                    "operator_cardinality": 3850116,
                                                                                                    "cumulative_rows_scanned": 3850116,
                                                                                                    "operator_rows_scanned": 3850116,
                                                                                                    "operator_timing": 0.024859878999999984,
                                                                                                    "result_set_size": 15400464,
                                                                                                    "children": []
                                                                                                }
                                                                                            ]
                                                                                        }
                                                                                    ]
                                                                                }
                                                                            ]
                                                                        }
                                                                    ]
                                                                }
                                                            ]
                                                        }
                                                    ]
                                                }
                                            ]
                                        }
                                    ]
                                }
                            ]
                        }
                    ]
                }
            ]
        }
    ]
}