{
    "rows_returned": 1,
    "query_name": "WITH RecentPosts AS (\n    SELECT p.Id, p.Title, p.CreationDate, p.Score, p.ViewCount, p.AnswerCount, u.DisplayName AS OwnerDisplayName\n    FROM Posts p\n    JOIN Users u ON p.OwnerUserId = u.Id\n    WHERE p.CreationDate >= cast('2024-10-01 12:34:56' as timestamp) - INTERVAL '30 days'\n    AND p.PostTypeId = 1  \n), \nTagStatistics AS (\n    SELECT \n        t.TagName,\n        COUNT(DISTINCT p.Id) AS PostCount,\n        AVG(p.ViewCount) AS AvgViews,\n        AVG(p.Score) AS AvgScore\n    FROM Tags t\n    JOIN Posts p ON p.Tags LIKE '%' || t.TagName || '%'\n    GROUP BY t.TagName\n), \nPopularTags AS (\n    SELECT TagName, PostCount, AvgViews, AvgScore\n    FROM TagStatistics\n    WHERE PostCount > 5 \n    ORDER BY AvgScore DESC \n    LIMIT 10\n)\nSELECT \n    rp.Title,\n    rp.OwnerDisplayName,\n    rp.CreationDate,\n    rp.Score,\n    rp.ViewCount,\n    pt.TagName,\n    pt.PostCount,\n    pt.AvgViews,\n    pt.AvgScore\nFROM RecentPosts rp\nJOIN PopularTags pt ON rp.Title LIKE '%' || pt.TagName || '%'\nORDER BY rp.CreationDate DESC, pt.AvgScore DESC;",
    "blocked_thread_time": 0.0,
    "cpu_time": 499.5224584209988,
    "extra_info": {},
    "cumulative_cardinality": 15405121,
    "cumulative_rows_scanned": 8962918,
    "result_set_size": 88,
    "latency": 509.030691467,
    "children": [
        {
            "operator_name": "PROJECTION",
            "cpu_time": 499.5224584209988,
            "extra_info": {
                "Projections": [
                    "#0",
                    "#1",
                    "#2",
                    "__internal_decompress_integral_integer(#3, -72)",
                    "#4",
                    "#5",
                    "#6",
                    "#7",
                    "#8"
                ],
                "Estimated Cardinality": "770023"
            },
            "cumulative_cardinality": 15405121,
            "operator_type": "PROJECTION",
            "operator_cardinality": 1,
            "cumulative_rows_scanned": 8962918,
            "operator_rows_scanned": 0,
            "operator_timing": 0.000002214,
            "result_set_size": 88,
            "children": [
                {
                    "operator_name": "ORDER_BY",
                    "cpu_time": 499.5224562069988,
                    "extra_info": {
                        "Order By": [
                            "rp.CreationDate DESC",
                            "pt.AvgScore DESC"
                        ]
                    },
                    "cumulative_cardinality": 15405120,
                    "operator_type": "ORDER_BY",
                    "operator_cardinality": 1,
                    "cumulative_rows_scanned": 8962918,
                    "operator_rows_scanned": 0,
                    "operator_timing": 0.000036357,
                    "result_set_size": 86,
                    "children": [
                        {
                            "operator_name": "PROJECTION",
                            "cpu_time": 499.5224198499988,
                            "extra_info": {
                                "Projections": [
                                    "#0",
                                    "#1",
                                    "#2",
                                    "__internal_compress_integral_usmallint(#3, -72)",
                                    "#4",
                                    "#5",
                                    "#6",
                                    "#7",
                                    "#8"
                                ],
                                "Estimated Cardinality": "770023"
                            },
                            "cumulative_cardinality": 15405119,
                            "operator_type": "PROJECTION",
                            "operator_cardinality": 1,
                            "cumulative_rows_scanned": 8962918,
                            "operator_rows_scanned": 0,
                            "operator_timing": 0.000002655,
                            "result_set_size": 86,
                            "children": [
                                {
                                    "operator_name": "PROJECTION",
                                    "cpu_time": 499.5224171949988,
                                    "extra_info": {
                                        "Projections": [
                                            "title",
                                            "OwnerDisplayName",
                                            "creationdate",
                                            "score",
                                            "viewcount",
                                            "tagname",
                                            "PostCount",
                                            "AvgViews",
                                            "AvgScore"
                                        ],
                                        "Estimated Cardinality": "770023"
                                    },
                                    "cumulative_cardinality": 15405118,
                                    "operator_type": "PROJECTION",
                                    "operator_cardinality": 1,
                                    "cumulative_rows_scanned": 8962918,
                                    "operator_rows_scanned": 0,
                                    "operator_timing": 0.000003206,
                                    "result_set_size": 88,
                                    "children": [
                                        {
                                            "operator_name": "BLOCKWISE_NL_JOIN",
                                            "cpu_time": 499.52241398899884,
                                            "extra_info": {
                                                "Join Type": "INNER",
                                                "Condition": "(title ~~ (('%' || tagname) || '%'))"
                                            },
                                            "cumulative_cardinality": 15405117,
                                            "operator_type": "BLOCKWISE_NL_JOIN",
                                            "operator_cardinality": 1,
                                            "cumulative_rows_scanned": 8962918,
                                            "operator_rows_scanned": 0,
                                            "operator_timing": 0.011368841999999999,
                                            "result_set_size": 88,
                                            "children": [
                                                {
                                                    "operator_name": "PROJECTION",
                                                    "cpu_time": 0.16279978900000008,
                                                    "extra_info": {
                                                        "Projections": [
                                                            "title",
                                                            "creationdate",
                                                            "score",
                                                            "viewcount",
                                                            "OwnerDisplayName"
                                                        ],
                                                        "Estimated Cardinality": "770023"
                                                    },
                                                    "cumulative_cardinality": 1275906,
                                                    "operator_type": "PROJECTION",
                                                    "operator_cardinality": 5081,
                                                    "cumulative_rows_scanned": 5110826,
                                                    "operator_rows_scanned": 0,
                                                    "operator_timing": 0.000002483,
                                                    "result_set_size": 243888,
                                                    "children": [
                                                        {
                                                            "operator_name": "HASH_JOIN",
                                                            "cpu_time": 0.16279730600000009,
                                                            "extra_info": {
                                                                "Join Type": "INNER",
                                                                "Conditions": "id = owneruserid",
                                                                "Estimated Cardinality": "770023"
                                                            },
                                                            "cumulative_cardinality": 1270825,
                                                            "operator_type": "HASH_JOIN",
                                                            "operator_cardinality": 5081,
                                                            "cumulative_rows_scanned": 5110826,
                                                            "operator_rows_scanned": 0,
                                                            "operator_timing": 0.009780617000000052,
                                                            "result_set_size": 243888,
                                                            "children": [
                                                                {
                                                                    "operator_name": "READ_PARQUET ",
                                                                    "cpu_time": 0.08572828700000003,
                                                                    "extra_info": {
                                                                        "Function": "READ_PARQUET",
                                                                        "Projections": [
                                                                            "id",
                                                                            "displayname"
                                                                        ],
                                                                        "Filters": "id<=1416539",
                                                                        "Estimated Cardinality": "1260710"
                                                                    },
                                                                    "cumulative_cardinality": 1260648,
                                                                    "operator_type": "TABLE_SCAN",
                                                                    "operator_cardinality": 1260648,
                                                                    "cumulative_rows_scanned": 1260710,
                                                                    "operator_rows_scanned": 1260710,
                                                                    "operator_timing": 0.08572828700000003,
                                                                    "result_set_size": 25212960,
                                                                    "children": []
                                                                },
                                                                {
                                                                    "operator_name": "READ_PARQUET ",
                                                                    "cpu_time": 0.06728840200000001,
                                                                    "extra_info": {
                                                                        "Function": "READ_PARQUET",
                                                                        "Projections": [
                                                                            "creationdate",
                                                                            "score",
                                                                            "viewcount",
                                                                            "owneruserid",
                                                                            "title"
                                                                        ],
                                                                        "Filters": [
                                                                            "creationdate>='2024-09-01 12:34:56'::TIMESTAMP",
                                                                            "posttypeid=1"
                                                                        ],
                                                                        "Estimated Cardinality": "770023"
                                                                    },
                                                                    "cumulative_cardinality": 5096,
                                                                    "operator_type": "TABLE_SCAN",
                                                                    "operator_cardinality": 5096,
                                                                    "cumulative_rows_scanned": 3850116,
                                                                    "operator_rows_scanned": 3850116,
                                                                    "operator_timing": 0.06728840200000001,
                                                                    "result_set_size": 183456,
                                                                    "children": []
                                                                }
                                                            ]
                                                        }
                                                    ]
                                                },
                                                {
                                                    "operator_name": "STREAMING_LIMIT",
                                                    "cpu_time": 499.34824535799885,
                                                    "extra_info": {},
                                                    "cumulative_cardinality": 14129210,
                                                    "operator_type": "STREAMING_LIMIT",
                                                    "operator_cardinality": 10,
                                                    "cumulative_rows_scanned": 3852092,
                                                    "operator_rows_scanned": 0,
                                                    "operator_timing": 0.000001503,
                                                    "result_set_size": 400,
                                                    "children": [
                                                        {
                                                            "operator_name": "ORDER_BY",
                                                            "cpu_time": 499.3482438549988,
                                                            "extra_info": {
                                                                "Order By": "TagStatistics.AvgScore DESC"
                                                            },
                                                            "cumulative_cardinality": 14129200,
                                                            "operator_type": "ORDER_BY",
                                                            "operator_cardinality": 1936,
                                                            "cumulative_rows_scanned": 3852092,
                                                            "operator_rows_scanned": 0,
                                                            "operator_timing": 0.000139911,
                                                            "result_set_size": 77440,
                                                            "children": [
                                                                {
                                                                    "operator_name": "FILTER",
                                                                    "cpu_time": 499.3481039439988,
                                                                    "extra_info": {
                                                                        "Expression": "(PostCount > 5)",
                                                                        "Estimated Cardinality": "395"
                                                                    },
                                                                    "cumulative_cardinality": 14127264,
                                                                    "operator_type": "FILTER",
                                                                    "operator_cardinality": 1936,
                                                                    "cumulative_rows_scanned": 3852092,
                                                                    "operator_rows_scanned": 0,
                                                                    "operator_timing": 0.000015700000000000002,
                                                                    "result_set_size": 77440,
                                                                    "children": [
                                                                        {
                                                                            "operator_name": "HASH_GROUP_BY",
                                                                            "cpu_time": 499.3480882439988,
                                                                            "extra_info": {
                                                                                "Groups": "#0",
                                                                                "Aggregates": [
                                                                                    "count(DISTINCT #1)",
                                                                                    "avg(#2)",
                                                                                    "avg(#3)"
                                                                                ],
                                                                                "Estimated Cardinality": "1976"
                                                                            },
                                                                            "cumulative_cardinality": 14125328,
                                                                            "operator_type": "HASH_GROUP_BY",
                                                                            "operator_cardinality": 1976,
                                                                            "cumulative_rows_scanned": 3852092,
                                                                            "operator_rows_scanned": 0,
                                                                            "operator_timing": 1.0942066899999978,
                                                                            "result_set_size": 79040,
                                                                            "children": [
                                                                                {
                                                                                    "operator_name": "PROJECTION",
                                                                                    "cpu_time": 498.2538815539988,
                                                                                    "extra_info": {
                                                                                        "Projections": [
                                                                                            "tagname",
                                                                                            "id",
                                                                                            "viewcount",
                                                                                            "score"
                                                                                        ],
                                                                                        "Estimated Cardinality": "3850116"
                                                                                    },
                                                                                    "cumulative_cardinality": 14123352,
                                                                                    "operator_type": "PROJECTION",
                                                                                    "operator_cardinality": 5135630,
                                                                                    "cumulative_rows_scanned": 3852092,
                                                                                    "operator_rows_scanned": 0,
                                                                                    "operator_timing": 0.004173493000000106,
                                                                                    "result_set_size": 143797640,
                                                                                    "children": [
                                                                                        {
                                                                                            "operator_name": "BLOCKWISE_NL_JOIN",
                                                                                            "cpu_time": 498.2497080609988,
                                                                                            "extra_info": {
                                                                                                "Join Type": "INNER",
                                                                                                "Condition": "(tags ~~ (('%' || tagname) || '%'))"
                                                                                            },
                                                                                            "cumulative_cardinality": 8987722,
                                                                                            "operator_type": "BLOCKWISE_NL_JOIN",
                                                                                            "operator_cardinality": 5135630,
                                                                                            "cumulative_rows_scanned": 3852092,
                                                                                            "operator_rows_scanned": 0,
                                                                                            "operator_timing": 497.9687166789988,
                                                                                            "result_set_size": 225967720,
                                                                                            "children": [
                                                                                                {
                                                                                                    "operator_name": "READ_PARQUET ",
                                                                                                    "cpu_time": 0.2806737690000001,
                                                                                                    "extra_info": {
                                                                                                        "Function": "READ_PARQUET",
                                                                                                        "Projections": [
                                                                                                            "id",
                                                                                                            "score",
                                                                                                            "viewcount",
                                                                                                            "tags"
                                                                                                        ],
                                                                                                        "Estimated Cardinality": "3850116"
                                                                                                    },
                                                                                                    "cumulative_cardinality": 3850116,
                                                                                                    "operator_type": "TABLE_SCAN",
                                                                                                    "operator_cardinality": 3850116,
                                                                                                    "cumulative_rows_scanned": 3850116,
                                                                                                    "operator_rows_scanned": 3850116,
                                                                                                    "operator_timing": 0.2806737690000001,
                                                                                                    "result_set_size": 107803248,
                                                                                                    "children": []
                                                                                                },
                                                                                                {
                                                                                                    "operator_name": "READ_PARQUET ",
                                                                                                    "cpu_time": 0.000317613,
                                                                                                    "extra_info": {
                                                                                                        "Function": "READ_PARQUET",
                                                                                                        "Projections": "tagname",
                                                                                                        "Estimated Cardinality": "1976"
                                                                                                    },
                                                                                                    "cumulative_cardinality": 1976,
                                                                                                    "operator_type": "TABLE_SCAN",
                                                                                                    "operator_cardinality": 1976,
                                                                                                    "cumulative_rows_scanned": 1976,
                                                                                                    "operator_rows_scanned": 1976,
                                                                                                    "operator_timing": 0.000317613,
                                                                                                    "result_set_size": 31616,
                                                                                                    "children": []
                                                                                                }
                                                                                            ]
                                                                                        }
                                                                                    ]
                                                                                }
                                                                            ]
                                                                        }
                                                                    ]
                                                                }
                                                            ]
                                                        }
                                                    ]
                                                }
                                            ]
                                        }
                                    ]
                                }
                            ]
                        }
                    ]
                }
            ]
        }
    ]
}