{
    "rows_returned": 5,
    "query_name": "WITH UserBadges AS (\n    SELECT UserId, COUNT(*) AS BadgeCount\n    FROM Badges\n    WHERE Class = 1 \n    GROUP BY UserId\n),\nTopUsers AS (\n    SELECT u.Id, u.DisplayName, u.Reputation, ub.BadgeCount\n    FROM Users u\n    LEFT JOIN UserBadges ub ON u.Id = ub.UserId\n    WHERE u.Reputation > 1000 AND ub.BadgeCount IS NOT NULL\n    ORDER BY u.Reputation DESC\n    LIMIT 10\n),\nPopularPosts AS (\n    SELECT p.Id, p.Title, p.Score, p.ViewCount, p.OwnerUserId, p.CreationDate\n    FROM Posts p\n    JOIN TopUsers tu ON p.OwnerUserId = tu.Id\n    WHERE p.PostTypeId = 1 \n    ORDER BY p.Score DESC, p.ViewCount DESC\n    LIMIT 5\n),\nRecentComments AS (\n    SELECT c.PostId, COUNT(c.Id) AS CommentCount\n    FROM Comments c\n    WHERE c.CreationDate > cast('2024-10-01 12:34:56' as timestamp) - INTERVAL '30 days'\n    GROUP BY c.PostId\n)\nSELECT pp.Title, pp.Score, pp.ViewCount, tu.DisplayName, rc.CommentCount\nFROM PopularPosts pp\nJOIN TopUsers tu ON pp.OwnerUserId = tu.Id\nLEFT JOIN RecentComments rc ON pp.Id = rc.PostId\nORDER BY pp.Score DESC, rc.CommentCount DESC;",
    "blocked_thread_time": 0.0,
    "cpu_time": 0.7724721409999996,
    "extra_info": {},
    "cumulative_cardinality": 2368929,
    "cumulative_rows_scanned": 18256806,
    "result_set_size": 240,
    "latency": 0.819468766,
    "children": [
        {
            "operator_name": "PROJECTION",
            "cpu_time": 0.7724721409999996,
            "extra_info": {
                "Projections": [
                    "#0",
                    "__internal_decompress_integral_integer(#1, -72)",
                    "#2",
                    "#3",
                    "#4"
                ],
                "Estimated Cardinality": "724182"
            },
            "cumulative_cardinality": 2368929,
            "operator_type": "PROJECTION",
            "operator_cardinality": 5,
            "cumulative_rows_scanned": 18256806,
            "operator_rows_scanned": 0,
            "operator_timing": 0.000002564,
            "result_set_size": 240,
            "children": [
                {
                    "operator_name": "ORDER_BY",
                    "cpu_time": 0.7724695769999996,
                    "extra_info": {
                        "Order By": [
                            "pp.Score DESC",
                            "rc.CommentCount DESC"
                        ]
                    },
                    "cumulative_cardinality": 2368924,
                    "operator_type": "ORDER_BY",
                    "operator_cardinality": 5,
                    "cumulative_rows_scanned": 18256806,
                    "operator_rows_scanned": 0,
                    "operator_timing": 0.00006417099999999999,
                    "result_set_size": 230,
                    "children": [
                        {
                            "operator_name": "PROJECTION",
                            "cpu_time": 0.7724054059999996,
                            "extra_info": {
                                "Projections": [
                                    "#0",
                                    "__internal_compress_integral_usmallint(#1, -72)",
                                    "#2",
                                    "#3",
                                    "#4"
                                ],
                                "Estimated Cardinality": "724182"
                            },
                            "cumulative_cardinality": 2368919,
                            "operator_type": "PROJECTION",
                            "operator_cardinality": 5,
                            "cumulative_rows_scanned": 18256806,
                            "operator_rows_scanned": 0,
                            "operator_timing": 0.000004539,
                            "result_set_size": 230,
                            "children": [
                                {
                                    "operator_name": "PROJECTION",
                                    "cpu_time": 0.7724008669999997,
                                    "extra_info": {
                                        "Projections": [
                                            "title",
                                            "score",
                                            "viewcount",
                                            "displayname",
                                            "CommentCount"
                                        ],
                                        "Estimated Cardinality": "724182"
                                    },
                                    "cumulative_cardinality": 2368914,
                                    "operator_type": "PROJECTION",
                                    "operator_cardinality": 5,
                                    "cumulative_rows_scanned": 18256806,
                                    "operator_rows_scanned": 0,
                                    "operator_timing": 5.72e-7,
                                    "result_set_size": 240,
                                    "children": [
                                        {
                                            "operator_name": "HASH_JOIN",
                                            "cpu_time": 0.7724002949999996,
                                            "extra_info": {
                                                "Join Type": "RIGHT",
                                                "Conditions": "postid = id",
                                                "Estimated Cardinality": "724182"
                                            },
                                            "cumulative_cardinality": 2368909,
                                            "operator_type": "HASH_JOIN",
                                            "operator_cardinality": 5,
                                            "cumulative_rows_scanned": 18256806,
                                            "operator_rows_scanned": 0,
                                            "operator_timing": 0.000208499,
                                            "result_set_size": 240,
                                            "children": [
                                                {
                                                    "operator_name": "HASH_GROUP_BY",
                                                    "cpu_time": 0.20776176599999985,
                                                    "extra_info": {
                                                        "Groups": "#0",
                                                        "Aggregates": "count_star()",
                                                        "Estimated Cardinality": "724182"
                                                    },
                                                    "cumulative_cardinality": 51203,
                                                    "operator_type": "HASH_GROUP_BY",
                                                    "operator_cardinality": 7133,
                                                    "cumulative_rows_scanned": 7241822,
                                                    "operator_rows_scanned": 0,
                                                    "operator_timing": 0.002221179000000001,
                                                    "result_set_size": 85596,
                                                    "children": [
                                                        {
                                                            "operator_name": "PROJECTION",
                                                            "cpu_time": 0.20554058699999986,
                                                            "extra_info": {
                                                                "Projections": "postid",
                                                                "Estimated Cardinality": "1448364"
                                                            },
                                                            "cumulative_cardinality": 44070,
                                                            "operator_type": "PROJECTION",
                                                            "operator_cardinality": 22035,
                                                            "cumulative_rows_scanned": 7241822,
                                                            "operator_rows_scanned": 0,
                                                            "operator_timing": 0.00011630599999999911,
                                                            "result_set_size": 88140,
                                                            "children": [
                                                                {
                                                                    "operator_name": "READ_PARQUET ",
                                                                    "cpu_time": 0.20542428099999985,
                                                                    "extra_info": {
                                                                        "Function": "READ_PARQUET",
                                                                        "Projections": [
                                                                            "id",
                                                                            "postid"
                                                                        ],
                                                                        "Filters": "creationdate>'2024-09-01 12:34:56'::TIMESTAMP",
                                                                        "Estimated Cardinality": "1448364"
                                                                    },
                                                                    "cumulative_cardinality": 22035,
                                                                    "operator_type": "TABLE_SCAN",
                                                                    "operator_cardinality": 22035,
                                                                    "cumulative_rows_scanned": 7241822,
                                                                    "operator_rows_scanned": 7241822,
                                                                    "operator_timing": 0.20542428099999985,
                                                                    "result_set_size": 176280,
                                                                    "children": []
                                                                }
                                                            ]
                                                        }
                                                    ]
                                                },
                                                {
                                                    "operator_name": "HASH_JOIN",
                                                    "cpu_time": 0.5644300299999998,
                                                    "extra_info": {
                                                        "Join Type": "INNER",
                                                        "Conditions": "id = owneruserid",
                                                        "Estimated Cardinality": "0"
                                                    },
                                                    "cumulative_cardinality": 2317701,
                                                    "operator_type": "HASH_JOIN",
                                                    "operator_cardinality": 5,
                                                    "cumulative_rows_scanned": 11014984,
                                                    "operator_rows_scanned": 0,
                                                    "operator_timing": 0.00011657800000000001,
                                                    "result_set_size": 220,
                                                    "children": [
                                                        {
                                                            "operator_name": "STREAMING_LIMIT",
                                                            "cpu_time": 0.07295325599999995,
                                                            "extra_info": {},
                                                            "cumulative_cardinality": 156847,
                                                            "operator_type": "STREAMING_LIMIT",
                                                            "operator_cardinality": 10,
                                                            "cumulative_rows_scanned": 3582434,
                                                            "operator_rows_scanned": 0,
                                                            "operator_timing": 5.71e-7,
                                                            "result_set_size": 240,
                                                            "children": [
                                                                {
                                                                    "operator_name": "ORDER_BY",
                                                                    "cpu_time": 0.07295268499999995,
                                                                    "extra_info": {
                                                                        "Order By": "u.Reputation DESC"
                                                                    },
                                                                    "cumulative_cardinality": 156837,
                                                                    "operator_type": "ORDER_BY",
                                                                    "operator_cardinality": 4096,
                                                                    "cumulative_rows_scanned": 3582434,
                                                                    "operator_rows_scanned": 0,
                                                                    "operator_timing": 0.000276319,
                                                                    "result_set_size": 98304,
                                                                    "children": [
                                                                        {
                                                                            "operator_name": "PROJECTION",
                                                                            "cpu_time": 0.07267636599999995,
                                                                            "extra_info": {
                                                                                "Projections": [
                                                                                    "id",
                                                                                    "displayname",
                                                                                    "reputation"
                                                                                ],
                                                                                "Estimated Cardinality": "9286"
                                                                            },
                                                                            "cumulative_cardinality": 152741,
                                                                            "operator_type": "PROJECTION",
                                                                            "operator_cardinality": 6010,
                                                                            "cumulative_rows_scanned": 3582434,
                                                                            "operator_rows_scanned": 0,
                                                                            "operator_timing": 0.000004818000000000001,
                                                                            "result_set_size": 144240,
                                                                            "children": [
                                                                                {
                                                                                    "operator_name": "HASH_JOIN",
                                                                                    "cpu_time": 0.07267154799999995,
                                                                                    "extra_info": {
                                                                                        "Join Type": "INNER",
                                                                                        "Conditions": "id = userid",
                                                                                        "Estimated Cardinality": "9286"
                                                                                    },
                                                                                    "cumulative_cardinality": 146731,
                                                                                    "operator_type": "HASH_JOIN",
                                                                                    "operator_cardinality": 6010,
                                                                                    "cumulative_rows_scanned": 3582434,
                                                                                    "operator_rows_scanned": 0,
                                                                                    "operator_timing": 0.001072024,
                                                                                    "result_set_size": 168280,
                                                                                    "children": [
                                                                                        {
                                                                                            "operator_name": "FILTER",
                                                                                            "cpu_time": 0.05831484899999995,
                                                                                            "extra_info": {
                                                                                                "Expression": "(id BETWEEN 2 AND 1416532)",
                                                                                                "Estimated Cardinality": "252142"
                                                                                            },
                                                                                            "cumulative_cardinality": 22422,
                                                                                            "operator_type": "FILTER",
                                                                                            "operator_cardinality": 11211,
                                                                                            "cumulative_rows_scanned": 1260710,
                                                                                            "operator_rows_scanned": 0,
                                                                                            "operator_timing": 0.0006938290000000004,
                                                                                            "result_set_size": 269064,
                                                                                            "children": [
                                                                                                {
                                                                                                    "operator_name": "READ_PARQUET ",
                                                                                                    "cpu_time": 0.05762101999999995,
                                                                                                    "extra_info": {
                                                                                                        "Function": "READ_PARQUET",
                                                                                                        "Projections": [
                                                                                                            "id",
                                                                                                            "reputation",
                                                                                                            "displayname"
                                                                                                        ],
                                                                                                        "Filters": "reputation>1000",
                                                                                                        "Estimated Cardinality": "252142"
                                                                                                    },
                                                                                                    "cumulative_cardinality": 11211,
                                                                                                    "operator_type": "TABLE_SCAN",
                                                                                                    "operator_cardinality": 11211,
                                                                                                    "cumulative_rows_scanned": 1260710,
                                                                                                    "operator_rows_scanned": 1260710,
                                                                                                    "operator_timing": 0.05762101999999995,
                                                                                                    "result_set_size": 269064,
                                                                                                    "children": []
                                                                                                }
                                                                                            ]
                                                                                        },
                                                                                        {
                                                                                            "operator_name": "PROJECTION",
                                                                                            "cpu_time": 0.013284675000000001,
                                                                                            "extra_info": {
                                                                                                "Projections": "#0",
                                                                                                "Estimated Cardinality": "46434"
                                                                                            },
                                                                                            "cumulative_cardinality": 118299,
                                                                                            "operator_type": "PROJECTION",
                                                                                            "operator_cardinality": 17659,
                                                                                            "cumulative_rows_scanned": 2321724,
                                                                                            "operator_rows_scanned": 0,
                                                                                            "operator_timing": 8.099999999999999e-7,
                                                                                            "result_set_size": 70636,
                                                                                            "children": [
                                                                                                {
                                                                                                    "operator_name": "FILTER",
                                                                                                    "cpu_time": 0.013283865,
                                                                                                    "extra_info": {
                                                                                                        "Expression": "(BadgeCount IS NOT NULL)",
                                                                                                        "Estimated Cardinality": "46434"
                                                                                                    },
                                                                                                    "cumulative_cardinality": 100640,
                                                                                                    "operator_type": "FILTER",
                                                                                                    "operator_cardinality": 17659,
                                                                                                    "cumulative_rows_scanned": 2321724,
                                                                                                    "operator_rows_scanned": 0,
                                                                                                    "operator_timing": 0.000033254000000000004,
                                                                                                    "result_set_size": 211908,
                                                                                                    "children": [
                                                                                                        {
                                                                                                            "operator_name": "HASH_GROUP_BY",
                                                                                                            "cpu_time": 0.013250611,
                                                                                                            "extra_info": {
                                                                                                                "Groups": "#0",
                                                                                                                "Aggregates": "count_star()",
                                                                                                                "Estimated Cardinality": "232172"
                                                                                                            },
                                                                                                            "cumulative_cardinality": 82981,
                                                                                                            "operator_type": "HASH_GROUP_BY",
                                                                                                            "operator_cardinality": 17659,
                                                                                                            "cumulative_rows_scanned": 2321724,
                                                                                                            "operator_rows_scanned": 0,
                                                                                                            "operator_timing": 0.000886331,
                                                                                                            "result_set_size": 211908,
                                                                                                            "children": [
                                                                                                                {
                                                                                                                    "operator_name": "PROJECTION",
                                                                                                                    "cpu_time": 0.01236428,
                                                                                                                    "extra_info": {
                                                                                                                        "Projections": "userid",
                                                                                                                        "Estimated Cardinality": "464344"
                                                                                                                    },
                                                                                                                    "cumulative_cardinality": 65322,
                                                                                                                    "operator_type": "PROJECTION",
                                                                                                                    "operator_cardinality": 32661,
                                                                                                                    "cumulative_rows_scanned": 2321724,
                                                                                                                    "operator_rows_scanned": 0,
                                                                                                                    "operator_timing": 0.0000053509999999999976,
                                                                                                                    "result_set_size": 130644,
                                                                                                                    "children": [
                                                                                                                        {
                                                                                                                            "operator_name": "READ_PARQUET ",
                                                                                                                            "cpu_time": 0.012358929,
                                                                                                                            "extra_info": {
                                                                                                                                "Function": "READ_PARQUET",
                                                                                                                                "Projections": "userid",
                                                                                                                                "Filters": "class=1",
                                                                                                                                "Estimated Cardinality": "464344"
                                                                                                                            },
                                                                                                                            "cumulative_cardinality": 32661,
                                                                                                                            "operator_type": "TABLE_SCAN",
                                                                                                                            "operator_cardinality": 32661,
                                                                                                                            "cumulative_rows_scanned": 2321724,
                                                                                                                            "operator_rows_scanned": 2321724,
                                                                                                                            "operator_timing": 0.012358929,
                                                                                                                            "result_set_size": 130644,
                                                                                                                            "children": []
                                                                                                                        }
                                                                                                                    ]
                                                                                                                }
                                                                                                            ]
                                                                                                        }
                                                                                                    ]
                                                                                                }
                                                                                            ]
                                                                                        }
                                                                                    ]
                                                                                }
                                                                            ]
                                                                        }
                                                                    ]
                                                                }
                                                            ]
                                                        },
                                                        {
                                                            "operator_name": "STREAMING_LIMIT",
                                                            "cpu_time": 0.4913601959999998,
                                                            "extra_info": {},
                                                            "cumulative_cardinality": 2160849,
                                                            "operator_type": "STREAMING_LIMIT",
                                                            "operator_cardinality": 5,
                                                            "cumulative_rows_scanned": 7432550,
                                                            "operator_rows_scanned": 0,
                                                            "operator_timing": 0.000002374,
                                                            "result_set_size": 160,
                                                            "children": [
                                                                {
                                                                    "operator_name": "PROJECTION",
                                                                    "cpu_time": 0.4913578219999998,
                                                                    "extra_info": {
                                                                        "Projections": [
                                                                            "#0",
                                                                            "#1",
                                                                            "__internal_decompress_integral_integer(#2, -72)",
                                                                            "#3",
                                                                            "#4"
                                                                        ],
                                                                        "Estimated Cardinality": "6"
                                                                    },
                                                                    "cumulative_cardinality": 2160844,
                                                                    "operator_type": "PROJECTION",
                                                                    "operator_cardinality": 333,
                                                                    "cumulative_rows_scanned": 7432550,
                                                                    "operator_rows_scanned": 0,
                                                                    "operator_timing": 0.000003326,
                                                                    "result_set_size": 10656,
                                                                    "children": [
                                                                        {
                                                                            "operator_name": "ORDER_BY",
                                                                            "cpu_time": 0.49135449599999975,
                                                                            "extra_info": {
                                                                                "Order By": [
                                                                                    "p.Score DESC",
                                                                                    "p.ViewCount DESC"
                                                                                ]
                                                                            },
                                                                            "cumulative_cardinality": 2160511,
                                                                            "operator_type": "ORDER_BY",
                                                                            "operator_cardinality": 333,
                                                                            "cumulative_rows_scanned": 7432550,
                                                                            "operator_rows_scanned": 0,
                                                                            "operator_timing": 0.00008174199999999999,
                                                                            "result_set_size": 9990,
                                                                            "children": [
                                                                                {
                                                                                    "operator_name": "PROJECTION",
                                                                                    "cpu_time": 0.49127275399999976,
                                                                                    "extra_info": {
                                                                                        "Projections": [
                                                                                            "#0",
                                                                                            "#1",
                                                                                            "__internal_compress_integral_usmallint(#2, -72)",
                                                                                            "#3",
                                                                                            "#4"
                                                                                        ],
                                                                                        "Estimated Cardinality": "6"
                                                                                    },
                                                                                    "cumulative_cardinality": 2160178,
                                                                                    "operator_type": "PROJECTION",
                                                                                    "operator_cardinality": 333,
                                                                                    "cumulative_rows_scanned": 7432550,
                                                                                    "operator_rows_scanned": 0,
                                                                                    "operator_timing": 0.000007404,
                                                                                    "result_set_size": 9990,
                                                                                    "children": [
                                                                                        {
                                                                                            "operator_name": "PROJECTION",
                                                                                            "cpu_time": 0.49126534999999977,
                                                                                            "extra_info": {
                                                                                                "Projections": [
                                                                                                    "id",
                                                                                                    "title",
                                                                                                    "score",
                                                                                                    "viewcount",
                                                                                                    "owneruserid"
                                                                                                ],
                                                                                                "Estimated Cardinality": "6"
                                                                                            },
                                                                                            "cumulative_cardinality": 2159845,
                                                                                            "operator_type": "PROJECTION",
                                                                                            "operator_cardinality": 333,
                                                                                            "cumulative_rows_scanned": 7432550,
                                                                                            "operator_rows_scanned": 0,
                                                                                            "operator_timing": 0.000004218,
                                                                                            "result_set_size": 10656,
                                                                                            "children": [
                                                                                                {
                                                                                                    "operator_name": "HASH_JOIN",
                                                                                                    "cpu_time": 0.49126113199999977,
                                                                                                    "extra_info": {
                                                                                                        "Join Type": "INNER",
                                                                                                        "Conditions": "owneruserid = id",
                                                                                                        "Estimated Cardinality": "6"
                                                                                                    },
                                                                                                    "cumulative_cardinality": 2159512,
                                                                                                    "operator_type": "HASH_JOIN",
                                                                                                    "operator_cardinality": 333,
                                                                                                    "cumulative_rows_scanned": 7432550,
                                                                                                    "operator_rows_scanned": 0,
                                                                                                    "operator_timing": 0.010596722999999992,
                                                                                                    "result_set_size": 13320,
                                                                                                    "children": [
                                                                                                        {
                                                                                                            "operator_name": "FILTER",
                                                                                                            "cpu_time": 0.4432631039999998,
                                                                                                            "extra_info": {
                                                                                                                "Expression": "(owneruserid BETWEEN 2 AND 1416532)",
                                                                                                                "Estimated Cardinality": "770023"
                                                                                                            },
                                                                                                            "cumulative_cardinality": 2002332,
                                                                                                            "operator_type": "FILTER",
                                                                                                            "operator_cardinality": 1001166,
                                                                                                            "cumulative_rows_scanned": 3850116,
                                                                                                            "operator_rows_scanned": 0,
                                                                                                            "operator_timing": 0.005061137000000003,
                                                                                                            "result_set_size": 32037312,
                                                                                                            "children": [
                                                                                                                {
                                                                                                                    "operator_name": "READ_PARQUET ",
                                                                                                                    "cpu_time": 0.4382019669999998,
                                                                                                                    "extra_info": {
                                                                                                                        "Function": "READ_PARQUET",
                                                                                                                        "Projections": [
                                                                                                                            "id",
                                                                                                                            "score",
                                                                                                                            "viewcount",
                                                                                                                            "owneruserid",
                                                                                                                            "title"
                                                                                                                        ],
                                                                                                                        "Filters": "posttypeid=1",
                                                                                                                        "Estimated Cardinality": "770023"
                                                                                                                    },
                                                                                                                    "cumulative_cardinality": 1001166,
                                                                                                                    "operator_type": "TABLE_SCAN",
                                                                                                                    "operator_cardinality": 1001166,
                                                                                                                    "cumulative_rows_scanned": 3850116,
                                                                                                                    "operator_rows_scanned": 3850116,
                                                                                                                    "operator_timing": 0.4382019669999998,
                                                                                                                    "result_set_size": 32037312,
                                                                                                                    "children": []
                                                                                                                }
                                                                                                            ]
                                                                                                        },
                                                                                                        {
                                                                                                            "operator_name": "STREAMING_LIMIT",
                                                                                                            "cpu_time": 0.037401304999999996,
                                                                                                            "extra_info": {},
                                                                                                            "cumulative_cardinality": 156847,
                                                                                                            "operator_type": "STREAMING_LIMIT",
                                                                                                            "operator_cardinality": 10,
                                                                                                            "cumulative_rows_scanned": 3582434,
                                                                                                            "operator_rows_scanned": 0,
                                                                                                            "operator_timing": 0.000002054,
                                                                                                            "result_set_size": 80,
                                                                                                            "children": [
                                                                                                                {
                                                                                                                    "operator_name": "ORDER_BY",
                                                                                                                    "cpu_time": 0.037399250999999994,
                                                                                                                    "extra_info": {
                                                                                                                        "Order By": "u.Reputation DESC"
                                                                                                                    },
                                                                                                                    "cumulative_cardinality": 156837,
                                                                                                                    "operator_type": "ORDER_BY",
                                                                                                                    "operator_cardinality": 4096,
                                                                                                                    "cumulative_rows_scanned": 3582434,
                                                                                                                    "operator_rows_scanned": 0,
                                                                                                                    "operator_timing": 0.000169365,
                                                                                                                    "result_set_size": 32768,
                                                                                                                    "children": [
                                                                                                                        {
                                                                                                                            "operator_name": "PROJECTION",
                                                                                                                            "cpu_time": 0.037229886,
                                                                                                                            "extra_info": {
                                                                                                                                "Projections": [
                                                                                                                                    "id",
                                                                                                                                    "reputation"
                                                                                                                                ],
                                                                                                                                "Estimated Cardinality": "9286"
                                                                                                                            },
                                                                                                                            "cumulative_cardinality": 152741,
                                                                                                                            "operator_type": "PROJECTION",
                                                                                                                            "operator_cardinality": 6010,
                                                                                                                            "cumulative_rows_scanned": 3582434,
                                                                                                                            "operator_rows_scanned": 0,
                                                                                                                            "operator_timing": 0.000003515999999999999,
                                                                                                                            "result_set_size": 48080,
                                                                                                                            "children": [
                                                                                                                                {
                                                                                                                                    "operator_name": "HASH_JOIN",
                                                                                                                                    "cpu_time": 0.037226369999999995,
                                                                                                                                    "extra_info": {
                                                                                                                                        "Join Type": "INNER",
                                                                                                                                        "Conditions": "id = userid",
                                                                                                                                        "Estimated Cardinality": "9286"
                                                                                                                                    },
                                                                                                                                    "cumulative_cardinality": 146731,
                                                                                                                                    "operator_type": "HASH_JOIN",
                                                                                                                                    "operator_cardinality": 6010,
                                                                                                                                    "cumulative_rows_scanned": 3582434,
                                                                                                                                    "operator_rows_scanned": 0,
                                                                                                                                    "operator_timing": 0.000960245,
                                                                                                                                    "result_set_size": 72120,
                                                                                                                                    "children": [
                                                                                                                                        {
                                                                                                                                            "operator_name": "FILTER",
                                                                                                                                            "cpu_time": 0.021976666,
                                                                                                                                            "extra_info": {
                                                                                                                                                "Expression": "(id BETWEEN 2 AND 1416532)",
                                                                                                                                                "Estimated Cardinality": "252142"
                                                                                                                                            },
                                                                                                                                            "cumulative_cardinality": 22422,
                                                                                                                                            "operator_type": "FILTER",
                                                                                                                                            "operator_cardinality": 11211,
                                                                                                                                            "cumulative_rows_scanned": 1260710,
                                                                                                                                            "operator_rows_scanned": 0,
                                                                                                                                            "operator_timing": 0.0005574599999999991,
                                                                                                                                            "result_set_size": 89688,
                                                                                                                                            "children": [
                                                                                                                                                {
                                                                                                                                                    "operator_name": "READ_PARQUET ",
                                                                                                                                                    "cpu_time": 0.021419206,
                                                                                                                                                    "extra_info": {
                                                                                                                                                        "Function": "READ_PARQUET",
                                                                                                                                                        "Projections": [
                                                                                                                                                            "id",
                                                                                                                                                            "reputation"
                                                                                                                                                        ],
                                                                                                                                                        "Filters": "reputation>1000",
                                                                                                                                                        "Estimated Cardinality": "252142"
                                                                                                                                                    },
                                                                                                                                                    "cumulative_cardinality": 11211,
                                                                                                                                                    "operator_type": "TABLE_SCAN",
                                                                                                                                                    "operator_cardinality": 11211,
                                                                                                                                                    "cumulative_rows_scanned": 1260710,
                                                                                                                                                    "operator_rows_scanned": 1260710,
                                                                                                                                                    "operator_timing": 0.021419206,
                                                                                                                                                    "result_set_size": 89688,
                                                                                                                                                    "children": []
                                                                                                                                                }
                                                                                                                                            ]
                                                                                                                                        },
                                                                                                                                        {
                                                                                                                                            "operator_name": "PROJECTION",
                                                                                                                                            "cpu_time": 0.014289459,
                                                                                                                                            "extra_info": {
                                                                                                                                                "Projections": "#0",
                                                                                                                                                "Estimated Cardinality": "46434"
                                                                                                                                            },
                                                                                                                                            "cumulative_cardinality": 118299,
                                                                                                                                            "operator_type": "PROJECTION",
                                                                                                                                            "operator_cardinality": 17659,
                                                                                                                                            "cumulative_rows_scanned": 2321724,
                                                                                                                                            "operator_rows_scanned": 0,
                                                                                                                                            "operator_timing": 8.909999999999999e-7,
                                                                                                                                            "result_set_size": 70636,
                                                                                                                                            "children": [
                                                                                                                                                {
                                                                                                                                                    "operator_name": "FILTER",
                                                                                                                                                    "cpu_time": 0.014288568,
                                                                                                                                                    "extra_info": {
                                                                                                                                                        "Expression": "(BadgeCount IS NOT NULL)",
                                                                                                                                                        "Estimated Cardinality": "46434"
                                                                                                                                                    },
                                                                                                                                                    "cumulative_cardinality": 100640,
                                                                                                                                                    "operator_type": "FILTER",
                                                                                                                                                    "operator_cardinality": 17659,
                                                                                                                                                    "cumulative_rows_scanned": 2321724,
                                                                                                                                                    "operator_rows_scanned": 0,
                                                                                                                                                    "operator_timing": 0.000035257,
                                                                                                                                                    "result_set_size": 211908,
                                                                                                                                                    "children": [
                                                                                                                                                        {
                                                                                                                                                            "operator_name": "HASH_GROUP_BY",
                                                                                                                                                            "cpu_time": 0.014253311,
                                                                                                                                                            "extra_info": {
                                                                                                                                                                "Groups": "#0",
                                                                                                                                                                "Aggregates": "count_star()",
                                                                                                                                                                "Estimated Cardinality": "232172"
                                                                                                                                                            },
                                                                                                                                                            "cumulative_cardinality": 82981,
                                                                                                                                                            "operator_type": "HASH_GROUP_BY",
                                                                                                                                                            "operator_cardinality": 17659,
                                                                                                                                                            "cumulative_rows_scanned": 2321724,
                                                                                                                                                            "operator_rows_scanned": 0,
                                                                                                                                                            "operator_timing": 0.001009909,
                                                                                                                                                            "result_set_size": 211908,
                                                                                                                                                            "children": [
                                                                                                                                                                {
                                                                                                                                                                    "operator_name": "PROJECTION",
                                                                                                                                                                    "cpu_time": 0.013243402,
                                                                                                                                                                    "extra_info": {
                                                                                                                                                                        "Projections": "userid",
                                                                                                                                                                        "Estimated Cardinality": "464344"
                                                                                                                                                                    },
                                                                                                                                                                    "cumulative_cardinality": 65322,
                                                                                                                                                                    "operator_type": "PROJECTION",
                                                                                                                                                                    "operator_cardinality": 32661,
                                                                                                                                                                    "cumulative_rows_scanned": 2321724,
                                                                                                                                                                    "operator_rows_scanned": 0,
                                                                                                                                                                    "operator_timing": 0.0000053280000000000005,
                                                                                                                                                                    "result_set_size": 130644,
                                                                                                                                                                    "children": [
                                                                                                                                                                        {
                                                                                                                                                                            "operator_name": "READ_PARQUET ",
                                                                                                                                                                            "cpu_time": 0.013238073999999999,
                                                                                                                                                                            "extra_info": {
                                                                                                                                                                                "Function": "READ_PARQUET",
                                                                                                                                                                                "Projections": "userid",
                                                                                                                                                                                "Filters": "class=1",
                                                                                                                                                                                "Estimated Cardinality": "464344"
                                                                                                                                                                            },
                                                                                                                                                                            "cumulative_cardinality": 32661,
                                                                                                                                                                            "operator_type": "TABLE_SCAN",
                                                                                                                                                                            "operator_cardinality": 32661,
                                                                                                                                                                            "cumulative_rows_scanned": 2321724,
                                                                                                                                                                            "operator_rows_scanned": 2321724,
                                                                                                                                                                            "operator_timing": 0.013238073999999999,
                                                                                                                                                                            "result_set_size": 130644,
                                                                                                                                                                            "children": []
                                                                                                                                                                        }
                                                                                                                                                                    ]
                                                                                                                                                                }
                                                                                                                                                            ]
                                                                                                                                                        }
                                                                                                                                                    ]
                                                                                                                                                }
                                                                                                                                            ]
                                                                                                                                        }
                                                                                                                                    ]
                                                                                                                                }
                                                                                                                            ]
                                                                                                                        }
                                                                                                                    ]
                                                                                                                }
                                                                                                            ]
                                                                                                        }
                                                                                                    ]
                                                                                                }
                                                                                            ]
                                                                                        }
                                                                                    ]
                                                                                }
                                                                            ]
                                                                        }
                                                                    ]
                                                                }
                                                            ]
                                                        }
                                                    ]
                                                }
                                            ]
                                        }
                                    ]
                                }
                            ]
                        }
                    ]
                }
            ]
        }
    ]
}