{
    "rows_returned": 10,
    "query_name": "\nWITH UserActivity AS (\n    SELECT \n        u.Id AS UserId,\n        u.DisplayName,\n        COUNT(DISTINCT p.Id) AS TotalPosts,\n        SUM(CASE WHEN p.PostTypeId = 2 THEN 1 ELSE 0 END) AS TotalAnswers,\n        SUM(CASE WHEN p.PostTypeId = 1 THEN 1 ELSE 0 END) AS TotalQuestions,\n        SUM(p.ViewCount) AS TotalViews,\n        SUM(p.Score) AS TotalScore,\n        AVG(COALESCE(ROUND(EXTRACT(EPOCH FROM (TIMESTAMP '2024-10-01 12:34:56' - p.CreationDate)) / 3600.0), 0)) AS AverageAgeHours\n    FROM \n        Users u\n    LEFT JOIN \n        Posts p ON u.Id = p.OwnerUserId\n    GROUP BY \n        u.Id, u.DisplayName\n),\nPostVoteSummary AS (\n    SELECT \n        p.OwnerUserId,\n        COUNT(v.Id) AS TotalVotes,\n        SUM(CASE WHEN v.VoteTypeId = 2 THEN 1 ELSE 0 END) AS UpVotes,\n        SUM(CASE WHEN v.VoteTypeId = 3 THEN 1 ELSE 0 END) AS DownVotes\n    FROM \n        Posts p\n    LEFT JOIN \n        Votes v ON p.Id = v.PostId\n    GROUP BY \n        p.OwnerUserId\n),\nUserBadges AS (\n    SELECT \n        b.UserId,\n        COUNT(b.Id) AS TotalBadges,\n        SUM(CASE WHEN b.Class = 1 THEN 1 ELSE 0 END) AS GoldBadges,\n        SUM(CASE WHEN b.Class = 2 THEN 1 ELSE 0 END) AS SilverBadges,\n        SUM(CASE WHEN b.Class = 3 THEN 1 ELSE 0 END) AS BronzeBadges\n    FROM \n        Badges b\n    GROUP BY \n        b.UserId\n),\nFinalMetrics AS (\n    SELECT \n        u.DisplayName,\n        ua.TotalPosts,\n        ua.TotalAnswers,\n        ua.TotalQuestions,\n        ua.TotalViews,\n        ua.TotalScore,\n        ua.AverageAgeHours,\n        vs.TotalVotes,\n        vs.UpVotes,\n        vs.DownVotes,\n        bs.TotalBadges,\n        bs.GoldBadges,\n        bs.SilverBadges,\n        bs.BronzeBadges\n    FROM \n        UserActivity ua\n    JOIN \n        PostVoteSummary vs ON ua.UserId = vs.OwnerUserId\n    LEFT JOIN \n        UserBadges bs ON ua.UserId = bs.UserId\n    JOIN \n        Users u ON ua.UserId = u.Id\n)\nSELECT \n    DisplayName,\n    TotalPosts,\n    TotalAnswers,\n    TotalQuestions,\n    TotalViews,\n    TotalScore,\n    AverageAgeHours,\n    TotalVotes,\n    UpVotes,\n    DownVotes,\n    TotalBadges,\n    GoldBadges,\n    SilverBadges,\n    BronzeBadges\nFROM \n    FinalMetrics\nORDER BY \n    TotalScore DESC, TotalViews DESC\nLIMIT 10;\n",
    "blocked_thread_time": 0.0,
    "cpu_time": 4.332865779999997,
    "extra_info": {},
    "cumulative_cardinality": 68812938,
    "cumulative_rows_scanned": 25287469,
    "result_set_size": 1920,
    "latency": 5.479951953,
    "children": [
        {
            "operator_name": "STREAMING_LIMIT",
            "cpu_time": 4.332865779999997,
            "extra_info": {},
            "cumulative_cardinality": 68812938,
            "operator_type": "STREAMING_LIMIT",
            "operator_cardinality": 10,
            "cumulative_rows_scanned": 25287469,
            "operator_rows_scanned": 0,
            "operator_timing": 0.0000031859999999999997,
            "result_set_size": 1920,
            "children": [
                {
                    "operator_name": "ORDER_BY",
                    "cpu_time": 4.332862593999997,
                    "extra_info": {
                        "Order By": [
                            "FinalMetrics.TotalScore DESC",
                            "FinalMetrics.TotalViews DESC"
                        ]
                    },
                    "cumulative_cardinality": 68812928,
                    "operator_type": "ORDER_BY",
                    "operator_cardinality": 4096,
                    "cumulative_rows_scanned": 25287469,
                    "operator_rows_scanned": 0,
                    "operator_timing": 0.045855020999999975,
                    "result_set_size": 786432,
                    "children": [
                        {
                            "operator_name": "PROJECTION",
                            "cpu_time": 4.287007572999997,
                            "extra_info": {
                                "Projections": [
                                    "displayname",
                                    "TotalPosts",
                                    "TotalAnswers",
                                    "TotalQuestions",
                                    "TotalViews",
                                    "TotalScore",
                                    "AverageAgeHours",
                                    "TotalVotes",
                                    "UpVotes",
                                    "DownVotes",
                                    "TotalBadges",
                                    "GoldBadges",
                                    "SilverBadges",
                                    "BronzeBadges"
                                ],
                                "Estimated Cardinality": "3850116"
                            },
                            "cumulative_cardinality": 68808832,
                            "operator_type": "PROJECTION",
                            "operator_cardinality": 371631,
                            "cumulative_rows_scanned": 25287469,
                            "operator_rows_scanned": 0,
                            "operator_timing": 0.000252301,
                            "result_set_size": 71353152,
                            "children": [
                                {
                                    "operator_name": "HASH_JOIN",
                                    "cpu_time": 4.286755271999997,
                                    "extra_info": {
                                        "Join Type": "INNER",
                                        "Conditions": "UserId = id",
                                        "Estimated Cardinality": "3850116"
                                    },
                                    "cumulative_cardinality": 68437201,
                                    "operator_type": "HASH_JOIN",
                                    "operator_cardinality": 371631,
                                    "cumulative_rows_scanned": 25287469,
                                    "operator_rows_scanned": 0,
                                    "operator_timing": 0.10689423799999996,
                                    "result_set_size": 71353152,
                                    "children": [
                                        {
                                            "operator_name": "HASH_JOIN",
                                            "cpu_time": 4.098996891999997,
                                            "extra_info": {
                                                "Join Type": "LEFT",
                                                "Conditions": "UserId = userid",
                                                "Estimated Cardinality": "3850116"
                                            },
                                            "cumulative_cardinality": 66804891,
                                            "operator_type": "HASH_JOIN",
                                            "operator_cardinality": 371631,
                                            "cumulative_rows_scanned": 24026759,
                                            "operator_rows_scanned": 0,
                                            "operator_timing": 0.06489857299999999,
                                            "result_set_size": 66893580,
                                            "children": [
                                                {
                                                    "operator_name": "HASH_JOIN",
                                                    "cpu_time": 3.8313936419999974,
                                                    "extra_info": {
                                                        "Join Type": "INNER",
                                                        "Conditions": "owneruserid = UserId",
                                                        "Estimated Cardinality": "3850116"
                                                    },
                                                    "cumulative_cardinality": 61240791,
                                                    "operator_type": "HASH_JOIN",
                                                    "operator_cardinality": 371631,
                                                    "cumulative_rows_scanned": 21705035,
                                                    "operator_rows_scanned": 0,
                                                    "operator_timing": 0.152671374,
                                                    "result_set_size": 46082244,
                                                    "children": [
                                                        {
                                                            "operator_name": "HASH_GROUP_BY",
                                                            "cpu_time": 1.4372163769999982,
                                                            "extra_info": {
                                                                "Groups": "#0",
                                                                "Aggregates": [
                                                                    "count(#1)",
                                                                    "sum(#2)",
                                                                    "sum(#3)"
                                                                ],
                                                                "Estimated Cardinality": "3850116"
                                                            },
                                                            "cumulative_cardinality": 39678253,
                                                            "operator_type": "HASH_GROUP_BY",
                                                            "operator_cardinality": 371632,
                                                            "cumulative_rows_scanned": 16594209,
                                                            "operator_rows_scanned": 0,
                                                            "operator_timing": 0.3341454080000005,
                                                            "result_set_size": 16351808,
                                                            "children": [
                                                                {
                                                                    "operator_name": "PROJECTION",
                                                                    "cpu_time": 1.1030709689999978,
                                                                    "extra_info": {
                                                                        "Projections": [
                                                                            "owneruserid",
                                                                            "id",
                                                                            "CASE  WHEN ((votetypeid = 2)) THEN (1) ELSE 0 END",
                                                                            "CASE  WHEN ((votetypeid = 3)) THEN (1) ELSE 0 END"
                                                                        ],
                                                                        "Estimated Cardinality": "12744093"
                                                                    },
                                                                    "cumulative_cardinality": 39306621,
                                                                    "operator_type": "PROJECTION",
                                                                    "operator_cardinality": 11356206,
                                                                    "cumulative_rows_scanned": 16594209,
                                                                    "operator_rows_scanned": 0,
                                                                    "operator_timing": 0.07630721,
                                                                    "result_set_size": 181699296,
                                                                    "children": [
                                                                        {
                                                                            "operator_name": "HASH_JOIN",
                                                                            "cpu_time": 1.0267637589999978,
                                                                            "extra_info": {
                                                                                "Join Type": "RIGHT",
                                                                                "Conditions": "postid = id",
                                                                                "Estimated Cardinality": "12744093"
                                                                            },
                                                                            "cumulative_cardinality": 27950415,
                                                                            "operator_type": "HASH_JOIN",
                                                                            "operator_cardinality": 11356206,
                                                                            "cumulative_rows_scanned": 16594209,
                                                                            "operator_rows_scanned": 0,
                                                                            "operator_timing": 0.6924125789999976,
                                                                            "result_set_size": 113562060,
                                                                            "children": [
                                                                                {
                                                                                    "operator_name": "READ_PARQUET ",
                                                                                    "cpu_time": 0.28982891000000005,
                                                                                    "extra_info": {
                                                                                        "Function": "READ_PARQUET",
                                                                                        "Projections": [
                                                                                            "id",
                                                                                            "postid",
                                                                                            "votetypeid"
                                                                                        ],
                                                                                        "Estimated Cardinality": "12744093"
                                                                                    },
                                                                                    "cumulative_cardinality": 12744093,
                                                                                    "operator_type": "TABLE_SCAN",
                                                                                    "operator_cardinality": 12744093,
                                                                                    "cumulative_rows_scanned": 12744093,
                                                                                    "operator_rows_scanned": 12744093,
                                                                                    "operator_timing": 0.28982891000000005,
                                                                                    "result_set_size": 127440930,
                                                                                    "children": []
                                                                                },
                                                                                {
                                                                                    "operator_name": "READ_PARQUET ",
                                                                                    "cpu_time": 0.04452227000000001,
                                                                                    "extra_info": {
                                                                                        "Function": "READ_PARQUET",
                                                                                        "Projections": [
                                                                                            "id",
                                                                                            "owneruserid"
                                                                                        ],
                                                                                        "Estimated Cardinality": "3850116"
                                                                                    },
                                                                                    "cumulative_cardinality": 3850116,
                                                                                    "operator_type": "TABLE_SCAN",
                                                                                    "operator_cardinality": 3850116,
                                                                                    "cumulative_rows_scanned": 3850116,
                                                                                    "operator_rows_scanned": 3850116,
                                                                                    "operator_timing": 0.04452227000000001,
                                                                                    "result_set_size": 30800928,
                                                                                    "children": []
                                                                                }
                                                                            ]
                                                                        }
                                                                    ]
                                                                }
                                                            ]
                                                        },
                                                        {
                                                            "operator_name": "PROJECTION",
                                                            "cpu_time": 2.241505890999999,
                                                            "extra_info": {
                                                                "Projections": [
                                                                    "UserId",
                                                                    "TotalPosts",
                                                                    "TotalAnswers",
                                                                    "TotalQuestions",
                                                                    "TotalViews",
                                                                    "TotalScore",
                                                                    "AverageAgeHours"
                                                                ],
                                                                "Estimated Cardinality": "1260710"
                                                            },
                                                            "cumulative_cardinality": 21190907,
                                                            "operator_type": "PROJECTION",
                                                            "operator_cardinality": 1260679,
                                                            "cumulative_rows_scanned": 5110826,
                                                            "operator_rows_scanned": 0,
                                                            "operator_timing": 0.0002099050000000003,
                                                            "result_set_size": 105897036,
                                                            "children": [
                                                                {
                                                                    "operator_name": "HASH_GROUP_BY",
                                                                    "cpu_time": 2.241295985999999,
                                                                    "extra_info": {
                                                                        "Groups": [
                                                                            "#0",
                                                                            "#1"
                                                                        ],
                                                                        "Aggregates": [
                                                                            "count(DISTINCT #2)",
                                                                            "sum(#3)",
                                                                            "sum(#4)",
                                                                            "sum(#5)",
                                                                            "sum(#6)",
                                                                            "avg(#7)"
                                                                        ],
                                                                        "Estimated Cardinality": "1260710"
                                                                    },
                                                                    "cumulative_cardinality": 19930228,
                                                                    "operator_type": "HASH_GROUP_BY",
                                                                    "operator_cardinality": 1260679,
                                                                    "cumulative_rows_scanned": 5110826,
                                                                    "operator_rows_scanned": 0,
                                                                    "operator_timing": 1.517086921999999,
                                                                    "result_set_size": 126067900,
                                                                    "children": [
                                                                        {
                                                                            "operator_name": "PROJECTION",
                                                                            "cpu_time": 0.7242090639999998,
                                                                            "extra_info": {
                                                                                "Projections": [
                                                                                    "id",
                                                                                    "displayname",
                                                                                    "id",
                                                                                    "CASE  WHEN ((posttypeid = 2)) THEN (1) ELSE 0 END",
                                                                                    "CASE  WHEN ((posttypeid = 1)) THEN (1) ELSE 0 END",
                                                                                    "viewcount",
                                                                                    "score",
                                                                                    "COALESCE(round((epoch(('2024-10-01 12:34:56'::TIMESTAMP - creationdate)) / 3600.0)), 0.0)"
                                                                                ],
                                                                                "Estimated Cardinality": "3850116"
                                                                            },
                                                                            "cumulative_cardinality": 18669549,
                                                                            "operator_type": "PROJECTION",
                                                                            "operator_cardinality": 4574464,
                                                                            "cumulative_rows_scanned": 5110826,
                                                                            "operator_rows_scanned": 0,
                                                                            "operator_timing": 0.13070175700000003,
                                                                            "result_set_size": 219574272,
                                                                            "children": [
                                                                                {
                                                                                    "operator_name": "FILTER",
                                                                                    "cpu_time": 0.5935073069999999,
                                                                                    "extra_info": {
                                                                                        "Expression": "(id <= 1416539)",
                                                                                        "Estimated Cardinality": "3850116"
                                                                                    },
                                                                                    "cumulative_cardinality": 14095085,
                                                                                    "operator_type": "FILTER",
                                                                                    "operator_cardinality": 4574464,
                                                                                    "cumulative_rows_scanned": 5110826,
                                                                                    "operator_rows_scanned": 0,
                                                                                    "operator_timing": 0.006217787000000007,
                                                                                    "result_set_size": 192127488,
                                                                                    "children": [
                                                                                        {
                                                                                            "operator_name": "HASH_JOIN",
                                                                                            "cpu_time": 0.5872895199999999,
                                                                                            "extra_info": {
                                                                                                "Join Type": "RIGHT",
                                                                                                "Conditions": "owneruserid = id",
                                                                                                "Estimated Cardinality": "3850116"
                                                                                            },
                                                                                            "cumulative_cardinality": 9520621,
                                                                                            "operator_type": "HASH_JOIN",
                                                                                            "operator_cardinality": 4574495,
                                                                                            "cumulative_rows_scanned": 5110826,
                                                                                            "operator_rows_scanned": 0,
                                                                                            "operator_timing": 0.290226172,
                                                                                            "result_set_size": 192128790,
                                                                                            "children": [
                                                                                                {
                                                                                                    "operator_name": "READ_PARQUET ",
                                                                                                    "cpu_time": 0.21945443299999975,
                                                                                                    "extra_info": {
                                                                                                        "Function": "READ_PARQUET",
                                                                                                        "Projections": [
                                                                                                            "id",
                                                                                                            "posttypeid",
                                                                                                            "creationdate",
                                                                                                            "score",
                                                                                                            "viewcount",
                                                                                                            "owneruserid"
                                                                                                        ],
                                                                                                        "Estimated Cardinality": "3850116"
                                                                                                    },
                                                                                                    "cumulative_cardinality": 3685416,
                                                                                                    "operator_type": "TABLE_SCAN",
                                                                                                    "operator_cardinality": 3685416,
                                                                                                    "cumulative_rows_scanned": 3850116,
                                                                                                    "operator_rows_scanned": 3850116,
                                                                                                    "operator_timing": 0.21945443299999975,
                                                                                                    "result_set_size": 95820816,
                                                                                                    "children": []
                                                                                                },
                                                                                                {
                                                                                                    "operator_name": "READ_PARQUET ",
                                                                                                    "cpu_time": 0.0776089150000001,
                                                                                                    "extra_info": {
                                                                                                        "Function": "READ_PARQUET",
                                                                                                        "Projections": [
                                                                                                            "id",
                                                                                                            "displayname"
                                                                                                        ],
                                                                                                        "Estimated Cardinality": "1260710"
                                                                                                    },
                                                                                                    "cumulative_cardinality": 1260710,
                                                                                                    "operator_type": "TABLE_SCAN",
                                                                                                    "operator_cardinality": 1260710,
                                                                                                    "cumulative_rows_scanned": 1260710,
                                                                                                    "operator_rows_scanned": 1260710,
                                                                                                    "operator_timing": 0.0776089150000001,
                                                                                                    "result_set_size": 25214200,
                                                                                                    "children": []
                                                                                                }
                                                                                            ]
                                                                                        }
                                                                                    ]
                                                                                }
                                                                            ]
                                                                        }
                                                                    ]
                                                                }
                                                            ]
                                                        }
                                                    ]
                                                },
                                                {
                                                    "operator_name": "HASH_GROUP_BY",
                                                    "cpu_time": 0.2027046769999999,
                                                    "extra_info": {
                                                        "Groups": "#0",
                                                        "Aggregates": [
                                                            "count_star()",
                                                            "sum(#1)",
                                                            "sum(#2)",
                                                            "sum(#3)"
                                                        ],
                                                        "Estimated Cardinality": "1160862"
                                                    },
                                                    "cumulative_cardinality": 5192469,
                                                    "operator_type": "HASH_GROUP_BY",
                                                    "operator_cardinality": 549021,
                                                    "cumulative_rows_scanned": 2321724,
                                                    "operator_rows_scanned": 0,
                                                    "operator_timing": 0.1580335329999999,
                                                    "result_set_size": 32941260,
                                                    "children": [
                                                        {
                                                            "operator_name": "PROJECTION",
                                                            "cpu_time": 0.04467114400000001,
                                                            "extra_info": {
                                                                "Projections": [
                                                                    "userid",
                                                                    "CASE  WHEN ((class = 1)) THEN (1) ELSE 0 END",
                                                                    "CASE  WHEN ((class = 2)) THEN (1) ELSE 0 END",
                                                                    "CASE  WHEN ((class = 3)) THEN (1) ELSE 0 END"
                                                                ],
                                                                "Estimated Cardinality": "2321724"
                                                            },
                                                            "cumulative_cardinality": 4643448,
                                                            "operator_type": "PROJECTION",
                                                            "operator_cardinality": 2321724,
                                                            "cumulative_rows_scanned": 2321724,
                                                            "operator_rows_scanned": 0,
                                                            "operator_timing": 0.013582225000000005,
                                                            "result_set_size": 37147584,
                                                            "children": [
                                                                {
                                                                    "operator_name": "READ_PARQUET ",
                                                                    "cpu_time": 0.031088919000000007,
                                                                    "extra_info": {
                                                                        "Function": "READ_PARQUET",
                                                                        "Projections": [
                                                                            "id",
                                                                            "userid",
                                                                            "class"
                                                                        ],
                                                                        "Estimated Cardinality": "2321724"
                                                                    },
                                                                    "cumulative_cardinality": 2321724,
                                                                    "operator_type": "TABLE_SCAN",
                                                                    "operator_cardinality": 2321724,
                                                                    "cumulative_rows_scanned": 2321724,
                                                                    "operator_rows_scanned": 2321724,
                                                                    "operator_timing": 0.031088919000000007,
                                                                    "result_set_size": 23217240,
                                                                    "children": []
                                                                }
                                                            ]
                                                        }
                                                    ]
                                                }
                                            ]
                                        },
                                        {
                                            "operator_name": "READ_PARQUET ",
                                            "cpu_time": 0.08086414200000003,
                                            "extra_info": {
                                                "Function": "READ_PARQUET",
                                                "Projections": [
                                                    "id",
                                                    "displayname"
                                                ],
                                                "Filters": "id<=1416539",
                                                "Estimated Cardinality": "1260710"
                                            },
                                            "cumulative_cardinality": 1260679,
                                            "operator_type": "TABLE_SCAN",
                                            "operator_cardinality": 1260679,
                                            "cumulative_rows_scanned": 1260710,
                                            "operator_rows_scanned": 1260710,
                                            "operator_timing": 0.08086414200000003,
                                            "result_set_size": 25213580,
                                            "children": []
                                        }
                                    ]
                                }
                            ]
                        }
                    ]
                }
            ]
        }
    ]
}