{
    "rows_returned": 10,
    "query_name": "\nWITH UserBadgeCounts AS (\n    SELECT \n        U.Id AS UserId,\n        U.DisplayName,\n        COUNT(B.Id) AS BadgeCount,\n        SUM(CASE WHEN B.Class = 1 THEN 1 ELSE 0 END) AS GoldBadges,\n        SUM(CASE WHEN B.Class = 2 THEN 1 ELSE 0 END) AS SilverBadges,\n        SUM(CASE WHEN B.Class = 3 THEN 1 ELSE 0 END) AS BronzeBadges\n    FROM Users U\n    LEFT JOIN Badges B ON U.Id = B.UserId\n    GROUP BY U.Id, U.DisplayName\n), \nPostStats AS (\n    SELECT \n        P.OwnerUserId,\n        COUNT(P.Id) AS PostCount,\n        SUM(CASE WHEN P.PostTypeId = 1 THEN P.AnswerCount ELSE 0 END) AS QuestionCount,\n        SUM(CASE WHEN P.PostTypeId = 2 THEN 1 ELSE 0 END) AS AnswerCount,\n        SUM(P.Score) AS TotalScore,\n        SUM(P.ViewCount) AS TotalViews\n    FROM Posts P\n    GROUP BY P.OwnerUserId\n),\nCombinedStats AS (\n    SELECT \n        U.DisplayName,\n        U.Reputation,\n        COALESCE(UB.BadgeCount, 0) AS BadgeCount,\n        COALESCE(UB.GoldBadges, 0) AS GoldBadges,\n        COALESCE(UB.SilverBadges, 0) AS SilverBadges,\n        COALESCE(UB.BronzeBadges, 0) AS BronzeBadges,\n        COALESCE(PS.PostCount, 0) AS PostCount,\n        COALESCE(PS.QuestionCount, 0) AS QuestionCount,\n        COALESCE(PS.AnswerCount, 0) AS AnswerCount,\n        COALESCE(PS.TotalScore, 0) AS TotalScore,\n        COALESCE(PS.TotalViews, 0) AS TotalViews\n    FROM Users U\n    LEFT JOIN UserBadgeCounts UB ON U.Id = UB.UserId\n    LEFT JOIN PostStats PS ON U.Id = PS.OwnerUserId\n)\nSELECT \n    DisplayName,\n    Reputation,\n    BadgeCount,\n    GoldBadges,\n    SilverBadges,\n    BronzeBadges,\n    PostCount,\n    QuestionCount,\n    AnswerCount,\n    TotalScore,\n    TotalViews\nFROM CombinedStats\nORDER BY Reputation DESC, TotalScore DESC, BadgeCount DESC\nLIMIT 10;\n",
    "blocked_thread_time": 0.0,
    "cpu_time": 1.9961809279999996,
    "extra_info": {},
    "cumulative_cardinality": 25289490,
    "cumulative_rows_scanned": 8693260,
    "result_set_size": 1480,
    "latency": 2.501975928,
    "children": [
        {
            "operator_name": "STREAMING_LIMIT",
            "cpu_time": 1.9961809279999996,
            "extra_info": {},
            "cumulative_cardinality": 25289490,
            "operator_type": "STREAMING_LIMIT",
            "operator_cardinality": 10,
            "cumulative_rows_scanned": 8693260,
            "operator_rows_scanned": 0,
            "operator_timing": 0.000002836,
            "result_set_size": 1480,
            "children": [
                {
                    "operator_name": "ORDER_BY",
                    "cpu_time": 1.9961780919999996,
                    "extra_info": {
                        "Order By": [
                            "CombinedStats.Reputation DESC",
                            "CombinedStats.TotalScore DESC",
                            "CombinedStats.BadgeCount DESC"
                        ]
                    },
                    "cumulative_cardinality": 25289480,
                    "operator_type": "ORDER_BY",
                    "operator_cardinality": 4096,
                    "cumulative_rows_scanned": 8693260,
                    "operator_rows_scanned": 0,
                    "operator_timing": 0.21051034699999993,
                    "result_set_size": 606208,
                    "children": [
                        {
                            "operator_name": "PROJECTION",
                            "cpu_time": 1.7856677449999996,
                            "extra_info": {
                                "Projections": [
                                    "displayname",
                                    "reputation",
                                    "BadgeCount",
                                    "GoldBadges",
                                    "SilverBadges",
                                    "BronzeBadges",
                                    "PostCount",
                                    "QuestionCount",
                                    "AnswerCount",
                                    "TotalScore",
                                    "TotalViews"
                                ],
                                "Estimated Cardinality": "1925058"
                            },
                            "cumulative_cardinality": 25285384,
                            "operator_type": "PROJECTION",
                            "operator_cardinality": 1260710,
                            "cumulative_rows_scanned": 8693260,
                            "operator_rows_scanned": 0,
                            "operator_timing": 0.05919828600000002,
                            "result_set_size": 186585080,
                            "children": [
                                {
                                    "operator_name": "HASH_JOIN",
                                    "cpu_time": 1.7264694589999996,
                                    "extra_info": {
                                        "Join Type": "RIGHT",
                                        "Conditions": "owneruserid = id",
                                        "Estimated Cardinality": "1925058"
                                    },
                                    "cumulative_cardinality": 24024674,
                                    "operator_type": "HASH_JOIN",
                                    "operator_cardinality": 1260710,
                                    "cumulative_rows_scanned": 8693260,
                                    "operator_rows_scanned": 0,
                                    "operator_timing": 0.15993269200000007,
                                    "result_set_size": 186585080,
                                    "children": [
                                        {
                                            "operator_name": "HASH_GROUP_BY",
                                            "cpu_time": 0.34718287299999967,
                                            "extra_info": {
                                                "Groups": "#0",
                                                "Aggregates": [
                                                    "count_star()",
                                                    "sum(#1)",
                                                    "sum(#2)",
                                                    "sum(#3)",
                                                    "sum(#4)"
                                                ],
                                                "Estimated Cardinality": "1925058"
                                            },
                                            "cumulative_cardinality": 8071864,
                                            "operator_type": "HASH_GROUP_BY",
                                            "operator_cardinality": 371632,
                                            "cumulative_rows_scanned": 3850116,
                                            "operator_rows_scanned": 0,
                                            "operator_timing": 0.16807125100000003,
                                            "result_set_size": 28244032,
                                            "children": [
                                                {
                                                    "operator_name": "PROJECTION",
                                                    "cpu_time": 0.17911162199999964,
                                                    "extra_info": {
                                                        "Projections": [
                                                            "owneruserid",
                                                            "CASE  WHEN ((posttypeid = 1)) THEN (answercount) ELSE 0 END",
                                                            "CASE  WHEN ((posttypeid = 2)) THEN (1) ELSE 0 END",
                                                            "score",
                                                            "viewcount"
                                                        ],
                                                        "Estimated Cardinality": "3850116"
                                                    },
                                                    "cumulative_cardinality": 7700232,
                                                    "operator_type": "PROJECTION",
                                                    "operator_cardinality": 3850116,
                                                    "cumulative_rows_scanned": 3850116,
                                                    "operator_rows_scanned": 0,
                                                    "operator_timing": 0.0591741299999998,
                                                    "result_set_size": 77002320,
                                                    "children": [
                                                        {
                                                            "operator_name": "READ_PARQUET ",
                                                            "cpu_time": 0.11993749199999984,
                                                            "extra_info": {
                                                                "Function": "READ_PARQUET",
                                                                "Projections": [
                                                                    "id",
                                                                    "posttypeid",
                                                                    "score",
                                                                    "viewcount",
                                                                    "owneruserid",
                                                                    "answercount"
                                                                ],
                                                                "Estimated Cardinality": "3850116"
                                                            },
                                                            "cumulative_cardinality": 3850116,
                                                            "operator_type": "TABLE_SCAN",
                                                            "operator_cardinality": 3850116,
                                                            "cumulative_rows_scanned": 3850116,
                                                            "operator_rows_scanned": 3850116,
                                                            "operator_timing": 0.11993749199999984,
                                                            "result_set_size": 84702552,
                                                            "children": []
                                                        }
                                                    ]
                                                }
                                            ]
                                        },
                                        {
                                            "operator_name": "HASH_JOIN",
                                            "cpu_time": 1.219353894,
                                            "extra_info": {
                                                "Join Type": "RIGHT",
                                                "Conditions": "UserId = id",
                                                "Estimated Cardinality": "1260710"
                                            },
                                            "cumulative_cardinality": 14692100,
                                            "operator_type": "HASH_JOIN",
                                            "operator_cardinality": 1260710,
                                            "cumulative_rows_scanned": 4843144,
                                            "operator_rows_scanned": 0,
                                            "operator_timing": 0.1530240199999999,
                                            "result_set_size": 100856800,
                                            "children": [
                                                {
                                                    "operator_name": "PROJECTION",
                                                    "cpu_time": 0.982356386,
                                                    "extra_info": {
                                                        "Projections": [
                                                            "UserId",
                                                            "BadgeCount",
                                                            "GoldBadges",
                                                            "SilverBadges",
                                                            "BronzeBadges"
                                                        ],
                                                        "Estimated Cardinality": "1260710"
                                                    },
                                                    "cumulative_cardinality": 12170680,
                                                    "operator_type": "PROJECTION",
                                                    "operator_cardinality": 1260710,
                                                    "cumulative_rows_scanned": 3582434,
                                                    "operator_rows_scanned": 0,
                                                    "operator_timing": 0.00022462899999999998,
                                                    "result_set_size": 75642600,
                                                    "children": [
                                                        {
                                                            "operator_name": "HASH_GROUP_BY",
                                                            "cpu_time": 0.982131757,
                                                            "extra_info": {
                                                                "Groups": [
                                                                    "#0",
                                                                    "#1"
                                                                ],
                                                                "Aggregates": [
                                                                    "count(#2)",
                                                                    "sum(#3)",
                                                                    "sum(#4)",
                                                                    "sum(#5)"
                                                                ],
                                                                "Estimated Cardinality": "1260710"
                                                            },
                                                            "cumulative_cardinality": 10909970,
                                                            "operator_type": "HASH_GROUP_BY",
                                                            "operator_cardinality": 1260710,
                                                            "cumulative_rows_scanned": 3582434,
                                                            "operator_rows_scanned": 0,
                                                            "operator_timing": 0.5772791959999997,
                                                            "result_set_size": 95813960,
                                                            "children": [
                                                                {
                                                                    "operator_name": "PROJECTION",
                                                                    "cpu_time": 0.40485256100000033,
                                                                    "extra_info": {
                                                                        "Projections": [
                                                                            "id",
                                                                            "displayname",
                                                                            "id",
                                                                            "CASE  WHEN ((class = 1)) THEN (1) ELSE 0 END",
                                                                            "CASE  WHEN ((class = 2)) THEN (1) ELSE 0 END",
                                                                            "CASE  WHEN ((class = 3)) THEN (1) ELSE 0 END"
                                                                        ],
                                                                        "Estimated Cardinality": "2321724"
                                                                    },
                                                                    "cumulative_cardinality": 9649260,
                                                                    "operator_type": "PROJECTION",
                                                                    "operator_cardinality": 3033413,
                                                                    "cumulative_rows_scanned": 3582434,
                                                                    "operator_rows_scanned": 0,
                                                                    "operator_timing": 0.016270413999999955,
                                                                    "result_set_size": 109202868,
                                                                    "children": [
                                                                        {
                                                                            "operator_name": "HASH_JOIN",
                                                                            "cpu_time": 0.3885821470000004,
                                                                            "extra_info": {
                                                                                "Join Type": "RIGHT",
                                                                                "Conditions": "userid = id",
                                                                                "Estimated Cardinality": "2321724"
                                                                            },
                                                                            "cumulative_cardinality": 6615847,
                                                                            "operator_type": "HASH_JOIN",
                                                                            "operator_cardinality": 3033413,
                                                                            "cumulative_rows_scanned": 3582434,
                                                                            "operator_rows_scanned": 0,
                                                                            "operator_timing": 0.2536730920000003,
                                                                            "result_set_size": 78868738,
                                                                            "children": [
                                                                                {
                                                                                    "operator_name": "READ_PARQUET ",
                                                                                    "cpu_time": 0.05783202299999998,
                                                                                    "extra_info": {
                                                                                        "Function": "READ_PARQUET",
                                                                                        "Projections": [
                                                                                            "id",
                                                                                            "userid",
                                                                                            "class"
                                                                                        ],
                                                                                        "Estimated Cardinality": "2321724"
                                                                                    },
                                                                                    "cumulative_cardinality": 2321724,
                                                                                    "operator_type": "TABLE_SCAN",
                                                                                    "operator_cardinality": 2321724,
                                                                                    "cumulative_rows_scanned": 2321724,
                                                                                    "operator_rows_scanned": 2321724,
                                                                                    "operator_timing": 0.05783202299999998,
                                                                                    "result_set_size": 23217240,
                                                                                    "children": []
                                                                                },
                                                                                {
                                                                                    "operator_name": "READ_PARQUET ",
                                                                                    "cpu_time": 0.07707703200000002,
                                                                                    "extra_info": {
                                                                                        "Function": "READ_PARQUET",
                                                                                        "Projections": [
                                                                                            "id",
                                                                                            "displayname"
                                                                                        ],
                                                                                        "Estimated Cardinality": "1260710"
                                                                                    },
                                                                                    "cumulative_cardinality": 1260710,
                                                                                    "operator_type": "TABLE_SCAN",
                                                                                    "operator_cardinality": 1260710,
                                                                                    "cumulative_rows_scanned": 1260710,
                                                                                    "operator_rows_scanned": 1260710,
                                                                                    "operator_timing": 0.07707703200000002,
                                                                                    "result_set_size": 25214200,
                                                                                    "children": []
                                                                                }
                                                                            ]
                                                                        }
                                                                    ]
                                                                }
                                                            ]
                                                        }
                                                    ]
                                                },
                                                {
                                                    "operator_name": "READ_PARQUET ",
                                                    "cpu_time": 0.08397348800000003,
                                                    "extra_info": {
                                                        "Function": "READ_PARQUET",
                                                        "Projections": [
                                                            "id",
                                                            "reputation",
                                                            "displayname"
                                                        ],
                                                        "Estimated Cardinality": "1260710"
                                                    },
                                                    "cumulative_cardinality": 1260710,
                                                    "operator_type": "TABLE_SCAN",
                                                    "operator_cardinality": 1260710,
                                                    "cumulative_rows_scanned": 1260710,
                                                    "operator_rows_scanned": 1260710,
                                                    "operator_timing": 0.08397348800000003,
                                                    "result_set_size": 30257040,
                                                    "children": []
                                                }
                                            ]
                                        }
                                    ]
                                }
                            ]
                        }
                    ]
                }
            ]
        }
    ]
}