{
    "rows_returned": 100,
    "query_name": "WITH UserVoteSummary AS (\n    SELECT \n        u.Id AS UserId,\n        u.DisplayName,\n        SUM(CASE WHEN v.VoteTypeId = 2 THEN 1 ELSE 0 END) AS UpVotesCount,\n        SUM(CASE WHEN v.VoteTypeId = 3 THEN 1 ELSE 0 END) AS DownVotesCount,\n        COUNT(v.Id) AS TotalVotesCount\n    FROM \n        Users u\n    LEFT JOIN \n        Votes v ON u.Id = v.UserId\n    GROUP BY \n        u.Id, u.DisplayName\n),\nPostStats AS (\n    SELECT \n        p.OwnerUserId, \n        COUNT(p.Id) AS PostsCount,\n        SUM(COALESCE(p.Score, 0)) AS TotalScore,\n        SUM(COALESCE(p.ViewCount, 0)) AS TotalViews,\n        AVG(p.Score) AS AvgScore,\n        AVG(p.ViewCount) AS AvgViews\n    FROM \n        Posts p\n    GROUP BY \n        p.OwnerUserId\n),\nBadgeSummary AS (\n    SELECT \n        b.UserId, \n        COUNT(b.Id) AS BadgesCount,\n        SUM(CASE WHEN b.Class = 1 THEN 1 ELSE 0 END) AS GoldBadges,\n        SUM(CASE WHEN b.Class = 2 THEN 1 ELSE 0 END) AS SilverBadges,\n        SUM(CASE WHEN b.Class = 3 THEN 1 ELSE 0 END) AS BronzeBadges\n    FROM \n        Badges b\n    GROUP BY \n        b.UserId\n)\nSELECT \n    u.Id AS UserId,\n    u.DisplayName,\n    u.Reputation,\n    us.UpVotesCount,\n    us.DownVotesCount,\n    us.TotalVotesCount,\n    ps.PostsCount,\n    ps.TotalScore,\n    ps.TotalViews,\n    ps.AvgScore,\n    ps.AvgViews,\n    bs.BadgesCount,\n    bs.GoldBadges,\n    bs.SilverBadges,\n    bs.BronzeBadges\nFROM \n    Users u\nLEFT JOIN \n    UserVoteSummary us ON u.Id = us.UserId\nLEFT JOIN \n    PostStats ps ON u.Id = ps.OwnerUserId\nLEFT JOIN \n    BadgeSummary bs ON u.Id = bs.UserId\nWHERE \n    u.Reputation > 1000\nORDER BY \n    u.Reputation DESC, us.UpVotesCount DESC\nLIMIT 100;\n",
    "blocked_thread_time": 0.0,
    "cpu_time": 1.3411632020000006,
    "extra_info": {},
    "cumulative_cardinality": 19724731,
    "cumulative_rows_scanned": 21437353,
    "result_set_size": 17600,
    "latency": 1.467763615,
    "children": [
        {
            "operator_name": "STREAMING_LIMIT",
            "cpu_time": 1.3411632020000006,
            "extra_info": {},
            "cumulative_cardinality": 19724731,
            "operator_type": "STREAMING_LIMIT",
            "operator_cardinality": 100,
            "cumulative_rows_scanned": 21437353,
            "operator_rows_scanned": 0,
            "operator_timing": 0.0000025549999999999997,
            "result_set_size": 17600,
            "children": [
                {
                    "operator_name": "ORDER_BY",
                    "cpu_time": 1.3411606470000006,
                    "extra_info": {
                        "Order By": [
                            "u.Reputation DESC",
                            "us.UpVotesCount DESC"
                        ]
                    },
                    "cumulative_cardinality": 19724631,
                    "operator_type": "ORDER_BY",
                    "operator_cardinality": 4096,
                    "cumulative_rows_scanned": 21437353,
                    "operator_rows_scanned": 0,
                    "operator_timing": 0.002074414,
                    "result_set_size": 720896,
                    "children": [
                        {
                            "operator_name": "PROJECTION",
                            "cpu_time": 1.3390862330000006,
                            "extra_info": {
                                "Projections": [
                                    "UserId",
                                    "displayname",
                                    "reputation",
                                    "UpVotesCount",
                                    "DownVotesCount",
                                    "TotalVotesCount",
                                    "PostsCount",
                                    "TotalScore",
                                    "TotalViews",
                                    "AvgScore",
                                    "AvgViews",
                                    "BadgesCount",
                                    "GoldBadges",
                                    "SilverBadges",
                                    "BronzeBadges"
                                ],
                                "Estimated Cardinality": "1925058"
                            },
                            "cumulative_cardinality": 19720535,
                            "operator_type": "PROJECTION",
                            "operator_cardinality": 11215,
                            "cumulative_rows_scanned": 21437353,
                            "operator_rows_scanned": 0,
                            "operator_timing": 0.00004781600000000001,
                            "result_set_size": 1973840,
                            "children": [
                                {
                                    "operator_name": "HASH_JOIN",
                                    "cpu_time": 1.3390384170000007,
                                    "extra_info": {
                                        "Join Type": "LEFT",
                                        "Conditions": "id = userid",
                                        "Estimated Cardinality": "1925058"
                                    },
                                    "cumulative_cardinality": 19709320,
                                    "operator_type": "HASH_JOIN",
                                    "operator_cardinality": 11215,
                                    "cumulative_rows_scanned": 21437353,
                                    "operator_rows_scanned": 0,
                                    "operator_timing": 0.031685947000000006,
                                    "result_set_size": 2108420,
                                    "children": [
                                        {
                                            "operator_name": "HASH_JOIN",
                                            "cpu_time": 1.1069957540000008,
                                            "extra_info": {
                                                "Join Type": "RIGHT",
                                                "Conditions": "owneruserid = id",
                                                "Estimated Cardinality": "1925058"
                                            },
                                            "cumulative_cardinality": 14505636,
                                            "operator_type": "HASH_JOIN",
                                            "operator_cardinality": 11215,
                                            "cumulative_rows_scanned": 19115629,
                                            "operator_rows_scanned": 0,
                                            "operator_timing": 0.006865877999999998,
                                            "result_set_size": 1435520,
                                            "children": [
                                                {
                                                    "operator_name": "HASH_GROUP_BY",
                                                    "cpu_time": 0.30409633000000014,
                                                    "extra_info": {
                                                        "Groups": "#0",
                                                        "Aggregates": [
                                                            "count_star()",
                                                            "sum(#1)",
                                                            "sum(#2)",
                                                            "avg(#3)",
                                                            "avg(#4)"
                                                        ],
                                                        "Estimated Cardinality": "1925058"
                                                    },
                                                    "cumulative_cardinality": 8071864,
                                                    "operator_type": "HASH_GROUP_BY",
                                                    "operator_cardinality": 371632,
                                                    "cumulative_rows_scanned": 3850116,
                                                    "operator_rows_scanned": 0,
                                                    "operator_timing": 0.1813964540000003,
                                                    "result_set_size": 22297920,
                                                    "children": [
                                                        {
                                                            "operator_name": "PROJECTION",
                                                            "cpu_time": 0.12269987599999985,
                                                            "extra_info": {
                                                                "Projections": [
                                                                    "owneruserid",
                                                                    "score",
                                                                    "COALESCE(viewcount, 0)",
                                                                    "score",
                                                                    "viewcount"
                                                                ],
                                                                "Estimated Cardinality": "3850116"
                                                            },
                                                            "cumulative_cardinality": 7700232,
                                                            "operator_type": "PROJECTION",
                                                            "operator_cardinality": 3850116,
                                                            "cumulative_rows_scanned": 3850116,
                                                            "operator_rows_scanned": 0,
                                                            "operator_timing": 0.03518191899999996,
                                                            "result_set_size": 77002320,
                                                            "children": [
                                                                {
                                                                    "operator_name": "READ_PARQUET ",
                                                                    "cpu_time": 0.08751795699999988,
                                                                    "extra_info": {
                                                                        "Function": "READ_PARQUET",
                                                                        "Projections": [
                                                                            "id",
                                                                            "score",
                                                                            "viewcount",
                                                                            "owneruserid"
                                                                        ],
                                                                        "Estimated Cardinality": "3850116"
                                                                    },
                                                                    "cumulative_cardinality": 3850116,
                                                                    "operator_type": "TABLE_SCAN",
                                                                    "operator_cardinality": 3850116,
                                                                    "cumulative_rows_scanned": 3850116,
                                                                    "operator_rows_scanned": 3850116,
                                                                    "operator_timing": 0.08751795699999988,
                                                                    "result_set_size": 61601856,
                                                                    "children": []
                                                                }
                                                            ]
                                                        }
                                                    ]
                                                },
                                                {
                                                    "operator_name": "HASH_JOIN",
                                                    "cpu_time": 0.7960335460000006,
                                                    "extra_info": {
                                                        "Join Type": "RIGHT",
                                                        "Conditions": "UserId = id",
                                                        "Estimated Cardinality": "1260710"
                                                    },
                                                    "cumulative_cardinality": 6422557,
                                                    "operator_type": "HASH_JOIN",
                                                    "operator_cardinality": 11215,
                                                    "cumulative_rows_scanned": 15265513,
                                                    "operator_rows_scanned": 0,
                                                    "operator_timing": 0.017528956000000064,
                                                    "result_set_size": 762620,
                                                    "children": [
                                                        {
                                                            "operator_name": "PROJECTION",
                                                            "cpu_time": 0.7239222090000006,
                                                            "extra_info": {
                                                                "Projections": [
                                                                    "UserId",
                                                                    "UpVotesCount",
                                                                    "DownVotesCount",
                                                                    "TotalVotesCount"
                                                                ],
                                                                "Estimated Cardinality": "1260710"
                                                            },
                                                            "cumulative_cardinality": 6400127,
                                                            "operator_type": "PROJECTION",
                                                            "operator_cardinality": 1260710,
                                                            "cumulative_rows_scanned": 14004803,
                                                            "operator_rows_scanned": 0,
                                                            "operator_timing": 0.00012426099999999991,
                                                            "result_set_size": 55471240,
                                                            "children": [
                                                                {
                                                                    "operator_name": "HASH_GROUP_BY",
                                                                    "cpu_time": 0.7237979480000006,
                                                                    "extra_info": {
                                                                        "Groups": [
                                                                            "#0",
                                                                            "#1"
                                                                        ],
                                                                        "Aggregates": [
                                                                            "sum(#2)",
                                                                            "sum(#3)",
                                                                            "count(#4)"
                                                                        ],
                                                                        "Estimated Cardinality": "1260710"
                                                                    },
                                                                    "cumulative_cardinality": 5139417,
                                                                    "operator_type": "HASH_GROUP_BY",
                                                                    "operator_cardinality": 1260710,
                                                                    "cumulative_rows_scanned": 14004803,
                                                                    "operator_rows_scanned": 0,
                                                                    "operator_timing": 0.30374845000000017,
                                                                    "result_set_size": 75642600,
                                                                    "children": [
                                                                        {
                                                                            "operator_name": "PROJECTION",
                                                                            "cpu_time": 0.42004949800000047,
                                                                            "extra_info": {
                                                                                "Projections": [
                                                                                    "id",
                                                                                    "displayname",
                                                                                    "CASE  WHEN ((votetypeid = 2)) THEN (1) ELSE 0 END",
                                                                                    "CASE  WHEN ((votetypeid = 3)) THEN (1) ELSE 0 END",
                                                                                    "id"
                                                                                ],
                                                                                "Estimated Cardinality": "12744093"
                                                                            },
                                                                            "cumulative_cardinality": 3878707,
                                                                            "operator_type": "PROJECTION",
                                                                            "operator_cardinality": 1288855,
                                                                            "cumulative_rows_scanned": 14004803,
                                                                            "operator_rows_scanned": 0,
                                                                            "operator_timing": 0.002415719,
                                                                            "result_set_size": 41243360,
                                                                            "children": [
                                                                                {
                                                                                    "operator_name": "HASH_JOIN",
                                                                                    "cpu_time": 0.4176337790000005,
                                                                                    "extra_info": {
                                                                                        "Join Type": "RIGHT",
                                                                                        "Conditions": "userid = id",
                                                                                        "Estimated Cardinality": "12744093"
                                                                                    },
                                                                                    "cumulative_cardinality": 2589852,
                                                                                    "operator_type": "HASH_JOIN",
                                                                                    "operator_cardinality": 1288855,
                                                                                    "cumulative_rows_scanned": 14004803,
                                                                                    "operator_rows_scanned": 0,
                                                                                    "operator_timing": 0.13781274900000026,
                                                                                    "result_set_size": 33510230,
                                                                                    "children": [
                                                                                        {
                                                                                            "operator_name": "READ_PARQUET ",
                                                                                            "cpu_time": 0.20103138600000017,
                                                                                            "extra_info": {
                                                                                                "Function": "READ_PARQUET",
                                                                                                "Projections": [
                                                                                                    "id",
                                                                                                    "votetypeid",
                                                                                                    "userid"
                                                                                                ],
                                                                                                "Estimated Cardinality": "12744093"
                                                                                            },
                                                                                            "cumulative_cardinality": 40287,
                                                                                            "operator_type": "TABLE_SCAN",
                                                                                            "operator_cardinality": 40287,
                                                                                            "cumulative_rows_scanned": 12744093,
                                                                                            "operator_rows_scanned": 12744093,
                                                                                            "operator_timing": 0.20103138600000017,
                                                                                            "result_set_size": 402870,
                                                                                            "children": []
                                                                                        },
                                                                                        {
                                                                                            "operator_name": "READ_PARQUET ",
                                                                                            "cpu_time": 0.07878964400000006,
                                                                                            "extra_info": {
                                                                                                "Function": "READ_PARQUET",
                                                                                                "Projections": [
                                                                                                    "id",
                                                                                                    "displayname"
                                                                                                ],
                                                                                                "Estimated Cardinality": "1260710"
                                                                                            },
                                                                                            "cumulative_cardinality": 1260710,
                                                                                            "operator_type": "TABLE_SCAN",
                                                                                            "operator_cardinality": 1260710,
                                                                                            "cumulative_rows_scanned": 1260710,
                                                                                            "operator_rows_scanned": 1260710,
                                                                                            "operator_timing": 0.07878964400000006,
                                                                                            "result_set_size": 25214200,
                                                                                            "children": []
                                                                                        }
                                                                                    ]
                                                                                }
                                                                            ]
                                                                        }
                                                                    ]
                                                                }
                                                            ]
                                                        },
                                                        {
                                                            "operator_name": "READ_PARQUET ",
                                                            "cpu_time": 0.054582381000000055,
                                                            "extra_info": {
                                                                "Function": "READ_PARQUET",
                                                                "Projections": [
                                                                    "id",
                                                                    "reputation",
                                                                    "displayname"
                                                                ],
                                                                "Filters": "reputation>1000",
                                                                "Estimated Cardinality": "252142"
                                                            },
                                                            "cumulative_cardinality": 11215,
                                                            "operator_type": "TABLE_SCAN",
                                                            "operator_cardinality": 11215,
                                                            "cumulative_rows_scanned": 1260710,
                                                            "operator_rows_scanned": 1260710,
                                                            "operator_timing": 0.054582381000000055,
                                                            "result_set_size": 269160,
                                                            "children": []
                                                        }
                                                    ]
                                                }
                                            ]
                                        },
                                        {
                                            "operator_name": "HASH_GROUP_BY",
                                            "cpu_time": 0.20035671600000005,
                                            "extra_info": {
                                                "Groups": "#0",
                                                "Aggregates": [
                                                    "count_star()",
                                                    "sum(#1)",
                                                    "sum(#2)",
                                                    "sum(#3)"
                                                ],
                                                "Estimated Cardinality": "1160862"
                                            },
                                            "cumulative_cardinality": 5192469,
                                            "operator_type": "HASH_GROUP_BY",
                                            "operator_cardinality": 549021,
                                            "cumulative_rows_scanned": 2321724,
                                            "operator_rows_scanned": 0,
                                            "operator_timing": 0.15536072700000003,
                                            "result_set_size": 32941260,
                                            "children": [
                                                {
                                                    "operator_name": "PROJECTION",
                                                    "cpu_time": 0.04499598900000003,
                                                    "extra_info": {
                                                        "Projections": [
                                                            "userid",
                                                            "CASE  WHEN ((class = 1)) THEN (1) ELSE 0 END",
                                                            "CASE  WHEN ((class = 2)) THEN (1) ELSE 0 END",
                                                            "CASE  WHEN ((class = 3)) THEN (1) ELSE 0 END"
                                                        ],
                                                        "Estimated Cardinality": "2321724"
                                                    },
                                                    "cumulative_cardinality": 4643448,
                                                    "operator_type": "PROJECTION",
                                                    "operator_cardinality": 2321724,
                                                    "cumulative_rows_scanned": 2321724,
                                                    "operator_rows_scanned": 0,
                                                    "operator_timing": 0.013617654999999982,
                                                    "result_set_size": 37147584,
                                                    "children": [
                                                        {
                                                            "operator_name": "READ_PARQUET ",
                                                            "cpu_time": 0.03137833400000004,
                                                            "extra_info": {
                                                                "Function": "READ_PARQUET",
                                                                "Projections": [
                                                                    "id",
                                                                    "userid",
                                                                    "class"
                                                                ],
                                                                "Estimated Cardinality": "2321724"
                                                            },
                                                            "cumulative_cardinality": 2321724,
                                                            "operator_type": "TABLE_SCAN",
                                                            "operator_cardinality": 2321724,
                                                            "cumulative_rows_scanned": 2321724,
                                                            "operator_rows_scanned": 2321724,
                                                            "operator_timing": 0.03137833400000004,
                                                            "result_set_size": 23217240,
                                                            "children": []
                                                        }
                                                    ]
                                                }
                                            ]
                                        }
                                    ]
                                }
                            ]
                        }
                    ]
                }
            ]
        }
    ]
}