{
    "rows_returned": 10,
    "query_name": "WITH UserBadgeStats AS (\n    SELECT \n        u.Id AS UserId,\n        COUNT(b.Id) AS TotalBadges,\n        SUM(CASE WHEN b.Class = 1 THEN 1 ELSE 0 END) AS GoldBadges,\n        SUM(CASE WHEN b.Class = 2 THEN 1 ELSE 0 END) AS SilverBadges,\n        SUM(CASE WHEN b.Class = 3 THEN 1 ELSE 0 END) AS BronzeBadges\n    FROM \n        Users u\n    LEFT JOIN \n        Badges b ON u.Id = b.UserId\n    GROUP BY \n        u.Id\n),\nPostActivity AS (\n    SELECT \n        p.OwnerUserId AS UserId,\n        COUNT(p.Id) AS TotalPosts,\n        SUM(CASE WHEN p.PostTypeId = 1 THEN 1 ELSE 0 END) AS Questions,\n        SUM(CASE WHEN p.PostTypeId = 2 THEN 1 ELSE 0 END) AS Answers,\n        SUM(p.ViewCount) AS TotalViews,\n        SUM(p.Score) AS TotalScore\n    FROM \n        Posts p\n    WHERE \n        p.CreationDate >= cast('2024-10-01 12:34:56' as timestamp) - INTERVAL '1 year'\n    GROUP BY \n        p.OwnerUserId\n),\nUserPerformanceStats AS (\n    SELECT \n        u.Id AS UserId,\n        u.DisplayName,\n        u.Reputation,\n        COALESCE(ubs.TotalBadges, 0) AS TotalBadges,\n        COALESCE(pas.TotalPosts, 0) AS TotalPosts,\n        COALESCE(pas.Questions, 0) AS Questions,\n        COALESCE(pas.Answers, 0) AS Answers,\n        COALESCE(pas.TotalViews, 0) AS TotalViews,\n        COALESCE(pas.TotalScore, 0) AS TotalScore\n    FROM \n        Users u\n    LEFT JOIN \n        UserBadgeStats ubs ON u.Id = ubs.UserId\n    LEFT JOIN \n        PostActivity pas ON u.Id = pas.UserId\n)\nSELECT \n    ups.UserId,\n    ups.DisplayName,\n    ups.Reputation,\n    ups.TotalBadges,\n    ups.TotalPosts,\n    ups.Questions,\n    ups.Answers,\n    ups.TotalViews,\n    ups.TotalScore\nFROM \n    UserPerformanceStats ups\nORDER BY \n    ups.Reputation DESC, \n    ups.TotalScore DESC\nLIMIT 10;",
    "blocked_thread_time": 0.0,
    "cpu_time": 0.7982303290000002,
    "extra_info": {},
    "cumulative_cardinality": 16280453,
    "cumulative_rows_scanned": 8693260,
    "result_set_size": 1040,
    "latency": 1.016334788,
    "children": [
        {
            "operator_name": "STREAMING_LIMIT",
            "cpu_time": 0.7982303290000002,
            "extra_info": {},
            "cumulative_cardinality": 16280453,
            "operator_type": "STREAMING_LIMIT",
            "operator_cardinality": 10,
            "cumulative_rows_scanned": 8693260,
            "operator_rows_scanned": 0,
            "operator_timing": 0.000002905,
            "result_set_size": 1040,
            "children": [
                {
                    "operator_name": "ORDER_BY",
                    "cpu_time": 0.7982274240000002,
                    "extra_info": {
                        "Order By": [
                            "ups.Reputation DESC",
                            "ups.TotalScore DESC"
                        ]
                    },
                    "cumulative_cardinality": 16280443,
                    "operator_type": "ORDER_BY",
                    "operator_cardinality": 4096,
                    "cumulative_rows_scanned": 8693260,
                    "operator_rows_scanned": 0,
                    "operator_timing": 0.085572494,
                    "result_set_size": 425984,
                    "children": [
                        {
                            "operator_name": "PROJECTION",
                            "cpu_time": 0.7126549300000002,
                            "extra_info": {
                                "Projections": [
                                    "UserId",
                                    "displayname",
                                    "reputation",
                                    "TotalBadges",
                                    "TotalPosts",
                                    "Questions",
                                    "Answers",
                                    "TotalViews",
                                    "TotalScore"
                                ],
                                "Estimated Cardinality": "1260710"
                            },
                            "cumulative_cardinality": 16276347,
                            "operator_type": "PROJECTION",
                            "operator_cardinality": 1260710,
                            "cumulative_rows_scanned": 8693260,
                            "operator_rows_scanned": 0,
                            "operator_timing": 0.03701852299999998,
                            "result_set_size": 131113840,
                            "children": [
                                {
                                    "operator_name": "HASH_JOIN",
                                    "cpu_time": 0.6756364070000003,
                                    "extra_info": {
                                        "Join Type": "LEFT",
                                        "Conditions": "id = UserId",
                                        "Estimated Cardinality": "1260710"
                                    },
                                    "cumulative_cardinality": 15015637,
                                    "operator_type": "HASH_JOIN",
                                    "operator_cardinality": 1260710,
                                    "cumulative_rows_scanned": 8693260,
                                    "operator_rows_scanned": 0,
                                    "operator_timing": 0.03447743400000005,
                                    "result_set_size": 131113840,
                                    "children": [
                                        {
                                            "operator_name": "HASH_JOIN",
                                            "cpu_time": 0.6018614380000002,
                                            "extra_info": {
                                                "Join Type": "LEFT",
                                                "Conditions": "id = UserId",
                                                "Estimated Cardinality": "1260710"
                                            },
                                            "cumulative_cardinality": 13431390,
                                            "operator_type": "HASH_JOIN",
                                            "operator_cardinality": 1260710,
                                            "cumulative_rows_scanned": 4843144,
                                            "operator_rows_scanned": 0,
                                            "operator_timing": 0.12034129700000007,
                                            "result_set_size": 40342720,
                                            "children": [
                                                {
                                                    "operator_name": "READ_PARQUET ",
                                                    "cpu_time": 0.09126098700000007,
                                                    "extra_info": {
                                                        "Function": "READ_PARQUET",
                                                        "Projections": [
                                                            "id",
                                                            "reputation",
                                                            "displayname"
                                                        ],
                                                        "Estimated Cardinality": "1260710"
                                                    },
                                                    "cumulative_cardinality": 1260710,
                                                    "operator_type": "TABLE_SCAN",
                                                    "operator_cardinality": 1260710,
                                                    "cumulative_rows_scanned": 1260710,
                                                    "operator_rows_scanned": 1260710,
                                                    "operator_timing": 0.09126098700000007,
                                                    "result_set_size": 30257040,
                                                    "children": []
                                                },
                                                {
                                                    "operator_name": "HASH_GROUP_BY",
                                                    "cpu_time": 0.39025915400000005,
                                                    "extra_info": {
                                                        "Groups": "#0",
                                                        "Aggregates": "count(#1)",
                                                        "Estimated Cardinality": "1260710"
                                                    },
                                                    "cumulative_cardinality": 10909970,
                                                    "operator_type": "HASH_GROUP_BY",
                                                    "operator_cardinality": 1260710,
                                                    "cumulative_rows_scanned": 3582434,
                                                    "operator_rows_scanned": 0,
                                                    "operator_timing": 0.16653103499999997,
                                                    "result_set_size": 15128520,
                                                    "children": [
                                                        {
                                                            "operator_name": "PROJECTION",
                                                            "cpu_time": 0.2237281190000001,
                                                            "extra_info": {
                                                                "Projections": [
                                                                    "id",
                                                                    "id"
                                                                ],
                                                                "Estimated Cardinality": "2321724"
                                                            },
                                                            "cumulative_cardinality": 9649260,
                                                            "operator_type": "PROJECTION",
                                                            "operator_cardinality": 3033413,
                                                            "cumulative_rows_scanned": 3582434,
                                                            "operator_rows_scanned": 0,
                                                            "operator_timing": 0.00036913999999999805,
                                                            "result_set_size": 24267304,
                                                            "children": [
                                                                {
                                                                    "operator_name": "HASH_JOIN",
                                                                    "cpu_time": 0.2233589790000001,
                                                                    "extra_info": {
                                                                        "Join Type": "RIGHT",
                                                                        "Conditions": "userid = id",
                                                                        "Estimated Cardinality": "2321724"
                                                                    },
                                                                    "cumulative_cardinality": 6615847,
                                                                    "operator_type": "HASH_JOIN",
                                                                    "operator_cardinality": 3033413,
                                                                    "cumulative_rows_scanned": 3582434,
                                                                    "operator_rows_scanned": 0,
                                                                    "operator_timing": 0.17671443100000006,
                                                                    "result_set_size": 24267304,
                                                                    "children": [
                                                                        {
                                                                            "operator_name": "READ_PARQUET ",
                                                                            "cpu_time": 0.039852558000000024,
                                                                            "extra_info": {
                                                                                "Function": "READ_PARQUET",
                                                                                "Projections": [
                                                                                    "id",
                                                                                    "userid"
                                                                                ],
                                                                                "Estimated Cardinality": "2321724"
                                                                            },
                                                                            "cumulative_cardinality": 2321724,
                                                                            "operator_type": "TABLE_SCAN",
                                                                            "operator_cardinality": 2321724,
                                                                            "cumulative_rows_scanned": 2321724,
                                                                            "operator_rows_scanned": 2321724,
                                                                            "operator_timing": 0.039852558000000024,
                                                                            "result_set_size": 18573792,
                                                                            "children": []
                                                                        },
                                                                        {
                                                                            "operator_name": "READ_PARQUET ",
                                                                            "cpu_time": 0.006791990000000003,
                                                                            "extra_info": {
                                                                                "Function": "READ_PARQUET",
                                                                                "Projections": "id",
                                                                                "Estimated Cardinality": "1260710"
                                                                            },
                                                                            "cumulative_cardinality": 1260710,
                                                                            "operator_type": "TABLE_SCAN",
                                                                            "operator_cardinality": 1260710,
                                                                            "cumulative_rows_scanned": 1260710,
                                                                            "operator_rows_scanned": 1260710,
                                                                            "operator_timing": 0.006791990000000003,
                                                                            "result_set_size": 5042840,
                                                                            "children": []
                                                                        }
                                                                    ]
                                                                }
                                                            ]
                                                        }
                                                    ]
                                                }
                                            ]
                                        },
                                        {
                                            "operator_name": "HASH_GROUP_BY",
                                            "cpu_time": 0.03929753500000001,
                                            "extra_info": {
                                                "Groups": "#0",
                                                "Aggregates": [
                                                    "count_star()",
                                                    "sum(#1)",
                                                    "sum(#2)",
                                                    "sum(#3)",
                                                    "sum(#4)"
                                                ],
                                                "Estimated Cardinality": "385011"
                                            },
                                            "cumulative_cardinality": 323537,
                                            "operator_type": "HASH_GROUP_BY",
                                            "operator_cardinality": 32453,
                                            "cumulative_rows_scanned": 3850116,
                                            "operator_rows_scanned": 0,
                                            "operator_timing": 0.007009345000000002,
                                            "result_set_size": 2466428,
                                            "children": [
                                                {
                                                    "operator_name": "PROJECTION",
                                                    "cpu_time": 0.03228819000000001,
                                                    "extra_info": {
                                                        "Projections": [
                                                            "owneruserid",
                                                            "CASE  WHEN ((posttypeid = 1)) THEN (1) ELSE 0 END",
                                                            "CASE  WHEN ((posttypeid = 2)) THEN (1) ELSE 0 END",
                                                            "viewcount",
                                                            "score"
                                                        ],
                                                        "Estimated Cardinality": "770023"
                                                    },
                                                    "cumulative_cardinality": 291084,
                                                    "operator_type": "PROJECTION",
                                                    "operator_cardinality": 145542,
                                                    "cumulative_rows_scanned": 3850116,
                                                    "operator_rows_scanned": 0,
                                                    "operator_timing": 0.0018598929999999996,
                                                    "result_set_size": 2910840,
                                                    "children": [
                                                        {
                                                            "operator_name": "READ_PARQUET ",
                                                            "cpu_time": 0.030428297000000007,
                                                            "extra_info": {
                                                                "Function": "READ_PARQUET",
                                                                "Projections": [
                                                                    "id",
                                                                    "posttypeid",
                                                                    "score",
                                                                    "viewcount",
                                                                    "owneruserid"
                                                                ],
                                                                "Filters": "creationdate>='2023-10-01 12:34:56'::TIMESTAMP",
                                                                "Estimated Cardinality": "770023"
                                                            },
                                                            "cumulative_cardinality": 145542,
                                                            "operator_type": "TABLE_SCAN",
                                                            "operator_cardinality": 145542,
                                                            "cumulative_rows_scanned": 3850116,
                                                            "operator_rows_scanned": 3850116,
                                                            "operator_timing": 0.030428297000000007,
                                                            "result_set_size": 2619756,
                                                            "children": []
                                                        }
                                                    ]
                                                }
                                            ]
                                        }
                                    ]
                                }
                            ]
                        }
                    ]
                }
            ]
        }
    ]
}