{
    "rows_returned": 50,
    "query_name": "WITH UserVotes AS (\n    SELECT \n        v.UserId, \n        COUNT(v.Id) AS TotalVotes,\n        SUM(CASE WHEN v.VoteTypeId = 2 THEN 1 ELSE 0 END) AS UpVotes,\n        SUM(CASE WHEN v.VoteTypeId = 3 THEN 1 ELSE 0 END) AS DownVotes\n    FROM \n        Votes v\n    GROUP BY \n        v.UserId\n), \nUserBadges AS (\n    SELECT \n        b.UserId, \n        COUNT(b.Id) AS TotalBadges,\n        SUM(CASE WHEN b.Class = 1 THEN 1 ELSE 0 END) AS GoldBadges,\n        SUM(CASE WHEN b.Class = 2 THEN 1 ELSE 0 END) AS SilverBadges,\n        SUM(CASE WHEN b.Class = 3 THEN 1 ELSE 0 END) AS BronzeBadges\n    FROM \n        Badges b\n    GROUP BY \n        b.UserId\n), \nPostStatistics AS (\n    SELECT \n        p.OwnerUserId,\n        COUNT(p.Id) AS TotalPosts,\n        SUM(CASE WHEN p.PostTypeId = 1 THEN 1 ELSE 0 END) AS Questions,\n        SUM(CASE WHEN p.PostTypeId = 2 THEN 1 ELSE 0 END) AS Answers,\n        SUM(p.ViewCount) AS TotalViews,\n        SUM(p.Score) AS TotalScore\n    FROM \n        Posts p\n    GROUP BY \n        p.OwnerUserId\n)\n\nSELECT \n    u.Id AS UserId,\n    u.DisplayName,\n    u.Reputation,\n    COALESCE(uv.TotalVotes, 0) AS TotalVotes,\n    COALESCE(uv.UpVotes, 0) AS UpVotes,\n    COALESCE(uv.DownVotes, 0) AS DownVotes,\n    COALESCE(ub.TotalBadges, 0) AS TotalBadges,\n    COALESCE(ub.GoldBadges, 0) AS GoldBadges,\n    COALESCE(ub.SilverBadges, 0) AS SilverBadges,\n    COALESCE(ub.BronzeBadges, 0) AS BronzeBadges,\n    COALESCE(ps.TotalPosts, 0) AS TotalPosts,\n    COALESCE(ps.Questions, 0) AS Questions,\n    COALESCE(ps.Answers, 0) AS Answers,\n    COALESCE(ps.TotalViews, 0) AS TotalViews,\n    COALESCE(ps.TotalScore, 0) AS TotalScore\nFROM \n    Users u\nLEFT JOIN \n    UserVotes uv ON u.Id = uv.UserId\nLEFT JOIN \n    UserBadges ub ON u.Id = ub.UserId\nLEFT JOIN \n    PostStatistics ps ON u.Id = ps.OwnerUserId\nWHERE \n    u.Reputation > 1000\nORDER BY \n    u.Reputation DESC\nLIMIT 50;\n",
    "blocked_thread_time": 0.0,
    "cpu_time": 1.0039633940000012,
    "extra_info": {},
    "cumulative_cardinality": 38824883,
    "cumulative_rows_scanned": 20176643,
    "result_set_size": 9600,
    "latency": 1.174092198,
    "children": [
        {
            "operator_name": "STREAMING_LIMIT",
            "cpu_time": 1.0039633940000012,
            "extra_info": {},
            "cumulative_cardinality": 38824883,
            "operator_type": "STREAMING_LIMIT",
            "operator_cardinality": 50,
            "cumulative_rows_scanned": 20176643,
            "operator_rows_scanned": 0,
            "operator_timing": 0.000001773,
            "result_set_size": 9600,
            "children": [
                {
                    "operator_name": "ORDER_BY",
                    "cpu_time": 1.0039616210000013,
                    "extra_info": {
                        "Order By": "u.Reputation DESC"
                    },
                    "cumulative_cardinality": 38824833,
                    "operator_type": "ORDER_BY",
                    "operator_cardinality": 4096,
                    "cumulative_rows_scanned": 20176643,
                    "operator_rows_scanned": 0,
                    "operator_timing": 0.00172269,
                    "result_set_size": 786432,
                    "children": [
                        {
                            "operator_name": "PROJECTION",
                            "cpu_time": 1.0022389310000013,
                            "extra_info": {
                                "Projections": [
                                    "UserId",
                                    "displayname",
                                    "reputation",
                                    "TotalVotes",
                                    "UpVotes",
                                    "DownVotes",
                                    "TotalBadges",
                                    "GoldBadges",
                                    "SilverBadges",
                                    "BronzeBadges",
                                    "TotalPosts",
                                    "Questions",
                                    "Answers",
                                    "TotalViews",
                                    "TotalScore"
                                ],
                                "Estimated Cardinality": "6372046"
                            },
                            "cumulative_cardinality": 38820737,
                            "operator_type": "PROJECTION",
                            "operator_cardinality": 11215,
                            "cumulative_rows_scanned": 20176643,
                            "operator_rows_scanned": 0,
                            "operator_timing": 0.000977868,
                            "result_set_size": 2153280,
                            "children": [
                                {
                                    "operator_name": "HASH_JOIN",
                                    "cpu_time": 1.0012610630000012,
                                    "extra_info": {
                                        "Join Type": "LEFT",
                                        "Conditions": "id = owneruserid",
                                        "Estimated Cardinality": "6372046"
                                    },
                                    "cumulative_cardinality": 38809522,
                                    "operator_type": "HASH_JOIN",
                                    "operator_cardinality": 11215,
                                    "cumulative_rows_scanned": 20176643,
                                    "operator_rows_scanned": 0,
                                    "operator_timing": 0.024146223,
                                    "result_set_size": 2287860,
                                    "children": [
                                        {
                                            "operator_name": "HASH_JOIN",
                                            "cpu_time": 0.6498469550000008,
                                            "extra_info": {
                                                "Join Type": "LEFT",
                                                "Conditions": "id = userid",
                                                "Estimated Cardinality": "6372046"
                                            },
                                            "cumulative_cardinality": 30726443,
                                            "operator_type": "HASH_JOIN",
                                            "operator_cardinality": 11215,
                                            "cumulative_rows_scanned": 16326527,
                                            "operator_rows_scanned": 0,
                                            "operator_timing": 0.033080383,
                                            "result_set_size": 1435520,
                                            "children": [
                                                {
                                                    "operator_name": "HASH_JOIN",
                                                    "cpu_time": 0.4107631540000005,
                                                    "extra_info": {
                                                        "Join Type": "RIGHT",
                                                        "Conditions": "userid = id",
                                                        "Estimated Cardinality": "6372046"
                                                    },
                                                    "cumulative_cardinality": 25522759,
                                                    "operator_type": "HASH_JOIN",
                                                    "operator_cardinality": 11215,
                                                    "cumulative_rows_scanned": 14004803,
                                                    "operator_rows_scanned": 0,
                                                    "operator_timing": 0.00402015,
                                                    "result_set_size": 762620,
                                                    "children": [
                                                        {
                                                            "operator_name": "HASH_GROUP_BY",
                                                            "cpu_time": 0.35349106400000047,
                                                            "extra_info": {
                                                                "Groups": "#0",
                                                                "Aggregates": [
                                                                    "count_star()",
                                                                    "sum(#1)",
                                                                    "sum(#2)"
                                                                ],
                                                                "Estimated Cardinality": "6372046"
                                                            },
                                                            "cumulative_cardinality": 25500329,
                                                            "operator_type": "HASH_GROUP_BY",
                                                            "operator_cardinality": 12143,
                                                            "cumulative_rows_scanned": 12744093,
                                                            "operator_rows_scanned": 0,
                                                            "operator_timing": 0.11661840200000033,
                                                            "result_set_size": 534292,
                                                            "children": [
                                                                {
                                                                    "operator_name": "PROJECTION",
                                                                    "cpu_time": 0.23687266200000015,
                                                                    "extra_info": {
                                                                        "Projections": [
                                                                            "userid",
                                                                            "CASE  WHEN ((votetypeid = 2)) THEN (1) ELSE 0 END",
                                                                            "CASE  WHEN ((votetypeid = 3)) THEN (1) ELSE 0 END"
                                                                        ],
                                                                        "Estimated Cardinality": "12744093"
                                                                    },
                                                                    "cumulative_cardinality": 25488186,
                                                                    "operator_type": "PROJECTION",
                                                                    "operator_cardinality": 12744093,
                                                                    "cumulative_rows_scanned": 12744093,
                                                                    "operator_rows_scanned": 0,
                                                                    "operator_timing": 0.10152684100000006,
                                                                    "result_set_size": 152929116,
                                                                    "children": [
                                                                        {
                                                                            "operator_name": "READ_PARQUET ",
                                                                            "cpu_time": 0.1353458210000001,
                                                                            "extra_info": {
                                                                                "Function": "READ_PARQUET",
                                                                                "Projections": [
                                                                                    "id",
                                                                                    "votetypeid",
                                                                                    "userid"
                                                                                ],
                                                                                "Estimated Cardinality": "12744093"
                                                                            },
                                                                            "cumulative_cardinality": 12744093,
                                                                            "operator_type": "TABLE_SCAN",
                                                                            "operator_cardinality": 12744093,
                                                                            "cumulative_rows_scanned": 12744093,
                                                                            "operator_rows_scanned": 12744093,
                                                                            "operator_timing": 0.1353458210000001,
                                                                            "result_set_size": 127440930,
                                                                            "children": []
                                                                        }
                                                                    ]
                                                                }
                                                            ]
                                                        },
                                                        {
                                                            "operator_name": "READ_PARQUET ",
                                                            "cpu_time": 0.053251940000000025,
                                                            "extra_info": {
                                                                "Function": "READ_PARQUET",
                                                                "Projections": [
                                                                    "id",
                                                                    "reputation",
                                                                    "displayname"
                                                                ],
                                                                "Filters": "reputation>1000",
                                                                "Estimated Cardinality": "252142"
                                                            },
                                                            "cumulative_cardinality": 11215,
                                                            "operator_type": "TABLE_SCAN",
                                                            "operator_cardinality": 11215,
                                                            "cumulative_rows_scanned": 1260710,
                                                            "operator_rows_scanned": 1260710,
                                                            "operator_timing": 0.053251940000000025,
                                                            "result_set_size": 269160,
                                                            "children": []
                                                        }
                                                    ]
                                                },
                                                {
                                                    "operator_name": "HASH_GROUP_BY",
                                                    "cpu_time": 0.20600341800000022,
                                                    "extra_info": {
                                                        "Groups": "#0",
                                                        "Aggregates": [
                                                            "count_star()",
                                                            "sum(#1)",
                                                            "sum(#2)",
                                                            "sum(#3)"
                                                        ],
                                                        "Estimated Cardinality": "1160862"
                                                    },
                                                    "cumulative_cardinality": 5192469,
                                                    "operator_type": "HASH_GROUP_BY",
                                                    "operator_cardinality": 549021,
                                                    "cumulative_rows_scanned": 2321724,
                                                    "operator_rows_scanned": 0,
                                                    "operator_timing": 0.16150275300000022,
                                                    "result_set_size": 32941260,
                                                    "children": [
                                                        {
                                                            "operator_name": "PROJECTION",
                                                            "cpu_time": 0.04450066499999998,
                                                            "extra_info": {
                                                                "Projections": [
                                                                    "userid",
                                                                    "CASE  WHEN ((class = 1)) THEN (1) ELSE 0 END",
                                                                    "CASE  WHEN ((class = 2)) THEN (1) ELSE 0 END",
                                                                    "CASE  WHEN ((class = 3)) THEN (1) ELSE 0 END"
                                                                ],
                                                                "Estimated Cardinality": "2321724"
                                                            },
                                                            "cumulative_cardinality": 4643448,
                                                            "operator_type": "PROJECTION",
                                                            "operator_cardinality": 2321724,
                                                            "cumulative_rows_scanned": 2321724,
                                                            "operator_rows_scanned": 0,
                                                            "operator_timing": 0.013397772999999974,
                                                            "result_set_size": 37147584,
                                                            "children": [
                                                                {
                                                                    "operator_name": "READ_PARQUET ",
                                                                    "cpu_time": 0.031102892000000004,
                                                                    "extra_info": {
                                                                        "Function": "READ_PARQUET",
                                                                        "Projections": [
                                                                            "id",
                                                                            "userid",
                                                                            "class"
                                                                        ],
                                                                        "Estimated Cardinality": "2321724"
                                                                    },
                                                                    "cumulative_cardinality": 2321724,
                                                                    "operator_type": "TABLE_SCAN",
                                                                    "operator_cardinality": 2321724,
                                                                    "cumulative_rows_scanned": 2321724,
                                                                    "operator_rows_scanned": 2321724,
                                                                    "operator_timing": 0.031102892000000004,
                                                                    "result_set_size": 23217240,
                                                                    "children": []
                                                                }
                                                            ]
                                                        }
                                                    ]
                                                }
                                            ]
                                        },
                                        {
                                            "operator_name": "HASH_GROUP_BY",
                                            "cpu_time": 0.3272678850000003,
                                            "extra_info": {
                                                "Groups": "#0",
                                                "Aggregates": [
                                                    "count_star()",
                                                    "sum(#1)",
                                                    "sum(#2)",
                                                    "sum(#3)",
                                                    "sum(#4)"
                                                ],
                                                "Estimated Cardinality": "1925058"
                                            },
                                            "cumulative_cardinality": 8071864,
                                            "operator_type": "HASH_GROUP_BY",
                                            "operator_cardinality": 371632,
                                            "cumulative_rows_scanned": 3850116,
                                            "operator_rows_scanned": 0,
                                            "operator_timing": 0.17484559400000038,
                                            "result_set_size": 28244032,
                                            "children": [
                                                {
                                                    "operator_name": "PROJECTION",
                                                    "cpu_time": 0.15242229099999993,
                                                    "extra_info": {
                                                        "Projections": [
                                                            "owneruserid",
                                                            "CASE  WHEN ((posttypeid = 1)) THEN (1) ELSE 0 END",
                                                            "CASE  WHEN ((posttypeid = 2)) THEN (1) ELSE 0 END",
                                                            "viewcount",
                                                            "score"
                                                        ],
                                                        "Estimated Cardinality": "3850116"
                                                    },
                                                    "cumulative_cardinality": 7700232,
                                                    "operator_type": "PROJECTION",
                                                    "operator_cardinality": 3850116,
                                                    "cumulative_rows_scanned": 3850116,
                                                    "operator_rows_scanned": 0,
                                                    "operator_timing": 0.04860561599999994,
                                                    "result_set_size": 77002320,
                                                    "children": [
                                                        {
                                                            "operator_name": "READ_PARQUET ",
                                                            "cpu_time": 0.10381667499999998,
                                                            "extra_info": {
                                                                "Function": "READ_PARQUET",
                                                                "Projections": [
                                                                    "id",
                                                                    "posttypeid",
                                                                    "score",
                                                                    "viewcount",
                                                                    "owneruserid"
                                                                ],
                                                                "Estimated Cardinality": "3850116"
                                                            },
                                                            "cumulative_cardinality": 3850116,
                                                            "operator_type": "TABLE_SCAN",
                                                            "operator_cardinality": 3850116,
                                                            "cumulative_rows_scanned": 3850116,
                                                            "operator_rows_scanned": 3850116,
                                                            "operator_timing": 0.10381667499999998,
                                                            "result_set_size": 69302088,
                                                            "children": []
                                                        }
                                                    ]
                                                }
                                            ]
                                        }
                                    ]
                                }
                            ]
                        }
                    ]
                }
            ]
        }
    ]
}