{
    "rows_returned": 10,
    "query_name": "\nWITH PopularQuestions AS (\n    SELECT \n        P.Id AS PostId,\n        P.Title,\n        P.CreationDate,\n        U.DisplayName AS Owner,\n        P.ViewCount,\n        COUNT(A.Id) AS AnswerCount,\n        SUM(CASE WHEN V.VoteTypeId = 2 THEN 1 ELSE 0 END) AS UpVotes,\n        SUM(CASE WHEN V.VoteTypeId = 3 THEN 1 ELSE 0 END) AS DownVotes\n    FROM \n        Posts P\n    LEFT JOIN \n        Users U ON P.OwnerUserId = U.Id\n    LEFT JOIN \n        Posts A ON P.Id = A.ParentId\n    LEFT JOIN \n        Votes V ON P.Id = V.PostId\n    WHERE \n        P.PostTypeId = 1  \n    GROUP BY \n        P.Id, P.Title, P.CreationDate, U.DisplayName, P.ViewCount\n    HAVING \n        COUNT(A.Id) > 0 AND P.ViewCount > 1000\n),\nVoteSummary AS (\n    SELECT \n        PostId,\n        COUNT(CASE WHEN VoteTypeId = 2 THEN 1 ELSE NULL END) AS UpVotes,\n        COUNT(CASE WHEN VoteTypeId = 3 THEN 1 ELSE NULL END) AS DownVotes,\n        COUNT(CASE WHEN VoteTypeId IN (10, 11) THEN 1 ELSE NULL END) AS CloseReopenCount\n    FROM \n        Votes \n    GROUP BY \n        PostId\n),\nTopPosts AS (\n    SELECT \n        PQ.PostId,\n        PQ.Title,\n        PQ.Owner,\n        PQ.ViewCount,\n        PQ.AnswerCount,\n        PQ.UpVotes,\n        PQ.DownVotes,\n        COALESCE(VS.UpVotes, 0) AS CumulativeUpVotes,\n        COALESCE(VS.DownVotes, 0) AS CumulativeDownVotes,\n        COALESCE(VS.CloseReopenCount, 0) AS CloseReopenCount\n    FROM \n        PopularQuestions PQ\n    LEFT JOIN \n        VoteSummary VS ON PQ.PostId = VS.PostId\n)\nSELECT \n    TP.PostId,\n    TP.Title,\n    TP.Owner,\n    TP.ViewCount,\n    TP.AnswerCount,\n    (TP.UpVotes + TP.CumulativeUpVotes) AS TotalUpVotes,\n    (TP.DownVotes + TP.CumulativeDownVotes) AS TotalDownVotes,\n    TP.CloseReopenCount,\n    ((TP.UpVotes + TP.CumulativeUpVotes) - (TP.DownVotes + TP.CumulativeDownVotes)) AS VoteBalance\nFROM \n    TopPosts TP\nORDER BY \n    VoteBalance DESC, TP.ViewCount DESC\nLIMIT 10;\n",
    "blocked_thread_time": 0.0,
    "cpu_time": 3.120031722000006,
    "extra_info": {},
    "cumulative_cardinality": 60383989,
    "cumulative_rows_scanned": 34449128,
    "result_set_size": 1040,
    "latency": 3.423860869,
    "children": [
        {
            "operator_name": "STREAMING_LIMIT",
            "cpu_time": 3.120031722000006,
            "extra_info": {},
            "cumulative_cardinality": 60383989,
            "operator_type": "STREAMING_LIMIT",
            "operator_cardinality": 10,
            "cumulative_rows_scanned": 34449128,
            "operator_rows_scanned": 0,
            "operator_timing": 0.000002445,
            "result_set_size": 1040,
            "children": [
                {
                    "operator_name": "ORDER_BY",
                    "cpu_time": 3.120029277000006,
                    "extra_info": {
                        "Order By": [
                            "((TP.UpVotes + TP.CumulativeUpVotes) - (TP.DownVotes + TP.CumulativeDownVotes)) DESC",
                            "TP.ViewCount DESC"
                        ]
                    },
                    "cumulative_cardinality": 60383979,
                    "operator_type": "ORDER_BY",
                    "operator_cardinality": 4096,
                    "cumulative_rows_scanned": 34449128,
                    "operator_rows_scanned": 0,
                    "operator_timing": 0.030187068,
                    "result_set_size": 425984,
                    "children": [
                        {
                            "operator_name": "PROJECTION",
                            "cpu_time": 3.089842209000006,
                            "extra_info": {
                                "Projections": [
                                    "PostId",
                                    "title",
                                    "Owner",
                                    "viewcount",
                                    "AnswerCount",
                                    "TotalUpVotes",
                                    "TotalDownVotes",
                                    "CloseReopenCount",
                                    "VoteBalance"
                                ],
                                "Estimated Cardinality": "6372046"
                            },
                            "cumulative_cardinality": 60379883,
                            "operator_type": "PROJECTION",
                            "operator_cardinality": 230129,
                            "cumulative_rows_scanned": 34449128,
                            "operator_rows_scanned": 0,
                            "operator_timing": 0.0019427660000000005,
                            "result_set_size": 23933416,
                            "children": [
                                {
                                    "operator_name": "PROJECTION",
                                    "cpu_time": 3.087899443000006,
                                    "extra_info": {
                                        "Projections": [
                                            "PostId",
                                            "title",
                                            "Owner",
                                            "viewcount",
                                            "AnswerCount",
                                            "TotalUpVotes",
                                            "TotalDownVotes",
                                            "CloseReopenCount"
                                        ],
                                        "Estimated Cardinality": "6372046"
                                    },
                                    "cumulative_cardinality": 60149754,
                                    "operator_type": "PROJECTION",
                                    "operator_cardinality": 230129,
                                    "cumulative_rows_scanned": 34449128,
                                    "operator_rows_scanned": 0,
                                    "operator_timing": 0.007112621000000003,
                                    "result_set_size": 20251352,
                                    "children": [
                                        {
                                            "operator_name": "PROJECTION",
                                            "cpu_time": 3.080786822000006,
                                            "extra_info": {
                                                "Projections": [
                                                    "PostId",
                                                    "title",
                                                    "Owner",
                                                    "viewcount",
                                                    "AnswerCount",
                                                    "UpVotes",
                                                    "DownVotes",
                                                    "CumulativeUpVotes",
                                                    "CumulativeDownVotes",
                                                    "CloseReopenCount"
                                                ],
                                                "Estimated Cardinality": "6372046"
                                            },
                                            "cumulative_cardinality": 59919625,
                                            "operator_type": "PROJECTION",
                                            "operator_cardinality": 230129,
                                            "cumulative_rows_scanned": 34449128,
                                            "operator_rows_scanned": 0,
                                            "operator_timing": 0.007726030000000008,
                                            "result_set_size": 23933416,
                                            "children": [
                                                {
                                                    "operator_name": "HASH_JOIN",
                                                    "cpu_time": 3.073060792000006,
                                                    "extra_info": {
                                                        "Join Type": "RIGHT",
                                                        "Conditions": "postid = PostId",
                                                        "Estimated Cardinality": "6372046"
                                                    },
                                                    "cumulative_cardinality": 59689496,
                                                    "operator_type": "HASH_JOIN",
                                                    "operator_cardinality": 230129,
                                                    "cumulative_rows_scanned": 34449128,
                                                    "operator_rows_scanned": 0,
                                                    "operator_timing": 0.09221899500000015,
                                                    "result_set_size": 23933416,
                                                    "children": [
                                                        {
                                                            "operator_name": "HASH_GROUP_BY",
                                                            "cpu_time": 1.1260865409999998,
                                                            "extra_info": {
                                                                "Groups": "#0",
                                                                "Aggregates": [
                                                                    "count(#1)",
                                                                    "count(#2)",
                                                                    "count(#3)"
                                                                ],
                                                                "Estimated Cardinality": "6372046"
                                                            },
                                                            "cumulative_cardinality": 29453413,
                                                            "operator_type": "HASH_GROUP_BY",
                                                            "operator_cardinality": 3965227,
                                                            "cumulative_rows_scanned": 12744093,
                                                            "operator_rows_scanned": 0,
                                                            "operator_timing": 0.7454338669999997,
                                                            "result_set_size": 111026356,
                                                            "children": [
                                                                {
                                                                    "operator_name": "PROJECTION",
                                                                    "cpu_time": 0.380652674,
                                                                    "extra_info": {
                                                                        "Projections": [
                                                                            "postid",
                                                                            "CASE  WHEN ((votetypeid = 2)) THEN (1) ELSE NULL END",
                                                                            "CASE  WHEN ((votetypeid = 3)) THEN (1) ELSE NULL END",
                                                                            "CASE  WHEN ((votetypeid IN (10, 11))) THEN (1) ELSE NULL END"
                                                                        ],
                                                                        "Estimated Cardinality": "12744093"
                                                                    },
                                                                    "cumulative_cardinality": 25488186,
                                                                    "operator_type": "PROJECTION",
                                                                    "operator_cardinality": 12744093,
                                                                    "cumulative_rows_scanned": 12744093,
                                                                    "operator_rows_scanned": 0,
                                                                    "operator_timing": 0.23858105299999988,
                                                                    "result_set_size": 203905488,
                                                                    "children": [
                                                                        {
                                                                            "operator_name": "READ_PARQUET ",
                                                                            "cpu_time": 0.14207162100000012,
                                                                            "extra_info": {
                                                                                "Function": "READ_PARQUET",
                                                                                "Projections": [
                                                                                    "postid",
                                                                                    "votetypeid"
                                                                                ],
                                                                                "Estimated Cardinality": "12744093"
                                                                            },
                                                                            "cumulative_cardinality": 12744093,
                                                                            "operator_type": "TABLE_SCAN",
                                                                            "operator_cardinality": 12744093,
                                                                            "cumulative_rows_scanned": 12744093,
                                                                            "operator_rows_scanned": 12744093,
                                                                            "operator_timing": 0.14207162100000012,
                                                                            "result_set_size": 76464558,
                                                                            "children": []
                                                                        }
                                                                    ]
                                                                }
                                                            ]
                                                        },
                                                        {
                                                            "operator_name": "PROJECTION",
                                                            "cpu_time": 1.8547552560000058,
                                                            "extra_info": {
                                                                "Projections": [
                                                                    "#0",
                                                                    "#1",
                                                                    "#3",
                                                                    "#4",
                                                                    "#5",
                                                                    "#6",
                                                                    "#7"
                                                                ],
                                                                "Estimated Cardinality": "770023"
                                                            },
                                                            "cumulative_cardinality": 30005954,
                                                            "operator_type": "PROJECTION",
                                                            "operator_cardinality": 230129,
                                                            "cumulative_rows_scanned": 21705035,
                                                            "operator_rows_scanned": 0,
                                                            "operator_timing": 0.00004967299999999998,
                                                            "result_set_size": 18410320,
                                                            "children": [
                                                                {
                                                                    "operator_name": "FILTER",
                                                                    "cpu_time": 1.8547055830000059,
                                                                    "extra_info": {
                                                                        "Expression": "(AnswerCount > 0)",
                                                                        "Estimated Cardinality": "770023"
                                                                    },
                                                                    "cumulative_cardinality": 29775825,
                                                                    "operator_type": "FILTER",
                                                                    "operator_cardinality": 230129,
                                                                    "cumulative_rows_scanned": 21705035,
                                                                    "operator_rows_scanned": 0,
                                                                    "operator_timing": 0.0010347989999999992,
                                                                    "result_set_size": 20251352,
                                                                    "children": [
                                                                        {
                                                                            "operator_name": "HASH_GROUP_BY",
                                                                            "cpu_time": 1.853670784000006,
                                                                            "extra_info": {
                                                                                "Groups": [
                                                                                    "#0",
                                                                                    "#1",
                                                                                    "#2",
                                                                                    "#3",
                                                                                    "#4"
                                                                                ],
                                                                                "Aggregates": [
                                                                                    "count(#5)",
                                                                                    "sum(#6)",
                                                                                    "sum(#7)"
                                                                                ],
                                                                                "Estimated Cardinality": "3850116"
                                                                            },
                                                                            "cumulative_cardinality": 29545696,
                                                                            "operator_type": "HASH_GROUP_BY",
                                                                            "operator_cardinality": 236834,
                                                                            "cumulative_rows_scanned": 21705035,
                                                                            "operator_rows_scanned": 0,
                                                                            "operator_timing": 0.4647547450000016,
                                                                            "result_set_size": 20841392,
                                                                            "children": [
                                                                                {
                                                                                    "operator_name": "PROJECTION",
                                                                                    "cpu_time": 1.3889160390000044,
                                                                                    "extra_info": {
                                                                                        "Projections": [
                                                                                            "id",
                                                                                            "title",
                                                                                            "creationdate",
                                                                                            "displayname",
                                                                                            "viewcount",
                                                                                            "id",
                                                                                            "CASE  WHEN ((votetypeid = 2)) THEN (1) ELSE 0 END",
                                                                                            "CASE  WHEN ((votetypeid = 3)) THEN (1) ELSE 0 END"
                                                                                        ],
                                                                                        "Estimated Cardinality": "12744093"
                                                                                    },
                                                                                    "cumulative_cardinality": 29308862,
                                                                                    "operator_type": "PROJECTION",
                                                                                    "operator_cardinality": 6082953,
                                                                                    "cumulative_rows_scanned": 21705035,
                                                                                    "operator_rows_scanned": 0,
                                                                                    "operator_timing": 0.04225077400000006,
                                                                                    "result_set_size": 364977180,
                                                                                    "children": [
                                                                                        {
                                                                                            "operator_name": "HASH_JOIN",
                                                                                            "cpu_time": 1.3466652650000044,
                                                                                            "extra_info": {
                                                                                                "Join Type": "RIGHT",
                                                                                                "Conditions": "postid = id",
                                                                                                "Estimated Cardinality": "12744093"
                                                                                            },
                                                                                            "cumulative_cardinality": 23225909,
                                                                                            "operator_type": "HASH_JOIN",
                                                                                            "operator_cardinality": 6082953,
                                                                                            "cumulative_rows_scanned": 21705035,
                                                                                            "operator_rows_scanned": 0,
                                                                                            "operator_timing": 0.3523099920000031,
                                                                                            "result_set_size": 328479462,
                                                                                            "children": [
                                                                                                {
                                                                                                    "operator_name": "READ_PARQUET ",
                                                                                                    "cpu_time": 0.23074471200000019,
                                                                                                    "extra_info": {
                                                                                                        "Function": "READ_PARQUET",
                                                                                                        "Projections": [
                                                                                                            "postid",
                                                                                                            "votetypeid"
                                                                                                        ],
                                                                                                        "Estimated Cardinality": "12744093"
                                                                                                    },
                                                                                                    "cumulative_cardinality": 12743583,
                                                                                                    "operator_type": "TABLE_SCAN",
                                                                                                    "operator_cardinality": 12743583,
                                                                                                    "cumulative_rows_scanned": 12744093,
                                                                                                    "operator_rows_scanned": 12744093,
                                                                                                    "operator_timing": 0.23074471200000019,
                                                                                                    "result_set_size": 76461498,
                                                                                                    "children": []
                                                                                                },
                                                                                                {
                                                                                                    "operator_name": "HASH_JOIN",
                                                                                                    "cpu_time": 0.763610561000001,
                                                                                                    "extra_info": {
                                                                                                        "Join Type": "RIGHT",
                                                                                                        "Conditions": "parentid = id",
                                                                                                        "Estimated Cardinality": "3850116"
                                                                                                    },
                                                                                                    "cumulative_cardinality": 4399373,
                                                                                                    "operator_type": "HASH_JOIN",
                                                                                                    "operator_cardinality": 503368,
                                                                                                    "cumulative_rows_scanned": 8960942,
                                                                                                    "operator_rows_scanned": 0,
                                                                                                    "operator_timing": 0.09083743800000017,
                                                                                                    "result_set_size": 26175136,
                                                                                                    "children": [
                                                                                                        {
                                                                                                            "operator_name": "READ_PARQUET ",
                                                                                                            "cpu_time": 0.1357268180000004,
                                                                                                            "extra_info": {
                                                                                                                "Function": "READ_PARQUET",
                                                                                                                "Projections": [
                                                                                                                    "id",
                                                                                                                    "parentid"
                                                                                                                ],
                                                                                                                "Estimated Cardinality": "3850116"
                                                                                                            },
                                                                                                            "cumulative_cardinality": 2177224,
                                                                                                            "operator_type": "TABLE_SCAN",
                                                                                                            "operator_cardinality": 2177224,
                                                                                                            "cumulative_rows_scanned": 3850116,
                                                                                                            "operator_rows_scanned": 3850116,
                                                                                                            "operator_timing": 0.1357268180000004,
                                                                                                            "result_set_size": 17417792,
                                                                                                            "children": []
                                                                                                        },
                                                                                                        {
                                                                                                            "operator_name": "HASH_JOIN",
                                                                                                            "cpu_time": 0.5370463050000004,
                                                                                                            "extra_info": {
                                                                                                                "Join Type": "RIGHT",
                                                                                                                "Conditions": "id = owneruserid",
                                                                                                                "Estimated Cardinality": "1260710"
                                                                                                            },
                                                                                                            "cumulative_cardinality": 1718781,
                                                                                                            "operator_type": "HASH_JOIN",
                                                                                                            "operator_cardinality": 236834,
                                                                                                            "cumulative_rows_scanned": 5110826,
                                                                                                            "operator_rows_scanned": 0,
                                                                                                            "operator_timing": 0.08137544799999995,
                                                                                                            "result_set_size": 11368032,
                                                                                                            "children": [
                                                                                                                {
                                                                                                                    "operator_name": "READ_PARQUET ",
                                                                                                                    "cpu_time": 0.08198073700000008,
                                                                                                                    "extra_info": {
                                                                                                                        "Function": "READ_PARQUET",
                                                                                                                        "Projections": [
                                                                                                                            "id",
                                                                                                                            "displayname"
                                                                                                                        ],
                                                                                                                        "Estimated Cardinality": "1260710"
                                                                                                                    },
                                                                                                                    "cumulative_cardinality": 1245113,
                                                                                                                    "operator_type": "TABLE_SCAN",
                                                                                                                    "operator_cardinality": 1245113,
                                                                                                                    "cumulative_rows_scanned": 1260710,
                                                                                                                    "operator_rows_scanned": 1260710,
                                                                                                                    "operator_timing": 0.08198073700000008,
                                                                                                                    "result_set_size": 24902260,
                                                                                                                    "children": []
                                                                                                                },
                                                                                                                {
                                                                                                                    "operator_name": "READ_PARQUET ",
                                                                                                                    "cpu_time": 0.37369012000000035,
                                                                                                                    "extra_info": {
                                                                                                                        "Function": "READ_PARQUET",
                                                                                                                        "Projections": [
                                                                                                                            "id",
                                                                                                                            "creationdate",
                                                                                                                            "viewcount",
                                                                                                                            "owneruserid",
                                                                                                                            "title"
                                                                                                                        ],
                                                                                                                        "Filters": [
                                                                                                                            "viewcount>1000",
                                                                                                                            "posttypeid=1"
                                                                                                                        ],
                                                                                                                        "Estimated Cardinality": "770023"
                                                                                                                    },
                                                                                                                    "cumulative_cardinality": 236834,
                                                                                                                    "operator_type": "TABLE_SCAN",
                                                                                                                    "operator_cardinality": 236834,
                                                                                                                    "cumulative_rows_scanned": 3850116,
                                                                                                                    "operator_rows_scanned": 3850116,
                                                                                                                    "operator_timing": 0.37369012000000035,
                                                                                                                    "result_set_size": 8526024,
                                                                                                                    "children": []
                                                                                                                }
                                                                                                            ]
                                                                                                        }
                                                                                                    ]
                                                                                                }
                                                                                            ]
                                                                                        }
                                                                                    ]
                                                                                }
                                                                            ]
                                                                        }
                                                                    ]
                                                                }
                                                            ]
                                                        }
                                                    ]
                                                }
                                            ]
                                        }
                                    ]
                                }
                            ]
                        }
                    ]
                }
            ]
        }
    ]
}