{
    "rows_returned": 50,
    "query_name": "\nWITH UserReputation AS (\n    SELECT Id, Reputation, UpVotes, DownVotes,\n           (UpVotes - DownVotes) AS NetVotes,\n           CreationDate AS AccountAge\n    FROM Users\n), \nPostStats AS (\n    SELECT OwnerUserId, COUNT(*) AS TotalPosts, \n           SUM(CASE WHEN PostTypeId = 1 THEN 1 ELSE 0 END) AS Questions,\n           SUM(CASE WHEN PostTypeId = 2 THEN 1 ELSE 0 END) AS Answers,\n           SUM(ViewCount) AS TotalViews,\n           SUM(Score) AS TotalScore\n    FROM Posts\n    GROUP BY OwnerUserId\n),\nBadgeCounts AS (\n    SELECT UserId, COUNT(*) AS TotalBadges,\n           SUM(CASE WHEN Class = 1 THEN 1 ELSE 0 END) AS GoldBadges,\n           SUM(CASE WHEN Class = 2 THEN 1 ELSE 0 END) AS SilverBadges,\n           SUM(CASE WHEN Class = 3 THEN 1 ELSE 0 END) AS BronzeBadges\n    FROM Badges\n    GROUP BY UserId\n)\nSELECT u.DisplayName, ur.Reputation, ur.NetVotes, ur.AccountAge,\n       ps.TotalPosts, ps.Questions, ps.Answers, ps.TotalViews, ps.TotalScore,\n       COALESCE(bc.TotalBadges, 0) AS TotalBadges,\n       COALESCE(bc.GoldBadges, 0) AS GoldBadges,\n       COALESCE(bc.SilverBadges, 0) AS SilverBadges,\n       COALESCE(bc.BronzeBadges, 0) AS BronzeBadges\nFROM UserReputation ur\nJOIN PostStats ps ON ur.Id = ps.OwnerUserId\nLEFT JOIN BadgeCounts bc ON ur.Id = bc.UserId\nJOIN Users u ON ur.Id = u.Id\nWHERE ur.Reputation > 1000\nORDER BY ur.Reputation DESC, ps.TotalViews DESC\nLIMIT 50;\n",
    "blocked_thread_time": 0.0,
    "cpu_time": 0.6866886500000005,
    "extra_info": {},
    "cumulative_cardinality": 14607659,
    "cumulative_rows_scanned": 8693260,
    "result_set_size": 8000,
    "latency": 0.771404276,
    "children": [
        {
            "operator_name": "STREAMING_LIMIT",
            "cpu_time": 0.6866886500000005,
            "extra_info": {},
            "cumulative_cardinality": 14607659,
            "operator_type": "STREAMING_LIMIT",
            "operator_cardinality": 50,
            "cumulative_rows_scanned": 8693260,
            "operator_rows_scanned": 0,
            "operator_timing": 0.000001483,
            "result_set_size": 8000,
            "children": [
                {
                    "operator_name": "ORDER_BY",
                    "cpu_time": 0.6866871670000004,
                    "extra_info": {
                        "Order By": [
                            "ur.Reputation DESC",
                            "ps.TotalViews DESC"
                        ]
                    },
                    "cumulative_cardinality": 14607609,
                    "operator_type": "ORDER_BY",
                    "operator_cardinality": 4096,
                    "cumulative_rows_scanned": 8693260,
                    "operator_rows_scanned": 0,
                    "operator_timing": 0.0014812800000000002,
                    "result_set_size": 655360,
                    "children": [
                        {
                            "operator_name": "PROJECTION",
                            "cpu_time": 0.6852058870000004,
                            "extra_info": {
                                "Projections": [
                                    "displayname",
                                    "reputation",
                                    "NetVotes",
                                    "AccountAge",
                                    "TotalPosts",
                                    "Questions",
                                    "Answers",
                                    "TotalViews",
                                    "TotalScore",
                                    "TotalBadges",
                                    "GoldBadges",
                                    "SilverBadges",
                                    "BronzeBadges"
                                ],
                                "Estimated Cardinality": "1160862"
                            },
                            "cumulative_cardinality": 14603513,
                            "operator_type": "PROJECTION",
                            "operator_cardinality": 11214,
                            "cumulative_rows_scanned": 8693260,
                            "operator_rows_scanned": 0,
                            "operator_timing": 0.000738009,
                            "result_set_size": 1794240,
                            "children": [
                                {
                                    "operator_name": "HASH_JOIN",
                                    "cpu_time": 0.6844678780000004,
                                    "extra_info": {
                                        "Join Type": "INNER",
                                        "Conditions": "id = id",
                                        "Estimated Cardinality": "1160862"
                                    },
                                    "cumulative_cardinality": 14592299,
                                    "operator_type": "HASH_JOIN",
                                    "operator_cardinality": 11214,
                                    "cumulative_rows_scanned": 8693260,
                                    "operator_rows_scanned": 0,
                                    "operator_timing": 0.07987043500000003,
                                    "result_set_size": 1973664,
                                    "children": [
                                        {
                                            "operator_name": "HASH_JOIN",
                                            "cpu_time": 0.5237495320000004,
                                            "extra_info": {
                                                "Join Type": "RIGHT",
                                                "Conditions": "userid = id",
                                                "Estimated Cardinality": "1160862"
                                            },
                                            "cumulative_cardinality": 13320406,
                                            "operator_type": "HASH_JOIN",
                                            "operator_cardinality": 11214,
                                            "cumulative_rows_scanned": 7432550,
                                            "operator_rows_scanned": 0,
                                            "operator_timing": 0.00746071,
                                            "result_set_size": 1749384,
                                            "children": [
                                                {
                                                    "operator_name": "HASH_GROUP_BY",
                                                    "cpu_time": 0.16670824999999984,
                                                    "extra_info": {
                                                        "Groups": "#0",
                                                        "Aggregates": [
                                                            "count_star()",
                                                            "sum(#1)",
                                                            "sum(#2)",
                                                            "sum(#3)"
                                                        ],
                                                        "Estimated Cardinality": "1160862"
                                                    },
                                                    "cumulative_cardinality": 5192469,
                                                    "operator_type": "HASH_GROUP_BY",
                                                    "operator_cardinality": 549021,
                                                    "cumulative_rows_scanned": 2321724,
                                                    "operator_rows_scanned": 0,
                                                    "operator_timing": 0.13569709899999988,
                                                    "result_set_size": 32941260,
                                                    "children": [
                                                        {
                                                            "operator_name": "PROJECTION",
                                                            "cpu_time": 0.031011150999999952,
                                                            "extra_info": {
                                                                "Projections": [
                                                                    "userid",
                                                                    "CASE  WHEN ((class = 1)) THEN (1) ELSE 0 END",
                                                                    "CASE  WHEN ((class = 2)) THEN (1) ELSE 0 END",
                                                                    "CASE  WHEN ((class = 3)) THEN (1) ELSE 0 END"
                                                                ],
                                                                "Estimated Cardinality": "2321724"
                                                            },
                                                            "cumulative_cardinality": 4643448,
                                                            "operator_type": "PROJECTION",
                                                            "operator_cardinality": 2321724,
                                                            "cumulative_rows_scanned": 2321724,
                                                            "operator_rows_scanned": 0,
                                                            "operator_timing": 0.013445138999999955,
                                                            "result_set_size": 37147584,
                                                            "children": [
                                                                {
                                                                    "operator_name": "READ_PARQUET ",
                                                                    "cpu_time": 0.017566012,
                                                                    "extra_info": {
                                                                        "Function": "READ_PARQUET",
                                                                        "Projections": [
                                                                            "userid",
                                                                            "class"
                                                                        ],
                                                                        "Estimated Cardinality": "2321724"
                                                                    },
                                                                    "cumulative_cardinality": 2321724,
                                                                    "operator_type": "TABLE_SCAN",
                                                                    "operator_cardinality": 2321724,
                                                                    "cumulative_rows_scanned": 2321724,
                                                                    "operator_rows_scanned": 2321724,
                                                                    "operator_timing": 0.017566012,
                                                                    "result_set_size": 13930344,
                                                                    "children": []
                                                                }
                                                            ]
                                                        }
                                                    ]
                                                },
                                                {
                                                    "operator_name": "HASH_JOIN",
                                                    "cpu_time": 0.34958057200000053,
                                                    "extra_info": {
                                                        "Join Type": "INNER",
                                                        "Conditions": "owneruserid = id",
                                                        "Estimated Cardinality": "385011"
                                                    },
                                                    "cumulative_cardinality": 8116723,
                                                    "operator_type": "HASH_JOIN",
                                                    "operator_cardinality": 11214,
                                                    "cumulative_rows_scanned": 5110826,
                                                    "operator_rows_scanned": 0,
                                                    "operator_timing": 0.004895285999999998,
                                                    "result_set_size": 1076544,
                                                    "children": [
                                                        {
                                                            "operator_name": "HASH_GROUP_BY",
                                                            "cpu_time": 0.30052865600000056,
                                                            "extra_info": {
                                                                "Groups": "#0",
                                                                "Aggregates": [
                                                                    "count_star()",
                                                                    "sum(#1)",
                                                                    "sum(#2)",
                                                                    "sum(#3)",
                                                                    "sum(#4)"
                                                                ],
                                                                "Estimated Cardinality": "1925058"
                                                            },
                                                            "cumulative_cardinality": 8071864,
                                                            "operator_type": "HASH_GROUP_BY",
                                                            "operator_cardinality": 371632,
                                                            "cumulative_rows_scanned": 3850116,
                                                            "operator_rows_scanned": 0,
                                                            "operator_timing": 0.16950226700000046,
                                                            "result_set_size": 28244032,
                                                            "children": [
                                                                {
                                                                    "operator_name": "PROJECTION",
                                                                    "cpu_time": 0.13102638900000013,
                                                                    "extra_info": {
                                                                        "Projections": [
                                                                            "owneruserid",
                                                                            "CASE  WHEN ((posttypeid = 1)) THEN (1) ELSE 0 END",
                                                                            "CASE  WHEN ((posttypeid = 2)) THEN (1) ELSE 0 END",
                                                                            "viewcount",
                                                                            "score"
                                                                        ],
                                                                        "Estimated Cardinality": "3850116"
                                                                    },
                                                                    "cumulative_cardinality": 7700232,
                                                                    "operator_type": "PROJECTION",
                                                                    "operator_cardinality": 3850116,
                                                                    "cumulative_rows_scanned": 3850116,
                                                                    "operator_rows_scanned": 0,
                                                                    "operator_timing": 0.04897762999999998,
                                                                    "result_set_size": 77002320,
                                                                    "children": [
                                                                        {
                                                                            "operator_name": "READ_PARQUET ",
                                                                            "cpu_time": 0.08204875900000017,
                                                                            "extra_info": {
                                                                                "Function": "READ_PARQUET",
                                                                                "Projections": [
                                                                                    "posttypeid",
                                                                                    "score",
                                                                                    "viewcount",
                                                                                    "owneruserid"
                                                                                ],
                                                                                "Estimated Cardinality": "3850116"
                                                                            },
                                                                            "cumulative_cardinality": 3850116,
                                                                            "operator_type": "TABLE_SCAN",
                                                                            "operator_cardinality": 3850116,
                                                                            "cumulative_rows_scanned": 3850116,
                                                                            "operator_rows_scanned": 3850116,
                                                                            "operator_timing": 0.08204875900000017,
                                                                            "result_set_size": 53901624,
                                                                            "children": []
                                                                        }
                                                                    ]
                                                                }
                                                            ]
                                                        },
                                                        {
                                                            "operator_name": "PROJECTION",
                                                            "cpu_time": 0.04415662999999996,
                                                            "extra_info": {
                                                                "Projections": [
                                                                    "id",
                                                                    "reputation",
                                                                    "NetVotes",
                                                                    "AccountAge"
                                                                ],
                                                                "Estimated Cardinality": "252142"
                                                            },
                                                            "cumulative_cardinality": 33645,
                                                            "operator_type": "PROJECTION",
                                                            "operator_cardinality": 11215,
                                                            "cumulative_rows_scanned": 1260710,
                                                            "operator_rows_scanned": 0,
                                                            "operator_timing": 0.00005728500000000001,
                                                            "result_set_size": 224300,
                                                            "children": [
                                                                {
                                                                    "operator_name": "FILTER",
                                                                    "cpu_time": 0.04409934499999996,
                                                                    "extra_info": {
                                                                        "Expression": "(id <= 1416539)",
                                                                        "Estimated Cardinality": "252142"
                                                                    },
                                                                    "cumulative_cardinality": 22430,
                                                                    "operator_type": "FILTER",
                                                                    "operator_cardinality": 11215,
                                                                    "cumulative_rows_scanned": 1260710,
                                                                    "operator_rows_scanned": 0,
                                                                    "operator_timing": 0.0007100330000000004,
                                                                    "result_set_size": 269160,
                                                                    "children": [
                                                                        {
                                                                            "operator_name": "READ_PARQUET ",
                                                                            "cpu_time": 0.043389311999999965,
                                                                            "extra_info": {
                                                                                "Function": "READ_PARQUET",
                                                                                "Projections": [
                                                                                    "id",
                                                                                    "reputation",
                                                                                    "creationdate",
                                                                                    "upvotes",
                                                                                    "downvotes"
                                                                                ],
                                                                                "Filters": "reputation>1000",
                                                                                "Estimated Cardinality": "252142"
                                                                            },
                                                                            "cumulative_cardinality": 11215,
                                                                            "operator_type": "TABLE_SCAN",
                                                                            "operator_cardinality": 11215,
                                                                            "cumulative_rows_scanned": 1260710,
                                                                            "operator_rows_scanned": 1260710,
                                                                            "operator_timing": 0.043389311999999965,
                                                                            "result_set_size": 269160,
                                                                            "children": []
                                                                        }
                                                                    ]
                                                                }
                                                            ]
                                                        }
                                                    ]
                                                }
                                            ]
                                        },
                                        {
                                            "operator_name": "READ_PARQUET ",
                                            "cpu_time": 0.08084791100000002,
                                            "extra_info": {
                                                "Function": "READ_PARQUET",
                                                "Projections": [
                                                    "id",
                                                    "displayname"
                                                ],
                                                "Filters": "id<=1416539",
                                                "Estimated Cardinality": "1260710"
                                            },
                                            "cumulative_cardinality": 1260679,
                                            "operator_type": "TABLE_SCAN",
                                            "operator_cardinality": 1260679,
                                            "cumulative_rows_scanned": 1260710,
                                            "operator_rows_scanned": 1260710,
                                            "operator_timing": 0.08084791100000002,
                                            "result_set_size": 25213580,
                                            "children": []
                                        }
                                    ]
                                }
                            ]
                        }
                    ]
                }
            ]
        }
    ]
}