{
    "rows_returned": 74334,
    "query_name": "\nWITH PostInfo AS (\n    SELECT \n        p.Id AS PostId, \n        p.Title, \n        p.CreationDate, \n        p.Score, \n        p.ViewCount, \n        COUNT(DISTINCT c.Id) AS CommentCount, \n        COUNT(DISTINCT a.Id) AS AnswerCount,\n        COALESCE(u.DisplayName, 'Community User') AS OwnerDisplayName,\n        p.OwnerUserId  -- Added to GROUP BY clause\n    FROM \n        Posts p\n    LEFT JOIN \n        Comments c ON p.Id = c.PostId\n    LEFT JOIN \n        Posts a ON p.Id = a.ParentId\n    LEFT JOIN \n        Users u ON p.OwnerUserId = u.Id\n    WHERE \n        p.PostTypeId = 1 AND p.CreationDate >= (CAST('2024-10-01 12:34:56' AS TIMESTAMP) - INTERVAL '1 year')\n    GROUP BY \n        p.Id, p.Title, p.CreationDate, p.Score, p.ViewCount, u.DisplayName, p.OwnerUserId  -- Added missing columns\n),\nPostHistoryInfo AS (\n    SELECT \n        ph.PostId, \n        COUNT(*) AS EditCount, \n        MAX(ph.CreationDate) AS LastEditDate\n    FROM \n        PostHistory ph\n    GROUP BY \n        ph.PostId\n),\nUserBadges AS (\n    SELECT \n        b.UserId, \n        COUNT(*) AS TotalBadges\n    FROM \n        Badges b\n    GROUP BY \n        b.UserId\n)\nSELECT \n    pi.PostId,\n    pi.Title,\n    pi.CreationDate,\n    pi.Score,\n    pi.ViewCount,\n    pi.CommentCount,\n    pi.AnswerCount,\n    ph.EditCount,\n    ph.LastEditDate,\n    ub.TotalBadges,\n    pi.OwnerDisplayName\nFROM \n    PostInfo pi\nLEFT JOIN \n    PostHistoryInfo ph ON pi.PostId = ph.PostId\nLEFT JOIN \n    UserBadges ub ON pi.OwnerUserId = ub.UserId\nORDER BY \n    pi.Score DESC, \n    pi.ViewCount DESC;\n",
    "blocked_thread_time": 0.0,
    "cpu_time": 1.712970770000001,
    "extra_info": {},
    "cumulative_cardinality": 40123135,
    "cumulative_rows_scanned": 30319732,
    "result_set_size": 6838728,
    "latency": 1.981201812,
    "children": [
        {
            "operator_name": "PROJECTION",
            "cpu_time": 1.712970770000001,
            "extra_info": {
                "Projections": [
                    "#0",
                    "#1",
                    "#2",
                    "__internal_decompress_integral_integer(#3, -72)",
                    "#4",
                    "#5",
                    "#6",
                    "#7",
                    "#8",
                    "#9",
                    "#10"
                ],
                "Estimated Cardinality": "5897622"
            },
            "cumulative_cardinality": 40123135,
            "operator_type": "PROJECTION",
            "operator_cardinality": 74334,
            "cumulative_rows_scanned": 30319732,
            "operator_rows_scanned": 0,
            "operator_timing": 0.000048069000000000003,
            "result_set_size": 6838728,
            "children": [
                {
                    "operator_name": "ORDER_BY",
                    "cpu_time": 1.712922701000001,
                    "extra_info": {
                        "Order By": [
                            "pi.Score DESC",
                            "pi.ViewCount DESC"
                        ]
                    },
                    "cumulative_cardinality": 40048801,
                    "operator_type": "ORDER_BY",
                    "operator_cardinality": 74334,
                    "cumulative_rows_scanned": 30319732,
                    "operator_rows_scanned": 0,
                    "operator_timing": 0.00568299,
                    "result_set_size": 6690060,
                    "children": [
                        {
                            "operator_name": "PROJECTION",
                            "cpu_time": 1.707239711000001,
                            "extra_info": {
                                "Projections": [
                                    "#0",
                                    "#1",
                                    "#2",
                                    "__internal_compress_integral_usmallint(#3, -72)",
                                    "#4",
                                    "#5",
                                    "#6",
                                    "#7",
                                    "#8",
                                    "#9",
                                    "#10"
                                ],
                                "Estimated Cardinality": "5897622"
                            },
                            "cumulative_cardinality": 39974467,
                            "operator_type": "PROJECTION",
                            "operator_cardinality": 74334,
                            "cumulative_rows_scanned": 30319732,
                            "operator_rows_scanned": 0,
                            "operator_timing": 0.00009433800000000002,
                            "result_set_size": 6690060,
                            "children": [
                                {
                                    "operator_name": "PROJECTION",
                                    "cpu_time": 1.707145373000001,
                                    "extra_info": {
                                        "Projections": [
                                            "PostId",
                                            "title",
                                            "creationdate",
                                            "score",
                                            "viewcount",
                                            "CommentCount",
                                            "AnswerCount",
                                            "EditCount",
                                            "LastEditDate",
                                            "TotalBadges",
                                            "OwnerDisplayName"
                                        ],
                                        "Estimated Cardinality": "5897622"
                                    },
                                    "cumulative_cardinality": 39900133,
                                    "operator_type": "PROJECTION",
                                    "operator_cardinality": 74334,
                                    "cumulative_rows_scanned": 30319732,
                                    "operator_rows_scanned": 0,
                                    "operator_timing": 0.000031650000000000004,
                                    "result_set_size": 6838728,
                                    "children": [
                                        {
                                            "operator_name": "HASH_JOIN",
                                            "cpu_time": 1.707113723000001,
                                            "extra_info": {
                                                "Join Type": "LEFT",
                                                "Conditions": "owneruserid = userid",
                                                "Estimated Cardinality": "5897622"
                                            },
                                            "cumulative_cardinality": 39825799,
                                            "operator_type": "HASH_JOIN",
                                            "operator_cardinality": 74334,
                                            "cumulative_rows_scanned": 30319732,
                                            "operator_rows_scanned": 0,
                                            "operator_timing": 0.023505972,
                                            "result_set_size": 6838728,
                                            "children": [
                                                {
                                                    "operator_name": "HASH_JOIN",
                                                    "cpu_time": 1.6109701540000012,
                                                    "extra_info": {
                                                        "Join Type": "LEFT",
                                                        "Conditions": "PostId = postid",
                                                        "Estimated Cardinality": "5897622"
                                                    },
                                                    "cumulative_cardinality": 34558996,
                                                    "operator_type": "HASH_JOIN",
                                                    "operator_cardinality": 74334,
                                                    "cumulative_rows_scanned": 27998008,
                                                    "operator_rows_scanned": 0,
                                                    "operator_timing": 0.19055154900000007,
                                                    "result_set_size": 6541392,
                                                    "children": [
                                                        {
                                                            "operator_name": "PROJECTION",
                                                            "cpu_time": 0.5091120460000002,
                                                            "extra_info": {
                                                                "Projections": [
                                                                    "PostId",
                                                                    "title",
                                                                    "creationdate",
                                                                    "score",
                                                                    "viewcount",
                                                                    "CommentCount",
                                                                    "AnswerCount",
                                                                    "OwnerDisplayName",
                                                                    "owneruserid"
                                                                ],
                                                                "Estimated Cardinality": "3850116"
                                                            },
                                                            "cumulative_cardinality": 7044058,
                                                            "operator_type": "PROJECTION",
                                                            "operator_cardinality": 74334,
                                                            "cumulative_rows_scanned": 16202764,
                                                            "operator_rows_scanned": 0,
                                                            "operator_timing": 0.00044446400000000005,
                                                            "result_set_size": 5352048,
                                                            "children": [
                                                                {
                                                                    "operator_name": "PROJECTION",
                                                                    "cpu_time": 0.5086675820000002,
                                                                    "extra_info": {
                                                                        "Projections": [
                                                                            "#0",
                                                                            "#1",
                                                                            "#2",
                                                                            "__internal_decompress_integral_integer(#3, -72)",
                                                                            "#4",
                                                                            "#5",
                                                                            "#6",
                                                                            "#7",
                                                                            "#8"
                                                                        ],
                                                                        "Estimated Cardinality": "3850116"
                                                                    },
                                                                    "cumulative_cardinality": 6969724,
                                                                    "operator_type": "PROJECTION",
                                                                    "operator_cardinality": 74334,
                                                                    "cumulative_rows_scanned": 16202764,
                                                                    "operator_rows_scanned": 0,
                                                                    "operator_timing": 0.000043089,
                                                                    "result_set_size": 5352048,
                                                                    "children": [
                                                                        {
                                                                            "operator_name": "HASH_GROUP_BY",
                                                                            "cpu_time": 0.5086244930000001,
                                                                            "extra_info": {
                                                                                "Groups": [
                                                                                    "#0",
                                                                                    "#1",
                                                                                    "#2",
                                                                                    "#3",
                                                                                    "#4",
                                                                                    "#5",
                                                                                    "#6"
                                                                                ],
                                                                                "Aggregates": [
                                                                                    "count(DISTINCT #7)",
                                                                                    "count(DISTINCT #8)"
                                                                                ],
                                                                                "Estimated Cardinality": "3850116"
                                                                            },
                                                                            "cumulative_cardinality": 6895390,
                                                                            "operator_type": "HASH_GROUP_BY",
                                                                            "operator_cardinality": 74334,
                                                                            "cumulative_rows_scanned": 16202764,
                                                                            "operator_rows_scanned": 0,
                                                                            "operator_timing": 0.06209953699999998,
                                                                            "result_set_size": 5203380,
                                                                            "children": [
                                                                                {
                                                                                    "operator_name": "PROJECTION",
                                                                                    "cpu_time": 0.44652495600000014,
                                                                                    "extra_info": {
                                                                                        "Projections": [
                                                                                            "id",
                                                                                            "title",
                                                                                            "creationdate",
                                                                                            "score",
                                                                                            "viewcount",
                                                                                            "displayname",
                                                                                            "owneruserid",
                                                                                            "id",
                                                                                            "id"
                                                                                        ],
                                                                                        "Estimated Cardinality": "7241822"
                                                                                    },
                                                                                    "cumulative_cardinality": 6821056,
                                                                                    "operator_type": "PROJECTION",
                                                                                    "operator_cardinality": 282294,
                                                                                    "cumulative_rows_scanned": 16202764,
                                                                                    "operator_rows_scanned": 0,
                                                                                    "operator_timing": 0.00017855399999999993,
                                                                                    "result_set_size": 17502228,
                                                                                    "children": [
                                                                                        {
                                                                                            "operator_name": "PROJECTION",
                                                                                            "cpu_time": 0.44634640200000014,
                                                                                            "extra_info": {
                                                                                                "Projections": [
                                                                                                    "#0",
                                                                                                    "#1",
                                                                                                    "#2",
                                                                                                    "__internal_compress_integral_usmallint(#3, -72)",
                                                                                                    "#4",
                                                                                                    "#5",
                                                                                                    "#6",
                                                                                                    "#7",
                                                                                                    "#8"
                                                                                                ],
                                                                                                "Estimated Cardinality": "7241822"
                                                                                            },
                                                                                            "cumulative_cardinality": 6538762,
                                                                                            "operator_type": "PROJECTION",
                                                                                            "operator_cardinality": 282294,
                                                                                            "cumulative_rows_scanned": 16202764,
                                                                                            "operator_rows_scanned": 0,
                                                                                            "operator_timing": 0.000538642,
                                                                                            "result_set_size": 17502228,
                                                                                            "children": [
                                                                                                {
                                                                                                    "operator_name": "HASH_JOIN",
                                                                                                    "cpu_time": 0.44580776000000016,
                                                                                                    "extra_info": {
                                                                                                        "Join Type": "LEFT",
                                                                                                        "Conditions": "owneruserid = id",
                                                                                                        "Estimated Cardinality": "7241822"
                                                                                                    },
                                                                                                    "cumulative_cardinality": 6256468,
                                                                                                    "operator_type": "HASH_JOIN",
                                                                                                    "operator_cardinality": 282294,
                                                                                                    "cumulative_rows_scanned": 16202764,
                                                                                                    "operator_rows_scanned": 0,
                                                                                                    "operator_timing": 0.08701593600000004,
                                                                                                    "result_set_size": 18066816,
                                                                                                    "children": [
                                                                                                        {
                                                                                                            "operator_name": "HASH_JOIN",
                                                                                                            "cpu_time": 0.28274755100000015,
                                                                                                            "extra_info": {
                                                                                                                "Join Type": "LEFT",
                                                                                                                "Conditions": "id = parentid",
                                                                                                                "Estimated Cardinality": "7241822"
                                                                                                            },
                                                                                                            "cumulative_cardinality": 4713464,
                                                                                                            "operator_type": "HASH_JOIN",
                                                                                                            "operator_cardinality": 282294,
                                                                                                            "cumulative_rows_scanned": 14942054,
                                                                                                            "operator_rows_scanned": 0,
                                                                                                            "operator_timing": 0.12285010000000002,
                                                                                                            "result_set_size": 13550112,
                                                                                                            "children": [
                                                                                                                {
                                                                                                                    "operator_name": "HASH_JOIN",
                                                                                                                    "cpu_time": 0.11095017400000001,
                                                                                                                    "extra_info": {
                                                                                                                        "Join Type": "RIGHT",
                                                                                                                        "Conditions": "postid = id",
                                                                                                                        "Estimated Cardinality": "7241822"
                                                                                                                    },
                                                                                                                    "cumulative_cardinality": 581054,
                                                                                                                    "operator_type": "HASH_JOIN",
                                                                                                                    "operator_cardinality": 219656,
                                                                                                                    "cumulative_rows_scanned": 11091938,
                                                                                                                    "operator_rows_scanned": 0,
                                                                                                                    "operator_timing": 0.01624296699999999,
                                                                                                                    "result_set_size": 9664864,
                                                                                                                    "children": [
                                                                                                                        {
                                                                                                                            "operator_name": "READ_PARQUET ",
                                                                                                                            "cpu_time": 0.012977381000000001,
                                                                                                                            "extra_info": {
                                                                                                                                "Function": "READ_PARQUET",
                                                                                                                                "Projections": [
                                                                                                                                    "id",
                                                                                                                                    "postid"
                                                                                                                                ],
                                                                                                                                "Estimated Cardinality": "7241822"
                                                                                                                            },
                                                                                                                            "cumulative_cardinality": 287064,
                                                                                                                            "operator_type": "TABLE_SCAN",
                                                                                                                            "operator_cardinality": 287064,
                                                                                                                            "cumulative_rows_scanned": 7241822,
                                                                                                                            "operator_rows_scanned": 7241822,
                                                                                                                            "operator_timing": 0.012977381000000001,
                                                                                                                            "result_set_size": 2296512,
                                                                                                                            "children": []
                                                                                                                        },
                                                                                                                        {
                                                                                                                            "operator_name": "READ_PARQUET ",
                                                                                                                            "cpu_time": 0.08172982600000002,
                                                                                                                            "extra_info": {
                                                                                                                                "Function": "READ_PARQUET",
                                                                                                                                "Projections": [
                                                                                                                                    "id",
                                                                                                                                    "creationdate",
                                                                                                                                    "score",
                                                                                                                                    "viewcount",
                                                                                                                                    "owneruserid",
                                                                                                                                    "title"
                                                                                                                                ],
                                                                                                                                "Filters": [
                                                                                                                                    "posttypeid=1",
                                                                                                                                    "creationdate>='2023-10-01 12:34:56'::TIMESTAMP"
                                                                                                                                ],
                                                                                                                                "Estimated Cardinality": "770023"
                                                                                                                            },
                                                                                                                            "cumulative_cardinality": 74334,
                                                                                                                            "operator_type": "TABLE_SCAN",
                                                                                                                            "operator_cardinality": 74334,
                                                                                                                            "cumulative_rows_scanned": 3850116,
                                                                                                                            "operator_rows_scanned": 3850116,
                                                                                                                            "operator_timing": 0.08172982600000002,
                                                                                                                            "result_set_size": 2973360,
                                                                                                                            "children": []
                                                                                                                        }
                                                                                                                    ]
                                                                                                                },
                                                                                                                {
                                                                                                                    "operator_name": "READ_PARQUET ",
                                                                                                                    "cpu_time": 0.0489472770000001,
                                                                                                                    "extra_info": {
                                                                                                                        "Function": "READ_PARQUET",
                                                                                                                        "Projections": [
                                                                                                                            "id",
                                                                                                                            "parentid"
                                                                                                                        ],
                                                                                                                        "Estimated Cardinality": "3850116"
                                                                                                                    },
                                                                                                                    "cumulative_cardinality": 3850116,
                                                                                                                    "operator_type": "TABLE_SCAN",
                                                                                                                    "operator_cardinality": 3850116,
                                                                                                                    "cumulative_rows_scanned": 3850116,
                                                                                                                    "operator_rows_scanned": 3850116,
                                                                                                                    "operator_timing": 0.0489472770000001,
                                                                                                                    "result_set_size": 30800928,
                                                                                                                    "children": []
                                                                                                                }
                                                                                                            ]
                                                                                                        },
                                                                                                        {
                                                                                                            "operator_name": "READ_PARQUET ",
                                                                                                            "cpu_time": 0.07604427300000001,
                                                                                                            "extra_info": {
                                                                                                                "Function": "READ_PARQUET",
                                                                                                                "Projections": [
                                                                                                                    "id",
                                                                                                                    "displayname"
                                                                                                                ],
                                                                                                                "Estimated Cardinality": "1260710"
                                                                                                            },
                                                                                                            "cumulative_cardinality": 1260710,
                                                                                                            "operator_type": "TABLE_SCAN",
                                                                                                            "operator_cardinality": 1260710,
                                                                                                            "cumulative_rows_scanned": 1260710,
                                                                                                            "operator_rows_scanned": 1260710,
                                                                                                            "operator_timing": 0.07604427300000001,
                                                                                                            "result_set_size": 25214200,
                                                                                                            "children": []
                                                                                                        }
                                                                                                    ]
                                                                                                }
                                                                                            ]
                                                                                        }
                                                                                    ]
                                                                                }
                                                                            ]
                                                                        }
                                                                    ]
                                                                }
                                                            ]
                                                        },
                                                        {
                                                            "operator_name": "HASH_GROUP_BY",
                                                            "cpu_time": 0.9113065590000011,
                                                            "extra_info": {
                                                                "Groups": "#0",
                                                                "Aggregates": [
                                                                    "count_star()",
                                                                    "max(#1)"
                                                                ],
                                                                "Estimated Cardinality": "5897622"
                                                            },
                                                            "cumulative_cardinality": 27440604,
                                                            "operator_type": "HASH_GROUP_BY",
                                                            "operator_cardinality": 3850116,
                                                            "cumulative_rows_scanned": 11795244,
                                                            "operator_rows_scanned": 0,
                                                            "operator_timing": 0.6957162480000011,
                                                            "result_set_size": 77002320,
                                                            "children": [
                                                                {
                                                                    "operator_name": "PROJECTION",
                                                                    "cpu_time": 0.215590311,
                                                                    "extra_info": {
                                                                        "Projections": [
                                                                            "postid",
                                                                            "creationdate"
                                                                        ],
                                                                        "Estimated Cardinality": "11795244"
                                                                    },
                                                                    "cumulative_cardinality": 23590488,
                                                                    "operator_type": "PROJECTION",
                                                                    "operator_cardinality": 11795244,
                                                                    "cumulative_rows_scanned": 11795244,
                                                                    "operator_rows_scanned": 0,
                                                                    "operator_timing": 0.0010901399999999994,
                                                                    "result_set_size": 141542928,
                                                                    "children": [
                                                                        {
                                                                            "operator_name": "READ_PARQUET ",
                                                                            "cpu_time": 0.21450017100000002,
                                                                            "extra_info": {
                                                                                "Function": "READ_PARQUET",
                                                                                "Projections": [
                                                                                    "postid",
                                                                                    "creationdate"
                                                                                ],
                                                                                "Estimated Cardinality": "11795244"
                                                                            },
                                                                            "cumulative_cardinality": 11795244,
                                                                            "operator_type": "TABLE_SCAN",
                                                                            "operator_cardinality": 11795244,
                                                                            "cumulative_rows_scanned": 11795244,
                                                                            "operator_rows_scanned": 11795244,
                                                                            "operator_timing": 0.21450017100000002,
                                                                            "result_set_size": 141542928,
                                                                            "children": []
                                                                        }
                                                                    ]
                                                                }
                                                            ]
                                                        }
                                                    ]
                                                },
                                                {
                                                    "operator_name": "HASH_GROUP_BY",
                                                    "cpu_time": 0.07263759699999994,
                                                    "extra_info": {
                                                        "Groups": "#0",
                                                        "Aggregates": "count_star()",
                                                        "Estimated Cardinality": "1160862"
                                                    },
                                                    "cumulative_cardinality": 5192469,
                                                    "operator_type": "HASH_GROUP_BY",
                                                    "operator_cardinality": 549021,
                                                    "cumulative_rows_scanned": 2321724,
                                                    "operator_rows_scanned": 0,
                                                    "operator_timing": 0.06130750299999995,
                                                    "result_set_size": 6588252,
                                                    "children": [
                                                        {
                                                            "operator_name": "PROJECTION",
                                                            "cpu_time": 0.011330093999999988,
                                                            "extra_info": {
                                                                "Projections": "userid",
                                                                "Estimated Cardinality": "2321724"
                                                            },
                                                            "cumulative_cardinality": 4643448,
                                                            "operator_type": "PROJECTION",
                                                            "operator_cardinality": 2321724,
                                                            "cumulative_rows_scanned": 2321724,
                                                            "operator_rows_scanned": 0,
                                                            "operator_timing": 0.0001853779999999996,
                                                            "result_set_size": 9286896,
                                                            "children": [
                                                                {
                                                                    "operator_name": "READ_PARQUET ",
                                                                    "cpu_time": 0.011144715999999989,
                                                                    "extra_info": {
                                                                        "Function": "READ_PARQUET",
                                                                        "Projections": "userid",
                                                                        "Estimated Cardinality": "2321724"
                                                                    },
                                                                    "cumulative_cardinality": 2321724,
                                                                    "operator_type": "TABLE_SCAN",
                                                                    "operator_cardinality": 2321724,
                                                                    "cumulative_rows_scanned": 2321724,
                                                                    "operator_rows_scanned": 2321724,
                                                                    "operator_timing": 0.011144715999999989,
                                                                    "result_set_size": 9286896,
                                                                    "children": []
                                                                }
                                                            ]
                                                        }
                                                    ]
                                                }
                                            ]
                                        }
                                    ]
                                }
                            ]
                        }
                    ]
                }
            ]
        }
    ]
}