{
    "rows_returned": 100,
    "query_name": "\nWITH UserBadges AS (\n    SELECT \n        U.Id AS UserId,\n        U.DisplayName,\n        COUNT(B.Id) AS BadgeCount,\n        SUM(CASE WHEN B.Class = 1 THEN 1 ELSE 0 END) AS GoldBadgeCount,\n        SUM(CASE WHEN B.Class = 2 THEN 1 ELSE 0 END) AS SilverBadgeCount,\n        SUM(CASE WHEN B.Class = 3 THEN 1 ELSE 0 END) AS BronzeBadgeCount\n    FROM \n        Users U\n    LEFT JOIN \n        Badges B ON U.Id = B.UserId\n    GROUP BY \n        U.Id, U.DisplayName\n), PostDetails AS (\n    SELECT \n        P.OwnerUserId,\n        COUNT(CASE WHEN P.PostTypeId = 1 THEN 1 END) AS QuestionCount,\n        COUNT(CASE WHEN P.PostTypeId = 2 THEN 1 END) AS AnswerCount,\n        SUM(P.Score) AS TotalScore,\n        SUM(P.ViewCount) AS TotalViews\n    FROM \n        Posts P\n    GROUP BY \n        P.OwnerUserId\n), CombinedData AS (\n    SELECT \n        U.Id AS UserId,\n        U.DisplayName,\n        COALESCE(UB.BadgeCount, 0) AS BadgeCount,\n        COALESCE(UB.GoldBadgeCount, 0) AS GoldBadgeCount,\n        COALESCE(UB.SilverBadgeCount, 0) AS SilverBadgeCount,\n        COALESCE(UB.BronzeBadgeCount, 0) AS BronzeBadgeCount,\n        COALESCE(PD.QuestionCount, 0) AS QuestionCount,\n        COALESCE(PD.AnswerCount, 0) AS AnswerCount,\n        COALESCE(PD.TotalScore, 0) AS TotalScore,\n        COALESCE(PD.TotalViews, 0) AS TotalViews\n    FROM \n        Users U\n    LEFT JOIN \n        UserBadges UB ON U.Id = UB.UserId\n    LEFT JOIN \n        PostDetails PD ON U.Id = PD.OwnerUserId\n)\nSELECT \n    UserId,\n    DisplayName,\n    BadgeCount,\n    GoldBadgeCount,\n    SilverBadgeCount,\n    BronzeBadgeCount,\n    QuestionCount,\n    AnswerCount,\n    TotalScore,\n    TotalViews\nFROM \n    CombinedData\nORDER BY \n    TotalScore DESC, BadgeCount DESC, DisplayName ASC\nFETCH FIRST 100 ROWS ONLY;\n",
    "blocked_thread_time": 0.0,
    "cpu_time": 1.976586388,
    "extra_info": {},
    "cumulative_cardinality": 25289580,
    "cumulative_rows_scanned": 8693260,
    "result_set_size": 12400,
    "latency": 2.567393605,
    "children": [
        {
            "operator_name": "STREAMING_LIMIT",
            "cpu_time": 1.976586388,
            "extra_info": {},
            "cumulative_cardinality": 25289580,
            "operator_type": "STREAMING_LIMIT",
            "operator_cardinality": 100,
            "cumulative_rows_scanned": 8693260,
            "operator_rows_scanned": 0,
            "operator_timing": 0.000004057,
            "result_set_size": 12400,
            "children": [
                {
                    "operator_name": "ORDER_BY",
                    "cpu_time": 1.9765823310000001,
                    "extra_info": {
                        "Order By": [
                            "CombinedData.TotalScore DESC",
                            "CombinedData.BadgeCount DESC",
                            "CombinedData.DisplayName ASC"
                        ]
                    },
                    "cumulative_cardinality": 25289480,
                    "operator_type": "ORDER_BY",
                    "operator_cardinality": 4096,
                    "cumulative_rows_scanned": 8693260,
                    "operator_rows_scanned": 0,
                    "operator_timing": 0.3349893500000001,
                    "result_set_size": 507904,
                    "children": [
                        {
                            "operator_name": "PROJECTION",
                            "cpu_time": 1.641592981,
                            "extra_info": {
                                "Projections": [
                                    "UserId",
                                    "displayname",
                                    "BadgeCount",
                                    "GoldBadgeCount",
                                    "SilverBadgeCount",
                                    "BronzeBadgeCount",
                                    "QuestionCount",
                                    "AnswerCount",
                                    "TotalScore",
                                    "TotalViews"
                                ],
                                "Estimated Cardinality": "1925058"
                            },
                            "cumulative_cardinality": 25285384,
                            "operator_type": "PROJECTION",
                            "operator_cardinality": 1260710,
                            "cumulative_rows_scanned": 8693260,
                            "operator_rows_scanned": 0,
                            "operator_timing": 0.05468777899999999,
                            "result_set_size": 156328040,
                            "children": [
                                {
                                    "operator_name": "HASH_JOIN",
                                    "cpu_time": 1.586905202,
                                    "extra_info": {
                                        "Join Type": "RIGHT",
                                        "Conditions": "owneruserid = id",
                                        "Estimated Cardinality": "1925058"
                                    },
                                    "cumulative_cardinality": 24024674,
                                    "operator_type": "HASH_JOIN",
                                    "operator_cardinality": 1260710,
                                    "cumulative_rows_scanned": 8693260,
                                    "operator_rows_scanned": 0,
                                    "operator_timing": 0.16969247599999987,
                                    "result_set_size": 156328040,
                                    "children": [
                                        {
                                            "operator_name": "HASH_GROUP_BY",
                                            "cpu_time": 0.3028191340000001,
                                            "extra_info": {
                                                "Groups": "#0",
                                                "Aggregates": [
                                                    "count(#1)",
                                                    "count(#2)",
                                                    "sum(#3)",
                                                    "sum(#4)"
                                                ],
                                                "Estimated Cardinality": "1925058"
                                            },
                                            "cumulative_cardinality": 8071864,
                                            "operator_type": "HASH_GROUP_BY",
                                            "operator_cardinality": 371632,
                                            "cumulative_rows_scanned": 3850116,
                                            "operator_rows_scanned": 0,
                                            "operator_timing": 0.16649002500000015,
                                            "result_set_size": 19324864,
                                            "children": [
                                                {
                                                    "operator_name": "PROJECTION",
                                                    "cpu_time": 0.13632910899999995,
                                                    "extra_info": {
                                                        "Projections": [
                                                            "owneruserid",
                                                            "CASE  WHEN ((posttypeid = 1)) THEN (1) ELSE NULL END",
                                                            "CASE  WHEN ((posttypeid = 2)) THEN (1) ELSE NULL END",
                                                            "score",
                                                            "viewcount"
                                                        ],
                                                        "Estimated Cardinality": "3850116"
                                                    },
                                                    "cumulative_cardinality": 7700232,
                                                    "operator_type": "PROJECTION",
                                                    "operator_cardinality": 3850116,
                                                    "cumulative_rows_scanned": 3850116,
                                                    "operator_rows_scanned": 0,
                                                    "operator_timing": 0.053425019999999906,
                                                    "result_set_size": 77002320,
                                                    "children": [
                                                        {
                                                            "operator_name": "READ_PARQUET ",
                                                            "cpu_time": 0.08290408900000004,
                                                            "extra_info": {
                                                                "Function": "READ_PARQUET",
                                                                "Projections": [
                                                                    "posttypeid",
                                                                    "score",
                                                                    "viewcount",
                                                                    "owneruserid"
                                                                ],
                                                                "Estimated Cardinality": "3850116"
                                                            },
                                                            "cumulative_cardinality": 3850116,
                                                            "operator_type": "TABLE_SCAN",
                                                            "operator_cardinality": 3850116,
                                                            "cumulative_rows_scanned": 3850116,
                                                            "operator_rows_scanned": 3850116,
                                                            "operator_timing": 0.08290408900000004,
                                                            "result_set_size": 53901624,
                                                            "children": []
                                                        }
                                                    ]
                                                }
                                            ]
                                        },
                                        {
                                            "operator_name": "HASH_JOIN",
                                            "cpu_time": 1.114393592,
                                            "extra_info": {
                                                "Join Type": "RIGHT",
                                                "Conditions": "UserId = id",
                                                "Estimated Cardinality": "1260710"
                                            },
                                            "cumulative_cardinality": 14692100,
                                            "operator_type": "HASH_JOIN",
                                            "operator_cardinality": 1260710,
                                            "cumulative_rows_scanned": 4843144,
                                            "operator_rows_scanned": 0,
                                            "operator_timing": 0.14252819099999992,
                                            "result_set_size": 95813960,
                                            "children": [
                                                {
                                                    "operator_name": "PROJECTION",
                                                    "cpu_time": 0.8946451200000002,
                                                    "extra_info": {
                                                        "Projections": [
                                                            "UserId",
                                                            "BadgeCount",
                                                            "GoldBadgeCount",
                                                            "SilverBadgeCount",
                                                            "BronzeBadgeCount"
                                                        ],
                                                        "Estimated Cardinality": "1260710"
                                                    },
                                                    "cumulative_cardinality": 12170680,
                                                    "operator_type": "PROJECTION",
                                                    "operator_cardinality": 1260710,
                                                    "cumulative_rows_scanned": 3582434,
                                                    "operator_rows_scanned": 0,
                                                    "operator_timing": 0.00022300399999999936,
                                                    "result_set_size": 75642600,
                                                    "children": [
                                                        {
                                                            "operator_name": "HASH_GROUP_BY",
                                                            "cpu_time": 0.8944221160000002,
                                                            "extra_info": {
                                                                "Groups": [
                                                                    "#0",
                                                                    "#1"
                                                                ],
                                                                "Aggregates": [
                                                                    "count(#2)",
                                                                    "sum(#3)",
                                                                    "sum(#4)",
                                                                    "sum(#5)"
                                                                ],
                                                                "Estimated Cardinality": "1260710"
                                                            },
                                                            "cumulative_cardinality": 10909970,
                                                            "operator_type": "HASH_GROUP_BY",
                                                            "operator_cardinality": 1260710,
                                                            "cumulative_rows_scanned": 3582434,
                                                            "operator_rows_scanned": 0,
                                                            "operator_timing": 0.5409981440000005,
                                                            "result_set_size": 95813960,
                                                            "children": [
                                                                {
                                                                    "operator_name": "PROJECTION",
                                                                    "cpu_time": 0.35342397199999975,
                                                                    "extra_info": {
                                                                        "Projections": [
                                                                            "id",
                                                                            "displayname",
                                                                            "id",
                                                                            "CASE  WHEN ((class = 1)) THEN (1) ELSE 0 END",
                                                                            "CASE  WHEN ((class = 2)) THEN (1) ELSE 0 END",
                                                                            "CASE  WHEN ((class = 3)) THEN (1) ELSE 0 END"
                                                                        ],
                                                                        "Estimated Cardinality": "2321724"
                                                                    },
                                                                    "cumulative_cardinality": 9649260,
                                                                    "operator_type": "PROJECTION",
                                                                    "operator_cardinality": 3033413,
                                                                    "cumulative_rows_scanned": 3582434,
                                                                    "operator_rows_scanned": 0,
                                                                    "operator_timing": 0.016438081999999965,
                                                                    "result_set_size": 109202868,
                                                                    "children": [
                                                                        {
                                                                            "operator_name": "HASH_JOIN",
                                                                            "cpu_time": 0.3369858899999998,
                                                                            "extra_info": {
                                                                                "Join Type": "RIGHT",
                                                                                "Conditions": "userid = id",
                                                                                "Estimated Cardinality": "2321724"
                                                                            },
                                                                            "cumulative_cardinality": 6615847,
                                                                            "operator_type": "HASH_JOIN",
                                                                            "operator_cardinality": 3033413,
                                                                            "cumulative_rows_scanned": 3582434,
                                                                            "operator_rows_scanned": 0,
                                                                            "operator_timing": 0.20599535799999977,
                                                                            "result_set_size": 78868738,
                                                                            "children": [
                                                                                {
                                                                                    "operator_name": "READ_PARQUET ",
                                                                                    "cpu_time": 0.05506096699999997,
                                                                                    "extra_info": {
                                                                                        "Function": "READ_PARQUET",
                                                                                        "Projections": [
                                                                                            "id",
                                                                                            "userid",
                                                                                            "class"
                                                                                        ],
                                                                                        "Estimated Cardinality": "2321724"
                                                                                    },
                                                                                    "cumulative_cardinality": 2321724,
                                                                                    "operator_type": "TABLE_SCAN",
                                                                                    "operator_cardinality": 2321724,
                                                                                    "cumulative_rows_scanned": 2321724,
                                                                                    "operator_rows_scanned": 2321724,
                                                                                    "operator_timing": 0.05506096699999997,
                                                                                    "result_set_size": 23217240,
                                                                                    "children": []
                                                                                },
                                                                                {
                                                                                    "operator_name": "READ_PARQUET ",
                                                                                    "cpu_time": 0.075929565,
                                                                                    "extra_info": {
                                                                                        "Function": "READ_PARQUET",
                                                                                        "Projections": [
                                                                                            "id",
                                                                                            "displayname"
                                                                                        ],
                                                                                        "Estimated Cardinality": "1260710"
                                                                                    },
                                                                                    "cumulative_cardinality": 1260710,
                                                                                    "operator_type": "TABLE_SCAN",
                                                                                    "operator_cardinality": 1260710,
                                                                                    "cumulative_rows_scanned": 1260710,
                                                                                    "operator_rows_scanned": 1260710,
                                                                                    "operator_timing": 0.075929565,
                                                                                    "result_set_size": 25214200,
                                                                                    "children": []
                                                                                }
                                                                            ]
                                                                        }
                                                                    ]
                                                                }
                                                            ]
                                                        }
                                                    ]
                                                },
                                                {
                                                    "operator_name": "READ_PARQUET ",
                                                    "cpu_time": 0.07722028099999992,
                                                    "extra_info": {
                                                        "Function": "READ_PARQUET",
                                                        "Projections": [
                                                            "id",
                                                            "displayname"
                                                        ],
                                                        "Estimated Cardinality": "1260710"
                                                    },
                                                    "cumulative_cardinality": 1260710,
                                                    "operator_type": "TABLE_SCAN",
                                                    "operator_cardinality": 1260710,
                                                    "cumulative_rows_scanned": 1260710,
                                                    "operator_rows_scanned": 1260710,
                                                    "operator_timing": 0.07722028099999992,
                                                    "result_set_size": 25214200,
                                                    "children": []
                                                }
                                            ]
                                        }
                                    ]
                                }
                            ]
                        }
                    ]
                }
            ]
        }
    ]
}