{
    "rows_returned": 100,
    "query_name": "\nWITH UserActivity AS (\n    SELECT \n        u.Id AS UserId,\n        u.DisplayName,\n        COUNT(p.Id) AS PostCount,\n        SUM(CASE WHEN p.Score > 0 THEN 1 ELSE 0 END) AS UpvotedPosts,\n        SUM(CASE WHEN p.Score < 0 THEN 1 ELSE 0 END) AS DownvotedPosts,\n        COALESCE(SUM(v.BountyAmount), 0) AS TotalBounties,\n        COALESCE(SUM(b.Class), 0) AS TotalBadges\n    FROM \n        Users u\n    LEFT JOIN \n        Posts p ON u.Id = p.OwnerUserId\n    LEFT JOIN \n        Votes v ON p.Id = v.PostId\n    LEFT JOIN \n        Badges b ON u.Id = b.UserId\n    GROUP BY \n        u.Id, u.DisplayName\n),\nPostStatistics AS (\n    SELECT \n        p.Id AS PostId,\n        p.Title,\n        p.CreationDate,\n        COALESCE(SUM(CASE WHEN v.VoteTypeId = 2 THEN 1 ELSE 0 END), 0) AS Upvotes,\n        COALESCE(SUM(CASE WHEN v.VoteTypeId = 3 THEN 1 ELSE 0 END), 0) AS Downvotes,\n        COUNT(c.Id) AS CommentCount,\n        SUM(CASE WHEN ph.PostHistoryTypeId = 10 THEN 1 ELSE 0 END) AS ClosedCount,\n        SUM(CASE WHEN ph.PostHistoryTypeId = 11 THEN 1 ELSE 0 END) AS ReopenedCount\n    FROM \n        Posts p\n    LEFT JOIN \n        Votes v ON p.Id = v.PostId\n    LEFT JOIN \n        Comments c ON p.Id = c.PostId\n    LEFT JOIN \n        PostHistory ph ON p.Id = ph.PostId\n    GROUP BY \n        p.Id, p.Title, p.CreationDate\n)\nSELECT \n    ua.DisplayName,\n    ua.PostCount,\n    ua.UpvotedPosts,\n    ua.DownvotedPosts,\n    ua.TotalBounties,\n    ua.TotalBadges,\n    ps.PostId,\n    ps.Title,\n    ps.CreationDate,\n    ps.Upvotes,\n    ps.Downvotes,\n    ps.CommentCount,\n    ps.ClosedCount,\n    ps.ReopenedCount\nFROM \n    UserActivity ua\nJOIN \n    PostStatistics ps ON ua.UserId = ps.PostId\nWHERE \n    ua.PostCount > 0 \nORDER BY \n    ua.TotalBadges DESC, \n    ps.Upvotes DESC\nLIMIT 100;\n",
    "blocked_thread_time": 0.0,
    "cpu_time": 114.59042396099166,
    "extra_info": {},
    "cumulative_cardinality": 9998528852,
    "cumulative_rows_scanned": 55807918,
    "result_set_size": 18800,
    "latency": 154.787990393,
    "children": [
        {
            "operator_name": "STREAMING_LIMIT",
            "cpu_time": 114.59042396099166,
            "extra_info": {},
            "cumulative_cardinality": 9998528852,
            "operator_type": "STREAMING_LIMIT",
            "operator_cardinality": 100,
            "cumulative_rows_scanned": 55807918,
            "operator_rows_scanned": 0,
            "operator_timing": 0.00000488,
            "result_set_size": 18800,
            "children": [
                {
                    "operator_name": "ORDER_BY",
                    "cpu_time": 114.59041908099165,
                    "extra_info": {
                        "Order By": [
                            "ua.TotalBadges DESC",
                            "ps.Upvotes DESC"
                        ]
                    },
                    "cumulative_cardinality": 9998528752,
                    "operator_type": "ORDER_BY",
                    "operator_cardinality": 4096,
                    "cumulative_rows_scanned": 55807918,
                    "operator_rows_scanned": 0,
                    "operator_timing": 0.04783725099999999,
                    "result_set_size": 770048,
                    "children": [
                        {
                            "operator_name": "PROJECTION",
                            "cpu_time": 114.54258182999165,
                            "extra_info": {
                                "Projections": [
                                    "displayname",
                                    "PostCount",
                                    "UpvotedPosts",
                                    "DownvotedPosts",
                                    "TotalBounties",
                                    "TotalBadges",
                                    "PostId",
                                    "title",
                                    "creationdate",
                                    "Upvotes",
                                    "Downvotes",
                                    "CommentCount",
                                    "ClosedCount",
                                    "ReopenedCount"
                                ],
                                "Estimated Cardinality": "770023"
                            },
                            "cumulative_cardinality": 9998524656,
                            "operator_type": "PROJECTION",
                            "operator_cardinality": 309964,
                            "cumulative_rows_scanned": 55807918,
                            "operator_rows_scanned": 0,
                            "operator_timing": 0.000516838,
                            "result_set_size": 58273232,
                            "children": [
                                {
                                    "operator_name": "HASH_JOIN",
                                    "cpu_time": 114.54206499199165,
                                    "extra_info": {
                                        "Join Type": "INNER",
                                        "Conditions": "PostId = UserId",
                                        "Estimated Cardinality": "770023"
                                    },
                                    "cumulative_cardinality": 9998214692,
                                    "operator_type": "HASH_JOIN",
                                    "operator_cardinality": 309964,
                                    "cumulative_rows_scanned": 55807918,
                                    "operator_rows_scanned": 0,
                                    "operator_timing": 0.08873935500000012,
                                    "result_set_size": 59513088,
                                    "children": [
                                        {
                                            "operator_name": "PROJECTION",
                                            "cpu_time": 11.392768395000052,
                                            "extra_info": {
                                                "Projections": [
                                                    "PostId",
                                                    "title",
                                                    "creationdate",
                                                    "Upvotes",
                                                    "Downvotes",
                                                    "CommentCount",
                                                    "ClosedCount",
                                                    "ReopenedCount"
                                                ],
                                                "Estimated Cardinality": "3850116"
                                            },
                                            "cumulative_cardinality": 556786386,
                                            "operator_type": "PROJECTION",
                                            "operator_cardinality": 1156110,
                                            "cumulative_rows_scanned": 35631275,
                                            "operator_rows_scanned": 0,
                                            "operator_timing": 0.013849158000000002,
                                            "result_set_size": 115611000,
                                            "children": [
                                                {
                                                    "operator_name": "HASH_GROUP_BY",
                                                    "cpu_time": 11.378919237000053,
                                                    "extra_info": {
                                                        "Groups": [
                                                            "#0",
                                                            "#1",
                                                            "#2"
                                                        ],
                                                        "Aggregates": [
                                                            "sum(#3)",
                                                            "sum(#4)",
                                                            "count(#5)",
                                                            "sum(#6)",
                                                            "sum(#7)"
                                                        ],
                                                        "Estimated Cardinality": "3850116"
                                                    },
                                                    "cumulative_cardinality": 555630276,
                                                    "operator_type": "HASH_GROUP_BY",
                                                    "operator_cardinality": 1156110,
                                                    "cumulative_rows_scanned": 35631275,
                                                    "operator_rows_scanned": 0,
                                                    "operator_timing": 4.307859673999984,
                                                    "result_set_size": 115611000,
                                                    "children": [
                                                        {
                                                            "operator_name": "PROJECTION",
                                                            "cpu_time": 7.071059563000069,
                                                            "extra_info": {
                                                                "Projections": [
                                                                    "id",
                                                                    "title",
                                                                    "creationdate",
                                                                    "CASE  WHEN ((votetypeid = 2)) THEN (1) ELSE 0 END",
                                                                    "CASE  WHEN ((votetypeid = 3)) THEN (1) ELSE 0 END",
                                                                    "id",
                                                                    "CASE  WHEN ((posthistorytypeid = 10)) THEN (1) ELSE 0 END",
                                                                    "CASE  WHEN ((posthistorytypeid = 11)) THEN (1) ELSE 0 END"
                                                                ],
                                                                "Estimated Cardinality": "12744093"
                                                            },
                                                            "cumulative_cardinality": 554474166,
                                                            "operator_type": "PROJECTION",
                                                            "operator_cardinality": 92634881,
                                                            "cumulative_rows_scanned": 35631275,
                                                            "operator_rows_scanned": 0,
                                                            "operator_timing": 0.8703630519999989,
                                                            "result_set_size": 4446474288,
                                                            "children": [
                                                                {
                                                                    "operator_name": "PROJECTION",
                                                                    "cpu_time": 6.20069651100007,
                                                                    "extra_info": {
                                                                        "Projections": [
                                                                            "#0",
                                                                            "#1",
                                                                            "#2",
                                                                            "#3",
                                                                            "#4",
                                                                            "__internal_decompress_integral_smallint(#5, 1)"
                                                                        ],
                                                                        "Estimated Cardinality": "12744093"
                                                                    },
                                                                    "cumulative_cardinality": 461839285,
                                                                    "operator_type": "PROJECTION",
                                                                    "operator_cardinality": 92634881,
                                                                    "cumulative_rows_scanned": 35631275,
                                                                    "operator_rows_scanned": 0,
                                                                    "operator_timing": 0.06388034600000189,
                                                                    "result_set_size": 3334855716,
                                                                    "children": [
                                                                        {
                                                                            "operator_name": "FILTER",
                                                                            "cpu_time": 6.136816165000067,
                                                                            "extra_info": {
                                                                                "Expression": "(#1 <= 1416570)",
                                                                                "Estimated Cardinality": "12744093"
                                                                            },
                                                                            "cumulative_cardinality": 369204404,
                                                                            "operator_type": "FILTER",
                                                                            "operator_cardinality": 92634881,
                                                                            "cumulative_rows_scanned": 35631275,
                                                                            "operator_rows_scanned": 0,
                                                                            "operator_timing": 0.46096887200000586,
                                                                            "result_set_size": 3242220835,
                                                                            "children": [
                                                                                {
                                                                                    "operator_name": "HASH_JOIN",
                                                                                    "cpu_time": 5.675847293000062,
                                                                                    "extra_info": {
                                                                                        "Join Type": "LEFT",
                                                                                        "Conditions": "id = postid",
                                                                                        "Estimated Cardinality": "12744093"
                                                                                    },
                                                                                    "cumulative_cardinality": 276569523,
                                                                                    "operator_type": "HASH_JOIN",
                                                                                    "operator_cardinality": 182657208,
                                                                                    "cumulative_rows_scanned": 35631275,
                                                                                    "operator_rows_scanned": 0,
                                                                                    "operator_timing": 2.894244692000049,
                                                                                    "result_set_size": 6393002280,
                                                                                    "children": [
                                                                                        {
                                                                                            "operator_name": "HASH_JOIN",
                                                                                            "cpu_time": 2.6573082630000138,
                                                                                            "extra_info": {
                                                                                                "Join Type": "LEFT",
                                                                                                "Conditions": "id = postid",
                                                                                                "Estimated Cardinality": "12744093"
                                                                                            },
                                                                                            "cumulative_cardinality": 70321827,
                                                                                            "operator_type": "HASH_JOIN",
                                                                                            "operator_cardinality": 35129590,
                                                                                            "cumulative_rows_scanned": 23836031,
                                                                                            "operator_rows_scanned": 0,
                                                                                            "operator_timing": 1.018512381000006,
                                                                                            "result_set_size": 1194406060,
                                                                                            "children": [
                                                                                                {
                                                                                                    "operator_name": "HASH_JOIN",
                                                                                                    "cpu_time": 1.562699757000008,
                                                                                                    "extra_info": {
                                                                                                        "Join Type": "RIGHT",
                                                                                                        "Conditions": "postid = id",
                                                                                                        "Estimated Cardinality": "12744093"
                                                                                                    },
                                                                                                    "cumulative_cardinality": 27950415,
                                                                                                    "operator_type": "HASH_JOIN",
                                                                                                    "operator_cardinality": 11356206,
                                                                                                    "cumulative_rows_scanned": 16594209,
                                                                                                    "operator_rows_scanned": 0,
                                                                                                    "operator_timing": 0.9510701950000074,
                                                                                                    "result_set_size": 340686180,
                                                                                                    "children": [
                                                                                                        {
                                                                                                            "operator_name": "READ_PARQUET ",
                                                                                                            "cpu_time": 0.22525439600000036,
                                                                                                            "extra_info": {
                                                                                                                "Function": "READ_PARQUET",
                                                                                                                "Projections": [
                                                                                                                    "postid",
                                                                                                                    "votetypeid"
                                                                                                                ],
                                                                                                                "Estimated Cardinality": "12744093"
                                                                                                            },
                                                                                                            "cumulative_cardinality": 12744093,
                                                                                                            "operator_type": "TABLE_SCAN",
                                                                                                            "operator_cardinality": 12744093,
                                                                                                            "cumulative_rows_scanned": 12744093,
                                                                                                            "operator_rows_scanned": 12744093,
                                                                                                            "operator_timing": 0.22525439600000036,
                                                                                                            "result_set_size": 76464558,
                                                                                                            "children": []
                                                                                                        },
                                                                                                        {
                                                                                                            "operator_name": "READ_PARQUET ",
                                                                                                            "cpu_time": 0.3863751660000003,
                                                                                                            "extra_info": {
                                                                                                                "Function": "READ_PARQUET",
                                                                                                                "Projections": [
                                                                                                                    "id",
                                                                                                                    "creationdate",
                                                                                                                    "title"
                                                                                                                ],
                                                                                                                "Estimated Cardinality": "3850116"
                                                                                                            },
                                                                                                            "cumulative_cardinality": 3850116,
                                                                                                            "operator_type": "TABLE_SCAN",
                                                                                                            "operator_cardinality": 3850116,
                                                                                                            "cumulative_rows_scanned": 3850116,
                                                                                                            "operator_rows_scanned": 3850116,
                                                                                                            "operator_timing": 0.3863751660000003,
                                                                                                            "result_set_size": 107803248,
                                                                                                            "children": []
                                                                                                        }
                                                                                                    ]
                                                                                                },
                                                                                                {
                                                                                                    "operator_name": "READ_PARQUET ",
                                                                                                    "cpu_time": 0.07609612499999999,
                                                                                                    "extra_info": {
                                                                                                        "Function": "READ_PARQUET",
                                                                                                        "Projections": [
                                                                                                            "id",
                                                                                                            "postid"
                                                                                                        ],
                                                                                                        "Estimated Cardinality": "7241822"
                                                                                                    },
                                                                                                    "cumulative_cardinality": 7241822,
                                                                                                    "operator_type": "TABLE_SCAN",
                                                                                                    "operator_cardinality": 7241822,
                                                                                                    "cumulative_rows_scanned": 7241822,
                                                                                                    "operator_rows_scanned": 7241822,
                                                                                                    "operator_timing": 0.07609612499999999,
                                                                                                    "result_set_size": 57934576,
                                                                                                    "children": []
                                                                                                }
                                                                                            ]
                                                                                        },
                                                                                        {
                                                                                            "operator_name": "PROJECTION",
                                                                                            "cpu_time": 0.12429433799999981,
                                                                                            "extra_info": {
                                                                                                "Projections": [
                                                                                                    "__internal_compress_integral_utinyint(#0, 1)",
                                                                                                    "#1"
                                                                                                ],
                                                                                                "Estimated Cardinality": "11795244"
                                                                                            },
                                                                                            "cumulative_cardinality": 23590488,
                                                                                            "operator_type": "PROJECTION",
                                                                                            "operator_cardinality": 11795244,
                                                                                            "cumulative_rows_scanned": 11795244,
                                                                                            "operator_rows_scanned": 0,
                                                                                            "operator_timing": 0.0031862659999999862,
                                                                                            "result_set_size": 58976220,
                                                                                            "children": [
                                                                                                {
                                                                                                    "operator_name": "READ_PARQUET ",
                                                                                                    "cpu_time": 0.12110807199999983,
                                                                                                    "extra_info": {
                                                                                                        "Function": "READ_PARQUET",
                                                                                                        "Projections": [
                                                                                                            "posthistorytypeid",
                                                                                                            "postid"
                                                                                                        ],
                                                                                                        "Estimated Cardinality": "11795244"
                                                                                                    },
                                                                                                    "cumulative_cardinality": 11795244,
                                                                                                    "operator_type": "TABLE_SCAN",
                                                                                                    "operator_cardinality": 11795244,
                                                                                                    "cumulative_rows_scanned": 11795244,
                                                                                                    "operator_rows_scanned": 11795244,
                                                                                                    "operator_timing": 0.12110807199999983,
                                                                                                    "result_set_size": 70771464,
                                                                                                    "children": []
                                                                                                }
                                                                                            ]
                                                                                        }
                                                                                    ]
                                                                                }
                                                                            ]
                                                                        }
                                                                    ]
                                                                }
                                                            ]
                                                        }
                                                    ]
                                                }
                                            ]
                                        },
                                        {
                                            "operator_name": "PROJECTION",
                                            "cpu_time": 103.0605572419916,
                                            "extra_info": {
                                                "Projections": [
                                                    "UserId",
                                                    "displayname",
                                                    "PostCount",
                                                    "UpvotedPosts",
                                                    "DownvotedPosts",
                                                    "TotalBounties",
                                                    "TotalBadges"
                                                ],
                                                "Estimated Cardinality": "252142"
                                            },
                                            "cumulative_cardinality": 9441118342,
                                            "operator_type": "PROJECTION",
                                            "operator_cardinality": 371630,
                                            "cumulative_rows_scanned": 20176643,
                                            "operator_rows_scanned": 0,
                                            "operator_timing": 0.003441712999999999,
                                            "result_set_size": 34189960,
                                            "children": [
                                                {
                                                    "operator_name": "FILTER",
                                                    "cpu_time": 103.0571155289916,
                                                    "extra_info": {
                                                        "Expression": "(PostCount > 0)",
                                                        "Estimated Cardinality": "1260710"
                                                    },
                                                    "cumulative_cardinality": 9440746712,
                                                    "operator_type": "FILTER",
                                                    "operator_cardinality": 371630,
                                                    "cumulative_rows_scanned": 20176643,
                                                    "operator_rows_scanned": 0,
                                                    "operator_timing": 0.002316362999999997,
                                                    "result_set_size": 34189960,
                                                    "children": [
                                                        {
                                                            "operator_name": "HASH_GROUP_BY",
                                                            "cpu_time": 103.0547991659916,
                                                            "extra_info": {
                                                                "Groups": [
                                                                    "#0",
                                                                    "#1"
                                                                ],
                                                                "Aggregates": [
                                                                    "count(#2)",
                                                                    "sum(#3)",
                                                                    "sum(#4)",
                                                                    "sum(#5)",
                                                                    "sum(#6)"
                                                                ],
                                                                "Estimated Cardinality": "1260710"
                                                            },
                                                            "cumulative_cardinality": 9440375082,
                                                            "operator_type": "HASH_GROUP_BY",
                                                            "operator_cardinality": 1260709,
                                                            "cumulative_rows_scanned": 20176643,
                                                            "operator_rows_scanned": 0,
                                                            "operator_timing": 67.79155059899723,
                                                            "result_set_size": 115985228,
                                                            "children": [
                                                                {
                                                                    "operator_name": "PROJECTION",
                                                                    "cpu_time": 35.263248566994356,
                                                                    "extra_info": {
                                                                        "Projections": [
                                                                            "id",
                                                                            "displayname",
                                                                            "id",
                                                                            "CASE  WHEN ((score > 0)) THEN (1) ELSE 0 END",
                                                                            "CASE  WHEN ((score < 0)) THEN (1) ELSE 0 END",
                                                                            "bountyamount",
                                                                            "class"
                                                                        ],
                                                                        "Estimated Cardinality": "12744093"
                                                                    },
                                                                    "cumulative_cardinality": 9439114373,
                                                                    "operator_type": "PROJECTION",
                                                                    "operator_cardinality": 2346037867,
                                                                    "cumulative_rows_scanned": 20176643,
                                                                    "operator_rows_scanned": 0,
                                                                    "operator_timing": 11.826829661998438,
                                                                    "result_set_size": 89149438946,
                                                                    "children": [
                                                                        {
                                                                            "operator_name": "PROJECTION",
                                                                            "cpu_time": 23.436418904995918,
                                                                            "extra_info": {
                                                                                "Projections": [
                                                                                    "#0",
                                                                                    "#1",
                                                                                    "#2",
                                                                                    "#3",
                                                                                    "#4",
                                                                                    "__internal_decompress_integral_smallint(#5, 1)"
                                                                                ],
                                                                                "Estimated Cardinality": "12744093"
                                                                            },
                                                                            "cumulative_cardinality": 7093076506,
                                                                            "operator_type": "PROJECTION",
                                                                            "operator_cardinality": 2346037867,
                                                                            "cumulative_rows_scanned": 20176643,
                                                                            "operator_rows_scanned": 0,
                                                                            "operator_timing": 0.8716710019989501,
                                                                            "result_set_size": 79765287478,
                                                                            "children": [
                                                                                {
                                                                                    "operator_name": "FILTER",
                                                                                    "cpu_time": 22.564747902996967,
                                                                                    "extra_info": {
                                                                                        "Expression": "(#3 >= 1)",
                                                                                        "Estimated Cardinality": "12744093"
                                                                                    },
                                                                                    "cumulative_cardinality": 4747038639,
                                                                                    "operator_type": "FILTER",
                                                                                    "operator_cardinality": 2346037867,
                                                                                    "cumulative_rows_scanned": 20176643,
                                                                                    "operator_rows_scanned": 0,
                                                                                    "operator_timing": 4.1637301909987405,
                                                                                    "result_set_size": 77419249611,
                                                                                    "children": [
                                                                                        {
                                                                                            "operator_name": "HASH_JOIN",
                                                                                            "cpu_time": 18.401017711998225,
                                                                                            "extra_info": {
                                                                                                "Join Type": "LEFT",
                                                                                                "Conditions": "id = userid",
                                                                                                "Estimated Cardinality": "12744093"
                                                                                            },
                                                                                            "cumulative_cardinality": 2401000772,
                                                                                            "operator_type": "HASH_JOIN",
                                                                                            "operator_cardinality": 2346038465,
                                                                                            "cumulative_rows_scanned": 20176643,
                                                                                            "operator_rows_scanned": 0,
                                                                                            "operator_timing": 16.812586001998223,
                                                                                            "result_set_size": 77419269345,
                                                                                            "children": [
                                                                                                {
                                                                                                    "operator_name": "PROJECTION",
                                                                                                    "cpu_time": 1.5698239880000018,
                                                                                                    "extra_info": {
                                                                                                        "Projections": [
                                                                                                            "#0",
                                                                                                            "#1",
                                                                                                            "__internal_decompress_integral_integer(#2, -72)",
                                                                                                            "#3",
                                                                                                            "#4"
                                                                                                        ],
                                                                                                        "Estimated Cardinality": "12744093"
                                                                                                    },
                                                                                                    "cumulative_cardinality": 50318859,
                                                                                                    "operator_type": "PROJECTION",
                                                                                                    "operator_cardinality": 11739825,
                                                                                                    "cumulative_rows_scanned": 17854919,
                                                                                                    "operator_rows_scanned": 0,
                                                                                                    "operator_timing": 0.007093964000000097,
                                                                                                    "result_set_size": 375674400,
                                                                                                    "children": [
                                                                                                        {
                                                                                                            "operator_name": "HASH_JOIN",
                                                                                                            "cpu_time": 1.5627300240000017,
                                                                                                            "extra_info": {
                                                                                                                "Join Type": "RIGHT",
                                                                                                                "Conditions": "postid = id",
                                                                                                                "Estimated Cardinality": "12744093"
                                                                                                            },
                                                                                                            "cumulative_cardinality": 38579034,
                                                                                                            "operator_type": "HASH_JOIN",
                                                                                                            "operator_cardinality": 11739825,
                                                                                                            "cumulative_rows_scanned": 17854919,
                                                                                                            "operator_rows_scanned": 0,
                                                                                                            "operator_timing": 0.9308957260000028,
                                                                                                            "result_set_size": 352194750,
                                                                                                            "children": [
                                                                                                                {
                                                                                                                    "operator_name": "READ_PARQUET ",
                                                                                                                    "cpu_time": 0.18811013599999932,
                                                                                                                    "extra_info": {
                                                                                                                        "Function": "READ_PARQUET",
                                                                                                                        "Projections": [
                                                                                                                            "postid",
                                                                                                                            "bountyamount"
                                                                                                                        ],
                                                                                                                        "Estimated Cardinality": "12744093"
                                                                                                                    },
                                                                                                                    "cumulative_cardinality": 12744093,
                                                                                                                    "operator_type": "TABLE_SCAN",
                                                                                                                    "operator_cardinality": 12744093,
                                                                                                                    "cumulative_rows_scanned": 12744093,
                                                                                                                    "operator_rows_scanned": 12744093,
                                                                                                                    "operator_timing": 0.18811013599999932,
                                                                                                                    "result_set_size": 101952744,
                                                                                                                    "children": []
                                                                                                                },
                                                                                                                {
                                                                                                                    "operator_name": "PROJECTION",
                                                                                                                    "cpu_time": 0.44372416199999976,
                                                                                                                    "extra_info": {
                                                                                                                        "Projections": [
                                                                                                                            "#0",
                                                                                                                            "__internal_compress_integral_usmallint(#1, -72)",
                                                                                                                            "#2",
                                                                                                                            "#3"
                                                                                                                        ],
                                                                                                                        "Estimated Cardinality": "3850116"
                                                                                                                    },
                                                                                                                    "cumulative_cardinality": 14095116,
                                                                                                                    "operator_type": "PROJECTION",
                                                                                                                    "operator_cardinality": 4574495,
                                                                                                                    "cumulative_rows_scanned": 5110826,
                                                                                                                    "operator_rows_scanned": 0,
                                                                                                                    "operator_timing": 0.0023477610000000016,
                                                                                                                    "result_set_size": 118936870,
                                                                                                                    "children": [
                                                                                                                        {
                                                                                                                            "operator_name": "HASH_JOIN",
                                                                                                                            "cpu_time": 0.44137640099999975,
                                                                                                                            "extra_info": {
                                                                                                                                "Join Type": "RIGHT",
                                                                                                                                "Conditions": "owneruserid = id",
                                                                                                                                "Estimated Cardinality": "3850116"
                                                                                                                            },
                                                                                                                            "cumulative_cardinality": 9520621,
                                                                                                                            "operator_type": "HASH_JOIN",
                                                                                                                            "operator_cardinality": 4574495,
                                                                                                                            "cumulative_rows_scanned": 5110826,
                                                                                                                            "operator_rows_scanned": 0,
                                                                                                                            "operator_timing": 0.25870111399999995,
                                                                                                                            "result_set_size": 128085860,
                                                                                                                            "children": [
                                                                                                                                {
                                                                                                                                    "operator_name": "READ_PARQUET ",
                                                                                                                                    "cpu_time": 0.10438090399999982,
                                                                                                                                    "extra_info": {
                                                                                                                                        "Function": "READ_PARQUET",
                                                                                                                                        "Projections": [
                                                                                                                                            "id",
                                                                                                                                            "score",
                                                                                                                                            "owneruserid"
                                                                                                                                        ],
                                                                                                                                        "Estimated Cardinality": "3850116"
                                                                                                                                    },
                                                                                                                                    "cumulative_cardinality": 3685416,
                                                                                                                                    "operator_type": "TABLE_SCAN",
                                                                                                                                    "operator_cardinality": 3685416,
                                                                                                                                    "cumulative_rows_scanned": 3850116,
                                                                                                                                    "operator_rows_scanned": 3850116,
                                                                                                                                    "operator_timing": 0.10438090399999982,
                                                                                                                                    "result_set_size": 44224992,
                                                                                                                                    "children": []
                                                                                                                                },
                                                                                                                                {
                                                                                                                                    "operator_name": "READ_PARQUET ",
                                                                                                                                    "cpu_time": 0.078294383,
                                                                                                                                    "extra_info": {
                                                                                                                                        "Function": "READ_PARQUET",
                                                                                                                                        "Projections": [
                                                                                                                                            "id",
                                                                                                                                            "displayname"
                                                                                                                                        ],
                                                                                                                                        "Estimated Cardinality": "1260710"
                                                                                                                                    },
                                                                                                                                    "cumulative_cardinality": 1260710,
                                                                                                                                    "operator_type": "TABLE_SCAN",
                                                                                                                                    "operator_cardinality": 1260710,
                                                                                                                                    "cumulative_rows_scanned": 1260710,
                                                                                                                                    "operator_rows_scanned": 1260710,
                                                                                                                                    "operator_timing": 0.078294383,
                                                                                                                                    "result_set_size": 25214200,
                                                                                                                                    "children": []
                                                                                                                                }
                                                                                                                            ]
                                                                                                                        }
                                                                                                                    ]
                                                                                                                }
                                                                                                            ]
                                                                                                        }
                                                                                                    ]
                                                                                                },
                                                                                                {
                                                                                                    "operator_name": "PROJECTION",
                                                                                                    "cpu_time": 0.018607721999999965,
                                                                                                    "extra_info": {
                                                                                                        "Projections": [
                                                                                                            "#0",
                                                                                                            "__internal_compress_integral_utinyint(#1, 1)"
                                                                                                        ],
                                                                                                        "Estimated Cardinality": "2321724"
                                                                                                    },
                                                                                                    "cumulative_cardinality": 4643448,
                                                                                                    "operator_type": "PROJECTION",
                                                                                                    "operator_cardinality": 2321724,
                                                                                                    "cumulative_rows_scanned": 2321724,
                                                                                                    "operator_rows_scanned": 0,
                                                                                                    "operator_timing": 0.0005892019999999983,
                                                                                                    "result_set_size": 11608620,
                                                                                                    "children": [
                                                                                                        {
                                                                                                            "operator_name": "READ_PARQUET ",
                                                                                                            "cpu_time": 0.01801851999999997,
                                                                                                            "extra_info": {
                                                                                                                "Function": "READ_PARQUET",
                                                                                                                "Projections": [
                                                                                                                    "userid",
                                                                                                                    "class"
                                                                                                                ],
                                                                                                                "Estimated Cardinality": "2321724"
                                                                                                            },
                                                                                                            "cumulative_cardinality": 2321724,
                                                                                                            "operator_type": "TABLE_SCAN",
                                                                                                            "operator_cardinality": 2321724,
                                                                                                            "cumulative_rows_scanned": 2321724,
                                                                                                            "operator_rows_scanned": 2321724,
                                                                                                            "operator_timing": 0.01801851999999997,
                                                                                                            "result_set_size": 13930344,
                                                                                                            "children": []
                                                                                                        }
                                                                                                    ]
                                                                                                }
                                                                                            ]
                                                                                        }
                                                                                    ]
                                                                                }
                                                                            ]
                                                                        }
                                                                    ]
                                                                }
                                                            ]
                                                        }
                                                    ]
                                                }
                                            ]
                                        }
                                    ]
                                }
                            ]
                        }
                    ]
                }
            ]
        }
    ]
}