{
    "rows_returned": 10,
    "query_name": "WITH UserStats AS (\n    SELECT \n        u.Id AS UserId,\n        u.DisplayName,\n        u.Reputation,\n        u.Views,\n        u.UpVotes,\n        u.DownVotes,\n        COUNT(DISTINCT p.Id) AS TotalPosts,\n        SUM(CASE WHEN p.PostTypeId = 1 THEN 1 ELSE 0 END) AS TotalQuestions,\n        SUM(CASE WHEN p.PostTypeId = 2 THEN 1 ELSE 0 END) AS TotalAnswers,\n        SUM(p.Score) AS TotalScore\n    FROM \n        Users u\n    LEFT JOIN \n        Posts p ON u.Id = p.OwnerUserId\n    GROUP BY \n        u.Id, u.DisplayName, u.Reputation, u.Views, u.UpVotes, u.DownVotes\n),\nTopUsers AS (\n    SELECT \n        UserId,\n        DisplayName,\n        Reputation,\n        Views,\n        UpVotes,\n        DownVotes,\n        TotalPosts,\n        TotalQuestions,\n        TotalAnswers,\n        TotalScore,\n        RANK() OVER (ORDER BY TotalScore DESC) AS RankByScore\n    FROM \n        UserStats\n),\nPostDetails AS (\n    SELECT \n        p.Id AS PostId,\n        p.Title,\n        p.CreationDate,\n        p.Score,\n        p.ViewCount,\n        p.Tags,\n        p.OwnerUserId,\n        u.DisplayName AS OwnerDisplayName,\n        COALESCE(ah.AnswerCount, 0) AS AnswerCount,\n        COALESCE(c.CommentCount, 0) AS CommentCount\n    FROM \n        Posts p\n    LEFT JOIN \n        Users u ON p.OwnerUserId = u.Id\n    LEFT JOIN (\n        SELECT \n            ParentId,\n            COUNT(*) AS AnswerCount\n        FROM \n            Posts\n        WHERE \n            PostTypeId = 2\n        GROUP BY \n            ParentId\n    ) ah ON p.Id = ah.ParentId\n    LEFT JOIN (\n        SELECT \n            PostId,\n            COUNT(*) AS CommentCount\n        FROM \n            Comments\n        GROUP BY \n            PostId\n    ) c ON p.Id = c.PostId\n)\nSELECT \n    tu.DisplayName AS TopUser,\n    tu.Reputation,\n    pd.Title AS PostTitle,\n    pd.Score,\n    pd.ViewCount,\n    pd.Tags,\n    COUNT(DISTINCT v.Id) AS TotalVotes\nFROM \n    TopUsers tu\nJOIN \n    PostDetails pd ON tu.UserId = pd.OwnerUserId\nLEFT JOIN \n    Votes v ON pd.PostId = v.PostId\nGROUP BY \n    tu.DisplayName, tu.Reputation, pd.Title, pd.Score, pd.ViewCount, pd.Tags\nHAVING \n    COUNT(DISTINCT v.Id) > 5\nORDER BY \n    tu.Reputation DESC, pd.Score DESC\nLIMIT 10;\n",
    "blocked_thread_time": 0.0,
    "cpu_time": 7.605675592000003,
    "extra_info": {},
    "cumulative_cardinality": 143085724,
    "cumulative_rows_scanned": 34057683,
    "result_set_size": 680,
    "latency": 10.977594852,
    "children": [
        {
            "operator_name": "STREAMING_LIMIT",
            "cpu_time": 7.605675592000003,
            "extra_info": {},
            "cumulative_cardinality": 143085724,
            "operator_type": "STREAMING_LIMIT",
            "operator_cardinality": 10,
            "cumulative_rows_scanned": 34057683,
            "operator_rows_scanned": 0,
            "operator_timing": 0.000003967,
            "result_set_size": 680,
            "children": [
                {
                    "operator_name": "PROJECTION",
                    "cpu_time": 7.605671625000004,
                    "extra_info": {
                        "Projections": [
                            "#0",
                            "#1",
                            "#2",
                            "__internal_decompress_integral_integer(#3, -72)",
                            "#4",
                            "#5",
                            "#6"
                        ],
                        "Estimated Cardinality": "252142"
                    },
                    "cumulative_cardinality": 143085714,
                    "operator_type": "PROJECTION",
                    "operator_cardinality": 4096,
                    "cumulative_rows_scanned": 34057683,
                    "operator_rows_scanned": 0,
                    "operator_timing": 0.000011762,
                    "result_set_size": 278528,
                    "children": [
                        {
                            "operator_name": "ORDER_BY",
                            "cpu_time": 7.605659863000004,
                            "extra_info": {
                                "Order By": [
                                    "tu.Reputation DESC",
                                    "pd.Score DESC"
                                ]
                            },
                            "cumulative_cardinality": 143081618,
                            "operator_type": "ORDER_BY",
                            "operator_cardinality": 4096,
                            "cumulative_rows_scanned": 34057683,
                            "operator_rows_scanned": 0,
                            "operator_timing": 0.036114624,
                            "result_set_size": 270336,
                            "children": [
                                {
                                    "operator_name": "PROJECTION",
                                    "cpu_time": 7.569545239000004,
                                    "extra_info": {
                                        "Projections": [
                                            "#0",
                                            "#1",
                                            "#2",
                                            "__internal_compress_integral_usmallint(#3, -72)",
                                            "#4",
                                            "#5",
                                            "#6"
                                        ],
                                        "Estimated Cardinality": "252142"
                                    },
                                    "cumulative_cardinality": 143077522,
                                    "operator_type": "PROJECTION",
                                    "operator_cardinality": 253072,
                                    "cumulative_rows_scanned": 34057683,
                                    "operator_rows_scanned": 0,
                                    "operator_timing": 0.0006583500000000003,
                                    "result_set_size": 16702752,
                                    "children": [
                                        {
                                            "operator_name": "FILTER",
                                            "cpu_time": 7.568886889000004,
                                            "extra_info": {
                                                "Expression": "(count(DISTINCT id) > 5)",
                                                "Estimated Cardinality": "252142"
                                            },
                                            "cumulative_cardinality": 142824450,
                                            "operator_type": "FILTER",
                                            "operator_cardinality": 253072,
                                            "cumulative_rows_scanned": 34057683,
                                            "operator_rows_scanned": 0,
                                            "operator_timing": 0.0029746579999999994,
                                            "result_set_size": 17208896,
                                            "children": [
                                                {
                                                    "operator_name": "PROJECTION",
                                                    "cpu_time": 7.565912231000004,
                                                    "extra_info": {
                                                        "Projections": [
                                                            "#0",
                                                            "#1",
                                                            "#2",
                                                            "__internal_decompress_integral_integer(#3, -72)",
                                                            "#4",
                                                            "#5",
                                                            "#6"
                                                        ],
                                                        "Estimated Cardinality": "1260710"
                                                    },
                                                    "cumulative_cardinality": 142571378,
                                                    "operator_type": "PROJECTION",
                                                    "operator_cardinality": 1839741,
                                                    "cumulative_rows_scanned": 34057683,
                                                    "operator_rows_scanned": 0,
                                                    "operator_timing": 0.0006694099999999998,
                                                    "result_set_size": 125102388,
                                                    "children": [
                                                        {
                                                            "operator_name": "HASH_GROUP_BY",
                                                            "cpu_time": 7.565242821000004,
                                                            "extra_info": {
                                                                "Groups": [
                                                                    "#0",
                                                                    "#1",
                                                                    "#2",
                                                                    "#3",
                                                                    "#4",
                                                                    "#5"
                                                                ],
                                                                "Aggregates": "count(DISTINCT #6)",
                                                                "Estimated Cardinality": "1260710"
                                                            },
                                                            "cumulative_cardinality": 140731637,
                                                            "operator_type": "HASH_GROUP_BY",
                                                            "operator_cardinality": 1839741,
                                                            "cumulative_rows_scanned": 34057683,
                                                            "operator_rows_scanned": 0,
                                                            "operator_timing": 2.823065677999993,
                                                            "result_set_size": 121422906,
                                                            "children": [
                                                                {
                                                                    "operator_name": "PROJECTION",
                                                                    "cpu_time": 4.742177143000011,
                                                                    "extra_info": {
                                                                        "Projections": [
                                                                            "displayname",
                                                                            "reputation",
                                                                            "title",
                                                                            "score",
                                                                            "viewcount",
                                                                            "tags",
                                                                            "id"
                                                                        ],
                                                                        "Estimated Cardinality": "12744093"
                                                                    },
                                                                    "cumulative_cardinality": 138891896,
                                                                    "operator_type": "PROJECTION",
                                                                    "operator_cardinality": 10850746,
                                                                    "cumulative_rows_scanned": 34057683,
                                                                    "operator_rows_scanned": 0,
                                                                    "operator_timing": 0.003053048000000025,
                                                                    "result_set_size": 672746252,
                                                                    "children": [
                                                                        {
                                                                            "operator_name": "PROJECTION",
                                                                            "cpu_time": 4.739124095000011,
                                                                            "extra_info": {
                                                                                "Projections": [
                                                                                    "#0",
                                                                                    "#1",
                                                                                    "#2",
                                                                                    "#3",
                                                                                    "__internal_compress_integral_usmallint(#4, -72)",
                                                                                    "#5",
                                                                                    "#6"
                                                                                ],
                                                                                "Estimated Cardinality": "12744093"
                                                                            },
                                                                            "cumulative_cardinality": 128041150,
                                                                            "operator_type": "PROJECTION",
                                                                            "operator_cardinality": 10850746,
                                                                            "cumulative_rows_scanned": 34057683,
                                                                            "operator_rows_scanned": 0,
                                                                            "operator_timing": 0.006439264000000091,
                                                                            "result_set_size": 672746252,
                                                                            "children": [
                                                                                {
                                                                                    "operator_name": "PROJECTION",
                                                                                    "cpu_time": 4.732684831000011,
                                                                                    "extra_info": {
                                                                                        "Projections": [
                                                                                            "#0",
                                                                                            "#5",
                                                                                            "#6",
                                                                                            "#1",
                                                                                            "__internal_decompress_integral_integer(#2, -72)",
                                                                                            "#3",
                                                                                            "#4"
                                                                                        ],
                                                                                        "Estimated Cardinality": "12744093"
                                                                                    },
                                                                                    "cumulative_cardinality": 117190404,
                                                                                    "operator_type": "PROJECTION",
                                                                                    "operator_cardinality": 10850746,
                                                                                    "cumulative_rows_scanned": 34057683,
                                                                                    "operator_rows_scanned": 0,
                                                                                    "operator_timing": 0.008386430999999991,
                                                                                    "result_set_size": 694447744,
                                                                                    "children": [
                                                                                        {
                                                                                            "operator_name": "HASH_JOIN",
                                                                                            "cpu_time": 4.724298400000011,
                                                                                            "extra_info": {
                                                                                                "Join Type": "RIGHT",
                                                                                                "Conditions": "postid = PostId",
                                                                                                "Estimated Cardinality": "12744093"
                                                                                            },
                                                                                            "cumulative_cardinality": 106339658,
                                                                                            "operator_type": "HASH_JOIN",
                                                                                            "operator_cardinality": 10850746,
                                                                                            "cumulative_rows_scanned": 34057683,
                                                                                            "operator_rows_scanned": 0,
                                                                                            "operator_timing": 1.2886587230000077,
                                                                                            "result_set_size": 672746252,
                                                                                            "children": [
                                                                                                {
                                                                                                    "operator_name": "READ_PARQUET ",
                                                                                                    "cpu_time": 0.2550414540000012,
                                                                                                    "extra_info": {
                                                                                                        "Function": "READ_PARQUET",
                                                                                                        "Projections": [
                                                                                                            "id",
                                                                                                            "postid"
                                                                                                        ],
                                                                                                        "Estimated Cardinality": "12744093"
                                                                                                    },
                                                                                                    "cumulative_cardinality": 12744093,
                                                                                                    "operator_type": "TABLE_SCAN",
                                                                                                    "operator_cardinality": 12744093,
                                                                                                    "cumulative_rows_scanned": 12744093,
                                                                                                    "operator_rows_scanned": 12744093,
                                                                                                    "operator_timing": 0.2550414540000012,
                                                                                                    "result_set_size": 101952744,
                                                                                                    "children": []
                                                                                                },
                                                                                                {
                                                                                                    "operator_name": "PROJECTION",
                                                                                                    "cpu_time": 3.1805982230000023,
                                                                                                    "extra_info": {
                                                                                                        "Projections": [
                                                                                                            "#0",
                                                                                                            "#1",
                                                                                                            "__internal_compress_integral_usmallint(#2, -72)",
                                                                                                            "#3",
                                                                                                            "#4",
                                                                                                            "#5",
                                                                                                            "#6"
                                                                                                        ],
                                                                                                        "Estimated Cardinality": "3850116"
                                                                                                    },
                                                                                                    "cumulative_cardinality": 82744819,
                                                                                                    "operator_type": "PROJECTION",
                                                                                                    "operator_cardinality": 3685416,
                                                                                                    "cumulative_rows_scanned": 21313590,
                                                                                                    "operator_rows_scanned": 0,
                                                                                                    "operator_timing": 0.010347555999999964,
                                                                                                    "result_set_size": 228495792,
                                                                                                    "children": [
                                                                                                        {
                                                                                                            "operator_name": "HASH_JOIN",
                                                                                                            "cpu_time": 3.170250667000002,
                                                                                                            "extra_info": {
                                                                                                                "Join Type": "INNER",
                                                                                                                "Conditions": "owneruserid = UserId",
                                                                                                                "Estimated Cardinality": "3850116"
                                                                                                            },
                                                                                                            "cumulative_cardinality": 79059403,
                                                                                                            "operator_type": "HASH_JOIN",
                                                                                                            "operator_cardinality": 3685416,
                                                                                                            "cumulative_rows_scanned": 21313590,
                                                                                                            "operator_rows_scanned": 0,
                                                                                                            "operator_timing": 0.28997035600000143,
                                                                                                            "result_set_size": 235866624,
                                                                                                            "children": [
                                                                                                                {
                                                                                                                    "operator_name": "PROJECTION",
                                                                                                                    "cpu_time": 1.821238938000001,
                                                                                                                    "extra_info": {
                                                                                                                        "Projections": [
                                                                                                                            "PostId",
                                                                                                                            "title",
                                                                                                                            "score",
                                                                                                                            "viewcount",
                                                                                                                            "tags",
                                                                                                                            "owneruserid"
                                                                                                                        ],
                                                                                                                        "Estimated Cardinality": "3850116"
                                                                                                                    },
                                                                                                                    "cumulative_cardinality": 42044263,
                                                                                                                    "operator_type": "PROJECTION",
                                                                                                                    "operator_cardinality": 3685416,
                                                                                                                    "cumulative_rows_scanned": 16202764,
                                                                                                                    "operator_rows_scanned": 0,
                                                                                                                    "operator_timing": 0.0030856169999999923,
                                                                                                                    "result_set_size": 176899968,
                                                                                                                    "children": [
                                                                                                                        {
                                                                                                                            "operator_name": "HASH_JOIN",
                                                                                                                            "cpu_time": 1.818153321000001,
                                                                                                                            "extra_info": {
                                                                                                                                "Join Type": "LEFT",
                                                                                                                                "Conditions": "id = postid",
                                                                                                                                "Estimated Cardinality": "3850116"
                                                                                                                            },
                                                                                                                            "cumulative_cardinality": 38358847,
                                                                                                                            "operator_type": "HASH_JOIN",
                                                                                                                            "operator_cardinality": 3685416,
                                                                                                                            "cumulative_rows_scanned": 16202764,
                                                                                                                            "operator_rows_scanned": 0,
                                                                                                                            "operator_timing": 0.29443703200000015,
                                                                                                                            "result_set_size": 191641632,
                                                                                                                            "children": [
                                                                                                                                {
                                                                                                                                    "operator_name": "HASH_JOIN",
                                                                                                                                    "cpu_time": 1.2516654260000006,
                                                                                                                                    "extra_info": {
                                                                                                                                        "Join Type": "LEFT",
                                                                                                                                        "Conditions": "id = parentid",
                                                                                                                                        "Estimated Cardinality": "3850116"
                                                                                                                                    },
                                                                                                                                    "cumulative_cardinality": 18026115,
                                                                                                                                    "operator_type": "HASH_JOIN",
                                                                                                                                    "operator_cardinality": 3685416,
                                                                                                                                    "cumulative_rows_scanned": 8960942,
                                                                                                                                    "operator_rows_scanned": 0,
                                                                                                                                    "operator_timing": 0.2426889029999997,
                                                                                                                                    "result_set_size": 191641632,
                                                                                                                                    "children": [
                                                                                                                                        {
                                                                                                                                            "operator_name": "HASH_JOIN",
                                                                                                                                            "cpu_time": 0.8126866490000011,
                                                                                                                                            "extra_info": {
                                                                                                                                                "Join Type": "LEFT",
                                                                                                                                                "Conditions": "owneruserid = id",
                                                                                                                                                "Estimated Cardinality": "3850116"
                                                                                                                                            },
                                                                                                                                            "cumulative_cardinality": 8631542,
                                                                                                                                            "operator_type": "HASH_JOIN",
                                                                                                                                            "operator_cardinality": 3685416,
                                                                                                                                            "cumulative_rows_scanned": 5110826,
                                                                                                                                            "operator_rows_scanned": 0,
                                                                                                                                            "operator_timing": 0.21716172900000028,
                                                                                                                                            "result_set_size": 191641632,
                                                                                                                                            "children": [
                                                                                                                                                {
                                                                                                                                                    "operator_name": "READ_PARQUET ",
                                                                                                                                                    "cpu_time": 0.5892589410000008,
                                                                                                                                                    "extra_info": {
                                                                                                                                                        "Function": "READ_PARQUET",
                                                                                                                                                        "Projections": [
                                                                                                                                                            "id",
                                                                                                                                                            "score",
                                                                                                                                                            "viewcount",
                                                                                                                                                            "owneruserid",
                                                                                                                                                            "title",
                                                                                                                                                            "tags"
                                                                                                                                                        ],
                                                                                                                                                        "Estimated Cardinality": "3850116"
                                                                                                                                                    },
                                                                                                                                                    "cumulative_cardinality": 3685416,
                                                                                                                                                    "operator_type": "TABLE_SCAN",
                                                                                                                                                    "operator_cardinality": 3685416,
                                                                                                                                                    "cumulative_rows_scanned": 3850116,
                                                                                                                                                    "operator_rows_scanned": 3850116,
                                                                                                                                                    "operator_timing": 0.5892589410000008,
                                                                                                                                                    "result_set_size": 176899968,
                                                                                                                                                    "children": []
                                                                                                                                                },
                                                                                                                                                {
                                                                                                                                                    "operator_name": "READ_PARQUET ",
                                                                                                                                                    "cpu_time": 0.006265979000000001,
                                                                                                                                                    "extra_info": {
                                                                                                                                                        "Function": "READ_PARQUET",
                                                                                                                                                        "Projections": "id",
                                                                                                                                                        "Estimated Cardinality": "1260710"
                                                                                                                                                    },
                                                                                                                                                    "cumulative_cardinality": 1260710,
                                                                                                                                                    "operator_type": "TABLE_SCAN",
                                                                                                                                                    "operator_cardinality": 1260710,
                                                                                                                                                    "cumulative_rows_scanned": 1260710,
                                                                                                                                                    "operator_rows_scanned": 1260710,
                                                                                                                                                    "operator_timing": 0.006265979000000001,
                                                                                                                                                    "result_set_size": 5042840,
                                                                                                                                                    "children": []
                                                                                                                                                }
                                                                                                                                            ]
                                                                                                                                        },
                                                                                                                                        {
                                                                                                                                            "operator_name": "HASH_GROUP_BY",
                                                                                                                                            "cpu_time": 0.19628987399999975,
                                                                                                                                            "extra_info": {
                                                                                                                                                "Groups": "#0",
                                                                                                                                                "Aggregates": "",
                                                                                                                                                "Estimated Cardinality": "385011"
                                                                                                                                            },
                                                                                                                                            "cumulative_cardinality": 5709157,
                                                                                                                                            "operator_type": "HASH_GROUP_BY",
                                                                                                                                            "operator_cardinality": 1354571,
                                                                                                                                            "cumulative_rows_scanned": 3850116,
                                                                                                                                            "operator_rows_scanned": 0,
                                                                                                                                            "operator_timing": 0.10045703499999992,
                                                                                                                                            "result_set_size": 5418284,
                                                                                                                                            "children": [
                                                                                                                                                {
                                                                                                                                                    "operator_name": "PROJECTION",
                                                                                                                                                    "cpu_time": 0.09583283899999984,
                                                                                                                                                    "extra_info": {
                                                                                                                                                        "Projections": "parentid",
                                                                                                                                                        "Estimated Cardinality": "770023"
                                                                                                                                                    },
                                                                                                                                                    "cumulative_cardinality": 4354586,
                                                                                                                                                    "operator_type": "PROJECTION",
                                                                                                                                                    "operator_cardinality": 2177293,
                                                                                                                                                    "cumulative_rows_scanned": 3850116,
                                                                                                                                                    "operator_rows_scanned": 0,
                                                                                                                                                    "operator_timing": 0.00025605399999999867,
                                                                                                                                                    "result_set_size": 8709172,
                                                                                                                                                    "children": [
                                                                                                                                                        {
                                                                                                                                                            "operator_name": "READ_PARQUET ",
                                                                                                                                                            "cpu_time": 0.09557678499999983,
                                                                                                                                                            "extra_info": {
                                                                                                                                                                "Function": "READ_PARQUET",
                                                                                                                                                                "Projections": "parentid",
                                                                                                                                                                "Filters": "posttypeid=2",
                                                                                                                                                                "Estimated Cardinality": "770023"
                                                                                                                                                            },
                                                                                                                                                            "cumulative_cardinality": 2177293,
                                                                                                                                                            "operator_type": "TABLE_SCAN",
                                                                                                                                                            "operator_cardinality": 2177293,
                                                                                                                                                            "cumulative_rows_scanned": 3850116,
                                                                                                                                                            "operator_rows_scanned": 3850116,
                                                                                                                                                            "operator_timing": 0.09557678499999983,
                                                                                                                                                            "result_set_size": 8709172,
                                                                                                                                                            "children": []
                                                                                                                                                        }
                                                                                                                                                    ]
                                                                                                                                                }
                                                                                                                                            ]
                                                                                                                                        }
                                                                                                                                    ]
                                                                                                                                },
                                                                                                                                {
                                                                                                                                    "operator_name": "HASH_GROUP_BY",
                                                                                                                                    "cpu_time": 0.2720508630000001,
                                                                                                                                    "extra_info": {
                                                                                                                                        "Groups": "#0",
                                                                                                                                        "Aggregates": "",
                                                                                                                                        "Estimated Cardinality": "3620911"
                                                                                                                                    },
                                                                                                                                    "cumulative_cardinality": 16647316,
                                                                                                                                    "operator_type": "HASH_GROUP_BY",
                                                                                                                                    "operator_cardinality": 2163672,
                                                                                                                                    "cumulative_rows_scanned": 7241822,
                                                                                                                                    "operator_rows_scanned": 0,
                                                                                                                                    "operator_timing": 0.228503151,
                                                                                                                                    "result_set_size": 8654688,
                                                                                                                                    "children": [
                                                                                                                                        {
                                                                                                                                            "operator_name": "PROJECTION",
                                                                                                                                            "cpu_time": 0.0435477120000001,
                                                                                                                                            "extra_info": {
                                                                                                                                                "Projections": "postid",
                                                                                                                                                "Estimated Cardinality": "7241822"
                                                                                                                                            },
                                                                                                                                            "cumulative_cardinality": 14483644,
                                                                                                                                            "operator_type": "PROJECTION",
                                                                                                                                            "operator_cardinality": 7241822,
                                                                                                                                            "cumulative_rows_scanned": 7241822,
                                                                                                                                            "operator_rows_scanned": 0,
                                                                                                                                            "operator_timing": 0.0003967379999999995,
                                                                                                                                            "result_set_size": 28967288,
                                                                                                                                            "children": [
                                                                                                                                                {
                                                                                                                                                    "operator_name": "READ_PARQUET ",
                                                                                                                                                    "cpu_time": 0.0431509740000001,
                                                                                                                                                    "extra_info": {
                                                                                                                                                        "Function": "READ_PARQUET",
                                                                                                                                                        "Projections": "postid",
                                                                                                                                                        "Estimated Cardinality": "7241822"
                                                                                                                                                    },
                                                                                                                                                    "cumulative_cardinality": 7241822,
                                                                                                                                                    "operator_type": "TABLE_SCAN",
                                                                                                                                                    "operator_cardinality": 7241822,
                                                                                                                                                    "cumulative_rows_scanned": 7241822,
                                                                                                                                                    "operator_rows_scanned": 7241822,
                                                                                                                                                    "operator_timing": 0.0431509740000001,
                                                                                                                                                    "result_set_size": 28967288,
                                                                                                                                                    "children": []
                                                                                                                                                }
                                                                                                                                            ]
                                                                                                                                        }
                                                                                                                                    ]
                                                                                                                                }
                                                                                                                            ]
                                                                                                                        }
                                                                                                                    ]
                                                                                                                },
                                                                                                                {
                                                                                                                    "operator_name": "PROJECTION",
                                                                                                                    "cpu_time": 1.0590413729999997,
                                                                                                                    "extra_info": {
                                                                                                                        "Projections": [
                                                                                                                            "#0",
                                                                                                                            "#1",
                                                                                                                            "#2"
                                                                                                                        ],
                                                                                                                        "Estimated Cardinality": "1260710"
                                                                                                                    },
                                                                                                                    "cumulative_cardinality": 33329724,
                                                                                                                    "operator_type": "PROJECTION",
                                                                                                                    "operator_cardinality": 1260679,
                                                                                                                    "cumulative_rows_scanned": 5110826,
                                                                                                                    "operator_rows_scanned": 0,
                                                                                                                    "operator_timing": 0.00011684099999999955,
                                                                                                                    "result_set_size": 30256296,
                                                                                                                    "children": [
                                                                                                                        {
                                                                                                                            "operator_name": "FILTER",
                                                                                                                            "cpu_time": 1.0589245319999996,
                                                                                                                            "extra_info": {
                                                                                                                                "Expression": "(UserId <= 1416539)",
                                                                                                                                "Estimated Cardinality": "1260710"
                                                                                                                            },
                                                                                                                            "cumulative_cardinality": 32069045,
                                                                                                                            "operator_type": "FILTER",
                                                                                                                            "operator_cardinality": 1260679,
                                                                                                                            "cumulative_rows_scanned": 5110826,
                                                                                                                            "operator_rows_scanned": 0,
                                                                                                                            "operator_timing": 0.0015062919999999998,
                                                                                                                            "result_set_size": 60512592,
                                                                                                                            "children": [
                                                                                                                                {
                                                                                                                                    "operator_name": "PROJECTION",
                                                                                                                                    "cpu_time": 1.0574182399999996,
                                                                                                                                    "extra_info": {
                                                                                                                                        "Projections": [
                                                                                                                                            "#0",
                                                                                                                                            "#1",
                                                                                                                                            "#2",
                                                                                                                                            "#3",
                                                                                                                                            "#4"
                                                                                                                                        ],
                                                                                                                                        "Estimated Cardinality": "1260710"
                                                                                                                                    },
                                                                                                                                    "cumulative_cardinality": 30808366,
                                                                                                                                    "operator_type": "PROJECTION",
                                                                                                                                    "operator_cardinality": 1260710,
                                                                                                                                    "cumulative_rows_scanned": 5110826,
                                                                                                                                    "operator_rows_scanned": 0,
                                                                                                                                    "operator_timing": 0.00017602900000000032,
                                                                                                                                    "result_set_size": 60514080,
                                                                                                                                    "children": [
                                                                                                                                        {
                                                                                                                                            "operator_name": "WINDOW",
                                                                                                                                            "cpu_time": 1.0572422109999997,
                                                                                                                                            "extra_info": {
                                                                                                                                                "Projections": "RANK() OVER (ORDER BY TotalScore DESC NULLS LAST)"
                                                                                                                                            },
                                                                                                                                            "cumulative_cardinality": 29547656,
                                                                                                                                            "operator_type": "WINDOW",
                                                                                                                                            "operator_cardinality": 1260710,
                                                                                                                                            "cumulative_rows_scanned": 5110826,
                                                                                                                                            "operator_rows_scanned": 0,
                                                                                                                                            "operator_timing": 0.0769573419999999,
                                                                                                                                            "result_set_size": 60514080,
                                                                                                                                            "children": [
                                                                                                                                                {
                                                                                                                                                    "operator_name": "PROJECTION",
                                                                                                                                                    "cpu_time": 0.9802848689999998,
                                                                                                                                                    "extra_info": {
                                                                                                                                                        "Projections": [
                                                                                                                                                            "UserId",
                                                                                                                                                            "displayname",
                                                                                                                                                            "reputation",
                                                                                                                                                            "TotalScore"
                                                                                                                                                        ],
                                                                                                                                                        "Estimated Cardinality": "1260710"
                                                                                                                                                    },
                                                                                                                                                    "cumulative_cardinality": 28286946,
                                                                                                                                                    "operator_type": "PROJECTION",
                                                                                                                                                    "operator_cardinality": 1260710,
                                                                                                                                                    "cumulative_rows_scanned": 5110826,
                                                                                                                                                    "operator_rows_scanned": 0,
                                                                                                                                                    "operator_timing": 0.00012988900000000014,
                                                                                                                                                    "result_set_size": 50428400,
                                                                                                                                                    "children": [
                                                                                                                                                        {
                                                                                                                                                            "operator_name": "PROJECTION",
                                                                                                                                                            "cpu_time": 0.9801549799999998,
                                                                                                                                                            "extra_info": {
                                                                                                                                                                "Projections": [
                                                                                                                                                                    "#0",
                                                                                                                                                                    "#1",
                                                                                                                                                                    "#2",
                                                                                                                                                                    "#3",
                                                                                                                                                                    "#4",
                                                                                                                                                                    "__internal_decompress_integral_integer(#5, 0)",
                                                                                                                                                                    "#6"
                                                                                                                                                                ],
                                                                                                                                                                "Estimated Cardinality": "1260710"
                                                                                                                                                            },
                                                                                                                                                            "cumulative_cardinality": 27026236,
                                                                                                                                                            "operator_type": "PROJECTION",
                                                                                                                                                            "operator_cardinality": 1260710,
                                                                                                                                                            "cumulative_rows_scanned": 5110826,
                                                                                                                                                            "operator_rows_scanned": 0,
                                                                                                                                                            "operator_timing": 0.0005061329999999995,
                                                                                                                                                            "result_set_size": 65556920,
                                                                                                                                                            "children": [
                                                                                                                                                                {
                                                                                                                                                                    "operator_name": "HASH_GROUP_BY",
                                                                                                                                                                    "cpu_time": 0.9796488469999998,
                                                                                                                                                                    "extra_info": {
                                                                                                                                                                        "Groups": [
                                                                                                                                                                            "#0",
                                                                                                                                                                            "#1",
                                                                                                                                                                            "#2",
                                                                                                                                                                            "#3",
                                                                                                                                                                            "#4",
                                                                                                                                                                            "#5"
                                                                                                                                                                        ],
                                                                                                                                                                        "Aggregates": "sum(#6)",
                                                                                                                                                                        "Estimated Cardinality": "1260710"
                                                                                                                                                                    },
                                                                                                                                                                    "cumulative_cardinality": 25765526,
                                                                                                                                                                    "operator_type": "HASH_GROUP_BY",
                                                                                                                                                                    "operator_cardinality": 1260710,
                                                                                                                                                                    "cumulative_rows_scanned": 5110826,
                                                                                                                                                                    "operator_rows_scanned": 0,
                                                                                                                                                                    "operator_timing": 0.4815836800000003,
                                                                                                                                                                    "result_set_size": 63035500,
                                                                                                                                                                    "children": [
                                                                                                                                                                        {
                                                                                                                                                                            "operator_name": "PROJECTION",
                                                                                                                                                                            "cpu_time": 0.4980651669999995,
                                                                                                                                                                            "extra_info": {
                                                                                                                                                                                "Projections": [
                                                                                                                                                                                    "id",
                                                                                                                                                                                    "displayname",
                                                                                                                                                                                    "reputation",
                                                                                                                                                                                    "views",
                                                                                                                                                                                    "upvotes",
                                                                                                                                                                                    "downvotes",
                                                                                                                                                                                    "score"
                                                                                                                                                                                ],
                                                                                                                                                                                "Estimated Cardinality": "3850116"
                                                                                                                                                                            },
                                                                                                                                                                            "cumulative_cardinality": 24504816,
                                                                                                                                                                            "operator_type": "PROJECTION",
                                                                                                                                                                            "operator_cardinality": 4574495,
                                                                                                                                                                            "cumulative_rows_scanned": 5110826,
                                                                                                                                                                            "operator_rows_scanned": 0,
                                                                                                                                                                            "operator_timing": 0.0010066419999999983,
                                                                                                                                                                            "result_set_size": 173830810,
                                                                                                                                                                            "children": [
                                                                                                                                                                                {
                                                                                                                                                                                    "operator_name": "PROJECTION",
                                                                                                                                                                                    "cpu_time": 0.4970585249999995,
                                                                                                                                                                                    "extra_info": {
                                                                                                                                                                                        "Projections": [
                                                                                                                                                                                            "#0",
                                                                                                                                                                                            "#1",
                                                                                                                                                                                            "#2",
                                                                                                                                                                                            "#3",
                                                                                                                                                                                            "#4",
                                                                                                                                                                                            "#5",
                                                                                                                                                                                            "__internal_compress_integral_usmallint(#6, 0)"
                                                                                                                                                                                        ],
                                                                                                                                                                                        "Estimated Cardinality": "3850116"
                                                                                                                                                                                    },
                                                                                                                                                                                    "cumulative_cardinality": 19930321,
                                                                                                                                                                                    "operator_type": "PROJECTION",
                                                                                                                                                                                    "operator_cardinality": 4574495,
                                                                                                                                                                                    "cumulative_rows_scanned": 5110826,
                                                                                                                                                                                    "operator_rows_scanned": 0,
                                                                                                                                                                                    "operator_timing": 0.0023461350000000066,
                                                                                                                                                                                    "result_set_size": 173830810,
                                                                                                                                                                                    "children": [
                                                                                                                                                                                        {
                                                                                                                                                                                            "operator_name": "PROJECTION",
                                                                                                                                                                                            "cpu_time": 0.49471238999999945,
                                                                                                                                                                                            "extra_info": {
                                                                                                                                                                                                "Projections": [
                                                                                                                                                                                                    "#0",
                                                                                                                                                                                                    "#1",
                                                                                                                                                                                                    "#2",
                                                                                                                                                                                                    "#3",
                                                                                                                                                                                                    "#4",
                                                                                                                                                                                                    "#5",
                                                                                                                                                                                                    "__internal_decompress_integral_integer(#6, 0)"
                                                                                                                                                                                                ],
                                                                                                                                                                                                "Estimated Cardinality": "3850116"
                                                                                                                                                                                            },
                                                                                                                                                                                            "cumulative_cardinality": 15355826,
                                                                                                                                                                                            "operator_type": "PROJECTION",
                                                                                                                                                                                            "operator_cardinality": 4574495,
                                                                                                                                                                                            "cumulative_rows_scanned": 5110826,
                                                                                                                                                                                            "operator_rows_scanned": 0,
                                                                                                                                                                                            "operator_timing": 0.0023604640000000126,
                                                                                                                                                                                            "result_set_size": 182979800,
                                                                                                                                                                                            "children": [
                                                                                                                                                                                                {
                                                                                                                                                                                                    "operator_name": "HASH_JOIN",
                                                                                                                                                                                                    "cpu_time": 0.49235192599999944,
                                                                                                                                                                                                    "extra_info": {
                                                                                                                                                                                                        "Join Type": "RIGHT",
                                                                                                                                                                                                        "Conditions": "owneruserid = id",
                                                                                                                                                                                                        "Estimated Cardinality": "3850116"
                                                                                                                                                                                                    },
                                                                                                                                                                                                    "cumulative_cardinality": 10781331,
                                                                                                                                                                                                    "operator_type": "HASH_JOIN",
                                                                                                                                                                                                    "operator_cardinality": 4574495,
                                                                                                                                                                                                    "cumulative_rows_scanned": 5110826,
                                                                                                                                                                                                    "operator_rows_scanned": 0,
                                                                                                                                                                                                    "operator_timing": 0.30077493399999955,
                                                                                                                                                                                                    "result_set_size": 173830810,
                                                                                                                                                                                                    "children": [
                                                                                                                                                                                                        {
                                                                                                                                                                                                            "operator_name": "READ_PARQUET ",
                                                                                                                                                                                                            "cpu_time": 0.08764872799999995,
                                                                                                                                                                                                            "extra_info": {
                                                                                                                                                                                                                "Function": "READ_PARQUET",
                                                                                                                                                                                                                "Projections": [
                                                                                                                                                                                                                    "score",
                                                                                                                                                                                                                    "owneruserid"
                                                                                                                                                                                                                ],
                                                                                                                                                                                                                "Estimated Cardinality": "3850116"
                                                                                                                                                                                                            },
                                                                                                                                                                                                            "cumulative_cardinality": 3685416,
                                                                                                                                                                                                            "operator_type": "TABLE_SCAN",
                                                                                                                                                                                                            "operator_cardinality": 3685416,
                                                                                                                                                                                                            "cumulative_rows_scanned": 3850116,
                                                                                                                                                                                                            "operator_rows_scanned": 3850116,
                                                                                                                                                                                                            "operator_timing": 0.08764872799999995,
                                                                                                                                                                                                            "result_set_size": 29483328,
                                                                                                                                                                                                            "children": []
                                                                                                                                                                                                        },
                                                                                                                                                                                                        {
                                                                                                                                                                                                            "operator_name": "PROJECTION",
                                                                                                                                                                                                            "cpu_time": 0.10392826399999996,
                                                                                                                                                                                                            "extra_info": {
                                                                                                                                                                                                                "Projections": [
                                                                                                                                                                                                                    "#0",
                                                                                                                                                                                                                    "#1",
                                                                                                                                                                                                                    "#2",
                                                                                                                                                                                                                    "#3",
                                                                                                                                                                                                                    "#4",
                                                                                                                                                                                                                    "__internal_compress_integral_usmallint(#5, 0)"
                                                                                                                                                                                                                ],
                                                                                                                                                                                                                "Estimated Cardinality": "1260710"
                                                                                                                                                                                                            },
                                                                                                                                                                                                            "cumulative_cardinality": 2521420,
                                                                                                                                                                                                            "operator_type": "PROJECTION",
                                                                                                                                                                                                            "operator_cardinality": 1260710,
                                                                                                                                                                                                            "cumulative_rows_scanned": 1260710,
                                                                                                                                                                                                            "operator_rows_scanned": 0,
                                                                                                                                                                                                            "operator_timing": 0.0006065139999999992,
                                                                                                                                                                                                            "result_set_size": 42864140,
                                                                                                                                                                                                            "children": [
                                                                                                                                                                                                                {
                                                                                                                                                                                                                    "operator_name": "READ_PARQUET ",
                                                                                                                                                                                                                    "cpu_time": 0.10332174999999996,
                                                                                                                                                                                                                    "extra_info": {
                                                                                                                                                                                                                        "Function": "READ_PARQUET",
                                                                                                                                                                                                                        "Projections": [
                                                                                                                                                                                                                            "id",
                                                                                                                                                                                                                            "reputation",
                                                                                                                                                                                                                            "displayname",
                                                                                                                                                                                                                            "views",
                                                                                                                                                                                                                            "upvotes",
                                                                                                                                                                                                                            "downvotes"
                                                                                                                                                                                                                        ],
                                                                                                                                                                                                                        "Estimated Cardinality": "1260710"
                                                                                                                                                                                                                    },
                                                                                                                                                                                                                    "cumulative_cardinality": 1260710,
                                                                                                                                                                                                                    "operator_type": "TABLE_SCAN",
                                                                                                                                                                                                                    "operator_cardinality": 1260710,
                                                                                                                                                                                                                    "cumulative_rows_scanned": 1260710,
                                                                                                                                                                                                                    "operator_rows_scanned": 1260710,
                                                                                                                                                                                                                    "operator_timing": 0.10332174999999996,
                                                                                                                                                                                                                    "result_set_size": 45385560,
                                                                                                                                                                                                                    "children": []
                                                                                                                                                                                                                }
                                                                                                                                                                                                            ]
                                                                                                                                                                                                        }
                                                                                                                                                                                                    ]
                                                                                                                                                                                                }
                                                                                                                                                                                            ]
                                                                                                                                                                                        }
                                                                                                                                                                                    ]
                                                                                                                                                                                }
                                                                                                                                                                            ]
                                                                                                                                                                        }
                                                                                                                                                                    ]
                                                                                                                                                                }
                                                                                                                                                            ]
                                                                                                                                                        }
                                                                                                                                                    ]
                                                                                                                                                }
                                                                                                                                            ]
                                                                                                                                        }
                                                                                                                                    ]
                                                                                                                                }
                                                                                                                            ]
                                                                                                                        }
                                                                                                                    ]
                                                                                                                }
                                                                                                            ]
                                                                                                        }
                                                                                                    ]
                                                                                                }
                                                                                            ]
                                                                                        }
                                                                                    ]
                                                                                }
                                                                            ]
                                                                        }
                                                                    ]
                                                                }
                                                            ]
                                                        }
                                                    ]
                                                }
                                            ]
                                        }
                                    ]
                                }
                            ]
                        }
                    ]
                }
            ]
        }
    ]
}