{
    "rows_returned": 0,
    "query_name": "\nWITH UserVoteStats AS (\n    SELECT \n        U.Id AS UserId, \n        U.DisplayName, \n        COUNT(V.Id) AS TotalVotes, \n        SUM(CASE WHEN V.VoteTypeId = 2 THEN 1 ELSE 0 END) AS UpVotes, \n        SUM(CASE WHEN V.VoteTypeId = 3 THEN 1 ELSE 0 END) AS DownVotes\n    FROM \n        Users U\n    LEFT JOIN \n        Votes V ON U.Id = V.UserId\n    GROUP BY \n        U.Id, U.DisplayName\n),\nPopularPosts AS (\n    SELECT \n        P.Id AS PostId, \n        P.Title, \n        P.OwnerUserId, \n        P.Score, \n        P.ViewCount,\n        COUNT(C.Id) AS CommentCount\n    FROM \n        Posts P\n    LEFT JOIN \n        Comments C ON P.Id = C.PostId\n    WHERE \n        P.CreationDate >= CURRENT_DATE - INTERVAL '1 year'\n    GROUP BY \n        P.Id, P.Title, P.OwnerUserId, P.Score, P.ViewCount\n    ORDER BY \n        P.Score DESC, P.ViewCount DESC\n    LIMIT 10\n),\nUserBadgeCounts AS (\n    SELECT \n        U.Id AS UserId, \n        COUNT(B.Id) AS BadgeCount\n    FROM \n        Users U\n    LEFT JOIN \n        Badges B ON U.Id = B.UserId\n    GROUP BY \n        U.Id\n)\nSELECT \n    U.DisplayName, \n    U.TotalVotes, \n    U.UpVotes, \n    U.DownVotes, \n    PP.Title AS PopularPost, \n    PP.Score, \n    PP.ViewCount, \n    UBC.BadgeCount\nFROM \n    UserVoteStats U\nJOIN \n    PopularPosts PP ON U.UserId = PP.OwnerUserId\nJOIN \n    UserBadgeCounts UBC ON U.UserId = UBC.UserId\nWHERE \n    U.TotalVotes > 50\nORDER BY \n    U.TotalVotes DESC, U.UpVotes DESC;\n",
    "blocked_thread_time": 0.0,
    "cpu_time": 1.121300009000001,
    "extra_info": {},
    "cumulative_cardinality": 13636511,
    "cumulative_rows_scanned": 24829059,
    "result_set_size": 0,
    "latency": 1.198199204,
    "children": [
        {
            "operator_name": "ORDER_BY",
            "cpu_time": 1.121300009000001,
            "extra_info": {
                "Order By": [
                    "U.TotalVotes DESC",
                    "U.UpVotes DESC"
                ]
            },
            "cumulative_cardinality": 13636511,
            "operator_type": "ORDER_BY",
            "operator_cardinality": 0,
            "cumulative_rows_scanned": 24829059,
            "operator_rows_scanned": 0,
            "operator_timing": 6.72e-7,
            "result_set_size": 0,
            "children": [
                {
                    "operator_name": "PROJECTION",
                    "cpu_time": 1.1212993370000008,
                    "extra_info": {
                        "Projections": [
                            "displayname",
                            "TotalVotes",
                            "UpVotes",
                            "DownVotes",
                            "PopularPost",
                            "score",
                            "viewcount",
                            "BadgeCount"
                        ],
                        "Estimated Cardinality": "2"
                    },
                    "cumulative_cardinality": 13636511,
                    "operator_type": "PROJECTION",
                    "operator_cardinality": 0,
                    "cumulative_rows_scanned": 24829059,
                    "operator_rows_scanned": 0,
                    "operator_timing": 0.0,
                    "result_set_size": 0,
                    "children": [
                        {
                            "operator_name": "HASH_JOIN",
                            "cpu_time": 1.1212993370000008,
                            "extra_info": {
                                "Join Type": "INNER",
                                "Conditions": "UserId = UserId",
                                "Estimated Cardinality": "2"
                            },
                            "cumulative_cardinality": 13636511,
                            "operator_type": "HASH_JOIN",
                            "operator_cardinality": 0,
                            "cumulative_rows_scanned": 24829059,
                            "operator_rows_scanned": 0,
                            "operator_timing": 0.000059853000000000004,
                            "result_set_size": 0,
                            "children": [
                                {
                                    "operator_name": "HASH_GROUP_BY",
                                    "cpu_time": 0.41390090099999993,
                                    "extra_info": {
                                        "Groups": "#0",
                                        "Aggregates": "count(#1)",
                                        "Estimated Cardinality": "1260710"
                                    },
                                    "cumulative_cardinality": 9651308,
                                    "operator_type": "HASH_GROUP_BY",
                                    "operator_cardinality": 2048,
                                    "cumulative_rows_scanned": 3582434,
                                    "operator_rows_scanned": 0,
                                    "operator_timing": 0.15411657099999998,
                                    "result_set_size": 24576,
                                    "children": [
                                        {
                                            "operator_name": "PROJECTION",
                                            "cpu_time": 0.25978432999999995,
                                            "extra_info": {
                                                "Projections": [
                                                    "id",
                                                    "id"
                                                ],
                                                "Estimated Cardinality": "2321724"
                                            },
                                            "cumulative_cardinality": 9649260,
                                            "operator_type": "PROJECTION",
                                            "operator_cardinality": 3033413,
                                            "cumulative_rows_scanned": 3582434,
                                            "operator_rows_scanned": 0,
                                            "operator_timing": 0.0003868820000000008,
                                            "result_set_size": 24267304,
                                            "children": [
                                                {
                                                    "operator_name": "HASH_JOIN",
                                                    "cpu_time": 0.259397448,
                                                    "extra_info": {
                                                        "Join Type": "RIGHT",
                                                        "Conditions": "userid = id",
                                                        "Estimated Cardinality": "2321724"
                                                    },
                                                    "cumulative_cardinality": 6615847,
                                                    "operator_type": "HASH_JOIN",
                                                    "operator_cardinality": 3033413,
                                                    "cumulative_rows_scanned": 3582434,
                                                    "operator_rows_scanned": 0,
                                                    "operator_timing": 0.1695019120000001,
                                                    "result_set_size": 24267304,
                                                    "children": [
                                                        {
                                                            "operator_name": "READ_PARQUET ",
                                                            "cpu_time": 0.047280229000000014,
                                                            "extra_info": {
                                                                "Function": "READ_PARQUET",
                                                                "Projections": [
                                                                    "id",
                                                                    "userid"
                                                                ],
                                                                "Estimated Cardinality": "2321724"
                                                            },
                                                            "cumulative_cardinality": 2321724,
                                                            "operator_type": "TABLE_SCAN",
                                                            "operator_cardinality": 2321724,
                                                            "cumulative_rows_scanned": 2321724,
                                                            "operator_rows_scanned": 2321724,
                                                            "operator_timing": 0.047280229000000014,
                                                            "result_set_size": 18573792,
                                                            "children": []
                                                        },
                                                        {
                                                            "operator_name": "READ_PARQUET ",
                                                            "cpu_time": 0.04261530699999987,
                                                            "extra_info": {
                                                                "Function": "READ_PARQUET",
                                                                "Projections": "id",
                                                                "Estimated Cardinality": "1260710"
                                                            },
                                                            "cumulative_cardinality": 1260710,
                                                            "operator_type": "TABLE_SCAN",
                                                            "operator_cardinality": 1260710,
                                                            "cumulative_rows_scanned": 1260710,
                                                            "operator_rows_scanned": 1260710,
                                                            "operator_timing": 0.04261530699999987,
                                                            "result_set_size": 5042840,
                                                            "children": []
                                                        }
                                                    ]
                                                }
                                            ]
                                        }
                                    ]
                                },
                                {
                                    "operator_name": "HASH_JOIN",
                                    "cpu_time": 0.7073385830000009,
                                    "extra_info": {
                                        "Join Type": "INNER",
                                        "Conditions": "UserId = owneruserid",
                                        "Estimated Cardinality": "2"
                                    },
                                    "cumulative_cardinality": 3985203,
                                    "operator_type": "HASH_JOIN",
                                    "operator_cardinality": 0,
                                    "cumulative_rows_scanned": 21246625,
                                    "operator_rows_scanned": 0,
                                    "operator_timing": 0.000004979,
                                    "result_set_size": 0,
                                    "children": [
                                        {
                                            "operator_name": "FILTER",
                                            "cpu_time": 0.7058437180000009,
                                            "extra_info": {
                                                "Expression": "(TotalVotes > 50)",
                                                "Estimated Cardinality": "252142"
                                            },
                                            "cumulative_cardinality": 3983155,
                                            "operator_type": "FILTER",
                                            "operator_cardinality": 0,
                                            "cumulative_rows_scanned": 14004803,
                                            "operator_rows_scanned": 0,
                                            "operator_timing": 0.0002442389999999999,
                                            "result_set_size": 0,
                                            "children": [
                                                {
                                                    "operator_name": "HASH_GROUP_BY",
                                                    "cpu_time": 0.7055994790000009,
                                                    "extra_info": {
                                                        "Groups": [
                                                            "#0",
                                                            "#1"
                                                        ],
                                                        "Aggregates": [
                                                            "count(#2)",
                                                            "sum(#3)",
                                                            "sum(#4)"
                                                        ],
                                                        "Estimated Cardinality": "1260710"
                                                    },
                                                    "cumulative_cardinality": 3983155,
                                                    "operator_type": "HASH_GROUP_BY",
                                                    "operator_cardinality": 104448,
                                                    "cumulative_rows_scanned": 14004803,
                                                    "operator_rows_scanned": 0,
                                                    "operator_timing": 0.29392296000000007,
                                                    "result_set_size": 6266880,
                                                    "children": [
                                                        {
                                                            "operator_name": "PROJECTION",
                                                            "cpu_time": 0.41167651900000085,
                                                            "extra_info": {
                                                                "Projections": [
                                                                    "id",
                                                                    "displayname",
                                                                    "id",
                                                                    "CASE  WHEN ((votetypeid = 2)) THEN (1) ELSE 0 END",
                                                                    "CASE  WHEN ((votetypeid = 3)) THEN (1) ELSE 0 END"
                                                                ],
                                                                "Estimated Cardinality": "12744093"
                                                            },
                                                            "cumulative_cardinality": 3878707,
                                                            "operator_type": "PROJECTION",
                                                            "operator_cardinality": 1288855,
                                                            "cumulative_rows_scanned": 14004803,
                                                            "operator_rows_scanned": 0,
                                                            "operator_timing": 0.0024341690000000017,
                                                            "result_set_size": 41243360,
                                                            "children": [
                                                                {
                                                                    "operator_name": "HASH_JOIN",
                                                                    "cpu_time": 0.40924235000000087,
                                                                    "extra_info": {
                                                                        "Join Type": "RIGHT",
                                                                        "Conditions": "userid = id",
                                                                        "Estimated Cardinality": "12744093"
                                                                    },
                                                                    "cumulative_cardinality": 2589852,
                                                                    "operator_type": "HASH_JOIN",
                                                                    "operator_cardinality": 1288855,
                                                                    "cumulative_rows_scanned": 14004803,
                                                                    "operator_rows_scanned": 0,
                                                                    "operator_timing": 0.12914353800000075,
                                                                    "result_set_size": 33510230,
                                                                    "children": [
                                                                        {
                                                                            "operator_name": "READ_PARQUET ",
                                                                            "cpu_time": 0.2011993190000001,
                                                                            "extra_info": {
                                                                                "Function": "READ_PARQUET",
                                                                                "Projections": [
                                                                                    "id",
                                                                                    "votetypeid",
                                                                                    "userid"
                                                                                ],
                                                                                "Estimated Cardinality": "12744093"
                                                                            },
                                                                            "cumulative_cardinality": 40287,
                                                                            "operator_type": "TABLE_SCAN",
                                                                            "operator_cardinality": 40287,
                                                                            "cumulative_rows_scanned": 12744093,
                                                                            "operator_rows_scanned": 12744093,
                                                                            "operator_timing": 0.2011993190000001,
                                                                            "result_set_size": 402870,
                                                                            "children": []
                                                                        },
                                                                        {
                                                                            "operator_name": "READ_PARQUET ",
                                                                            "cpu_time": 0.07889949299999996,
                                                                            "extra_info": {
                                                                                "Function": "READ_PARQUET",
                                                                                "Projections": [
                                                                                    "id",
                                                                                    "displayname"
                                                                                ],
                                                                                "Estimated Cardinality": "1260710"
                                                                            },
                                                                            "cumulative_cardinality": 1260710,
                                                                            "operator_type": "TABLE_SCAN",
                                                                            "operator_cardinality": 1260710,
                                                                            "cumulative_rows_scanned": 1260710,
                                                                            "operator_rows_scanned": 1260710,
                                                                            "operator_timing": 0.07889949299999996,
                                                                            "result_set_size": 25214200,
                                                                            "children": []
                                                                        }
                                                                    ]
                                                                }
                                                            ]
                                                        }
                                                    ]
                                                }
                                            ]
                                        },
                                        {
                                            "operator_name": "STREAMING_LIMIT",
                                            "cpu_time": 0.001489886,
                                            "extra_info": {},
                                            "cumulative_cardinality": 2048,
                                            "operator_type": "STREAMING_LIMIT",
                                            "operator_cardinality": 0,
                                            "cumulative_rows_scanned": 7241822,
                                            "operator_rows_scanned": 0,
                                            "operator_timing": 0.0,
                                            "result_set_size": 0,
                                            "children": [
                                                {
                                                    "operator_name": "ORDER_BY",
                                                    "cpu_time": 0.001489886,
                                                    "extra_info": {
                                                        "Order By": [
                                                            "P.Score DESC",
                                                            "P.ViewCount DESC"
                                                        ]
                                                    },
                                                    "cumulative_cardinality": 2048,
                                                    "operator_type": "ORDER_BY",
                                                    "operator_cardinality": 0,
                                                    "cumulative_rows_scanned": 7241822,
                                                    "operator_rows_scanned": 0,
                                                    "operator_timing": 1.41e-7,
                                                    "result_set_size": 0,
                                                    "children": [
                                                        {
                                                            "operator_name": "PROJECTION",
                                                            "cpu_time": 0.001489745,
                                                            "extra_info": {
                                                                "Projections": [
                                                                    "title",
                                                                    "owneruserid",
                                                                    "score",
                                                                    "viewcount"
                                                                ],
                                                                "Estimated Cardinality": "3850116"
                                                            },
                                                            "cumulative_cardinality": 2048,
                                                            "operator_type": "PROJECTION",
                                                            "operator_cardinality": 0,
                                                            "cumulative_rows_scanned": 7241822,
                                                            "operator_rows_scanned": 0,
                                                            "operator_timing": 0.0,
                                                            "result_set_size": 0,
                                                            "children": [
                                                                {
                                                                    "operator_name": "HASH_GROUP_BY",
                                                                    "cpu_time": 0.001489745,
                                                                    "extra_info": {
                                                                        "Groups": [
                                                                            "#0",
                                                                            "#1",
                                                                            "#2",
                                                                            "#3",
                                                                            "#4"
                                                                        ],
                                                                        "Aggregates": "",
                                                                        "Estimated Cardinality": "3850116"
                                                                    },
                                                                    "cumulative_cardinality": 2048,
                                                                    "operator_type": "HASH_GROUP_BY",
                                                                    "operator_cardinality": 0,
                                                                    "cumulative_rows_scanned": 7241822,
                                                                    "operator_rows_scanned": 0,
                                                                    "operator_timing": 3.61e-7,
                                                                    "result_set_size": 0,
                                                                    "children": [
                                                                        {
                                                                            "operator_name": "PROJECTION",
                                                                            "cpu_time": 0.001489384,
                                                                            "extra_info": {
                                                                                "Projections": [
                                                                                    "id",
                                                                                    "title",
                                                                                    "owneruserid",
                                                                                    "score",
                                                                                    "viewcount"
                                                                                ],
                                                                                "Estimated Cardinality": "7241822"
                                                                            },
                                                                            "cumulative_cardinality": 2048,
                                                                            "operator_type": "PROJECTION",
                                                                            "operator_cardinality": 0,
                                                                            "cumulative_rows_scanned": 7241822,
                                                                            "operator_rows_scanned": 0,
                                                                            "operator_timing": 0.0,
                                                                            "result_set_size": 0,
                                                                            "children": [
                                                                                {
                                                                                    "operator_name": "HASH_JOIN",
                                                                                    "cpu_time": 0.001489384,
                                                                                    "extra_info": {
                                                                                        "Join Type": "RIGHT",
                                                                                        "Conditions": "postid = id",
                                                                                        "Estimated Cardinality": "7241822"
                                                                                    },
                                                                                    "cumulative_cardinality": 2048,
                                                                                    "operator_type": "HASH_JOIN",
                                                                                    "operator_cardinality": 0,
                                                                                    "cumulative_rows_scanned": 7241822,
                                                                                    "operator_rows_scanned": 0,
                                                                                    "operator_timing": 0.000011412,
                                                                                    "result_set_size": 0,
                                                                                    "children": [
                                                                                        {
                                                                                            "operator_name": "READ_PARQUET ",
                                                                                            "cpu_time": 0.001477741,
                                                                                            "extra_info": {
                                                                                                "Function": "READ_PARQUET",
                                                                                                "Projections": "postid",
                                                                                                "Estimated Cardinality": "7241822"
                                                                                            },
                                                                                            "cumulative_cardinality": 2048,
                                                                                            "operator_type": "TABLE_SCAN",
                                                                                            "operator_cardinality": 2048,
                                                                                            "cumulative_rows_scanned": 7241822,
                                                                                            "operator_rows_scanned": 7241822,
                                                                                            "operator_timing": 0.001477741,
                                                                                            "result_set_size": 8192,
                                                                                            "children": []
                                                                                        },
                                                                                        {
                                                                                            "operator_name": "EMPTY_RESULT",
                                                                                            "cpu_time": 2.31e-7,
                                                                                            "extra_info": {},
                                                                                            "cumulative_cardinality": 0,
                                                                                            "operator_type": "EMPTY_RESULT",
                                                                                            "operator_cardinality": 0,
                                                                                            "cumulative_rows_scanned": 0,
                                                                                            "operator_rows_scanned": 0,
                                                                                            "operator_timing": 2.31e-7,
                                                                                            "result_set_size": 0,
                                                                                            "children": []
                                                                                        }
                                                                                    ]
                                                                                }
                                                                            ]
                                                                        }
                                                                    ]
                                                                }
                                                            ]
                                                        }
                                                    ]
                                                }
                                            ]
                                        }
                                    ]
                                }
                            ]
                        }
                    ]
                }
            ]
        }
    ]
}