{
    "rows_returned": 0,
    "query_name": "\nWITH UserVoteStats AS (\n    SELECT \n        U.Id AS UserId,\n        U.DisplayName,\n        SUM(CASE WHEN V.VoteTypeId = 2 THEN 1 ELSE 0 END) AS UpVotes,\n        SUM(CASE WHEN V.VoteTypeId = 3 THEN 1 ELSE 0 END) AS DownVotes,\n        COUNT(DISTINCT P.Id) AS PostCount\n    FROM \n        Users U\n    LEFT JOIN \n        Votes V ON U.Id = V.UserId\n    LEFT JOIN \n        Posts P ON P.OwnerUserId = U.Id\n    GROUP BY \n        U.Id, U.DisplayName\n),\nPostInteraction AS (\n    SELECT \n        P.Id AS PostId,\n        P.Title,\n        P.CreationDate,\n        COALESCE(COUNT(Cm.Id), 0) AS CommentCount,\n        COALESCE(SUM(CASE WHEN V.VoteTypeId = 2 THEN 1 ELSE 0 END), 0) AS UpVoteCount,\n        COALESCE(SUM(CASE WHEN V.VoteTypeId = 3 THEN 1 ELSE 0 END), 0) AS DownVoteCount,\n        P.OwnerUserId\n    FROM \n        Posts P\n    LEFT JOIN \n        Comments Cm ON Cm.PostId = P.Id\n    LEFT JOIN \n        Votes V ON V.PostId = P.Id\n    WHERE \n        P.CreationDate >= (CAST('2024-10-01 12:34:56' AS TIMESTAMP) - INTERVAL '1 year')\n    GROUP BY \n        P.Id, P.Title, P.CreationDate, P.OwnerUserId\n),\nClosedPostStats AS (\n    SELECT \n        PH.PostId,\n        COUNT(*) AS CloseCount,\n        MAX(PH.CreationDate) AS LastClosedDate\n    FROM \n        PostHistory PH\n    WHERE \n        PH.PostHistoryTypeId = 10  \n    GROUP BY \n        PH.PostId\n)\nSELECT \n    U.UserId,\n    U.DisplayName,\n    U.UpVotes,\n    U.DownVotes,\n    PI.PostId,\n    PI.Title,\n    PI.CreationDate,\n    PI.CommentCount,\n    PI.UpVoteCount,\n    PI.DownVoteCount,\n    CPS.CloseCount,\n    CPS.LastClosedDate\nFROM \n    UserVoteStats U\nJOIN \n    PostInteraction PI ON U.UserId = PI.OwnerUserId\nLEFT JOIN \n    ClosedPostStats CPS ON PI.PostId = CPS.PostId\nWHERE \n    (U.UpVotes - U.DownVotes) > 10\n    AND (PI.CommentCount > 5 OR PI.UpVoteCount > 20)\nORDER BY \n    U.DisplayName, PI.CreationDate DESC;\n",
    "blocked_thread_time": 0.0,
    "cpu_time": 2.8792570779999984,
    "extra_info": {},
    "cumulative_cardinality": 76976598,
    "cumulative_rows_scanned": 53486194,
    "result_set_size": 0,
    "latency": 3.302721701,
    "children": [
        {
            "operator_name": "ORDER_BY",
            "cpu_time": 2.8792570779999984,
            "extra_info": {
                "Order By": [
                    "U.DisplayName ASC",
                    "PI.CreationDate DESC"
                ]
            },
            "cumulative_cardinality": 76976598,
            "operator_type": "ORDER_BY",
            "operator_cardinality": 0,
            "cumulative_rows_scanned": 53486194,
            "operator_rows_scanned": 0,
            "operator_timing": 3.6e-7,
            "result_set_size": 0,
            "children": [
                {
                    "operator_name": "HASH_JOIN",
                    "cpu_time": 2.8792567179999984,
                    "extra_info": {
                        "Join Type": "LEFT",
                        "Conditions": "PostId = postid",
                        "Estimated Cardinality": "1179524"
                    },
                    "cumulative_cardinality": 76976598,
                    "operator_type": "HASH_JOIN",
                    "operator_cardinality": 0,
                    "cumulative_rows_scanned": 53486194,
                    "operator_rows_scanned": 0,
                    "operator_timing": 0.0037186349999999996,
                    "result_set_size": 0,
                    "children": [
                        {
                            "operator_name": "HASH_JOIN",
                            "cpu_time": 2.5627594209999986,
                            "extra_info": {
                                "Join Type": "INNER",
                                "Conditions": "UserId = owneruserid",
                                "Estimated Cardinality": "770023"
                            },
                            "cumulative_cardinality": 76613163,
                            "operator_type": "HASH_JOIN",
                            "operator_cardinality": 0,
                            "cumulative_rows_scanned": 41690950,
                            "operator_rows_scanned": 0,
                            "operator_timing": 0.0047066239999999995,
                            "result_set_size": 0,
                            "children": [
                                {
                                    "operator_name": "FILTER",
                                    "cpu_time": 1.627102690999999,
                                    "extra_info": {
                                        "Expression": "((UpVotes - DownVotes) > 10)",
                                        "Estimated Cardinality": "1260710"
                                    },
                                    "cumulative_cardinality": 47258719,
                                    "operator_type": "FILTER",
                                    "operator_cardinality": 0,
                                    "cumulative_rows_scanned": 17854919,
                                    "operator_rows_scanned": 0,
                                    "operator_timing": 0.008532032999999987,
                                    "result_set_size": 0,
                                    "children": [
                                        {
                                            "operator_name": "HASH_GROUP_BY",
                                            "cpu_time": 1.618570657999999,
                                            "extra_info": {
                                                "Groups": [
                                                    "#0",
                                                    "#1"
                                                ],
                                                "Aggregates": [
                                                    "sum(#2)",
                                                    "sum(#3)"
                                                ],
                                                "Estimated Cardinality": "1260710"
                                            },
                                            "cumulative_cardinality": 47258719,
                                            "operator_type": "HASH_GROUP_BY",
                                            "operator_cardinality": 1260679,
                                            "cumulative_rows_scanned": 17854919,
                                            "operator_rows_scanned": 0,
                                            "operator_timing": 0.7707456419999987,
                                            "result_set_size": 65555308,
                                            "children": [
                                                {
                                                    "operator_name": "PROJECTION",
                                                    "cpu_time": 0.8478250160000002,
                                                    "extra_info": {
                                                        "Projections": [
                                                            "id",
                                                            "displayname",
                                                            "CASE  WHEN ((votetypeid = 2)) THEN (1) ELSE 0 END",
                                                            "CASE  WHEN ((votetypeid = 3)) THEN (1) ELSE 0 END"
                                                        ],
                                                        "Estimated Cardinality": "12744093"
                                                    },
                                                    "cumulative_cardinality": 45998040,
                                                    "operator_type": "PROJECTION",
                                                    "operator_cardinality": 19216974,
                                                    "cumulative_rows_scanned": 17854919,
                                                    "operator_rows_scanned": 0,
                                                    "operator_timing": 0.06279342799999978,
                                                    "result_set_size": 538075272,
                                                    "children": [
                                                        {
                                                            "operator_name": "HASH_JOIN",
                                                            "cpu_time": 0.7850315880000004,
                                                            "extra_info": {
                                                                "Join Type": "LEFT",
                                                                "Conditions": "id = owneruserid",
                                                                "Estimated Cardinality": "12744093"
                                                            },
                                                            "cumulative_cardinality": 26781066,
                                                            "operator_type": "HASH_JOIN",
                                                            "operator_cardinality": 19216974,
                                                            "cumulative_rows_scanned": 17854919,
                                                            "operator_rows_scanned": 0,
                                                            "operator_timing": 0.41007838899999904,
                                                            "result_set_size": 499641324,
                                                            "children": [
                                                                {
                                                                    "operator_name": "FILTER",
                                                                    "cpu_time": 0.3303697060000012,
                                                                    "extra_info": {
                                                                        "Expression": "(id <= 1416539)",
                                                                        "Estimated Cardinality": "12744093"
                                                                    },
                                                                    "cumulative_cardinality": 3878676,
                                                                    "operator_type": "FILTER",
                                                                    "operator_cardinality": 1288824,
                                                                    "cumulative_rows_scanned": 14004803,
                                                                    "operator_rows_scanned": 0,
                                                                    "operator_timing": 0.0016894960000000013,
                                                                    "result_set_size": 28354128,
                                                                    "children": [
                                                                        {
                                                                            "operator_name": "HASH_JOIN",
                                                                            "cpu_time": 0.3286802100000012,
                                                                            "extra_info": {
                                                                                "Join Type": "RIGHT",
                                                                                "Conditions": "userid = id",
                                                                                "Estimated Cardinality": "12744093"
                                                                            },
                                                                            "cumulative_cardinality": 2589852,
                                                                            "operator_type": "HASH_JOIN",
                                                                            "operator_cardinality": 1288855,
                                                                            "cumulative_rows_scanned": 14004803,
                                                                            "operator_rows_scanned": 0,
                                                                            "operator_timing": 0.11119506300000132,
                                                                            "result_set_size": 28354810,
                                                                            "children": [
                                                                                {
                                                                                    "operator_name": "READ_PARQUET ",
                                                                                    "cpu_time": 0.13776003399999992,
                                                                                    "extra_info": {
                                                                                        "Function": "READ_PARQUET",
                                                                                        "Projections": [
                                                                                            "votetypeid",
                                                                                            "userid"
                                                                                        ],
                                                                                        "Estimated Cardinality": "12744093"
                                                                                    },
                                                                                    "cumulative_cardinality": 40287,
                                                                                    "operator_type": "TABLE_SCAN",
                                                                                    "operator_cardinality": 40287,
                                                                                    "cumulative_rows_scanned": 12744093,
                                                                                    "operator_rows_scanned": 12744093,
                                                                                    "operator_timing": 0.13776003399999992,
                                                                                    "result_set_size": 241722,
                                                                                    "children": []
                                                                                },
                                                                                {
                                                                                    "operator_name": "READ_PARQUET ",
                                                                                    "cpu_time": 0.07972511299999994,
                                                                                    "extra_info": {
                                                                                        "Function": "READ_PARQUET",
                                                                                        "Projections": [
                                                                                            "id",
                                                                                            "displayname"
                                                                                        ],
                                                                                        "Estimated Cardinality": "1260710"
                                                                                    },
                                                                                    "cumulative_cardinality": 1260710,
                                                                                    "operator_type": "TABLE_SCAN",
                                                                                    "operator_cardinality": 1260710,
                                                                                    "cumulative_rows_scanned": 1260710,
                                                                                    "operator_rows_scanned": 1260710,
                                                                                    "operator_timing": 0.07972511299999994,
                                                                                    "result_set_size": 25214200,
                                                                                    "children": []
                                                                                }
                                                                            ]
                                                                        }
                                                                    ]
                                                                },
                                                                {
                                                                    "operator_name": "READ_PARQUET ",
                                                                    "cpu_time": 0.044583493000000064,
                                                                    "extra_info": {
                                                                        "Function": "READ_PARQUET",
                                                                        "Projections": "owneruserid",
                                                                        "Filters": "owneruserid<=1416539",
                                                                        "Estimated Cardinality": "3850116"
                                                                    },
                                                                    "cumulative_cardinality": 3685416,
                                                                    "operator_type": "TABLE_SCAN",
                                                                    "operator_cardinality": 3685416,
                                                                    "cumulative_rows_scanned": 3850116,
                                                                    "operator_rows_scanned": 3850116,
                                                                    "operator_timing": 0.044583493000000064,
                                                                    "result_set_size": 14741664,
                                                                    "children": []
                                                                }
                                                            ]
                                                        }
                                                    ]
                                                }
                                            ]
                                        }
                                    ]
                                },
                                {
                                    "operator_name": "PROJECTION",
                                    "cpu_time": 0.9309501059999995,
                                    "extra_info": {
                                        "Projections": [
                                            "PostId",
                                            "title",
                                            "creationdate",
                                            "CommentCount",
                                            "UpVoteCount",
                                            "DownVoteCount",
                                            "owneruserid"
                                        ],
                                        "Estimated Cardinality": "770023"
                                    },
                                    "cumulative_cardinality": 29354444,
                                    "operator_type": "PROJECTION",
                                    "operator_cardinality": 37310,
                                    "cumulative_rows_scanned": 23836031,
                                    "operator_rows_scanned": 0,
                                    "operator_timing": 0.000952473,
                                    "result_set_size": 2686320,
                                    "children": [
                                        {
                                            "operator_name": "FILTER",
                                            "cpu_time": 0.9299976329999995,
                                            "extra_info": {
                                                "Expression": "((COALESCE(count(id), 0) > 5) OR (COALESCE(sum(CASE  WHEN ((votetypeid = CAST(2 AS SMALLINT))) THEN (CAST(1 AS INTEGER)) ELSE CAST(0 AS INTEGER) END), 0) > 20))",
                                                "Estimated Cardinality": "770023"
                                            },
                                            "cumulative_cardinality": 29317134,
                                            "operator_type": "FILTER",
                                            "operator_cardinality": 37310,
                                            "cumulative_rows_scanned": 23836031,
                                            "operator_rows_scanned": 0,
                                            "operator_timing": 0.018247694000000005,
                                            "result_set_size": 2686320,
                                            "children": [
                                                {
                                                    "operator_name": "HASH_GROUP_BY",
                                                    "cpu_time": 0.9117499389999995,
                                                    "extra_info": {
                                                        "Groups": [
                                                            "#0",
                                                            "#1",
                                                            "#2",
                                                            "#3"
                                                        ],
                                                        "Aggregates": [
                                                            "count(#4)",
                                                            "sum(#5)",
                                                            "sum(#6)"
                                                        ],
                                                        "Estimated Cardinality": "3850116"
                                                    },
                                                    "cumulative_cardinality": 29279824,
                                                    "operator_type": "HASH_GROUP_BY",
                                                    "operator_cardinality": 145542,
                                                    "cumulative_rows_scanned": 23836031,
                                                    "operator_rows_scanned": 0,
                                                    "operator_timing": 0.07850429699999997,
                                                    "result_set_size": 10479024,
                                                    "children": [
                                                        {
                                                            "operator_name": "PROJECTION",
                                                            "cpu_time": 0.8332456419999995,
                                                            "extra_info": {
                                                                "Projections": [
                                                                    "id",
                                                                    "title",
                                                                    "creationdate",
                                                                    "owneruserid",
                                                                    "id",
                                                                    "CASE  WHEN ((votetypeid = 2)) THEN (1) ELSE 0 END",
                                                                    "CASE  WHEN ((votetypeid = 3)) THEN (1) ELSE 0 END"
                                                                ],
                                                                "Estimated Cardinality": "12744093"
                                                            },
                                                            "cumulative_cardinality": 29134282,
                                                            "operator_type": "PROJECTION",
                                                            "operator_cardinality": 954760,
                                                            "cumulative_rows_scanned": 23836031,
                                                            "operator_rows_scanned": 0,
                                                            "operator_timing": 0.004093110999999997,
                                                            "result_set_size": 42009440,
                                                            "children": [
                                                                {
                                                                    "operator_name": "PROJECTION",
                                                                    "cpu_time": 0.8291525309999995,
                                                                    "extra_info": {
                                                                        "Projections": [
                                                                            "#0",
                                                                            "#1",
                                                                            "#2",
                                                                            "#3",
                                                                            "#4",
                                                                            "__internal_decompress_integral_smallint(#5, 1)"
                                                                        ],
                                                                        "Estimated Cardinality": "12744093"
                                                                    },
                                                                    "cumulative_cardinality": 28179522,
                                                                    "operator_type": "PROJECTION",
                                                                    "operator_cardinality": 954760,
                                                                    "cumulative_rows_scanned": 23836031,
                                                                    "operator_rows_scanned": 0,
                                                                    "operator_timing": 0.0005272349999999999,
                                                                    "result_set_size": 36280880,
                                                                    "children": [
                                                                        {
                                                                            "operator_name": "HASH_JOIN",
                                                                            "cpu_time": 0.8286252959999996,
                                                                            "extra_info": {
                                                                                "Join Type": "LEFT",
                                                                                "Conditions": "id = postid",
                                                                                "Estimated Cardinality": "12744093"
                                                                            },
                                                                            "cumulative_cardinality": 27224762,
                                                                            "operator_type": "HASH_JOIN",
                                                                            "operator_cardinality": 954760,
                                                                            "cumulative_rows_scanned": 23836031,
                                                                            "operator_rows_scanned": 0,
                                                                            "operator_timing": 0.5924380450000001,
                                                                            "result_set_size": 35326120,
                                                                            "children": [
                                                                                {
                                                                                    "operator_name": "HASH_JOIN",
                                                                                    "cpu_time": 0.10354132499999999,
                                                                                    "extra_info": {
                                                                                        "Join Type": "RIGHT",
                                                                                        "Conditions": "postid = id",
                                                                                        "Estimated Cardinality": "7241822"
                                                                                    },
                                                                                    "cumulative_cardinality": 781816,
                                                                                    "operator_type": "HASH_JOIN",
                                                                                    "operator_cardinality": 349210,
                                                                                    "cumulative_rows_scanned": 11091938,
                                                                                    "operator_rows_scanned": 0,
                                                                                    "operator_timing": 0.025585837999999996,
                                                                                    "result_set_size": 12571560,
                                                                                    "children": [
                                                                                        {
                                                                                            "operator_name": "READ_PARQUET ",
                                                                                            "cpu_time": 0.014539614000000003,
                                                                                            "extra_info": {
                                                                                                "Function": "READ_PARQUET",
                                                                                                "Projections": [
                                                                                                    "id",
                                                                                                    "postid"
                                                                                                ],
                                                                                                "Estimated Cardinality": "7241822"
                                                                                            },
                                                                                            "cumulative_cardinality": 287064,
                                                                                            "operator_type": "TABLE_SCAN",
                                                                                            "operator_cardinality": 287064,
                                                                                            "cumulative_rows_scanned": 7241822,
                                                                                            "operator_rows_scanned": 7241822,
                                                                                            "operator_timing": 0.014539614000000003,
                                                                                            "result_set_size": 2296512,
                                                                                            "children": []
                                                                                        },
                                                                                        {
                                                                                            "operator_name": "READ_PARQUET ",
                                                                                            "cpu_time": 0.06341587299999998,
                                                                                            "extra_info": {
                                                                                                "Function": "READ_PARQUET",
                                                                                                "Projections": [
                                                                                                    "id",
                                                                                                    "creationdate",
                                                                                                    "owneruserid",
                                                                                                    "title"
                                                                                                ],
                                                                                                "Filters": "creationdate>='2023-10-01 12:34:56'::TIMESTAMP",
                                                                                                "Estimated Cardinality": "770023"
                                                                                            },
                                                                                            "cumulative_cardinality": 145542,
                                                                                            "operator_type": "TABLE_SCAN",
                                                                                            "operator_cardinality": 145542,
                                                                                            "cumulative_rows_scanned": 3850116,
                                                                                            "operator_rows_scanned": 3850116,
                                                                                            "operator_timing": 0.06341587299999998,
                                                                                            "result_set_size": 4657344,
                                                                                            "children": []
                                                                                        }
                                                                                    ]
                                                                                },
                                                                                {
                                                                                    "operator_name": "PROJECTION",
                                                                                    "cpu_time": 0.13264592599999941,
                                                                                    "extra_info": {
                                                                                        "Projections": [
                                                                                            "#0",
                                                                                            "__internal_compress_integral_utinyint(#1, 1)"
                                                                                        ],
                                                                                        "Estimated Cardinality": "12744093"
                                                                                    },
                                                                                    "cumulative_cardinality": 25488186,
                                                                                    "operator_type": "PROJECTION",
                                                                                    "operator_cardinality": 12744093,
                                                                                    "cumulative_rows_scanned": 12744093,
                                                                                    "operator_rows_scanned": 0,
                                                                                    "operator_timing": 0.003097380000000073,
                                                                                    "result_set_size": 63720465,
                                                                                    "children": [
                                                                                        {
                                                                                            "operator_name": "READ_PARQUET ",
                                                                                            "cpu_time": 0.12954854599999935,
                                                                                            "extra_info": {
                                                                                                "Function": "READ_PARQUET",
                                                                                                "Projections": [
                                                                                                    "postid",
                                                                                                    "votetypeid"
                                                                                                ],
                                                                                                "Estimated Cardinality": "12744093"
                                                                                            },
                                                                                            "cumulative_cardinality": 12744093,
                                                                                            "operator_type": "TABLE_SCAN",
                                                                                            "operator_cardinality": 12744093,
                                                                                            "cumulative_rows_scanned": 12744093,
                                                                                            "operator_rows_scanned": 12744093,
                                                                                            "operator_timing": 0.12954854599999935,
                                                                                            "result_set_size": 76464558,
                                                                                            "children": []
                                                                                        }
                                                                                    ]
                                                                                }
                                                                            ]
                                                                        }
                                                                    ]
                                                                }
                                                            ]
                                                        }
                                                    ]
                                                }
                                            ]
                                        }
                                    ]
                                }
                            ]
                        },
                        {
                            "operator_name": "HASH_GROUP_BY",
                            "cpu_time": 0.3127786619999999,
                            "extra_info": {
                                "Groups": "#0",
                                "Aggregates": [
                                    "count_star()",
                                    "max(#1)"
                                ],
                                "Estimated Cardinality": "1179524"
                            },
                            "cumulative_cardinality": 363435,
                            "operator_type": "HASH_GROUP_BY",
                            "operator_cardinality": 120507,
                            "cumulative_rows_scanned": 11795244,
                            "operator_rows_scanned": 0,
                            "operator_timing": 0.02756200100000001,
                            "result_set_size": 2410140,
                            "children": [
                                {
                                    "operator_name": "PROJECTION",
                                    "cpu_time": 0.28521666099999987,
                                    "extra_info": {
                                        "Projections": [
                                            "postid",
                                            "creationdate"
                                        ],
                                        "Estimated Cardinality": "2359048"
                                    },
                                    "cumulative_cardinality": 242928,
                                    "operator_type": "PROJECTION",
                                    "operator_cardinality": 121464,
                                    "cumulative_rows_scanned": 11795244,
                                    "operator_rows_scanned": 0,
                                    "operator_timing": 0.0007698720000000027,
                                    "result_set_size": 1457568,
                                    "children": [
                                        {
                                            "operator_name": "READ_PARQUET ",
                                            "cpu_time": 0.28444678899999987,
                                            "extra_info": {
                                                "Function": "READ_PARQUET",
                                                "Projections": [
                                                    "postid",
                                                    "creationdate"
                                                ],
                                                "Filters": "posthistorytypeid=10",
                                                "Estimated Cardinality": "2359048"
                                            },
                                            "cumulative_cardinality": 121464,
                                            "operator_type": "TABLE_SCAN",
                                            "operator_cardinality": 121464,
                                            "cumulative_rows_scanned": 11795244,
                                            "operator_rows_scanned": 11795244,
                                            "operator_timing": 0.28444678899999987,
                                            "result_set_size": 1457568,
                                            "children": []
                                        }
                                    ]
                                }
                            ]
                        }
                    ]
                }
            ]
        }
    ]
}