{
    "rows_returned": 20,
    "query_name": "\nWITH UserReputation AS (\n    SELECT Id AS UserId, Reputation, CreationDate\n    FROM Users\n    WHERE Reputation > 1000\n), \nActivePosts AS (\n    SELECT p.Id AS PostId, p.Title, p.CreationDate, p.Score, p.ViewCount, p.OwnerUserId\n    FROM Posts p\n    INNER JOIN UserReputation ur ON p.OwnerUserId = ur.UserId\n    WHERE p.CreationDate >= TIMESTAMP '2024-10-01 12:34:56' - INTERVAL '1 year' AND p.PostTypeId = 1 \n), \nTopTaggedPosts AS (\n    SELECT ap.PostId, SUM(t.Count) AS TagCount\n    FROM ActivePosts ap\n    JOIN Tags t ON t.WikiPostId = ap.PostId\n    GROUP BY ap.PostId\n    ORDER BY TagCount DESC\n    LIMIT 10\n), \nPostComments AS (\n    SELECT c.PostId, COUNT(c.Id) AS CommentCount\n    FROM Comments c\n    JOIN TopTaggedPosts ttp ON c.PostId = ttp.PostId\n    GROUP BY c.PostId\n), \nFinalResults AS (\n    SELECT ap.PostId, ap.Title, ap.CreationDate, ap.Score, ap.ViewCount, pc.CommentCount, ap.OwnerUserId\n    FROM ActivePosts ap\n    LEFT JOIN PostComments pc ON ap.PostId = pc.PostId\n)\nSELECT \n    fr.PostId, \n    fr.Title, \n    fr.CreationDate AS PostCreationDate,\n    fr.Score, \n    fr.ViewCount, \n    COALESCE(fr.CommentCount, 0) AS TotalComments,\n    ur.Reputation AS OwnerReputation\nFROM FinalResults fr\nJOIN UserReputation ur ON fr.OwnerUserId = ur.UserId\nORDER BY fr.ViewCount DESC, fr.Score DESC\nLIMIT 20;\n",
    "blocked_thread_time": 0.0,
    "cpu_time": 0.19317225600000004,
    "extra_info": {},
    "cumulative_cardinality": 393469,
    "cumulative_rows_scanned": 18726160,
    "result_set_size": 960,
    "latency": 0.214625173,
    "children": [
        {
            "operator_name": "STREAMING_LIMIT",
            "cpu_time": 0.19317225600000004,
            "extra_info": {},
            "cumulative_cardinality": 393469,
            "operator_type": "STREAMING_LIMIT",
            "operator_cardinality": 20,
            "cumulative_rows_scanned": 18726160,
            "operator_rows_scanned": 0,
            "operator_timing": 0.0000011419999999999998,
            "result_set_size": 960,
            "children": [
                {
                    "operator_name": "PROJECTION",
                    "cpu_time": 0.19317111400000003,
                    "extra_info": {
                        "Projections": [
                            "#0",
                            "#1",
                            "#2",
                            "__internal_decompress_integral_integer(#3, -72)",
                            "#4",
                            "#5",
                            "#6"
                        ],
                        "Estimated Cardinality": "30800"
                    },
                    "cumulative_cardinality": 393449,
                    "operator_type": "PROJECTION",
                    "operator_cardinality": 4096,
                    "cumulative_rows_scanned": 18726160,
                    "operator_rows_scanned": 0,
                    "operator_timing": 0.000003706,
                    "result_set_size": 196608,
                    "children": [
                        {
                            "operator_name": "ORDER_BY",
                            "cpu_time": 0.19316740800000004,
                            "extra_info": {
                                "Order By": [
                                    "fr.ViewCount DESC",
                                    "fr.Score DESC"
                                ]
                            },
                            "cumulative_cardinality": 389353,
                            "operator_type": "ORDER_BY",
                            "operator_cardinality": 4096,
                            "cumulative_rows_scanned": 18726160,
                            "operator_rows_scanned": 0,
                            "operator_timing": 0.0013836630000000003,
                            "result_set_size": 188416,
                            "children": [
                                {
                                    "operator_name": "PROJECTION",
                                    "cpu_time": 0.19178374500000003,
                                    "extra_info": {
                                        "Projections": [
                                            "#0",
                                            "#1",
                                            "#2",
                                            "__internal_compress_integral_usmallint(#3, -72)",
                                            "#4",
                                            "#5",
                                            "#6"
                                        ],
                                        "Estimated Cardinality": "30800"
                                    },
                                    "cumulative_cardinality": 385257,
                                    "operator_type": "PROJECTION",
                                    "operator_cardinality": 17386,
                                    "cumulative_rows_scanned": 18726160,
                                    "operator_rows_scanned": 0,
                                    "operator_timing": 0.00010462199999999998,
                                    "result_set_size": 799756,
                                    "children": [
                                        {
                                            "operator_name": "PROJECTION",
                                            "cpu_time": 0.19167912300000003,
                                            "extra_info": {
                                                "Projections": [
                                                    "PostId",
                                                    "title",
                                                    "PostCreationDate",
                                                    "score",
                                                    "viewcount",
                                                    "TotalComments",
                                                    "OwnerReputation"
                                                ],
                                                "Estimated Cardinality": "30800"
                                            },
                                            "cumulative_cardinality": 367871,
                                            "operator_type": "PROJECTION",
                                            "operator_cardinality": 17386,
                                            "cumulative_rows_scanned": 18726160,
                                            "operator_rows_scanned": 0,
                                            "operator_timing": 0.0009068819999999997,
                                            "result_set_size": 834528,
                                            "children": [
                                                {
                                                    "operator_name": "HASH_JOIN",
                                                    "cpu_time": 0.19077224100000004,
                                                    "extra_info": {
                                                        "Join Type": "INNER",
                                                        "Conditions": "owneruserid = UserId",
                                                        "Estimated Cardinality": "30800"
                                                    },
                                                    "cumulative_cardinality": 350485,
                                                    "operator_type": "HASH_JOIN",
                                                    "operator_cardinality": 17386,
                                                    "cumulative_rows_scanned": 18726160,
                                                    "operator_rows_scanned": 0,
                                                    "operator_timing": 0.0017019699999999997,
                                                    "result_set_size": 834528,
                                                    "children": [
                                                        {
                                                            "operator_name": "PROJECTION",
                                                            "cpu_time": 0.17119318200000003,
                                                            "extra_info": {
                                                                "Projections": [
                                                                    "PostId",
                                                                    "title",
                                                                    "creationdate",
                                                                    "score",
                                                                    "viewcount",
                                                                    "CommentCount",
                                                                    "owneruserid"
                                                                ],
                                                                "Estimated Cardinality": "154004"
                                                            },
                                                            "cumulative_cardinality": 310669,
                                                            "operator_type": "PROJECTION",
                                                            "operator_cardinality": 17386,
                                                            "cumulative_rows_scanned": 17465450,
                                                            "operator_rows_scanned": 0,
                                                            "operator_timing": 0.00003166400000000001,
                                                            "result_set_size": 834528,
                                                            "children": [
                                                                {
                                                                    "operator_name": "HASH_JOIN",
                                                                    "cpu_time": 0.17116151800000004,
                                                                    "extra_info": {
                                                                        "Join Type": "LEFT",
                                                                        "Conditions": "PostId = postid",
                                                                        "Estimated Cardinality": "154004"
                                                                    },
                                                                    "cumulative_cardinality": 293283,
                                                                    "operator_type": "HASH_JOIN",
                                                                    "operator_cardinality": 17386,
                                                                    "cumulative_rows_scanned": 17465450,
                                                                    "operator_rows_scanned": 0,
                                                                    "operator_timing": 0.00022759799999999997,
                                                                    "result_set_size": 834528,
                                                                    "children": [
                                                                        {
                                                                            "operator_name": "PROJECTION",
                                                                            "cpu_time": 0.10918733500000002,
                                                                            "extra_info": {
                                                                                "Projections": [
                                                                                    "PostId",
                                                                                    "title",
                                                                                    "creationdate",
                                                                                    "score",
                                                                                    "viewcount",
                                                                                    "owneruserid"
                                                                                ],
                                                                                "Estimated Cardinality": "154004"
                                                                            },
                                                                            "cumulative_cardinality": 129058,
                                                                            "operator_type": "PROJECTION",
                                                                            "operator_cardinality": 17386,
                                                                            "cumulative_rows_scanned": 5110826,
                                                                            "operator_rows_scanned": 0,
                                                                            "operator_timing": 0.000029418999999999997,
                                                                            "result_set_size": 695440,
                                                                            "children": [
                                                                                {
                                                                                    "operator_name": "HASH_JOIN",
                                                                                    "cpu_time": 0.10915791600000002,
                                                                                    "extra_info": {
                                                                                        "Join Type": "INNER",
                                                                                        "Conditions": "owneruserid = UserId",
                                                                                        "Estimated Cardinality": "154004"
                                                                                    },
                                                                                    "cumulative_cardinality": 111672,
                                                                                    "operator_type": "HASH_JOIN",
                                                                                    "operator_cardinality": 17386,
                                                                                    "cumulative_rows_scanned": 5110826,
                                                                                    "operator_rows_scanned": 0,
                                                                                    "operator_timing": 0.0024359750000000004,
                                                                                    "result_set_size": 764984,
                                                                                    "children": [
                                                                                        {
                                                                                            "operator_name": "READ_PARQUET ",
                                                                                            "cpu_time": 0.089928938,
                                                                                            "extra_info": {
                                                                                                "Function": "READ_PARQUET",
                                                                                                "Projections": [
                                                                                                    "id",
                                                                                                    "creationdate",
                                                                                                    "score",
                                                                                                    "viewcount",
                                                                                                    "owneruserid",
                                                                                                    "title"
                                                                                                ],
                                                                                                "Filters": [
                                                                                                    "creationdate>='2023-10-01 12:34:56'::TIMESTAMP",
                                                                                                    "posttypeid=1"
                                                                                                ],
                                                                                                "Estimated Cardinality": "770023"
                                                                                            },
                                                                                            "cumulative_cardinality": 71856,
                                                                                            "operator_type": "TABLE_SCAN",
                                                                                            "operator_cardinality": 71856,
                                                                                            "cumulative_rows_scanned": 3850116,
                                                                                            "operator_rows_scanned": 3850116,
                                                                                            "operator_timing": 0.089928938,
                                                                                            "result_set_size": 2874240,
                                                                                            "children": []
                                                                                        },
                                                                                        {
                                                                                            "operator_name": "FILTER",
                                                                                            "cpu_time": 0.01679300300000002,
                                                                                            "extra_info": {
                                                                                                "Expression": "(id <= 1416539)",
                                                                                                "Estimated Cardinality": "252142"
                                                                                            },
                                                                                            "cumulative_cardinality": 22430,
                                                                                            "operator_type": "FILTER",
                                                                                            "operator_cardinality": 11215,
                                                                                            "cumulative_rows_scanned": 1260710,
                                                                                            "operator_rows_scanned": 0,
                                                                                            "operator_timing": 0.0002841639999999996,
                                                                                            "result_set_size": 44860,
                                                                                            "children": [
                                                                                                {
                                                                                                    "operator_name": "READ_PARQUET ",
                                                                                                    "cpu_time": 0.01650883900000002,
                                                                                                    "extra_info": {
                                                                                                        "Function": "READ_PARQUET",
                                                                                                        "Projections": "id",
                                                                                                        "Filters": "reputation>1000",
                                                                                                        "Estimated Cardinality": "252142"
                                                                                                    },
                                                                                                    "cumulative_cardinality": 11215,
                                                                                                    "operator_type": "TABLE_SCAN",
                                                                                                    "operator_cardinality": 11215,
                                                                                                    "cumulative_rows_scanned": 1260710,
                                                                                                    "operator_rows_scanned": 1260710,
                                                                                                    "operator_timing": 0.01650883900000002,
                                                                                                    "result_set_size": 44860,
                                                                                                    "children": []
                                                                                                }
                                                                                            ]
                                                                                        }
                                                                                    ]
                                                                                }
                                                                            ]
                                                                        },
                                                                        {
                                                                            "operator_name": "HASH_GROUP_BY",
                                                                            "cpu_time": 0.061746585000000014,
                                                                            "extra_info": {
                                                                                "Groups": "#0",
                                                                                "Aggregates": "count_star()",
                                                                                "Estimated Cardinality": "9"
                                                                            },
                                                                            "cumulative_cardinality": 146839,
                                                                            "operator_type": "HASH_GROUP_BY",
                                                                            "operator_cardinality": 0,
                                                                            "cumulative_rows_scanned": 12354624,
                                                                            "operator_rows_scanned": 0,
                                                                            "operator_timing": 3.71e-7,
                                                                            "result_set_size": 0,
                                                                            "children": [
                                                                                {
                                                                                    "operator_name": "PROJECTION",
                                                                                    "cpu_time": 0.061746214000000015,
                                                                                    "extra_info": {
                                                                                        "Projections": "postid",
                                                                                        "Estimated Cardinality": "18"
                                                                                    },
                                                                                    "cumulative_cardinality": 146839,
                                                                                    "operator_type": "PROJECTION",
                                                                                    "operator_cardinality": 0,
                                                                                    "cumulative_rows_scanned": 12354624,
                                                                                    "operator_rows_scanned": 0,
                                                                                    "operator_timing": 0.0,
                                                                                    "result_set_size": 0,
                                                                                    "children": [
                                                                                        {
                                                                                            "operator_name": "HASH_JOIN",
                                                                                            "cpu_time": 0.061746214000000015,
                                                                                            "extra_info": {
                                                                                                "Join Type": "INNER",
                                                                                                "Conditions": "postid = PostId",
                                                                                                "Estimated Cardinality": "18"
                                                                                            },
                                                                                            "cumulative_cardinality": 146839,
                                                                                            "operator_type": "HASH_JOIN",
                                                                                            "operator_cardinality": 0,
                                                                                            "cumulative_rows_scanned": 12354624,
                                                                                            "operator_rows_scanned": 0,
                                                                                            "operator_timing": 0.0000051289999999999995,
                                                                                            "result_set_size": 0,
                                                                                            "children": [
                                                                                                {
                                                                                                    "operator_name": "READ_PARQUET ",
                                                                                                    "cpu_time": 0.00215766,
                                                                                                    "extra_info": {
                                                                                                        "Function": "READ_PARQUET",
                                                                                                        "Projections": [
                                                                                                            "id",
                                                                                                            "postid"
                                                                                                        ],
                                                                                                        "Filters": "postid>=4432 AND postid<=4975717",
                                                                                                        "Estimated Cardinality": "7241822"
                                                                                                    },
                                                                                                    "cumulative_cardinality": 155,
                                                                                                    "operator_type": "TABLE_SCAN",
                                                                                                    "operator_cardinality": 155,
                                                                                                    "cumulative_rows_scanned": 7241822,
                                                                                                    "operator_rows_scanned": 7241822,
                                                                                                    "operator_timing": 0.00215766,
                                                                                                    "result_set_size": 1240,
                                                                                                    "children": []
                                                                                                },
                                                                                                {
                                                                                                    "operator_name": "STREAMING_LIMIT",
                                                                                                    "cpu_time": 0.059583425000000016,
                                                                                                    "extra_info": {},
                                                                                                    "cumulative_cardinality": 146684,
                                                                                                    "operator_type": "STREAMING_LIMIT",
                                                                                                    "operator_cardinality": 0,
                                                                                                    "cumulative_rows_scanned": 5112802,
                                                                                                    "operator_rows_scanned": 0,
                                                                                                    "operator_timing": 0.0,
                                                                                                    "result_set_size": 0,
                                                                                                    "children": [
                                                                                                        {
                                                                                                            "operator_name": "ORDER_BY",
                                                                                                            "cpu_time": 0.059583425000000016,
                                                                                                            "extra_info": {
                                                                                                                "Order By": "sum(t.Count) DESC"
                                                                                                            },
                                                                                                            "cumulative_cardinality": 146684,
                                                                                                            "operator_type": "ORDER_BY",
                                                                                                            "operator_cardinality": 0,
                                                                                                            "cumulative_rows_scanned": 5112802,
                                                                                                            "operator_rows_scanned": 0,
                                                                                                            "operator_timing": 2.71e-7,
                                                                                                            "result_set_size": 0,
                                                                                                            "children": [
                                                                                                                {
                                                                                                                    "operator_name": "HASH_GROUP_BY",
                                                                                                                    "cpu_time": 0.05958315400000001,
                                                                                                                    "extra_info": {
                                                                                                                        "Groups": "#0",
                                                                                                                        "Aggregates": "sum(#1)",
                                                                                                                        "Estimated Cardinality": "77002"
                                                                                                                    },
                                                                                                                    "cumulative_cardinality": 146684,
                                                                                                                    "operator_type": "HASH_GROUP_BY",
                                                                                                                    "operator_cardinality": 0,
                                                                                                                    "cumulative_rows_scanned": 5112802,
                                                                                                                    "operator_rows_scanned": 0,
                                                                                                                    "operator_timing": 0.000001383,
                                                                                                                    "result_set_size": 0,
                                                                                                                    "children": [
                                                                                                                        {
                                                                                                                            "operator_name": "PROJECTION",
                                                                                                                            "cpu_time": 0.05958177100000001,
                                                                                                                            "extra_info": {
                                                                                                                                "Projections": [
                                                                                                                                    "PostId",
                                                                                                                                    "count"
                                                                                                                                ],
                                                                                                                                "Estimated Cardinality": "154004"
                                                                                                                            },
                                                                                                                            "cumulative_cardinality": 146684,
                                                                                                                            "operator_type": "PROJECTION",
                                                                                                                            "operator_cardinality": 0,
                                                                                                                            "cumulative_rows_scanned": 5112802,
                                                                                                                            "operator_rows_scanned": 0,
                                                                                                                            "operator_timing": 0.0,
                                                                                                                            "result_set_size": 0,
                                                                                                                            "children": [
                                                                                                                                {
                                                                                                                                    "operator_name": "HASH_JOIN",
                                                                                                                                    "cpu_time": 0.05958177100000001,
                                                                                                                                    "extra_info": {
                                                                                                                                        "Join Type": "INNER",
                                                                                                                                        "Conditions": "PostId = wikipostid",
                                                                                                                                        "Estimated Cardinality": "154004"
                                                                                                                                    },
                                                                                                                                    "cumulative_cardinality": 146684,
                                                                                                                                    "operator_type": "HASH_JOIN",
                                                                                                                                    "operator_cardinality": 0,
                                                                                                                                    "cumulative_rows_scanned": 5112802,
                                                                                                                                    "operator_rows_scanned": 0,
                                                                                                                                    "operator_timing": 0.00058854,
                                                                                                                                    "result_set_size": 0,
                                                                                                                                    "children": [
                                                                                                                                        {
                                                                                                                                            "operator_name": "PROJECTION",
                                                                                                                                            "cpu_time": 0.058629352000000017,
                                                                                                                                            "extra_info": {
                                                                                                                                                "Projections": "#0",
                                                                                                                                                "Estimated Cardinality": "154004"
                                                                                                                                            },
                                                                                                                                            "cumulative_cardinality": 144708,
                                                                                                                                            "operator_type": "PROJECTION",
                                                                                                                                            "operator_cardinality": 17129,
                                                                                                                                            "cumulative_rows_scanned": 5110826,
                                                                                                                                            "operator_rows_scanned": 0,
                                                                                                                                            "operator_timing": 0.000008018999999999997,
                                                                                                                                            "result_set_size": 68516,
                                                                                                                                            "children": [
                                                                                                                                                {
                                                                                                                                                    "operator_name": "FILTER",
                                                                                                                                                    "cpu_time": 0.05862133300000002,
                                                                                                                                                    "extra_info": {
                                                                                                                                                        "Expression": "(PostId BETWEEN 4432 AND 4975717)",
                                                                                                                                                        "Estimated Cardinality": "154004"
                                                                                                                                                    },
                                                                                                                                                    "cumulative_cardinality": 127579,
                                                                                                                                                    "operator_type": "FILTER",
                                                                                                                                                    "operator_cardinality": 17129,
                                                                                                                                                    "cumulative_rows_scanned": 5110826,
                                                                                                                                                    "operator_rows_scanned": 0,
                                                                                                                                                    "operator_timing": 0.00009616799999999996,
                                                                                                                                                    "result_set_size": 137032,
                                                                                                                                                    "children": [
                                                                                                                                                        {
                                                                                                                                                            "operator_name": "HASH_JOIN",
                                                                                                                                                            "cpu_time": 0.05852516500000002,
                                                                                                                                                            "extra_info": {
                                                                                                                                                                "Join Type": "INNER",
                                                                                                                                                                "Conditions": "owneruserid = UserId",
                                                                                                                                                                "Estimated Cardinality": "154004"
                                                                                                                                                            },
                                                                                                                                                            "cumulative_cardinality": 110450,
                                                                                                                                                            "operator_type": "HASH_JOIN",
                                                                                                                                                            "operator_cardinality": 17129,
                                                                                                                                                            "cumulative_rows_scanned": 5110826,
                                                                                                                                                            "operator_rows_scanned": 0,
                                                                                                                                                            "operator_timing": 0.001936967999999999,
                                                                                                                                                            "result_set_size": 137032,
                                                                                                                                                            "children": [
                                                                                                                                                                {
                                                                                                                                                                    "operator_name": "READ_PARQUET ",
                                                                                                                                                                    "cpu_time": 0.03799305800000002,
                                                                                                                                                                    "extra_info": {
                                                                                                                                                                        "Function": "READ_PARQUET",
                                                                                                                                                                        "Projections": [
                                                                                                                                                                            "id",
                                                                                                                                                                            "owneruserid"
                                                                                                                                                                        ],
                                                                                                                                                                        "Filters": [
                                                                                                                                                                            "creationdate>='2023-10-01 12:34:56'::TIMESTAMP",
                                                                                                                                                                            "posttypeid=1"
                                                                                                                                                                        ],
                                                                                                                                                                        "Estimated Cardinality": "770023"
                                                                                                                                                                    },
                                                                                                                                                                    "cumulative_cardinality": 70891,
                                                                                                                                                                    "operator_type": "TABLE_SCAN",
                                                                                                                                                                    "operator_cardinality": 70891,
                                                                                                                                                                    "cumulative_rows_scanned": 3850116,
                                                                                                                                                                    "operator_rows_scanned": 3850116,
                                                                                                                                                                    "operator_timing": 0.03799305800000002,
                                                                                                                                                                    "result_set_size": 567128,
                                                                                                                                                                    "children": []
                                                                                                                                                                },
                                                                                                                                                                {
                                                                                                                                                                    "operator_name": "FILTER",
                                                                                                                                                                    "cpu_time": 0.018595139000000004,
                                                                                                                                                                    "extra_info": {
                                                                                                                                                                        "Expression": "(id <= 1416539)",
                                                                                                                                                                        "Estimated Cardinality": "252142"
                                                                                                                                                                    },
                                                                                                                                                                    "cumulative_cardinality": 22430,
                                                                                                                                                                    "operator_type": "FILTER",
                                                                                                                                                                    "operator_cardinality": 11215,
                                                                                                                                                                    "cumulative_rows_scanned": 1260710,
                                                                                                                                                                    "operator_rows_scanned": 0,
                                                                                                                                                                    "operator_timing": 0.000295561,
                                                                                                                                                                    "result_set_size": 44860,
                                                                                                                                                                    "children": [
                                                                                                                                                                        {
                                                                                                                                                                            "operator_name": "READ_PARQUET ",
                                                                                                                                                                            "cpu_time": 0.018299578000000004,
                                                                                                                                                                            "extra_info": {
                                                                                                                                                                                "Function": "READ_PARQUET",
                                                                                                                                                                                "Projections": "id",
                                                                                                                                                                                "Filters": "reputation>1000",
                                                                                                                                                                                "Estimated Cardinality": "252142"
                                                                                                                                                                            },
                                                                                                                                                                            "cumulative_cardinality": 11215,
                                                                                                                                                                            "operator_type": "TABLE_SCAN",
                                                                                                                                                                            "operator_cardinality": 11215,
                                                                                                                                                                            "cumulative_rows_scanned": 1260710,
                                                                                                                                                                            "operator_rows_scanned": 1260710,
                                                                                                                                                                            "operator_timing": 0.018299578000000004,
                                                                                                                                                                            "result_set_size": 44860,
                                                                                                                                                                            "children": []
                                                                                                                                                                        }
                                                                                                                                                                    ]
                                                                                                                                                                }
                                                                                                                                                            ]
                                                                                                                                                        }
                                                                                                                                                    ]
                                                                                                                                                }
                                                                                                                                            ]
                                                                                                                                        },
                                                                                                                                        {
                                                                                                                                            "operator_name": "READ_PARQUET ",
                                                                                                                                            "cpu_time": 0.000363879,
                                                                                                                                            "extra_info": {
                                                                                                                                                "Function": "READ_PARQUET",
                                                                                                                                                "Projections": [
                                                                                                                                                    "count",
                                                                                                                                                    "wikipostid"
                                                                                                                                                ],
                                                                                                                                                "Estimated Cardinality": "1976"
                                                                                                                                            },
                                                                                                                                            "cumulative_cardinality": 1976,
                                                                                                                                            "operator_type": "TABLE_SCAN",
                                                                                                                                            "operator_cardinality": 1976,
                                                                                                                                            "cumulative_rows_scanned": 1976,
                                                                                                                                            "operator_rows_scanned": 1976,
                                                                                                                                            "operator_timing": 0.000363879,
                                                                                                                                            "result_set_size": 15808,
                                                                                                                                            "children": []
                                                                                                                                        }
                                                                                                                                    ]
                                                                                                                                }
                                                                                                                            ]
                                                                                                                        }
                                                                                                                    ]
                                                                                                                }
                                                                                                            ]
                                                                                                        }
                                                                                                    ]
                                                                                                }
                                                                                            ]
                                                                                        }
                                                                                    ]
                                                                                }
                                                                            ]
                                                                        }
                                                                    ]
                                                                }
                                                            ]
                                                        },
                                                        {
                                                            "operator_name": "FILTER",
                                                            "cpu_time": 0.017877089000000013,
                                                            "extra_info": {
                                                                "Expression": "(id <= 1416539)",
                                                                "Estimated Cardinality": "252142"
                                                            },
                                                            "cumulative_cardinality": 22430,
                                                            "operator_type": "FILTER",
                                                            "operator_cardinality": 11215,
                                                            "cumulative_rows_scanned": 1260710,
                                                            "operator_rows_scanned": 0,
                                                            "operator_timing": 0.0005008880000000007,
                                                            "result_set_size": 89720,
                                                            "children": [
                                                                {
                                                                    "operator_name": "READ_PARQUET ",
                                                                    "cpu_time": 0.01737620100000001,
                                                                    "extra_info": {
                                                                        "Function": "READ_PARQUET",
                                                                        "Projections": [
                                                                            "id",
                                                                            "reputation"
                                                                        ],
                                                                        "Filters": "reputation>1000",
                                                                        "Estimated Cardinality": "252142"
                                                                    },
                                                                    "cumulative_cardinality": 11215,
                                                                    "operator_type": "TABLE_SCAN",
                                                                    "operator_cardinality": 11215,
                                                                    "cumulative_rows_scanned": 1260710,
                                                                    "operator_rows_scanned": 1260710,
                                                                    "operator_timing": 0.01737620100000001,
                                                                    "result_set_size": 89720,
                                                                    "children": []
                                                                }
                                                            ]
                                                        }
                                                    ]
                                                }
                                            ]
                                        }
                                    ]
                                }
                            ]
                        }
                    ]
                }
            ]
        }
    ]
}