{
    "rows_returned": 5,
    "query_name": "\nWITH UserReputation AS (\n    SELECT Id, Reputation, \n           RANK() OVER (ORDER BY Reputation DESC) AS ReputationRank\n    FROM Users\n), \nPostStats AS (\n    SELECT p.Id AS PostId, \n           p.Title, \n           p.CreationDate, \n           p.Score, \n           p.ViewCount, \n           COALESCE(SUM(CASE WHEN v.VoteTypeId = 2 THEN 1 ELSE 0 END), 0) AS UpVotes, \n           COALESCE(SUM(CASE WHEN v.VoteTypeId = 3 THEN 1 ELSE 0 END), 0) AS DownVotes,\n           COALESCE(COUNT(c.Id), 0) AS CommentCount\n    FROM Posts p\n    LEFT JOIN Votes v ON p.Id = v.PostId\n    LEFT JOIN Comments c ON p.Id = c.PostId\n    WHERE p.CreationDate > TIMESTAMP '2024-10-01 12:34:56' - INTERVAL '1 year'\n    GROUP BY p.Id, p.Title, p.CreationDate, p.Score, p.ViewCount\n), \nClosedPosts AS (\n    SELECT p.Id AS ClosedPostId, \n           ph.UserId, \n           ph.CreationDate AS CloseDate\n    FROM Posts p\n    JOIN PostHistory ph ON p.Id = ph.PostId\n    WHERE ph.PostHistoryTypeId = 10\n), \nTopUsers AS (\n    SELECT ur.Id, ur.Reputation, ur.ReputationRank \n    FROM UserReputation ur\n    WHERE ur.ReputationRank <= 10\n)\n\nSELECT u.DisplayName, \n       COUNT(DISTINCT ps.PostId) AS TotalPosts, \n       SUM(COALESCE(ps.Score, 0)) AS TotalScore,\n       COUNT(DISTINCT cp.ClosedPostId) AS TotalClosedPosts\nFROM Users u\nJOIN Posts p ON u.Id = p.OwnerUserId\nLEFT JOIN PostStats ps ON p.Id = ps.PostId\nLEFT JOIN ClosedPosts cp ON p.Id = cp.ClosedPostId\nWHERE u.Reputation > 1000 \n  AND (u.Location IS NOT NULL OR u.AboutMe IS NOT NULL)\nGROUP BY u.DisplayName\nHAVING SUM(COALESCE(ps.ViewCount, 0)) > 50\nORDER BY TotalPosts DESC\nLIMIT 5\nOFFSET 0;\n",
    "blocked_thread_time": 0.0,
    "cpu_time": 1.5384042369999993,
    "extra_info": {},
    "cumulative_cardinality": 27140437,
    "cumulative_rows_scanned": 44592217,
    "result_set_size": 240,
    "latency": 1.776296823,
    "children": [
        {
            "operator_name": "STREAMING_LIMIT",
            "cpu_time": 1.5384042369999993,
            "extra_info": {},
            "cumulative_cardinality": 27140437,
            "operator_type": "STREAMING_LIMIT",
            "operator_cardinality": 5,
            "cumulative_rows_scanned": 44592217,
            "operator_rows_scanned": 0,
            "operator_timing": 0.000002345,
            "result_set_size": 240,
            "children": [
                {
                    "operator_name": "ORDER_BY",
                    "cpu_time": 1.5384018919999993,
                    "extra_info": {
                        "Order By": "count(DISTINCT ps.PostId) DESC"
                    },
                    "cumulative_cardinality": 27140432,
                    "operator_type": "ORDER_BY",
                    "operator_cardinality": 1506,
                    "cumulative_rows_scanned": 44592217,
                    "operator_rows_scanned": 0,
                    "operator_timing": 0.000115446,
                    "result_set_size": 72288,
                    "children": [
                        {
                            "operator_name": "PROJECTION",
                            "cpu_time": 1.5382864459999994,
                            "extra_info": {
                                "Projections": [
                                    "displayname",
                                    "TotalPosts",
                                    "TotalScore",
                                    "TotalClosedPosts"
                                ],
                                "Estimated Cardinality": "252142"
                            },
                            "cumulative_cardinality": 27138926,
                            "operator_type": "PROJECTION",
                            "operator_cardinality": 1506,
                            "cumulative_rows_scanned": 44592217,
                            "operator_rows_scanned": 0,
                            "operator_timing": 0.000001202,
                            "result_set_size": 72288,
                            "children": [
                                {
                                    "operator_name": "FILTER",
                                    "cpu_time": 1.5382852439999994,
                                    "extra_info": {
                                        "Expression": "(sum(COALESCE(viewcount, CAST(0 AS INTEGER))) > 50)",
                                        "Estimated Cardinality": "252142"
                                    },
                                    "cumulative_cardinality": 27137420,
                                    "operator_type": "FILTER",
                                    "operator_cardinality": 1506,
                                    "cumulative_rows_scanned": 44592217,
                                    "operator_rows_scanned": 0,
                                    "operator_timing": 0.000041437,
                                    "result_set_size": 96384,
                                    "children": [
                                        {
                                            "operator_name": "HASH_GROUP_BY",
                                            "cpu_time": 1.5382438069999995,
                                            "extra_info": {
                                                "Groups": "#0",
                                                "Aggregates": [
                                                    "sum(#1)",
                                                    "count(DISTINCT #2)",
                                                    "sum(#3)",
                                                    "count(DISTINCT #4)"
                                                ],
                                                "Estimated Cardinality": "1260710"
                                            },
                                            "cumulative_cardinality": 27135914,
                                            "operator_type": "HASH_GROUP_BY",
                                            "operator_cardinality": 7529,
                                            "cumulative_rows_scanned": 44592217,
                                            "operator_rows_scanned": 0,
                                            "operator_timing": 0.1875729419999999,
                                            "result_set_size": 481856,
                                            "children": [
                                                {
                                                    "operator_name": "PROJECTION",
                                                    "cpu_time": 1.3506708649999997,
                                                    "extra_info": {
                                                        "Projections": [
                                                            "displayname",
                                                            "COALESCE(viewcount, 0)",
                                                            "PostId",
                                                            "COALESCE(score, 0)",
                                                            "ClosedPostId"
                                                        ],
                                                        "Estimated Cardinality": "3850116"
                                                    },
                                                    "cumulative_cardinality": 27128385,
                                                    "operator_type": "PROJECTION",
                                                    "operator_cardinality": 1931419,
                                                    "cumulative_rows_scanned": 44592217,
                                                    "operator_rows_scanned": 0,
                                                    "operator_timing": 0.021112457999999983,
                                                    "result_set_size": 61805408,
                                                    "children": [
                                                        {
                                                            "operator_name": "HASH_JOIN",
                                                            "cpu_time": 1.3295584069999997,
                                                            "extra_info": {
                                                                "Join Type": "LEFT",
                                                                "Conditions": "id = ClosedPostId",
                                                                "Estimated Cardinality": "3850116"
                                                            },
                                                            "cumulative_cardinality": 25196966,
                                                            "operator_type": "HASH_JOIN",
                                                            "operator_cardinality": 1931419,
                                                            "cumulative_rows_scanned": 44592217,
                                                            "operator_rows_scanned": 0,
                                                            "operator_timing": 0.048214173999999804,
                                                            "result_set_size": 61805408,
                                                            "children": [
                                                                {
                                                                    "operator_name": "HASH_JOIN",
                                                                    "cpu_time": 1.012318473,
                                                                    "extra_info": {
                                                                        "Join Type": "RIGHT",
                                                                        "Conditions": "PostId = id",
                                                                        "Estimated Cardinality": "3850116"
                                                                    },
                                                                    "cumulative_cardinality": 19051066,
                                                                    "operator_type": "HASH_JOIN",
                                                                    "operator_cardinality": 1931169,
                                                                    "cumulative_rows_scanned": 28946857,
                                                                    "operator_rows_scanned": 0,
                                                                    "operator_timing": 0.1473842379999999,
                                                                    "result_set_size": 61797408,
                                                                    "children": [
                                                                        {
                                                                            "operator_name": "PROJECTION",
                                                                            "cpu_time": 0.5771583260000003,
                                                                            "extra_info": {
                                                                                "Projections": [
                                                                                    "PostId",
                                                                                    "score",
                                                                                    "viewcount"
                                                                                ],
                                                                                "Estimated Cardinality": "3850116"
                                                                            },
                                                                            "cumulative_cardinality": 11470515,
                                                                            "operator_type": "PROJECTION",
                                                                            "operator_cardinality": 145542,
                                                                            "cumulative_rows_scanned": 23836031,
                                                                            "operator_rows_scanned": 0,
                                                                            "operator_timing": 0.000019163,
                                                                            "result_set_size": 1746504,
                                                                            "children": [
                                                                                {
                                                                                    "operator_name": "PROJECTION",
                                                                                    "cpu_time": 0.5771391630000002,
                                                                                    "extra_info": {
                                                                                        "Projections": [
                                                                                            "#0",
                                                                                            "#1",
                                                                                            "#2",
                                                                                            "__internal_decompress_integral_integer(#3, -72)",
                                                                                            "#4"
                                                                                        ],
                                                                                        "Estimated Cardinality": "3850116"
                                                                                    },
                                                                                    "cumulative_cardinality": 11324973,
                                                                                    "operator_type": "PROJECTION",
                                                                                    "operator_cardinality": 145542,
                                                                                    "cumulative_rows_scanned": 23836031,
                                                                                    "operator_rows_scanned": 0,
                                                                                    "operator_timing": 0.00007453600000000002,
                                                                                    "result_set_size": 5239512,
                                                                                    "children": [
                                                                                        {
                                                                                            "operator_name": "HASH_GROUP_BY",
                                                                                            "cpu_time": 0.5770646270000003,
                                                                                            "extra_info": {
                                                                                                "Groups": [
                                                                                                    "#0",
                                                                                                    "#1",
                                                                                                    "#2",
                                                                                                    "#3",
                                                                                                    "#4"
                                                                                                ],
                                                                                                "Aggregates": "",
                                                                                                "Estimated Cardinality": "3850116"
                                                                                            },
                                                                                            "cumulative_cardinality": 11179431,
                                                                                            "operator_type": "HASH_GROUP_BY",
                                                                                            "operator_cardinality": 145542,
                                                                                            "cumulative_rows_scanned": 23836031,
                                                                                            "operator_rows_scanned": 0,
                                                                                            "operator_timing": 0.07046766500000001,
                                                                                            "result_set_size": 4948428,
                                                                                            "children": [
                                                                                                {
                                                                                                    "operator_name": "PROJECTION",
                                                                                                    "cpu_time": 0.5065969620000003,
                                                                                                    "extra_info": {
                                                                                                        "Projections": [
                                                                                                            "id",
                                                                                                            "title",
                                                                                                            "creationdate",
                                                                                                            "score",
                                                                                                            "viewcount"
                                                                                                        ],
                                                                                                        "Estimated Cardinality": "12744093"
                                                                                                    },
                                                                                                    "cumulative_cardinality": 11033889,
                                                                                                    "operator_type": "PROJECTION",
                                                                                                    "operator_cardinality": 954760,
                                                                                                    "cumulative_rows_scanned": 23836031,
                                                                                                    "operator_rows_scanned": 0,
                                                                                                    "operator_timing": 0.00024887599999999987,
                                                                                                    "result_set_size": 32461840,
                                                                                                    "children": [
                                                                                                        {
                                                                                                            "operator_name": "PROJECTION",
                                                                                                            "cpu_time": 0.5063480860000003,
                                                                                                            "extra_info": {
                                                                                                                "Projections": [
                                                                                                                    "#0",
                                                                                                                    "#1",
                                                                                                                    "__internal_compress_integral_usmallint(#2, -72)",
                                                                                                                    "#3",
                                                                                                                    "#4",
                                                                                                                    "#5"
                                                                                                                ],
                                                                                                                "Estimated Cardinality": "12744093"
                                                                                                            },
                                                                                                            "cumulative_cardinality": 10079129,
                                                                                                            "operator_type": "PROJECTION",
                                                                                                            "operator_cardinality": 954760,
                                                                                                            "cumulative_rows_scanned": 23836031,
                                                                                                            "operator_rows_scanned": 0,
                                                                                                            "operator_timing": 0.0012385539999999991,
                                                                                                            "result_set_size": 36280880,
                                                                                                            "children": [
                                                                                                                {
                                                                                                                    "operator_name": "HASH_JOIN",
                                                                                                                    "cpu_time": 0.5051095320000003,
                                                                                                                    "extra_info": {
                                                                                                                        "Join Type": "LEFT",
                                                                                                                        "Conditions": "id = postid",
                                                                                                                        "Estimated Cardinality": "12744093"
                                                                                                                    },
                                                                                                                    "cumulative_cardinality": 9124369,
                                                                                                                    "operator_type": "HASH_JOIN",
                                                                                                                    "operator_cardinality": 954760,
                                                                                                                    "cumulative_rows_scanned": 23836031,
                                                                                                                    "operator_rows_scanned": 0,
                                                                                                                    "operator_timing": 0.3503690920000002,
                                                                                                                    "result_set_size": 38190400,
                                                                                                                    "children": [
                                                                                                                        {
                                                                                                                            "operator_name": "HASH_JOIN",
                                                                                                                            "cpu_time": 0.11260628300000006,
                                                                                                                            "extra_info": {
                                                                                                                                "Join Type": "RIGHT",
                                                                                                                                "Conditions": "postid = id",
                                                                                                                                "Estimated Cardinality": "12744093"
                                                                                                                            },
                                                                                                                            "cumulative_cardinality": 927787,
                                                                                                                            "operator_type": "HASH_JOIN",
                                                                                                                            "operator_cardinality": 339719,
                                                                                                                            "cumulative_rows_scanned": 16594209,
                                                                                                                            "operator_rows_scanned": 0,
                                                                                                                            "operator_timing": 0.030910652000000025,
                                                                                                                            "result_set_size": 13588760,
                                                                                                                            "children": [
                                                                                                                                {
                                                                                                                                    "operator_name": "READ_PARQUET ",
                                                                                                                                    "cpu_time": 0.012498734000000006,
                                                                                                                                    "extra_info": {
                                                                                                                                        "Function": "READ_PARQUET",
                                                                                                                                        "Projections": "postid",
                                                                                                                                        "Estimated Cardinality": "12744093"
                                                                                                                                    },
                                                                                                                                    "cumulative_cardinality": 442526,
                                                                                                                                    "operator_type": "TABLE_SCAN",
                                                                                                                                    "operator_cardinality": 442526,
                                                                                                                                    "cumulative_rows_scanned": 12744093,
                                                                                                                                    "operator_rows_scanned": 12744093,
                                                                                                                                    "operator_timing": 0.012498734000000006,
                                                                                                                                    "result_set_size": 1770104,
                                                                                                                                    "children": []
                                                                                                                                },
                                                                                                                                {
                                                                                                                                    "operator_name": "READ_PARQUET ",
                                                                                                                                    "cpu_time": 0.06919689700000002,
                                                                                                                                    "extra_info": {
                                                                                                                                        "Function": "READ_PARQUET",
                                                                                                                                        "Projections": [
                                                                                                                                            "id",
                                                                                                                                            "creationdate",
                                                                                                                                            "score",
                                                                                                                                            "viewcount",
                                                                                                                                            "title"
                                                                                                                                        ],
                                                                                                                                        "Filters": "creationdate>'2023-10-01 12:34:56'::TIMESTAMP",
                                                                                                                                        "Estimated Cardinality": "770023"
                                                                                                                                    },
                                                                                                                                    "cumulative_cardinality": 145542,
                                                                                                                                    "operator_type": "TABLE_SCAN",
                                                                                                                                    "operator_cardinality": 145542,
                                                                                                                                    "cumulative_rows_scanned": 3850116,
                                                                                                                                    "operator_rows_scanned": 3850116,
                                                                                                                                    "operator_timing": 0.06919689700000002,
                                                                                                                                    "result_set_size": 5239512,
                                                                                                                                    "children": []
                                                                                                                                }
                                                                                                                            ]
                                                                                                                        },
                                                                                                                        {
                                                                                                                            "operator_name": "READ_PARQUET ",
                                                                                                                            "cpu_time": 0.042134156999999985,
                                                                                                                            "extra_info": {
                                                                                                                                "Function": "READ_PARQUET",
                                                                                                                                "Projections": "postid",
                                                                                                                                "Estimated Cardinality": "7241822"
                                                                                                                            },
                                                                                                                            "cumulative_cardinality": 7241822,
                                                                                                                            "operator_type": "TABLE_SCAN",
                                                                                                                            "operator_cardinality": 7241822,
                                                                                                                            "cumulative_rows_scanned": 7241822,
                                                                                                                            "operator_rows_scanned": 7241822,
                                                                                                                            "operator_timing": 0.042134156999999985,
                                                                                                                            "result_set_size": 28967288,
                                                                                                                            "children": []
                                                                                                                        }
                                                                                                                    ]
                                                                                                                }
                                                                                                            ]
                                                                                                        }
                                                                                                    ]
                                                                                                }
                                                                                            ]
                                                                                        }
                                                                                    ]
                                                                                }
                                                                            ]
                                                                        },
                                                                        {
                                                                            "operator_name": "HASH_JOIN",
                                                                            "cpu_time": 0.2877759089999999,
                                                                            "extra_info": {
                                                                                "Join Type": "INNER",
                                                                                "Conditions": "owneruserid = id",
                                                                                "Estimated Cardinality": "154003"
                                                                            },
                                                                            "cumulative_cardinality": 5649382,
                                                                            "operator_type": "HASH_JOIN",
                                                                            "operator_cardinality": 1931169,
                                                                            "cumulative_rows_scanned": 5110826,
                                                                            "operator_rows_scanned": 0,
                                                                            "operator_timing": 0.07918759399999992,
                                                                            "result_set_size": 38623380,
                                                                            "children": [
                                                                                {
                                                                                    "operator_name": "READ_PARQUET ",
                                                                                    "cpu_time": 0.08519601499999994,
                                                                                    "extra_info": {
                                                                                        "Function": "READ_PARQUET",
                                                                                        "Projections": [
                                                                                            "id",
                                                                                            "owneruserid"
                                                                                        ],
                                                                                        "Estimated Cardinality": "3850116"
                                                                                    },
                                                                                    "cumulative_cardinality": 3683373,
                                                                                    "operator_type": "TABLE_SCAN",
                                                                                    "operator_cardinality": 3683373,
                                                                                    "cumulative_rows_scanned": 3850116,
                                                                                    "operator_rows_scanned": 3850116,
                                                                                    "operator_timing": 0.08519601499999994,
                                                                                    "result_set_size": 29466984,
                                                                                    "children": []
                                                                                },
                                                                                {
                                                                                    "operator_name": "FILTER",
                                                                                    "cpu_time": 0.12339230000000002,
                                                                                    "extra_info": {
                                                                                        "Expression": "(id <= 1416539)",
                                                                                        "Estimated Cardinality": "50428"
                                                                                    },
                                                                                    "cumulative_cardinality": 34840,
                                                                                    "operator_type": "FILTER",
                                                                                    "operator_cardinality": 7875,
                                                                                    "cumulative_rows_scanned": 1260710,
                                                                                    "operator_rows_scanned": 0,
                                                                                    "operator_timing": 0.00004144099999999999,
                                                                                    "result_set_size": 157500,
                                                                                    "children": [
                                                                                        {
                                                                                            "operator_name": "PROJECTION",
                                                                                            "cpu_time": 0.12335085900000002,
                                                                                            "extra_info": {
                                                                                                "Projections": [
                                                                                                    "#0",
                                                                                                    "#1"
                                                                                                ],
                                                                                                "Estimated Cardinality": "50428"
                                                                                            },
                                                                                            "cumulative_cardinality": 26965,
                                                                                            "operator_type": "PROJECTION",
                                                                                            "operator_cardinality": 7875,
                                                                                            "cumulative_rows_scanned": 1260710,
                                                                                            "operator_rows_scanned": 0,
                                                                                            "operator_timing": 0.000006951,
                                                                                            "result_set_size": 157500,
                                                                                            "children": [
                                                                                                {
                                                                                                    "operator_name": "FILTER",
                                                                                                    "cpu_time": 0.12334390800000002,
                                                                                                    "extra_info": {
                                                                                                        "Expression": "((location IS NOT NULL) OR (aboutme IS NOT NULL))",
                                                                                                        "Estimated Cardinality": "50428"
                                                                                                    },
                                                                                                    "cumulative_cardinality": 19090,
                                                                                                    "operator_type": "FILTER",
                                                                                                    "operator_cardinality": 7875,
                                                                                                    "cumulative_rows_scanned": 1260710,
                                                                                                    "operator_rows_scanned": 0,
                                                                                                    "operator_timing": 0.004271554999999999,
                                                                                                    "result_set_size": 409500,
                                                                                                    "children": [
                                                                                                        {
                                                                                                            "operator_name": "READ_PARQUET ",
                                                                                                            "cpu_time": 0.11907235300000002,
                                                                                                            "extra_info": {
                                                                                                                "Function": "READ_PARQUET",
                                                                                                                "Projections": [
                                                                                                                    "id",
                                                                                                                    "displayname",
                                                                                                                    "location",
                                                                                                                    "aboutme"
                                                                                                                ],
                                                                                                                "Filters": "reputation>1000",
                                                                                                                "Estimated Cardinality": "252142"
                                                                                                            },
                                                                                                            "cumulative_cardinality": 11215,
                                                                                                            "operator_type": "TABLE_SCAN",
                                                                                                            "operator_cardinality": 11215,
                                                                                                            "cumulative_rows_scanned": 1260710,
                                                                                                            "operator_rows_scanned": 1260710,
                                                                                                            "operator_timing": 0.11907235300000002,
                                                                                                            "result_set_size": 583180,
                                                                                                            "children": []
                                                                                                        }
                                                                                                    ]
                                                                                                }
                                                                                            ]
                                                                                        }
                                                                                    ]
                                                                                }
                                                                            ]
                                                                        }
                                                                    ]
                                                                },
                                                                {
                                                                    "operator_name": "PROJECTION",
                                                                    "cpu_time": 0.2690257599999999,
                                                                    "extra_info": {
                                                                        "Projections": "ClosedPostId",
                                                                        "Estimated Cardinality": "2359048"
                                                                    },
                                                                    "cumulative_cardinality": 4214481,
                                                                    "operator_type": "PROJECTION",
                                                                    "operator_cardinality": 121464,
                                                                    "cumulative_rows_scanned": 15645360,
                                                                    "operator_rows_scanned": 0,
                                                                    "operator_timing": 0.00010869399999999992,
                                                                    "result_set_size": 485856,
                                                                    "children": [
                                                                        {
                                                                            "operator_name": "HASH_JOIN",
                                                                            "cpu_time": 0.26891706599999987,
                                                                            "extra_info": {
                                                                                "Join Type": "INNER",
                                                                                "Conditions": "id = postid",
                                                                                "Estimated Cardinality": "2359048"
                                                                            },
                                                                            "cumulative_cardinality": 4093017,
                                                                            "operator_type": "HASH_JOIN",
                                                                            "operator_cardinality": 121464,
                                                                            "cumulative_rows_scanned": 15645360,
                                                                            "operator_rows_scanned": 0,
                                                                            "operator_timing": 0.07867739399999955,
                                                                            "result_set_size": 971712,
                                                                            "children": [
                                                                                {
                                                                                    "operator_name": "READ_PARQUET ",
                                                                                    "cpu_time": 0.03646126900000003,
                                                                                    "extra_info": {
                                                                                        "Function": "READ_PARQUET",
                                                                                        "Projections": "id",
                                                                                        "Estimated Cardinality": "3850116"
                                                                                    },
                                                                                    "cumulative_cardinality": 3850089,
                                                                                    "operator_type": "TABLE_SCAN",
                                                                                    "operator_cardinality": 3850089,
                                                                                    "cumulative_rows_scanned": 3850116,
                                                                                    "operator_rows_scanned": 3850116,
                                                                                    "operator_timing": 0.03646126900000003,
                                                                                    "result_set_size": 15400356,
                                                                                    "children": []
                                                                                },
                                                                                {
                                                                                    "operator_name": "READ_PARQUET ",
                                                                                    "cpu_time": 0.1537784030000003,
                                                                                    "extra_info": {
                                                                                        "Function": "READ_PARQUET",
                                                                                        "Projections": "postid",
                                                                                        "Filters": "posthistorytypeid=10",
                                                                                        "Estimated Cardinality": "2359048"
                                                                                    },
                                                                                    "cumulative_cardinality": 121464,
                                                                                    "operator_type": "TABLE_SCAN",
                                                                                    "operator_cardinality": 121464,
                                                                                    "cumulative_rows_scanned": 11795244,
                                                                                    "operator_rows_scanned": 11795244,
                                                                                    "operator_timing": 0.1537784030000003,
                                                                                    "result_set_size": 485856,
                                                                                    "children": []
                                                                                }
                                                                            ]
                                                                        }
                                                                    ]
                                                                }
                                                            ]
                                                        }
                                                    ]
                                                }
                                            ]
                                        }
                                    ]
                                }
                            ]
                        }
                    ]
                }
            ]
        }
    ]
}