{
    "rows_returned": 5,
    "query_name": "\nWITH UserPosts AS (\n    SELECT \n        u.Id AS UserId,\n        u.DisplayName,\n        COUNT(p.Id) AS TotalPosts,\n        SUM(CASE WHEN p.PostTypeId = 1 THEN 1 ELSE 0 END) AS Questions,\n        SUM(CASE WHEN p.PostTypeId = 2 THEN 1 ELSE 0 END) AS Answers,\n        SUM(CASE WHEN p.PostTypeId = 2 AND p.AcceptedAnswerId IS NOT NULL THEN 1 ELSE 0 END) AS AcceptedAnswers,\n        AVG(CASE WHEN p.PostTypeId = 1 THEN p.Score END) AS AvgQuestionScore\n    FROM \n        Users u\n    LEFT JOIN \n        Posts p ON u.Id = p.OwnerUserId\n    GROUP BY \n        u.Id, u.DisplayName\n),\nTopUsers AS (\n    SELECT \n        UserId,\n        DisplayName,\n        TotalPosts,\n        Questions,\n        Answers,\n        AcceptedAnswers,\n        AvgQuestionScore\n    FROM \n        UserPosts\n    WHERE \n        TotalPosts > 10 \n    ORDER BY \n        TotalPosts DESC \n    LIMIT 5\n),\nUserBadges AS (\n    SELECT \n        b.UserId,\n        COUNT(b.Id) AS BadgeCount\n    FROM \n        Badges b\n    GROUP BY \n        b.UserId\n)\nSELECT \n    tu.DisplayName,\n    tu.TotalPosts,\n    tu.Questions,\n    tu.Answers,\n    tu.AcceptedAnswers,\n    tu.AvgQuestionScore,\n    COALESCE(ub.BadgeCount, 0) AS BadgeCount\nFROM \n    TopUsers tu\nLEFT JOIN \n    UserBadges ub ON tu.UserId = ub.UserId\nORDER BY \n    tu.AvgQuestionScore DESC;\n",
    "blocked_thread_time": 0.0,
    "cpu_time": 1.411314645,
    "extra_info": {},
    "cumulative_cardinality": 20589249,
    "cumulative_rows_scanned": 7432550,
    "result_set_size": 440,
    "latency": 1.493297765,
    "children": [
        {
            "operator_name": "ORDER_BY",
            "cpu_time": 1.411314645,
            "extra_info": {
                "Order By": "tu.AvgQuestionScore DESC"
            },
            "cumulative_cardinality": 20589249,
            "operator_type": "ORDER_BY",
            "operator_cardinality": 5,
            "cumulative_rows_scanned": 7432550,
            "operator_rows_scanned": 0,
            "operator_timing": 0.000145522,
            "result_set_size": 440,
            "children": [
                {
                    "operator_name": "PROJECTION",
                    "cpu_time": 1.411169123,
                    "extra_info": {
                        "Projections": [
                            "displayname",
                            "TotalPosts",
                            "Questions",
                            "Answers",
                            "AcceptedAnswers",
                            "AvgQuestionScore",
                            "BadgeCount"
                        ],
                        "Estimated Cardinality": "1160862"
                    },
                    "cumulative_cardinality": 20589244,
                    "operator_type": "PROJECTION",
                    "operator_cardinality": 5,
                    "cumulative_rows_scanned": 7432550,
                    "operator_rows_scanned": 0,
                    "operator_timing": 0.000007565,
                    "result_set_size": 440,
                    "children": [
                        {
                            "operator_name": "HASH_JOIN",
                            "cpu_time": 1.411161558,
                            "extra_info": {
                                "Join Type": "RIGHT",
                                "Conditions": "userid = UserId",
                                "Estimated Cardinality": "1160862"
                            },
                            "cumulative_cardinality": 20589239,
                            "operator_type": "HASH_JOIN",
                            "operator_cardinality": 5,
                            "cumulative_rows_scanned": 7432550,
                            "operator_rows_scanned": 0,
                            "operator_timing": 0.0018623900000000002,
                            "result_set_size": 440,
                            "children": [
                                {
                                    "operator_name": "HASH_GROUP_BY",
                                    "cpu_time": 0.08873011300000011,
                                    "extra_info": {
                                        "Groups": "#0",
                                        "Aggregates": "count_star()",
                                        "Estimated Cardinality": "1160862"
                                    },
                                    "cumulative_cardinality": 5192469,
                                    "operator_type": "HASH_GROUP_BY",
                                    "operator_cardinality": 549021,
                                    "cumulative_rows_scanned": 2321724,
                                    "operator_rows_scanned": 0,
                                    "operator_timing": 0.06340889100000008,
                                    "result_set_size": 6588252,
                                    "children": [
                                        {
                                            "operator_name": "PROJECTION",
                                            "cpu_time": 0.02532122200000004,
                                            "extra_info": {
                                                "Projections": "userid",
                                                "Estimated Cardinality": "2321724"
                                            },
                                            "cumulative_cardinality": 4643448,
                                            "operator_type": "PROJECTION",
                                            "operator_cardinality": 2321724,
                                            "cumulative_rows_scanned": 2321724,
                                            "operator_rows_scanned": 0,
                                            "operator_timing": 0.00018568199999999876,
                                            "result_set_size": 9286896,
                                            "children": [
                                                {
                                                    "operator_name": "READ_PARQUET ",
                                                    "cpu_time": 0.02513554000000004,
                                                    "extra_info": {
                                                        "Function": "READ_PARQUET",
                                                        "Projections": [
                                                            "id",
                                                            "userid"
                                                        ],
                                                        "Estimated Cardinality": "2321724"
                                                    },
                                                    "cumulative_cardinality": 2321724,
                                                    "operator_type": "TABLE_SCAN",
                                                    "operator_cardinality": 2321724,
                                                    "cumulative_rows_scanned": 2321724,
                                                    "operator_rows_scanned": 2321724,
                                                    "operator_timing": 0.02513554000000004,
                                                    "result_set_size": 18573792,
                                                    "children": []
                                                }
                                            ]
                                        }
                                    ]
                                },
                                {
                                    "operator_name": "STREAMING_LIMIT",
                                    "cpu_time": 1.320569055,
                                    "extra_info": {},
                                    "cumulative_cardinality": 15396765,
                                    "operator_type": "STREAMING_LIMIT",
                                    "operator_cardinality": 5,
                                    "cumulative_rows_scanned": 5110826,
                                    "operator_rows_scanned": 0,
                                    "operator_timing": 0.000001674,
                                    "result_set_size": 420,
                                    "children": [
                                        {
                                            "operator_name": "ORDER_BY",
                                            "cpu_time": 1.320567381,
                                            "extra_info": {
                                                "Order By": "UserPosts.TotalPosts DESC"
                                            },
                                            "cumulative_cardinality": 15396760,
                                            "operator_type": "ORDER_BY",
                                            "operator_cardinality": 4096,
                                            "cumulative_rows_scanned": 5110826,
                                            "operator_rows_scanned": 0,
                                            "operator_timing": 0.0031506200000000007,
                                            "result_set_size": 344064,
                                            "children": [
                                                {
                                                    "operator_name": "FILTER",
                                                    "cpu_time": 1.317416761,
                                                    "extra_info": {
                                                        "Expression": "(TotalPosts > 10)",
                                                        "Estimated Cardinality": "252142"
                                                    },
                                                    "cumulative_cardinality": 15392664,
                                                    "operator_type": "FILTER",
                                                    "operator_cardinality": 36838,
                                                    "cumulative_rows_scanned": 5110826,
                                                    "operator_rows_scanned": 0,
                                                    "operator_timing": 0.0021133029999999987,
                                                    "result_set_size": 3094392,
                                                    "children": [
                                                        {
                                                            "operator_name": "HASH_GROUP_BY",
                                                            "cpu_time": 1.315303458,
                                                            "extra_info": {
                                                                "Groups": [
                                                                    "#0",
                                                                    "#1"
                                                                ],
                                                                "Aggregates": [
                                                                    "count(#2)",
                                                                    "sum(#3)",
                                                                    "sum(#4)",
                                                                    "sum(#5)",
                                                                    "avg(#6)"
                                                                ],
                                                                "Estimated Cardinality": "1260710"
                                                            },
                                                            "cumulative_cardinality": 15355826,
                                                            "operator_type": "HASH_GROUP_BY",
                                                            "operator_cardinality": 1260710,
                                                            "cumulative_rows_scanned": 5110826,
                                                            "operator_rows_scanned": 0,
                                                            "operator_timing": 0.676768551,
                                                            "result_set_size": 105899640,
                                                            "children": [
                                                                {
                                                                    "operator_name": "PROJECTION",
                                                                    "cpu_time": 0.638534907,
                                                                    "extra_info": {
                                                                        "Projections": [
                                                                            "id",
                                                                            "displayname",
                                                                            "id",
                                                                            "CASE  WHEN ((posttypeid = 1)) THEN (1) ELSE 0 END",
                                                                            "CASE  WHEN ((posttypeid = 2)) THEN (1) ELSE 0 END",
                                                                            "CASE  WHEN (((acceptedanswerid IS NOT NULL) AND (posttypeid = 2))) THEN (1) ELSE 0 END",
                                                                            "CASE  WHEN ((posttypeid = 1)) THEN (score) ELSE NULL END"
                                                                        ],
                                                                        "Estimated Cardinality": "3850116"
                                                                    },
                                                                    "cumulative_cardinality": 14095116,
                                                                    "operator_type": "PROJECTION",
                                                                    "operator_cardinality": 4574495,
                                                                    "cumulative_rows_scanned": 5110826,
                                                                    "operator_rows_scanned": 0,
                                                                    "operator_timing": 0.1133504580000001,
                                                                    "result_set_size": 182979800,
                                                                    "children": [
                                                                        {
                                                                            "operator_name": "HASH_JOIN",
                                                                            "cpu_time": 0.5251844489999999,
                                                                            "extra_info": {
                                                                                "Join Type": "RIGHT",
                                                                                "Conditions": "owneruserid = id",
                                                                                "Estimated Cardinality": "3850116"
                                                                            },
                                                                            "cumulative_cardinality": 9520621,
                                                                            "operator_type": "HASH_JOIN",
                                                                            "operator_cardinality": 4574495,
                                                                            "cumulative_rows_scanned": 5110826,
                                                                            "operator_rows_scanned": 0,
                                                                            "operator_timing": 0.27327508399999983,
                                                                            "result_set_size": 155532830,
                                                                            "children": [
                                                                                {
                                                                                    "operator_name": "READ_PARQUET ",
                                                                                    "cpu_time": 0.16282436000000003,
                                                                                    "extra_info": {
                                                                                        "Function": "READ_PARQUET",
                                                                                        "Projections": [
                                                                                            "id",
                                                                                            "posttypeid",
                                                                                            "acceptedanswerid",
                                                                                            "score",
                                                                                            "owneruserid"
                                                                                        ],
                                                                                        "Estimated Cardinality": "3850116"
                                                                                    },
                                                                                    "cumulative_cardinality": 3685416,
                                                                                    "operator_type": "TABLE_SCAN",
                                                                                    "operator_cardinality": 3685416,
                                                                                    "cumulative_rows_scanned": 3850116,
                                                                                    "operator_rows_scanned": 3850116,
                                                                                    "operator_timing": 0.16282436000000003,
                                                                                    "result_set_size": 66337488,
                                                                                    "children": []
                                                                                },
                                                                                {
                                                                                    "operator_name": "READ_PARQUET ",
                                                                                    "cpu_time": 0.08908500500000006,
                                                                                    "extra_info": {
                                                                                        "Function": "READ_PARQUET",
                                                                                        "Projections": [
                                                                                            "id",
                                                                                            "displayname"
                                                                                        ],
                                                                                        "Estimated Cardinality": "1260710"
                                                                                    },
                                                                                    "cumulative_cardinality": 1260710,
                                                                                    "operator_type": "TABLE_SCAN",
                                                                                    "operator_cardinality": 1260710,
                                                                                    "cumulative_rows_scanned": 1260710,
                                                                                    "operator_rows_scanned": 1260710,
                                                                                    "operator_timing": 0.08908500500000006,
                                                                                    "result_set_size": 25214200,
                                                                                    "children": []
                                                                                }
                                                                            ]
                                                                        }
                                                                    ]
                                                                }
                                                            ]
                                                        }
                                                    ]
                                                }
                                            ]
                                        }
                                    ]
                                }
                            ]
                        }
                    ]
                }
            ]
        }
    ]
}