{
    "rows_returned": 19350,
    "query_name": "\nWITH PostStatistics AS (\n    SELECT \n        p.Id AS PostId,\n        p.Title,\n        COUNT(c.Id) AS CommentCount,\n        COALESCE(SUM(CASE WHEN v.VoteTypeId = 2 THEN 1 ELSE 0 END), 0) AS UpVotes,\n        COALESCE(SUM(CASE WHEN v.VoteTypeId = 3 THEN 1 ELSE 0 END), 0) AS DownVotes,\n        MAX(p.CreationDate) AS LatestActivityDate\n    FROM \n        Posts p\n    LEFT JOIN \n        Comments c ON p.Id = c.PostId\n    LEFT JOIN \n        Votes v ON p.Id = v.PostId\n    GROUP BY \n        p.Id, p.Title\n),\nTopUsers AS (\n    SELECT \n        u.Id AS UserId,\n        u.DisplayName,\n        COUNT(b.Id) AS BadgeCount,\n        AVG(u.Reputation) AS AvgReputation\n    FROM \n        Users u\n    LEFT JOIN \n        Badges b ON u.Id = b.UserId\n    GROUP BY \n        u.Id, u.DisplayName\n    ORDER BY \n        AvgReputation DESC\n    LIMIT 10\n),\nPostDetails AS (\n    SELECT \n        ps.PostId,\n        ps.Title,\n        ps.CommentCount,\n        ps.UpVotes,\n        ps.DownVotes,\n        ps.LatestActivityDate,\n        tu.DisplayName AS TopUser\n    FROM \n        PostStatistics ps\n    JOIN \n        TopUsers tu ON ps.UpVotes > 5 \n)\nSELECT \n    pd.Title,\n    pd.CommentCount,\n    pd.UpVotes,\n    pd.DownVotes,\n    pd.LatestActivityDate,\n    pd.TopUser\nFROM \n    PostDetails pd\nWHERE \n    pd.LatestActivityDate BETWEEN TIMESTAMP '2024-10-01 12:34:56' - INTERVAL '30 days' AND TIMESTAMP '2024-10-01 12:34:56'\nORDER BY \n    pd.UpVotes DESC, pd.CommentCount DESC;\n",
    "blocked_thread_time": 0.0,
    "cpu_time": 7.692090695999983,
    "extra_info": {},
    "cumulative_cardinality": 119112234,
    "cumulative_rows_scanned": 27418465,
    "result_set_size": 1548000,
    "latency": 8.394539563,
    "children": [
        {
            "operator_name": "ORDER_BY",
            "cpu_time": 7.692090695999983,
            "extra_info": {
                "Order By": [
                    "pd.UpVotes DESC",
                    "pd.CommentCount DESC"
                ]
            },
            "cumulative_cardinality": 119112234,
            "operator_type": "ORDER_BY",
            "operator_cardinality": 19350,
            "cumulative_rows_scanned": 27418465,
            "operator_rows_scanned": 0,
            "operator_timing": 0.0022623860000000008,
            "result_set_size": 1548000,
            "children": [
                {
                    "operator_name": "PROJECTION",
                    "cpu_time": 7.689828309999983,
                    "extra_info": {
                        "Projections": [
                            "title",
                            "CommentCount",
                            "UpVotes",
                            "DownVotes",
                            "LatestActivityDate",
                            "TopUser"
                        ],
                        "Estimated Cardinality": "7700230"
                    },
                    "cumulative_cardinality": 119092884,
                    "operator_type": "PROJECTION",
                    "operator_cardinality": 19350,
                    "cumulative_rows_scanned": 27418465,
                    "operator_rows_scanned": 0,
                    "operator_timing": 0.00003940400000000001,
                    "result_set_size": 1548000,
                    "children": [
                        {
                            "operator_name": "CROSS_PRODUCT",
                            "cpu_time": 7.6897889059999835,
                            "extra_info": {},
                            "cumulative_cardinality": 119073534,
                            "operator_type": "CROSS_PRODUCT",
                            "operator_cardinality": 19350,
                            "cumulative_rows_scanned": 27418465,
                            "operator_rows_scanned": 0,
                            "operator_timing": 0.0003077230000000001,
                            "result_set_size": 1702800,
                            "children": [
                                {
                                    "operator_name": "PROJECTION",
                                    "cpu_time": 6.9308066119999845,
                                    "extra_info": {
                                        "Projections": [
                                            "title",
                                            "CommentCount",
                                            "UpVotes",
                                            "DownVotes",
                                            "LatestActivityDate"
                                        ],
                                        "Estimated Cardinality": "770023"
                                    },
                                    "cumulative_cardinality": 106879398,
                                    "operator_type": "PROJECTION",
                                    "operator_cardinality": 1935,
                                    "cumulative_rows_scanned": 23836031,
                                    "operator_rows_scanned": 0,
                                    "operator_timing": 0.000140362,
                                    "result_set_size": 123840,
                                    "children": [
                                        {
                                            "operator_name": "PROJECTION",
                                            "cpu_time": 6.930666249999985,
                                            "extra_info": {
                                                "Projections": [
                                                    "#1",
                                                    "#2",
                                                    "#3",
                                                    "#4",
                                                    "#5"
                                                ],
                                                "Estimated Cardinality": "770023"
                                            },
                                            "cumulative_cardinality": 106877463,
                                            "operator_type": "PROJECTION",
                                            "operator_cardinality": 1935,
                                            "cumulative_rows_scanned": 23836031,
                                            "operator_rows_scanned": 0,
                                            "operator_timing": 0.000011078000000000001,
                                            "result_set_size": 123840,
                                            "children": [
                                                {
                                                    "operator_name": "FILTER",
                                                    "cpu_time": 6.930655171999985,
                                                    "extra_info": {
                                                        "Expression": "((LatestActivityDate BETWEEN '2024-09-01 12:34:56'::TIMESTAMP AND '2024-10-01 12:34:56'::TIMESTAMP) AND (COALESCE(sum(CASE  WHEN ((votetypeid = CAST(2 AS SMALLINT))) THEN (CAST(1 AS INTEGER)) ELSE CAST(0 AS INTEGER) END), 0) > 5))",
                                                        "Estimated Cardinality": "770023"
                                                    },
                                                    "cumulative_cardinality": 106875528,
                                                    "operator_type": "FILTER",
                                                    "operator_cardinality": 1935,
                                                    "cumulative_rows_scanned": 23836031,
                                                    "operator_rows_scanned": 0,
                                                    "operator_timing": 0.014331046999999868,
                                                    "result_set_size": 131580,
                                                    "children": [
                                                        {
                                                            "operator_name": "HASH_GROUP_BY",
                                                            "cpu_time": 6.916324124999985,
                                                            "extra_info": {
                                                                "Groups": [
                                                                    "#0",
                                                                    "#1"
                                                                ],
                                                                "Aggregates": [
                                                                    "count(#2)",
                                                                    "sum(#3)",
                                                                    "sum(#4)",
                                                                    "max(#5)"
                                                                ],
                                                                "Estimated Cardinality": "3850116"
                                                            },
                                                            "cumulative_cardinality": 106873593,
                                                            "operator_type": "HASH_GROUP_BY",
                                                            "operator_cardinality": 3850116,
                                                            "cumulative_rows_scanned": 23836031,
                                                            "operator_rows_scanned": 0,
                                                            "operator_timing": 3.031246531999992,
                                                            "result_set_size": 261807888,
                                                            "children": [
                                                                {
                                                                    "operator_name": "PROJECTION",
                                                                    "cpu_time": 3.8850775929999934,
                                                                    "extra_info": {
                                                                        "Projections": [
                                                                            "id",
                                                                            "title",
                                                                            "id",
                                                                            "CASE  WHEN ((votetypeid = 2)) THEN (1) ELSE 0 END",
                                                                            "CASE  WHEN ((votetypeid = 3)) THEN (1) ELSE 0 END",
                                                                            "creationdate"
                                                                        ],
                                                                        "Estimated Cardinality": "12744093"
                                                                    },
                                                                    "cumulative_cardinality": 103023477,
                                                                    "operator_type": "PROJECTION",
                                                                    "operator_cardinality": 35129590,
                                                                    "cumulative_rows_scanned": 23836031,
                                                                    "operator_rows_scanned": 0,
                                                                    "operator_timing": 0.25726453799999965,
                                                                    "result_set_size": 1405183600,
                                                                    "children": [
                                                                        {
                                                                            "operator_name": "HASH_JOIN",
                                                                            "cpu_time": 3.6278130549999936,
                                                                            "extra_info": {
                                                                                "Join Type": "RIGHT",
                                                                                "Conditions": "postid = id",
                                                                                "Estimated Cardinality": "12744093"
                                                                            },
                                                                            "cumulative_cardinality": 67893887,
                                                                            "operator_type": "HASH_JOIN",
                                                                            "operator_cardinality": 35129590,
                                                                            "cumulative_rows_scanned": 23836031,
                                                                            "operator_rows_scanned": 0,
                                                                            "operator_timing": 2.1559147749999967,
                                                                            "result_set_size": 1194406060,
                                                                            "children": [
                                                                                {
                                                                                    "operator_name": "READ_PARQUET ",
                                                                                    "cpu_time": 0.24994408999999987,
                                                                                    "extra_info": {
                                                                                        "Function": "READ_PARQUET",
                                                                                        "Projections": [
                                                                                            "postid",
                                                                                            "votetypeid"
                                                                                        ],
                                                                                        "Estimated Cardinality": "12744093"
                                                                                    },
                                                                                    "cumulative_cardinality": 12744093,
                                                                                    "operator_type": "TABLE_SCAN",
                                                                                    "operator_cardinality": 12744093,
                                                                                    "cumulative_rows_scanned": 12744093,
                                                                                    "operator_rows_scanned": 12744093,
                                                                                    "operator_timing": 0.24994408999999987,
                                                                                    "result_set_size": 76464558,
                                                                                    "children": []
                                                                                },
                                                                                {
                                                                                    "operator_name": "HASH_JOIN",
                                                                                    "cpu_time": 1.221954189999997,
                                                                                    "extra_info": {
                                                                                        "Join Type": "RIGHT",
                                                                                        "Conditions": "postid = id",
                                                                                        "Estimated Cardinality": "7241822"
                                                                                    },
                                                                                    "cumulative_cardinality": 20020204,
                                                                                    "operator_type": "HASH_JOIN",
                                                                                    "operator_cardinality": 8928266,
                                                                                    "cumulative_rows_scanned": 11091938,
                                                                                    "operator_rows_scanned": 0,
                                                                                    "operator_timing": 0.7409229249999983,
                                                                                    "result_set_size": 285704512,
                                                                                    "children": [
                                                                                        {
                                                                                            "operator_name": "READ_PARQUET ",
                                                                                            "cpu_time": 0.13381300200000015,
                                                                                            "extra_info": {
                                                                                                "Function": "READ_PARQUET",
                                                                                                "Projections": [
                                                                                                    "id",
                                                                                                    "postid"
                                                                                                ],
                                                                                                "Estimated Cardinality": "7241822"
                                                                                            },
                                                                                            "cumulative_cardinality": 7241822,
                                                                                            "operator_type": "TABLE_SCAN",
                                                                                            "operator_cardinality": 7241822,
                                                                                            "cumulative_rows_scanned": 7241822,
                                                                                            "operator_rows_scanned": 7241822,
                                                                                            "operator_timing": 0.13381300200000015,
                                                                                            "result_set_size": 57934576,
                                                                                            "children": []
                                                                                        },
                                                                                        {
                                                                                            "operator_name": "READ_PARQUET ",
                                                                                            "cpu_time": 0.3472182629999986,
                                                                                            "extra_info": {
                                                                                                "Function": "READ_PARQUET",
                                                                                                "Projections": [
                                                                                                    "id",
                                                                                                    "creationdate",
                                                                                                    "title"
                                                                                                ],
                                                                                                "Estimated Cardinality": "3850116"
                                                                                            },
                                                                                            "cumulative_cardinality": 3850116,
                                                                                            "operator_type": "TABLE_SCAN",
                                                                                            "operator_cardinality": 3850116,
                                                                                            "cumulative_rows_scanned": 3850116,
                                                                                            "operator_rows_scanned": 3850116,
                                                                                            "operator_timing": 0.3472182629999986,
                                                                                            "result_set_size": 107803248,
                                                                                            "children": []
                                                                                        }
                                                                                    ]
                                                                                }
                                                                            ]
                                                                        }
                                                                    ]
                                                                }
                                                            ]
                                                        }
                                                    ]
                                                }
                                            ]
                                        }
                                    ]
                                },
                                {
                                    "operator_name": "STREAMING_LIMIT",
                                    "cpu_time": 0.7586745709999997,
                                    "extra_info": {},
                                    "cumulative_cardinality": 12174786,
                                    "operator_type": "STREAMING_LIMIT",
                                    "operator_cardinality": 10,
                                    "cumulative_rows_scanned": 3582434,
                                    "operator_rows_scanned": 0,
                                    "operator_timing": 0.000002415,
                                    "result_set_size": 240,
                                    "children": [
                                        {
                                            "operator_name": "ORDER_BY",
                                            "cpu_time": 0.7586721559999997,
                                            "extra_info": {
                                                "Order By": "avg(u.Reputation) DESC"
                                            },
                                            "cumulative_cardinality": 12174776,
                                            "operator_type": "ORDER_BY",
                                            "operator_cardinality": 4096,
                                            "cumulative_rows_scanned": 3582434,
                                            "operator_rows_scanned": 0,
                                            "operator_timing": 0.036028246000000035,
                                            "result_set_size": 98304,
                                            "children": [
                                                {
                                                    "operator_name": "PROJECTION",
                                                    "cpu_time": 0.7226439099999997,
                                                    "extra_info": {
                                                        "Projections": [
                                                            "displayname",
                                                            "AvgReputation"
                                                        ],
                                                        "Estimated Cardinality": "1260710"
                                                    },
                                                    "cumulative_cardinality": 12170680,
                                                    "operator_type": "PROJECTION",
                                                    "operator_cardinality": 1260710,
                                                    "cumulative_rows_scanned": 3582434,
                                                    "operator_rows_scanned": 0,
                                                    "operator_timing": 0.00009076599999999983,
                                                    "result_set_size": 30257040,
                                                    "children": [
                                                        {
                                                            "operator_name": "HASH_GROUP_BY",
                                                            "cpu_time": 0.7225531439999997,
                                                            "extra_info": {
                                                                "Groups": [
                                                                    "#0",
                                                                    "#1"
                                                                ],
                                                                "Aggregates": "avg(#2)",
                                                                "Estimated Cardinality": "1260710"
                                                            },
                                                            "cumulative_cardinality": 10909970,
                                                            "operator_type": "HASH_GROUP_BY",
                                                            "operator_cardinality": 1260710,
                                                            "cumulative_rows_scanned": 3582434,
                                                            "operator_rows_scanned": 0,
                                                            "operator_timing": 0.37212111100000034,
                                                            "result_set_size": 35299880,
                                                            "children": [
                                                                {
                                                                    "operator_name": "PROJECTION",
                                                                    "cpu_time": 0.35043203299999937,
                                                                    "extra_info": {
                                                                        "Projections": [
                                                                            "id",
                                                                            "displayname",
                                                                            "reputation"
                                                                        ],
                                                                        "Estimated Cardinality": "2321724"
                                                                    },
                                                                    "cumulative_cardinality": 9649260,
                                                                    "operator_type": "PROJECTION",
                                                                    "operator_cardinality": 3033413,
                                                                    "cumulative_rows_scanned": 3582434,
                                                                    "operator_rows_scanned": 0,
                                                                    "operator_timing": 0.0004897269999999974,
                                                                    "result_set_size": 72801912,
                                                                    "children": [
                                                                        {
                                                                            "operator_name": "HASH_JOIN",
                                                                            "cpu_time": 0.34994230599999937,
                                                                            "extra_info": {
                                                                                "Join Type": "RIGHT",
                                                                                "Conditions": "userid = id",
                                                                                "Estimated Cardinality": "2321724"
                                                                            },
                                                                            "cumulative_cardinality": 6615847,
                                                                            "operator_type": "HASH_JOIN",
                                                                            "operator_cardinality": 3033413,
                                                                            "cumulative_rows_scanned": 3582434,
                                                                            "operator_rows_scanned": 0,
                                                                            "operator_timing": 0.23212534599999943,
                                                                            "result_set_size": 84935564,
                                                                            "children": [
                                                                                {
                                                                                    "operator_name": "READ_PARQUET ",
                                                                                    "cpu_time": 0.033505254,
                                                                                    "extra_info": {
                                                                                        "Function": "READ_PARQUET",
                                                                                        "Projections": "userid",
                                                                                        "Estimated Cardinality": "2321724"
                                                                                    },
                                                                                    "cumulative_cardinality": 2321724,
                                                                                    "operator_type": "TABLE_SCAN",
                                                                                    "operator_cardinality": 2321724,
                                                                                    "cumulative_rows_scanned": 2321724,
                                                                                    "operator_rows_scanned": 2321724,
                                                                                    "operator_timing": 0.033505254,
                                                                                    "result_set_size": 9286896,
                                                                                    "children": []
                                                                                },
                                                                                {
                                                                                    "operator_name": "READ_PARQUET ",
                                                                                    "cpu_time": 0.08431170599999994,
                                                                                    "extra_info": {
                                                                                        "Function": "READ_PARQUET",
                                                                                        "Projections": [
                                                                                            "id",
                                                                                            "reputation",
                                                                                            "displayname"
                                                                                        ],
                                                                                        "Estimated Cardinality": "1260710"
                                                                                    },
                                                                                    "cumulative_cardinality": 1260710,
                                                                                    "operator_type": "TABLE_SCAN",
                                                                                    "operator_cardinality": 1260710,
                                                                                    "cumulative_rows_scanned": 1260710,
                                                                                    "operator_rows_scanned": 1260710,
                                                                                    "operator_timing": 0.08431170599999994,
                                                                                    "result_set_size": 30257040,
                                                                                    "children": []
                                                                                }
                                                                            ]
                                                                        }
                                                                    ]
                                                                }
                                                            ]
                                                        }
                                                    ]
                                                }
                                            ]
                                        }
                                    ]
                                }
                            ]
                        }
                    ]
                }
            ]
        }
    ]
}