{
    "rows_returned": 1245460129,
    "query_name": "\nWITH UserReputation AS (\n    SELECT \n        Id AS UserId,\n        Reputation,\n        ROW_NUMBER() OVER (ORDER BY Reputation DESC) AS ReputationRank\n    FROM Users\n), \nPostStats AS (\n    SELECT \n        p.Id AS PostId,\n        p.Title,\n        COUNT(c.Id) AS CommentCount,\n        SUM(CASE WHEN v.VoteTypeId = 2 THEN 1 ELSE 0 END) AS UpVotes,  \n        SUM(CASE WHEN v.VoteTypeId = 3 THEN 1 ELSE 0 END) AS DownVotes  \n    FROM Posts p\n    LEFT JOIN Comments c ON p.Id = c.PostId\n    LEFT JOIN Votes v ON p.Id = v.PostId\n    WHERE p.CreationDate >= (CAST('2024-10-01 12:34:56' AS TIMESTAMP) - INTERVAL '1 year')\n    GROUP BY p.Id, p.Title\n),\nMostActiveUsers AS (\n    SELECT \n        u.Id,\n        u.DisplayName,\n        COUNT(p.Id) AS PostsCount\n    FROM Users u\n    INNER JOIN Posts p ON u.Id = p.OwnerUserId\n    GROUP BY u.Id, u.DisplayName\n    HAVING COUNT(p.Id) > 10\n),\nClosedPostStats AS (\n    SELECT \n        ph.PostId,\n        ph.CreationDate,\n        pt.Name AS PostHistoryType\n    FROM PostHistory ph\n    INNER JOIN PostHistoryTypes pt ON ph.PostHistoryTypeId = pt.Id\n    WHERE ph.PostHistoryTypeId IN (10, 11)  \n),\nFinalStats AS (\n    SELECT \n        ps.PostId,\n        ps.Title,\n        ps.CommentCount,\n        ps.UpVotes,\n        ps.DownVotes,\n        COALESCE(cps.CreationDate, NULL) AS LastClosedDate,\n        u.DisplayName AS ActiveUser\n    FROM PostStats ps\n    LEFT JOIN ClosedPostStats cps ON ps.PostId = cps.PostId\n    LEFT JOIN MostActiveUsers u ON ps.UpVotes > 0 \n)\nSELECT \n    fs.PostId,\n    fs.Title,\n    fs.CommentCount,\n    fs.UpVotes,\n    fs.DownVotes,\n    fs.LastClosedDate,\n    COALESCE(fs.ActiveUser, 'N/A') AS ActiveUserDetails,\n    CASE \n        WHEN fs.UpVotes - fs.DownVotes > 0 THEN 'Positive'\n        WHEN fs.UpVotes - fs.DownVotes < 0 THEN 'Negative'\n        ELSE 'Neutral'\n    END AS VoteSentiment\nFROM FinalStats fs\nWHERE fs.CommentCount > 5 \nORDER BY fs.UpVotes DESC, fs.DownVotes ASC;\n",
    "blocked_thread_time": 0.0,
    "cpu_time": 7010.986273246034,
    "extra_info": {},
    "cumulative_cardinality": 7488904721,
    "cumulative_rows_scanned": 40742135,
    "result_set_size": 124546012900,
    "latency": 9951.95134405,
    "children": [
        {
            "operator_name": "PROJECTION",
            "cpu_time": 7010.986273246034,
            "extra_info": {
                "Projections": [
                    "#0",
                    "#1",
                    "#2",
                    "#3",
                    "#4",
                    "#5",
                    "#6",
                    "__internal_decompress_string(#7)"
                ],
                "Estimated Cardinality": "2359048"
            },
            "cumulative_cardinality": 7488904721,
            "operator_type": "PROJECTION",
            "operator_cardinality": 1245460129,
            "cumulative_rows_scanned": 40742135,
            "operator_rows_scanned": 0,
            "operator_timing": 11.88651358799343,
            "result_set_size": 124546012900,
            "children": [
                {
                    "operator_name": "ORDER_BY",
                    "cpu_time": 6999.099759658041,
                    "extra_info": {
                        "Order By": [
                            "fs.UpVotes DESC",
                            "fs.DownVotes ASC"
                        ]
                    },
                    "cumulative_cardinality": 6243444592,
                    "operator_type": "ORDER_BY",
                    "operator_cardinality": 1245460129,
                    "cumulative_rows_scanned": 40742135,
                    "operator_rows_scanned": 0,
                    "operator_timing": 6952.832026697041,
                    "result_set_size": 124546012900,
                    "children": [
                        {
                            "operator_name": "PROJECTION",
                            "cpu_time": 46.267732960999844,
                            "extra_info": {
                                "Projections": [
                                    "#0",
                                    "#1",
                                    "#2",
                                    "#3",
                                    "#4",
                                    "#5",
                                    "#6",
                                    "__internal_compress_string_hugeint(#7)"
                                ],
                                "Estimated Cardinality": "2359048"
                            },
                            "cumulative_cardinality": 4997984463,
                            "operator_type": "PROJECTION",
                            "operator_cardinality": 1245460129,
                            "cumulative_rows_scanned": 40742135,
                            "operator_rows_scanned": 0,
                            "operator_timing": 11.27890728399935,
                            "result_set_size": 124546012900,
                            "children": [
                                {
                                    "operator_name": "PROJECTION",
                                    "cpu_time": 34.98882567700049,
                                    "extra_info": {
                                        "Projections": [
                                            "PostId",
                                            "title",
                                            "CommentCount",
                                            "UpVotes",
                                            "DownVotes",
                                            "LastClosedDate",
                                            "ActiveUserDetails",
                                            "VoteSentiment"
                                        ],
                                        "Estimated Cardinality": "2359048"
                                    },
                                    "cumulative_cardinality": 3752524334,
                                    "operator_type": "PROJECTION",
                                    "operator_cardinality": 1245460129,
                                    "cumulative_rows_scanned": 40742135,
                                    "operator_rows_scanned": 0,
                                    "operator_timing": 26.471879746000134,
                                    "result_set_size": 124546012900,
                                    "children": [
                                        {
                                            "operator_name": "PROJECTION",
                                            "cpu_time": 8.51694593100036,
                                            "extra_info": {
                                                "Projections": [
                                                    "PostId",
                                                    "title",
                                                    "CommentCount",
                                                    "UpVotes",
                                                    "DownVotes",
                                                    "creationdate",
                                                    "ActiveUser"
                                                ],
                                                "Estimated Cardinality": "2359048"
                                            },
                                            "cumulative_cardinality": 2507064205,
                                            "operator_type": "PROJECTION",
                                            "operator_cardinality": 1245460129,
                                            "cumulative_rows_scanned": 40742135,
                                            "operator_rows_scanned": 0,
                                            "operator_timing": 0.6990864970000098,
                                            "result_set_size": 104618650836,
                                            "children": [
                                                {
                                                    "operator_name": "BLOCKWISE_NL_JOIN",
                                                    "cpu_time": 7.81785943400035,
                                                    "extra_info": {
                                                        "Join Type": "LEFT",
                                                        "Condition": "(UpVotes > 0)"
                                                    },
                                                    "cumulative_cardinality": 1261604076,
                                                    "operator_type": "BLOCKWISE_NL_JOIN",
                                                    "operator_cardinality": 1245460129,
                                                    "cumulative_rows_scanned": 40742135,
                                                    "operator_rows_scanned": 0,
                                                    "operator_timing": 6.90302361800035,
                                                    "result_set_size": 104618650836,
                                                    "children": [
                                                        {
                                                            "operator_name": "HASH_JOIN",
                                                            "cpu_time": 0.30828816,
                                                            "extra_info": {
                                                                "Join Type": "RIGHT",
                                                                "Conditions": "postid = PostId",
                                                                "Estimated Cardinality": "2359048"
                                                            },
                                                            "cumulative_cardinality": 3381713,
                                                            "operator_type": "HASH_JOIN",
                                                            "operator_cardinality": 37996,
                                                            "cumulative_rows_scanned": 35631309,
                                                            "operator_rows_scanned": 0,
                                                            "operator_timing": 0.006328679,
                                                            "result_set_size": 2583728,
                                                            "children": [
                                                                {
                                                                    "operator_name": "PROJECTION",
                                                                    "cpu_time": 0.03810715000000002,
                                                                    "extra_info": {
                                                                        "Projections": [
                                                                            "postid",
                                                                            "creationdate"
                                                                        ],
                                                                        "Estimated Cardinality": "2359048"
                                                                    },
                                                                    "cumulative_cardinality": 27053,
                                                                    "operator_type": "PROJECTION",
                                                                    "operator_cardinality": 9017,
                                                                    "cumulative_rows_scanned": 11795278,
                                                                    "operator_rows_scanned": 0,
                                                                    "operator_timing": 0.000006541999999999999,
                                                                    "result_set_size": 108204,
                                                                    "children": [
                                                                        {
                                                                            "operator_name": "HASH_JOIN",
                                                                            "cpu_time": 0.03810060800000002,
                                                                            "extra_info": {
                                                                                "Join Type": "INNER",
                                                                                "Conditions": "posthistorytypeid = id",
                                                                                "Estimated Cardinality": "2359048"
                                                                            },
                                                                            "cumulative_cardinality": 18036,
                                                                            "operator_type": "HASH_JOIN",
                                                                            "operator_cardinality": 9017,
                                                                            "cumulative_rows_scanned": 11795278,
                                                                            "operator_rows_scanned": 0,
                                                                            "operator_timing": 0.0005412559999999998,
                                                                            "result_set_size": 126238,
                                                                            "children": [
                                                                                {
                                                                                    "operator_name": "READ_PARQUET ",
                                                                                    "cpu_time": 0.037350453000000026,
                                                                                    "extra_info": {
                                                                                        "Function": "READ_PARQUET",
                                                                                        "Projections": [
                                                                                            "posthistorytypeid",
                                                                                            "postid",
                                                                                            "creationdate"
                                                                                        ],
                                                                                        "Filters": "posthistorytypeid>=10 AND posthistorytypeid<=11",
                                                                                        "Estimated Cardinality": "2359048"
                                                                                    },
                                                                                    "cumulative_cardinality": 9017,
                                                                                    "operator_type": "TABLE_SCAN",
                                                                                    "operator_cardinality": 9017,
                                                                                    "cumulative_rows_scanned": 11795244,
                                                                                    "operator_rows_scanned": 11795244,
                                                                                    "operator_timing": 0.037350453000000026,
                                                                                    "result_set_size": 126238,
                                                                                    "children": []
                                                                                },
                                                                                {
                                                                                    "operator_name": "READ_PARQUET ",
                                                                                    "cpu_time": 0.000208899,
                                                                                    "extra_info": {
                                                                                        "Function": "READ_PARQUET",
                                                                                        "Projections": "id",
                                                                                        "Filters": "id>=10 AND id<=11",
                                                                                        "Estimated Cardinality": "34"
                                                                                    },
                                                                                    "cumulative_cardinality": 2,
                                                                                    "operator_type": "TABLE_SCAN",
                                                                                    "operator_cardinality": 2,
                                                                                    "cumulative_rows_scanned": 34,
                                                                                    "operator_rows_scanned": 34,
                                                                                    "operator_timing": 0.000208899,
                                                                                    "result_set_size": 4,
                                                                                    "children": []
                                                                                }
                                                                            ]
                                                                        }
                                                                    ]
                                                                },
                                                                {
                                                                    "operator_name": "FILTER",
                                                                    "cpu_time": 0.26385233099999994,
                                                                    "extra_info": {
                                                                        "Expression": "(CommentCount > 5)",
                                                                        "Estimated Cardinality": "770023"
                                                                    },
                                                                    "cumulative_cardinality": 3316664,
                                                                    "operator_type": "FILTER",
                                                                    "operator_cardinality": 37260,
                                                                    "cumulative_rows_scanned": 23836031,
                                                                    "operator_rows_scanned": 0,
                                                                    "operator_timing": 0.00023393700000000003,
                                                                    "result_set_size": 2235600,
                                                                    "children": [
                                                                        {
                                                                            "operator_name": "HASH_GROUP_BY",
                                                                            "cpu_time": 0.2636183939999999,
                                                                            "extra_info": {
                                                                                "Groups": [
                                                                                    "#0",
                                                                                    "#1"
                                                                                ],
                                                                                "Aggregates": [
                                                                                    "count(#2)",
                                                                                    "sum(#3)",
                                                                                    "sum(#4)"
                                                                                ],
                                                                                "Estimated Cardinality": "3850116"
                                                                            },
                                                                            "cumulative_cardinality": 3279404,
                                                                            "operator_type": "HASH_GROUP_BY",
                                                                            "operator_cardinality": 145542,
                                                                            "cumulative_rows_scanned": 23836031,
                                                                            "operator_rows_scanned": 0,
                                                                            "operator_timing": 0.08922859199999993,
                                                                            "result_set_size": 8732520,
                                                                            "children": [
                                                                                {
                                                                                    "operator_name": "PROJECTION",
                                                                                    "cpu_time": 0.174389802,
                                                                                    "extra_info": {
                                                                                        "Projections": [
                                                                                            "id",
                                                                                            "title",
                                                                                            "id",
                                                                                            "CASE  WHEN ((votetypeid = 2)) THEN (1) ELSE 0 END",
                                                                                            "CASE  WHEN ((votetypeid = 3)) THEN (1) ELSE 0 END"
                                                                                        ],
                                                                                        "Estimated Cardinality": "12744093"
                                                                                    },
                                                                                    "cumulative_cardinality": 3133862,
                                                                                    "operator_type": "PROJECTION",
                                                                                    "operator_cardinality": 954760,
                                                                                    "cumulative_rows_scanned": 23836031,
                                                                                    "operator_rows_scanned": 0,
                                                                                    "operator_timing": 0.007329870000000001,
                                                                                    "result_set_size": 30552320,
                                                                                    "children": [
                                                                                        {
                                                                                            "operator_name": "HASH_JOIN",
                                                                                            "cpu_time": 0.16705993200000002,
                                                                                            "extra_info": {
                                                                                                "Join Type": "RIGHT",
                                                                                                "Conditions": "postid = id",
                                                                                                "Estimated Cardinality": "12744093"
                                                                                            },
                                                                                            "cumulative_cardinality": 2179102,
                                                                                            "operator_type": "HASH_JOIN",
                                                                                            "operator_cardinality": 954760,
                                                                                            "cumulative_rows_scanned": 23836031,
                                                                                            "operator_rows_scanned": 0,
                                                                                            "operator_timing": 0.055255927000000024,
                                                                                            "result_set_size": 24823760,
                                                                                            "children": [
                                                                                                {
                                                                                                    "operator_name": "READ_PARQUET ",
                                                                                                    "cpu_time": 0.019876910000000008,
                                                                                                    "extra_info": {
                                                                                                        "Function": "READ_PARQUET",
                                                                                                        "Projections": [
                                                                                                            "postid",
                                                                                                            "votetypeid"
                                                                                                        ],
                                                                                                        "Estimated Cardinality": "12744093"
                                                                                                    },
                                                                                                    "cumulative_cardinality": 442526,
                                                                                                    "operator_type": "TABLE_SCAN",
                                                                                                    "operator_cardinality": 442526,
                                                                                                    "cumulative_rows_scanned": 12744093,
                                                                                                    "operator_rows_scanned": 12744093,
                                                                                                    "operator_timing": 0.019876910000000008,
                                                                                                    "result_set_size": 2655156,
                                                                                                    "children": []
                                                                                                },
                                                                                                {
                                                                                                    "operator_name": "HASH_JOIN",
                                                                                                    "cpu_time": 0.091927095,
                                                                                                    "extra_info": {
                                                                                                        "Join Type": "RIGHT",
                                                                                                        "Conditions": "postid = id",
                                                                                                        "Estimated Cardinality": "7241822"
                                                                                                    },
                                                                                                    "cumulative_cardinality": 781816,
                                                                                                    "operator_type": "HASH_JOIN",
                                                                                                    "operator_cardinality": 349210,
                                                                                                    "cumulative_rows_scanned": 11091938,
                                                                                                    "operator_rows_scanned": 0,
                                                                                                    "operator_timing": 0.019266003,
                                                                                                    "result_set_size": 8381040,
                                                                                                    "children": [
                                                                                                        {
                                                                                                            "operator_name": "READ_PARQUET ",
                                                                                                            "cpu_time": 0.013329552999999997,
                                                                                                            "extra_info": {
                                                                                                                "Function": "READ_PARQUET",
                                                                                                                "Projections": [
                                                                                                                    "id",
                                                                                                                    "postid"
                                                                                                                ],
                                                                                                                "Estimated Cardinality": "7241822"
                                                                                                            },
                                                                                                            "cumulative_cardinality": 287064,
                                                                                                            "operator_type": "TABLE_SCAN",
                                                                                                            "operator_cardinality": 287064,
                                                                                                            "cumulative_rows_scanned": 7241822,
                                                                                                            "operator_rows_scanned": 7241822,
                                                                                                            "operator_timing": 0.013329552999999997,
                                                                                                            "result_set_size": 2296512,
                                                                                                            "children": []
                                                                                                        },
                                                                                                        {
                                                                                                            "operator_name": "READ_PARQUET ",
                                                                                                            "cpu_time": 0.059331539,
                                                                                                            "extra_info": {
                                                                                                                "Function": "READ_PARQUET",
                                                                                                                "Projections": [
                                                                                                                    "id",
                                                                                                                    "title"
                                                                                                                ],
                                                                                                                "Filters": "creationdate>='2023-10-01 12:34:56'::TIMESTAMP",
                                                                                                                "Estimated Cardinality": "770023"
                                                                                                            },
                                                                                                            "cumulative_cardinality": 145542,
                                                                                                            "operator_type": "TABLE_SCAN",
                                                                                                            "operator_cardinality": 145542,
                                                                                                            "cumulative_rows_scanned": 3850116,
                                                                                                            "operator_rows_scanned": 3850116,
                                                                                                            "operator_timing": 0.059331539,
                                                                                                            "result_set_size": 2910840,
                                                                                                            "children": []
                                                                                                        }
                                                                                                    ]
                                                                                                }
                                                                                            ]
                                                                                        }
                                                                                    ]
                                                                                }
                                                                            ]
                                                                        }
                                                                    ]
                                                                }
                                                            ]
                                                        },
                                                        {
                                                            "operator_name": "PROJECTION",
                                                            "cpu_time": 0.606547656,
                                                            "extra_info": {
                                                                "Projections": "#1",
                                                                "Estimated Cardinality": "252142"
                                                            },
                                                            "cumulative_cardinality": 12762234,
                                                            "operator_type": "PROJECTION",
                                                            "operator_cardinality": 36838,
                                                            "cumulative_rows_scanned": 5110826,
                                                            "operator_rows_scanned": 0,
                                                            "operator_timing": 0.000015201999999999969,
                                                            "result_set_size": 589408,
                                                            "children": [
                                                                {
                                                                    "operator_name": "FILTER",
                                                                    "cpu_time": 0.606532454,
                                                                    "extra_info": {
                                                                        "Expression": "(count(id) > 10)",
                                                                        "Estimated Cardinality": "252142"
                                                                    },
                                                                    "cumulative_cardinality": 12725396,
                                                                    "operator_type": "FILTER",
                                                                    "operator_cardinality": 36838,
                                                                    "cumulative_rows_scanned": 5110826,
                                                                    "operator_rows_scanned": 0,
                                                                    "operator_timing": 0.00048530799999999994,
                                                                    "result_set_size": 1031464,
                                                                    "children": [
                                                                        {
                                                                            "operator_name": "HASH_GROUP_BY",
                                                                            "cpu_time": 0.606047146,
                                                                            "extra_info": {
                                                                                "Groups": [
                                                                                    "#0",
                                                                                    "#1"
                                                                                ],
                                                                                "Aggregates": "count_star()",
                                                                                "Estimated Cardinality": "1260710"
                                                                            },
                                                                            "cumulative_cardinality": 12688558,
                                                                            "operator_type": "HASH_GROUP_BY",
                                                                            "operator_cardinality": 371631,
                                                                            "cumulative_rows_scanned": 5110826,
                                                                            "operator_rows_scanned": 0,
                                                                            "operator_timing": 0.1909571080000001,
                                                                            "result_set_size": 10405668,
                                                                            "children": [
                                                                                {
                                                                                    "operator_name": "PROJECTION",
                                                                                    "cpu_time": 0.4150900379999999,
                                                                                    "extra_info": {
                                                                                        "Projections": [
                                                                                            "id",
                                                                                            "displayname"
                                                                                        ],
                                                                                        "Estimated Cardinality": "3850116"
                                                                                    },
                                                                                    "cumulative_cardinality": 12316927,
                                                                                    "operator_type": "PROJECTION",
                                                                                    "operator_cardinality": 3685416,
                                                                                    "cumulative_rows_scanned": 5110826,
                                                                                    "operator_rows_scanned": 0,
                                                                                    "operator_timing": 0.0005285770000000008,
                                                                                    "result_set_size": 73708320,
                                                                                    "children": [
                                                                                        {
                                                                                            "operator_name": "HASH_JOIN",
                                                                                            "cpu_time": 0.4145614609999999,
                                                                                            "extra_info": {
                                                                                                "Join Type": "INNER",
                                                                                                "Conditions": "owneruserid = id",
                                                                                                "Estimated Cardinality": "3850116"
                                                                                            },
                                                                                            "cumulative_cardinality": 8631511,
                                                                                            "operator_type": "HASH_JOIN",
                                                                                            "operator_cardinality": 3685416,
                                                                                            "cumulative_rows_scanned": 5110826,
                                                                                            "operator_rows_scanned": 0,
                                                                                            "operator_timing": 0.23854737200000006,
                                                                                            "result_set_size": 103191648,
                                                                                            "children": [
                                                                                                {
                                                                                                    "operator_name": "READ_PARQUET ",
                                                                                                    "cpu_time": 0.09420217699999997,
                                                                                                    "extra_info": {
                                                                                                        "Function": "READ_PARQUET",
                                                                                                        "Projections": [
                                                                                                            "id",
                                                                                                            "owneruserid"
                                                                                                        ],
                                                                                                        "Estimated Cardinality": "3850116"
                                                                                                    },
                                                                                                    "cumulative_cardinality": 3685416,
                                                                                                    "operator_type": "TABLE_SCAN",
                                                                                                    "operator_cardinality": 3685416,
                                                                                                    "cumulative_rows_scanned": 3850116,
                                                                                                    "operator_rows_scanned": 3850116,
                                                                                                    "operator_timing": 0.09420217699999997,
                                                                                                    "result_set_size": 29483328,
                                                                                                    "children": []
                                                                                                },
                                                                                                {
                                                                                                    "operator_name": "READ_PARQUET ",
                                                                                                    "cpu_time": 0.08181191199999988,
                                                                                                    "extra_info": {
                                                                                                        "Function": "READ_PARQUET",
                                                                                                        "Projections": [
                                                                                                            "id",
                                                                                                            "displayname"
                                                                                                        ],
                                                                                                        "Filters": "id<=1416539",
                                                                                                        "Estimated Cardinality": "1260710"
                                                                                                    },
                                                                                                    "cumulative_cardinality": 1260679,
                                                                                                    "operator_type": "TABLE_SCAN",
                                                                                                    "operator_cardinality": 1260679,
                                                                                                    "cumulative_rows_scanned": 1260710,
                                                                                                    "operator_rows_scanned": 1260710,
                                                                                                    "operator_timing": 0.08181191199999988,
                                                                                                    "result_set_size": 25213580,
                                                                                                    "children": []
                                                                                                }
                                                                                            ]
                                                                                        }
                                                                                    ]
                                                                                }
                                                                            ]
                                                                        }
                                                                    ]
                                                                }
                                                            ]
                                                        }
                                                    ]
                                                }
                                            ]
                                        }
                                    ]
                                }
                            ]
                        }
                    ]
                }
            ]
        }
    ]
}