{
    "rows_returned": 10,
    "query_name": "\nWITH UserBadges AS (\n    SELECT U.Id AS UserId, U.DisplayName, COUNT(B.Id) AS BadgeCount, \n           SUM(CASE WHEN B.Class = 1 THEN 1 ELSE 0 END) AS GoldBadges,\n           SUM(CASE WHEN B.Class = 2 THEN 1 ELSE 0 END) AS SilverBadges, \n           SUM(CASE WHEN B.Class = 3 THEN 1 ELSE 0 END) AS BronzeBadges\n    FROM Users U\n    LEFT JOIN Badges B ON U.Id = B.UserId\n    GROUP BY U.Id, U.DisplayName\n),\nPostStatistics AS (\n    SELECT P.OwnerUserId, COUNT(C.Id) AS CommentCount, \n           SUM(P.Score) AS TotalScore, \n           COUNT(DISTINCT P.Id) AS PostCount\n    FROM Posts P\n    LEFT JOIN Comments C ON P.Id = C.PostId\n    GROUP BY P.OwnerUserId\n),\nCombinedData AS (\n    SELECT U.Id AS UserId, U.DisplayName, \n           COALESCE(UB.BadgeCount, 0) AS BadgeCount, \n           COALESCE(UB.GoldBadges, 0) AS GoldBadges, \n           COALESCE(UB.SilverBadges, 0) AS SilverBadges, \n           COALESCE(UB.BronzeBadges, 0) AS BronzeBadges,\n           COALESCE(PS.CommentCount, 0) AS CommentCount, \n           COALESCE(PS.TotalScore, 0) AS TotalScore, \n           COALESCE(PS.PostCount, 0) AS PostCount\n    FROM Users U\n    LEFT JOIN UserBadges UB ON U.Id = UB.UserId\n    LEFT JOIN PostStatistics PS ON U.Id = PS.OwnerUserId\n)\nSELECT UserId, DisplayName, BadgeCount, GoldBadges, SilverBadges, \n       BronzeBadges, CommentCount, TotalScore, PostCount\nFROM CombinedData\nWHERE BadgeCount > 0 AND PostCount > 5\nORDER BY TotalScore DESC, BadgeCount DESC\nLIMIT 10;\n",
    "blocked_thread_time": 0.0,
    "cpu_time": 11.953394895999995,
    "extra_info": {},
    "cumulative_cardinality": 56657039,
    "cumulative_rows_scanned": 15935082,
    "result_set_size": 1080,
    "latency": 12.490666774,
    "children": [
        {
            "operator_name": "STREAMING_LIMIT",
            "cpu_time": 11.953394895999995,
            "extra_info": {},
            "cumulative_cardinality": 56657039,
            "operator_type": "STREAMING_LIMIT",
            "operator_cardinality": 10,
            "cumulative_rows_scanned": 15935082,
            "operator_rows_scanned": 0,
            "operator_timing": 0.000002043,
            "result_set_size": 1080,
            "children": [
                {
                    "operator_name": "ORDER_BY",
                    "cpu_time": 11.953392852999995,
                    "extra_info": {
                        "Order By": [
                            "CombinedData.TotalScore DESC",
                            "CombinedData.BadgeCount DESC"
                        ]
                    },
                    "cumulative_cardinality": 56657029,
                    "operator_type": "ORDER_BY",
                    "operator_cardinality": 4096,
                    "cumulative_rows_scanned": 15935082,
                    "operator_rows_scanned": 0,
                    "operator_timing": 0.005195088999999999,
                    "result_set_size": 442368,
                    "children": [
                        {
                            "operator_name": "PROJECTION",
                            "cpu_time": 11.948197763999994,
                            "extra_info": {
                                "Projections": [
                                    "UserId",
                                    "displayname",
                                    "BadgeCount",
                                    "GoldBadges",
                                    "SilverBadges",
                                    "BronzeBadges",
                                    "CommentCount",
                                    "TotalScore",
                                    "PostCount"
                                ],
                                "Estimated Cardinality": "154004"
                            },
                            "cumulative_cardinality": 56652933,
                            "operator_type": "PROJECTION",
                            "operator_cardinality": 62574,
                            "cumulative_rows_scanned": 15935082,
                            "operator_rows_scanned": 0,
                            "operator_timing": 0.004529856999999999,
                            "result_set_size": 6757992,
                            "children": [
                                {
                                    "operator_name": "HASH_JOIN",
                                    "cpu_time": 11.943667906999995,
                                    "extra_info": {
                                        "Join Type": "INNER",
                                        "Conditions": "owneruserid = id",
                                        "Estimated Cardinality": "154004"
                                    },
                                    "cumulative_cardinality": 56590359,
                                    "operator_type": "HASH_JOIN",
                                    "operator_cardinality": 62574,
                                    "cumulative_rows_scanned": 15935082,
                                    "operator_rows_scanned": 0,
                                    "operator_timing": 0.06319851500000001,
                                    "result_set_size": 6757992,
                                    "children": [
                                        {
                                            "operator_name": "FILTER",
                                            "cpu_time": 2.024058577999999,
                                            "extra_info": {
                                                "Expression": "(COALESCE(PostCount, 0) > 5)",
                                                "Estimated Cardinality": "770023"
                                            },
                                            "cumulative_cardinality": 42161060,
                                            "operator_type": "FILTER",
                                            "operator_cardinality": 62576,
                                            "cumulative_rows_scanned": 11091938,
                                            "operator_rows_scanned": 0,
                                            "operator_timing": 0.0028773860000000017,
                                            "result_set_size": 2252736,
                                            "children": [
                                                {
                                                    "operator_name": "HASH_GROUP_BY",
                                                    "cpu_time": 2.021181191999999,
                                                    "extra_info": {
                                                        "Groups": "#0",
                                                        "Aggregates": [
                                                            "count(#1)",
                                                            "sum(#2)",
                                                            "count(DISTINCT #3)"
                                                        ],
                                                        "Estimated Cardinality": "3850116"
                                                    },
                                                    "cumulative_cardinality": 42098484,
                                                    "operator_type": "HASH_GROUP_BY",
                                                    "operator_cardinality": 371632,
                                                    "cumulative_rows_scanned": 11091938,
                                                    "operator_rows_scanned": 0,
                                                    "operator_timing": 0.8292675430000002,
                                                    "result_set_size": 13378752,
                                                    "children": [
                                                        {
                                                            "operator_name": "PROJECTION",
                                                            "cpu_time": 1.1919136489999986,
                                                            "extra_info": {
                                                                "Projections": [
                                                                    "owneruserid",
                                                                    "id",
                                                                    "score",
                                                                    "id"
                                                                ],
                                                                "Estimated Cardinality": "7241822"
                                                            },
                                                            "cumulative_cardinality": 41726852,
                                                            "operator_type": "PROJECTION",
                                                            "operator_cardinality": 8928266,
                                                            "cumulative_rows_scanned": 11091938,
                                                            "operator_rows_scanned": 0,
                                                            "operator_timing": 0.0013895989999999892,
                                                            "result_set_size": 142852256,
                                                            "children": [
                                                                {
                                                                    "operator_name": "PROJECTION",
                                                                    "cpu_time": 1.1905240499999987,
                                                                    "extra_info": {
                                                                        "Projections": [
                                                                            "#0",
                                                                            "#1",
                                                                            "__internal_decompress_integral_integer(#2, -72)",
                                                                            "#3"
                                                                        ],
                                                                        "Estimated Cardinality": "7241822"
                                                                    },
                                                                    "cumulative_cardinality": 32798586,
                                                                    "operator_type": "PROJECTION",
                                                                    "operator_cardinality": 8928266,
                                                                    "cumulative_rows_scanned": 11091938,
                                                                    "operator_rows_scanned": 0,
                                                                    "operator_timing": 0.003571402999999999,
                                                                    "result_set_size": 142852256,
                                                                    "children": [
                                                                        {
                                                                            "operator_name": "HASH_JOIN",
                                                                            "cpu_time": 1.1869526469999987,
                                                                            "extra_info": {
                                                                                "Join Type": "RIGHT",
                                                                                "Conditions": "postid = id",
                                                                                "Estimated Cardinality": "7241822"
                                                                            },
                                                                            "cumulative_cardinality": 23870320,
                                                                            "operator_type": "HASH_JOIN",
                                                                            "operator_cardinality": 8928266,
                                                                            "cumulative_rows_scanned": 11091938,
                                                                            "operator_rows_scanned": 0,
                                                                            "operator_timing": 0.962396351999999,
                                                                            "result_set_size": 124995724,
                                                                            "children": [
                                                                                {
                                                                                    "operator_name": "READ_PARQUET ",
                                                                                    "cpu_time": 0.15281092499999988,
                                                                                    "extra_info": {
                                                                                        "Function": "READ_PARQUET",
                                                                                        "Projections": [
                                                                                            "id",
                                                                                            "postid"
                                                                                        ],
                                                                                        "Estimated Cardinality": "7241822"
                                                                                    },
                                                                                    "cumulative_cardinality": 7241822,
                                                                                    "operator_type": "TABLE_SCAN",
                                                                                    "operator_cardinality": 7241822,
                                                                                    "cumulative_rows_scanned": 7241822,
                                                                                    "operator_rows_scanned": 7241822,
                                                                                    "operator_timing": 0.15281092499999988,
                                                                                    "result_set_size": 57934576,
                                                                                    "children": []
                                                                                },
                                                                                {
                                                                                    "operator_name": "PROJECTION",
                                                                                    "cpu_time": 0.07174536999999993,
                                                                                    "extra_info": {
                                                                                        "Projections": [
                                                                                            "#0",
                                                                                            "__internal_compress_integral_usmallint(#1, -72)",
                                                                                            "#2"
                                                                                        ],
                                                                                        "Estimated Cardinality": "3850116"
                                                                                    },
                                                                                    "cumulative_cardinality": 7700232,
                                                                                    "operator_type": "PROJECTION",
                                                                                    "operator_cardinality": 3850116,
                                                                                    "cumulative_rows_scanned": 3850116,
                                                                                    "operator_rows_scanned": 0,
                                                                                    "operator_timing": 0.0012592960000000002,
                                                                                    "result_set_size": 38501160,
                                                                                    "children": [
                                                                                        {
                                                                                            "operator_name": "READ_PARQUET ",
                                                                                            "cpu_time": 0.07048607399999993,
                                                                                            "extra_info": {
                                                                                                "Function": "READ_PARQUET",
                                                                                                "Projections": [
                                                                                                    "id",
                                                                                                    "score",
                                                                                                    "owneruserid"
                                                                                                ],
                                                                                                "Estimated Cardinality": "3850116"
                                                                                            },
                                                                                            "cumulative_cardinality": 3850116,
                                                                                            "operator_type": "TABLE_SCAN",
                                                                                            "operator_cardinality": 3850116,
                                                                                            "cumulative_rows_scanned": 3850116,
                                                                                            "operator_rows_scanned": 3850116,
                                                                                            "operator_timing": 0.07048607399999993,
                                                                                            "result_set_size": 46201392,
                                                                                            "children": []
                                                                                        }
                                                                                    ]
                                                                                }
                                                                            ]
                                                                        }
                                                                    ]
                                                                }
                                                            ]
                                                        }
                                                    ]
                                                }
                                            ]
                                        },
                                        {
                                            "operator_name": "FILTER",
                                            "cpu_time": 9.856410813999995,
                                            "extra_info": {
                                                "Expression": "(id <= 1416539)",
                                                "Estimated Cardinality": "252142"
                                            },
                                            "cumulative_cardinality": 14366725,
                                            "operator_type": "FILTER",
                                            "operator_cardinality": 549021,
                                            "cumulative_rows_scanned": 4843144,
                                            "operator_rows_scanned": 0,
                                            "operator_timing": 0.0012712619999999998,
                                            "result_set_size": 41725596,
                                            "children": [
                                                {
                                                    "operator_name": "HASH_JOIN",
                                                    "cpu_time": 9.855139551999995,
                                                    "extra_info": {
                                                        "Join Type": "INNER",
                                                        "Conditions": "id = UserId",
                                                        "Estimated Cardinality": "252142"
                                                    },
                                                    "cumulative_cardinality": 13817704,
                                                    "operator_type": "HASH_JOIN",
                                                    "operator_cardinality": 549021,
                                                    "cumulative_rows_scanned": 4843144,
                                                    "operator_rows_scanned": 0,
                                                    "operator_timing": 2.8600477090000003,
                                                    "result_set_size": 41725596,
                                                    "children": [
                                                        {
                                                            "operator_name": "READ_PARQUET ",
                                                            "cpu_time": 0.09381440599999989,
                                                            "extra_info": {
                                                                "Function": "READ_PARQUET",
                                                                "Projections": [
                                                                    "id",
                                                                    "displayname"
                                                                ],
                                                                "Estimated Cardinality": "1260710"
                                                            },
                                                            "cumulative_cardinality": 1260671,
                                                            "operator_type": "TABLE_SCAN",
                                                            "operator_cardinality": 1260671,
                                                            "cumulative_rows_scanned": 1260710,
                                                            "operator_rows_scanned": 1260710,
                                                            "operator_timing": 0.09381440599999989,
                                                            "result_set_size": 25213420,
                                                            "children": []
                                                        },
                                                        {
                                                            "operator_name": "PROJECTION",
                                                            "cpu_time": 6.901277436999995,
                                                            "extra_info": {
                                                                "Projections": [
                                                                    "#0",
                                                                    "#2",
                                                                    "#3",
                                                                    "#4",
                                                                    "#5"
                                                                ],
                                                                "Estimated Cardinality": "252142"
                                                            },
                                                            "cumulative_cardinality": 12008012,
                                                            "operator_type": "PROJECTION",
                                                            "operator_cardinality": 549021,
                                                            "cumulative_rows_scanned": 3582434,
                                                            "operator_rows_scanned": 0,
                                                            "operator_timing": 0.00006685600000000007,
                                                            "result_set_size": 32941260,
                                                            "children": [
                                                                {
                                                                    "operator_name": "FILTER",
                                                                    "cpu_time": 6.901210580999995,
                                                                    "extra_info": {
                                                                        "Expression": "(COALESCE(BadgeCount, 0) > 0)",
                                                                        "Estimated Cardinality": "252142"
                                                                    },
                                                                    "cumulative_cardinality": 11458991,
                                                                    "operator_type": "FILTER",
                                                                    "operator_cardinality": 549021,
                                                                    "cumulative_rows_scanned": 3582434,
                                                                    "operator_rows_scanned": 0,
                                                                    "operator_timing": 0.009649741999999992,
                                                                    "result_set_size": 41725596,
                                                                    "children": [
                                                                        {
                                                                            "operator_name": "HASH_GROUP_BY",
                                                                            "cpu_time": 6.891560838999995,
                                                                            "extra_info": {
                                                                                "Groups": [
                                                                                    "#0",
                                                                                    "#1"
                                                                                ],
                                                                                "Aggregates": [
                                                                                    "count(#2)",
                                                                                    "sum(#3)",
                                                                                    "sum(#4)",
                                                                                    "sum(#5)"
                                                                                ],
                                                                                "Estimated Cardinality": "1260710"
                                                                            },
                                                                            "cumulative_cardinality": 10909970,
                                                                            "operator_type": "HASH_GROUP_BY",
                                                                            "operator_cardinality": 1260710,
                                                                            "cumulative_rows_scanned": 3582434,
                                                                            "operator_rows_scanned": 0,
                                                                            "operator_timing": 6.488827278999995,
                                                                            "result_set_size": 95813960,
                                                                            "children": [
                                                                                {
                                                                                    "operator_name": "PROJECTION",
                                                                                    "cpu_time": 0.4027335599999998,
                                                                                    "extra_info": {
                                                                                        "Projections": [
                                                                                            "id",
                                                                                            "displayname",
                                                                                            "id",
                                                                                            "CASE  WHEN ((class = 1)) THEN (1) ELSE 0 END",
                                                                                            "CASE  WHEN ((class = 2)) THEN (1) ELSE 0 END",
                                                                                            "CASE  WHEN ((class = 3)) THEN (1) ELSE 0 END"
                                                                                        ],
                                                                                        "Estimated Cardinality": "2321724"
                                                                                    },
                                                                                    "cumulative_cardinality": 9649260,
                                                                                    "operator_type": "PROJECTION",
                                                                                    "operator_cardinality": 3033413,
                                                                                    "cumulative_rows_scanned": 3582434,
                                                                                    "operator_rows_scanned": 0,
                                                                                    "operator_timing": 0.016246190000000018,
                                                                                    "result_set_size": 109202868,
                                                                                    "children": [
                                                                                        {
                                                                                            "operator_name": "HASH_JOIN",
                                                                                            "cpu_time": 0.38648736999999983,
                                                                                            "extra_info": {
                                                                                                "Join Type": "RIGHT",
                                                                                                "Conditions": "userid = id",
                                                                                                "Estimated Cardinality": "2321724"
                                                                                            },
                                                                                            "cumulative_cardinality": 6615847,
                                                                                            "operator_type": "HASH_JOIN",
                                                                                            "operator_cardinality": 3033413,
                                                                                            "cumulative_rows_scanned": 3582434,
                                                                                            "operator_rows_scanned": 0,
                                                                                            "operator_timing": 0.23761166399999983,
                                                                                            "result_set_size": 78868738,
                                                                                            "children": [
                                                                                                {
                                                                                                    "operator_name": "READ_PARQUET ",
                                                                                                    "cpu_time": 0.06630175499999993,
                                                                                                    "extra_info": {
                                                                                                        "Function": "READ_PARQUET",
                                                                                                        "Projections": [
                                                                                                            "id",
                                                                                                            "userid",
                                                                                                            "class"
                                                                                                        ],
                                                                                                        "Estimated Cardinality": "2321724"
                                                                                                    },
                                                                                                    "cumulative_cardinality": 2321724,
                                                                                                    "operator_type": "TABLE_SCAN",
                                                                                                    "operator_cardinality": 2321724,
                                                                                                    "cumulative_rows_scanned": 2321724,
                                                                                                    "operator_rows_scanned": 2321724,
                                                                                                    "operator_timing": 0.06630175499999993,
                                                                                                    "result_set_size": 23217240,
                                                                                                    "children": []
                                                                                                },
                                                                                                {
                                                                                                    "operator_name": "READ_PARQUET ",
                                                                                                    "cpu_time": 0.08257395100000005,
                                                                                                    "extra_info": {
                                                                                                        "Function": "READ_PARQUET",
                                                                                                        "Projections": [
                                                                                                            "id",
                                                                                                            "displayname"
                                                                                                        ],
                                                                                                        "Estimated Cardinality": "1260710"
                                                                                                    },
                                                                                                    "cumulative_cardinality": 1260710,
                                                                                                    "operator_type": "TABLE_SCAN",
                                                                                                    "operator_cardinality": 1260710,
                                                                                                    "cumulative_rows_scanned": 1260710,
                                                                                                    "operator_rows_scanned": 1260710,
                                                                                                    "operator_timing": 0.08257395100000005,
                                                                                                    "result_set_size": 25214200,
                                                                                                    "children": []
                                                                                                }
                                                                                            ]
                                                                                        }
                                                                                    ]
                                                                                }
                                                                            ]
                                                                        }
                                                                    ]
                                                                }
                                                            ]
                                                        }
                                                    ]
                                                }
                                            ]
                                        }
                                    ]
                                }
                            ]
                        }
                    ]
                }
            ]
        }
    ]
}