{
    "rows_returned": 9122,
    "query_name": "\nWITH UserStatistics AS (\n    SELECT \n        u.Id AS UserId,\n        u.DisplayName,\n        COUNT(DISTINCT p.Id) AS TotalPosts,\n        SUM(CASE WHEN p.PostTypeId = 1 THEN 1 ELSE 0 END) AS TotalQuestions,\n        SUM(CASE WHEN p.PostTypeId = 2 THEN 1 ELSE 0 END) AS TotalAnswers,\n        SUM(p.Score) AS TotalScore,\n        AVG(p.ViewCount) AS AvgViews,\n        MAX(p.CreationDate) AS LastPostDate\n    FROM \n        Users u\n    LEFT JOIN \n        Posts p ON u.Id = p.OwnerUserId\n    GROUP BY \n        u.Id, u.DisplayName\n),\nActiveUsers AS (\n    SELECT \n        us.UserId,\n        us.DisplayName,\n        us.TotalPosts,\n        us.TotalQuestions,\n        us.TotalAnswers,\n        us.TotalScore,\n        us.AvgViews,\n        us.LastPostDate\n    FROM \n        UserStatistics us\n    WHERE \n        us.TotalPosts > 5 AND \n        us.TotalScore > 100\n),\nRecentActivity AS (\n    SELECT \n        u.Id AS UserId,\n        u.DisplayName,\n        COUNT(c.Id) AS TotalComments,\n        MAX(c.CreationDate) AS LastCommentDate\n    FROM \n        Users u\n    LEFT JOIN \n        Comments c ON u.Id = c.UserId\n    GROUP BY \n        u.Id, u.DisplayName\n)\nSELECT \n    au.UserId,\n    au.DisplayName,\n    au.TotalPosts,\n    au.TotalQuestions,\n    au.TotalAnswers,\n    au.TotalScore,\n    au.AvgViews,\n    ra.TotalComments,\n    ra.LastCommentDate,\n    au.LastPostDate\nFROM \n    ActiveUsers au\nLEFT JOIN \n    RecentActivity ra ON au.UserId = ra.UserId\nORDER BY \n    au.TotalScore DESC, au.LastPostDate DESC;\n",
    "blocked_thread_time": 0.0,
    "cpu_time": 3.452077763000001,
    "extra_info": {},
    "cumulative_cardinality": 41981905,
    "cumulative_rows_scanned": 13613358,
    "result_set_size": 985176,
    "latency": 4.274183736,
    "children": [
        {
            "operator_name": "ORDER_BY",
            "cpu_time": 3.452077763000001,
            "extra_info": {
                "Order By": [
                    "au.TotalScore DESC",
                    "au.LastPostDate DESC"
                ]
            },
            "cumulative_cardinality": 41981905,
            "operator_type": "ORDER_BY",
            "operator_cardinality": 9122,
            "cumulative_rows_scanned": 13613358,
            "operator_rows_scanned": 0,
            "operator_timing": 0.0009433030000000002,
            "result_set_size": 985176,
            "children": [
                {
                    "operator_name": "PROJECTION",
                    "cpu_time": 3.451134460000001,
                    "extra_info": {
                        "Projections": [
                            "UserId",
                            "displayname",
                            "TotalPosts",
                            "TotalQuestions",
                            "TotalAnswers",
                            "TotalScore",
                            "AvgViews",
                            "TotalComments",
                            "LastCommentDate",
                            "LastPostDate"
                        ],
                        "Estimated Cardinality": "1260710"
                    },
                    "cumulative_cardinality": 41972783,
                    "operator_type": "PROJECTION",
                    "operator_cardinality": 9122,
                    "cumulative_rows_scanned": 13613358,
                    "operator_rows_scanned": 0,
                    "operator_timing": 0.00003513700000000001,
                    "result_set_size": 985176,
                    "children": [
                        {
                            "operator_name": "HASH_JOIN",
                            "cpu_time": 3.451099323000001,
                            "extra_info": {
                                "Join Type": "RIGHT",
                                "Conditions": "UserId = UserId",
                                "Estimated Cardinality": "1260710"
                            },
                            "cumulative_cardinality": 41963661,
                            "operator_type": "HASH_JOIN",
                            "operator_cardinality": 9122,
                            "cumulative_rows_scanned": 13613358,
                            "operator_rows_scanned": 0,
                            "operator_timing": 0.013267550999999989,
                            "result_set_size": 985176,
                            "children": [
                                {
                                    "operator_name": "PROJECTION",
                                    "cpu_time": 1.2483113940000017,
                                    "extra_info": {
                                        "Projections": [
                                            "UserId",
                                            "TotalComments",
                                            "LastCommentDate"
                                        ],
                                        "Estimated Cardinality": "1260710"
                                    },
                                    "cumulative_cardinality": 26589591,
                                    "operator_type": "PROJECTION",
                                    "operator_cardinality": 1260710,
                                    "cumulative_rows_scanned": 8502532,
                                    "operator_rows_scanned": 0,
                                    "operator_timing": 0.00010146899999999997,
                                    "result_set_size": 25214200,
                                    "children": [
                                        {
                                            "operator_name": "HASH_GROUP_BY",
                                            "cpu_time": 1.2482099250000016,
                                            "extra_info": {
                                                "Groups": [
                                                    "#0",
                                                    "#1"
                                                ],
                                                "Aggregates": [
                                                    "count(#2)",
                                                    "max(#3)"
                                                ],
                                                "Estimated Cardinality": "1260710"
                                            },
                                            "cumulative_cardinality": 25328881,
                                            "operator_type": "HASH_GROUP_BY",
                                            "operator_cardinality": 1260710,
                                            "cumulative_rows_scanned": 8502532,
                                            "operator_rows_scanned": 0,
                                            "operator_timing": 0.5407005770000006,
                                            "result_set_size": 45385560,
                                            "children": [
                                                {
                                                    "operator_name": "PROJECTION",
                                                    "cpu_time": 0.707509348000001,
                                                    "extra_info": {
                                                        "Projections": [
                                                            "id",
                                                            "displayname",
                                                            "id",
                                                            "creationdate"
                                                        ],
                                                        "Estimated Cardinality": "7241822"
                                                    },
                                                    "cumulative_cardinality": 24068171,
                                                    "operator_type": "PROJECTION",
                                                    "operator_cardinality": 7938360,
                                                    "cumulative_rows_scanned": 8502532,
                                                    "operator_rows_scanned": 0,
                                                    "operator_timing": 0.0013884749999999964,
                                                    "result_set_size": 254027520,
                                                    "children": [
                                                        {
                                                            "operator_name": "HASH_JOIN",
                                                            "cpu_time": 0.706120873000001,
                                                            "extra_info": {
                                                                "Join Type": "RIGHT",
                                                                "Conditions": "userid = id",
                                                                "Estimated Cardinality": "7241822"
                                                            },
                                                            "cumulative_cardinality": 16129811,
                                                            "operator_type": "HASH_JOIN",
                                                            "operator_cardinality": 7938360,
                                                            "cumulative_rows_scanned": 8502532,
                                                            "operator_rows_scanned": 0,
                                                            "operator_timing": 0.347295253000002,
                                                            "result_set_size": 254027520,
                                                            "children": [
                                                                {
                                                                    "operator_name": "READ_PARQUET ",
                                                                    "cpu_time": 0.281236674999999,
                                                                    "extra_info": {
                                                                        "Function": "READ_PARQUET",
                                                                        "Projections": [
                                                                            "id",
                                                                            "creationdate",
                                                                            "userid"
                                                                        ],
                                                                        "Estimated Cardinality": "7241822"
                                                                    },
                                                                    "cumulative_cardinality": 6930741,
                                                                    "operator_type": "TABLE_SCAN",
                                                                    "operator_cardinality": 6930741,
                                                                    "cumulative_rows_scanned": 7241822,
                                                                    "operator_rows_scanned": 7241822,
                                                                    "operator_timing": 0.281236674999999,
                                                                    "result_set_size": 110891856,
                                                                    "children": []
                                                                },
                                                                {
                                                                    "operator_name": "READ_PARQUET ",
                                                                    "cpu_time": 0.07758894500000002,
                                                                    "extra_info": {
                                                                        "Function": "READ_PARQUET",
                                                                        "Projections": [
                                                                            "id",
                                                                            "displayname"
                                                                        ],
                                                                        "Estimated Cardinality": "1260710"
                                                                    },
                                                                    "cumulative_cardinality": 1260710,
                                                                    "operator_type": "TABLE_SCAN",
                                                                    "operator_cardinality": 1260710,
                                                                    "cumulative_rows_scanned": 1260710,
                                                                    "operator_rows_scanned": 1260710,
                                                                    "operator_timing": 0.07758894500000002,
                                                                    "result_set_size": 25214200,
                                                                    "children": []
                                                                }
                                                            ]
                                                        }
                                                    ]
                                                }
                                            ]
                                        }
                                    ]
                                },
                                {
                                    "operator_name": "FILTER",
                                    "cpu_time": 2.189520377999999,
                                    "extra_info": {
                                        "Expression": "((TotalPosts > 5) AND (TotalScore > 100))",
                                        "Estimated Cardinality": "252142"
                                    },
                                    "cumulative_cardinality": 15364948,
                                    "operator_type": "FILTER",
                                    "operator_cardinality": 9122,
                                    "cumulative_rows_scanned": 5110826,
                                    "operator_rows_scanned": 0,
                                    "operator_timing": 0.0066831530000000024,
                                    "result_set_size": 839224,
                                    "children": [
                                        {
                                            "operator_name": "HASH_GROUP_BY",
                                            "cpu_time": 2.182837224999999,
                                            "extra_info": {
                                                "Groups": [
                                                    "#0",
                                                    "#1"
                                                ],
                                                "Aggregates": [
                                                    "count(DISTINCT #2)",
                                                    "sum(#3)",
                                                    "sum(#4)",
                                                    "sum(#5)",
                                                    "avg(#6)",
                                                    "max(#7)"
                                                ],
                                                "Estimated Cardinality": "1260710"
                                            },
                                            "cumulative_cardinality": 15355826,
                                            "operator_type": "HASH_GROUP_BY",
                                            "operator_cardinality": 1260710,
                                            "cumulative_rows_scanned": 5110826,
                                            "operator_rows_scanned": 0,
                                            "operator_timing": 1.5018002799999985,
                                            "result_set_size": 115985320,
                                            "children": [
                                                {
                                                    "operator_name": "PROJECTION",
                                                    "cpu_time": 0.6810369450000004,
                                                    "extra_info": {
                                                        "Projections": [
                                                            "id",
                                                            "displayname",
                                                            "id",
                                                            "CASE  WHEN ((posttypeid = 1)) THEN (1) ELSE 0 END",
                                                            "CASE  WHEN ((posttypeid = 2)) THEN (1) ELSE 0 END",
                                                            "score",
                                                            "viewcount",
                                                            "creationdate"
                                                        ],
                                                        "Estimated Cardinality": "3850116"
                                                    },
                                                    "cumulative_cardinality": 14095116,
                                                    "operator_type": "PROJECTION",
                                                    "operator_cardinality": 4574495,
                                                    "cumulative_rows_scanned": 5110826,
                                                    "operator_rows_scanned": 0,
                                                    "operator_timing": 0.049802215999999955,
                                                    "result_set_size": 219575760,
                                                    "children": [
                                                        {
                                                            "operator_name": "HASH_JOIN",
                                                            "cpu_time": 0.6312347290000004,
                                                            "extra_info": {
                                                                "Join Type": "RIGHT",
                                                                "Conditions": "owneruserid = id",
                                                                "Estimated Cardinality": "3850116"
                                                            },
                                                            "cumulative_cardinality": 9520621,
                                                            "operator_type": "HASH_JOIN",
                                                            "operator_cardinality": 4574495,
                                                            "cumulative_rows_scanned": 5110826,
                                                            "operator_rows_scanned": 0,
                                                            "operator_timing": 0.294158263,
                                                            "result_set_size": 192128790,
                                                            "children": [
                                                                {
                                                                    "operator_name": "READ_PARQUET ",
                                                                    "cpu_time": 0.25819297900000043,
                                                                    "extra_info": {
                                                                        "Function": "READ_PARQUET",
                                                                        "Projections": [
                                                                            "id",
                                                                            "posttypeid",
                                                                            "creationdate",
                                                                            "score",
                                                                            "viewcount",
                                                                            "owneruserid"
                                                                        ],
                                                                        "Estimated Cardinality": "3850116"
                                                                    },
                                                                    "cumulative_cardinality": 3685416,
                                                                    "operator_type": "TABLE_SCAN",
                                                                    "operator_cardinality": 3685416,
                                                                    "cumulative_rows_scanned": 3850116,
                                                                    "operator_rows_scanned": 3850116,
                                                                    "operator_timing": 0.25819297900000043,
                                                                    "result_set_size": 95820816,
                                                                    "children": []
                                                                },
                                                                {
                                                                    "operator_name": "READ_PARQUET ",
                                                                    "cpu_time": 0.07888348700000003,
                                                                    "extra_info": {
                                                                        "Function": "READ_PARQUET",
                                                                        "Projections": [
                                                                            "id",
                                                                            "displayname"
                                                                        ],
                                                                        "Estimated Cardinality": "1260710"
                                                                    },
                                                                    "cumulative_cardinality": 1260710,
                                                                    "operator_type": "TABLE_SCAN",
                                                                    "operator_cardinality": 1260710,
                                                                    "cumulative_rows_scanned": 1260710,
                                                                    "operator_rows_scanned": 1260710,
                                                                    "operator_timing": 0.07888348700000003,
                                                                    "result_set_size": 25214200,
                                                                    "children": []
                                                                }
                                                            ]
                                                        }
                                                    ]
                                                }
                                            ]
                                        }
                                    ]
                                }
                            ]
                        }
                    ]
                }
            ]
        }
    ]
}