{
    "rows_returned": 0,
    "query_name": "WITH UserActivity AS (\n    SELECT \n        u.Id AS UserId,\n        u.DisplayName,\n        COUNT(DISTINCT p.Id) AS PostCount,\n        SUM(CASE WHEN p.PostTypeId = 1 THEN 1 ELSE 0 END) AS Questions,\n        SUM(CASE WHEN p.PostTypeId = 2 THEN 1 ELSE 0 END) AS Answers,\n        SUM(CASE WHEN p.PostTypeId = 3 THEN 1 ELSE 0 END) AS Wikis,\n        SUM(CASE WHEN p.PostTypeId IN (4, 5) THEN 1 ELSE 0 END) AS TagWikis,\n        AVG(u.Reputation) AS AvgReputation,\n        MAX(p.CreationDate) AS LastActiveDate\n    FROM \n        Users u\n    LEFT JOIN \n        Posts p ON u.Id = p.OwnerUserId\n    WHERE \n        u.Reputation > 100\n    GROUP BY \n        u.Id, u.DisplayName\n),\nPostStatistics AS (\n    SELECT \n        p.Id AS PostId,\n        p.Title,\n        COALESCE(ph.Comment, 'No comment') AS LastEditComment,\n        COUNT(c.Id) AS CommentCount,\n        SUM(CASE WHEN v.VoteTypeId = 2 THEN 1 ELSE 0 END) AS Upvotes,\n        SUM(CASE WHEN v.VoteTypeId = 3 THEN 1 ELSE 0 END) AS Downvotes,\n        MAX(p.LastActivityDate) AS LastActivity\n    FROM \n        Posts p\n    LEFT JOIN \n        Comments c ON p.Id = c.PostId\n    LEFT JOIN \n        Votes v ON p.Id = v.PostId\n    LEFT JOIN \n        PostHistory ph ON ph.PostId = p.Id\n    WHERE \n        p.CreationDate >= cast('2024-10-01 12:34:56' as timestamp) - interval '1 year'\n    GROUP BY \n        p.Id, p.Title, ph.Comment\n),\nTopUsers AS (\n    SELECT \n        ua.UserId,\n        ua.DisplayName,\n        ua.PostCount,\n        ua.Questions,\n        ua.Answers,\n        ua.Wikis,\n        ua.TagWikis,\n        ua.AvgReputation,\n        ua.LastActiveDate,\n        ps.CommentCount,\n        ps.Upvotes,\n        ps.Downvotes\n    FROM \n        UserActivity ua\n    JOIN \n        PostStatistics ps ON ua.UserId = ps.PostId\n    ORDER BY \n        ua.PostCount DESC\n    LIMIT 10\n)\nSELECT \n    tu.DisplayName,\n    tu.PostCount,\n    tu.Questions,\n    tu.Answers,\n    tu.Wikis,\n    tu.TagWikis,\n    tu.AvgReputation,\n    tu.LastActiveDate,\n    ps.CommentCount,\n    ps.Upvotes,\n    ps.Downvotes\nFROM \n    TopUsers tu\nJOIN \n    PostStatistics ps ON tu.PostCount = ps.PostId\nORDER BY \n    tu.AvgReputation DESC;",
    "blocked_thread_time": 0.0,
    "cpu_time": 3.4804341760000006,
    "extra_info": {},
    "cumulative_cardinality": 35202368,
    "cumulative_rows_scanned": 40742101,
    "result_set_size": 0,
    "latency": 4.185411667,
    "children": [
        {
            "operator_name": "ORDER_BY",
            "cpu_time": 3.4804341760000006,
            "extra_info": {
                "Order By": "tu.AvgReputation DESC"
            },
            "cumulative_cardinality": 35202368,
            "operator_type": "ORDER_BY",
            "operator_cardinality": 0,
            "cumulative_rows_scanned": 40742101,
            "operator_rows_scanned": 0,
            "operator_timing": 7e-8,
            "result_set_size": 0,
            "children": [
                {
                    "operator_name": "PROJECTION",
                    "cpu_time": 3.4804341060000006,
                    "extra_info": {
                        "Projections": [
                            "displayname",
                            "PostCount",
                            "Questions",
                            "Answers",
                            "Wikis",
                            "TagWikis",
                            "AvgReputation",
                            "LastActiveDate",
                            "CommentCount",
                            "Upvotes",
                            "Downvotes"
                        ],
                        "Estimated Cardinality": "3850116"
                    },
                    "cumulative_cardinality": 35202368,
                    "operator_type": "PROJECTION",
                    "operator_cardinality": 0,
                    "cumulative_rows_scanned": 40742101,
                    "operator_rows_scanned": 0,
                    "operator_timing": 0.0,
                    "result_set_size": 0,
                    "children": [
                        {
                            "operator_name": "CTE",
                            "cpu_time": 3.4804341060000006,
                            "extra_info": {
                                "CTE Name": "PostStatistics",
                                "Table Index": "0"
                            },
                            "cumulative_cardinality": 35202368,
                            "operator_type": "CTE",
                            "operator_cardinality": 0,
                            "cumulative_rows_scanned": 40742101,
                            "operator_rows_scanned": 0,
                            "operator_timing": 0.011805949,
                            "result_set_size": 0,
                            "children": [
                                {
                                    "operator_name": "PROJECTION",
                                    "cpu_time": 2.1694404680000003,
                                    "extra_info": {
                                        "Projections": [
                                            "PostId",
                                            "title",
                                            "LastEditComment",
                                            "CommentCount",
                                            "Upvotes",
                                            "Downvotes",
                                            "LastActivity"
                                        ],
                                        "Estimated Cardinality": "3850116"
                                    },
                                    "cumulative_cardinality": 24240500,
                                    "operator_type": "PROJECTION",
                                    "operator_cardinality": 304132,
                                    "cumulative_rows_scanned": 35631275,
                                    "operator_rows_scanned": 0,
                                    "operator_timing": 0.003779211000000001,
                                    "result_set_size": 25547088,
                                    "children": [
                                        {
                                            "operator_name": "HASH_GROUP_BY",
                                            "cpu_time": 2.1656612570000005,
                                            "extra_info": {
                                                "Groups": [
                                                    "#0",
                                                    "#1",
                                                    "#2"
                                                ],
                                                "Aggregates": [
                                                    "count(#3)",
                                                    "sum(#4)",
                                                    "sum(#5)",
                                                    "max(#6)"
                                                ],
                                                "Estimated Cardinality": "3850116"
                                            },
                                            "cumulative_cardinality": 23936368,
                                            "operator_type": "HASH_GROUP_BY",
                                            "operator_cardinality": 304132,
                                            "cumulative_rows_scanned": 35631275,
                                            "operator_rows_scanned": 0,
                                            "operator_timing": 0.3938805079999997,
                                            "result_set_size": 25547088,
                                            "children": [
                                                {
                                                    "operator_name": "PROJECTION",
                                                    "cpu_time": 1.7717807490000006,
                                                    "extra_info": {
                                                        "Projections": [
                                                            "id",
                                                            "title",
                                                            "comment",
                                                            "id",
                                                            "CASE  WHEN ((votetypeid = 2)) THEN (1) ELSE 0 END",
                                                            "CASE  WHEN ((votetypeid = 3)) THEN (1) ELSE 0 END",
                                                            "lastactivitydate"
                                                        ],
                                                        "Estimated Cardinality": "12744093"
                                                    },
                                                    "cumulative_cardinality": 23632236,
                                                    "operator_type": "PROJECTION",
                                                    "operator_cardinality": 4828945,
                                                    "cumulative_rows_scanned": 35631275,
                                                    "operator_rows_scanned": 0,
                                                    "operator_timing": 0.03715159599999996,
                                                    "result_set_size": 270420920,
                                                    "children": [
                                                        {
                                                            "operator_name": "HASH_JOIN",
                                                            "cpu_time": 1.7346291530000006,
                                                            "extra_info": {
                                                                "Join Type": "LEFT",
                                                                "Conditions": "id = postid",
                                                                "Estimated Cardinality": "12744093"
                                                            },
                                                            "cumulative_cardinality": 18803291,
                                                            "operator_type": "HASH_JOIN",
                                                            "operator_cardinality": 4828945,
                                                            "cumulative_rows_scanned": 35631275,
                                                            "operator_rows_scanned": 0,
                                                            "operator_timing": 1.0562964830000006,
                                                            "result_set_size": 241447250,
                                                            "children": [
                                                                {
                                                                    "operator_name": "HASH_JOIN",
                                                                    "cpu_time": 0.21056056899999998,
                                                                    "extra_info": {
                                                                        "Join Type": "RIGHT",
                                                                        "Conditions": "postid = id",
                                                                        "Estimated Cardinality": "12744093"
                                                                    },
                                                                    "cumulative_cardinality": 2179102,
                                                                    "operator_type": "HASH_JOIN",
                                                                    "operator_cardinality": 954760,
                                                                    "cumulative_rows_scanned": 23836031,
                                                                    "operator_rows_scanned": 0,
                                                                    "operator_timing": 0.07474956699999998,
                                                                    "result_set_size": 32461840,
                                                                    "children": [
                                                                        {
                                                                            "operator_name": "READ_PARQUET ",
                                                                            "cpu_time": 0.018628019000000016,
                                                                            "extra_info": {
                                                                                "Function": "READ_PARQUET",
                                                                                "Projections": [
                                                                                    "postid",
                                                                                    "votetypeid"
                                                                                ],
                                                                                "Estimated Cardinality": "12744093"
                                                                            },
                                                                            "cumulative_cardinality": 442526,
                                                                            "operator_type": "TABLE_SCAN",
                                                                            "operator_cardinality": 442526,
                                                                            "cumulative_rows_scanned": 12744093,
                                                                            "operator_rows_scanned": 12744093,
                                                                            "operator_timing": 0.018628019000000016,
                                                                            "result_set_size": 2655156,
                                                                            "children": []
                                                                        },
                                                                        {
                                                                            "operator_name": "HASH_JOIN",
                                                                            "cpu_time": 0.11718298299999999,
                                                                            "extra_info": {
                                                                                "Join Type": "RIGHT",
                                                                                "Conditions": "postid = id",
                                                                                "Estimated Cardinality": "7241822"
                                                                            },
                                                                            "cumulative_cardinality": 781816,
                                                                            "operator_type": "HASH_JOIN",
                                                                            "operator_cardinality": 349210,
                                                                            "cumulative_rows_scanned": 11091938,
                                                                            "operator_rows_scanned": 0,
                                                                            "operator_timing": 0.02719198699999999,
                                                                            "result_set_size": 11174720,
                                                                            "children": [
                                                                                {
                                                                                    "operator_name": "READ_PARQUET ",
                                                                                    "cpu_time": 0.015567743999999994,
                                                                                    "extra_info": {
                                                                                        "Function": "READ_PARQUET",
                                                                                        "Projections": [
                                                                                            "id",
                                                                                            "postid"
                                                                                        ],
                                                                                        "Estimated Cardinality": "7241822"
                                                                                    },
                                                                                    "cumulative_cardinality": 287064,
                                                                                    "operator_type": "TABLE_SCAN",
                                                                                    "operator_cardinality": 287064,
                                                                                    "cumulative_rows_scanned": 7241822,
                                                                                    "operator_rows_scanned": 7241822,
                                                                                    "operator_timing": 0.015567743999999994,
                                                                                    "result_set_size": 2296512,
                                                                                    "children": []
                                                                                },
                                                                                {
                                                                                    "operator_name": "READ_PARQUET ",
                                                                                    "cpu_time": 0.07442325200000001,
                                                                                    "extra_info": {
                                                                                        "Function": "READ_PARQUET",
                                                                                        "Projections": [
                                                                                            "id",
                                                                                            "lastactivitydate",
                                                                                            "title"
                                                                                        ],
                                                                                        "Filters": "creationdate>='2023-10-01 12:34:56'::TIMESTAMP",
                                                                                        "Estimated Cardinality": "770023"
                                                                                    },
                                                                                    "cumulative_cardinality": 145542,
                                                                                    "operator_type": "TABLE_SCAN",
                                                                                    "operator_cardinality": 145542,
                                                                                    "cumulative_rows_scanned": 3850116,
                                                                                    "operator_rows_scanned": 3850116,
                                                                                    "operator_timing": 0.07442325200000001,
                                                                                    "result_set_size": 4075176,
                                                                                    "children": []
                                                                                }
                                                                            ]
                                                                        }
                                                                    ]
                                                                },
                                                                {
                                                                    "operator_name": "READ_PARQUET ",
                                                                    "cpu_time": 0.4677721010000001,
                                                                    "extra_info": {
                                                                        "Function": "READ_PARQUET",
                                                                        "Projections": [
                                                                            "postid",
                                                                            "comment"
                                                                        ],
                                                                        "Estimated Cardinality": "11795244"
                                                                    },
                                                                    "cumulative_cardinality": 11795244,
                                                                    "operator_type": "TABLE_SCAN",
                                                                    "operator_cardinality": 11795244,
                                                                    "cumulative_rows_scanned": 11795244,
                                                                    "operator_rows_scanned": 11795244,
                                                                    "operator_timing": 0.4677721010000001,
                                                                    "result_set_size": 235904880,
                                                                    "children": []
                                                                }
                                                            ]
                                                        }
                                                    ]
                                                }
                                            ]
                                        }
                                    ]
                                },
                                {
                                    "operator_name": "HASH_JOIN",
                                    "cpu_time": 1.2991876890000003,
                                    "extra_info": {
                                        "Join Type": "INNER",
                                        "Conditions": "CAST(PostId AS BIGINT) = PostCount",
                                        "Estimated Cardinality": "30"
                                    },
                                    "cumulative_cardinality": 10961868,
                                    "operator_type": "HASH_JOIN",
                                    "operator_cardinality": 0,
                                    "cumulative_rows_scanned": 5110826,
                                    "operator_rows_scanned": 0,
                                    "operator_timing": 0.000043991,
                                    "result_set_size": 0,
                                    "children": [
                                        {
                                            "operator_name": "CTE_SCAN",
                                            "cpu_time": 0.000011813,
                                            "extra_info": {
                                                "CTE Index": "0",
                                                "Estimated Cardinality": "3850116"
                                            },
                                            "cumulative_cardinality": 2048,
                                            "operator_type": "CTE_SCAN",
                                            "operator_cardinality": 2048,
                                            "cumulative_rows_scanned": 0,
                                            "operator_rows_scanned": 0,
                                            "operator_timing": 0.000011813,
                                            "result_set_size": 172032,
                                            "children": []
                                        },
                                        {
                                            "operator_name": "STREAMING_LIMIT",
                                            "cpu_time": 1.2991318850000002,
                                            "extra_info": {},
                                            "cumulative_cardinality": 10959820,
                                            "operator_type": "STREAMING_LIMIT",
                                            "operator_cardinality": 0,
                                            "cumulative_rows_scanned": 5110826,
                                            "operator_rows_scanned": 0,
                                            "operator_timing": 0.0,
                                            "result_set_size": 0,
                                            "children": [
                                                {
                                                    "operator_name": "ORDER_BY",
                                                    "cpu_time": 1.2991318850000002,
                                                    "extra_info": {
                                                        "Order By": "ua.PostCount DESC"
                                                    },
                                                    "cumulative_cardinality": 10959820,
                                                    "operator_type": "ORDER_BY",
                                                    "operator_cardinality": 0,
                                                    "cumulative_rows_scanned": 5110826,
                                                    "operator_rows_scanned": 0,
                                                    "operator_timing": 9e-8,
                                                    "result_set_size": 0,
                                                    "children": [
                                                        {
                                                            "operator_name": "PROJECTION",
                                                            "cpu_time": 1.2991317950000003,
                                                            "extra_info": {
                                                                "Projections": [
                                                                    "UserId",
                                                                    "displayname",
                                                                    "PostCount",
                                                                    "Questions",
                                                                    "Answers",
                                                                    "Wikis",
                                                                    "TagWikis",
                                                                    "AvgReputation",
                                                                    "LastActiveDate",
                                                                    "CommentCount",
                                                                    "Upvotes",
                                                                    "Downvotes"
                                                                ],
                                                                "Estimated Cardinality": "3850116"
                                                            },
                                                            "cumulative_cardinality": 10959820,
                                                            "operator_type": "PROJECTION",
                                                            "operator_cardinality": 0,
                                                            "cumulative_rows_scanned": 5110826,
                                                            "operator_rows_scanned": 0,
                                                            "operator_timing": 0.0,
                                                            "result_set_size": 0,
                                                            "children": [
                                                                {
                                                                    "operator_name": "HASH_JOIN",
                                                                    "cpu_time": 1.2991317950000003,
                                                                    "extra_info": {
                                                                        "Join Type": "INNER",
                                                                        "Conditions": "PostId = UserId",
                                                                        "Estimated Cardinality": "3850116"
                                                                    },
                                                                    "cumulative_cardinality": 10959820,
                                                                    "operator_type": "HASH_JOIN",
                                                                    "operator_cardinality": 0,
                                                                    "cumulative_rows_scanned": 5110826,
                                                                    "operator_rows_scanned": 0,
                                                                    "operator_timing": 0.016618516,
                                                                    "result_set_size": 0,
                                                                    "children": [
                                                                        {
                                                                            "operator_name": "CTE_SCAN",
                                                                            "cpu_time": 0.002097531,
                                                                            "extra_info": {
                                                                                "CTE Index": "0",
                                                                                "Estimated Cardinality": "3850116"
                                                                            },
                                                                            "cumulative_cardinality": 304132,
                                                                            "operator_type": "CTE_SCAN",
                                                                            "operator_cardinality": 304132,
                                                                            "cumulative_rows_scanned": 0,
                                                                            "operator_rows_scanned": 0,
                                                                            "operator_timing": 0.002097531,
                                                                            "result_set_size": 25547088,
                                                                            "children": []
                                                                        },
                                                                        {
                                                                            "operator_name": "HASH_GROUP_BY",
                                                                            "cpu_time": 1.2804157480000002,
                                                                            "extra_info": {
                                                                                "Groups": [
                                                                                    "#0",
                                                                                    "#1"
                                                                                ],
                                                                                "Aggregates": [
                                                                                    "count(DISTINCT #2)",
                                                                                    "sum(#3)",
                                                                                    "sum(#4)",
                                                                                    "sum(#5)",
                                                                                    "sum(#6)",
                                                                                    "avg(#7)",
                                                                                    "max(#8)"
                                                                                ],
                                                                                "Estimated Cardinality": "1260710"
                                                                            },
                                                                            "cumulative_cardinality": 10655688,
                                                                            "operator_type": "HASH_GROUP_BY",
                                                                            "operator_cardinality": 194389,
                                                                            "cumulative_rows_scanned": 5110826,
                                                                            "operator_rows_scanned": 0,
                                                                            "operator_timing": 0.7735125999999994,
                                                                            "result_set_size": 20994012,
                                                                            "children": [
                                                                                {
                                                                                    "operator_name": "PROJECTION",
                                                                                    "cpu_time": 0.5069031480000008,
                                                                                    "extra_info": {
                                                                                        "Projections": [
                                                                                            "id",
                                                                                            "displayname",
                                                                                            "id",
                                                                                            "CASE  WHEN ((posttypeid = 1)) THEN (1) ELSE 0 END",
                                                                                            "CASE  WHEN ((posttypeid = 2)) THEN (1) ELSE 0 END",
                                                                                            "CASE  WHEN ((posttypeid = 3)) THEN (1) ELSE 0 END",
                                                                                            "CASE  WHEN ((posttypeid IN (4, 5))) THEN (1) ELSE 0 END",
                                                                                            "reputation",
                                                                                            "creationdate"
                                                                                        ],
                                                                                        "Estimated Cardinality": "3850116"
                                                                                    },
                                                                                    "cumulative_cardinality": 10461299,
                                                                                    "operator_type": "PROJECTION",
                                                                                    "operator_cardinality": 3291048,
                                                                                    "cumulative_rows_scanned": 5110826,
                                                                                    "operator_rows_scanned": 0,
                                                                                    "operator_timing": 0.0767383,
                                                                                    "result_set_size": 171134496,
                                                                                    "children": [
                                                                                        {
                                                                                            "operator_name": "HASH_JOIN",
                                                                                            "cpu_time": 0.43016484800000077,
                                                                                            "extra_info": {
                                                                                                "Join Type": "RIGHT",
                                                                                                "Conditions": "owneruserid = id",
                                                                                                "Estimated Cardinality": "3850116"
                                                                                            },
                                                                                            "cumulative_cardinality": 7170251,
                                                                                            "operator_type": "HASH_JOIN",
                                                                                            "operator_cardinality": 3291048,
                                                                                            "cumulative_rows_scanned": 5110826,
                                                                                            "operator_rows_scanned": 0,
                                                                                            "operator_timing": 0.18365376600000038,
                                                                                            "result_set_size": 125059824,
                                                                                            "children": [
                                                                                                {
                                                                                                    "operator_name": "READ_PARQUET ",
                                                                                                    "cpu_time": 0.1764529400000003,
                                                                                                    "extra_info": {
                                                                                                        "Function": "READ_PARQUET",
                                                                                                        "Projections": [
                                                                                                            "id",
                                                                                                            "posttypeid",
                                                                                                            "creationdate",
                                                                                                            "owneruserid"
                                                                                                        ],
                                                                                                        "Estimated Cardinality": "3850116"
                                                                                                    },
                                                                                                    "cumulative_cardinality": 3684814,
                                                                                                    "operator_type": "TABLE_SCAN",
                                                                                                    "operator_cardinality": 3684814,
                                                                                                    "cumulative_rows_scanned": 3850116,
                                                                                                    "operator_rows_scanned": 3850116,
                                                                                                    "operator_timing": 0.1764529400000003,
                                                                                                    "result_set_size": 66326652,
                                                                                                    "children": []
                                                                                                },
                                                                                                {
                                                                                                    "operator_name": "READ_PARQUET ",
                                                                                                    "cpu_time": 0.07005814200000006,
                                                                                                    "extra_info": {
                                                                                                        "Function": "READ_PARQUET",
                                                                                                        "Projections": [
                                                                                                            "id",
                                                                                                            "reputation",
                                                                                                            "displayname"
                                                                                                        ],
                                                                                                        "Filters": "reputation>100",
                                                                                                        "Estimated Cardinality": "252142"
                                                                                                    },
                                                                                                    "cumulative_cardinality": 194389,
                                                                                                    "operator_type": "TABLE_SCAN",
                                                                                                    "operator_cardinality": 194389,
                                                                                                    "cumulative_rows_scanned": 1260710,
                                                                                                    "operator_rows_scanned": 1260710,
                                                                                                    "operator_timing": 0.07005814200000006,
                                                                                                    "result_set_size": 4665336,
                                                                                                    "children": []
                                                                                                }
                                                                                            ]
                                                                                        }
                                                                                    ]
                                                                                }
                                                                            ]
                                                                        }
                                                                    ]
                                                                }
                                                            ]
                                                        }
                                                    ]
                                                }
                                            ]
                                        }
                                    ]
                                }
                            ]
                        }
                    ]
                }
            ]
        }
    ]
}