{
    "rows_returned": 10,
    "query_name": "WITH PostStats AS (\n    SELECT \n        p.OwnerUserId,\n        COUNT(CASE WHEN p.PostTypeId = 1 THEN 1 END) AS QuestionCount,\n        COUNT(CASE WHEN p.PostTypeId = 2 THEN 1 END) AS AnswerCount,\n        SUM(p.Score) AS TotalScore,\n        SUM(p.ViewCount) AS TotalViews,\n        MAX(p.CreationDate) AS LatestPostDate\n    FROM \n        Posts p\n    JOIN \n        Users u ON p.OwnerUserId = u.Id\n    WHERE \n        u.Reputation > 1000\n    GROUP BY \n        p.OwnerUserId\n),\nBadgeCounts AS (\n    SELECT \n        UserId,\n        COUNT(*) AS BadgeCount\n    FROM \n        Badges\n    GROUP BY \n        UserId\n),\nFinalStats AS (\n    SELECT \n        ps.OwnerUserId,\n        ps.QuestionCount,\n        ps.AnswerCount,\n        ps.TotalScore,\n        ps.TotalViews,\n        ps.LatestPostDate,\n        COALESCE(bc.BadgeCount, 0) AS BadgeCount\n    FROM \n        PostStats ps\n    LEFT JOIN \n        BadgeCounts bc ON ps.OwnerUserId = bc.UserId\n)\nSELECT \n    u.DisplayName,\n    fs.QuestionCount,\n    fs.AnswerCount,\n    fs.TotalScore,\n    fs.TotalViews,\n    fs.LatestPostDate,\n    fs.BadgeCount\nFROM \n    FinalStats fs\nJOIN \n    Users u ON fs.OwnerUserId = u.Id\nORDER BY \n    fs.TotalScore DESC, fs.QuestionCount DESC\nLIMIT 10;\n",
    "blocked_thread_time": 0.0,
    "cpu_time": 0.6367006609999998,
    "extra_info": {},
    "cumulative_cardinality": 15012097,
    "cumulative_rows_scanned": 8693260,
    "result_set_size": 800,
    "latency": 0.698664789,
    "children": [
        {
            "operator_name": "STREAMING_LIMIT",
            "cpu_time": 0.6367006609999998,
            "extra_info": {},
            "cumulative_cardinality": 15012097,
            "operator_type": "STREAMING_LIMIT",
            "operator_cardinality": 10,
            "cumulative_rows_scanned": 8693260,
            "operator_rows_scanned": 0,
            "operator_timing": 0.000002194,
            "result_set_size": 800,
            "children": [
                {
                    "operator_name": "ORDER_BY",
                    "cpu_time": 0.6366984669999998,
                    "extra_info": {
                        "Order By": [
                            "fs.TotalScore DESC",
                            "fs.QuestionCount DESC"
                        ]
                    },
                    "cumulative_cardinality": 15012087,
                    "operator_type": "ORDER_BY",
                    "operator_cardinality": 4096,
                    "cumulative_rows_scanned": 8693260,
                    "operator_rows_scanned": 0,
                    "operator_timing": 0.001275286,
                    "result_set_size": 327680,
                    "children": [
                        {
                            "operator_name": "PROJECTION",
                            "cpu_time": 0.6354231809999997,
                            "extra_info": {
                                "Projections": [
                                    "displayname",
                                    "QuestionCount",
                                    "AnswerCount",
                                    "TotalScore",
                                    "TotalViews",
                                    "LatestPostDate",
                                    "BadgeCount"
                                ],
                                "Estimated Cardinality": "1160862"
                            },
                            "cumulative_cardinality": 15007991,
                            "operator_type": "PROJECTION",
                            "operator_cardinality": 11214,
                            "cumulative_rows_scanned": 8693260,
                            "operator_rows_scanned": 0,
                            "operator_timing": 0.000014094000000000006,
                            "result_set_size": 897120,
                            "children": [
                                {
                                    "operator_name": "HASH_JOIN",
                                    "cpu_time": 0.6354090869999998,
                                    "extra_info": {
                                        "Join Type": "INNER",
                                        "Conditions": "owneruserid = id",
                                        "Estimated Cardinality": "1160862"
                                    },
                                    "cumulative_cardinality": 14996777,
                                    "operator_type": "HASH_JOIN",
                                    "operator_cardinality": 11214,
                                    "cumulative_rows_scanned": 8693260,
                                    "operator_rows_scanned": 0,
                                    "operator_timing": 0.08222757800000002,
                                    "result_set_size": 986832,
                                    "children": [
                                        {
                                            "operator_name": "PROJECTION",
                                            "cpu_time": 0.47038342699999963,
                                            "extra_info": {
                                                "Projections": [
                                                    "owneruserid",
                                                    "QuestionCount",
                                                    "AnswerCount",
                                                    "TotalScore",
                                                    "TotalViews",
                                                    "LatestPostDate",
                                                    "BadgeCount"
                                                ],
                                                "Estimated Cardinality": "1160862"
                                            },
                                            "cumulative_cardinality": 13724884,
                                            "operator_type": "PROJECTION",
                                            "operator_cardinality": 11214,
                                            "cumulative_rows_scanned": 7432550,
                                            "operator_rows_scanned": 0,
                                            "operator_timing": 0.0004887439999999999,
                                            "result_set_size": 762552,
                                            "children": [
                                                {
                                                    "operator_name": "HASH_JOIN",
                                                    "cpu_time": 0.46989468299999965,
                                                    "extra_info": {
                                                        "Join Type": "RIGHT",
                                                        "Conditions": "userid = owneruserid",
                                                        "Estimated Cardinality": "1160862"
                                                    },
                                                    "cumulative_cardinality": 13713670,
                                                    "operator_type": "HASH_JOIN",
                                                    "operator_cardinality": 11214,
                                                    "cumulative_rows_scanned": 7432550,
                                                    "operator_rows_scanned": 0,
                                                    "operator_timing": 0.006940409999999997,
                                                    "result_set_size": 762552,
                                                    "children": [
                                                        {
                                                            "operator_name": "HASH_GROUP_BY",
                                                            "cpu_time": 0.07528548900000001,
                                                            "extra_info": {
                                                                "Groups": "#0",
                                                                "Aggregates": "count_star()",
                                                                "Estimated Cardinality": "1160862"
                                                            },
                                                            "cumulative_cardinality": 5192469,
                                                            "operator_type": "HASH_GROUP_BY",
                                                            "operator_cardinality": 549021,
                                                            "cumulative_rows_scanned": 2321724,
                                                            "operator_rows_scanned": 0,
                                                            "operator_timing": 0.06158744600000002,
                                                            "result_set_size": 6588252,
                                                            "children": [
                                                                {
                                                                    "operator_name": "PROJECTION",
                                                                    "cpu_time": 0.013698042999999998,
                                                                    "extra_info": {
                                                                        "Projections": "userid",
                                                                        "Estimated Cardinality": "2321724"
                                                                    },
                                                                    "cumulative_cardinality": 4643448,
                                                                    "operator_type": "PROJECTION",
                                                                    "operator_cardinality": 2321724,
                                                                    "cumulative_rows_scanned": 2321724,
                                                                    "operator_rows_scanned": 0,
                                                                    "operator_timing": 0.00017279999999999954,
                                                                    "result_set_size": 9286896,
                                                                    "children": [
                                                                        {
                                                                            "operator_name": "READ_PARQUET ",
                                                                            "cpu_time": 0.013525243,
                                                                            "extra_info": {
                                                                                "Function": "READ_PARQUET",
                                                                                "Projections": "userid",
                                                                                "Estimated Cardinality": "2321724"
                                                                            },
                                                                            "cumulative_cardinality": 2321724,
                                                                            "operator_type": "TABLE_SCAN",
                                                                            "operator_cardinality": 2321724,
                                                                            "cumulative_rows_scanned": 2321724,
                                                                            "operator_rows_scanned": 2321724,
                                                                            "operator_timing": 0.013525243,
                                                                            "result_set_size": 9286896,
                                                                            "children": []
                                                                        }
                                                                    ]
                                                                }
                                                            ]
                                                        },
                                                        {
                                                            "operator_name": "HASH_GROUP_BY",
                                                            "cpu_time": 0.38766878399999966,
                                                            "extra_info": {
                                                                "Groups": "#0",
                                                                "Aggregates": [
                                                                    "count(#1)",
                                                                    "count(#2)",
                                                                    "sum(#3)",
                                                                    "sum(#4)",
                                                                    "max(#5)"
                                                                ],
                                                                "Estimated Cardinality": "385011"
                                                            },
                                                            "cumulative_cardinality": 8509987,
                                                            "operator_type": "HASH_GROUP_BY",
                                                            "operator_cardinality": 11214,
                                                            "cumulative_rows_scanned": 5110826,
                                                            "operator_rows_scanned": 0,
                                                            "operator_timing": 0.07269231499999985,
                                                            "result_set_size": 672840,
                                                            "children": [
                                                                {
                                                                    "operator_name": "PROJECTION",
                                                                    "cpu_time": 0.3149764689999998,
                                                                    "extra_info": {
                                                                        "Projections": [
                                                                            "owneruserid",
                                                                            "CASE  WHEN ((posttypeid = 1)) THEN (1) ELSE NULL END",
                                                                            "CASE  WHEN ((posttypeid = 2)) THEN (1) ELSE NULL END",
                                                                            "score",
                                                                            "viewcount",
                                                                            "creationdate"
                                                                        ],
                                                                        "Estimated Cardinality": "770023"
                                                                    },
                                                                    "cumulative_cardinality": 8498773,
                                                                    "operator_type": "PROJECTION",
                                                                    "operator_cardinality": 2396485,
                                                                    "cumulative_rows_scanned": 5110826,
                                                                    "operator_rows_scanned": 0,
                                                                    "operator_timing": 0.026793558000000068,
                                                                    "result_set_size": 67101580,
                                                                    "children": [
                                                                        {
                                                                            "operator_name": "HASH_JOIN",
                                                                            "cpu_time": 0.28818291099999976,
                                                                            "extra_info": {
                                                                                "Join Type": "INNER",
                                                                                "Conditions": "owneruserid = id",
                                                                                "Estimated Cardinality": "770023"
                                                                            },
                                                                            "cumulative_cardinality": 6102288,
                                                                            "operator_type": "HASH_JOIN",
                                                                            "operator_cardinality": 2396485,
                                                                            "cumulative_rows_scanned": 5110826,
                                                                            "operator_rows_scanned": 0,
                                                                            "operator_timing": 0.08424914299999954,
                                                                            "result_set_size": 62308610,
                                                                            "children": [
                                                                                {
                                                                                    "operator_name": "READ_PARQUET ",
                                                                                    "cpu_time": 0.18626771800000022,
                                                                                    "extra_info": {
                                                                                        "Function": "READ_PARQUET",
                                                                                        "Projections": [
                                                                                            "posttypeid",
                                                                                            "creationdate",
                                                                                            "score",
                                                                                            "viewcount",
                                                                                            "owneruserid"
                                                                                        ],
                                                                                        "Estimated Cardinality": "3850116"
                                                                                    },
                                                                                    "cumulative_cardinality": 3683373,
                                                                                    "operator_type": "TABLE_SCAN",
                                                                                    "operator_cardinality": 3683373,
                                                                                    "cumulative_rows_scanned": 3850116,
                                                                                    "operator_rows_scanned": 3850116,
                                                                                    "operator_timing": 0.18626771800000022,
                                                                                    "result_set_size": 81034206,
                                                                                    "children": []
                                                                                },
                                                                                {
                                                                                    "operator_name": "FILTER",
                                                                                    "cpu_time": 0.017666049999999992,
                                                                                    "extra_info": {
                                                                                        "Expression": "(id <= 1416539)",
                                                                                        "Estimated Cardinality": "252142"
                                                                                    },
                                                                                    "cumulative_cardinality": 22430,
                                                                                    "operator_type": "FILTER",
                                                                                    "operator_cardinality": 11215,
                                                                                    "cumulative_rows_scanned": 1260710,
                                                                                    "operator_rows_scanned": 0,
                                                                                    "operator_timing": 0.0003392319999999997,
                                                                                    "result_set_size": 44860,
                                                                                    "children": [
                                                                                        {
                                                                                            "operator_name": "READ_PARQUET ",
                                                                                            "cpu_time": 0.017326817999999994,
                                                                                            "extra_info": {
                                                                                                "Function": "READ_PARQUET",
                                                                                                "Projections": "id",
                                                                                                "Filters": "reputation>1000",
                                                                                                "Estimated Cardinality": "252142"
                                                                                            },
                                                                                            "cumulative_cardinality": 11215,
                                                                                            "operator_type": "TABLE_SCAN",
                                                                                            "operator_cardinality": 11215,
                                                                                            "cumulative_rows_scanned": 1260710,
                                                                                            "operator_rows_scanned": 1260710,
                                                                                            "operator_timing": 0.017326817999999994,
                                                                                            "result_set_size": 44860,
                                                                                            "children": []
                                                                                        }
                                                                                    ]
                                                                                }
                                                                            ]
                                                                        }
                                                                    ]
                                                                }
                                                            ]
                                                        }
                                                    ]
                                                }
                                            ]
                                        },
                                        {
                                            "operator_name": "READ_PARQUET ",
                                            "cpu_time": 0.0827980820000001,
                                            "extra_info": {
                                                "Function": "READ_PARQUET",
                                                "Projections": [
                                                    "id",
                                                    "displayname"
                                                ],
                                                "Filters": "id<=1416539",
                                                "Estimated Cardinality": "1260710"
                                            },
                                            "cumulative_cardinality": 1260679,
                                            "operator_type": "TABLE_SCAN",
                                            "operator_cardinality": 1260679,
                                            "cumulative_rows_scanned": 1260710,
                                            "operator_rows_scanned": 1260710,
                                            "operator_timing": 0.0827980820000001,
                                            "result_set_size": 25213580,
                                            "children": []
                                        }
                                    ]
                                }
                            ]
                        }
                    ]
                }
            ]
        }
    ]
}